Starting process manager for SLURM_ARRAY_TASK_ID: 1 with 2 jobs
Waiting for all 2 background processes to complete...
[Sat Aug 23 00:09:24 UTC 2025] Launching process for ID: 2 168
[Sat Aug 23 00:09:24 UTC 2025] Launching process for ID: 3 168
[Sat Aug 23 00:10:04 UTC 2025] Launching process for ID: 2 168
[Sat Aug 23 00:10:04 UTC 2025] Launching process for ID: 3 168
[Sat Aug 23 00:11:13 UTC 2025] Launching process for ID: 2 168
[Sat Aug 23 00:11:13 UTC 2025] Launching process for ID: 3 168
[Sat Aug 23 00:11:31 UTC 2025] Launching process for ID: 3 168
[Sat Aug 23 00:11:31 UTC 2025] Launching process for ID: 2 168
[Sat Aug 23 00:11:43 UTC 2025] Launching process for ID: 2 168
[Sat Aug 23 00:11:43 UTC 2025] Launching process for ID: 3 168
[Sat Aug 23 00:11:56 UTC 2025] Launching process for ID: 2 168
[Sat Aug 23 00:11:56 UTC 2025] Launching process for ID: 3 168
[Sat Aug 23 00:12:08 UTC 2025] Launching process for ID: 3 168
[Sat Aug 23 00:12:08 UTC 2025] Launching process for ID: 2 168
[Sat Aug 23 00:12:21 UTC 2025] Launching process for ID: 2 168
[Sat Aug 23 00:12:21 UTC 2025] Launching process for ID: 3 168
[Sat Aug 23 00:12:33 UTC 2025] Launching process for ID: 2 168
[Sat Aug 23 00:12:33 UTC 2025] Launching process for ID: 3 168
[Sat Aug 23 00:12:46 UTC 2025] Launching process for ID: 3 168
[Sat Aug 23 00:12:46 UTC 2025] Launching process for ID: 2 168
[Sat Aug 23 00:13:14 UTC 2025] Launching process for ID: 2 168
[Sat Aug 23 00:13:14 UTC 2025] Launching process for ID: 3 168
[Sat Aug 23 00:13:34 UTC 2025] Launching process for ID: 3 168
[Sat Aug 23 00:13:35 UTC 2025] Launching process for ID: 2 168
[Sat Aug 23 00:13:54 UTC 2025] Launching process for ID: 3 168
[Sat Aug 23 00:13:55 UTC 2025] Launching process for ID: 2 168
[Sat Aug 23 00:14:20 UTC 2025] Launching process for ID: 3 168
[Sat Aug 23 00:14:20 UTC 2025] Launching process for ID: 2 168
[Sat Aug 23 00:14:42 UTC 2025] Launching process for ID: 2 168
[Sat Aug 23 00:14:42 UTC 2025] Launching process for ID: 3 168
[Sat Aug 23 00:14:54 UTC 2025] Launching process for ID: 2 168
[Sat Aug 23 00:14:54 UTC 2025] Launching process for ID: 3 168
[Sat Aug 23 00:15:26 UTC 2025] Launching process for ID: 2 168
[Sat Aug 23 00:15:26 UTC 2025] Launching process for ID: 3 168
[Sat Aug 23 00:16:19 UTC 2025] Launching process for ID: 2 168
[Sat Aug 23 00:16:20 UTC 2025] Launching process for ID: 3 168
[Sat Aug 23 00:16:41 UTC 2025] Launching process for ID: 3 168
[Sat Aug 23 00:16:41 UTC 2025] Launching process for ID: 2 168
[Sat Aug 23 00:16:56 UTC 2025] Launching process for ID: 3 168
[Sat Aug 23 00:16:56 UTC 2025] Launching process for ID: 2 168
[Sat Aug 23 00:17:09 UTC 2025] Launching process for ID: 2 168
[Sat Aug 23 00:17:09 UTC 2025] Launching process for ID: 3 168
[Sat Aug 23 00:17:23 UTC 2025] Launching process for ID: 3 168
[Sat Aug 23 00:17:23 UTC 2025] Launching process for ID: 2 168
[Sat Aug 23 00:17:37 UTC 2025] Launching process for ID: 3 168
[Sat Aug 23 00:17:37 UTC 2025] Launching process for ID: 2 168
[Sat Aug 23 00:17:53 UTC 2025] Launching process for ID: 3 168
[Sat Aug 23 00:17:53 UTC 2025] Launching process for ID: 2 168
[Sat Aug 23 00:18:07 UTC 2025] Launching process for ID: 2 168
[Sat Aug 23 00:18:07 UTC 2025] Launching process for ID: 3 168
[Sat Aug 23 00:18:20 UTC 2025] Launching process for ID: 2 168
[Sat Aug 23 00:18:20 UTC 2025] Launching process for ID: 3 168
[Sat Aug 23 00:18:33 UTC 2025] Launching process for ID: 2 168
[Sat Aug 23 00:18:33 UTC 2025] Launching process for ID: 3 168
[Sat Aug 23 00:18:46 UTC 2025] Launching process for ID: 2 168
[Sat Aug 23 00:18:46 UTC 2025] Launching process for ID: 3 168
[Sat Aug 23 00:37:53 UTC 2025] Success file found for ID: 3. Process complete.
[Sat Aug 23 00:42:35 UTC 2025] Success file found for ID: 2. Process complete.
All processes finished successfully. Exiting.
