Starting process manager for SLURM_ARRAY_TASK_ID: 27 with 2 jobs
Waiting for all 2 background processes to complete...
[Sat Aug 23 00:09:27 UTC 2025] Launching process for ID: 55 168
[Sat Aug 23 00:09:27 UTC 2025] Launching process for ID: 54 168
[Sat Aug 23 00:10:04 UTC 2025] Launching process for ID: 55 168
[Sat Aug 23 00:10:04 UTC 2025] Launching process for ID: 54 168
[Sat Aug 23 00:10:47 UTC 2025] Launching process for ID: 55 168
[Sat Aug 23 00:10:47 UTC 2025] Launching process for ID: 54 168
[Sat Aug 23 00:11:09 UTC 2025] Launching process for ID: 55 168
[Sat Aug 23 00:11:09 UTC 2025] Launching process for ID: 54 168
[Sat Aug 23 00:11:22 UTC 2025] Launching process for ID: 54 168
[Sat Aug 23 00:11:22 UTC 2025] Launching process for ID: 55 168
[Sat Aug 23 00:11:34 UTC 2025] Launching process for ID: 54 168
[Sat Aug 23 00:11:34 UTC 2025] Launching process for ID: 55 168
[Sat Aug 23 00:11:46 UTC 2025] Launching process for ID: 54 168
[Sat Aug 23 00:11:46 UTC 2025] Launching process for ID: 55 168
[Sat Aug 23 00:11:58 UTC 2025] Launching process for ID: 55 168
[Sat Aug 23 00:11:58 UTC 2025] Launching process for ID: 54 168
[Sat Aug 23 00:12:10 UTC 2025] Launching process for ID: 54 168
[Sat Aug 23 00:12:10 UTC 2025] Launching process for ID: 55 168
[Sat Aug 23 00:12:21 UTC 2025] Launching process for ID: 54 168
[Sat Aug 23 00:12:21 UTC 2025] Launching process for ID: 55 168
[Sat Aug 23 00:12:33 UTC 2025] Launching process for ID: 54 168
[Sat Aug 23 00:12:33 UTC 2025] Launching process for ID: 55 168
[Sat Aug 23 00:12:44 UTC 2025] Launching process for ID: 54 168
[Sat Aug 23 00:12:44 UTC 2025] Launching process for ID: 55 168
[Sat Aug 23 00:12:58 UTC 2025] Launching process for ID: 54 168
[Sat Aug 23 00:12:58 UTC 2025] Launching process for ID: 55 168
[Sat Aug 23 00:13:12 UTC 2025] Launching process for ID: 54 168
[Sat Aug 23 00:13:12 UTC 2025] Launching process for ID: 55 168
[Sat Aug 23 00:13:25 UTC 2025] Launching process for ID: 55 168
[Sat Aug 23 00:13:25 UTC 2025] Launching process for ID: 54 168
[Sat Aug 23 00:13:38 UTC 2025] Launching process for ID: 55 168
[Sat Aug 23 00:13:38 UTC 2025] Launching process for ID: 54 168
[Sat Aug 23 00:13:50 UTC 2025] Launching process for ID: 55 168
[Sat Aug 23 00:13:50 UTC 2025] Launching process for ID: 54 168
[Sat Aug 23 00:14:03 UTC 2025] Launching process for ID: 55 168
[Sat Aug 23 00:14:03 UTC 2025] Launching process for ID: 54 168
[Sat Aug 23 00:14:16 UTC 2025] Launching process for ID: 54 168
[Sat Aug 23 00:14:16 UTC 2025] Launching process for ID: 55 168
[Sat Aug 23 00:14:29 UTC 2025] Launching process for ID: 55 168
[Sat Aug 23 00:14:29 UTC 2025] Launching process for ID: 54 168
[Sat Aug 23 00:14:41 UTC 2025] Launching process for ID: 54 168
[Sat Aug 23 00:14:41 UTC 2025] Launching process for ID: 55 168
[Sat Aug 23 00:14:53 UTC 2025] Launching process for ID: 55 168
[Sat Aug 23 00:14:53 UTC 2025] Launching process for ID: 54 168
[Sat Aug 23 00:15:09 UTC 2025] Launching process for ID: 55 168
[Sat Aug 23 00:15:09 UTC 2025] Launching process for ID: 54 168
[Sat Aug 23 00:15:41 UTC 2025] Launching process for ID: 54 168
[Sat Aug 23 00:15:41 UTC 2025] Launching process for ID: 55 168
[Sat Aug 23 00:16:10 UTC 2025] Launching process for ID: 55 168
[Sat Aug 23 00:16:10 UTC 2025] Launching process for ID: 54 168
[Sat Aug 23 00:16:28 UTC 2025] Launching process for ID: 55 168
[Sat Aug 23 00:16:28 UTC 2025] Launching process for ID: 54 168
[Sat Aug 23 00:16:44 UTC 2025] Launching process for ID: 54 168
[Sat Aug 23 00:16:44 UTC 2025] Launching process for ID: 55 168
[Sat Aug 23 00:16:58 UTC 2025] Launching process for ID: 54 168
[Sat Aug 23 00:16:58 UTC 2025] Launching process for ID: 55 168
[Sat Aug 23 00:17:11 UTC 2025] Launching process for ID: 55 168
[Sat Aug 23 00:17:11 UTC 2025] Launching process for ID: 54 168
[Sat Aug 23 00:17:23 UTC 2025] Launching process for ID: 55 168
[Sat Aug 23 00:17:23 UTC 2025] Launching process for ID: 54 168
[Sat Aug 23 00:17:36 UTC 2025] Launching process for ID: 55 168
[Sat Aug 23 00:17:36 UTC 2025] Launching process for ID: 54 168
[Sat Aug 23 00:17:49 UTC 2025] Launching process for ID: 54 168
[Sat Aug 23 00:17:49 UTC 2025] Launching process for ID: 55 168
[Sat Aug 23 00:18:02 UTC 2025] Launching process for ID: 54 168
[Sat Aug 23 00:18:02 UTC 2025] Launching process for ID: 55 168
[Sat Aug 23 00:18:14 UTC 2025] Launching process for ID: 55 168
[Sat Aug 23 00:18:14 UTC 2025] Launching process for ID: 54 168
[Sat Aug 23 00:18:26 UTC 2025] Launching process for ID: 54 168
[Sat Aug 23 00:18:26 UTC 2025] Launching process for ID: 55 168
[Sat Aug 23 00:18:38 UTC 2025] Launching process for ID: 55 168
[Sat Aug 23 00:18:38 UTC 2025] Launching process for ID: 54 168
[Sat Aug 23 00:18:50 UTC 2025] Launching process for ID: 54 168
[Sat Aug 23 00:18:50 UTC 2025] Launching process for ID: 55 168
[Sat Aug 23 00:37:48 UTC 2025] Success file found for ID: 55. Process complete.
[Sat Aug 23 00:40:09 UTC 2025] Success file found for ID: 54. Process complete.
All processes finished successfully. Exiting.
