Starting process manager for SLURM_ARRAY_TASK_ID: 50 with 2 jobs
Waiting for all 2 background processes to complete...
[Sat Aug 23 00:10:09 UTC 2025] Launching process for ID: 101 168
[Sat Aug 23 00:10:09 UTC 2025] Launching process for ID: 100 168
[Sat Aug 23 00:11:26 UTC 2025] Launching process for ID: 100 168
[Sat Aug 23 00:11:26 UTC 2025] Launching process for ID: 101 168
[Sat Aug 23 00:11:40 UTC 2025] Launching process for ID: 101 168
[Sat Aug 23 00:11:40 UTC 2025] Launching process for ID: 100 168
[Sat Aug 23 00:11:53 UTC 2025] Launching process for ID: 101 168
[Sat Aug 23 00:11:53 UTC 2025] Launching process for ID: 100 168
[Sat Aug 23 00:12:07 UTC 2025] Launching process for ID: 100 168
[Sat Aug 23 00:12:07 UTC 2025] Launching process for ID: 101 168
[Sat Aug 23 00:12:22 UTC 2025] Launching process for ID: 101 168
[Sat Aug 23 00:12:22 UTC 2025] Launching process for ID: 100 168
[Sat Aug 23 00:12:35 UTC 2025] Launching process for ID: 101 168
[Sat Aug 23 00:12:35 UTC 2025] Launching process for ID: 100 168
[Sat Aug 23 00:12:48 UTC 2025] Launching process for ID: 101 168
[Sat Aug 23 00:12:48 UTC 2025] Launching process for ID: 100 168
[Sat Aug 23 00:13:17 UTC 2025] Launching process for ID: 101 168
[Sat Aug 23 00:13:17 UTC 2025] Launching process for ID: 100 168
[Sat Aug 23 00:13:43 UTC 2025] Launching process for ID: 101 168
[Sat Aug 23 00:13:43 UTC 2025] Launching process for ID: 100 168
[Sat Aug 23 00:14:08 UTC 2025] Launching process for ID: 100 168
[Sat Aug 23 00:14:08 UTC 2025] Launching process for ID: 101 168
[Sat Aug 23 00:14:37 UTC 2025] Launching process for ID: 101 168
[Sat Aug 23 00:14:37 UTC 2025] Launching process for ID: 100 168
[Sat Aug 23 00:14:50 UTC 2025] Launching process for ID: 101 168
[Sat Aug 23 00:14:50 UTC 2025] Launching process for ID: 100 168
[Sat Aug 23 00:15:07 UTC 2025] Launching process for ID: 101 168
[Sat Aug 23 00:15:08 UTC 2025] Launching process for ID: 100 168
[Sat Aug 23 00:16:33 UTC 2025] Launching process for ID: 101 168
[Sat Aug 23 00:16:34 UTC 2025] Launching process for ID: 100 168
[Sat Aug 23 00:17:03 UTC 2025] Launching process for ID: 100 168
[Sat Aug 23 00:17:03 UTC 2025] Launching process for ID: 101 168
[Sat Aug 23 00:17:23 UTC 2025] Launching process for ID: 100 168
[Sat Aug 23 00:17:23 UTC 2025] Launching process for ID: 101 168
[Sat Aug 23 00:17:41 UTC 2025] Launching process for ID: 101 168
[Sat Aug 23 00:17:41 UTC 2025] Launching process for ID: 100 168
[Sat Aug 23 00:18:04 UTC 2025] Launching process for ID: 101 168
[Sat Aug 23 00:18:04 UTC 2025] Launching process for ID: 100 168
[Sat Aug 23 00:18:24 UTC 2025] Launching process for ID: 100 168
[Sat Aug 23 00:18:24 UTC 2025] Launching process for ID: 101 168
[Sat Aug 23 00:18:45 UTC 2025] Launching process for ID: 101 168
[Sat Aug 23 00:18:45 UTC 2025] Launching process for ID: 100 168
[Sat Aug 23 00:37:54 UTC 2025] Success file found for ID: 101. Process complete.
[Sat Aug 23 00:41:04 UTC 2025] Success file found for ID: 100. Process complete.
All processes finished successfully. Exiting.
