Starting process manager for SLURM_ARRAY_TASK_ID: 29 with 2 jobs
Waiting for all 2 background processes to complete...
[Sat Aug 23 00:09:32 UTC 2025] Launching process for ID: 59 168
[Sat Aug 23 00:09:32 UTC 2025] Launching process for ID: 58 168
[Sat Aug 23 00:10:09 UTC 2025] Launching process for ID: 59 168
[Sat Aug 23 00:10:09 UTC 2025] Launching process for ID: 58 168
[Sat Aug 23 00:11:09 UTC 2025] Launching process for ID: 59 168
[Sat Aug 23 00:11:10 UTC 2025] Launching process for ID: 58 168
[Sat Aug 23 00:11:31 UTC 2025] Launching process for ID: 58 168
[Sat Aug 23 00:11:31 UTC 2025] Launching process for ID: 59 168
[Sat Aug 23 00:11:46 UTC 2025] Launching process for ID: 59 168
[Sat Aug 23 00:11:46 UTC 2025] Launching process for ID: 58 168
[Sat Aug 23 00:12:01 UTC 2025] Launching process for ID: 59 168
[Sat Aug 23 00:12:01 UTC 2025] Launching process for ID: 58 168
[Sat Aug 23 00:12:17 UTC 2025] Launching process for ID: 58 168
[Sat Aug 23 00:12:17 UTC 2025] Launching process for ID: 59 168
[Sat Aug 23 00:12:30 UTC 2025] Launching process for ID: 58 168
[Sat Aug 23 00:12:31 UTC 2025] Launching process for ID: 59 168
[Sat Aug 23 00:12:43 UTC 2025] Launching process for ID: 59 168
[Sat Aug 23 00:12:44 UTC 2025] Launching process for ID: 58 168
[Sat Aug 23 00:13:03 UTC 2025] Launching process for ID: 59 168
[Sat Aug 23 00:13:03 UTC 2025] Launching process for ID: 58 168
[Sat Aug 23 00:13:38 UTC 2025] Launching process for ID: 59 168
[Sat Aug 23 00:13:38 UTC 2025] Launching process for ID: 58 168
[Sat Aug 23 00:14:06 UTC 2025] Launching process for ID: 59 168
[Sat Aug 23 00:14:06 UTC 2025] Launching process for ID: 58 168
[Sat Aug 23 00:14:37 UTC 2025] Launching process for ID: 59 168
[Sat Aug 23 00:14:37 UTC 2025] Launching process for ID: 58 168
[Sat Aug 23 00:14:52 UTC 2025] Launching process for ID: 58 168
[Sat Aug 23 00:14:52 UTC 2025] Launching process for ID: 59 168
[Sat Aug 23 00:15:15 UTC 2025] Launching process for ID: 59 168
[Sat Aug 23 00:15:15 UTC 2025] Launching process for ID: 58 168
[Sat Aug 23 00:15:50 UTC 2025] Launching process for ID: 59 168
[Sat Aug 23 00:15:50 UTC 2025] Launching process for ID: 58 168
[Sat Aug 23 00:16:23 UTC 2025] Launching process for ID: 58 168
[Sat Aug 23 00:16:23 UTC 2025] Launching process for ID: 59 168
[Sat Aug 23 00:16:43 UTC 2025] Launching process for ID: 59 168
[Sat Aug 23 00:16:43 UTC 2025] Launching process for ID: 58 168
[Sat Aug 23 00:16:58 UTC 2025] Launching process for ID: 59 168
[Sat Aug 23 00:16:58 UTC 2025] Launching process for ID: 58 168
[Sat Aug 23 00:17:13 UTC 2025] Launching process for ID: 58 168
[Sat Aug 23 00:17:13 UTC 2025] Launching process for ID: 59 168
[Sat Aug 23 00:17:27 UTC 2025] Launching process for ID: 59 168
[Sat Aug 23 00:17:27 UTC 2025] Launching process for ID: 58 168
[Sat Aug 23 00:17:44 UTC 2025] Launching process for ID: 59 168
[Sat Aug 23 00:17:44 UTC 2025] Launching process for ID: 58 168
[Sat Aug 23 00:18:01 UTC 2025] Launching process for ID: 58 168
[Sat Aug 23 00:18:01 UTC 2025] Launching process for ID: 59 168
[Sat Aug 23 00:18:16 UTC 2025] Launching process for ID: 58 168
[Sat Aug 23 00:18:16 UTC 2025] Launching process for ID: 59 168
[Sat Aug 23 00:18:30 UTC 2025] Launching process for ID: 58 168
[Sat Aug 23 00:18:30 UTC 2025] Launching process for ID: 59 168
[Sat Aug 23 00:18:44 UTC 2025] Launching process for ID: 59 168
[Sat Aug 23 00:18:44 UTC 2025] Launching process for ID: 58 168
[Sat Aug 23 00:18:58 UTC 2025] Launching process for ID: 59 168
[Sat Aug 23 00:18:59 UTC 2025] Launching process for ID: 58 168
[Sat Aug 23 00:32:30 UTC 2025] Success file found for ID: 59. Process complete.
[Sat Aug 23 00:34:12 UTC 2025] Success file found for ID: 58. Process complete.
All processes finished successfully. Exiting.
