Starting process manager for SLURM_ARRAY_TASK_ID: 5 with 2 jobs
Waiting for all 2 background processes to complete...
[Sat Aug 23 00:09:24 UTC 2025] Launching process for ID: 11 168
[Sat Aug 23 00:09:24 UTC 2025] Launching process for ID: 10 168
[Sat Aug 23 00:10:04 UTC 2025] Launching process for ID: 11 168
[Sat Aug 23 00:10:04 UTC 2025] Launching process for ID: 10 168
[Sat Aug 23 00:11:10 UTC 2025] Launching process for ID: 11 168
[Sat Aug 23 00:11:10 UTC 2025] Launching process for ID: 10 168
[Sat Aug 23 00:11:27 UTC 2025] Launching process for ID: 11 168
[Sat Aug 23 00:11:27 UTC 2025] Launching process for ID: 10 168
[Sat Aug 23 00:11:41 UTC 2025] Launching process for ID: 10 168
[Sat Aug 23 00:11:41 UTC 2025] Launching process for ID: 11 168
[Sat Aug 23 00:11:55 UTC 2025] Launching process for ID: 11 168
[Sat Aug 23 00:11:55 UTC 2025] Launching process for ID: 10 168
[Sat Aug 23 00:12:09 UTC 2025] Launching process for ID: 10 168
[Sat Aug 23 00:12:09 UTC 2025] Launching process for ID: 11 168
[Sat Aug 23 00:12:23 UTC 2025] Launching process for ID: 11 168
[Sat Aug 23 00:12:23 UTC 2025] Launching process for ID: 10 168
[Sat Aug 23 00:12:36 UTC 2025] Launching process for ID: 11 168
[Sat Aug 23 00:12:37 UTC 2025] Launching process for ID: 10 168
[Sat Aug 23 00:12:51 UTC 2025] Launching process for ID: 10 168
[Sat Aug 23 00:12:51 UTC 2025] Launching process for ID: 11 168
[Sat Aug 23 00:13:11 UTC 2025] Launching process for ID: 11 168
[Sat Aug 23 00:13:11 UTC 2025] Launching process for ID: 10 168
[Sat Aug 23 00:13:31 UTC 2025] Launching process for ID: 10 168
[Sat Aug 23 00:13:32 UTC 2025] Launching process for ID: 11 168
[Sat Aug 23 00:13:47 UTC 2025] Launching process for ID: 10 168
[Sat Aug 23 00:13:47 UTC 2025] Launching process for ID: 11 168
[Sat Aug 23 00:14:03 UTC 2025] Launching process for ID: 11 168
[Sat Aug 23 00:14:04 UTC 2025] Launching process for ID: 10 168
[Sat Aug 23 00:14:23 UTC 2025] Launching process for ID: 11 168
[Sat Aug 23 00:14:23 UTC 2025] Launching process for ID: 10 168
[Sat Aug 23 00:14:38 UTC 2025] Launching process for ID: 11 168
[Sat Aug 23 00:14:39 UTC 2025] Launching process for ID: 10 168
[Sat Aug 23 00:14:52 UTC 2025] Launching process for ID: 11 168
[Sat Aug 23 00:14:52 UTC 2025] Launching process for ID: 10 168
[Sat Aug 23 00:15:20 UTC 2025] Launching process for ID: 10 168
[Sat Aug 23 00:15:20 UTC 2025] Launching process for ID: 11 168
[Sat Aug 23 00:16:19 UTC 2025] Launching process for ID: 10 168
[Sat Aug 23 00:16:19 UTC 2025] Launching process for ID: 11 168
[Sat Aug 23 00:16:37 UTC 2025] Launching process for ID: 10 168
[Sat Aug 23 00:16:38 UTC 2025] Launching process for ID: 11 168
[Sat Aug 23 00:16:54 UTC 2025] Launching process for ID: 10 168
[Sat Aug 23 00:16:54 UTC 2025] Launching process for ID: 11 168
[Sat Aug 23 00:17:08 UTC 2025] Launching process for ID: 11 168
[Sat Aug 23 00:17:08 UTC 2025] Launching process for ID: 10 168
[Sat Aug 23 00:17:23 UTC 2025] Launching process for ID: 11 168
[Sat Aug 23 00:17:23 UTC 2025] Launching process for ID: 10 168
[Sat Aug 23 00:17:38 UTC 2025] Launching process for ID: 11 168
[Sat Aug 23 00:17:38 UTC 2025] Launching process for ID: 10 168
[Sat Aug 23 00:17:55 UTC 2025] Launching process for ID: 10 168
[Sat Aug 23 00:17:56 UTC 2025] Launching process for ID: 11 168
[Sat Aug 23 00:18:10 UTC 2025] Launching process for ID: 10 168
[Sat Aug 23 00:18:10 UTC 2025] Launching process for ID: 11 168
[Sat Aug 23 00:18:24 UTC 2025] Launching process for ID: 11 168
[Sat Aug 23 00:18:24 UTC 2025] Launching process for ID: 10 168
[Sat Aug 23 00:18:39 UTC 2025] Launching process for ID: 10 168
[Sat Aug 23 00:18:39 UTC 2025] Launching process for ID: 11 168
[Sat Aug 23 00:18:53 UTC 2025] Launching process for ID: 10 168
[Sat Aug 23 00:18:53 UTC 2025] Launching process for ID: 11 168
[Sat Aug 23 00:36:08 UTC 2025] Success file found for ID: 10. Process complete.
[Sat Aug 23 00:42:25 UTC 2025] Success file found for ID: 11. Process complete.
All processes finished successfully. Exiting.
