Starting process manager for SLURM_ARRAY_TASK_ID: 7 with 2 jobs
Waiting for all 2 background processes to complete...
[Sat Aug 23 00:09:24 UTC 2025] Launching process for ID: 15 168
[Sat Aug 23 00:09:24 UTC 2025] Launching process for ID: 14 168
[Sat Aug 23 00:10:04 UTC 2025] Launching process for ID: 14 168
[Sat Aug 23 00:10:04 UTC 2025] Launching process for ID: 15 168
[Sat Aug 23 00:11:15 UTC 2025] Launching process for ID: 14 168
[Sat Aug 23 00:11:15 UTC 2025] Launching process for ID: 15 168
[Sat Aug 23 00:11:30 UTC 2025] Launching process for ID: 14 168
[Sat Aug 23 00:11:30 UTC 2025] Launching process for ID: 15 168
[Sat Aug 23 00:11:43 UTC 2025] Launching process for ID: 14 168
[Sat Aug 23 00:11:43 UTC 2025] Launching process for ID: 15 168
[Sat Aug 23 00:11:56 UTC 2025] Launching process for ID: 15 168
[Sat Aug 23 00:11:56 UTC 2025] Launching process for ID: 14 168
[Sat Aug 23 00:12:11 UTC 2025] Launching process for ID: 15 168
[Sat Aug 23 00:12:11 UTC 2025] Launching process for ID: 14 168
[Sat Aug 23 00:12:24 UTC 2025] Launching process for ID: 15 168
[Sat Aug 23 00:12:24 UTC 2025] Launching process for ID: 14 168
[Sat Aug 23 00:12:37 UTC 2025] Launching process for ID: 14 168
[Sat Aug 23 00:12:37 UTC 2025] Launching process for ID: 15 168
[Sat Aug 23 00:12:50 UTC 2025] Launching process for ID: 14 168
[Sat Aug 23 00:12:50 UTC 2025] Launching process for ID: 15 168
[Sat Aug 23 00:13:17 UTC 2025] Launching process for ID: 15 168
[Sat Aug 23 00:13:17 UTC 2025] Launching process for ID: 14 168
[Sat Aug 23 00:13:38 UTC 2025] Launching process for ID: 15 168
[Sat Aug 23 00:13:38 UTC 2025] Launching process for ID: 14 168
[Sat Aug 23 00:13:53 UTC 2025] Launching process for ID: 15 168
[Sat Aug 23 00:13:53 UTC 2025] Launching process for ID: 14 168
[Sat Aug 23 00:14:11 UTC 2025] Launching process for ID: 15 168
[Sat Aug 23 00:14:11 UTC 2025] Launching process for ID: 14 168
[Sat Aug 23 00:14:28 UTC 2025] Launching process for ID: 15 168
[Sat Aug 23 00:14:28 UTC 2025] Launching process for ID: 14 168
[Sat Aug 23 00:14:41 UTC 2025] Launching process for ID: 15 168
[Sat Aug 23 00:14:41 UTC 2025] Launching process for ID: 14 168
[Sat Aug 23 00:14:55 UTC 2025] Launching process for ID: 14 168
[Sat Aug 23 00:14:55 UTC 2025] Launching process for ID: 15 168
[Sat Aug 23 00:15:49 UTC 2025] Launching process for ID: 15 168
[Sat Aug 23 00:15:49 UTC 2025] Launching process for ID: 14 168
[Sat Aug 23 00:16:27 UTC 2025] Launching process for ID: 15 168
[Sat Aug 23 00:16:27 UTC 2025] Launching process for ID: 14 168
[Sat Aug 23 00:16:44 UTC 2025] Launching process for ID: 15 168
[Sat Aug 23 00:16:44 UTC 2025] Launching process for ID: 14 168
[Sat Aug 23 00:16:58 UTC 2025] Launching process for ID: 15 168
[Sat Aug 23 00:16:59 UTC 2025] Launching process for ID: 14 168
[Sat Aug 23 00:17:12 UTC 2025] Launching process for ID: 14 168
[Sat Aug 23 00:17:12 UTC 2025] Launching process for ID: 15 168
[Sat Aug 23 00:17:26 UTC 2025] Launching process for ID: 14 168
[Sat Aug 23 00:17:27 UTC 2025] Launching process for ID: 15 168
[Sat Aug 23 00:17:42 UTC 2025] Launching process for ID: 14 168
[Sat Aug 23 00:17:42 UTC 2025] Launching process for ID: 15 168
[Sat Aug 23 00:17:58 UTC 2025] Launching process for ID: 14 168
[Sat Aug 23 00:17:58 UTC 2025] Launching process for ID: 15 168
[Sat Aug 23 00:18:12 UTC 2025] Launching process for ID: 14 168
[Sat Aug 23 00:18:12 UTC 2025] Launching process for ID: 15 168
[Sat Aug 23 00:18:26 UTC 2025] Launching process for ID: 14 168
[Sat Aug 23 00:18:26 UTC 2025] Launching process for ID: 15 168
[Sat Aug 23 00:18:39 UTC 2025] Launching process for ID: 15 168
[Sat Aug 23 00:18:39 UTC 2025] Launching process for ID: 14 168
[Sat Aug 23 00:18:53 UTC 2025] Launching process for ID: 14 168
[Sat Aug 23 00:18:54 UTC 2025] Launching process for ID: 15 168
[Sat Aug 23 00:30:43 UTC 2025] Success file found for ID: 15. Process complete.
[Sat Aug 23 00:33:37 UTC 2025] Success file found for ID: 14. Process complete.
All processes finished successfully. Exiting.
