Starting process manager for SLURM_ARRAY_TASK_ID: 9 with 2 jobs
Waiting for all 2 background processes to complete...
[Sat Aug 23 00:09:30 UTC 2025] Launching process for ID: 19 168
[Sat Aug 23 00:09:30 UTC 2025] Launching process for ID: 18 168
[Sat Aug 23 00:10:04 UTC 2025] Launching process for ID: 19 168
[Sat Aug 23 00:10:04 UTC 2025] Launching process for ID: 18 168
[Sat Aug 23 00:10:45 UTC 2025] Launching process for ID: 18 168
[Sat Aug 23 00:10:45 UTC 2025] Launching process for ID: 19 168
[Sat Aug 23 00:11:07 UTC 2025] Launching process for ID: 19 168
[Sat Aug 23 00:11:07 UTC 2025] Launching process for ID: 18 168
[Sat Aug 23 00:11:22 UTC 2025] Launching process for ID: 19 168
[Sat Aug 23 00:11:22 UTC 2025] Launching process for ID: 18 168
[Sat Aug 23 00:11:35 UTC 2025] Launching process for ID: 18 168
[Sat Aug 23 00:11:35 UTC 2025] Launching process for ID: 19 168
[Sat Aug 23 00:11:48 UTC 2025] Launching process for ID: 19 168
[Sat Aug 23 00:11:48 UTC 2025] Launching process for ID: 18 168
[Sat Aug 23 00:12:01 UTC 2025] Launching process for ID: 19 168
[Sat Aug 23 00:12:02 UTC 2025] Launching process for ID: 18 168
[Sat Aug 23 00:12:14 UTC 2025] Launching process for ID: 18 168
[Sat Aug 23 00:12:15 UTC 2025] Launching process for ID: 19 168
[Sat Aug 23 00:12:26 UTC 2025] Launching process for ID: 18 168
[Sat Aug 23 00:12:26 UTC 2025] Launching process for ID: 19 168
[Sat Aug 23 00:12:39 UTC 2025] Launching process for ID: 18 168
[Sat Aug 23 00:12:39 UTC 2025] Launching process for ID: 19 168
[Sat Aug 23 00:12:51 UTC 2025] Launching process for ID: 18 168
[Sat Aug 23 00:12:52 UTC 2025] Launching process for ID: 19 168
[Sat Aug 23 00:13:09 UTC 2025] Launching process for ID: 19 168
[Sat Aug 23 00:13:09 UTC 2025] Launching process for ID: 18 168
[Sat Aug 23 00:13:27 UTC 2025] Launching process for ID: 19 168
[Sat Aug 23 00:13:27 UTC 2025] Launching process for ID: 18 168
[Sat Aug 23 00:13:43 UTC 2025] Launching process for ID: 19 168
[Sat Aug 23 00:13:43 UTC 2025] Launching process for ID: 18 168
[Sat Aug 23 00:13:58 UTC 2025] Launching process for ID: 18 168
[Sat Aug 23 00:13:59 UTC 2025] Launching process for ID: 19 168
[Sat Aug 23 00:14:17 UTC 2025] Launching process for ID: 18 168
[Sat Aug 23 00:14:17 UTC 2025] Launching process for ID: 19 168
[Sat Aug 23 00:14:33 UTC 2025] Launching process for ID: 18 168
[Sat Aug 23 00:14:34 UTC 2025] Launching process for ID: 19 168
[Sat Aug 23 00:14:46 UTC 2025] Launching process for ID: 19 168
[Sat Aug 23 00:14:46 UTC 2025] Launching process for ID: 18 168
[Sat Aug 23 00:14:59 UTC 2025] Launching process for ID: 19 168
[Sat Aug 23 00:14:59 UTC 2025] Launching process for ID: 18 168
[Sat Aug 23 00:15:25 UTC 2025] Launching process for ID: 19 168
[Sat Aug 23 00:15:25 UTC 2025] Launching process for ID: 18 168
[Sat Aug 23 00:16:01 UTC 2025] Launching process for ID: 18 168
[Sat Aug 23 00:16:01 UTC 2025] Launching process for ID: 19 168
[Sat Aug 23 00:16:17 UTC 2025] Launching process for ID: 18 168
[Sat Aug 23 00:16:17 UTC 2025] Launching process for ID: 19 168
[Sat Aug 23 00:16:32 UTC 2025] Launching process for ID: 19 168
[Sat Aug 23 00:16:32 UTC 2025] Launching process for ID: 18 168
[Sat Aug 23 00:16:47 UTC 2025] Launching process for ID: 18 168
[Sat Aug 23 00:16:47 UTC 2025] Launching process for ID: 19 168
[Sat Aug 23 00:17:01 UTC 2025] Launching process for ID: 18 168
[Sat Aug 23 00:17:01 UTC 2025] Launching process for ID: 19 168
[Sat Aug 23 00:17:15 UTC 2025] Launching process for ID: 19 168
[Sat Aug 23 00:17:15 UTC 2025] Launching process for ID: 18 168
[Sat Aug 23 00:17:30 UTC 2025] Launching process for ID: 18 168
[Sat Aug 23 00:17:30 UTC 2025] Launching process for ID: 19 168
[Sat Aug 23 00:17:43 UTC 2025] Launching process for ID: 18 168
[Sat Aug 23 00:17:43 UTC 2025] Launching process for ID: 19 168
[Sat Aug 23 00:17:57 UTC 2025] Launching process for ID: 18 168
[Sat Aug 23 00:17:57 UTC 2025] Launching process for ID: 19 168
[Sat Aug 23 00:18:10 UTC 2025] Launching process for ID: 19 168
[Sat Aug 23 00:18:10 UTC 2025] Launching process for ID: 18 168
[Sat Aug 23 00:18:23 UTC 2025] Launching process for ID: 18 168
[Sat Aug 23 00:18:23 UTC 2025] Launching process for ID: 19 168
[Sat Aug 23 00:18:36 UTC 2025] Launching process for ID: 19 168
[Sat Aug 23 00:18:36 UTC 2025] Launching process for ID: 18 168
[Sat Aug 23 00:18:51 UTC 2025] Launching process for ID: 19 168
[Sat Aug 23 00:18:51 UTC 2025] Launching process for ID: 18 168
[Sat Aug 23 00:34:36 UTC 2025] Success file found for ID: 19. Process complete.
[Sat Aug 23 00:35:49 UTC 2025] Success file found for ID: 18. Process complete.
All processes finished successfully. Exiting.
