Starting process manager for SLURM_ARRAY_TASK_ID: 46 with 2 jobs
Waiting for all 2 background processes to complete...
[Sat Aug 23 00:09:27 UTC 2025] Launching process for ID: 92 168
[Sat Aug 23 00:09:27 UTC 2025] Launching process for ID: 93 168
[Sat Aug 23 00:10:04 UTC 2025] Launching process for ID: 92 168
[Sat Aug 23 00:10:04 UTC 2025] Launching process for ID: 93 168
[Sat Aug 23 00:10:40 UTC 2025] Launching process for ID: 92 168
[Sat Aug 23 00:10:40 UTC 2025] Launching process for ID: 93 168
[Sat Aug 23 00:11:00 UTC 2025] Launching process for ID: 92 168
[Sat Aug 23 00:11:00 UTC 2025] Launching process for ID: 93 168
[Sat Aug 23 00:11:15 UTC 2025] Launching process for ID: 92 168
[Sat Aug 23 00:11:15 UTC 2025] Launching process for ID: 93 168
[Sat Aug 23 00:11:28 UTC 2025] Launching process for ID: 93 168
[Sat Aug 23 00:11:28 UTC 2025] Launching process for ID: 92 168
[Sat Aug 23 00:11:40 UTC 2025] Launching process for ID: 92 168
[Sat Aug 23 00:11:40 UTC 2025] Launching process for ID: 93 168
[Sat Aug 23 00:11:53 UTC 2025] Launching process for ID: 93 168
[Sat Aug 23 00:11:53 UTC 2025] Launching process for ID: 92 168
[Sat Aug 23 00:12:07 UTC 2025] Launching process for ID: 93 168
[Sat Aug 23 00:12:07 UTC 2025] Launching process for ID: 92 168
[Sat Aug 23 00:12:20 UTC 2025] Launching process for ID: 93 168
[Sat Aug 23 00:12:20 UTC 2025] Launching process for ID: 92 168
[Sat Aug 23 00:12:32 UTC 2025] Launching process for ID: 93 168
[Sat Aug 23 00:12:32 UTC 2025] Launching process for ID: 92 168
[Sat Aug 23 00:12:45 UTC 2025] Launching process for ID: 93 168
[Sat Aug 23 00:12:45 UTC 2025] Launching process for ID: 92 168
[Sat Aug 23 00:12:59 UTC 2025] Launching process for ID: 92 168
[Sat Aug 23 00:12:59 UTC 2025] Launching process for ID: 93 168
[Sat Aug 23 00:13:14 UTC 2025] Launching process for ID: 92 168
[Sat Aug 23 00:13:14 UTC 2025] Launching process for ID: 93 168
[Sat Aug 23 00:13:28 UTC 2025] Launching process for ID: 93 168
[Sat Aug 23 00:13:28 UTC 2025] Launching process for ID: 92 168
[Sat Aug 23 00:13:42 UTC 2025] Launching process for ID: 93 168
[Sat Aug 23 00:13:42 UTC 2025] Launching process for ID: 92 168
[Sat Aug 23 00:13:56 UTC 2025] Launching process for ID: 93 168
[Sat Aug 23 00:13:56 UTC 2025] Launching process for ID: 92 168
[Sat Aug 23 00:14:11 UTC 2025] Launching process for ID: 92 168
[Sat Aug 23 00:14:11 UTC 2025] Launching process for ID: 93 168
[Sat Aug 23 00:14:26 UTC 2025] Launching process for ID: 92 168
[Sat Aug 23 00:14:26 UTC 2025] Launching process for ID: 93 168
[Sat Aug 23 00:14:39 UTC 2025] Launching process for ID: 93 168
[Sat Aug 23 00:14:39 UTC 2025] Launching process for ID: 92 168
[Sat Aug 23 00:14:52 UTC 2025] Launching process for ID: 93 168
[Sat Aug 23 00:14:52 UTC 2025] Launching process for ID: 92 168
[Sat Aug 23 00:15:09 UTC 2025] Launching process for ID: 92 168
[Sat Aug 23 00:15:09 UTC 2025] Launching process for ID: 93 168
[Sat Aug 23 00:15:36 UTC 2025] Launching process for ID: 92 168
[Sat Aug 23 00:15:36 UTC 2025] Launching process for ID: 93 168
[Sat Aug 23 00:16:03 UTC 2025] Launching process for ID: 92 168
[Sat Aug 23 00:16:03 UTC 2025] Launching process for ID: 93 168
[Sat Aug 23 00:16:21 UTC 2025] Launching process for ID: 93 168
[Sat Aug 23 00:16:21 UTC 2025] Launching process for ID: 92 168
[Sat Aug 23 00:16:36 UTC 2025] Launching process for ID: 92 168
[Sat Aug 23 00:16:36 UTC 2025] Launching process for ID: 93 168
[Sat Aug 23 00:16:51 UTC 2025] Launching process for ID: 92 168
[Sat Aug 23 00:16:51 UTC 2025] Launching process for ID: 93 168
[Sat Aug 23 00:17:05 UTC 2025] Launching process for ID: 93 168
[Sat Aug 23 00:17:05 UTC 2025] Launching process for ID: 92 168
[Sat Aug 23 00:17:19 UTC 2025] Launching process for ID: 93 168
[Sat Aug 23 00:17:19 UTC 2025] Launching process for ID: 92 168
[Sat Aug 23 00:17:33 UTC 2025] Launching process for ID: 92 168
[Sat Aug 23 00:17:33 UTC 2025] Launching process for ID: 93 168
[Sat Aug 23 00:17:47 UTC 2025] Launching process for ID: 92 168
[Sat Aug 23 00:17:47 UTC 2025] Launching process for ID: 93 168
[Sat Aug 23 00:18:00 UTC 2025] Launching process for ID: 93 168
[Sat Aug 23 00:18:00 UTC 2025] Launching process for ID: 92 168
[Sat Aug 23 00:18:13 UTC 2025] Launching process for ID: 93 168
[Sat Aug 23 00:18:13 UTC 2025] Launching process for ID: 92 168
[Sat Aug 23 00:18:26 UTC 2025] Launching process for ID: 92 168
[Sat Aug 23 00:18:26 UTC 2025] Launching process for ID: 93 168
[Sat Aug 23 00:18:40 UTC 2025] Launching process for ID: 92 168
[Sat Aug 23 00:18:41 UTC 2025] Launching process for ID: 93 168
[Sat Aug 23 00:18:55 UTC 2025] Launching process for ID: 92 168
[Sat Aug 23 00:18:55 UTC 2025] Launching process for ID: 93 168
[Sat Aug 23 00:31:45 UTC 2025] Success file found for ID: 93. Process complete.
[Sat Aug 23 00:32:45 UTC 2025] Success file found for ID: 92. Process complete.
All processes finished successfully. Exiting.
