Starting process manager for SLURM_ARRAY_TASK_ID: 24 with 2 jobs
Waiting for all 2 background processes to complete...
[Sat Aug 23 00:09:27 UTC 2025] Launching process for ID: 48 168
[Sat Aug 23 00:09:27 UTC 2025] Launching process for ID: 49 168
[Sat Aug 23 00:10:04 UTC 2025] Launching process for ID: 49 168
[Sat Aug 23 00:10:04 UTC 2025] Launching process for ID: 48 168
[Sat Aug 23 00:11:09 UTC 2025] Launching process for ID: 48 168
[Sat Aug 23 00:11:10 UTC 2025] Launching process for ID: 49 168
[Sat Aug 23 00:11:24 UTC 2025] Launching process for ID: 48 168
[Sat Aug 23 00:11:24 UTC 2025] Launching process for ID: 49 168
[Sat Aug 23 00:11:36 UTC 2025] Launching process for ID: 49 168
[Sat Aug 23 00:11:36 UTC 2025] Launching process for ID: 48 168
[Sat Aug 23 00:11:49 UTC 2025] Launching process for ID: 48 168
[Sat Aug 23 00:11:49 UTC 2025] Launching process for ID: 49 168
[Sat Aug 23 00:12:01 UTC 2025] Launching process for ID: 48 168
[Sat Aug 23 00:12:01 UTC 2025] Launching process for ID: 49 168
[Sat Aug 23 00:12:13 UTC 2025] Launching process for ID: 49 168
[Sat Aug 23 00:12:13 UTC 2025] Launching process for ID: 48 168
[Sat Aug 23 00:12:26 UTC 2025] Launching process for ID: 49 168
[Sat Aug 23 00:12:26 UTC 2025] Launching process for ID: 48 168
[Sat Aug 23 00:12:37 UTC 2025] Launching process for ID: 49 168
[Sat Aug 23 00:12:38 UTC 2025] Launching process for ID: 48 168
[Sat Aug 23 00:12:50 UTC 2025] Launching process for ID: 49 168
[Sat Aug 23 00:12:50 UTC 2025] Launching process for ID: 48 168
[Sat Aug 23 00:13:07 UTC 2025] Launching process for ID: 49 168
[Sat Aug 23 00:13:08 UTC 2025] Launching process for ID: 48 168
[Sat Aug 23 00:13:23 UTC 2025] Launching process for ID: 48 168
[Sat Aug 23 00:13:23 UTC 2025] Launching process for ID: 49 168
[Sat Aug 23 00:13:39 UTC 2025] Launching process for ID: 49 168
[Sat Aug 23 00:13:39 UTC 2025] Launching process for ID: 48 168
[Sat Aug 23 00:13:53 UTC 2025] Launching process for ID: 48 168
[Sat Aug 23 00:13:54 UTC 2025] Launching process for ID: 49 168
[Sat Aug 23 00:14:15 UTC 2025] Launching process for ID: 48 168
[Sat Aug 23 00:14:15 UTC 2025] Launching process for ID: 49 168
[Sat Aug 23 00:14:37 UTC 2025] Launching process for ID: 48 168
[Sat Aug 23 00:14:37 UTC 2025] Launching process for ID: 49 168
[Sat Aug 23 00:14:49 UTC 2025] Launching process for ID: 49 168
[Sat Aug 23 00:14:50 UTC 2025] Launching process for ID: 48 168
[Sat Aug 23 00:15:02 UTC 2025] Launching process for ID: 48 168
[Sat Aug 23 00:15:03 UTC 2025] Launching process for ID: 49 168
[Sat Aug 23 00:15:59 UTC 2025] Launching process for ID: 49 168
[Sat Aug 23 00:15:59 UTC 2025] Launching process for ID: 48 168
[Sat Aug 23 00:16:36 UTC 2025] Launching process for ID: 48 168
[Sat Aug 23 00:16:36 UTC 2025] Launching process for ID: 49 168
[Sat Aug 23 00:16:51 UTC 2025] Launching process for ID: 48 168
[Sat Aug 23 00:16:51 UTC 2025] Launching process for ID: 49 168
[Sat Aug 23 00:17:04 UTC 2025] Launching process for ID: 49 168
[Sat Aug 23 00:17:04 UTC 2025] Launching process for ID: 48 168
[Sat Aug 23 00:17:17 UTC 2025] Launching process for ID: 48 168
[Sat Aug 23 00:17:17 UTC 2025] Launching process for ID: 49 168
[Sat Aug 23 00:17:31 UTC 2025] Launching process for ID: 48 168
[Sat Aug 23 00:17:31 UTC 2025] Launching process for ID: 49 168
[Sat Aug 23 00:17:47 UTC 2025] Launching process for ID: 48 168
[Sat Aug 23 00:17:47 UTC 2025] Launching process for ID: 49 168
[Sat Aug 23 00:18:03 UTC 2025] Launching process for ID: 48 168
[Sat Aug 23 00:18:03 UTC 2025] Launching process for ID: 49 168
[Sat Aug 23 00:18:17 UTC 2025] Launching process for ID: 48 168
[Sat Aug 23 00:18:17 UTC 2025] Launching process for ID: 49 168
[Sat Aug 23 00:18:30 UTC 2025] Launching process for ID: 48 168
[Sat Aug 23 00:18:30 UTC 2025] Launching process for ID: 49 168
[Sat Aug 23 00:18:43 UTC 2025] Launching process for ID: 48 168
[Sat Aug 23 00:18:43 UTC 2025] Launching process for ID: 49 168
[Sat Aug 23 00:18:57 UTC 2025] Launching process for ID: 48 168
[Sat Aug 23 00:18:57 UTC 2025] Launching process for ID: 49 168
[Sat Aug 23 00:33:47 UTC 2025] Success file found for ID: 48. Process complete.
[Sat Aug 23 00:34:56 UTC 2025] Success file found for ID: 49. Process complete.
All processes finished successfully. Exiting.
