Starting process manager for SLURM_ARRAY_TASK_ID: 83 with 2 jobs
Waiting for all 2 background processes to complete...
[Sat Aug 23 00:10:58 UTC 2025] Launching process for ID: 166 168
[Sat Aug 23 00:10:58 UTC 2025] Launching process for ID: 167 168
[Sat Aug 23 00:11:30 UTC 2025] Launching process for ID: 167 168
[Sat Aug 23 00:11:30 UTC 2025] Launching process for ID: 166 168
[Sat Aug 23 00:11:43 UTC 2025] Launching process for ID: 166 168
[Sat Aug 23 00:11:43 UTC 2025] Launching process for ID: 167 168
[Sat Aug 23 00:11:57 UTC 2025] Launching process for ID: 166 168
[Sat Aug 23 00:11:57 UTC 2025] Launching process for ID: 167 168
[Sat Aug 23 00:12:10 UTC 2025] Launching process for ID: 166 168
[Sat Aug 23 00:12:10 UTC 2025] Launching process for ID: 167 168
[Sat Aug 23 00:12:23 UTC 2025] Launching process for ID: 167 168
[Sat Aug 23 00:12:23 UTC 2025] Launching process for ID: 166 168
[Sat Aug 23 00:12:36 UTC 2025] Launching process for ID: 167 168
[Sat Aug 23 00:12:36 UTC 2025] Launching process for ID: 166 168
[Sat Aug 23 00:12:48 UTC 2025] Launching process for ID: 167 168
[Sat Aug 23 00:12:49 UTC 2025] Launching process for ID: 166 168
[Sat Aug 23 00:13:11 UTC 2025] Launching process for ID: 166 168
[Sat Aug 23 00:13:11 UTC 2025] Launching process for ID: 167 168
[Sat Aug 23 00:13:29 UTC 2025] Launching process for ID: 167 168
[Sat Aug 23 00:13:29 UTC 2025] Launching process for ID: 166 168
[Sat Aug 23 00:13:47 UTC 2025] Launching process for ID: 167 168
[Sat Aug 23 00:13:47 UTC 2025] Launching process for ID: 166 168
[Sat Aug 23 00:14:06 UTC 2025] Launching process for ID: 166 168
[Sat Aug 23 00:14:06 UTC 2025] Launching process for ID: 167 168
[Sat Aug 23 00:14:29 UTC 2025] Launching process for ID: 166 168
[Sat Aug 23 00:14:30 UTC 2025] Launching process for ID: 167 168
[Sat Aug 23 00:14:43 UTC 2025] Launching process for ID: 166 168
[Sat Aug 23 00:14:43 UTC 2025] Launching process for ID: 167 168
[Sat Aug 23 00:14:57 UTC 2025] Launching process for ID: 167 168
[Sat Aug 23 00:14:57 UTC 2025] Launching process for ID: 166 168
[Sat Aug 23 00:16:05 UTC 2025] Launching process for ID: 166 168
[Sat Aug 23 00:16:07 UTC 2025] Launching process for ID: 167 168
[Sat Aug 23 00:16:40 UTC 2025] Launching process for ID: 167 168
[Sat Aug 23 00:16:40 UTC 2025] Launching process for ID: 166 168
[Sat Aug 23 00:16:55 UTC 2025] Launching process for ID: 167 168
[Sat Aug 23 00:16:55 UTC 2025] Launching process for ID: 166 168
[Sat Aug 23 00:17:11 UTC 2025] Launching process for ID: 167 168
[Sat Aug 23 00:17:11 UTC 2025] Launching process for ID: 166 168
[Sat Aug 23 00:17:27 UTC 2025] Launching process for ID: 167 168
[Sat Aug 23 00:17:27 UTC 2025] Launching process for ID: 166 168
[Sat Aug 23 00:17:44 UTC 2025] Launching process for ID: 166 168
[Sat Aug 23 00:17:44 UTC 2025] Launching process for ID: 167 168
[Sat Aug 23 00:18:02 UTC 2025] Launching process for ID: 167 168
[Sat Aug 23 00:18:03 UTC 2025] Launching process for ID: 166 168
[Sat Aug 23 00:18:16 UTC 2025] Launching process for ID: 167 168
[Sat Aug 23 00:18:16 UTC 2025] Launching process for ID: 166 168
[Sat Aug 23 00:18:29 UTC 2025] Launching process for ID: 167 168
[Sat Aug 23 00:18:29 UTC 2025] Launching process for ID: 166 168
[Sat Aug 23 00:18:42 UTC 2025] Launching process for ID: 167 168
[Sat Aug 23 00:18:42 UTC 2025] Launching process for ID: 166 168
[Sat Aug 23 00:18:56 UTC 2025] Launching process for ID: 167 168
[Sat Aug 23 00:18:56 UTC 2025] Launching process for ID: 166 168
[Sat Aug 23 00:35:10 UTC 2025] Success file found for ID: 166. Process complete.
[Sat Aug 23 00:36:56 UTC 2025] Success file found for ID: 167. Process complete.
All processes finished successfully. Exiting.
