Starting process manager for SLURM_ARRAY_TASK_ID: 35 with 2 jobs
Waiting for all 2 background processes to complete...
[Sat Aug 23 00:09:33 UTC 2025] Launching process for ID: 70 168
[Sat Aug 23 00:09:33 UTC 2025] Launching process for ID: 71 168
[Sat Aug 23 00:10:04 UTC 2025] Launching process for ID: 71 168
[Sat Aug 23 00:10:04 UTC 2025] Launching process for ID: 70 168
[Sat Aug 23 00:10:38 UTC 2025] Launching process for ID: 71 168
[Sat Aug 23 00:10:38 UTC 2025] Launching process for ID: 70 168
[Sat Aug 23 00:10:59 UTC 2025] Launching process for ID: 70 168
[Sat Aug 23 00:10:59 UTC 2025] Launching process for ID: 71 168
[Sat Aug 23 00:11:16 UTC 2025] Launching process for ID: 71 168
[Sat Aug 23 00:11:16 UTC 2025] Launching process for ID: 70 168
[Sat Aug 23 00:11:30 UTC 2025] Launching process for ID: 70 168
[Sat Aug 23 00:11:30 UTC 2025] Launching process for ID: 71 168
[Sat Aug 23 00:11:42 UTC 2025] Launching process for ID: 71 168
[Sat Aug 23 00:11:42 UTC 2025] Launching process for ID: 70 168
[Sat Aug 23 00:11:55 UTC 2025] Launching process for ID: 70 168
[Sat Aug 23 00:11:55 UTC 2025] Launching process for ID: 71 168
[Sat Aug 23 00:12:08 UTC 2025] Launching process for ID: 70 168
[Sat Aug 23 00:12:08 UTC 2025] Launching process for ID: 71 168
[Sat Aug 23 00:12:22 UTC 2025] Launching process for ID: 71 168
[Sat Aug 23 00:12:22 UTC 2025] Launching process for ID: 70 168
[Sat Aug 23 00:12:34 UTC 2025] Launching process for ID: 71 168
[Sat Aug 23 00:12:34 UTC 2025] Launching process for ID: 70 168
[Sat Aug 23 00:12:46 UTC 2025] Launching process for ID: 70 168
[Sat Aug 23 00:12:46 UTC 2025] Launching process for ID: 71 168
[Sat Aug 23 00:13:02 UTC 2025] Launching process for ID: 70 168
[Sat Aug 23 00:13:02 UTC 2025] Launching process for ID: 71 168
[Sat Aug 23 00:13:19 UTC 2025] Launching process for ID: 70 168
[Sat Aug 23 00:13:19 UTC 2025] Launching process for ID: 71 168
[Sat Aug 23 00:13:33 UTC 2025] Launching process for ID: 71 168
[Sat Aug 23 00:13:33 UTC 2025] Launching process for ID: 70 168
[Sat Aug 23 00:13:48 UTC 2025] Launching process for ID: 71 168
[Sat Aug 23 00:13:48 UTC 2025] Launching process for ID: 70 168
[Sat Aug 23 00:14:03 UTC 2025] Launching process for ID: 71 168
[Sat Aug 23 00:14:03 UTC 2025] Launching process for ID: 70 168
[Sat Aug 23 00:14:18 UTC 2025] Launching process for ID: 70 168
[Sat Aug 23 00:14:18 UTC 2025] Launching process for ID: 71 168
[Sat Aug 23 00:14:32 UTC 2025] Launching process for ID: 70 168
[Sat Aug 23 00:14:32 UTC 2025] Launching process for ID: 71 168
[Sat Aug 23 00:14:44 UTC 2025] Launching process for ID: 71 168
[Sat Aug 23 00:14:45 UTC 2025] Launching process for ID: 70 168
[Sat Aug 23 00:14:57 UTC 2025] Launching process for ID: 70 168
[Sat Aug 23 00:14:57 UTC 2025] Launching process for ID: 71 168
[Sat Aug 23 00:15:22 UTC 2025] Launching process for ID: 71 168
[Sat Aug 23 00:15:23 UTC 2025] Launching process for ID: 70 168
[Sat Aug 23 00:15:59 UTC 2025] Launching process for ID: 71 168
[Sat Aug 23 00:15:59 UTC 2025] Launching process for ID: 70 168
[Sat Aug 23 00:16:18 UTC 2025] Launching process for ID: 70 168
[Sat Aug 23 00:16:18 UTC 2025] Launching process for ID: 71 168
[Sat Aug 23 00:16:33 UTC 2025] Launching process for ID: 71 168
[Sat Aug 23 00:16:33 UTC 2025] Launching process for ID: 70 168
[Sat Aug 23 00:16:48 UTC 2025] Launching process for ID: 70 168
[Sat Aug 23 00:16:48 UTC 2025] Launching process for ID: 71 168
[Sat Aug 23 00:17:02 UTC 2025] Launching process for ID: 71 168
[Sat Aug 23 00:17:02 UTC 2025] Launching process for ID: 70 168
[Sat Aug 23 00:17:15 UTC 2025] Launching process for ID: 71 168
[Sat Aug 23 00:17:16 UTC 2025] Launching process for ID: 70 168
[Sat Aug 23 00:17:28 UTC 2025] Launching process for ID: 71 168
[Sat Aug 23 00:17:28 UTC 2025] Launching process for ID: 70 168
[Sat Aug 23 00:17:42 UTC 2025] Launching process for ID: 71 168
[Sat Aug 23 00:17:42 UTC 2025] Launching process for ID: 70 168
[Sat Aug 23 00:17:55 UTC 2025] Launching process for ID: 71 168
[Sat Aug 23 00:17:56 UTC 2025] Launching process for ID: 70 168
[Sat Aug 23 00:18:08 UTC 2025] Launching process for ID: 71 168
[Sat Aug 23 00:18:08 UTC 2025] Launching process for ID: 70 168
[Sat Aug 23 00:18:21 UTC 2025] Launching process for ID: 71 168
[Sat Aug 23 00:18:22 UTC 2025] Launching process for ID: 70 168
[Sat Aug 23 00:18:35 UTC 2025] Launching process for ID: 71 168
[Sat Aug 23 00:18:35 UTC 2025] Launching process for ID: 70 168
[Sat Aug 23 00:18:49 UTC 2025] Launching process for ID: 71 168
[Sat Aug 23 00:18:49 UTC 2025] Launching process for ID: 70 168
[Sat Aug 23 00:28:53 UTC 2025] Success file found for ID: 71. Process complete.
[Sat Aug 23 00:29:47 UTC 2025] Success file found for ID: 70. Process complete.
All processes finished successfully. Exiting.
