Starting process manager for SLURM_ARRAY_TASK_ID: 19 with 2 jobs
Waiting for all 2 background processes to complete...
[Sat Aug 23 00:09:31 UTC 2025] Launching process for ID: 39 168
[Sat Aug 23 00:09:31 UTC 2025] Launching process for ID: 38 168
[Sat Aug 23 00:10:04 UTC 2025] Launching process for ID: 39 168
[Sat Aug 23 00:10:04 UTC 2025] Launching process for ID: 38 168
[Sat Aug 23 00:10:48 UTC 2025] Launching process for ID: 38 168
[Sat Aug 23 00:10:49 UTC 2025] Launching process for ID: 39 168
[Sat Aug 23 00:11:15 UTC 2025] Launching process for ID: 39 168
[Sat Aug 23 00:11:15 UTC 2025] Launching process for ID: 38 168
[Sat Aug 23 00:11:32 UTC 2025] Launching process for ID: 39 168
[Sat Aug 23 00:11:32 UTC 2025] Launching process for ID: 38 168
[Sat Aug 23 00:11:47 UTC 2025] Launching process for ID: 39 168
[Sat Aug 23 00:11:47 UTC 2025] Launching process for ID: 38 168
[Sat Aug 23 00:12:02 UTC 2025] Launching process for ID: 38 168
[Sat Aug 23 00:12:02 UTC 2025] Launching process for ID: 39 168
[Sat Aug 23 00:12:17 UTC 2025] Launching process for ID: 38 168
[Sat Aug 23 00:12:17 UTC 2025] Launching process for ID: 39 168
[Sat Aug 23 00:12:31 UTC 2025] Launching process for ID: 38 168
[Sat Aug 23 00:12:32 UTC 2025] Launching process for ID: 39 168
[Sat Aug 23 00:12:46 UTC 2025] Launching process for ID: 39 168
[Sat Aug 23 00:12:46 UTC 2025] Launching process for ID: 38 168
[Sat Aug 23 00:13:05 UTC 2025] Launching process for ID: 39 168
[Sat Aug 23 00:13:05 UTC 2025] Launching process for ID: 38 168
[Sat Aug 23 00:13:24 UTC 2025] Launching process for ID: 39 168
[Sat Aug 23 00:13:24 UTC 2025] Launching process for ID: 38 168
[Sat Aug 23 00:13:43 UTC 2025] Launching process for ID: 38 168
[Sat Aug 23 00:13:43 UTC 2025] Launching process for ID: 39 168
[Sat Aug 23 00:14:03 UTC 2025] Launching process for ID: 39 168
[Sat Aug 23 00:14:03 UTC 2025] Launching process for ID: 38 168
[Sat Aug 23 00:14:22 UTC 2025] Launching process for ID: 39 168
[Sat Aug 23 00:14:22 UTC 2025] Launching process for ID: 38 168
[Sat Aug 23 00:14:39 UTC 2025] Launching process for ID: 38 168
[Sat Aug 23 00:14:39 UTC 2025] Launching process for ID: 39 168
[Sat Aug 23 00:14:53 UTC 2025] Launching process for ID: 38 168
[Sat Aug 23 00:14:53 UTC 2025] Launching process for ID: 39 168
[Sat Aug 23 00:15:19 UTC 2025] Launching process for ID: 39 168
[Sat Aug 23 00:15:19 UTC 2025] Launching process for ID: 38 168
[Sat Aug 23 00:16:09 UTC 2025] Launching process for ID: 39 168
[Sat Aug 23 00:16:10 UTC 2025] Launching process for ID: 38 168
[Sat Aug 23 00:16:34 UTC 2025] Launching process for ID: 38 168
[Sat Aug 23 00:16:34 UTC 2025] Launching process for ID: 39 168
[Sat Aug 23 00:16:52 UTC 2025] Launching process for ID: 39 168
[Sat Aug 23 00:16:52 UTC 2025] Launching process for ID: 38 168
[Sat Aug 23 00:17:08 UTC 2025] Launching process for ID: 39 168
[Sat Aug 23 00:17:08 UTC 2025] Launching process for ID: 38 168
[Sat Aug 23 00:17:23 UTC 2025] Launching process for ID: 39 168
[Sat Aug 23 00:17:23 UTC 2025] Launching process for ID: 38 168
[Sat Aug 23 00:17:42 UTC 2025] Launching process for ID: 39 168
[Sat Aug 23 00:17:42 UTC 2025] Launching process for ID: 38 168
[Sat Aug 23 00:17:59 UTC 2025] Launching process for ID: 39 168
[Sat Aug 23 00:17:59 UTC 2025] Launching process for ID: 38 168
[Sat Aug 23 00:18:14 UTC 2025] Launching process for ID: 38 168
[Sat Aug 23 00:18:14 UTC 2025] Launching process for ID: 39 168
[Sat Aug 23 00:18:29 UTC 2025] Launching process for ID: 39 168
[Sat Aug 23 00:18:29 UTC 2025] Launching process for ID: 38 168
[Sat Aug 23 00:18:45 UTC 2025] Launching process for ID: 39 168
[Sat Aug 23 00:18:45 UTC 2025] Launching process for ID: 38 168
[Sat Aug 23 00:35:16 UTC 2025] Success file found for ID: 39. Process complete.
[Sat Aug 23 00:37:10 UTC 2025] Success file found for ID: 38. Process complete.
All processes finished successfully. Exiting.
