Starting process manager for SLURM_ARRAY_TASK_ID: 42 with 2 jobs
Waiting for all 2 background processes to complete...
[Sat Aug 23 00:09:30 UTC 2025] Launching process for ID: 84 168
[Sat Aug 23 00:09:30 UTC 2025] Launching process for ID: 85 168
[Sat Aug 23 00:10:04 UTC 2025] Launching process for ID: 85 168
[Sat Aug 23 00:10:04 UTC 2025] Launching process for ID: 84 168
[Sat Aug 23 00:10:54 UTC 2025] Launching process for ID: 84 168
[Sat Aug 23 00:10:54 UTC 2025] Launching process for ID: 85 168
[Sat Aug 23 00:11:28 UTC 2025] Launching process for ID: 85 168
[Sat Aug 23 00:11:28 UTC 2025] Launching process for ID: 84 168
[Sat Aug 23 00:11:44 UTC 2025] Launching process for ID: 85 168
[Sat Aug 23 00:11:44 UTC 2025] Launching process for ID: 84 168
[Sat Aug 23 00:11:59 UTC 2025] Launching process for ID: 85 168
[Sat Aug 23 00:11:59 UTC 2025] Launching process for ID: 84 168
[Sat Aug 23 00:12:14 UTC 2025] Launching process for ID: 84 168
[Sat Aug 23 00:12:14 UTC 2025] Launching process for ID: 85 168
[Sat Aug 23 00:12:28 UTC 2025] Launching process for ID: 84 168
[Sat Aug 23 00:12:28 UTC 2025] Launching process for ID: 85 168
[Sat Aug 23 00:12:41 UTC 2025] Launching process for ID: 85 168
[Sat Aug 23 00:12:42 UTC 2025] Launching process for ID: 84 168
[Sat Aug 23 00:13:01 UTC 2025] Launching process for ID: 84 168
[Sat Aug 23 00:13:02 UTC 2025] Launching process for ID: 85 168
[Sat Aug 23 00:13:33 UTC 2025] Launching process for ID: 85 168
[Sat Aug 23 00:13:33 UTC 2025] Launching process for ID: 84 168
[Sat Aug 23 00:13:57 UTC 2025] Launching process for ID: 84 168
[Sat Aug 23 00:13:57 UTC 2025] Launching process for ID: 85 168
[Sat Aug 23 00:14:23 UTC 2025] Launching process for ID: 85 168
[Sat Aug 23 00:14:24 UTC 2025] Launching process for ID: 84 168
[Sat Aug 23 00:14:42 UTC 2025] Launching process for ID: 84 168
[Sat Aug 23 00:14:42 UTC 2025] Launching process for ID: 85 168
[Sat Aug 23 00:14:57 UTC 2025] Launching process for ID: 84 168
[Sat Aug 23 00:14:57 UTC 2025] Launching process for ID: 85 168
[Sat Aug 23 00:15:35 UTC 2025] Launching process for ID: 84 168
[Sat Aug 23 00:15:36 UTC 2025] Launching process for ID: 85 168
[Sat Aug 23 00:16:24 UTC 2025] Launching process for ID: 84 168
[Sat Aug 23 00:16:24 UTC 2025] Launching process for ID: 85 168
[Sat Aug 23 00:16:45 UTC 2025] Launching process for ID: 84 168
[Sat Aug 23 00:16:45 UTC 2025] Launching process for ID: 85 168
[Sat Aug 23 00:17:02 UTC 2025] Launching process for ID: 84 168
[Sat Aug 23 00:17:02 UTC 2025] Launching process for ID: 85 168
[Sat Aug 23 00:17:17 UTC 2025] Launching process for ID: 84 168
[Sat Aug 23 00:17:17 UTC 2025] Launching process for ID: 85 168
[Sat Aug 23 00:17:33 UTC 2025] Launching process for ID: 85 168
[Sat Aug 23 00:17:33 UTC 2025] Launching process for ID: 84 168
[Sat Aug 23 00:17:51 UTC 2025] Launching process for ID: 85 168
[Sat Aug 23 00:17:51 UTC 2025] Launching process for ID: 84 168
[Sat Aug 23 00:18:07 UTC 2025] Launching process for ID: 84 168
[Sat Aug 23 00:18:07 UTC 2025] Launching process for ID: 85 168
[Sat Aug 23 00:18:21 UTC 2025] Launching process for ID: 84 168
[Sat Aug 23 00:18:21 UTC 2025] Launching process for ID: 85 168
[Sat Aug 23 00:18:36 UTC 2025] Launching process for ID: 84 168
[Sat Aug 23 00:18:36 UTC 2025] Launching process for ID: 85 168
[Sat Aug 23 00:18:51 UTC 2025] Launching process for ID: 85 168
[Sat Aug 23 00:18:51 UTC 2025] Launching process for ID: 84 168
[Sat Aug 23 00:33:48 UTC 2025] Success file found for ID: 85. Process complete.
[Sat Aug 23 00:35:17 UTC 2025] Success file found for ID: 84. Process complete.
All processes finished successfully. Exiting.
