Starting process manager for SLURM_ARRAY_TASK_ID: 40 with 2 jobs
Waiting for all 2 background processes to complete...
[Sat Aug 23 00:09:28 UTC 2025] Launching process for ID: 81 168
[Sat Aug 23 00:09:28 UTC 2025] Launching process for ID: 80 168
[Sat Aug 23 00:10:04 UTC 2025] Launching process for ID: 81 168
[Sat Aug 23 00:10:04 UTC 2025] Launching process for ID: 80 168
[Sat Aug 23 00:10:47 UTC 2025] Launching process for ID: 80 168
[Sat Aug 23 00:10:47 UTC 2025] Launching process for ID: 81 168
[Sat Aug 23 00:11:09 UTC 2025] Launching process for ID: 81 168
[Sat Aug 23 00:11:09 UTC 2025] Launching process for ID: 80 168
[Sat Aug 23 00:11:22 UTC 2025] Launching process for ID: 81 168
[Sat Aug 23 00:11:22 UTC 2025] Launching process for ID: 80 168
[Sat Aug 23 00:11:35 UTC 2025] Launching process for ID: 80 168
[Sat Aug 23 00:11:35 UTC 2025] Launching process for ID: 81 168
[Sat Aug 23 00:11:48 UTC 2025] Launching process for ID: 81 168
[Sat Aug 23 00:11:48 UTC 2025] Launching process for ID: 80 168
[Sat Aug 23 00:12:00 UTC 2025] Launching process for ID: 80 168
[Sat Aug 23 00:12:00 UTC 2025] Launching process for ID: 81 168
[Sat Aug 23 00:12:13 UTC 2025] Launching process for ID: 81 168
[Sat Aug 23 00:12:13 UTC 2025] Launching process for ID: 80 168
[Sat Aug 23 00:12:26 UTC 2025] Launching process for ID: 80 168
[Sat Aug 23 00:12:26 UTC 2025] Launching process for ID: 81 168
[Sat Aug 23 00:12:38 UTC 2025] Launching process for ID: 81 168
[Sat Aug 23 00:12:38 UTC 2025] Launching process for ID: 80 168
[Sat Aug 23 00:12:50 UTC 2025] Launching process for ID: 81 168
[Sat Aug 23 00:12:50 UTC 2025] Launching process for ID: 80 168
[Sat Aug 23 00:13:05 UTC 2025] Launching process for ID: 80 168
[Sat Aug 23 00:13:05 UTC 2025] Launching process for ID: 81 168
[Sat Aug 23 00:13:20 UTC 2025] Launching process for ID: 81 168
[Sat Aug 23 00:13:20 UTC 2025] Launching process for ID: 80 168
[Sat Aug 23 00:13:33 UTC 2025] Launching process for ID: 80 168
[Sat Aug 23 00:13:33 UTC 2025] Launching process for ID: 81 168
[Sat Aug 23 00:13:47 UTC 2025] Launching process for ID: 80 168
[Sat Aug 23 00:13:47 UTC 2025] Launching process for ID: 81 168
[Sat Aug 23 00:14:00 UTC 2025] Launching process for ID: 81 168
[Sat Aug 23 00:14:00 UTC 2025] Launching process for ID: 80 168
[Sat Aug 23 00:14:15 UTC 2025] Launching process for ID: 80 168
[Sat Aug 23 00:14:15 UTC 2025] Launching process for ID: 81 168
[Sat Aug 23 00:14:30 UTC 2025] Launching process for ID: 80 168
[Sat Aug 23 00:14:30 UTC 2025] Launching process for ID: 81 168
[Sat Aug 23 00:14:43 UTC 2025] Launching process for ID: 80 168
[Sat Aug 23 00:14:43 UTC 2025] Launching process for ID: 81 168
[Sat Aug 23 00:14:56 UTC 2025] Launching process for ID: 81 168
[Sat Aug 23 00:14:56 UTC 2025] Launching process for ID: 80 168
[Sat Aug 23 00:15:36 UTC 2025] Launching process for ID: 80 168
[Sat Aug 23 00:15:36 UTC 2025] Launching process for ID: 81 168
[Sat Aug 23 00:16:13 UTC 2025] Launching process for ID: 80 168
[Sat Aug 23 00:16:13 UTC 2025] Launching process for ID: 81 168
[Sat Aug 23 00:16:30 UTC 2025] Launching process for ID: 80 168
[Sat Aug 23 00:16:30 UTC 2025] Launching process for ID: 81 168
[Sat Aug 23 00:16:45 UTC 2025] Launching process for ID: 81 168
[Sat Aug 23 00:16:45 UTC 2025] Launching process for ID: 80 168
[Sat Aug 23 00:16:59 UTC 2025] Launching process for ID: 80 168
[Sat Aug 23 00:16:59 UTC 2025] Launching process for ID: 81 168
[Sat Aug 23 00:17:12 UTC 2025] Launching process for ID: 80 168
[Sat Aug 23 00:17:12 UTC 2025] Launching process for ID: 81 168
[Sat Aug 23 00:17:26 UTC 2025] Launching process for ID: 81 168
[Sat Aug 23 00:17:26 UTC 2025] Launching process for ID: 80 168
[Sat Aug 23 00:17:40 UTC 2025] Launching process for ID: 80 168
[Sat Aug 23 00:17:40 UTC 2025] Launching process for ID: 81 168
[Sat Aug 23 00:17:55 UTC 2025] Launching process for ID: 80 168
[Sat Aug 23 00:17:55 UTC 2025] Launching process for ID: 81 168
[Sat Aug 23 00:18:08 UTC 2025] Launching process for ID: 81 168
[Sat Aug 23 00:18:08 UTC 2025] Launching process for ID: 80 168
[Sat Aug 23 00:18:20 UTC 2025] Launching process for ID: 81 168
[Sat Aug 23 00:18:20 UTC 2025] Launching process for ID: 80 168
[Sat Aug 23 00:18:33 UTC 2025] Launching process for ID: 80 168
[Sat Aug 23 00:18:33 UTC 2025] Launching process for ID: 81 168
[Sat Aug 23 00:18:46 UTC 2025] Launching process for ID: 81 168
[Sat Aug 23 00:18:46 UTC 2025] Launching process for ID: 80 168
[Sat Aug 23 00:27:14 UTC 2025] Success file found for ID: 81. Process complete.
[Sat Aug 23 00:31:42 UTC 2025] Success file found for ID: 80. Process complete.
All processes finished successfully. Exiting.
