Starting process manager for SLURM_ARRAY_TASK_ID: 52 with 2 jobs
Waiting for all 2 background processes to complete...
[Sat Aug 23 00:10:07 UTC 2025] Launching process for ID: 105 168
[Sat Aug 23 00:10:07 UTC 2025] Launching process for ID: 104 168
[Sat Aug 23 00:10:52 UTC 2025] Launching process for ID: 105 168
[Sat Aug 23 00:10:52 UTC 2025] Launching process for ID: 104 168
[Sat Aug 23 00:11:11 UTC 2025] Launching process for ID: 104 168
[Sat Aug 23 00:11:11 UTC 2025] Launching process for ID: 105 168
[Sat Aug 23 00:11:25 UTC 2025] Launching process for ID: 104 168
[Sat Aug 23 00:11:26 UTC 2025] Launching process for ID: 105 168
[Sat Aug 23 00:11:39 UTC 2025] Launching process for ID: 104 168
[Sat Aug 23 00:11:39 UTC 2025] Launching process for ID: 105 168
[Sat Aug 23 00:11:52 UTC 2025] Launching process for ID: 105 168
[Sat Aug 23 00:11:52 UTC 2025] Launching process for ID: 104 168
[Sat Aug 23 00:12:05 UTC 2025] Launching process for ID: 104 168
[Sat Aug 23 00:12:06 UTC 2025] Launching process for ID: 105 168
[Sat Aug 23 00:12:17 UTC 2025] Launching process for ID: 105 168
[Sat Aug 23 00:12:17 UTC 2025] Launching process for ID: 104 168
[Sat Aug 23 00:12:30 UTC 2025] Launching process for ID: 104 168
[Sat Aug 23 00:12:30 UTC 2025] Launching process for ID: 105 168
[Sat Aug 23 00:12:42 UTC 2025] Launching process for ID: 105 168
[Sat Aug 23 00:12:42 UTC 2025] Launching process for ID: 104 168
[Sat Aug 23 00:12:57 UTC 2025] Launching process for ID: 105 168
[Sat Aug 23 00:12:57 UTC 2025] Launching process for ID: 104 168
[Sat Aug 23 00:13:15 UTC 2025] Launching process for ID: 105 168
[Sat Aug 23 00:13:15 UTC 2025] Launching process for ID: 104 168
[Sat Aug 23 00:13:31 UTC 2025] Launching process for ID: 104 168
[Sat Aug 23 00:13:31 UTC 2025] Launching process for ID: 105 168
[Sat Aug 23 00:13:46 UTC 2025] Launching process for ID: 104 168
[Sat Aug 23 00:13:46 UTC 2025] Launching process for ID: 105 168
[Sat Aug 23 00:14:01 UTC 2025] Launching process for ID: 105 168
[Sat Aug 23 00:14:01 UTC 2025] Launching process for ID: 104 168
[Sat Aug 23 00:14:19 UTC 2025] Launching process for ID: 104 168
[Sat Aug 23 00:14:19 UTC 2025] Launching process for ID: 105 168
[Sat Aug 23 00:14:33 UTC 2025] Launching process for ID: 104 168
[Sat Aug 23 00:14:34 UTC 2025] Launching process for ID: 105 168
[Sat Aug 23 00:14:46 UTC 2025] Launching process for ID: 104 168
[Sat Aug 23 00:14:47 UTC 2025] Launching process for ID: 105 168
[Sat Aug 23 00:14:59 UTC 2025] Launching process for ID: 104 168
[Sat Aug 23 00:15:00 UTC 2025] Launching process for ID: 105 168
[Sat Aug 23 00:15:27 UTC 2025] Launching process for ID: 105 168
[Sat Aug 23 00:15:27 UTC 2025] Launching process for ID: 104 168
[Sat Aug 23 00:16:05 UTC 2025] Launching process for ID: 104 168
[Sat Aug 23 00:16:05 UTC 2025] Launching process for ID: 105 168
[Sat Aug 23 00:16:22 UTC 2025] Launching process for ID: 104 168
[Sat Aug 23 00:16:22 UTC 2025] Launching process for ID: 105 168
[Sat Aug 23 00:16:38 UTC 2025] Launching process for ID: 104 168
[Sat Aug 23 00:16:39 UTC 2025] Launching process for ID: 105 168
[Sat Aug 23 00:16:54 UTC 2025] Launching process for ID: 104 168
[Sat Aug 23 00:16:54 UTC 2025] Launching process for ID: 105 168
[Sat Aug 23 00:17:09 UTC 2025] Launching process for ID: 105 168
[Sat Aug 23 00:17:09 UTC 2025] Launching process for ID: 104 168
[Sat Aug 23 00:17:27 UTC 2025] Launching process for ID: 105 168
[Sat Aug 23 00:17:27 UTC 2025] Launching process for ID: 104 168
[Sat Aug 23 00:17:41 UTC 2025] Launching process for ID: 105 168
[Sat Aug 23 00:17:41 UTC 2025] Launching process for ID: 104 168
[Sat Aug 23 00:17:54 UTC 2025] Launching process for ID: 105 168
[Sat Aug 23 00:17:54 UTC 2025] Launching process for ID: 104 168
[Sat Aug 23 00:18:07 UTC 2025] Launching process for ID: 104 168
[Sat Aug 23 00:18:07 UTC 2025] Launching process for ID: 105 168
[Sat Aug 23 00:18:20 UTC 2025] Launching process for ID: 104 168
[Sat Aug 23 00:18:20 UTC 2025] Launching process for ID: 105 168
[Sat Aug 23 00:18:33 UTC 2025] Launching process for ID: 105 168
[Sat Aug 23 00:18:33 UTC 2025] Launching process for ID: 104 168
[Sat Aug 23 00:18:47 UTC 2025] Launching process for ID: 104 168
[Sat Aug 23 00:18:48 UTC 2025] Launching process for ID: 105 168
[Sat Aug 23 00:33:27 UTC 2025] Success file found for ID: 105. Process complete.
[Sat Aug 23 00:36:56 UTC 2025] Success file found for ID: 104. Process complete.
All processes finished successfully. Exiting.
