Starting process manager for SLURM_ARRAY_TASK_ID: 20 with 2 jobs
Waiting for all 2 background processes to complete...
[Sat Aug 23 00:09:31 UTC 2025] Launching process for ID: 41 168
[Sat Aug 23 00:09:31 UTC 2025] Launching process for ID: 40 168
[Sat Aug 23 00:10:04 UTC 2025] Launching process for ID: 41 168
[Sat Aug 23 00:10:04 UTC 2025] Launching process for ID: 40 168
[Sat Aug 23 00:10:43 UTC 2025] Launching process for ID: 40 168
[Sat Aug 23 00:10:43 UTC 2025] Launching process for ID: 41 168
[Sat Aug 23 00:11:06 UTC 2025] Launching process for ID: 40 168
[Sat Aug 23 00:11:06 UTC 2025] Launching process for ID: 41 168
[Sat Aug 23 00:11:21 UTC 2025] Launching process for ID: 41 168
[Sat Aug 23 00:11:21 UTC 2025] Launching process for ID: 40 168
[Sat Aug 23 00:11:34 UTC 2025] Launching process for ID: 41 168
[Sat Aug 23 00:11:35 UTC 2025] Launching process for ID: 40 168
[Sat Aug 23 00:11:47 UTC 2025] Launching process for ID: 41 168
[Sat Aug 23 00:11:47 UTC 2025] Launching process for ID: 40 168
[Sat Aug 23 00:12:01 UTC 2025] Launching process for ID: 41 168
[Sat Aug 23 00:12:01 UTC 2025] Launching process for ID: 40 168
[Sat Aug 23 00:12:14 UTC 2025] Launching process for ID: 40 168
[Sat Aug 23 00:12:14 UTC 2025] Launching process for ID: 41 168
[Sat Aug 23 00:12:27 UTC 2025] Launching process for ID: 40 168
[Sat Aug 23 00:12:27 UTC 2025] Launching process for ID: 41 168
[Sat Aug 23 00:12:40 UTC 2025] Launching process for ID: 40 168
[Sat Aug 23 00:12:40 UTC 2025] Launching process for ID: 41 168
[Sat Aug 23 00:12:55 UTC 2025] Launching process for ID: 41 168
[Sat Aug 23 00:12:55 UTC 2025] Launching process for ID: 40 168
[Sat Aug 23 00:13:13 UTC 2025] Launching process for ID: 41 168
[Sat Aug 23 00:13:13 UTC 2025] Launching process for ID: 40 168
[Sat Aug 23 00:13:29 UTC 2025] Launching process for ID: 41 168
[Sat Aug 23 00:13:29 UTC 2025] Launching process for ID: 40 168
[Sat Aug 23 00:13:44 UTC 2025] Launching process for ID: 41 168
[Sat Aug 23 00:13:44 UTC 2025] Launching process for ID: 40 168
[Sat Aug 23 00:13:59 UTC 2025] Launching process for ID: 40 168
[Sat Aug 23 00:13:59 UTC 2025] Launching process for ID: 41 168
[Sat Aug 23 00:14:16 UTC 2025] Launching process for ID: 40 168
[Sat Aug 23 00:14:16 UTC 2025] Launching process for ID: 41 168
[Sat Aug 23 00:14:31 UTC 2025] Launching process for ID: 40 168
[Sat Aug 23 00:14:31 UTC 2025] Launching process for ID: 41 168
[Sat Aug 23 00:14:45 UTC 2025] Launching process for ID: 40 168
[Sat Aug 23 00:14:45 UTC 2025] Launching process for ID: 41 168
[Sat Aug 23 00:14:59 UTC 2025] Launching process for ID: 40 168
[Sat Aug 23 00:14:59 UTC 2025] Launching process for ID: 41 168
[Sat Aug 23 00:15:35 UTC 2025] Launching process for ID: 40 168
[Sat Aug 23 00:15:35 UTC 2025] Launching process for ID: 41 168
[Sat Aug 23 00:16:07 UTC 2025] Launching process for ID: 40 168
[Sat Aug 23 00:16:07 UTC 2025] Launching process for ID: 41 168
[Sat Aug 23 00:16:24 UTC 2025] Launching process for ID: 40 168
[Sat Aug 23 00:16:24 UTC 2025] Launching process for ID: 41 168
[Sat Aug 23 00:16:41 UTC 2025] Launching process for ID: 40 168
[Sat Aug 23 00:16:41 UTC 2025] Launching process for ID: 41 168
[Sat Aug 23 00:16:55 UTC 2025] Launching process for ID: 41 168
[Sat Aug 23 00:16:55 UTC 2025] Launching process for ID: 40 168
[Sat Aug 23 00:17:09 UTC 2025] Launching process for ID: 40 168
[Sat Aug 23 00:17:09 UTC 2025] Launching process for ID: 41 168
[Sat Aug 23 00:17:24 UTC 2025] Launching process for ID: 40 168
[Sat Aug 23 00:17:24 UTC 2025] Launching process for ID: 41 168
[Sat Aug 23 00:17:38 UTC 2025] Launching process for ID: 41 168
[Sat Aug 23 00:17:38 UTC 2025] Launching process for ID: 40 168
[Sat Aug 23 00:17:52 UTC 2025] Launching process for ID: 41 168
[Sat Aug 23 00:17:52 UTC 2025] Launching process for ID: 40 168
[Sat Aug 23 00:18:06 UTC 2025] Launching process for ID: 40 168
[Sat Aug 23 00:18:06 UTC 2025] Launching process for ID: 41 168
[Sat Aug 23 00:18:19 UTC 2025] Launching process for ID: 40 168
[Sat Aug 23 00:18:19 UTC 2025] Launching process for ID: 41 168
[Sat Aug 23 00:18:33 UTC 2025] Launching process for ID: 40 168
[Sat Aug 23 00:18:33 UTC 2025] Launching process for ID: 41 168
[Sat Aug 23 00:18:48 UTC 2025] Launching process for ID: 40 168
[Sat Aug 23 00:18:48 UTC 2025] Launching process for ID: 41 168
[Sat Aug 23 00:34:24 UTC 2025] Success file found for ID: 41. Process complete.
[Sat Aug 23 00:37:25 UTC 2025] Success file found for ID: 40. Process complete.
All processes finished successfully. Exiting.
