Starting process manager for SLURM_ARRAY_TASK_ID: 15 with 2 jobs
Waiting for all 2 background processes to complete...
[Sat Aug 23 00:09:32 UTC 2025] Launching process for ID: 30 168
[Sat Aug 23 00:09:32 UTC 2025] Launching process for ID: 31 168
[Sat Aug 23 00:10:04 UTC 2025] Launching process for ID: 30 168
[Sat Aug 23 00:10:04 UTC 2025] Launching process for ID: 31 168
[Sat Aug 23 00:11:02 UTC 2025] Launching process for ID: 30 168
[Sat Aug 23 00:11:02 UTC 2025] Launching process for ID: 31 168
[Sat Aug 23 00:11:18 UTC 2025] Launching process for ID: 31 168
[Sat Aug 23 00:11:18 UTC 2025] Launching process for ID: 30 168
[Sat Aug 23 00:11:32 UTC 2025] Launching process for ID: 31 168
[Sat Aug 23 00:11:32 UTC 2025] Launching process for ID: 30 168
[Sat Aug 23 00:11:45 UTC 2025] Launching process for ID: 30 168
[Sat Aug 23 00:11:45 UTC 2025] Launching process for ID: 31 168
[Sat Aug 23 00:11:59 UTC 2025] Launching process for ID: 30 168
[Sat Aug 23 00:11:59 UTC 2025] Launching process for ID: 31 168
[Sat Aug 23 00:12:12 UTC 2025] Launching process for ID: 31 168
[Sat Aug 23 00:12:12 UTC 2025] Launching process for ID: 30 168
[Sat Aug 23 00:12:26 UTC 2025] Launching process for ID: 31 168
[Sat Aug 23 00:12:26 UTC 2025] Launching process for ID: 30 168
[Sat Aug 23 00:12:39 UTC 2025] Launching process for ID: 31 168
[Sat Aug 23 00:12:39 UTC 2025] Launching process for ID: 30 168
[Sat Aug 23 00:12:53 UTC 2025] Launching process for ID: 30 168
[Sat Aug 23 00:12:54 UTC 2025] Launching process for ID: 31 168
[Sat Aug 23 00:13:10 UTC 2025] Launching process for ID: 31 168
[Sat Aug 23 00:13:10 UTC 2025] Launching process for ID: 30 168
[Sat Aug 23 00:13:25 UTC 2025] Launching process for ID: 30 168
[Sat Aug 23 00:13:25 UTC 2025] Launching process for ID: 31 168
[Sat Aug 23 00:13:41 UTC 2025] Launching process for ID: 31 168
[Sat Aug 23 00:13:41 UTC 2025] Launching process for ID: 30 168
[Sat Aug 23 00:13:54 UTC 2025] Launching process for ID: 31 168
[Sat Aug 23 00:13:55 UTC 2025] Launching process for ID: 30 168
[Sat Aug 23 00:14:09 UTC 2025] Launching process for ID: 31 168
[Sat Aug 23 00:14:09 UTC 2025] Launching process for ID: 30 168
[Sat Aug 23 00:14:26 UTC 2025] Launching process for ID: 31 168
[Sat Aug 23 00:14:26 UTC 2025] Launching process for ID: 30 168
[Sat Aug 23 00:14:40 UTC 2025] Launching process for ID: 31 168
[Sat Aug 23 00:14:41 UTC 2025] Launching process for ID: 30 168
[Sat Aug 23 00:14:54 UTC 2025] Launching process for ID: 31 168
[Sat Aug 23 00:14:54 UTC 2025] Launching process for ID: 30 168
[Sat Aug 23 00:15:24 UTC 2025] Launching process for ID: 31 168
[Sat Aug 23 00:15:25 UTC 2025] Launching process for ID: 30 168
[Sat Aug 23 00:16:17 UTC 2025] Launching process for ID: 30 168
[Sat Aug 23 00:16:17 UTC 2025] Launching process for ID: 31 168
[Sat Aug 23 00:16:34 UTC 2025] Launching process for ID: 31 168
[Sat Aug 23 00:16:34 UTC 2025] Launching process for ID: 30 168
[Sat Aug 23 00:16:49 UTC 2025] Launching process for ID: 31 168
[Sat Aug 23 00:16:49 UTC 2025] Launching process for ID: 30 168
[Sat Aug 23 00:17:03 UTC 2025] Launching process for ID: 30 168
[Sat Aug 23 00:17:03 UTC 2025] Launching process for ID: 31 168
[Sat Aug 23 00:17:16 UTC 2025] Launching process for ID: 30 168
[Sat Aug 23 00:17:17 UTC 2025] Launching process for ID: 31 168
[Sat Aug 23 00:17:31 UTC 2025] Launching process for ID: 30 168
[Sat Aug 23 00:17:31 UTC 2025] Launching process for ID: 31 168
[Sat Aug 23 00:17:46 UTC 2025] Launching process for ID: 30 168
[Sat Aug 23 00:17:46 UTC 2025] Launching process for ID: 31 168
[Sat Aug 23 00:18:00 UTC 2025] Launching process for ID: 30 168
[Sat Aug 23 00:18:00 UTC 2025] Launching process for ID: 31 168
[Sat Aug 23 00:18:14 UTC 2025] Launching process for ID: 31 168
[Sat Aug 23 00:18:14 UTC 2025] Launching process for ID: 30 168
[Sat Aug 23 00:18:27 UTC 2025] Launching process for ID: 31 168
[Sat Aug 23 00:18:27 UTC 2025] Launching process for ID: 30 168
[Sat Aug 23 00:18:42 UTC 2025] Launching process for ID: 31 168
[Sat Aug 23 00:18:42 UTC 2025] Launching process for ID: 30 168
[Sat Aug 23 00:18:59 UTC 2025] Launching process for ID: 31 168
[Sat Aug 23 00:18:59 UTC 2025] Launching process for ID: 30 168
[Sat Aug 23 00:32:10 UTC 2025] Success file found for ID: 31. Process complete.
[Sat Aug 23 00:33:05 UTC 2025] Success file found for ID: 30. Process complete.
All processes finished successfully. Exiting.
