Starting process manager for SLURM_ARRAY_TASK_ID: 72 with 2 jobs
Waiting for all 2 background processes to complete...
[Sat Aug 23 00:10:57 UTC 2025] Launching process for ID: 145 168
[Sat Aug 23 00:10:57 UTC 2025] Launching process for ID: 144 168
[Sat Aug 23 00:11:26 UTC 2025] Launching process for ID: 145 168
[Sat Aug 23 00:11:26 UTC 2025] Launching process for ID: 144 168
[Sat Aug 23 00:11:39 UTC 2025] Launching process for ID: 145 168
[Sat Aug 23 00:11:39 UTC 2025] Launching process for ID: 144 168
[Sat Aug 23 00:11:52 UTC 2025] Launching process for ID: 145 168
[Sat Aug 23 00:11:52 UTC 2025] Launching process for ID: 144 168
[Sat Aug 23 00:12:05 UTC 2025] Launching process for ID: 144 168
[Sat Aug 23 00:12:05 UTC 2025] Launching process for ID: 145 168
[Sat Aug 23 00:12:18 UTC 2025] Launching process for ID: 144 168
[Sat Aug 23 00:12:18 UTC 2025] Launching process for ID: 145 168
[Sat Aug 23 00:12:30 UTC 2025] Launching process for ID: 144 168
[Sat Aug 23 00:12:30 UTC 2025] Launching process for ID: 145 168
[Sat Aug 23 00:12:44 UTC 2025] Launching process for ID: 145 168
[Sat Aug 23 00:12:44 UTC 2025] Launching process for ID: 144 168
[Sat Aug 23 00:12:58 UTC 2025] Launching process for ID: 144 168
[Sat Aug 23 00:12:58 UTC 2025] Launching process for ID: 145 168
[Sat Aug 23 00:13:16 UTC 2025] Launching process for ID: 144 168
[Sat Aug 23 00:13:16 UTC 2025] Launching process for ID: 145 168
[Sat Aug 23 00:13:32 UTC 2025] Launching process for ID: 145 168
[Sat Aug 23 00:13:32 UTC 2025] Launching process for ID: 144 168
[Sat Aug 23 00:13:46 UTC 2025] Launching process for ID: 144 168
[Sat Aug 23 00:13:46 UTC 2025] Launching process for ID: 145 168
[Sat Aug 23 00:14:01 UTC 2025] Launching process for ID: 145 168
[Sat Aug 23 00:14:01 UTC 2025] Launching process for ID: 144 168
[Sat Aug 23 00:14:19 UTC 2025] Launching process for ID: 144 168
[Sat Aug 23 00:14:19 UTC 2025] Launching process for ID: 145 168
[Sat Aug 23 00:14:34 UTC 2025] Launching process for ID: 145 168
[Sat Aug 23 00:14:34 UTC 2025] Launching process for ID: 144 168
[Sat Aug 23 00:14:47 UTC 2025] Launching process for ID: 144 168
[Sat Aug 23 00:14:47 UTC 2025] Launching process for ID: 145 168
[Sat Aug 23 00:15:01 UTC 2025] Launching process for ID: 145 168
[Sat Aug 23 00:15:01 UTC 2025] Launching process for ID: 144 168
[Sat Aug 23 00:15:32 UTC 2025] Launching process for ID: 144 168
[Sat Aug 23 00:15:32 UTC 2025] Launching process for ID: 145 168
[Sat Aug 23 00:16:08 UTC 2025] Launching process for ID: 144 168
[Sat Aug 23 00:16:08 UTC 2025] Launching process for ID: 145 168
[Sat Aug 23 00:16:25 UTC 2025] Launching process for ID: 145 168
[Sat Aug 23 00:16:25 UTC 2025] Launching process for ID: 144 168
[Sat Aug 23 00:16:46 UTC 2025] Launching process for ID: 144 168
[Sat Aug 23 00:16:46 UTC 2025] Launching process for ID: 145 168
[Sat Aug 23 00:17:02 UTC 2025] Launching process for ID: 145 168
[Sat Aug 23 00:17:02 UTC 2025] Launching process for ID: 144 168
[Sat Aug 23 00:17:15 UTC 2025] Launching process for ID: 145 168
[Sat Aug 23 00:17:15 UTC 2025] Launching process for ID: 144 168
[Sat Aug 23 00:17:29 UTC 2025] Launching process for ID: 145 168
[Sat Aug 23 00:17:30 UTC 2025] Launching process for ID: 144 168
[Sat Aug 23 00:17:44 UTC 2025] Launching process for ID: 145 168
[Sat Aug 23 00:17:44 UTC 2025] Launching process for ID: 144 168
[Sat Aug 23 00:17:59 UTC 2025] Launching process for ID: 144 168
[Sat Aug 23 00:17:59 UTC 2025] Launching process for ID: 145 168
[Sat Aug 23 00:18:12 UTC 2025] Launching process for ID: 145 168
[Sat Aug 23 00:18:12 UTC 2025] Launching process for ID: 144 168
[Sat Aug 23 00:18:25 UTC 2025] Launching process for ID: 144 168
[Sat Aug 23 00:18:25 UTC 2025] Launching process for ID: 145 168
[Sat Aug 23 00:18:38 UTC 2025] Launching process for ID: 145 168
[Sat Aug 23 00:18:38 UTC 2025] Launching process for ID: 144 168
[Sat Aug 23 00:18:53 UTC 2025] Launching process for ID: 144 168
[Sat Aug 23 00:18:53 UTC 2025] Launching process for ID: 145 168
[Sat Aug 23 00:38:08 UTC 2025] Success file found for ID: 144. Process complete.
[Sat Aug 23 00:39:32 UTC 2025] Success file found for ID: 145. Process complete.
All processes finished successfully. Exiting.
