Starting process manager for SLURM_ARRAY_TASK_ID: 13 with 2 jobs
Waiting for all 2 background processes to complete...
[Sat Aug 23 00:09:30 UTC 2025] Launching process for ID: 26 168
[Sat Aug 23 00:09:30 UTC 2025] Launching process for ID: 27 168
[Sat Aug 23 00:10:04 UTC 2025] Launching process for ID: 27 168
[Sat Aug 23 00:10:04 UTC 2025] Launching process for ID: 26 168
[Sat Aug 23 00:11:15 UTC 2025] Launching process for ID: 27 168
[Sat Aug 23 00:11:15 UTC 2025] Launching process for ID: 26 168
[Sat Aug 23 00:11:30 UTC 2025] Launching process for ID: 26 168
[Sat Aug 23 00:11:30 UTC 2025] Launching process for ID: 27 168
[Sat Aug 23 00:11:43 UTC 2025] Launching process for ID: 27 168
[Sat Aug 23 00:11:43 UTC 2025] Launching process for ID: 26 168
[Sat Aug 23 00:11:56 UTC 2025] Launching process for ID: 27 168
[Sat Aug 23 00:11:56 UTC 2025] Launching process for ID: 26 168
[Sat Aug 23 00:12:10 UTC 2025] Launching process for ID: 26 168
[Sat Aug 23 00:12:10 UTC 2025] Launching process for ID: 27 168
[Sat Aug 23 00:12:23 UTC 2025] Launching process for ID: 27 168
[Sat Aug 23 00:12:23 UTC 2025] Launching process for ID: 26 168
[Sat Aug 23 00:12:36 UTC 2025] Launching process for ID: 26 168
[Sat Aug 23 00:12:36 UTC 2025] Launching process for ID: 27 168
[Sat Aug 23 00:12:49 UTC 2025] Launching process for ID: 27 168
[Sat Aug 23 00:12:49 UTC 2025] Launching process for ID: 26 168
[Sat Aug 23 00:13:13 UTC 2025] Launching process for ID: 26 168
[Sat Aug 23 00:13:13 UTC 2025] Launching process for ID: 27 168
[Sat Aug 23 00:13:32 UTC 2025] Launching process for ID: 27 168
[Sat Aug 23 00:13:33 UTC 2025] Launching process for ID: 26 168
[Sat Aug 23 00:13:50 UTC 2025] Launching process for ID: 26 168
[Sat Aug 23 00:13:50 UTC 2025] Launching process for ID: 27 168
[Sat Aug 23 00:14:10 UTC 2025] Launching process for ID: 27 168
[Sat Aug 23 00:14:10 UTC 2025] Launching process for ID: 26 168
[Sat Aug 23 00:14:29 UTC 2025] Launching process for ID: 26 168
[Sat Aug 23 00:14:29 UTC 2025] Launching process for ID: 27 168
[Sat Aug 23 00:14:44 UTC 2025] Launching process for ID: 26 168
[Sat Aug 23 00:14:44 UTC 2025] Launching process for ID: 27 168
[Sat Aug 23 00:14:57 UTC 2025] Launching process for ID: 27 168
[Sat Aug 23 00:14:57 UTC 2025] Launching process for ID: 26 168
[Sat Aug 23 00:15:55 UTC 2025] Launching process for ID: 27 168
[Sat Aug 23 00:15:55 UTC 2025] Launching process for ID: 26 168
[Sat Aug 23 00:16:31 UTC 2025] Launching process for ID: 27 168
[Sat Aug 23 00:16:31 UTC 2025] Launching process for ID: 26 168
[Sat Aug 23 00:16:50 UTC 2025] Launching process for ID: 26 168
[Sat Aug 23 00:16:50 UTC 2025] Launching process for ID: 27 168
[Sat Aug 23 00:17:06 UTC 2025] Launching process for ID: 26 168
[Sat Aug 23 00:17:06 UTC 2025] Launching process for ID: 27 168
[Sat Aug 23 00:17:22 UTC 2025] Launching process for ID: 27 168
[Sat Aug 23 00:17:22 UTC 2025] Launching process for ID: 26 168
[Sat Aug 23 00:17:40 UTC 2025] Launching process for ID: 26 168
[Sat Aug 23 00:17:40 UTC 2025] Launching process for ID: 27 168
[Sat Aug 23 00:18:00 UTC 2025] Launching process for ID: 27 168
[Sat Aug 23 00:18:00 UTC 2025] Launching process for ID: 26 168
[Sat Aug 23 00:18:14 UTC 2025] Launching process for ID: 27 168
[Sat Aug 23 00:18:14 UTC 2025] Launching process for ID: 26 168
[Sat Aug 23 00:18:27 UTC 2025] Launching process for ID: 26 168
[Sat Aug 23 00:18:27 UTC 2025] Launching process for ID: 27 168
[Sat Aug 23 00:18:41 UTC 2025] Launching process for ID: 27 168
[Sat Aug 23 00:18:41 UTC 2025] Launching process for ID: 26 168
[Sat Aug 23 00:18:55 UTC 2025] Launching process for ID: 27 168
[Sat Aug 23 00:18:55 UTC 2025] Launching process for ID: 26 168
[Sat Aug 23 00:30:20 UTC 2025] Success file found for ID: 27. Process complete.
[Sat Aug 23 00:33:33 UTC 2025] Success file found for ID: 26. Process complete.
All processes finished successfully. Exiting.
