Starting process manager for SLURM_ARRAY_TASK_ID: 17 with 2 jobs
Waiting for all 2 background processes to complete...
[Sat Aug 23 00:09:30 UTC 2025] Launching process for ID: 34 168
[Sat Aug 23 00:09:30 UTC 2025] Launching process for ID: 35 168
[Sat Aug 23 00:10:04 UTC 2025] Launching process for ID: 34 168
[Sat Aug 23 00:10:04 UTC 2025] Launching process for ID: 35 168
[Sat Aug 23 00:11:13 UTC 2025] Launching process for ID: 34 168
[Sat Aug 23 00:11:13 UTC 2025] Launching process for ID: 35 168
[Sat Aug 23 00:11:30 UTC 2025] Launching process for ID: 34 168
[Sat Aug 23 00:11:30 UTC 2025] Launching process for ID: 35 168
[Sat Aug 23 00:11:43 UTC 2025] Launching process for ID: 35 168
[Sat Aug 23 00:11:43 UTC 2025] Launching process for ID: 34 168
[Sat Aug 23 00:11:57 UTC 2025] Launching process for ID: 35 168
[Sat Aug 23 00:11:57 UTC 2025] Launching process for ID: 34 168
[Sat Aug 23 00:12:10 UTC 2025] Launching process for ID: 34 168
[Sat Aug 23 00:12:10 UTC 2025] Launching process for ID: 35 168
[Sat Aug 23 00:12:24 UTC 2025] Launching process for ID: 35 168
[Sat Aug 23 00:12:24 UTC 2025] Launching process for ID: 34 168
[Sat Aug 23 00:12:37 UTC 2025] Launching process for ID: 34 168
[Sat Aug 23 00:12:37 UTC 2025] Launching process for ID: 35 168
[Sat Aug 23 00:12:52 UTC 2025] Launching process for ID: 34 168
[Sat Aug 23 00:12:52 UTC 2025] Launching process for ID: 35 168
[Sat Aug 23 00:13:16 UTC 2025] Launching process for ID: 35 168
[Sat Aug 23 00:13:16 UTC 2025] Launching process for ID: 34 168
[Sat Aug 23 00:13:35 UTC 2025] Launching process for ID: 35 168
[Sat Aug 23 00:13:35 UTC 2025] Launching process for ID: 34 168
[Sat Aug 23 00:13:51 UTC 2025] Launching process for ID: 34 168
[Sat Aug 23 00:13:51 UTC 2025] Launching process for ID: 35 168
[Sat Aug 23 00:14:07 UTC 2025] Launching process for ID: 34 168
[Sat Aug 23 00:14:07 UTC 2025] Launching process for ID: 35 168
[Sat Aug 23 00:14:29 UTC 2025] Launching process for ID: 35 168
[Sat Aug 23 00:14:29 UTC 2025] Launching process for ID: 34 168
[Sat Aug 23 00:14:43 UTC 2025] Launching process for ID: 34 168
[Sat Aug 23 00:14:43 UTC 2025] Launching process for ID: 35 168
[Sat Aug 23 00:14:57 UTC 2025] Launching process for ID: 34 168
[Sat Aug 23 00:14:57 UTC 2025] Launching process for ID: 35 168
[Sat Aug 23 00:15:53 UTC 2025] Launching process for ID: 34 168
[Sat Aug 23 00:15:54 UTC 2025] Launching process for ID: 35 168
[Sat Aug 23 00:16:29 UTC 2025] Launching process for ID: 34 168
[Sat Aug 23 00:16:29 UTC 2025] Launching process for ID: 35 168
[Sat Aug 23 00:16:46 UTC 2025] Launching process for ID: 35 168
[Sat Aug 23 00:16:46 UTC 2025] Launching process for ID: 34 168
[Sat Aug 23 00:17:01 UTC 2025] Launching process for ID: 34 168
[Sat Aug 23 00:17:01 UTC 2025] Launching process for ID: 35 168
[Sat Aug 23 00:17:15 UTC 2025] Launching process for ID: 34 168
[Sat Aug 23 00:17:15 UTC 2025] Launching process for ID: 35 168
[Sat Aug 23 00:17:30 UTC 2025] Launching process for ID: 35 168
[Sat Aug 23 00:17:30 UTC 2025] Launching process for ID: 34 168
[Sat Aug 23 00:17:48 UTC 2025] Launching process for ID: 34 168
[Sat Aug 23 00:17:48 UTC 2025] Launching process for ID: 35 168
[Sat Aug 23 00:18:04 UTC 2025] Launching process for ID: 34 168
[Sat Aug 23 00:18:04 UTC 2025] Launching process for ID: 35 168
[Sat Aug 23 00:18:17 UTC 2025] Launching process for ID: 34 168
[Sat Aug 23 00:18:17 UTC 2025] Launching process for ID: 35 168
[Sat Aug 23 00:18:31 UTC 2025] Launching process for ID: 34 168
[Sat Aug 23 00:18:31 UTC 2025] Launching process for ID: 35 168
[Sat Aug 23 00:18:46 UTC 2025] Launching process for ID: 35 168
[Sat Aug 23 00:18:46 UTC 2025] Launching process for ID: 34 168
[Sat Aug 23 00:39:26 UTC 2025] Success file found for ID: 35. Process complete.
[Sat Aug 23 00:40:29 UTC 2025] Success file found for ID: 34. Process complete.
All processes finished successfully. Exiting.
