Starting process manager for SLURM_ARRAY_TASK_ID: 66 with 2 jobs
Waiting for all 2 background processes to complete...
[Sat Aug 23 00:10:41 UTC 2025] Launching process for ID: 132 168
[Sat Aug 23 00:10:41 UTC 2025] Launching process for ID: 133 168
[Sat Aug 23 00:11:26 UTC 2025] Launching process for ID: 132 168
[Sat Aug 23 00:11:26 UTC 2025] Launching process for ID: 133 168
[Sat Aug 23 00:11:41 UTC 2025] Launching process for ID: 133 168
[Sat Aug 23 00:11:41 UTC 2025] Launching process for ID: 132 168
[Sat Aug 23 00:11:55 UTC 2025] Launching process for ID: 132 168
[Sat Aug 23 00:11:55 UTC 2025] Launching process for ID: 133 168
[Sat Aug 23 00:12:09 UTC 2025] Launching process for ID: 133 168
[Sat Aug 23 00:12:09 UTC 2025] Launching process for ID: 132 168
[Sat Aug 23 00:12:24 UTC 2025] Launching process for ID: 132 168
[Sat Aug 23 00:12:24 UTC 2025] Launching process for ID: 133 168
[Sat Aug 23 00:12:37 UTC 2025] Launching process for ID: 132 168
[Sat Aug 23 00:12:38 UTC 2025] Launching process for ID: 133 168
[Sat Aug 23 00:12:53 UTC 2025] Launching process for ID: 133 168
[Sat Aug 23 00:12:53 UTC 2025] Launching process for ID: 132 168
[Sat Aug 23 00:13:18 UTC 2025] Launching process for ID: 133 168
[Sat Aug 23 00:13:18 UTC 2025] Launching process for ID: 132 168
[Sat Aug 23 00:13:38 UTC 2025] Launching process for ID: 132 168
[Sat Aug 23 00:13:38 UTC 2025] Launching process for ID: 133 168
[Sat Aug 23 00:13:55 UTC 2025] Launching process for ID: 132 168
[Sat Aug 23 00:13:55 UTC 2025] Launching process for ID: 133 168
[Sat Aug 23 00:14:11 UTC 2025] Launching process for ID: 132 168
[Sat Aug 23 00:14:11 UTC 2025] Launching process for ID: 133 168
[Sat Aug 23 00:14:31 UTC 2025] Launching process for ID: 133 168
[Sat Aug 23 00:14:31 UTC 2025] Launching process for ID: 132 168
[Sat Aug 23 00:14:46 UTC 2025] Launching process for ID: 133 168
[Sat Aug 23 00:14:46 UTC 2025] Launching process for ID: 132 168
[Sat Aug 23 00:15:00 UTC 2025] Launching process for ID: 132 168
[Sat Aug 23 00:15:00 UTC 2025] Launching process for ID: 133 168
[Sat Aug 23 00:16:12 UTC 2025] Launching process for ID: 132 168
[Sat Aug 23 00:16:12 UTC 2025] Launching process for ID: 133 168
[Sat Aug 23 00:16:34 UTC 2025] Launching process for ID: 132 168
[Sat Aug 23 00:16:34 UTC 2025] Launching process for ID: 133 168
[Sat Aug 23 00:16:52 UTC 2025] Launching process for ID: 133 168
[Sat Aug 23 00:16:52 UTC 2025] Launching process for ID: 132 168
[Sat Aug 23 00:17:07 UTC 2025] Launching process for ID: 132 168
[Sat Aug 23 00:17:07 UTC 2025] Launching process for ID: 133 168
[Sat Aug 23 00:17:21 UTC 2025] Launching process for ID: 133 168
[Sat Aug 23 00:17:21 UTC 2025] Launching process for ID: 132 168
[Sat Aug 23 00:17:38 UTC 2025] Launching process for ID: 132 168
[Sat Aug 23 00:17:38 UTC 2025] Launching process for ID: 133 168
[Sat Aug 23 00:17:56 UTC 2025] Launching process for ID: 133 168
[Sat Aug 23 00:17:56 UTC 2025] Launching process for ID: 132 168
[Sat Aug 23 00:18:11 UTC 2025] Launching process for ID: 132 168
[Sat Aug 23 00:18:11 UTC 2025] Launching process for ID: 133 168
[Sat Aug 23 00:18:25 UTC 2025] Launching process for ID: 133 168
[Sat Aug 23 00:18:26 UTC 2025] Launching process for ID: 132 168
[Sat Aug 23 00:18:40 UTC 2025] Launching process for ID: 133 168
[Sat Aug 23 00:18:40 UTC 2025] Launching process for ID: 132 168
[Sat Aug 23 00:18:55 UTC 2025] Launching process for ID: 132 168
[Sat Aug 23 00:18:55 UTC 2025] Launching process for ID: 133 168
[Sat Aug 23 00:39:05 UTC 2025] Success file found for ID: 133. Process complete.
[Sat Aug 23 00:39:06 UTC 2025] Success file found for ID: 132. Process complete.
All processes finished successfully. Exiting.
