Starting process manager for SLURM_ARRAY_TASK_ID: 71 with 2 jobs
Waiting for all 2 background processes to complete...
[Sat Aug 23 00:10:58 UTC 2025] Launching process for ID: 142 168
[Sat Aug 23 00:10:58 UTC 2025] Launching process for ID: 143 168
[Sat Aug 23 00:11:27 UTC 2025] Launching process for ID: 143 168
[Sat Aug 23 00:11:27 UTC 2025] Launching process for ID: 142 168
[Sat Aug 23 00:11:40 UTC 2025] Launching process for ID: 142 168
[Sat Aug 23 00:11:40 UTC 2025] Launching process for ID: 143 168
[Sat Aug 23 00:11:53 UTC 2025] Launching process for ID: 142 168
[Sat Aug 23 00:11:53 UTC 2025] Launching process for ID: 143 168
[Sat Aug 23 00:12:06 UTC 2025] Launching process for ID: 142 168
[Sat Aug 23 00:12:06 UTC 2025] Launching process for ID: 143 168
[Sat Aug 23 00:12:19 UTC 2025] Launching process for ID: 143 168
[Sat Aug 23 00:12:19 UTC 2025] Launching process for ID: 142 168
[Sat Aug 23 00:12:32 UTC 2025] Launching process for ID: 142 168
[Sat Aug 23 00:12:32 UTC 2025] Launching process for ID: 143 168
[Sat Aug 23 00:12:45 UTC 2025] Launching process for ID: 142 168
[Sat Aug 23 00:12:45 UTC 2025] Launching process for ID: 143 168
[Sat Aug 23 00:13:02 UTC 2025] Launching process for ID: 143 168
[Sat Aug 23 00:13:02 UTC 2025] Launching process for ID: 142 168
[Sat Aug 23 00:13:19 UTC 2025] Launching process for ID: 143 168
[Sat Aug 23 00:13:19 UTC 2025] Launching process for ID: 142 168
[Sat Aug 23 00:13:36 UTC 2025] Launching process for ID: 142 168
[Sat Aug 23 00:13:37 UTC 2025] Launching process for ID: 143 168
[Sat Aug 23 00:13:52 UTC 2025] Launching process for ID: 142 168
[Sat Aug 23 00:13:52 UTC 2025] Launching process for ID: 143 168
[Sat Aug 23 00:14:15 UTC 2025] Launching process for ID: 143 168
[Sat Aug 23 00:14:16 UTC 2025] Launching process for ID: 142 168
[Sat Aug 23 00:14:34 UTC 2025] Launching process for ID: 143 168
[Sat Aug 23 00:14:34 UTC 2025] Launching process for ID: 142 168
[Sat Aug 23 00:14:48 UTC 2025] Launching process for ID: 142 168
[Sat Aug 23 00:14:48 UTC 2025] Launching process for ID: 143 168
[Sat Aug 23 00:15:01 UTC 2025] Launching process for ID: 143 168
[Sat Aug 23 00:15:01 UTC 2025] Launching process for ID: 142 168
[Sat Aug 23 00:16:22 UTC 2025] Launching process for ID: 142 168
[Sat Aug 23 00:16:22 UTC 2025] Launching process for ID: 143 168
[Sat Aug 23 00:16:41 UTC 2025] Launching process for ID: 143 168
[Sat Aug 23 00:16:41 UTC 2025] Launching process for ID: 142 168
[Sat Aug 23 00:16:56 UTC 2025] Launching process for ID: 142 168
[Sat Aug 23 00:16:56 UTC 2025] Launching process for ID: 143 168
[Sat Aug 23 00:17:10 UTC 2025] Launching process for ID: 143 168
[Sat Aug 23 00:17:10 UTC 2025] Launching process for ID: 142 168
[Sat Aug 23 00:17:23 UTC 2025] Launching process for ID: 143 168
[Sat Aug 23 00:17:24 UTC 2025] Launching process for ID: 142 168
[Sat Aug 23 00:17:38 UTC 2025] Launching process for ID: 143 168
[Sat Aug 23 00:17:38 UTC 2025] Launching process for ID: 142 168
[Sat Aug 23 00:17:53 UTC 2025] Launching process for ID: 143 168
[Sat Aug 23 00:17:53 UTC 2025] Launching process for ID: 142 168
[Sat Aug 23 00:18:06 UTC 2025] Launching process for ID: 142 168
[Sat Aug 23 00:18:06 UTC 2025] Launching process for ID: 143 168
[Sat Aug 23 00:18:19 UTC 2025] Launching process for ID: 142 168
[Sat Aug 23 00:18:19 UTC 2025] Launching process for ID: 143 168
[Sat Aug 23 00:18:33 UTC 2025] Launching process for ID: 143 168
[Sat Aug 23 00:18:33 UTC 2025] Launching process for ID: 142 168
[Sat Aug 23 00:18:46 UTC 2025] Launching process for ID: 142 168
[Sat Aug 23 00:18:47 UTC 2025] Launching process for ID: 143 168
[Sat Aug 23 00:37:06 UTC 2025] Success file found for ID: 142. Process complete.
[Sat Aug 23 00:38:17 UTC 2025] Success file found for ID: 143. Process complete.
All processes finished successfully. Exiting.
