Starting process manager for SLURM_ARRAY_TASK_ID: 38 with 2 jobs
Waiting for all 2 background processes to complete...
[Sat Aug 23 00:09:30 UTC 2025] Launching process for ID: 76 168
[Sat Aug 23 00:09:30 UTC 2025] Launching process for ID: 77 168
[Sat Aug 23 00:10:04 UTC 2025] Launching process for ID: 76 168
[Sat Aug 23 00:10:04 UTC 2025] Launching process for ID: 77 168
[Sat Aug 23 00:10:56 UTC 2025] Launching process for ID: 77 168
[Sat Aug 23 00:10:57 UTC 2025] Launching process for ID: 76 168
[Sat Aug 23 00:11:30 UTC 2025] Launching process for ID: 76 168
[Sat Aug 23 00:11:30 UTC 2025] Launching process for ID: 77 168
[Sat Aug 23 00:11:46 UTC 2025] Launching process for ID: 76 168
[Sat Aug 23 00:11:46 UTC 2025] Launching process for ID: 77 168
[Sat Aug 23 00:12:00 UTC 2025] Launching process for ID: 76 168
[Sat Aug 23 00:12:00 UTC 2025] Launching process for ID: 77 168
[Sat Aug 23 00:12:16 UTC 2025] Launching process for ID: 77 168
[Sat Aug 23 00:12:16 UTC 2025] Launching process for ID: 76 168
[Sat Aug 23 00:12:29 UTC 2025] Launching process for ID: 76 168
[Sat Aug 23 00:12:29 UTC 2025] Launching process for ID: 77 168
[Sat Aug 23 00:12:43 UTC 2025] Launching process for ID: 77 168
[Sat Aug 23 00:12:43 UTC 2025] Launching process for ID: 76 168
[Sat Aug 23 00:13:03 UTC 2025] Launching process for ID: 76 168
[Sat Aug 23 00:13:03 UTC 2025] Launching process for ID: 77 168
[Sat Aug 23 00:13:31 UTC 2025] Launching process for ID: 76 168
[Sat Aug 23 00:13:31 UTC 2025] Launching process for ID: 77 168
[Sat Aug 23 00:13:53 UTC 2025] Launching process for ID: 77 168
[Sat Aug 23 00:13:53 UTC 2025] Launching process for ID: 76 168
[Sat Aug 23 00:14:21 UTC 2025] Launching process for ID: 76 168
[Sat Aug 23 00:14:21 UTC 2025] Launching process for ID: 77 168
[Sat Aug 23 00:14:41 UTC 2025] Launching process for ID: 77 168
[Sat Aug 23 00:14:41 UTC 2025] Launching process for ID: 76 168
[Sat Aug 23 00:14:56 UTC 2025] Launching process for ID: 77 168
[Sat Aug 23 00:14:56 UTC 2025] Launching process for ID: 76 168
[Sat Aug 23 00:15:29 UTC 2025] Launching process for ID: 76 168
[Sat Aug 23 00:15:29 UTC 2025] Launching process for ID: 77 168
[Sat Aug 23 00:16:29 UTC 2025] Launching process for ID: 76 168
[Sat Aug 23 00:16:29 UTC 2025] Launching process for ID: 77 168
[Sat Aug 23 00:16:52 UTC 2025] Launching process for ID: 76 168
[Sat Aug 23 00:16:52 UTC 2025] Launching process for ID: 77 168
[Sat Aug 23 00:17:09 UTC 2025] Launching process for ID: 77 168
[Sat Aug 23 00:17:09 UTC 2025] Launching process for ID: 76 168
[Sat Aug 23 00:17:23 UTC 2025] Launching process for ID: 76 168
[Sat Aug 23 00:17:23 UTC 2025] Launching process for ID: 77 168
[Sat Aug 23 00:17:40 UTC 2025] Launching process for ID: 76 168
[Sat Aug 23 00:17:40 UTC 2025] Launching process for ID: 77 168
[Sat Aug 23 00:17:59 UTC 2025] Launching process for ID: 77 168
[Sat Aug 23 00:17:59 UTC 2025] Launching process for ID: 76 168
[Sat Aug 23 00:18:14 UTC 2025] Launching process for ID: 77 168
[Sat Aug 23 00:18:14 UTC 2025] Launching process for ID: 76 168
[Sat Aug 23 00:18:29 UTC 2025] Launching process for ID: 77 168
[Sat Aug 23 00:18:29 UTC 2025] Launching process for ID: 76 168
[Sat Aug 23 00:18:43 UTC 2025] Launching process for ID: 76 168
[Sat Aug 23 00:18:43 UTC 2025] Launching process for ID: 77 168
[Sat Aug 23 00:18:59 UTC 2025] Launching process for ID: 77 168
[Sat Aug 23 00:18:59 UTC 2025] Launching process for ID: 76 168
[Sat Aug 23 00:31:32 UTC 2025] Success file found for ID: 76. Process complete.
[Sat Aug 23 00:32:22 UTC 2025] Success file found for ID: 77. Process complete.
All processes finished successfully. Exiting.
