Starting process manager for SLURM_ARRAY_TASK_ID: 63 with 2 jobs
Waiting for all 2 background processes to complete...
[Sat Aug 23 00:10:39 UTC 2025] Launching process for ID: 127 168
[Sat Aug 23 00:10:39 UTC 2025] Launching process for ID: 126 168
[Sat Aug 23 00:11:14 UTC 2025] Launching process for ID: 126 168
[Sat Aug 23 00:11:14 UTC 2025] Launching process for ID: 127 168
[Sat Aug 23 00:11:27 UTC 2025] Launching process for ID: 127 168
[Sat Aug 23 00:11:27 UTC 2025] Launching process for ID: 126 168
[Sat Aug 23 00:11:39 UTC 2025] Launching process for ID: 127 168
[Sat Aug 23 00:11:39 UTC 2025] Launching process for ID: 126 168
[Sat Aug 23 00:11:52 UTC 2025] Launching process for ID: 126 168
[Sat Aug 23 00:11:52 UTC 2025] Launching process for ID: 127 168
[Sat Aug 23 00:12:05 UTC 2025] Launching process for ID: 126 168
[Sat Aug 23 00:12:05 UTC 2025] Launching process for ID: 127 168
[Sat Aug 23 00:12:17 UTC 2025] Launching process for ID: 127 168
[Sat Aug 23 00:12:17 UTC 2025] Launching process for ID: 126 168
[Sat Aug 23 00:12:29 UTC 2025] Launching process for ID: 126 168
[Sat Aug 23 00:12:29 UTC 2025] Launching process for ID: 127 168
[Sat Aug 23 00:12:41 UTC 2025] Launching process for ID: 126 168
[Sat Aug 23 00:12:41 UTC 2025] Launching process for ID: 127 168
[Sat Aug 23 00:12:55 UTC 2025] Launching process for ID: 127 168
[Sat Aug 23 00:12:55 UTC 2025] Launching process for ID: 126 168
[Sat Aug 23 00:13:12 UTC 2025] Launching process for ID: 126 168
[Sat Aug 23 00:13:13 UTC 2025] Launching process for ID: 127 168
[Sat Aug 23 00:13:26 UTC 2025] Launching process for ID: 127 168
[Sat Aug 23 00:13:27 UTC 2025] Launching process for ID: 126 168
[Sat Aug 23 00:13:40 UTC 2025] Launching process for ID: 126 168
[Sat Aug 23 00:13:40 UTC 2025] Launching process for ID: 127 168
[Sat Aug 23 00:13:53 UTC 2025] Launching process for ID: 127 168
[Sat Aug 23 00:13:53 UTC 2025] Launching process for ID: 126 168
[Sat Aug 23 00:14:08 UTC 2025] Launching process for ID: 126 168
[Sat Aug 23 00:14:08 UTC 2025] Launching process for ID: 127 168
[Sat Aug 23 00:14:23 UTC 2025] Launching process for ID: 127 168
[Sat Aug 23 00:14:23 UTC 2025] Launching process for ID: 126 168
[Sat Aug 23 00:14:36 UTC 2025] Launching process for ID: 126 168
[Sat Aug 23 00:14:37 UTC 2025] Launching process for ID: 127 168
[Sat Aug 23 00:14:48 UTC 2025] Launching process for ID: 126 168
[Sat Aug 23 00:14:48 UTC 2025] Launching process for ID: 127 168
[Sat Aug 23 00:15:01 UTC 2025] Launching process for ID: 126 168
[Sat Aug 23 00:15:01 UTC 2025] Launching process for ID: 127 168
[Sat Aug 23 00:15:48 UTC 2025] Launching process for ID: 127 168
[Sat Aug 23 00:15:48 UTC 2025] Launching process for ID: 126 168
[Sat Aug 23 00:16:17 UTC 2025] Launching process for ID: 127 168
[Sat Aug 23 00:16:17 UTC 2025] Launching process for ID: 126 168
[Sat Aug 23 00:16:33 UTC 2025] Launching process for ID: 126 168
[Sat Aug 23 00:16:34 UTC 2025] Launching process for ID: 127 168
[Sat Aug 23 00:16:47 UTC 2025] Launching process for ID: 127 168
[Sat Aug 23 00:16:48 UTC 2025] Launching process for ID: 126 168
[Sat Aug 23 00:17:01 UTC 2025] Launching process for ID: 126 168
[Sat Aug 23 00:17:01 UTC 2025] Launching process for ID: 127 168
[Sat Aug 23 00:17:14 UTC 2025] Launching process for ID: 126 168
[Sat Aug 23 00:17:14 UTC 2025] Launching process for ID: 127 168
[Sat Aug 23 00:17:28 UTC 2025] Launching process for ID: 126 168
[Sat Aug 23 00:17:28 UTC 2025] Launching process for ID: 127 168
[Sat Aug 23 00:17:42 UTC 2025] Launching process for ID: 126 168
[Sat Aug 23 00:17:42 UTC 2025] Launching process for ID: 127 168
[Sat Aug 23 00:17:56 UTC 2025] Launching process for ID: 127 168
[Sat Aug 23 00:17:56 UTC 2025] Launching process for ID: 126 168
[Sat Aug 23 00:18:08 UTC 2025] Launching process for ID: 126 168
[Sat Aug 23 00:18:08 UTC 2025] Launching process for ID: 127 168
[Sat Aug 23 00:18:21 UTC 2025] Launching process for ID: 127 168
[Sat Aug 23 00:18:21 UTC 2025] Launching process for ID: 126 168
[Sat Aug 23 00:18:34 UTC 2025] Launching process for ID: 126 168
[Sat Aug 23 00:18:34 UTC 2025] Launching process for ID: 127 168
[Sat Aug 23 00:18:47 UTC 2025] Launching process for ID: 126 168
[Sat Aug 23 00:18:48 UTC 2025] Launching process for ID: 127 168
[Sat Aug 23 00:32:38 UTC 2025] Success file found for ID: 126. Process complete.
[Sat Aug 23 00:33:33 UTC 2025] Success file found for ID: 127. Process complete.
All processes finished successfully. Exiting.
