Starting process manager for SLURM_ARRAY_TASK_ID: 45 with 2 jobs
Waiting for all 2 background processes to complete...
[Sat Aug 23 00:09:29 UTC 2025] Launching process for ID: 91 168
[Sat Aug 23 00:09:29 UTC 2025] Launching process for ID: 90 168
[Sat Aug 23 00:10:04 UTC 2025] Launching process for ID: 90 168
[Sat Aug 23 00:10:04 UTC 2025] Launching process for ID: 91 168
[Sat Aug 23 00:11:10 UTC 2025] Launching process for ID: 91 168
[Sat Aug 23 00:11:10 UTC 2025] Launching process for ID: 90 168
[Sat Aug 23 00:11:25 UTC 2025] Launching process for ID: 90 168
[Sat Aug 23 00:11:25 UTC 2025] Launching process for ID: 91 168
[Sat Aug 23 00:11:39 UTC 2025] Launching process for ID: 90 168
[Sat Aug 23 00:11:39 UTC 2025] Launching process for ID: 91 168
[Sat Aug 23 00:11:52 UTC 2025] Launching process for ID: 90 168
[Sat Aug 23 00:11:52 UTC 2025] Launching process for ID: 91 168
[Sat Aug 23 00:12:05 UTC 2025] Launching process for ID: 90 168
[Sat Aug 23 00:12:05 UTC 2025] Launching process for ID: 91 168
[Sat Aug 23 00:12:18 UTC 2025] Launching process for ID: 90 168
[Sat Aug 23 00:12:18 UTC 2025] Launching process for ID: 91 168
[Sat Aug 23 00:12:31 UTC 2025] Launching process for ID: 90 168
[Sat Aug 23 00:12:31 UTC 2025] Launching process for ID: 91 168
[Sat Aug 23 00:12:44 UTC 2025] Launching process for ID: 90 168
[Sat Aug 23 00:12:44 UTC 2025] Launching process for ID: 91 168
[Sat Aug 23 00:13:02 UTC 2025] Launching process for ID: 91 168
[Sat Aug 23 00:13:02 UTC 2025] Launching process for ID: 90 168
[Sat Aug 23 00:13:20 UTC 2025] Launching process for ID: 90 168
[Sat Aug 23 00:13:20 UTC 2025] Launching process for ID: 91 168
[Sat Aug 23 00:13:36 UTC 2025] Launching process for ID: 90 168
[Sat Aug 23 00:13:36 UTC 2025] Launching process for ID: 91 168
[Sat Aug 23 00:13:50 UTC 2025] Launching process for ID: 91 168
[Sat Aug 23 00:13:50 UTC 2025] Launching process for ID: 90 168
[Sat Aug 23 00:14:05 UTC 2025] Launching process for ID: 91 168
[Sat Aug 23 00:14:05 UTC 2025] Launching process for ID: 90 168
[Sat Aug 23 00:14:20 UTC 2025] Launching process for ID: 91 168
[Sat Aug 23 00:14:20 UTC 2025] Launching process for ID: 90 168
[Sat Aug 23 00:14:36 UTC 2025] Launching process for ID: 91 168
[Sat Aug 23 00:14:36 UTC 2025] Launching process for ID: 90 168
[Sat Aug 23 00:14:49 UTC 2025] Launching process for ID: 90 168
[Sat Aug 23 00:14:49 UTC 2025] Launching process for ID: 91 168
[Sat Aug 23 00:15:02 UTC 2025] Launching process for ID: 90 168
[Sat Aug 23 00:15:02 UTC 2025] Launching process for ID: 91 168
[Sat Aug 23 00:16:08 UTC 2025] Launching process for ID: 90 168
[Sat Aug 23 00:16:09 UTC 2025] Launching process for ID: 91 168
[Sat Aug 23 00:16:33 UTC 2025] Launching process for ID: 90 168
[Sat Aug 23 00:16:33 UTC 2025] Launching process for ID: 91 168
[Sat Aug 23 00:16:50 UTC 2025] Launching process for ID: 90 168
[Sat Aug 23 00:16:50 UTC 2025] Launching process for ID: 91 168
[Sat Aug 23 00:17:04 UTC 2025] Launching process for ID: 91 168
[Sat Aug 23 00:17:05 UTC 2025] Launching process for ID: 90 168
[Sat Aug 23 00:17:18 UTC 2025] Launching process for ID: 91 168
[Sat Aug 23 00:17:18 UTC 2025] Launching process for ID: 90 168
[Sat Aug 23 00:17:32 UTC 2025] Launching process for ID: 90 168
[Sat Aug 23 00:17:32 UTC 2025] Launching process for ID: 91 168
[Sat Aug 23 00:17:46 UTC 2025] Launching process for ID: 90 168
[Sat Aug 23 00:17:46 UTC 2025] Launching process for ID: 91 168
[Sat Aug 23 00:18:01 UTC 2025] Launching process for ID: 91 168
[Sat Aug 23 00:18:01 UTC 2025] Launching process for ID: 90 168
[Sat Aug 23 00:18:14 UTC 2025] Launching process for ID: 90 168
[Sat Aug 23 00:18:15 UTC 2025] Launching process for ID: 91 168
[Sat Aug 23 00:18:28 UTC 2025] Launching process for ID: 90 168
[Sat Aug 23 00:18:28 UTC 2025] Launching process for ID: 91 168
[Sat Aug 23 00:18:41 UTC 2025] Launching process for ID: 91 168
[Sat Aug 23 00:18:41 UTC 2025] Launching process for ID: 90 168
[Sat Aug 23 00:18:55 UTC 2025] Launching process for ID: 91 168
[Sat Aug 23 00:18:55 UTC 2025] Launching process for ID: 90 168
[Sat Aug 23 00:38:01 UTC 2025] Success file found for ID: 91. Process complete.
[Sat Aug 23 00:38:05 UTC 2025] Success file found for ID: 90. Process complete.
All processes finished successfully. Exiting.
