Starting process manager for SLURM_ARRAY_TASK_ID: 54 with 2 jobs
Waiting for all 2 background processes to complete...
[Sat Aug 23 00:10:13 UTC 2025] Launching process for ID: 108 168
[Sat Aug 23 00:10:13 UTC 2025] Launching process for ID: 109 168
[Sat Aug 23 00:11:19 UTC 2025] Launching process for ID: 108 168
[Sat Aug 23 00:11:19 UTC 2025] Launching process for ID: 109 168
[Sat Aug 23 00:11:38 UTC 2025] Launching process for ID: 108 168
[Sat Aug 23 00:11:38 UTC 2025] Launching process for ID: 109 168
[Sat Aug 23 00:11:53 UTC 2025] Launching process for ID: 108 168
[Sat Aug 23 00:11:54 UTC 2025] Launching process for ID: 109 168
[Sat Aug 23 00:12:09 UTC 2025] Launching process for ID: 108 168
[Sat Aug 23 00:12:09 UTC 2025] Launching process for ID: 109 168
[Sat Aug 23 00:12:25 UTC 2025] Launching process for ID: 109 168
[Sat Aug 23 00:12:25 UTC 2025] Launching process for ID: 108 168
[Sat Aug 23 00:12:40 UTC 2025] Launching process for ID: 109 168
[Sat Aug 23 00:12:40 UTC 2025] Launching process for ID: 108 168
[Sat Aug 23 00:12:59 UTC 2025] Launching process for ID: 109 168
[Sat Aug 23 00:13:00 UTC 2025] Launching process for ID: 108 168
[Sat Aug 23 00:13:27 UTC 2025] Launching process for ID: 108 168
[Sat Aug 23 00:13:27 UTC 2025] Launching process for ID: 109 168
[Sat Aug 23 00:13:53 UTC 2025] Launching process for ID: 109 168
[Sat Aug 23 00:13:53 UTC 2025] Launching process for ID: 108 168
[Sat Aug 23 00:14:22 UTC 2025] Launching process for ID: 109 168
[Sat Aug 23 00:14:22 UTC 2025] Launching process for ID: 108 168
[Sat Aug 23 00:14:41 UTC 2025] Launching process for ID: 108 168
[Sat Aug 23 00:14:41 UTC 2025] Launching process for ID: 109 168
[Sat Aug 23 00:14:56 UTC 2025] Launching process for ID: 108 168
[Sat Aug 23 00:14:57 UTC 2025] Launching process for ID: 109 168
[Sat Aug 23 00:15:44 UTC 2025] Launching process for ID: 108 168
[Sat Aug 23 00:15:44 UTC 2025] Launching process for ID: 109 168
[Sat Aug 23 00:16:29 UTC 2025] Launching process for ID: 109 168
[Sat Aug 23 00:16:29 UTC 2025] Launching process for ID: 108 168
[Sat Aug 23 00:16:51 UTC 2025] Launching process for ID: 109 168
[Sat Aug 23 00:16:51 UTC 2025] Launching process for ID: 108 168
[Sat Aug 23 00:17:08 UTC 2025] Launching process for ID: 109 168
[Sat Aug 23 00:17:08 UTC 2025] Launching process for ID: 108 168
[Sat Aug 23 00:17:24 UTC 2025] Launching process for ID: 109 168
[Sat Aug 23 00:17:24 UTC 2025] Launching process for ID: 108 168
[Sat Aug 23 00:17:43 UTC 2025] Launching process for ID: 109 168
[Sat Aug 23 00:17:43 UTC 2025] Launching process for ID: 108 168
[Sat Aug 23 00:18:02 UTC 2025] Launching process for ID: 109 168
[Sat Aug 23 00:18:02 UTC 2025] Launching process for ID: 108 168
[Sat Aug 23 00:18:17 UTC 2025] Launching process for ID: 108 168
[Sat Aug 23 00:18:17 UTC 2025] Launching process for ID: 109 168
[Sat Aug 23 00:18:32 UTC 2025] Launching process for ID: 108 168
[Sat Aug 23 00:18:32 UTC 2025] Launching process for ID: 109 168
[Sat Aug 23 00:18:48 UTC 2025] Launching process for ID: 109 168
[Sat Aug 23 00:18:48 UTC 2025] Launching process for ID: 108 168
[Sat Aug 23 00:31:04 UTC 2025] Success file found for ID: 108. Process complete.
[Sat Aug 23 00:32:59 UTC 2025] Success file found for ID: 109. Process complete.
All processes finished successfully. Exiting.
