Starting process manager for SLURM_ARRAY_TASK_ID: 49 with 2 jobs
Waiting for all 2 background processes to complete...
[Sat Aug 23 00:09:31 UTC 2025] Launching process for ID: 98 168
[Sat Aug 23 00:09:31 UTC 2025] Launching process for ID: 99 168
[Sat Aug 23 00:10:18 UTC 2025] Launching process for ID: 99 168
[Sat Aug 23 00:10:18 UTC 2025] Launching process for ID: 98 168
[Sat Aug 23 00:11:11 UTC 2025] Launching process for ID: 98 168
[Sat Aug 23 00:11:11 UTC 2025] Launching process for ID: 99 168
[Sat Aug 23 00:11:31 UTC 2025] Launching process for ID: 98 168
[Sat Aug 23 00:11:31 UTC 2025] Launching process for ID: 99 168
[Sat Aug 23 00:11:47 UTC 2025] Launching process for ID: 99 168
[Sat Aug 23 00:11:47 UTC 2025] Launching process for ID: 98 168
[Sat Aug 23 00:12:02 UTC 2025] Launching process for ID: 99 168
[Sat Aug 23 00:12:02 UTC 2025] Launching process for ID: 98 168
[Sat Aug 23 00:12:18 UTC 2025] Launching process for ID: 99 168
[Sat Aug 23 00:12:18 UTC 2025] Launching process for ID: 98 168
[Sat Aug 23 00:12:32 UTC 2025] Launching process for ID: 98 168
[Sat Aug 23 00:12:32 UTC 2025] Launching process for ID: 99 168
[Sat Aug 23 00:12:47 UTC 2025] Launching process for ID: 99 168
[Sat Aug 23 00:12:47 UTC 2025] Launching process for ID: 98 168
[Sat Aug 23 00:13:10 UTC 2025] Launching process for ID: 99 168
[Sat Aug 23 00:13:10 UTC 2025] Launching process for ID: 98 168
[Sat Aug 23 00:13:36 UTC 2025] Launching process for ID: 98 168
[Sat Aug 23 00:13:36 UTC 2025] Launching process for ID: 99 168
[Sat Aug 23 00:14:00 UTC 2025] Launching process for ID: 98 168
[Sat Aug 23 00:14:00 UTC 2025] Launching process for ID: 99 168
[Sat Aug 23 00:14:30 UTC 2025] Launching process for ID: 98 168
[Sat Aug 23 00:14:30 UTC 2025] Launching process for ID: 99 168
[Sat Aug 23 00:14:48 UTC 2025] Launching process for ID: 98 168
[Sat Aug 23 00:14:48 UTC 2025] Launching process for ID: 99 168
[Sat Aug 23 00:15:03 UTC 2025] Launching process for ID: 99 168
[Sat Aug 23 00:15:03 UTC 2025] Launching process for ID: 98 168
[Sat Aug 23 00:15:50 UTC 2025] Launching process for ID: 99 168
[Sat Aug 23 00:15:50 UTC 2025] Launching process for ID: 98 168
[Sat Aug 23 00:16:26 UTC 2025] Launching process for ID: 98 168
[Sat Aug 23 00:16:26 UTC 2025] Launching process for ID: 99 168
[Sat Aug 23 00:16:47 UTC 2025] Launching process for ID: 98 168
[Sat Aug 23 00:16:47 UTC 2025] Launching process for ID: 99 168
[Sat Aug 23 00:17:02 UTC 2025] Launching process for ID: 99 168
[Sat Aug 23 00:17:02 UTC 2025] Launching process for ID: 98 168
[Sat Aug 23 00:17:18 UTC 2025] Launching process for ID: 99 168
[Sat Aug 23 00:17:18 UTC 2025] Launching process for ID: 98 168
[Sat Aug 23 00:17:34 UTC 2025] Launching process for ID: 98 168
[Sat Aug 23 00:17:34 UTC 2025] Launching process for ID: 99 168
[Sat Aug 23 00:17:54 UTC 2025] Launching process for ID: 98 168
[Sat Aug 23 00:17:54 UTC 2025] Launching process for ID: 99 168
[Sat Aug 23 00:18:09 UTC 2025] Launching process for ID: 98 168
[Sat Aug 23 00:18:09 UTC 2025] Launching process for ID: 99 168
[Sat Aug 23 00:18:24 UTC 2025] Launching process for ID: 98 168
[Sat Aug 23 00:18:24 UTC 2025] Launching process for ID: 99 168
[Sat Aug 23 00:18:38 UTC 2025] Launching process for ID: 98 168
[Sat Aug 23 00:18:38 UTC 2025] Launching process for ID: 99 168
[Sat Aug 23 00:18:53 UTC 2025] Launching process for ID: 98 168
[Sat Aug 23 00:18:53 UTC 2025] Launching process for ID: 99 168
[Sat Aug 23 00:35:28 UTC 2025] Success file found for ID: 98. Process complete.
[Sat Aug 23 00:36:32 UTC 2025] Success file found for ID: 99. Process complete.
All processes finished successfully. Exiting.
