Starting process manager for SLURM_ARRAY_TASK_ID: 77 with 2 jobs
Waiting for all 2 background processes to complete...
[Sat Aug 23 00:10:58 UTC 2025] Launching process for ID: 154 168
[Sat Aug 23 00:10:58 UTC 2025] Launching process for ID: 155 168
[Sat Aug 23 00:11:26 UTC 2025] Launching process for ID: 155 168
[Sat Aug 23 00:11:26 UTC 2025] Launching process for ID: 154 168
[Sat Aug 23 00:11:39 UTC 2025] Launching process for ID: 155 168
[Sat Aug 23 00:11:39 UTC 2025] Launching process for ID: 154 168
[Sat Aug 23 00:11:52 UTC 2025] Launching process for ID: 154 168
[Sat Aug 23 00:11:52 UTC 2025] Launching process for ID: 155 168
[Sat Aug 23 00:12:05 UTC 2025] Launching process for ID: 155 168
[Sat Aug 23 00:12:05 UTC 2025] Launching process for ID: 154 168
[Sat Aug 23 00:12:18 UTC 2025] Launching process for ID: 154 168
[Sat Aug 23 00:12:18 UTC 2025] Launching process for ID: 155 168
[Sat Aug 23 00:12:31 UTC 2025] Launching process for ID: 154 168
[Sat Aug 23 00:12:31 UTC 2025] Launching process for ID: 155 168
[Sat Aug 23 00:12:43 UTC 2025] Launching process for ID: 154 168
[Sat Aug 23 00:12:43 UTC 2025] Launching process for ID: 155 168
[Sat Aug 23 00:12:59 UTC 2025] Launching process for ID: 154 168
[Sat Aug 23 00:12:59 UTC 2025] Launching process for ID: 155 168
[Sat Aug 23 00:13:16 UTC 2025] Launching process for ID: 155 168
[Sat Aug 23 00:13:16 UTC 2025] Launching process for ID: 154 168
[Sat Aug 23 00:13:32 UTC 2025] Launching process for ID: 154 168
[Sat Aug 23 00:13:32 UTC 2025] Launching process for ID: 155 168
[Sat Aug 23 00:13:48 UTC 2025] Launching process for ID: 155 168
[Sat Aug 23 00:13:48 UTC 2025] Launching process for ID: 154 168
[Sat Aug 23 00:14:09 UTC 2025] Launching process for ID: 154 168
[Sat Aug 23 00:14:09 UTC 2025] Launching process for ID: 155 168
[Sat Aug 23 00:14:30 UTC 2025] Launching process for ID: 154 168
[Sat Aug 23 00:14:30 UTC 2025] Launching process for ID: 155 168
[Sat Aug 23 00:14:43 UTC 2025] Launching process for ID: 155 168
[Sat Aug 23 00:14:43 UTC 2025] Launching process for ID: 154 168
[Sat Aug 23 00:14:57 UTC 2025] Launching process for ID: 155 168
[Sat Aug 23 00:14:57 UTC 2025] Launching process for ID: 154 168
[Sat Aug 23 00:16:00 UTC 2025] Launching process for ID: 155 168
[Sat Aug 23 00:16:01 UTC 2025] Launching process for ID: 154 168
[Sat Aug 23 00:16:33 UTC 2025] Launching process for ID: 154 168
[Sat Aug 23 00:16:33 UTC 2025] Launching process for ID: 155 168
[Sat Aug 23 00:16:49 UTC 2025] Launching process for ID: 154 168
[Sat Aug 23 00:16:49 UTC 2025] Launching process for ID: 155 168
[Sat Aug 23 00:17:03 UTC 2025] Launching process for ID: 155 168
[Sat Aug 23 00:17:03 UTC 2025] Launching process for ID: 154 168
[Sat Aug 23 00:17:16 UTC 2025] Launching process for ID: 155 168
[Sat Aug 23 00:17:16 UTC 2025] Launching process for ID: 154 168
[Sat Aug 23 00:17:30 UTC 2025] Launching process for ID: 155 168
[Sat Aug 23 00:17:30 UTC 2025] Launching process for ID: 154 168
[Sat Aug 23 00:17:45 UTC 2025] Launching process for ID: 154 168
[Sat Aug 23 00:17:45 UTC 2025] Launching process for ID: 155 168
[Sat Aug 23 00:17:59 UTC 2025] Launching process for ID: 155 168
[Sat Aug 23 00:17:59 UTC 2025] Launching process for ID: 154 168
[Sat Aug 23 00:18:12 UTC 2025] Launching process for ID: 155 168
[Sat Aug 23 00:18:13 UTC 2025] Launching process for ID: 154 168
[Sat Aug 23 00:18:25 UTC 2025] Launching process for ID: 154 168
[Sat Aug 23 00:18:26 UTC 2025] Launching process for ID: 155 168
[Sat Aug 23 00:18:39 UTC 2025] Launching process for ID: 155 168
[Sat Aug 23 00:18:39 UTC 2025] Launching process for ID: 154 168
[Sat Aug 23 00:18:53 UTC 2025] Launching process for ID: 154 168
[Sat Aug 23 00:18:53 UTC 2025] Launching process for ID: 155 168
[Sat Aug 23 00:39:58 UTC 2025] Success file found for ID: 155. Process complete.
[Sat Aug 23 00:41:53 UTC 2025] Success file found for ID: 154. Process complete.
All processes finished successfully. Exiting.
