Starting process manager for SLURM_ARRAY_TASK_ID: 75 with 2 jobs
Waiting for all 2 background processes to complete...
[Sat Aug 23 00:10:57 UTC 2025] Launching process for ID: 150 168
[Sat Aug 23 00:10:57 UTC 2025] Launching process for ID: 151 168
[Sat Aug 23 00:11:26 UTC 2025] Launching process for ID: 150 168
[Sat Aug 23 00:11:26 UTC 2025] Launching process for ID: 151 168
[Sat Aug 23 00:11:39 UTC 2025] Launching process for ID: 150 168
[Sat Aug 23 00:11:39 UTC 2025] Launching process for ID: 151 168
[Sat Aug 23 00:11:52 UTC 2025] Launching process for ID: 151 168
[Sat Aug 23 00:11:52 UTC 2025] Launching process for ID: 150 168
[Sat Aug 23 00:12:04 UTC 2025] Launching process for ID: 151 168
[Sat Aug 23 00:12:04 UTC 2025] Launching process for ID: 150 168
[Sat Aug 23 00:12:17 UTC 2025] Launching process for ID: 150 168
[Sat Aug 23 00:12:17 UTC 2025] Launching process for ID: 151 168
[Sat Aug 23 00:12:30 UTC 2025] Launching process for ID: 150 168
[Sat Aug 23 00:12:30 UTC 2025] Launching process for ID: 151 168
[Sat Aug 23 00:12:43 UTC 2025] Launching process for ID: 150 168
[Sat Aug 23 00:12:43 UTC 2025] Launching process for ID: 151 168
[Sat Aug 23 00:12:58 UTC 2025] Launching process for ID: 150 168
[Sat Aug 23 00:12:58 UTC 2025] Launching process for ID: 151 168
[Sat Aug 23 00:13:16 UTC 2025] Launching process for ID: 150 168
[Sat Aug 23 00:13:16 UTC 2025] Launching process for ID: 151 168
[Sat Aug 23 00:13:31 UTC 2025] Launching process for ID: 151 168
[Sat Aug 23 00:13:31 UTC 2025] Launching process for ID: 150 168
[Sat Aug 23 00:13:45 UTC 2025] Launching process for ID: 151 168
[Sat Aug 23 00:13:45 UTC 2025] Launching process for ID: 150 168
[Sat Aug 23 00:14:01 UTC 2025] Launching process for ID: 150 168
[Sat Aug 23 00:14:01 UTC 2025] Launching process for ID: 151 168
[Sat Aug 23 00:14:21 UTC 2025] Launching process for ID: 150 168
[Sat Aug 23 00:14:21 UTC 2025] Launching process for ID: 151 168
[Sat Aug 23 00:14:34 UTC 2025] Launching process for ID: 151 168
[Sat Aug 23 00:14:35 UTC 2025] Launching process for ID: 150 168
[Sat Aug 23 00:14:48 UTC 2025] Launching process for ID: 150 168
[Sat Aug 23 00:14:48 UTC 2025] Launching process for ID: 151 168
[Sat Aug 23 00:15:02 UTC 2025] Launching process for ID: 150 168
[Sat Aug 23 00:15:02 UTC 2025] Launching process for ID: 151 168
[Sat Aug 23 00:15:51 UTC 2025] Launching process for ID: 150 168
[Sat Aug 23 00:15:51 UTC 2025] Launching process for ID: 151 168
[Sat Aug 23 00:16:18 UTC 2025] Launching process for ID: 151 168
[Sat Aug 23 00:16:18 UTC 2025] Launching process for ID: 150 168
[Sat Aug 23 00:16:35 UTC 2025] Launching process for ID: 151 168
[Sat Aug 23 00:16:35 UTC 2025] Launching process for ID: 150 168
[Sat Aug 23 00:16:52 UTC 2025] Launching process for ID: 151 168
[Sat Aug 23 00:16:52 UTC 2025] Launching process for ID: 150 168
[Sat Aug 23 00:17:06 UTC 2025] Launching process for ID: 150 168
[Sat Aug 23 00:17:06 UTC 2025] Launching process for ID: 151 168
[Sat Aug 23 00:17:19 UTC 2025] Launching process for ID: 151 168
[Sat Aug 23 00:17:19 UTC 2025] Launching process for ID: 150 168
[Sat Aug 23 00:17:33 UTC 2025] Launching process for ID: 150 168
[Sat Aug 23 00:17:33 UTC 2025] Launching process for ID: 151 168
[Sat Aug 23 00:17:48 UTC 2025] Launching process for ID: 151 168
[Sat Aug 23 00:17:48 UTC 2025] Launching process for ID: 150 168
[Sat Aug 23 00:18:02 UTC 2025] Launching process for ID: 151 168
[Sat Aug 23 00:18:02 UTC 2025] Launching process for ID: 150 168
[Sat Aug 23 00:18:15 UTC 2025] Launching process for ID: 151 168
[Sat Aug 23 00:18:15 UTC 2025] Launching process for ID: 150 168
[Sat Aug 23 00:18:27 UTC 2025] Launching process for ID: 150 168
[Sat Aug 23 00:18:28 UTC 2025] Launching process for ID: 151 168
[Sat Aug 23 00:18:40 UTC 2025] Launching process for ID: 151 168
[Sat Aug 23 00:18:41 UTC 2025] Launching process for ID: 150 168
[Sat Aug 23 00:18:55 UTC 2025] Launching process for ID: 151 168
[Sat Aug 23 00:18:55 UTC 2025] Launching process for ID: 150 168
[Sat Aug 23 00:35:37 UTC 2025] Success file found for ID: 150. Process complete.
[Sat Aug 23 00:37:00 UTC 2025] Success file found for ID: 151. Process complete.
All processes finished successfully. Exiting.
