Starting process manager for SLURM_ARRAY_TASK_ID: 64 with 2 jobs
Waiting for all 2 background processes to complete...
[Sat Aug 23 00:10:42 UTC 2025] Launching process for ID: 128 168
[Sat Aug 23 00:10:42 UTC 2025] Launching process for ID: 129 168
[Sat Aug 23 00:11:22 UTC 2025] Launching process for ID: 128 168
[Sat Aug 23 00:11:22 UTC 2025] Launching process for ID: 129 168
[Sat Aug 23 00:11:38 UTC 2025] Launching process for ID: 129 168
[Sat Aug 23 00:11:39 UTC 2025] Launching process for ID: 128 168
[Sat Aug 23 00:11:53 UTC 2025] Launching process for ID: 129 168
[Sat Aug 23 00:11:53 UTC 2025] Launching process for ID: 128 168
[Sat Aug 23 00:12:08 UTC 2025] Launching process for ID: 128 168
[Sat Aug 23 00:12:08 UTC 2025] Launching process for ID: 129 168
[Sat Aug 23 00:12:22 UTC 2025] Launching process for ID: 128 168
[Sat Aug 23 00:12:22 UTC 2025] Launching process for ID: 129 168
[Sat Aug 23 00:12:36 UTC 2025] Launching process for ID: 129 168
[Sat Aug 23 00:12:36 UTC 2025] Launching process for ID: 128 168
[Sat Aug 23 00:12:50 UTC 2025] Launching process for ID: 129 168
[Sat Aug 23 00:12:50 UTC 2025] Launching process for ID: 128 168
[Sat Aug 23 00:13:11 UTC 2025] Launching process for ID: 129 168
[Sat Aug 23 00:13:11 UTC 2025] Launching process for ID: 128 168
[Sat Aug 23 00:13:31 UTC 2025] Launching process for ID: 128 168
[Sat Aug 23 00:13:31 UTC 2025] Launching process for ID: 129 168
[Sat Aug 23 00:13:51 UTC 2025] Launching process for ID: 129 168
[Sat Aug 23 00:13:51 UTC 2025] Launching process for ID: 128 168
[Sat Aug 23 00:14:12 UTC 2025] Launching process for ID: 129 168
[Sat Aug 23 00:14:12 UTC 2025] Launching process for ID: 128 168
[Sat Aug 23 00:14:30 UTC 2025] Launching process for ID: 128 168
[Sat Aug 23 00:14:30 UTC 2025] Launching process for ID: 129 168
[Sat Aug 23 00:14:45 UTC 2025] Launching process for ID: 128 168
[Sat Aug 23 00:14:45 UTC 2025] Launching process for ID: 129 168
[Sat Aug 23 00:14:59 UTC 2025] Launching process for ID: 128 168
[Sat Aug 23 00:14:59 UTC 2025] Launching process for ID: 129 168
[Sat Aug 23 00:15:41 UTC 2025] Launching process for ID: 129 168
[Sat Aug 23 00:15:41 UTC 2025] Launching process for ID: 128 168
[Sat Aug 23 00:16:19 UTC 2025] Launching process for ID: 128 168
[Sat Aug 23 00:16:19 UTC 2025] Launching process for ID: 129 168
[Sat Aug 23 00:16:40 UTC 2025] Launching process for ID: 128 168
[Sat Aug 23 00:16:40 UTC 2025] Launching process for ID: 129 168
[Sat Aug 23 00:16:58 UTC 2025] Launching process for ID: 129 168
[Sat Aug 23 00:16:58 UTC 2025] Launching process for ID: 128 168
[Sat Aug 23 00:17:12 UTC 2025] Launching process for ID: 129 168
[Sat Aug 23 00:17:12 UTC 2025] Launching process for ID: 128 168
[Sat Aug 23 00:17:28 UTC 2025] Launching process for ID: 129 168
[Sat Aug 23 00:17:28 UTC 2025] Launching process for ID: 128 168
[Sat Aug 23 00:17:47 UTC 2025] Launching process for ID: 128 168
[Sat Aug 23 00:17:47 UTC 2025] Launching process for ID: 129 168
[Sat Aug 23 00:18:03 UTC 2025] Launching process for ID: 128 168
[Sat Aug 23 00:18:04 UTC 2025] Launching process for ID: 129 168
[Sat Aug 23 00:18:19 UTC 2025] Launching process for ID: 128 168
[Sat Aug 23 00:18:19 UTC 2025] Launching process for ID: 129 168
[Sat Aug 23 00:18:33 UTC 2025] Launching process for ID: 128 168
[Sat Aug 23 00:18:34 UTC 2025] Launching process for ID: 129 168
[Sat Aug 23 00:18:49 UTC 2025] Launching process for ID: 128 168
[Sat Aug 23 00:18:49 UTC 2025] Launching process for ID: 129 168
[Sat Aug 23 00:29:43 UTC 2025] Success file found for ID: 128. Process complete.
[Sat Aug 23 00:33:01 UTC 2025] Success file found for ID: 129. Process complete.
All processes finished successfully. Exiting.
