Starting process manager for SLURM_ARRAY_TASK_ID: 81 with 2 jobs
Waiting for all 2 background processes to complete...
[Sat Aug 23 00:10:58 UTC 2025] Launching process for ID: 163 168
[Sat Aug 23 00:10:58 UTC 2025] Launching process for ID: 162 168
[Sat Aug 23 00:11:26 UTC 2025] Launching process for ID: 162 168
[Sat Aug 23 00:11:26 UTC 2025] Launching process for ID: 163 168
[Sat Aug 23 00:11:39 UTC 2025] Launching process for ID: 162 168
[Sat Aug 23 00:11:39 UTC 2025] Launching process for ID: 163 168
[Sat Aug 23 00:11:52 UTC 2025] Launching process for ID: 162 168
[Sat Aug 23 00:11:52 UTC 2025] Launching process for ID: 163 168
[Sat Aug 23 00:12:04 UTC 2025] Launching process for ID: 162 168
[Sat Aug 23 00:12:04 UTC 2025] Launching process for ID: 163 168
[Sat Aug 23 00:12:17 UTC 2025] Launching process for ID: 162 168
[Sat Aug 23 00:12:17 UTC 2025] Launching process for ID: 163 168
[Sat Aug 23 00:12:30 UTC 2025] Launching process for ID: 162 168
[Sat Aug 23 00:12:30 UTC 2025] Launching process for ID: 163 168
[Sat Aug 23 00:12:42 UTC 2025] Launching process for ID: 162 168
[Sat Aug 23 00:12:42 UTC 2025] Launching process for ID: 163 168
[Sat Aug 23 00:12:57 UTC 2025] Launching process for ID: 163 168
[Sat Aug 23 00:12:57 UTC 2025] Launching process for ID: 162 168
[Sat Aug 23 00:13:14 UTC 2025] Launching process for ID: 163 168
[Sat Aug 23 00:13:14 UTC 2025] Launching process for ID: 162 168
[Sat Aug 23 00:13:29 UTC 2025] Launching process for ID: 162 168
[Sat Aug 23 00:13:29 UTC 2025] Launching process for ID: 163 168
[Sat Aug 23 00:13:43 UTC 2025] Launching process for ID: 162 168
[Sat Aug 23 00:13:44 UTC 2025] Launching process for ID: 163 168
[Sat Aug 23 00:13:59 UTC 2025] Launching process for ID: 162 168
[Sat Aug 23 00:13:59 UTC 2025] Launching process for ID: 163 168
[Sat Aug 23 00:14:16 UTC 2025] Launching process for ID: 162 168
[Sat Aug 23 00:14:16 UTC 2025] Launching process for ID: 163 168
[Sat Aug 23 00:14:32 UTC 2025] Launching process for ID: 163 168
[Sat Aug 23 00:14:32 UTC 2025] Launching process for ID: 162 168
[Sat Aug 23 00:14:45 UTC 2025] Launching process for ID: 162 168
[Sat Aug 23 00:14:45 UTC 2025] Launching process for ID: 163 168
[Sat Aug 23 00:14:58 UTC 2025] Launching process for ID: 163 168
[Sat Aug 23 00:14:58 UTC 2025] Launching process for ID: 162 168
[Sat Aug 23 00:15:27 UTC 2025] Launching process for ID: 163 168
[Sat Aug 23 00:15:27 UTC 2025] Launching process for ID: 162 168
[Sat Aug 23 00:16:02 UTC 2025] Launching process for ID: 162 168
[Sat Aug 23 00:16:02 UTC 2025] Launching process for ID: 163 168
[Sat Aug 23 00:16:21 UTC 2025] Launching process for ID: 162 168
[Sat Aug 23 00:16:21 UTC 2025] Launching process for ID: 163 168
[Sat Aug 23 00:16:36 UTC 2025] Launching process for ID: 163 168
[Sat Aug 23 00:16:36 UTC 2025] Launching process for ID: 162 168
[Sat Aug 23 00:16:51 UTC 2025] Launching process for ID: 163 168
[Sat Aug 23 00:16:51 UTC 2025] Launching process for ID: 162 168
[Sat Aug 23 00:17:05 UTC 2025] Launching process for ID: 163 168
[Sat Aug 23 00:17:05 UTC 2025] Launching process for ID: 162 168
[Sat Aug 23 00:17:18 UTC 2025] Launching process for ID: 163 168
[Sat Aug 23 00:17:19 UTC 2025] Launching process for ID: 162 168
[Sat Aug 23 00:17:32 UTC 2025] Launching process for ID: 163 168
[Sat Aug 23 00:17:32 UTC 2025] Launching process for ID: 162 168
[Sat Aug 23 00:17:46 UTC 2025] Launching process for ID: 162 168
[Sat Aug 23 00:17:46 UTC 2025] Launching process for ID: 163 168
[Sat Aug 23 00:17:59 UTC 2025] Launching process for ID: 162 168
[Sat Aug 23 00:18:00 UTC 2025] Launching process for ID: 163 168
[Sat Aug 23 00:18:13 UTC 2025] Launching process for ID: 162 168
[Sat Aug 23 00:18:13 UTC 2025] Launching process for ID: 163 168
[Sat Aug 23 00:18:26 UTC 2025] Launching process for ID: 163 168
[Sat Aug 23 00:18:26 UTC 2025] Launching process for ID: 162 168
[Sat Aug 23 00:18:39 UTC 2025] Launching process for ID: 163 168
[Sat Aug 23 00:18:39 UTC 2025] Launching process for ID: 162 168
[Sat Aug 23 00:18:54 UTC 2025] Launching process for ID: 163 168
[Sat Aug 23 00:18:54 UTC 2025] Launching process for ID: 162 168
[Sat Aug 23 00:39:10 UTC 2025] Success file found for ID: 163. Process complete.
[Sat Aug 23 00:40:28 UTC 2025] Success file found for ID: 162. Process complete.
All processes finished successfully. Exiting.
