Starting process manager for SLURM_ARRAY_TASK_ID: 26 with 2 jobs
Waiting for all 2 background processes to complete...
[Sat Aug 23 00:09:29 UTC 2025] Launching process for ID: 53 168
[Sat Aug 23 00:09:29 UTC 2025] Launching process for ID: 52 168
[Sat Aug 23 00:10:04 UTC 2025] Launching process for ID: 52 168
[Sat Aug 23 00:10:04 UTC 2025] Launching process for ID: 53 168
[Sat Aug 23 00:10:49 UTC 2025] Launching process for ID: 53 168
[Sat Aug 23 00:10:49 UTC 2025] Launching process for ID: 52 168
[Sat Aug 23 00:11:18 UTC 2025] Launching process for ID: 53 168
[Sat Aug 23 00:11:18 UTC 2025] Launching process for ID: 52 168
[Sat Aug 23 00:11:35 UTC 2025] Launching process for ID: 52 168
[Sat Aug 23 00:11:35 UTC 2025] Launching process for ID: 53 168
[Sat Aug 23 00:11:48 UTC 2025] Launching process for ID: 53 168
[Sat Aug 23 00:11:49 UTC 2025] Launching process for ID: 52 168
[Sat Aug 23 00:12:04 UTC 2025] Launching process for ID: 52 168
[Sat Aug 23 00:12:04 UTC 2025] Launching process for ID: 53 168
[Sat Aug 23 00:12:17 UTC 2025] Launching process for ID: 53 168
[Sat Aug 23 00:12:17 UTC 2025] Launching process for ID: 52 168
[Sat Aug 23 00:12:31 UTC 2025] Launching process for ID: 53 168
[Sat Aug 23 00:12:31 UTC 2025] Launching process for ID: 52 168
[Sat Aug 23 00:12:44 UTC 2025] Launching process for ID: 52 168
[Sat Aug 23 00:12:44 UTC 2025] Launching process for ID: 53 168
[Sat Aug 23 00:13:02 UTC 2025] Launching process for ID: 53 168
[Sat Aug 23 00:13:03 UTC 2025] Launching process for ID: 52 168
[Sat Aug 23 00:13:23 UTC 2025] Launching process for ID: 53 168
[Sat Aug 23 00:13:24 UTC 2025] Launching process for ID: 52 168
[Sat Aug 23 00:13:42 UTC 2025] Launching process for ID: 53 168
[Sat Aug 23 00:13:42 UTC 2025] Launching process for ID: 52 168
[Sat Aug 23 00:14:05 UTC 2025] Launching process for ID: 52 168
[Sat Aug 23 00:14:05 UTC 2025] Launching process for ID: 53 168
[Sat Aug 23 00:14:25 UTC 2025] Launching process for ID: 53 168
[Sat Aug 23 00:14:25 UTC 2025] Launching process for ID: 52 168
[Sat Aug 23 00:14:41 UTC 2025] Launching process for ID: 53 168
[Sat Aug 23 00:14:41 UTC 2025] Launching process for ID: 52 168
[Sat Aug 23 00:14:54 UTC 2025] Launching process for ID: 52 168
[Sat Aug 23 00:14:54 UTC 2025] Launching process for ID: 53 168
[Sat Aug 23 00:15:21 UTC 2025] Launching process for ID: 53 168
[Sat Aug 23 00:15:21 UTC 2025] Launching process for ID: 52 168
[Sat Aug 23 00:16:14 UTC 2025] Launching process for ID: 53 168
[Sat Aug 23 00:16:14 UTC 2025] Launching process for ID: 52 168
[Sat Aug 23 00:16:36 UTC 2025] Launching process for ID: 53 168
[Sat Aug 23 00:16:36 UTC 2025] Launching process for ID: 52 168
[Sat Aug 23 00:16:52 UTC 2025] Launching process for ID: 53 168
[Sat Aug 23 00:16:52 UTC 2025] Launching process for ID: 52 168
[Sat Aug 23 00:17:08 UTC 2025] Launching process for ID: 53 168
[Sat Aug 23 00:17:08 UTC 2025] Launching process for ID: 52 168
[Sat Aug 23 00:17:23 UTC 2025] Launching process for ID: 52 168
[Sat Aug 23 00:17:23 UTC 2025] Launching process for ID: 53 168
[Sat Aug 23 00:17:42 UTC 2025] Launching process for ID: 53 168
[Sat Aug 23 00:17:42 UTC 2025] Launching process for ID: 52 168
[Sat Aug 23 00:17:59 UTC 2025] Launching process for ID: 53 168
[Sat Aug 23 00:17:59 UTC 2025] Launching process for ID: 52 168
[Sat Aug 23 00:18:14 UTC 2025] Launching process for ID: 52 168
[Sat Aug 23 00:18:14 UTC 2025] Launching process for ID: 53 168
[Sat Aug 23 00:18:28 UTC 2025] Launching process for ID: 52 168
[Sat Aug 23 00:18:28 UTC 2025] Launching process for ID: 53 168
[Sat Aug 23 00:18:43 UTC 2025] Launching process for ID: 53 168
[Sat Aug 23 00:18:43 UTC 2025] Launching process for ID: 52 168
[Sat Aug 23 00:18:59 UTC 2025] Launching process for ID: 52 168
[Sat Aug 23 00:18:59 UTC 2025] Launching process for ID: 53 168
[Sat Aug 23 00:34:56 UTC 2025] Success file found for ID: 52. Process complete.
[Sat Aug 23 00:36:44 UTC 2025] Success file found for ID: 53. Process complete.
All processes finished successfully. Exiting.
