Starting process manager for SLURM_ARRAY_TASK_ID: 2 with 2 jobs
Waiting for all 2 background processes to complete...
[Sat Aug 23 00:09:24 UTC 2025] Launching process for ID: 5 168
[Sat Aug 23 00:09:24 UTC 2025] Launching process for ID: 4 168
[Sat Aug 23 00:10:04 UTC 2025] Launching process for ID: 5 168
[Sat Aug 23 00:10:04 UTC 2025] Launching process for ID: 4 168
[Sat Aug 23 00:11:12 UTC 2025] Launching process for ID: 5 168
[Sat Aug 23 00:11:12 UTC 2025] Launching process for ID: 4 168
[Sat Aug 23 00:11:33 UTC 2025] Launching process for ID: 5 168
[Sat Aug 23 00:11:34 UTC 2025] Launching process for ID: 4 168
[Sat Aug 23 00:11:48 UTC 2025] Launching process for ID: 5 168
[Sat Aug 23 00:11:48 UTC 2025] Launching process for ID: 4 168
[Sat Aug 23 00:12:03 UTC 2025] Launching process for ID: 5 168
[Sat Aug 23 00:12:03 UTC 2025] Launching process for ID: 4 168
[Sat Aug 23 00:12:20 UTC 2025] Launching process for ID: 4 168
[Sat Aug 23 00:12:20 UTC 2025] Launching process for ID: 5 168
[Sat Aug 23 00:12:33 UTC 2025] Launching process for ID: 5 168
[Sat Aug 23 00:12:33 UTC 2025] Launching process for ID: 4 168
[Sat Aug 23 00:12:46 UTC 2025] Launching process for ID: 4 168
[Sat Aug 23 00:12:47 UTC 2025] Launching process for ID: 5 168
[Sat Aug 23 00:13:13 UTC 2025] Launching process for ID: 5 168
[Sat Aug 23 00:13:14 UTC 2025] Launching process for ID: 4 168
[Sat Aug 23 00:13:40 UTC 2025] Launching process for ID: 4 168
[Sat Aug 23 00:13:41 UTC 2025] Launching process for ID: 5 168
[Sat Aug 23 00:14:08 UTC 2025] Launching process for ID: 4 168
[Sat Aug 23 00:14:08 UTC 2025] Launching process for ID: 5 168
[Sat Aug 23 00:14:37 UTC 2025] Launching process for ID: 5 168
[Sat Aug 23 00:14:37 UTC 2025] Launching process for ID: 4 168
[Sat Aug 23 00:14:54 UTC 2025] Launching process for ID: 4 168
[Sat Aug 23 00:14:54 UTC 2025] Launching process for ID: 5 168
[Sat Aug 23 00:15:17 UTC 2025] Launching process for ID: 4 168
[Sat Aug 23 00:15:17 UTC 2025] Launching process for ID: 5 168
[Sat Aug 23 00:15:59 UTC 2025] Launching process for ID: 5 168
[Sat Aug 23 00:16:00 UTC 2025] Launching process for ID: 4 168
[Sat Aug 23 00:16:36 UTC 2025] Launching process for ID: 5 168
[Sat Aug 23 00:16:36 UTC 2025] Launching process for ID: 4 168
[Sat Aug 23 00:16:54 UTC 2025] Launching process for ID: 4 168
[Sat Aug 23 00:16:54 UTC 2025] Launching process for ID: 5 168
[Sat Aug 23 00:17:10 UTC 2025] Launching process for ID: 5 168
[Sat Aug 23 00:17:10 UTC 2025] Launching process for ID: 4 168
[Sat Aug 23 00:17:25 UTC 2025] Launching process for ID: 4 168
[Sat Aug 23 00:17:26 UTC 2025] Launching process for ID: 5 168
[Sat Aug 23 00:17:42 UTC 2025] Launching process for ID: 5 168
[Sat Aug 23 00:17:42 UTC 2025] Launching process for ID: 4 168
[Sat Aug 23 00:18:00 UTC 2025] Launching process for ID: 4 168
[Sat Aug 23 00:18:00 UTC 2025] Launching process for ID: 5 168
[Sat Aug 23 00:18:15 UTC 2025] Launching process for ID: 4 168
[Sat Aug 23 00:18:16 UTC 2025] Launching process for ID: 5 168
[Sat Aug 23 00:18:29 UTC 2025] Launching process for ID: 4 168
[Sat Aug 23 00:18:29 UTC 2025] Launching process for ID: 5 168
[Sat Aug 23 00:18:43 UTC 2025] Launching process for ID: 4 168
[Sat Aug 23 00:18:43 UTC 2025] Launching process for ID: 5 168
[Sat Aug 23 00:18:58 UTC 2025] Launching process for ID: 5 168
[Sat Aug 23 00:18:58 UTC 2025] Launching process for ID: 4 168
[Sat Aug 23 00:33:39 UTC 2025] Success file found for ID: 5. Process complete.
[Sat Aug 23 00:33:48 UTC 2025] Success file found for ID: 4. Process complete.
All processes finished successfully. Exiting.
