Starting process manager for SLURM_ARRAY_TASK_ID: 33 with 2 jobs
Waiting for all 2 background processes to complete...
[Sat Aug 23 00:09:27 UTC 2025] Launching process for ID: 66 168
[Sat Aug 23 00:09:27 UTC 2025] Launching process for ID: 67 168
[Sat Aug 23 00:10:04 UTC 2025] Launching process for ID: 67 168
[Sat Aug 23 00:10:04 UTC 2025] Launching process for ID: 66 168
[Sat Aug 23 00:11:10 UTC 2025] Launching process for ID: 66 168
[Sat Aug 23 00:11:10 UTC 2025] Launching process for ID: 67 168
[Sat Aug 23 00:11:24 UTC 2025] Launching process for ID: 66 168
[Sat Aug 23 00:11:24 UTC 2025] Launching process for ID: 67 168
[Sat Aug 23 00:11:37 UTC 2025] Launching process for ID: 66 168
[Sat Aug 23 00:11:37 UTC 2025] Launching process for ID: 67 168
[Sat Aug 23 00:11:49 UTC 2025] Launching process for ID: 66 168
[Sat Aug 23 00:11:49 UTC 2025] Launching process for ID: 67 168
[Sat Aug 23 00:12:01 UTC 2025] Launching process for ID: 67 168
[Sat Aug 23 00:12:01 UTC 2025] Launching process for ID: 66 168
[Sat Aug 23 00:12:14 UTC 2025] Launching process for ID: 66 168
[Sat Aug 23 00:12:14 UTC 2025] Launching process for ID: 67 168
[Sat Aug 23 00:12:26 UTC 2025] Launching process for ID: 67 168
[Sat Aug 23 00:12:26 UTC 2025] Launching process for ID: 66 168
[Sat Aug 23 00:12:38 UTC 2025] Launching process for ID: 66 168
[Sat Aug 23 00:12:38 UTC 2025] Launching process for ID: 67 168
[Sat Aug 23 00:12:51 UTC 2025] Launching process for ID: 66 168
[Sat Aug 23 00:12:51 UTC 2025] Launching process for ID: 67 168
[Sat Aug 23 00:13:09 UTC 2025] Launching process for ID: 66 168
[Sat Aug 23 00:13:09 UTC 2025] Launching process for ID: 67 168
[Sat Aug 23 00:13:25 UTC 2025] Launching process for ID: 67 168
[Sat Aug 23 00:13:25 UTC 2025] Launching process for ID: 66 168
[Sat Aug 23 00:13:40 UTC 2025] Launching process for ID: 66 168
[Sat Aug 23 00:13:40 UTC 2025] Launching process for ID: 67 168
[Sat Aug 23 00:13:54 UTC 2025] Launching process for ID: 66 168
[Sat Aug 23 00:13:54 UTC 2025] Launching process for ID: 67 168
[Sat Aug 23 00:14:08 UTC 2025] Launching process for ID: 66 168
[Sat Aug 23 00:14:08 UTC 2025] Launching process for ID: 67 168
[Sat Aug 23 00:14:25 UTC 2025] Launching process for ID: 66 168
[Sat Aug 23 00:14:25 UTC 2025] Launching process for ID: 67 168
[Sat Aug 23 00:14:40 UTC 2025] Launching process for ID: 67 168
[Sat Aug 23 00:14:40 UTC 2025] Launching process for ID: 66 168
[Sat Aug 23 00:14:52 UTC 2025] Launching process for ID: 67 168
[Sat Aug 23 00:14:52 UTC 2025] Launching process for ID: 66 168
[Sat Aug 23 00:15:09 UTC 2025] Launching process for ID: 67 168
[Sat Aug 23 00:15:09 UTC 2025] Launching process for ID: 66 168
[Sat Aug 23 00:16:10 UTC 2025] Launching process for ID: 67 168
[Sat Aug 23 00:16:10 UTC 2025] Launching process for ID: 66 168
[Sat Aug 23 00:16:33 UTC 2025] Launching process for ID: 66 168
[Sat Aug 23 00:16:34 UTC 2025] Launching process for ID: 67 168
[Sat Aug 23 00:16:50 UTC 2025] Launching process for ID: 67 168
[Sat Aug 23 00:16:50 UTC 2025] Launching process for ID: 66 168
[Sat Aug 23 00:17:04 UTC 2025] Launching process for ID: 66 168
[Sat Aug 23 00:17:04 UTC 2025] Launching process for ID: 67 168
[Sat Aug 23 00:17:17 UTC 2025] Launching process for ID: 66 168
[Sat Aug 23 00:17:17 UTC 2025] Launching process for ID: 67 168
[Sat Aug 23 00:17:30 UTC 2025] Launching process for ID: 67 168
[Sat Aug 23 00:17:30 UTC 2025] Launching process for ID: 66 168
[Sat Aug 23 00:17:45 UTC 2025] Launching process for ID: 67 168
[Sat Aug 23 00:17:45 UTC 2025] Launching process for ID: 66 168
[Sat Aug 23 00:18:00 UTC 2025] Launching process for ID: 66 168
[Sat Aug 23 00:18:00 UTC 2025] Launching process for ID: 67 168
[Sat Aug 23 00:18:13 UTC 2025] Launching process for ID: 66 168
[Sat Aug 23 00:18:13 UTC 2025] Launching process for ID: 67 168
[Sat Aug 23 00:18:26 UTC 2025] Launching process for ID: 67 168
[Sat Aug 23 00:18:27 UTC 2025] Launching process for ID: 66 168
[Sat Aug 23 00:18:40 UTC 2025] Launching process for ID: 67 168
[Sat Aug 23 00:18:40 UTC 2025] Launching process for ID: 66 168
[Sat Aug 23 00:18:53 UTC 2025] Launching process for ID: 66 168
[Sat Aug 23 00:18:53 UTC 2025] Launching process for ID: 67 168
[Sat Aug 23 00:36:12 UTC 2025] Success file found for ID: 66. Process complete.
[Sat Aug 23 00:41:14 UTC 2025] Success file found for ID: 67. Process complete.
All processes finished successfully. Exiting.
