Starting process manager for SLURM_ARRAY_TASK_ID: 79 with 2 jobs
Waiting for all 2 background processes to complete...
[Sat Aug 23 00:10:59 UTC 2025] Launching process for ID: 159 168
[Sat Aug 23 00:10:59 UTC 2025] Launching process for ID: 158 168
[Sat Aug 23 00:11:29 UTC 2025] Launching process for ID: 159 168
[Sat Aug 23 00:11:29 UTC 2025] Launching process for ID: 158 168
[Sat Aug 23 00:11:41 UTC 2025] Launching process for ID: 158 168
[Sat Aug 23 00:11:41 UTC 2025] Launching process for ID: 159 168
[Sat Aug 23 00:11:54 UTC 2025] Launching process for ID: 159 168
[Sat Aug 23 00:11:54 UTC 2025] Launching process for ID: 158 168
[Sat Aug 23 00:12:06 UTC 2025] Launching process for ID: 159 168
[Sat Aug 23 00:12:06 UTC 2025] Launching process for ID: 158 168
[Sat Aug 23 00:12:19 UTC 2025] Launching process for ID: 158 168
[Sat Aug 23 00:12:19 UTC 2025] Launching process for ID: 159 168
[Sat Aug 23 00:12:31 UTC 2025] Launching process for ID: 158 168
[Sat Aug 23 00:12:31 UTC 2025] Launching process for ID: 159 168
[Sat Aug 23 00:12:44 UTC 2025] Launching process for ID: 158 168
[Sat Aug 23 00:12:44 UTC 2025] Launching process for ID: 159 168
[Sat Aug 23 00:13:00 UTC 2025] Launching process for ID: 159 168
[Sat Aug 23 00:13:00 UTC 2025] Launching process for ID: 158 168
[Sat Aug 23 00:13:19 UTC 2025] Launching process for ID: 158 168
[Sat Aug 23 00:13:19 UTC 2025] Launching process for ID: 159 168
[Sat Aug 23 00:13:36 UTC 2025] Launching process for ID: 158 168
[Sat Aug 23 00:13:36 UTC 2025] Launching process for ID: 159 168
[Sat Aug 23 00:13:52 UTC 2025] Launching process for ID: 159 168
[Sat Aug 23 00:13:52 UTC 2025] Launching process for ID: 158 168
[Sat Aug 23 00:14:17 UTC 2025] Launching process for ID: 158 168
[Sat Aug 23 00:14:18 UTC 2025] Launching process for ID: 159 168
[Sat Aug 23 00:14:37 UTC 2025] Launching process for ID: 158 168
[Sat Aug 23 00:14:37 UTC 2025] Launching process for ID: 159 168
[Sat Aug 23 00:14:49 UTC 2025] Launching process for ID: 158 168
[Sat Aug 23 00:14:49 UTC 2025] Launching process for ID: 159 168
[Sat Aug 23 00:15:02 UTC 2025] Launching process for ID: 158 168
[Sat Aug 23 00:15:02 UTC 2025] Launching process for ID: 159 168
[Sat Aug 23 00:16:17 UTC 2025] Launching process for ID: 159 168
[Sat Aug 23 00:16:17 UTC 2025] Launching process for ID: 158 168
[Sat Aug 23 00:16:40 UTC 2025] Launching process for ID: 158 168
[Sat Aug 23 00:16:40 UTC 2025] Launching process for ID: 159 168
[Sat Aug 23 00:16:54 UTC 2025] Launching process for ID: 158 168
[Sat Aug 23 00:16:54 UTC 2025] Launching process for ID: 159 168
[Sat Aug 23 00:17:08 UTC 2025] Launching process for ID: 159 168
[Sat Aug 23 00:17:08 UTC 2025] Launching process for ID: 158 168
[Sat Aug 23 00:17:21 UTC 2025] Launching process for ID: 158 168
[Sat Aug 23 00:17:21 UTC 2025] Launching process for ID: 159 168
[Sat Aug 23 00:17:34 UTC 2025] Launching process for ID: 158 168
[Sat Aug 23 00:17:34 UTC 2025] Launching process for ID: 159 168
[Sat Aug 23 00:17:50 UTC 2025] Launching process for ID: 158 168
[Sat Aug 23 00:17:50 UTC 2025] Launching process for ID: 159 168
[Sat Aug 23 00:18:04 UTC 2025] Launching process for ID: 159 168
[Sat Aug 23 00:18:04 UTC 2025] Launching process for ID: 158 168
[Sat Aug 23 00:18:17 UTC 2025] Launching process for ID: 159 168
[Sat Aug 23 00:18:18 UTC 2025] Launching process for ID: 158 168
[Sat Aug 23 00:18:30 UTC 2025] Launching process for ID: 159 168
[Sat Aug 23 00:18:30 UTC 2025] Launching process for ID: 158 168
[Sat Aug 23 00:18:43 UTC 2025] Launching process for ID: 159 168
[Sat Aug 23 00:18:43 UTC 2025] Launching process for ID: 158 168
[Sat Aug 23 00:18:56 UTC 2025] Launching process for ID: 159 168
[Sat Aug 23 00:18:56 UTC 2025] Launching process for ID: 158 168
[Sat Aug 23 00:36:50 UTC 2025] Success file found for ID: 159. Process complete.
[Sat Aug 23 00:37:53 UTC 2025] Success file found for ID: 158. Process complete.
All processes finished successfully. Exiting.
