Starting process manager for SLURM_ARRAY_TASK_ID: 30 with 2 jobs
Waiting for all 2 background processes to complete...
[Sat Aug 23 00:09:26 UTC 2025] Launching process for ID: 60 168
[Sat Aug 23 00:09:26 UTC 2025] Launching process for ID: 61 168
[Sat Aug 23 00:10:04 UTC 2025] Launching process for ID: 60 168
[Sat Aug 23 00:10:04 UTC 2025] Launching process for ID: 61 168
[Sat Aug 23 00:10:48 UTC 2025] Launching process for ID: 61 168
[Sat Aug 23 00:10:48 UTC 2025] Launching process for ID: 60 168
[Sat Aug 23 00:11:17 UTC 2025] Launching process for ID: 60 168
[Sat Aug 23 00:11:17 UTC 2025] Launching process for ID: 61 168
[Sat Aug 23 00:11:34 UTC 2025] Launching process for ID: 61 168
[Sat Aug 23 00:11:34 UTC 2025] Launching process for ID: 60 168
[Sat Aug 23 00:11:48 UTC 2025] Launching process for ID: 61 168
[Sat Aug 23 00:11:48 UTC 2025] Launching process for ID: 60 168
[Sat Aug 23 00:12:02 UTC 2025] Launching process for ID: 60 168
[Sat Aug 23 00:12:02 UTC 2025] Launching process for ID: 61 168
[Sat Aug 23 00:12:17 UTC 2025] Launching process for ID: 60 168
[Sat Aug 23 00:12:17 UTC 2025] Launching process for ID: 61 168
[Sat Aug 23 00:12:30 UTC 2025] Launching process for ID: 60 168
[Sat Aug 23 00:12:30 UTC 2025] Launching process for ID: 61 168
[Sat Aug 23 00:12:44 UTC 2025] Launching process for ID: 61 168
[Sat Aug 23 00:12:44 UTC 2025] Launching process for ID: 60 168
[Sat Aug 23 00:13:02 UTC 2025] Launching process for ID: 61 168
[Sat Aug 23 00:13:02 UTC 2025] Launching process for ID: 60 168
[Sat Aug 23 00:13:23 UTC 2025] Launching process for ID: 61 168
[Sat Aug 23 00:13:23 UTC 2025] Launching process for ID: 60 168
[Sat Aug 23 00:13:43 UTC 2025] Launching process for ID: 60 168
[Sat Aug 23 00:13:43 UTC 2025] Launching process for ID: 61 168
[Sat Aug 23 00:14:03 UTC 2025] Launching process for ID: 61 168
[Sat Aug 23 00:14:03 UTC 2025] Launching process for ID: 60 168
[Sat Aug 23 00:14:24 UTC 2025] Launching process for ID: 61 168
[Sat Aug 23 00:14:24 UTC 2025] Launching process for ID: 60 168
[Sat Aug 23 00:14:41 UTC 2025] Launching process for ID: 60 168
[Sat Aug 23 00:14:41 UTC 2025] Launching process for ID: 61 168
[Sat Aug 23 00:14:56 UTC 2025] Launching process for ID: 61 168
[Sat Aug 23 00:14:56 UTC 2025] Launching process for ID: 60 168
[Sat Aug 23 00:15:26 UTC 2025] Launching process for ID: 61 168
[Sat Aug 23 00:15:26 UTC 2025] Launching process for ID: 60 168
[Sat Aug 23 00:16:07 UTC 2025] Launching process for ID: 61 168
[Sat Aug 23 00:16:07 UTC 2025] Launching process for ID: 60 168
[Sat Aug 23 00:16:33 UTC 2025] Launching process for ID: 60 168
[Sat Aug 23 00:16:33 UTC 2025] Launching process for ID: 61 168
[Sat Aug 23 00:16:51 UTC 2025] Launching process for ID: 61 168
[Sat Aug 23 00:16:51 UTC 2025] Launching process for ID: 60 168
[Sat Aug 23 00:17:07 UTC 2025] Launching process for ID: 61 168
[Sat Aug 23 00:17:08 UTC 2025] Launching process for ID: 60 168
[Sat Aug 23 00:17:22 UTC 2025] Launching process for ID: 60 168
[Sat Aug 23 00:17:22 UTC 2025] Launching process for ID: 61 168
[Sat Aug 23 00:17:38 UTC 2025] Launching process for ID: 60 168
[Sat Aug 23 00:17:38 UTC 2025] Launching process for ID: 61 168
[Sat Aug 23 00:17:55 UTC 2025] Launching process for ID: 61 168
[Sat Aug 23 00:17:55 UTC 2025] Launching process for ID: 60 168
[Sat Aug 23 00:18:10 UTC 2025] Launching process for ID: 60 168
[Sat Aug 23 00:18:10 UTC 2025] Launching process for ID: 61 168
[Sat Aug 23 00:18:24 UTC 2025] Launching process for ID: 60 168
[Sat Aug 23 00:18:24 UTC 2025] Launching process for ID: 61 168
[Sat Aug 23 00:18:38 UTC 2025] Launching process for ID: 61 168
[Sat Aug 23 00:18:38 UTC 2025] Launching process for ID: 60 168
[Sat Aug 23 00:18:53 UTC 2025] Launching process for ID: 60 168
[Sat Aug 23 00:18:53 UTC 2025] Launching process for ID: 61 168
[Sat Aug 23 00:33:28 UTC 2025] Success file found for ID: 60. Process complete.
[Sat Aug 23 00:33:32 UTC 2025] Success file found for ID: 61. Process complete.
All processes finished successfully. Exiting.
