Starting process manager for SLURM_ARRAY_TASK_ID: 10 with 2 jobs
Waiting for all 2 background processes to complete...
[Sat Aug 23 00:09:35 UTC 2025] Launching process for ID: 20 168
[Sat Aug 23 00:09:35 UTC 2025] Launching process for ID: 21 168
[Sat Aug 23 00:10:05 UTC 2025] Launching process for ID: 21 168
[Sat Aug 23 00:10:05 UTC 2025] Launching process for ID: 20 168
[Sat Aug 23 00:11:16 UTC 2025] Launching process for ID: 21 168
[Sat Aug 23 00:11:16 UTC 2025] Launching process for ID: 20 168
[Sat Aug 23 00:11:31 UTC 2025] Launching process for ID: 21 168
[Sat Aug 23 00:11:31 UTC 2025] Launching process for ID: 20 168
[Sat Aug 23 00:11:45 UTC 2025] Launching process for ID: 20 168
[Sat Aug 23 00:11:45 UTC 2025] Launching process for ID: 21 168
[Sat Aug 23 00:11:59 UTC 2025] Launching process for ID: 20 168
[Sat Aug 23 00:11:59 UTC 2025] Launching process for ID: 21 168
[Sat Aug 23 00:12:14 UTC 2025] Launching process for ID: 20 168
[Sat Aug 23 00:12:14 UTC 2025] Launching process for ID: 21 168
[Sat Aug 23 00:12:27 UTC 2025] Launching process for ID: 21 168
[Sat Aug 23 00:12:27 UTC 2025] Launching process for ID: 20 168
[Sat Aug 23 00:12:40 UTC 2025] Launching process for ID: 20 168
[Sat Aug 23 00:12:41 UTC 2025] Launching process for ID: 21 168
[Sat Aug 23 00:13:03 UTC 2025] Launching process for ID: 20 168
[Sat Aug 23 00:13:03 UTC 2025] Launching process for ID: 21 168
[Sat Aug 23 00:13:26 UTC 2025] Launching process for ID: 20 168
[Sat Aug 23 00:13:26 UTC 2025] Launching process for ID: 21 168
[Sat Aug 23 00:13:44 UTC 2025] Launching process for ID: 20 168
[Sat Aug 23 00:13:44 UTC 2025] Launching process for ID: 21 168
[Sat Aug 23 00:14:01 UTC 2025] Launching process for ID: 20 168
[Sat Aug 23 00:14:01 UTC 2025] Launching process for ID: 21 168
[Sat Aug 23 00:14:20 UTC 2025] Launching process for ID: 21 168
[Sat Aug 23 00:14:20 UTC 2025] Launching process for ID: 20 168
[Sat Aug 23 00:14:35 UTC 2025] Launching process for ID: 21 168
[Sat Aug 23 00:14:36 UTC 2025] Launching process for ID: 20 168
[Sat Aug 23 00:14:49 UTC 2025] Launching process for ID: 21 168
[Sat Aug 23 00:14:49 UTC 2025] Launching process for ID: 20 168
[Sat Aug 23 00:15:03 UTC 2025] Launching process for ID: 21 168
[Sat Aug 23 00:15:03 UTC 2025] Launching process for ID: 20 168
[Sat Aug 23 00:16:23 UTC 2025] Launching process for ID: 20 168
[Sat Aug 23 00:16:24 UTC 2025] Launching process for ID: 21 168
[Sat Aug 23 00:16:40 UTC 2025] Launching process for ID: 20 168
[Sat Aug 23 00:16:41 UTC 2025] Launching process for ID: 21 168
[Sat Aug 23 00:16:56 UTC 2025] Launching process for ID: 21 168
[Sat Aug 23 00:16:56 UTC 2025] Launching process for ID: 20 168
[Sat Aug 23 00:17:10 UTC 2025] Launching process for ID: 20 168
[Sat Aug 23 00:17:10 UTC 2025] Launching process for ID: 21 168
[Sat Aug 23 00:17:24 UTC 2025] Launching process for ID: 21 168
[Sat Aug 23 00:17:24 UTC 2025] Launching process for ID: 20 168
[Sat Aug 23 00:17:41 UTC 2025] Launching process for ID: 20 168
[Sat Aug 23 00:17:41 UTC 2025] Launching process for ID: 21 168
[Sat Aug 23 00:17:57 UTC 2025] Launching process for ID: 20 168
[Sat Aug 23 00:17:57 UTC 2025] Launching process for ID: 21 168
[Sat Aug 23 00:18:11 UTC 2025] Launching process for ID: 20 168
[Sat Aug 23 00:18:11 UTC 2025] Launching process for ID: 21 168
[Sat Aug 23 00:18:25 UTC 2025] Launching process for ID: 20 168
[Sat Aug 23 00:18:25 UTC 2025] Launching process for ID: 21 168
[Sat Aug 23 00:18:38 UTC 2025] Launching process for ID: 21 168
[Sat Aug 23 00:18:39 UTC 2025] Launching process for ID: 20 168
[Sat Aug 23 00:18:52 UTC 2025] Launching process for ID: 21 168
[Sat Aug 23 00:18:52 UTC 2025] Launching process for ID: 20 168
[Sat Aug 23 00:28:35 UTC 2025] Success file found for ID: 21. Process complete.
[Sat Aug 23 00:29:45 UTC 2025] Success file found for ID: 20. Process complete.
All processes finished successfully. Exiting.
