Starting process manager for SLURM_ARRAY_TASK_ID: 62 with 2 jobs
Waiting for all 2 background processes to complete...
[Sat Aug 23 00:10:15 UTC 2025] Launching process for ID: 124 168
[Sat Aug 23 00:10:15 UTC 2025] Launching process for ID: 125 168
[Sat Aug 23 00:11:25 UTC 2025] Launching process for ID: 124 168
[Sat Aug 23 00:11:25 UTC 2025] Launching process for ID: 125 168
[Sat Aug 23 00:11:40 UTC 2025] Launching process for ID: 124 168
[Sat Aug 23 00:11:40 UTC 2025] Launching process for ID: 125 168
[Sat Aug 23 00:11:54 UTC 2025] Launching process for ID: 125 168
[Sat Aug 23 00:11:54 UTC 2025] Launching process for ID: 124 168
[Sat Aug 23 00:12:08 UTC 2025] Launching process for ID: 125 168
[Sat Aug 23 00:12:08 UTC 2025] Launching process for ID: 124 168
[Sat Aug 23 00:12:23 UTC 2025] Launching process for ID: 124 168
[Sat Aug 23 00:12:23 UTC 2025] Launching process for ID: 125 168
[Sat Aug 23 00:12:37 UTC 2025] Launching process for ID: 124 168
[Sat Aug 23 00:12:37 UTC 2025] Launching process for ID: 125 168
[Sat Aug 23 00:12:52 UTC 2025] Launching process for ID: 125 168
[Sat Aug 23 00:12:52 UTC 2025] Launching process for ID: 124 168
[Sat Aug 23 00:13:20 UTC 2025] Launching process for ID: 125 168
[Sat Aug 23 00:13:20 UTC 2025] Launching process for ID: 124 168
[Sat Aug 23 00:13:46 UTC 2025] Launching process for ID: 124 168
[Sat Aug 23 00:13:46 UTC 2025] Launching process for ID: 125 168
[Sat Aug 23 00:14:14 UTC 2025] Launching process for ID: 125 168
[Sat Aug 23 00:14:14 UTC 2025] Launching process for ID: 124 168
[Sat Aug 23 00:14:37 UTC 2025] Launching process for ID: 125 168
[Sat Aug 23 00:14:37 UTC 2025] Launching process for ID: 124 168
[Sat Aug 23 00:14:52 UTC 2025] Launching process for ID: 124 168
[Sat Aug 23 00:14:52 UTC 2025] Launching process for ID: 125 168
[Sat Aug 23 00:15:37 UTC 2025] Launching process for ID: 125 168
[Sat Aug 23 00:15:37 UTC 2025] Launching process for ID: 124 168
[Sat Aug 23 00:16:53 UTC 2025] Launching process for ID: 124 168
[Sat Aug 23 00:16:53 UTC 2025] Launching process for ID: 125 168
[Sat Aug 23 00:17:17 UTC 2025] Launching process for ID: 125 168
[Sat Aug 23 00:17:17 UTC 2025] Launching process for ID: 124 168
[Sat Aug 23 00:17:37 UTC 2025] Launching process for ID: 124 168
[Sat Aug 23 00:17:37 UTC 2025] Launching process for ID: 125 168
[Sat Aug 23 00:18:01 UTC 2025] Launching process for ID: 125 168
[Sat Aug 23 00:18:01 UTC 2025] Launching process for ID: 124 168
[Sat Aug 23 00:18:25 UTC 2025] Launching process for ID: 125 168
[Sat Aug 23 00:18:25 UTC 2025] Launching process for ID: 124 168
[Sat Aug 23 00:18:46 UTC 2025] Launching process for ID: 125 168
[Sat Aug 23 00:18:46 UTC 2025] Launching process for ID: 124 168
[Sat Aug 23 00:35:28 UTC 2025] Success file found for ID: 125. Process complete.
[Sat Aug 23 00:36:40 UTC 2025] Success file found for ID: 124. Process complete.
All processes finished successfully. Exiting.
