Starting process manager for SLURM_ARRAY_TASK_ID: 57 with 2 jobs
Waiting for all 2 background processes to complete...
[Sat Aug 23 00:10:13 UTC 2025] Launching process for ID: 114 168
[Sat Aug 23 00:10:13 UTC 2025] Launching process for ID: 115 168
[Sat Aug 23 00:11:07 UTC 2025] Launching process for ID: 114 168
[Sat Aug 23 00:11:07 UTC 2025] Launching process for ID: 115 168
[Sat Aug 23 00:11:23 UTC 2025] Launching process for ID: 115 168
[Sat Aug 23 00:11:23 UTC 2025] Launching process for ID: 114 168
[Sat Aug 23 00:11:37 UTC 2025] Launching process for ID: 115 168
[Sat Aug 23 00:11:37 UTC 2025] Launching process for ID: 114 168
[Sat Aug 23 00:11:52 UTC 2025] Launching process for ID: 115 168
[Sat Aug 23 00:11:52 UTC 2025] Launching process for ID: 114 168
[Sat Aug 23 00:12:07 UTC 2025] Launching process for ID: 114 168
[Sat Aug 23 00:12:07 UTC 2025] Launching process for ID: 115 168
[Sat Aug 23 00:12:21 UTC 2025] Launching process for ID: 115 168
[Sat Aug 23 00:12:21 UTC 2025] Launching process for ID: 114 168
[Sat Aug 23 00:12:34 UTC 2025] Launching process for ID: 114 168
[Sat Aug 23 00:12:34 UTC 2025] Launching process for ID: 115 168
[Sat Aug 23 00:12:48 UTC 2025] Launching process for ID: 114 168
[Sat Aug 23 00:12:48 UTC 2025] Launching process for ID: 115 168
[Sat Aug 23 00:13:06 UTC 2025] Launching process for ID: 115 168
[Sat Aug 23 00:13:07 UTC 2025] Launching process for ID: 114 168
[Sat Aug 23 00:13:26 UTC 2025] Launching process for ID: 115 168
[Sat Aug 23 00:13:26 UTC 2025] Launching process for ID: 114 168
[Sat Aug 23 00:13:46 UTC 2025] Launching process for ID: 115 168
[Sat Aug 23 00:13:46 UTC 2025] Launching process for ID: 114 168
[Sat Aug 23 00:14:05 UTC 2025] Launching process for ID: 114 168
[Sat Aug 23 00:14:06 UTC 2025] Launching process for ID: 115 168
[Sat Aug 23 00:14:23 UTC 2025] Launching process for ID: 114 168
[Sat Aug 23 00:14:23 UTC 2025] Launching process for ID: 115 168
[Sat Aug 23 00:14:40 UTC 2025] Launching process for ID: 115 168
[Sat Aug 23 00:14:40 UTC 2025] Launching process for ID: 114 168
[Sat Aug 23 00:14:53 UTC 2025] Launching process for ID: 114 168
[Sat Aug 23 00:14:53 UTC 2025] Launching process for ID: 115 168
[Sat Aug 23 00:15:19 UTC 2025] Launching process for ID: 115 168
[Sat Aug 23 00:15:19 UTC 2025] Launching process for ID: 114 168
[Sat Aug 23 00:16:08 UTC 2025] Launching process for ID: 114 168
[Sat Aug 23 00:16:08 UTC 2025] Launching process for ID: 115 168
[Sat Aug 23 00:16:28 UTC 2025] Launching process for ID: 114 168
[Sat Aug 23 00:16:28 UTC 2025] Launching process for ID: 115 168
[Sat Aug 23 00:16:47 UTC 2025] Launching process for ID: 114 168
[Sat Aug 23 00:16:47 UTC 2025] Launching process for ID: 115 168
[Sat Aug 23 00:17:02 UTC 2025] Launching process for ID: 115 168
[Sat Aug 23 00:17:02 UTC 2025] Launching process for ID: 114 168
[Sat Aug 23 00:17:17 UTC 2025] Launching process for ID: 114 168
[Sat Aug 23 00:17:17 UTC 2025] Launching process for ID: 115 168
[Sat Aug 23 00:17:32 UTC 2025] Launching process for ID: 115 168
[Sat Aug 23 00:17:33 UTC 2025] Launching process for ID: 114 168
[Sat Aug 23 00:17:48 UTC 2025] Launching process for ID: 115 168
[Sat Aug 23 00:17:48 UTC 2025] Launching process for ID: 114 168
[Sat Aug 23 00:18:02 UTC 2025] Launching process for ID: 115 168
[Sat Aug 23 00:18:02 UTC 2025] Launching process for ID: 114 168
[Sat Aug 23 00:18:16 UTC 2025] Launching process for ID: 115 168
[Sat Aug 23 00:18:16 UTC 2025] Launching process for ID: 114 168
[Sat Aug 23 00:18:30 UTC 2025] Launching process for ID: 115 168
[Sat Aug 23 00:18:30 UTC 2025] Launching process for ID: 114 168
[Sat Aug 23 00:18:44 UTC 2025] Launching process for ID: 114 168
[Sat Aug 23 00:18:44 UTC 2025] Launching process for ID: 115 168
[Sat Aug 23 00:37:17 UTC 2025] Success file found for ID: 115. Process complete.
[Sat Aug 23 00:41:28 UTC 2025] Success file found for ID: 114. Process complete.
All processes finished successfully. Exiting.
