Starting process manager for SLURM_ARRAY_TASK_ID: 39 with 2 jobs
Waiting for all 2 background processes to complete...
[Sat Aug 23 00:09:28 UTC 2025] Launching process for ID: 78 168
[Sat Aug 23 00:09:28 UTC 2025] Launching process for ID: 79 168
[Sat Aug 23 00:10:04 UTC 2025] Launching process for ID: 79 168
[Sat Aug 23 00:10:04 UTC 2025] Launching process for ID: 78 168
[Sat Aug 23 00:10:47 UTC 2025] Launching process for ID: 78 168
[Sat Aug 23 00:10:48 UTC 2025] Launching process for ID: 79 168
[Sat Aug 23 00:11:09 UTC 2025] Launching process for ID: 79 168
[Sat Aug 23 00:11:10 UTC 2025] Launching process for ID: 78 168
[Sat Aug 23 00:11:22 UTC 2025] Launching process for ID: 79 168
[Sat Aug 23 00:11:23 UTC 2025] Launching process for ID: 78 168
[Sat Aug 23 00:11:35 UTC 2025] Launching process for ID: 78 168
[Sat Aug 23 00:11:35 UTC 2025] Launching process for ID: 79 168
[Sat Aug 23 00:11:48 UTC 2025] Launching process for ID: 79 168
[Sat Aug 23 00:11:48 UTC 2025] Launching process for ID: 78 168
[Sat Aug 23 00:12:00 UTC 2025] Launching process for ID: 78 168
[Sat Aug 23 00:12:00 UTC 2025] Launching process for ID: 79 168
[Sat Aug 23 00:12:13 UTC 2025] Launching process for ID: 79 168
[Sat Aug 23 00:12:13 UTC 2025] Launching process for ID: 78 168
[Sat Aug 23 00:12:25 UTC 2025] Launching process for ID: 78 168
[Sat Aug 23 00:12:26 UTC 2025] Launching process for ID: 79 168
[Sat Aug 23 00:12:38 UTC 2025] Launching process for ID: 78 168
[Sat Aug 23 00:12:38 UTC 2025] Launching process for ID: 79 168
[Sat Aug 23 00:12:50 UTC 2025] Launching process for ID: 78 168
[Sat Aug 23 00:12:51 UTC 2025] Launching process for ID: 79 168
[Sat Aug 23 00:13:05 UTC 2025] Launching process for ID: 78 168
[Sat Aug 23 00:13:06 UTC 2025] Launching process for ID: 79 168
[Sat Aug 23 00:13:20 UTC 2025] Launching process for ID: 79 168
[Sat Aug 23 00:13:20 UTC 2025] Launching process for ID: 78 168
[Sat Aug 23 00:13:33 UTC 2025] Launching process for ID: 78 168
[Sat Aug 23 00:13:34 UTC 2025] Launching process for ID: 79 168
[Sat Aug 23 00:13:47 UTC 2025] Launching process for ID: 78 168
[Sat Aug 23 00:13:47 UTC 2025] Launching process for ID: 79 168
[Sat Aug 23 00:14:00 UTC 2025] Launching process for ID: 79 168
[Sat Aug 23 00:14:00 UTC 2025] Launching process for ID: 78 168
[Sat Aug 23 00:14:15 UTC 2025] Launching process for ID: 79 168
[Sat Aug 23 00:14:15 UTC 2025] Launching process for ID: 78 168
[Sat Aug 23 00:14:30 UTC 2025] Launching process for ID: 78 168
[Sat Aug 23 00:14:30 UTC 2025] Launching process for ID: 79 168
[Sat Aug 23 00:14:43 UTC 2025] Launching process for ID: 79 168
[Sat Aug 23 00:14:43 UTC 2025] Launching process for ID: 78 168
[Sat Aug 23 00:14:56 UTC 2025] Launching process for ID: 79 168
[Sat Aug 23 00:14:56 UTC 2025] Launching process for ID: 78 168
[Sat Aug 23 00:15:36 UTC 2025] Launching process for ID: 78 168
[Sat Aug 23 00:15:36 UTC 2025] Launching process for ID: 79 168
[Sat Aug 23 00:16:13 UTC 2025] Launching process for ID: 78 168
[Sat Aug 23 00:16:14 UTC 2025] Launching process for ID: 79 168
[Sat Aug 23 00:16:30 UTC 2025] Launching process for ID: 78 168
[Sat Aug 23 00:16:31 UTC 2025] Launching process for ID: 79 168
[Sat Aug 23 00:16:45 UTC 2025] Launching process for ID: 78 168
[Sat Aug 23 00:16:45 UTC 2025] Launching process for ID: 79 168
[Sat Aug 23 00:16:59 UTC 2025] Launching process for ID: 79 168
[Sat Aug 23 00:16:59 UTC 2025] Launching process for ID: 78 168
[Sat Aug 23 00:17:12 UTC 2025] Launching process for ID: 79 168
[Sat Aug 23 00:17:12 UTC 2025] Launching process for ID: 78 168
[Sat Aug 23 00:17:25 UTC 2025] Launching process for ID: 78 168
[Sat Aug 23 00:17:26 UTC 2025] Launching process for ID: 79 168
[Sat Aug 23 00:17:40 UTC 2025] Launching process for ID: 79 168
[Sat Aug 23 00:17:41 UTC 2025] Launching process for ID: 78 168
[Sat Aug 23 00:17:55 UTC 2025] Launching process for ID: 78 168
[Sat Aug 23 00:17:55 UTC 2025] Launching process for ID: 79 168
[Sat Aug 23 00:18:08 UTC 2025] Launching process for ID: 79 168
[Sat Aug 23 00:18:08 UTC 2025] Launching process for ID: 78 168
[Sat Aug 23 00:18:20 UTC 2025] Launching process for ID: 78 168
[Sat Aug 23 00:18:20 UTC 2025] Launching process for ID: 79 168
[Sat Aug 23 00:18:33 UTC 2025] Launching process for ID: 78 168
[Sat Aug 23 00:18:33 UTC 2025] Launching process for ID: 79 168
[Sat Aug 23 00:18:46 UTC 2025] Launching process for ID: 79 168
[Sat Aug 23 00:18:46 UTC 2025] Launching process for ID: 78 168
[Sat Aug 23 00:32:04 UTC 2025] Success file found for ID: 79. Process complete.
[Sat Aug 23 00:34:09 UTC 2025] Success file found for ID: 78. Process complete.
All processes finished successfully. Exiting.
