Starting process manager for SLURM_ARRAY_TASK_ID: 32 with 2 jobs
Waiting for all 2 background processes to complete...
[Sat Aug 23 00:09:29 UTC 2025] Launching process for ID: 64 168
[Sat Aug 23 00:09:29 UTC 2025] Launching process for ID: 65 168
[Sat Aug 23 00:10:04 UTC 2025] Launching process for ID: 64 168
[Sat Aug 23 00:10:04 UTC 2025] Launching process for ID: 65 168
[Sat Aug 23 00:10:50 UTC 2025] Launching process for ID: 65 168
[Sat Aug 23 00:10:50 UTC 2025] Launching process for ID: 64 168
[Sat Aug 23 00:11:12 UTC 2025] Launching process for ID: 65 168
[Sat Aug 23 00:11:12 UTC 2025] Launching process for ID: 64 168
[Sat Aug 23 00:11:27 UTC 2025] Launching process for ID: 65 168
[Sat Aug 23 00:11:27 UTC 2025] Launching process for ID: 64 168
[Sat Aug 23 00:11:41 UTC 2025] Launching process for ID: 65 168
[Sat Aug 23 00:11:41 UTC 2025] Launching process for ID: 64 168
[Sat Aug 23 00:11:54 UTC 2025] Launching process for ID: 64 168
[Sat Aug 23 00:11:54 UTC 2025] Launching process for ID: 65 168
[Sat Aug 23 00:12:08 UTC 2025] Launching process for ID: 64 168
[Sat Aug 23 00:12:08 UTC 2025] Launching process for ID: 65 168
[Sat Aug 23 00:12:21 UTC 2025] Launching process for ID: 65 168
[Sat Aug 23 00:12:21 UTC 2025] Launching process for ID: 64 168
[Sat Aug 23 00:12:34 UTC 2025] Launching process for ID: 64 168
[Sat Aug 23 00:12:34 UTC 2025] Launching process for ID: 65 168
[Sat Aug 23 00:12:47 UTC 2025] Launching process for ID: 65 168
[Sat Aug 23 00:12:47 UTC 2025] Launching process for ID: 64 168
[Sat Aug 23 00:13:05 UTC 2025] Launching process for ID: 65 168
[Sat Aug 23 00:13:05 UTC 2025] Launching process for ID: 64 168
[Sat Aug 23 00:13:25 UTC 2025] Launching process for ID: 64 168
[Sat Aug 23 00:13:25 UTC 2025] Launching process for ID: 65 168
[Sat Aug 23 00:13:44 UTC 2025] Launching process for ID: 64 168
[Sat Aug 23 00:13:44 UTC 2025] Launching process for ID: 65 168
[Sat Aug 23 00:14:03 UTC 2025] Launching process for ID: 65 168
[Sat Aug 23 00:14:03 UTC 2025] Launching process for ID: 64 168
[Sat Aug 23 00:14:23 UTC 2025] Launching process for ID: 65 168
[Sat Aug 23 00:14:23 UTC 2025] Launching process for ID: 64 168
[Sat Aug 23 00:14:39 UTC 2025] Launching process for ID: 65 168
[Sat Aug 23 00:14:39 UTC 2025] Launching process for ID: 64 168
[Sat Aug 23 00:14:52 UTC 2025] Launching process for ID: 64 168
[Sat Aug 23 00:14:52 UTC 2025] Launching process for ID: 65 168
[Sat Aug 23 00:15:14 UTC 2025] Launching process for ID: 64 168
[Sat Aug 23 00:15:14 UTC 2025] Launching process for ID: 65 168
[Sat Aug 23 00:16:03 UTC 2025] Launching process for ID: 65 168
[Sat Aug 23 00:16:03 UTC 2025] Launching process for ID: 64 168
[Sat Aug 23 00:16:25 UTC 2025] Launching process for ID: 65 168
[Sat Aug 23 00:16:25 UTC 2025] Launching process for ID: 64 168
[Sat Aug 23 00:16:45 UTC 2025] Launching process for ID: 65 168
[Sat Aug 23 00:16:45 UTC 2025] Launching process for ID: 64 168
[Sat Aug 23 00:17:01 UTC 2025] Launching process for ID: 65 168
[Sat Aug 23 00:17:01 UTC 2025] Launching process for ID: 64 168
[Sat Aug 23 00:17:14 UTC 2025] Launching process for ID: 65 168
[Sat Aug 23 00:17:14 UTC 2025] Launching process for ID: 64 168
[Sat Aug 23 00:17:29 UTC 2025] Launching process for ID: 64 168
[Sat Aug 23 00:17:29 UTC 2025] Launching process for ID: 65 168
[Sat Aug 23 00:17:44 UTC 2025] Launching process for ID: 64 168
[Sat Aug 23 00:17:44 UTC 2025] Launching process for ID: 65 168
[Sat Aug 23 00:17:58 UTC 2025] Launching process for ID: 64 168
[Sat Aug 23 00:17:58 UTC 2025] Launching process for ID: 65 168
[Sat Aug 23 00:18:12 UTC 2025] Launching process for ID: 64 168
[Sat Aug 23 00:18:12 UTC 2025] Launching process for ID: 65 168
[Sat Aug 23 00:18:26 UTC 2025] Launching process for ID: 65 168
[Sat Aug 23 00:18:26 UTC 2025] Launching process for ID: 64 168
[Sat Aug 23 00:18:38 UTC 2025] Launching process for ID: 65 168
[Sat Aug 23 00:18:38 UTC 2025] Launching process for ID: 64 168
[Sat Aug 23 00:18:53 UTC 2025] Launching process for ID: 64 168
[Sat Aug 23 00:18:53 UTC 2025] Launching process for ID: 65 168
[Sat Aug 23 00:35:20 UTC 2025] Success file found for ID: 64. Process complete.
[Sat Aug 23 00:36:27 UTC 2025] Success file found for ID: 65. Process complete.
All processes finished successfully. Exiting.
