/home/cgokmen/miniconda3/envs/behavior/bin/python: No module named omnigibson.examples.scenes.import_hssd_scenes
/home/cgokmen/miniconda3/envs/behavior/bin/python: No module named omnigibson.examples.scenes.import_hssd_scenes
/home/cgokmen/miniconda3/envs/behavior/bin/python: No module named omnigibson.examples.scenes.import_hssd_scenes
/home/cgokmen/miniconda3/envs/behavior/bin/python: No module named omnigibson.examples.scenes.import_hssd_scenes
/home/cgokmen/miniconda3/envs/behavior/bin/python: No module named omnigibson.examples.scenes.import_hssd_scenes
/home/cgokmen/miniconda3/envs/behavior/bin/python: No module named omnigibson.examples.scenes.import_hssd_scenes
/home/cgokmen/miniconda3/envs/behavior/bin/python: No module named omnigibson.examples.scenes.import_hssd_scenes
/home/cgokmen/miniconda3/envs/behavior/bin/python: No module named omnigibson.examples.scenes.import_hssd_scenes
/home/cgokmen/miniconda3/envs/behavior/bin/python: No module named omnigibson.examples.scenes.import_hssd_scenes
/home/cgokmen/miniconda3/envs/behavior/bin/python: No module named omnigibson.examples.scenes.import_hssd_scenes
/home/cgokmen/miniconda3/envs/behavior/bin/python: No module named omnigibson.examples.scenes.import_hssd_scenes
/home/cgokmen/miniconda3/envs/behavior/bin/python: No module named omnigibson.examples.scenes.import_hssd_scenes
/home/cgokmen/miniconda3/envs/behavior/bin/python: No module named omnigibson.examples.scenes.import_hssd_scenes
/home/cgokmen/miniconda3/envs/behavior/bin/python: No module named omnigibson.examples.scenes.import_hssd_scenes
/home/cgokmen/miniconda3/envs/behavior/bin/python: No module named omnigibson.examples.scenes.import_hssd_scenes
/home/cgokmen/miniconda3/envs/behavior/bin/python: No module named omnigibson.examples.scenes.import_hssd_scenes
/home/cgokmen/miniconda3/envs/behavior/bin/python: No module named omnigibson.examples.scenes.import_hssd_scenes
/home/cgokmen/miniconda3/envs/behavior/bin/python: No module named omnigibson.examples.scenes.import_hssd_scenes
/home/cgokmen/miniconda3/envs/behavior/bin/python: No module named omnigibson.examples.scenes.import_hssd_scenes
/home/cgokmen/miniconda3/envs/behavior/bin/python: No module named omnigibson.examples.scenes.import_hssd_scenes
/home/cgokmen/miniconda3/envs/behavior/bin/python: No module named omnigibson.examples.scenes.import_hssd_scenes
/home/cgokmen/miniconda3/envs/behavior/bin/python: No module named omnigibson.examples.scenes.import_hssd_scenes
/home/cgokmen/miniconda3/envs/behavior/bin/python: No module named omnigibson.examples.scenes.import_hssd_scenes
/home/cgokmen/miniconda3/envs/behavior/bin/python: No module named omnigibson.examples.scenes.import_hssd_scenes
/home/cgokmen/miniconda3/envs/behavior/bin/python: No module named omnigibson.examples.scenes.import_hssd_scenes
/home/cgokmen/miniconda3/envs/behavior/bin/python: No module named omnigibson.examples.scenes.import_hssd_scenes
/home/cgokmen/miniconda3/envs/behavior/bin/python: No module named omnigibson.examples.scenes.import_hssd_scenes
  0%|          | 0/1 [00:00<?, ?it/s][INFO] [omnigibson.simulator] ----- Starting OmniGibson. This will take 10-30 seconds... -----
Starting kit application with the following args:  ['/opt/hpcaas/.mounts/fs-0565f60d669b6a2d3/home/cgokmen/miniconda3/envs/behavior/lib/python3.10/site-packages/isaacsim/exts/isaacsim.simulation_app/isaacsim/simulation_app/simulation_app.py', '/opt/hpcaas/.mounts/fs-0565f60d669b6a2d3/home/cgokmen/miniconda3/envs/behavior/lib/python3.10/site-packages/isaacsim/apps/omnigibson_4_5_0.kit', '--/app/tokens/exe-path=/opt/hpcaas/.mounts/fs-0565f60d669b6a2d3/home/cgokmen/miniconda3/envs/behavior/lib/python3.10/site-packages/omni', '--/persistent/app/viewport/displayOptions=3094', '--/rtx/materialDb/syncLoads=True', '--/rtx/hydra/materialSyncLoads=True', '--/omni.kit.plugin/syncUsdLoads=True', '--/app/renderer/resolution/width=1280', '--/app/renderer/resolution/height=720', '--/app/window/width=1440', '--/app/window/height=900', '--/renderer/multiGpu/enabled=False', '--/app/fastShutdown=True', '--/app/installSignalHandlers=0', '--ext-folder', '/opt/hpcaas/.mounts/fs-0565f60d669b6a2d3/home/cgokmen/miniconda3/envs/behavior/lib/python3.10/site-packages/isaacsim/exts', '--ext-folder', '/opt/hpcaas/.mounts/fs-0565f60d669b6a2d3/home/cgokmen/miniconda3/envs/behavior/lib/python3.10/site-packages/isaacsim/apps', '--/physics/cudaDevice=0', '--portable', '--no-window', '--/app/window/hideUi=1']
Passing the following args to the base kit application:  ['37', '168']
[Info] [carb] Logging to file: /opt/hpcaas/.mounts/fs-0565f60d669b6a2d3/home/cgokmen/miniconda3/envs/behavior/lib/python3.10/site-packages/omni/logs/Kit/OmniGibson/3.7/kit_20250823_001901.log
2025-08-23 00:19:01 [0ms] [Warning] [omni.kit.app.plugin] No crash reporter present, dumps uploading isn't available.
[4.909s] [ext: omni.kit.async_engine-0.0.1] startup
[DEBUG] [asyncio] Using selector: EpollSelector
[34.404s] [ext: omni.metrics.core-0.0.1] startup
[34.418s] [ext: omni.client.lib-1.0.0] startup
[35.367s] [ext: omni.blobkey-1.1.2] startup
[35.381s] [ext: omni.stats-1.0.1] startup
[35.402s] [ext: omni.datastore-0.0.0] startup
[35.735s] [ext: omni.client-1.2.2] startup
[35.949s] [ext: omni.ujitso.default-1.0.0] startup
[35.979s] [ext: omni.hsscclient-1.1.1] startup
2025-08-23 00:19:36 [35,719ms] [Warning] [omni.datastore] OmniHub is inaccessible
[39.021s] [ext: omni.gpu_foundation.shadercache.vulkan-1.0.0] startup
[39.029s] [ext: omni.assets.plugins-0.0.0] startup
[39.035s] [ext: omni.gpu_foundation-0.0.0] startup
[39.057s] [ext: carb.windowing.plugins-1.0.0] startup
2025-08-23 00:19:39 [38,776ms] [Warning] [carb.windowing-glfw.plugin] GLFW initialization failed.
2025-08-23 00:19:39 [38,776ms] [Warning] [carb] Failed to startup plugin carb.windowing-glfw.plugin (interfaces: [carb::windowing::IGLContext v1.0],[carb::windowing::IWindowing v1.5]) (impl: carb.windowing-glfw.plugin)
[39.063s] [ext: omni.kit.renderer.init-0.0.0] startup
2025-08-23 00:19:39 [38,874ms] [Warning] [omni.platforminfo.plugin] failed to open the default display.  Can't verify X Server version.
2025-08-23 00:19:40 [38,958ms] [Warning] [gpu.foundation.plugin] [ShaderCache]: 95 percent of the driver's shadercache size limit has been reached. Max size: 4000.00 MB, Currently used: 3886.00 MB. To avoid a persistent long startup or USD load time on every app launch, recommended to free space by deleting driver caches using one of the following methods:
- By running the app with --/renderer/shadercache/driverDiskCache/flush=true (only once).
- Or by manually deleting the following folders: '%LOCALAPPDATA%/NVIDIA/DXCache/Omniverse' (Windows-DX) or '$omni_cache/shaders/nv_shadercache' (Windows-Vulkan, Linux-Vulkan).
Driver caches will be re-generated which may take a few minutes on the next launch.
2025-08-23 00:19:40 [39,805ms] [Warning] [carb.cudainterop.plugin] CUDA_VISIBLE_DEVICES environment variable is set.
2025-08-23 00:19:40 [39,805ms] [Warning] [carb.cudainterop.plugin] Note CUDA device enumeration and Omniverse device enumeration are different.
2025-08-23 00:19:40 [39,805ms] [Warning] [carb.cudainterop.plugin] Setting CUDA_VISIBLE_DEVICES can lead to undesired behavior or crashes.

|---------------------------------------------------------------------------------------------|
| Driver Version: 570.172.08    | Graphics API: Vulkan
|=============================================================================================|
| GPU | Name                             | Active | LDA | GPU Memory | Vendor-ID | LUID       |
|     |                                  |        |     |            | Device-ID | UUID       |
|     |                                  |        |     |            | Bus-ID    |            |
|---------------------------------------------------------------------------------------------|
| 0   | NVIDIA A100-SXM4-80GB            | Yes: 0 |     | 147446  MB | 10de      | 0          |
|     |                                  |        |     |            | 20b2      | 8c28c5fa.. |
|     |                                  |        |     |            | 10        |            |
|=============================================================================================|
| OS: 22.04.5 LTS (Jammy Jellyfish) ubuntu, Version: 22.04.5, Kernel: 6.8.0-1033-aws
| Processor: Intel(R) Xeon(R) Platinum 8275CL CPU @ 3.00GHz
| Cores: 48 | Logical Cores: 96
|---------------------------------------------------------------------------------------------|
| Total Memory (MB): 1148721 | Free Memory: 1082817
| Total Page/Swap (MB): 0 | Free Page/Swap: 0
|---------------------------------------------------------------------------------------------|
2025-08-23 00:19:43 [42,188ms] [Warning] [gpu.foundation.plugin] ECC is enabled on physical device 0
[44.067s] [ext: omni.kit.pipapi-0.0.0] startup
[44.120s] [ext: omni.kit.pip_archive-0.0.0] startup
[44.127s] [ext: omni.services.pip_archive-0.13.11] startup
[44.134s] [ext: omni.materialx.libs-1.0.6] startup
[44.201s] [ext: omni.kit.telemetry-0.5.1] startup
[44.280s] [ext: omni.kit.loop-isaac-1.2.1] startup
[44.294s] [ext: omni.kit.test-1.1.2] startup
[44.531s] [ext: omni.usd.config-1.0.5] startup
[44.806s] [ext: omni.gpucompute.plugins-0.0.0] startup
[44.822s] [ext: omni.usd.libs-1.0.1] startup
[45.816s] [ext: omni.mdl-55.0.1] startup
[45.975s] [ext: omni.iray.libs-0.0.0] startup
[46.562s] [ext: omni.mdl.neuraylib-0.2.10] startup
[46.593s] [ext: omni.kit.usd.mdl-1.0.7] startup
[47.425s] [ext: omni.pip.compute-1.4.5] startup
[47.431s] [ext: omni.appwindow-1.1.9] startup
2025-08-23 00:19:48 [47,159ms] [Warning] [carb.windowing-glfw.plugin] GLFW initialization failed.
2025-08-23 00:19:48 [47,159ms] [Warning] [carb] Failed to startup plugin carb.windowing-glfw.plugin (interfaces: [carb::windowing::IGLContext v1.0],[carb::windowing::IWindowing v1.5]) (impl: carb.windowing-glfw.plugin)
[47.459s] [ext: omni.kit.renderer.core-1.0.2] startup
2025-08-23 00:19:48 [47,408ms] [Warning] [carb.windowing-glfw.plugin] GLFW initialization failed.
2025-08-23 00:19:48 [47,408ms] [Warning] [carb] Failed to startup plugin carb.windowing-glfw.plugin (interfaces: [carb::windowing::IGLContext v1.0],[carb::windowing::IWindowing v1.5]) (impl: carb.windowing-glfw.plugin)
2025-08-23 00:19:48 [47,442ms] [Warning] [carb.windowing-glfw.plugin] GLFW initialization failed.
2025-08-23 00:19:48 [47,442ms] [Warning] [carb] Failed to startup plugin carb.windowing-glfw.plugin (interfaces: [carb::windowing::IGLContext v1.0],[carb::windowing::IWindowing v1.5]) (impl: carb.windowing-glfw.plugin)
[47.731s] [ext: omni.kit.renderer.capture-0.0.0] startup
[47.773s] [ext: omni.kit.renderer.imgui-1.0.2] startup
2025-08-23 00:19:48 [47,575ms] [Warning] [carb.windowing-glfw.plugin] GLFW initialization failed.
2025-08-23 00:19:48 [47,575ms] [Warning] [carb] Failed to startup plugin carb.windowing-glfw.plugin (interfaces: [carb::windowing::IGLContext v1.0],[carb::windowing::IWindowing v1.5]) (impl: carb.windowing-glfw.plugin)
2025-08-23 00:19:48 [47,579ms] [Warning] [carb.windowing-glfw.plugin] GLFW initialization failed.
2025-08-23 00:19:48 [47,579ms] [Warning] [carb] Failed to startup plugin carb.windowing-glfw.plugin (interfaces: [carb::windowing::IGLContext v1.0],[carb::windowing::IWindowing v1.5]) (impl: carb.windowing-glfw.plugin)
2025-08-23 00:19:48 [47,586ms] [Warning] [carb.windowing-glfw.plugin] GLFW initialization failed.
2025-08-23 00:19:48 [47,586ms] [Warning] [carb] Failed to startup plugin carb.windowing-glfw.plugin (interfaces: [carb::windowing::IGLContext v1.0],[carb::windowing::IWindowing v1.5]) (impl: carb.windowing-glfw.plugin)
[48.401s] [ext: omni.ui-2.26.5] startup
[48.499s] [ext: omni.kit.mainwindow-1.0.3] startup
[48.512s] [ext: carb.audio-0.1.0] startup
[48.547s] [ext: omni.uiaudio-1.0.0] startup
[48.569s] [ext: omni.kit.uiapp-0.0.0] startup
[48.570s] [ext: omni.usd.schema.metrics.assembler-106.5.0] startup
[48.633s] [ext: omni.usd.schema.omniscripting-1.0.0] startup
[48.671s] [ext: omni.usd.schema.physx-106.5.7] startup
[48.913s] [ext: omni.usd.schema.audio-0.0.0] startup
[48.946s] [ext: omni.usd.schema.omnigraph-1.0.0] startup
[48.992s] [ext: omni.usd.schema.anim-0.0.0] startup
[49.161s] [ext: omni.usd.schema.semantics-0.0.0] startup
[49.183s] [ext: omni.usd.schema.geospatial-0.0.0] startup
[49.208s] [ext: omni.kit.window.popup_dialog-2.0.24] startup
[49.241s] [ext: omni.resourcemonitor-107.0.0] startup
[49.275s] [ext: omni.activity.core-1.0.1] startup
[49.294s] [ext: omni.timeline-1.0.11] startup
[49.314s] [ext: omni.usd_resolver-1.0.0] startup
[49.361s] [ext: omni.kit.widget.nucleus_connector-1.1.10] startup
[49.377s] [ext: usdrt.scenegraph-7.5.1] startup
[49.705s] [ext: omni.usd.core-1.4.2] startup
[49.736s] [ext: omni.kit.usd_undo-0.1.8] startup
[49.743s] [ext: omni.graph.exec-0.9.4] startup
[49.755s] [ext: omni.kit.actions.core-1.0.0] startup
[49.784s] [ext: omni.kit.audiodeviceenum-1.0.1] startup
[49.804s] [ext: omni.kit.exec.core-0.13.4] startup
[49.835s] [ext: omni.kit.commands-1.4.9] startup
[49.878s] [ext: omni.hydra.usdrt_delegate-7.5.1] startup
[49.999s] [ext: omni.hydra.scene_delegate-0.3.3] startup
[50.035s] [ext: omni.usd-1.12.4] startup
[50.379s] [ext: omni.kit.asset_converter-2.8.5] startup
[50.626s] [ext: isaacsim.robot.schema-3.1.2] startup
[50.699s] [ext: omni.pip.cloud-1.1.7] startup
[50.708s] [ext: omni.usd.schema.isaac-3.0.2] startup
[50.708s] [ext: omni.usd.schema.flow-107.0.0] startup
[50.721s] [ext: omni.inspect-1.0.1] startup
[50.745s] [ext: omni.kit.notification_manager-1.0.9] startup
[50.766s] [ext: omni.graph.core-2.181.8] startup
[50.817s] [ext: isaacsim.core.deprecation_manager-0.2.2] startup
[50.826s] [ext: omni.usd.schema.forcefield-106.5.7] startup
[50.871s] [ext: omni.kit.menu.core-1.1.2] startup
[50.879s] [ext: omni.kit.clipboard-1.0.5] startup
[50.893s] [ext: omni.kit.widget.context_menu-1.2.4] startup
[50.907s] [ext: omni.kit.widget.options_menu-1.1.6] startup
[50.941s] [ext: omni.kit.helper.file_utils-0.1.9] startup
[50.956s] [ext: omni.kit.widget.path_field-2.0.11] startup
[50.969s] [ext: omni.kit.property.adapter.core-1.0.2] startup
[51.001s] [ext: omni.kit.widget.options_button-1.0.3] startup
[51.011s] [ext: omni.kit.widget.filebrowser-2.10.52] startup
[51.055s] [ext: omni.kit.widget.browser_bar-2.0.10] startup
[51.068s] [ext: omni.kit.property.adapter.fabric-1.0.3] startup
[51.086s] [ext: omni.ui.scene-1.11.2] startup
[51.131s] [ext: omni.kit.numpy.common-0.1.2] startup
[51.143s] [ext: omni.kit.window.filepicker-2.11.7] startup
[51.246s] [ext: omni.kit.usd.layers-2.2.0] startup
[51.323s] [ext: omni.hydra.rtx.shadercache.vulkan-1.0.0] startup
[51.345s] [ext: omni.kit.window.file_importer-1.1.14] startup
[51.380s] [ext: omni.kit.menu.utils-1.7.7] startup
[51.455s] [ext: omni.kit.context_menu-1.8.3] startup
[51.476s] [ext: omni.ujitso.processor.texture-1.0.0] startup
[51.498s] [ext: omni.index.libs-380600.1777.0] startup
[51.498s] [ext: omni.volume-0.5.0] startup
[51.657s] [ext: omni.ujitso.client-0.0.0] startup
[51.667s] [ext: omni.index-1.0.1] startup
[51.681s] [ext: omni.kit.hotkeys.core-1.3.10] startup
[51.684s] [ext: omni.hydra.rtx-1.0.0] startup
2025-08-23 00:19:52 [51,475ms] [Warning] [omni.log] Source: omni.hydra was already registered.
[52.045s] [ext: omni.kit.material.library-1.5.15] startup
[52.086s] [ext: omni.convexdecomposition-106.5.7] startup
[52.134s] [ext: omni.kit.viewport.legacy_gizmos-1.0.16] startup
[52.155s] [ext: omni.kit.raycast.query-1.0.5] startup
[52.193s] [ext: omni.hydra.engine.stats-1.0.3] startup
[52.214s] [ext: omni.kvdb-106.5.7] startup
[52.244s] [ext: omni.usdphysics-106.5.7] startup
[52.263s] [ext: omni.physx.foundation-106.5.7] startup
[52.302s] [ext: omni.localcache-106.5.7] startup
[52.332s] [ext: isaacsim.core.version-2.0.2] startup
[52.343s] [ext: omni.physx.cooking-106.5.7] startup
[52.399s] [ext: omni.kit.viewport.scene_camera_model-1.0.5] startup
[52.424s] [ext: omni.kit.hydra_texture-1.4.0] startup
[52.453s] [ext: omni.physx-106.5.7] startup
[52.577s] [ext: omni.kit.window.drop_support-1.0.4] startup
[52.585s] [ext: omni.kit.widget.viewport-107.0.7] startup
[52.622s] [ext: omni.kit.viewport.registry-104.0.6] startup
[52.630s] [ext: omni.physx.stageupdate-106.5.7] startup
[52.671s] [ext: omni.kit.viewport.window-107.0.8] startup
[52.772s] [ext: isaacsim.storage.native-1.0.6] startup
[52.784s] [ext: omni.isaac.dynamic_control-1.3.16] startup
2025-08-23 00:19:53 [52,551ms] [Warning] [omni.isaac.dynamic_control] omni.isaac.dynamic_control is deprecated as of Isaac Sim 4.5. No action is needed from end-users.
[52.842s] [ext: omni.warp.core-1.5.0] startup
[53.081s] [ext: omni.kit.widget.searchfield-1.1.8] startup
[53.094s] [ext: omni.kit.window.file_exporter-1.0.31] startup
[53.107s] [ext: omni.kit.widget.filter-1.1.4] startup
[53.119s] [ext: isaacsim.core.utils-2.2.8] startup
[53.157s] [ext: omni.kit.stage_template.core-1.1.22] startup
[53.167s] [ext: omni.kit.widget.stage-2.11.6] startup
[53.277s] [ext: omni.kit.widget.stage_icons-1.0.6] startup
[53.287s] [ext: omni.kit.window.file-1.3.57] startup
[53.318s] [ext: omni.kit.window.content_browser_registry-0.0.6] startup
[53.354s] [ext: omni.kit.widget.searchable_combobox-1.0.6] startup
[53.369s] [ext: omni.kit.window.stage-2.5.11] startup
[53.399s] [ext: omni.kit.window.content_browser-2.10.3] startup
[53.523s] [ext: omni.kit.usd.collect-2.2.22] startup
[53.542s] [ext: omni.kit.widget.settings-1.2.2] startup
[53.558s] [ext: omni.kit.menu.stage-1.2.5] startup
[53.571s] [ext: omni.kit.widget.prompt-1.0.7] startup
[53.581s] [ext: omni.kit.window.preferences-1.7.0] startup
[53.661s] [ext: omni.kit.viewport.utility-1.0.18] startup
[53.666s] [ext: omni.kit.xr.configurations-106.5.13] startup
[53.667s] [ext: omni.kit.widget.zoombar-1.0.5] startup
[53.676s] [ext: omni.rtx.window.settings-0.6.17] startup
[53.715s] [ext: omni.kit.manipulator.camera-106.0.3] startup
[53.745s] [ext: omni.kit.xr.core-106.5.13] startup
[55.437s] [ext: omni.physics.tensors-106.5.7] startup
[55.495s] [ext: omni.kit.browser.core-2.3.11] startup
[55.558s] [ext: omni.kit.xr.ui.window.viewport-106.5.13] startup
[55.658s] [ext: omni.physx.tensors-106.5.7] startup
[55.694s] [ext: omni.kit.browser.folder.core-1.10.1] startup
[55.768s] [ext: omni.kit.xr.scene_view.core-106.5.13] startup
[55.818s] [ext: isaacsim.core.simulation_manager-0.3.3] startup
[56.115s] [ext: omni.kit.tool.collect-2.2.16] startup
[56.144s] [ext: omni.services.facilities.base-1.0.4] startup
[56.165s] [ext: isaacsim.core.prims-0.3.7] startup
[56.287s] [ext: isaacsim.asset.browser-1.3.4] startup
[56.599s] [ext: omni.graph.tools-1.79.1] startup
[DEBUG] [AutoNode] Defining data type 'any' as 'Any'
[DEBUG] [AutoNode] Defining data type 'bool' as 'Bool' and array 'BoolArray
[DEBUG] [AutoNode] Defining data type 'bundle' as 'Bundle'
[DEBUG] [AutoNode] Defining data type 'colord[3]' as 'Color3d' and array 'Color3dArray
[DEBUG] [AutoNode] Defining data type 'colorf[3]' as 'Color3f' and array 'Color3fArray
[DEBUG] [AutoNode] Defining data type 'colorh[3]' as 'Color3h' and array 'Color3hArray
[DEBUG] [AutoNode] Defining data type 'colord[4]' as 'Color4d' and array 'Color4dArray
[DEBUG] [AutoNode] Defining data type 'colorf[4]' as 'Color4f' and array 'Color4fArray
[DEBUG] [AutoNode] Defining data type 'colorh[4]' as 'Color4h' and array 'Color4hArray
[DEBUG] [AutoNode] Defining data type 'double' as 'Double' and array 'DoubleArray
[DEBUG] [AutoNode] Defining data type 'double[2]' as 'Double2' and array 'Double2Array
[DEBUG] [AutoNode] Defining data type 'double[3]' as 'Double3' and array 'Double3Array
[DEBUG] [AutoNode] Defining data type 'double[4]' as 'Double4' and array 'Double4Array
[DEBUG] [AutoNode] Defining data type 'execution' as 'Execution'
[DEBUG] [AutoNode] Defining data type 'float' as 'Float' and array 'FloatArray
[DEBUG] [AutoNode] Defining data type 'float[2]' as 'Float2' and array 'Float2Array
[DEBUG] [AutoNode] Defining data type 'float[3]' as 'Float3' and array 'Float3Array
[DEBUG] [AutoNode] Defining data type 'float[4]' as 'Float4' and array 'Float4Array
[DEBUG] [AutoNode] Defining data type 'frame[4]' as 'Frame' and array 'FrameArray
[DEBUG] [AutoNode] Defining data type 'half' as 'Half' and array 'HalfArray
[DEBUG] [AutoNode] Defining data type 'half[2]' as 'Half2' and array 'Half2Array
[DEBUG] [AutoNode] Defining data type 'half[3]' as 'Half3' and array 'Half3Array
[DEBUG] [AutoNode] Defining data type 'half[4]' as 'Half4' and array 'Half4Array
[DEBUG] [AutoNode] Defining data type 'int' as 'Int' and array 'IntArray
[DEBUG] [AutoNode] Defining data type 'int[2]' as 'Int2' and array 'Int2Array
[DEBUG] [AutoNode] Defining data type 'int[3]' as 'Int3' and array 'Int3Array
[DEBUG] [AutoNode] Defining data type 'int[4]' as 'Int4' and array 'Int4Array
[DEBUG] [AutoNode] Defining data type 'int64' as 'Int64' and array 'Int64Array
[DEBUG] [AutoNode] Defining data type 'matrixd[2]' as 'Matrix2d' and array 'Matrix2dArray
[DEBUG] [AutoNode] Defining data type 'matrixd[3]' as 'Matrix3d' and array 'Matrix3dArray
[DEBUG] [AutoNode] Defining data type 'matrixd[4]' as 'Matrix4d' and array 'Matrix4dArray
[DEBUG] [AutoNode] Defining data type 'normald[3]' as 'Normal3d' and array 'Normal3dArray
[DEBUG] [AutoNode] Defining data type 'normalf[3]' as 'Normal3f' and array 'Normal3fArray
[DEBUG] [AutoNode] Defining data type 'normalh[3]' as 'Normal3h' and array 'Normal3hArray
[DEBUG] [AutoNode] Defining data type 'objectId' as 'ObjectId' and array 'ObjectIdArray
[DEBUG] [AutoNode] Defining data type 'path' as 'Path'
[DEBUG] [AutoNode] Defining data type 'pointd[3]' as 'Point3d' and array 'Point3dArray
[DEBUG] [AutoNode] Defining data type 'pointf[3]' as 'Point3f' and array 'Point3fArray
[DEBUG] [AutoNode] Defining data type 'pointh[3]' as 'Point3h' and array 'Point3hArray
[DEBUG] [AutoNode] Defining data type 'quatd[4]' as 'Quatd' and array 'QuatdArray
[DEBUG] [AutoNode] Defining data type 'quatf[4]' as 'Quatf' and array 'QuatfArray
[DEBUG] [AutoNode] Defining data type 'quath[4]' as 'Quath' and array 'QuathArray
[DEBUG] [AutoNode] Defining data type 'string' as 'String'
[DEBUG] [AutoNode] Defining data type 'target' as 'Target'
[DEBUG] [AutoNode] Defining data type 'texcoordd[2]' as 'TexCoord2d' and array 'TexCoord2dArray
[DEBUG] [AutoNode] Defining data type 'texcoordf[2]' as 'TexCoord2f' and array 'TexCoord2fArray
[DEBUG] [AutoNode] Defining data type 'texcoordh[2]' as 'TexCoord2h' and array 'TexCoord2hArray
[DEBUG] [AutoNode] Defining data type 'texcoordd[3]' as 'TexCoord3d' and array 'TexCoord3dArray
[DEBUG] [AutoNode] Defining data type 'texcoordf[3]' as 'TexCoord3f' and array 'TexCoord3fArray
[DEBUG] [AutoNode] Defining data type 'texcoordh[3]' as 'TexCoord3h' and array 'TexCoord3hArray
[DEBUG] [AutoNode] Defining data type 'timecode' as 'Timecode' and array 'TimecodeArray
[DEBUG] [AutoNode] Defining data type 'token' as 'Token' and array 'TokenArray
[DEBUG] [AutoNode] Defining data type 'uchar' as 'UChar' and array 'UCharArray
[DEBUG] [AutoNode] Defining data type 'uint' as 'UInt' and array 'UIntArray
[DEBUG] [AutoNode] Defining data type 'uint64' as 'UInt64' and array 'UInt64Array
[DEBUG] [AutoNode] Defining data type 'vectord[3]' as 'Vector3d' and array 'Vector3dArray
[DEBUG] [AutoNode] Defining data type 'vectorf[3]' as 'Vector3f' and array 'Vector3fArray
[DEBUG] [AutoNode] Defining data type 'vectorh[3]' as 'Vector3h' and array 'Vector3hArray
[56.806s] [ext: omni.services.core-1.9.0] startup
[57.971s] [ext: omni.kit.primitive.mesh-1.0.17] startup
[58.016s] [ext: omni.kit.widget.highlight_label-1.0.3] startup
[58.026s] [ext: omni.services.transport.server.base-1.1.1] startup
[58.048s] [ext: omni.kit.stage_templates-1.2.6] startup
[58.085s] [ext: omni.kit.window.property-1.11.5] startup
[58.128s] [ext: omni.services.transport.server.zeroconf-1.0.9] startup
[58.239s] [ext: isaacsim.core.api-4.2.16] startup
[58.396s] [ext: omni.kit.property.adapter.usd-1.0.2] startup
[58.412s] [ext: omni.kit.xr.advertise-106.5.13] startup
[58.425s] [ext: omni.isaac.assets_check-0.3.9] startup
2025-08-23 00:19:59 [58,149ms] [Warning] [omni.isaac.assets_check] omni.isaac.assets_check has been deprecated in favor of isaacsim.asset.browser. Please update your code accordingly.
[58.435s] [ext: omni.graph-1.140.2] startup
[58.701s] [ext: omni.kit.property.usd-4.2.16] startup
[58.786s] [ext: omni.graph.action_core-1.1.7] startup
[58.828s] [ext: omni.kit.menu.create-1.0.17] startup
[58.843s] [ext: omni.kit.widget.text_editor-1.0.2] startup
[58.864s] [ext: omni.graph.action_nodes-1.40.1] startup
[58.916s] [ext: isaacsim.core.cloner-1.3.4] startup
[58.929s] [ext: omni.kit.scripting-106.5.2] startup
[58.986s] [ext: omni.graph.scriptnode-1.40.1] startup
[59.000s] [ext: omni.graph.action-1.120.0] startup
[59.012s] [ext: omni.isaac.cloner-1.0.2] startup
2025-08-23 00:19:59 [58,732ms] [Warning] [omni.isaac.cloner] omni.isaac.cloner has been deprecated in favor of isaacsim.core.cloner. Please update your code accordingly.
[59.020s] [ext: isaacsim.replicator.behavior-1.0.8] startup
[59.031s] [ext: omni.ui_query-1.1.7] startup
[59.043s] [ext: omni.kit.widget.graph-1.12.17] startup
[59.128s] [ext: omni.kit.manipulator.viewport-107.0.1] startup
[59.145s] [ext: omni.kit.ui_test-1.3.3] startup
[59.170s] [ext: omni.kit.graph.delegate.default-1.2.2] startup
[59.189s] [ext: omni.kit.window.extensions-1.4.25] startup
[59.290s] [ext: omni.graph.visualization.nodes-2.1.1] startup
[59.343s] [ext: omni.graph.image.core-0.6.0] startup
[59.361s] [ext: omni.kit.graph.editor.core-1.5.3] startup
[59.403s] [ext: isaacsim.gui.components-1.0.9] startup
[59.443s] [ext: omni.kit.widget.material_preview-1.0.16] startup
[59.463s] [ext: omni.kit.graph.usd.commands-1.3.1] startup
[59.476s] [ext: omni.graph.image.nodes-1.3.0] startup
[59.500s] [ext: isaacsim.robot_motion.lula-4.0.4] startup
[59.657s] [ext: omni.kit.viewport.menubar.core-107.1.2] startup
[59.827s] [ext: omni.kit.window.material_graph-1.8.19] startup
[60.159s] [ext: omni.isaac.core-4.0.3] startup
2025-08-23 00:20:01 [59,895ms] [Warning] [omni.isaac.core.physics_context.physics_context] omni.isaac.core.physics_context.physics_context has been deprecated in favor of isaacsim.core.api.physics_context.physics_context. Please update your code accordingly.
2025-08-23 00:20:01 [59,903ms] [Warning] [omni.isaac.core.simulation_context.simulation_context] omni.isaac.core.simulation_context.simulation_context has been deprecated in favor of isaacsim.core.api.simulation_context.simulation_context. Please update your code accordingly.
2025-08-23 00:20:01 [59,909ms] [Warning] [omni.isaac.core.world.world] omni.isaac.core.world.world has been deprecated in favor of isaacsim.core.api.world.world. Please update your code accordingly.
2025-08-23 00:20:01 [59,909ms] [Warning] [omni.isaac.core] omni.isaac.core has been deprecated in favor of isaacsim.core.api. Please update your code accordingly.
[60.194s] [ext: isaacsim.robot_motion.motion_generation-8.0.6] startup
[60.288s] [ext: omni.graph.nodes-1.162.1] startup
[60.604s] [ext: omni.syntheticdata-0.6.10] startup
[60.745s] [ext: omni.kit.xr.system.cloudxr-106.5.13] startup
[60.814s] [ext: isaacsim.robot_motion.lula_test_widget-1.0.5] startup
[60.858s] [ext: omni.kit.xr.telemetry-106.5.13] startup
[60.920s] [ext: omni.kit.data2ui.core-1.0.27] startup
[60.973s] [ext: omni.kit.xr.ui.window.profile-106.5.13] startup
[61.183s] [ext: omni.kit.data2ui.usd-1.0.27] startup
[61.332s] [ext: omni.warp-1.5.0] startup
[61.381s] [ext: omni.no_code_ui.bundle-1.0.27] startup
[61.383s] [ext: omni.replicator.core-1.11.35] startup
Warp 1.5.0 initialized:
   CUDA Toolkit 11.8, Driver 12.8
   Devices:
     "cpu"      : "x86_64"
     "cuda:0"   : "NVIDIA A100-SXM4-80GB" (79 GiB, sm_80, mempool enabled)
   Kernel cache:
     /home/cgokmen/.cache/warp/1.5.0
2025-08-23 00:20:03 [62,296ms] [Warning] [omni.replicator.core.scripts.extension] No material configuration file, adding configuration to material settings directly.
[62.593s] [ext: omni.isaac.lula-4.0.2] startup
2025-08-23 00:20:03 [62,323ms] [Warning] [omni.isaac.lula] omni.isaac.lula has been deprecated in favor of isaacsim.robot_motion.lula. Please update your code accordingly.
[62.609s] [ext: omni.isaac.lula_test_widget-1.0.2] startup
2025-08-23 00:20:03 [62,361ms] [Warning] [omni.isaac.lula_test_widget] omni.isaac.lula_test_widget has been deprecated in favor of isaacsim.robot_motion.lula_test_widget. Please update your code accordingly.
[62.649s] [ext: omni.kit.xr.profile.common-106.5.13] startup
[62.774s] [ext: omni.kit.xr.scene_view.utils-106.5.13] startup
[79.263s] [ext: isaacsim.core.nodes-2.1.4] startup
[79.505s] [ext: isaacsim.robot.surface_gripper-2.0.6] startup
[79.593s] [ext: omni.kit.xr.system.openxr-106.5.13] startup
[79.774s] [ext: omni.kit.xr.system.steamvr-106.5.13] startup
[79.974s] [ext: omni.kit.xr.ui.stage-106.5.13] startup
[80.631s] [ext: omni.kit.selection-0.1.5] startup
[80.834s] [ext: isaacsim.robot.manipulators-3.0.4] startup
[81.143s] [ext: omni.isaac.core_nodes-2.0.2] startup
2025-08-23 00:20:22 [80,967ms] [Warning] [omni.isaac.core_nodes] omni.isaac.core_nodes has been deprecated in favor of isaacsim.core.nodes. Please update your code accordingly.
[81.253s] [ext: omni.anim.curve.core-1.2.0] startup
[81.756s] [ext: omni.kit.xr.profile.vr-106.5.13] startup
[81.862s] [ext: isaacsim.gui.menu-2.0.9] startup
[82.065s] [ext: omni.isaac.manipulators-3.0.3] startup
2025-08-23 00:20:22 [81,829ms] [Warning] [omni.isaac.manipulators] omni.isaac.manipulators has been deprecated in favor of isaacsim.robot.manipulators. Please update your code accordingly.
2025-08-23 00:20:22 [81,860ms] [Warning] [omni.isaac.manipulators.controllers] omni.isaac.manipulators has been deprecated in favor of isaacsim.robot.manipulators. Please update your code accordingly.
2025-08-23 00:20:22 [81,882ms] [Warning] [omni.isaac.manipulators.controllers.pick_place_controller] omni.isaac.manipulators has been deprecated in favor of isaacsim.robot.manipulators. Please update your code accordingly.
2025-08-23 00:20:23 [81,924ms] [Warning] [omni.isaac.manipulators.controllers.stacking_controller] omni.isaac.manipulators has been deprecated in favor of isaacsim.robot.manipulators. Please update your code accordingly.
2025-08-23 00:20:23 [81,942ms] [Warning] [omni.isaac.manipulators.grippers] omni.isaac.manipulators has been deprecated in favor of isaacsim.robot.manipulators. Please update your code accordingly.
2025-08-23 00:20:23 [81,952ms] [Warning] [omni.isaac.manipulators.grippers.gripper] omni.isaac.manipulators has been deprecated in favor of isaacsim.robot.manipulators. Please update your code accordingly.
2025-08-23 00:20:23 [81,957ms] [Warning] [omni.isaac.manipulators.grippers.parallel_gripper] omni.isaac.manipulators has been deprecated in favor of isaacsim.robot.manipulators. Please update your code accordingly.
2025-08-23 00:20:23 [81,962ms] [Warning] [omni.isaac.manipulators.grippers.surface_gripper] omni.isaac.manipulators has been deprecated in favor of isaacsim.robot.manipulators. Please update your code accordingly.
2025-08-23 00:20:23 [81,972ms] [Warning] [omni.isaac.manipulators.manipulators] omni.isaac.manipulators has been deprecated in favor of isaacsim.robot.manipulators. Please update your code accordingly.
2025-08-23 00:20:23 [81,977ms] [Warning] [omni.isaac.manipulators.manipulators.single_manipulator] omni.isaac.manipulators has been deprecated in favor of isaacsim.robot.manipulators. Please update your code accordingly.
[82.263s] [ext: isaacsim.sensors.physics-0.3.5] startup
[82.517s] [ext: omni.isaac.menu-1.0.2] startup
2025-08-23 00:20:23 [82,262ms] [Warning] [omni.isaac.menu] omni.isaac.menu has been deprecated in favor of isaacsim.gui.menu. Please update your code accordingly.
[82.548s] [ext: omni.isaac.motion_generation-8.0.2] startup
2025-08-23 00:20:23 [82,325ms] [Warning] [omni.isaac.motion_generation] omni.isaac.motion_generation has been deprecated in favor of isaacsim.robot_motion.motion_generation. Please update your code accordingly.
2025-08-23 00:20:23 [82,335ms] [Warning] [omni.isaac.motion_generation.articulation_kinematics_solver] omni.isaac.motion_generation has been deprecated in favor of isaacsim.robot_motion.motion_generation. Please update your code accordingly.
2025-08-23 00:20:23 [82,344ms] [Warning] [omni.isaac.motion_generation.articulation_motion_policy] omni.isaac.motion_generation has been deprecated in favor of isaacsim.robot_motion.motion_generation. Please update your code accordingly.
2025-08-23 00:20:23 [82,360ms] [Warning] [omni.isaac.motion_generation.articulation_trajectory] omni.isaac.motion_generation has been deprecated in favor of isaacsim.robot_motion.motion_generation. Please update your code accordingly.
2025-08-23 00:20:23 [82,371ms] [Warning] [omni.isaac.motion_generation.kinematics_interface] omni.isaac.motion_generation has been deprecated in favor of isaacsim.robot_motion.motion_generation. Please update your code accordingly.
2025-08-23 00:20:23 [82,380ms] [Warning] [omni.isaac.motion_generation.lula] omni.isaac.motion_generation has been deprecated in favor of isaacsim.robot_motion.motion_generation. Please update your code accordingly.
2025-08-23 00:20:23 [82,392ms] [Warning] [omni.isaac.motion_generation.lula.kinematics] omni.isaac.motion_generation has been deprecated in favor of isaacsim.robot_motion.motion_generation. Please update your code accordingly.
2025-08-23 00:20:23 [82,403ms] [Warning] [omni.isaac.motion_generation.lula.motion_policies] omni.isaac.motion_generation has been deprecated in favor of isaacsim.robot_motion.motion_generation. Please update your code accordingly.
2025-08-23 00:20:23 [82,421ms] [Warning] [omni.isaac.motion_generation.lula.path_planners] omni.isaac.motion_generation has been deprecated in favor of isaacsim.robot_motion.motion_generation. Please update your code accordingly.
2025-08-23 00:20:23 [82,434ms] [Warning] [omni.isaac.motion_generation.lula.trajectory_generator] omni.isaac.motion_generation has been deprecated in favor of isaacsim.robot_motion.motion_generation. Please update your code accordingly.
2025-08-23 00:20:23 [82,441ms] [Warning] [omni.isaac.motion_generation.motion_policy_controller] omni.isaac.motion_generation has been deprecated in favor of isaacsim.robot_motion.motion_generation. Please update your code accordingly.
2025-08-23 00:20:23 [82,451ms] [Warning] [omni.isaac.motion_generation.motion_policy_interface] omni.isaac.motion_generation has been deprecated in favor of isaacsim.robot_motion.motion_generation. Please update your code accordingly.
2025-08-23 00:20:23 [82,457ms] [Warning] [omni.isaac.motion_generation.path_planner_visualizer] omni.isaac.motion_generation has been deprecated in favor of isaacsim.robot_motion.motion_generation. Please update your code accordingly.
2025-08-23 00:20:23 [82,461ms] [Warning] [omni.isaac.motion_generation.path_planning_interface] omni.isaac.motion_generation has been deprecated in favor of isaacsim.robot_motion.motion_generation. Please update your code accordingly.
2025-08-23 00:20:23 [82,466ms] [Warning] [omni.isaac.motion_generation.trajectory] omni.isaac.motion_generation has been deprecated in favor of isaacsim.robot_motion.motion_generation. Please update your code accordingly.
2025-08-23 00:20:23 [82,530ms] [Warning] [omni.isaac.motion_generation.world_interface] omni.isaac.motion_generation has been deprecated in favor of isaacsim.robot_motion.motion_generation. Please update your code accordingly.
[82.816s] [ext: isaacsim.robot.policy.examples-4.0.3] startup
[82.977s] [ext: omni.sensors.nv.common-2.5.0-coreapi] startup
[83.593s] [ext: omni.isaac.nucleus-1.0.3] startup
2025-08-23 00:20:24 [83,323ms] [Warning] [omni.isaac.nucleus] omni.isaac.nucleus has been deprecated in favor of isaacsim.storage.native. Please update your code accordingly.
2025-08-23 00:20:24 [83,329ms] [Warning] [omni.isaac.nucleus.nucleus] omni.isaac.nucleus.nucleus has been deprecated in favor of isaacsim.storage.native. Please update your code accordingly.
[83.615s] [ext: omni.isaac.quadruped-3.0.2] startup
2025-08-23 00:20:24 [83,343ms] [Warning] [omni.isaac.quadruped] omni.isaac.quadruped has been deprecated in favor of isaacsim.robot.policy.examples. Please update your code accordingly.
[83.629s] [ext: omni.sensors.nv.materials-1.4.0-coreapi] startup
[83.765s] [ext: isaacsim.sensors.camera-0.2.9] startup
[83.822s] [ext: omni.sensors.nv.wpm-2.4.0-coreapi] startup
[83.878s] [ext: omni.sensors.nv.lidar-2.6.3-coreapi] startup
[84.023s] [ext: isaacsim.util.debug_draw-2.0.2] startup
[84.229s] [ext: omni.sensors.tiled-0.0.6] startup
[84.359s] [ext: omni.sensors.nv.radar-2.6.1-coreapi] startup
[84.595s] [ext: omni.sensors.nv.ids-1.4.0-coreapi] startup
[84.711s] [ext: isaacsim.sensors.physx-2.2.4] startup
[85.016s] [ext: isaacsim.robot.manipulators.examples-1.0.3] startup
[85.068s] [ext: isaacsim.sensors.rtx-13.6.3] startup
[85.336s] [ext: omni.isaac.range_sensor-4.0.2] startup
[85.502s] [ext: isaacsim.cortex.framework-1.0.2] startup
[85.553s] [ext: omni.isaac.sensor-13.0.3] startup
2025-08-23 00:20:26 [85,305ms] [Warning] [omni.isaac.sensor] omni.isaac.sensor has been deprecated in favor of isaacsim.sensors.camera, isaacsim.sensors.physics, isaacsim.sensors.physx, and isaacsim.sensors.rtx. Please update your code accordingly.
2025-08-23 00:20:26 [85,316ms] [Warning] [omni.isaac.sensor.camera] omni.isaac.sensor.camera has been deprecated in favor of isaacsim.sensors.camera.camera. Please update your code accordingly.
2025-08-23 00:20:26 [85,326ms] [Warning] [omni.isaac.sensor.camera_view] omni.isaac.sensor.camera_view has been deprecated in favor of isaacsim.sensors.camera.camera_view. Please update your code accordingly.
2025-08-23 00:20:26 [85,336ms] [Warning] [omni.isaac.sensor.commands] omni.isaac.sensor.commands has been deprecated in favor of isaacsim.sensors.physics.commands, isaacsim.sensors.physx.commands, and isaacsim.sensors.rtx.commands. Please update your code accordingly.
2025-08-23 00:20:26 [85,340ms] [Warning] [omni.isaac.sensor.contact_sensor] omni.isaac.sensor.contact_sensor has been deprecated in favor of isaacsim.sensors.physics.contact_sensor. Please update your code accordingly.
2025-08-23 00:20:26 [85,349ms] [Warning] [omni.isaac.sensor.imu_sensor] omni.isaac.sensor.imu_sensor has been deprecated in favor of isaacsim.sensors.physics.imu_sensor. Please update your code accordingly.
2025-08-23 00:20:26 [85,356ms] [Warning] [omni.isaac.sensor.lidar_rtx] omni.isaac.sensor.lidar_rtx has been deprecated in favor of isaacsim.sensors.rtx.lidar_rtx. Please update your code accordingly.
2025-08-23 00:20:26 [85,363ms] [Warning] [omni.isaac.sensor.rotating_lidar_physX] omni.isaac.sensor.imu_sensor has been deprecated in favor of isaacsim.sensors.physix.rotating_lidar_physX. Please update your code accordingly.
2025-08-23 00:20:26 [85,479ms] [Warning] [omni.isaac.sensor.scripts.samples.contact_sensor] omni.isaac.sensor.scripts.samples.contact_sensor has been deprecated in favor of isaacsim.sensors.physics.scripts.samples.contact_sensor. Please update your code accordingly.
2025-08-23 00:20:26 [85,496ms] [Warning] [omni.isaac.sensor.scripts.samples.imu_sensor] omni.isaac.sensor.scripts.samples.imu_sensor has been deprecated in favor of isaacsim.sensors.physics.scripts.samples.imu_sensor. Please update your code accordingly.
2025-08-23 00:20:26 [85,509ms] [Warning] [omni.isaac.sensor.scripts.samples.lightbeam_sensor] omni.isaac.sensor.scripts.samples.lightbeam_sensor has been deprecated in favor of isaacsim.sensors.physx.scripts.samples.lightbeam_sensor. Please update your code accordingly.
[85.794s] [ext: omni.isaac.surface_gripper-2.0.2] startup
2025-08-23 00:20:26 [85,569ms] [Warning] [omni.isaac.surface_gripper] omni.isaac.surface_gripper has been deprecated in favor of isaacsim.robot.surface_gripper. Please update your code accordingly.
[85.854s] [ext: omni.kit.manipulator.transform-106.0.1] startup
[86.233s] [ext: omni.isaac.cortex-1.0.2] startup
2025-08-23 00:20:27 [85,972ms] [Warning] [omni.isaac.cortex] omni.isaac.cortex has been deprecated in favor of isaacsim.cortex.framework. Please update your code accordingly.
[86.259s] [ext: omni.kit.widget.toolbar-1.7.3] startup
[86.613s] [ext: omni.isaac.universal_robots-1.0.2] startup
2025-08-23 00:20:27 [86,339ms] [Warning] [omni.isaac.universal_robots] omni.isaac.universal_robots has been deprecated in favor of isaacsim.robot.manipulators.examples.universal_robots. Please update your code accordingly.
2025-08-23 00:20:27 [86,347ms] [Warning] [omni.isaac.universal_robots.kinematics_solver] omni.isaac.franka has been deprecated in favor of isaacsim.robot.manipulators.examples.universal_robots. Please update your code accordingly.
2025-08-23 00:20:27 [86,377ms] [Warning] [omni.isaac.universal_robots.ur10] omni.isaac.franka has been deprecated in favor of isaacsim.robot.manipulators.examples.universal_robots. Please update your code accordingly.
[86.663s] [ext: isaacsim.cortex.behaviors-2.0.3] startup
[86.711s] [ext: omni.kit.manipulator.tool.snap-1.5.12] startup
[87.120s] [ext: omni.kit.manipulator.selector-1.1.1] startup
[87.156s] [ext: omni.isaac.utils-2.0.2] startup
[87.228s] [ext: omni.isaac.cortex.sample_behaviors-2.0.2] startup
2025-08-23 00:20:28 [86,983ms] [Warning] [omni.isaac.cortex.sample_behaviors] omni.isaac.cortex.sample_behaviors has been deprecated in favor of isaacsim.cortex.behaviors. Please update your code accordingly.
[87.268s] [ext: omni.kit.viewport.manipulator.transform-107.0.4] startup
[87.478s] [ext: omni.graph.ui_nodes-1.40.1] startup
[87.664s] [ext: omni.fabric.commands-1.1.5] startup
[87.797s] [ext: omni.kit.manipulator.prim.core-107.0.7] startup
[88.008s] [ext: omni.kit.property.camera-1.0.9] startup
[88.108s] [ext: omni.kit.property.geometry-1.3.3] startup
[88.249s] [ext: omni.kit.property.light-1.0.11] startup
[88.348s] [ext: omni.kit.manipulator.prim.fabric-107.0.4] startup
[88.410s] [ext: omni.kit.manipulator.prim.usd-107.0.3] startup
[88.453s] [ext: omni.kit.property.material-1.10.17] startup
[88.865s] [ext: omni.kit.viewport.actions-107.0.0] startup
[88.925s] [ext: omni.debugdraw-0.1.3] startup
[89.109s] [ext: omni.kit.manipulator.prim-107.0.0] startup
[89.111s] [ext: omni.kit.manipulator.selection-106.0.1] startup
[89.207s] [ext: omni.kit.viewport.menubar.display-107.0.3] startup
[89.449s] [ext: omni.kit.widget.layers-1.8.2] startup
[94.310s] [ext: omni.hydra.scene_api-0.1.2] startup
[94.355s] [ext: omni.kit.property.render-1.1.3] startup
[94.380s] [ext: omni.physx.commands-106.5.7] startup
[94.396s] [ext: omni.usdphysics.ui-106.5.7] startup
[94.652s] [ext: omni.kit.property.transform-1.5.10] startup
[94.836s] [ext: omni.kit.property.audio-1.0.16] startup
[95.048s] [ext: isaacsim.gui.property-1.0.4] startup
[95.217s] [ext: omni.physx.ui-106.5.7] startup
[96.316s] [ext: omni.kit.property.bundle-1.3.2] startup
[96.374s] [ext: omni.kit.property.isaac-1.0.2] startup
2025-08-23 00:20:37 [96,111ms] [Warning] [omni.kit.property.isaac] omni.kit.property.isaac has been deprecated in favor of isaacsim.gui.property. Please update your code accordingly.
2025-08-23 00:20:37 [96,120ms] [Warning] [omni.kit.property.isaac.widgets] omni.kit.property.isaac.widgets has been deprecated in favor of isaacsim.gui.property.widgets. Please update your code accordingly.
[96.406s] [ext: omni.kit.property.physx-106.5.7] startup
[96.904s] [ext: omni.physx.demos-106.5.7] startup
[97.452s] [ext: omni.kit.viewport.menubar.camera-107.0.2] startup
[97.851s] [ext: omni.kit.viewport.menubar.lighting-106.0.2] startup
[97.940s] [ext: omni.kit.viewport.menubar.render-107.0.8] startup
[98.206s] [ext: omni.physx.vehicle-106.5.7] startup
[99.337s] [ext: omni.kit.viewport.menubar.settings-107.0.3] startup
[99.528s] [ext: omni.kit.window.console-0.2.14] startup
[99.731s] [ext: omni.kit.window.toolbar-1.6.2] startup
[99.764s] [ext: omni.physx.camera-106.5.7] startup
[100.529s] [ext: omni.physx.cct-106.5.7] startup
[100.918s] [ext: omni.physx.graph-106.5.7] startup
[101.516s] [ext: omni.physx.supportui-106.5.7] startup
[102.008s] [ext: isaacsim.replicator.writers-1.0.1] startup
[102.638s] [ext: omni.physx.telemetry-106.5.7] startup
[102.829s] [ext: omni.isaac.version-2.0.2] startup
2025-08-23 00:20:43 [102,558ms] [Warning] [omni.isaac.version] omni.isaac.version has been deprecated in favor of isaacsim.core.version. Please update your code accordingly.
[102.844s] [ext: isaacsim.robot.wheeled_robots-4.0.3] startup
[103.280s] [ext: isaacsim.replicator.domain_randomization-1.0.2] startup
[103.564s] [ext: isaacsim.replicator.examples-1.1.2] startup
[103.749s] [ext: omni.kit.window.status_bar-0.1.7] startup
[104.559s] [ext: omni.physx.bundle-106.5.7] startup
[104.561s] [ext: omni.usd.metrics.assembler-106.5.0] startup
[104.777s] [ext: omni.isaac.wheeled_robots-3.0.3] startup
2025-08-23 00:20:45 [104,518ms] [Warning] [omni.isaac.wheeled_robots] omni.isaac.wheeled_robots has been deprecated in favor of isaacsim.robot.wheeled_robots. Please update your code accordingly.
2025-08-23 00:20:45 [104,550ms] [Warning] [omni.isaac.wheeled_robots.controllers] omni.isaac.wheeled_robots has been deprecated in favor of isaacsim.robot.wheeled_robots. Please update your code accordingly.
2025-08-23 00:20:45 [104,593ms] [Warning] [omni.isaac.wheeled_robots.controllers.ackermann_controller] omni.isaac.wheeled_robots has been deprecated in favor of isaacsim.robot.wheeled_robots. Please update your code accordingly.
2025-08-23 00:20:45 [104,686ms] [Warning] [omni.isaac.wheeled_robots.controllers.differential_controller] omni.isaac.wheeled_robots has been deprecated in favor of isaacsim.robot.wheeled_robots. Please update your code accordingly.
2025-08-23 00:20:45 [104,738ms] [Warning] [omni.isaac.wheeled_robots.controllers.holonomic_controller] omni.isaac.wheeled_robots has been deprecated in favor of isaacsim.robot.wheeled_robots. Please update your code accordingly.
2025-08-23 00:20:45 [104,771ms] [Warning] [omni.isaac.wheeled_robots.controllers.quintic_path_planner] omni.isaac.wheeled_robots has been deprecated in favor of isaacsim.robot.wheeled_robots. Please update your code accordingly.
2025-08-23 00:20:45 [104,817ms] [Warning] [omni.isaac.wheeled_robots.controllers.stanley_control] omni.isaac.wheeled_robots has been deprecated in favor of isaacsim.robot.wheeled_robots. Please update your code accordingly.
2025-08-23 00:20:45 [104,860ms] [Warning] [omni.isaac.wheeled_robots.controllers.wheel_base_pose_controller] omni.isaac.wheeled_robots has been deprecated in favor of isaacsim.robot.wheeled_robots. Please update your code accordingly.
2025-08-23 00:20:46 [104,906ms] [Warning] [omni.isaac.wheeled_robots.impl] omni.isaac.wheeled_robots has been deprecated in favor of isaacsim.robot.wheeled_robots. Please update your code accordingly.
2025-08-23 00:20:46 [104,979ms] [Warning] [omni.isaac.wheeled_robots.robots] omni.isaac.wheeled_robots has been deprecated in favor of isaacsim.robot.wheeled_robots. Please update your code accordingly.
2025-08-23 00:20:46 [105,004ms] [Warning] [omni.isaac.wheeled_robots.robots.holonomic_robot_usd_setup] omni.isaac.wheeled_robots has been deprecated in favor of isaacsim.robot.wheeled_robots. Please update your code accordingly.
2025-08-23 00:20:46 [105,018ms] [Warning] [omni.isaac.wheeled_robots.robots.wheeled_robot] omni.isaac.wheeled_robots has been deprecated in favor of isaacsim.robot.wheeled_robots. Please update your code accordingly.
[105.303s] [ext: omni.isaac.franka-1.0.2] startup
2025-08-23 00:20:46 [105,029ms] [Warning] [omni.isaac.franka] omni.isaac.franka has been deprecated in favor of isaacsim.robot.manipulators.examples.franka. Please update your code accordingly.
2025-08-23 00:20:46 [105,044ms] [Warning] [omni.isaac.franka.franka] omni.isaac.franka has been deprecated in favor of isaacsim.robot.manipulators.examples.franka. Please update your code accordingly.
2025-08-23 00:20:46 [105,096ms] [Warning] [omni.isaac.franka.kinematics_solver] omni.isaac.franka has been deprecated in favor of isaacsim.robot.manipulators.examples.franka. Please update your code accordingly.
[105.382s] [ext: omni.replicator.isaac-2.0.3] startup
2025-08-23 00:20:46 [105,170ms] [Warning] [omni.replicator.isaac] omni.replicator.isaac has been deprecated in favor of isaacsim.replicator.domain_randomization, isaacsim.replicator.examples, isaacsim.replicator.writers. Please update your code accordingly.
[105.457s] [ext: omni.replicator.replicator_yaml-2.0.10] startup
[105.712s] [ext: omni.rtx.settings.core-0.6.3] startup
[105.956s] [ext: omni.usd.metrics.assembler.ui-106.5.0] startup
[106.222s] [ext: omni.kit.tool.asset_importer-2.12.3] startup
[106.611s] [ext: isaacsim.app.about-2.0.7] startup
[106.629s] [ext: semantics.schema.editor-0.3.10] startup
[106.729s] [ext: isaacsim.examples.browser-0.1.8] startup
[106.808s] [ext: isaacsim.simulation_app-2.4.2] startup
[106.810s] [ext: semantics.schema.property-1.0.5] startup
[106.847s] [ext: isaacsim.asset.importer.mjcf-2.3.7] startup
[107.173s] [ext: omni.isaac.window.about-2.0.2] startup
2025-08-23 00:20:48 [106,971ms] [Warning] [omni.isaac.window.about] omni.isaac.window.about has been deprecated in favor of isaacsim.app.about. Please update your code accordingly.
2025-08-23 00:20:48 [106,988ms] [Warning] [omni.isaac.window.about.about] omni.isaac.window.about.about has been deprecated in favor of isaacsim.app.about.about. Please update your code accordingly.
[107.274s] [ext: omni.kit.ui.actions-1.0.2] startup
[107.377s] [ext: isaacsim.asset.importer.urdf-2.3.14] startup
[107.937s] [ext: omni.isaac.kit-2.0.3] startup
2025-08-23 00:20:48 [107,683ms] [Warning] [omni.isaac.kit] omni.isaac.kit has been deprecated in favor of isaacsim.simulation_app. Please update your code accordingly.
[107.969s] [ext: omni.isaac.asset_browser-1.0.2] startup
2025-08-23 00:20:48 [107,711ms] [Warning] [omni.isaac.asset_browser] omni.isaac.asset_browser has been deprecated in favor of isaacsim.asset.browser. Please update your code accordingly.
[107.997s] [ext: isaacsim.core.throttling-2.0.2] startup
[108.077s] [ext: omni.flowusd-106.5.2] startup
2025-08-23 00:20:49 [108,047ms] [Warning] [omni.stageupdate.plugin] Deprecated: direct use of IStageUpdate callbacks is deprecated. Use IStageUpdate::getStageUpdate instead.
[108.538s] [ext: omni.kit.menu.common-1.1.9] startup
[108.671s] [ext: isaacsim.exp.base-4.5.0] startup
[108.672s] [ext: omnigibson_4_5_0-1.5.0] startup
[108.714s] Simulation App Starting
2025-08-23 00:20:50 [109,469ms] [Warning] [omni.kvdb.plugin] Disabling key-value database because another kit process is locking it
2025-08-23 00:20:50 [109,502ms] [Warning] [carb.audio.device] audio device is misconfigured or broken {deviceIndex = 0, name = 'default'} (The device is likely misconfigured, check your $HOME/.asoundrc)
2025-08-23 00:20:50 [109,502ms] [Warning] [carb.audio.output] failed to retrieve the capabilities for device 0 {result = eDeviceLost (2)}
2025-08-23 00:20:50 [109,504ms] [Warning] [carb.audio.context] failed to set the requested output during context creation.  Using a null streamer instead {result = eDeviceLost (2)}
[109.959s] app ready
2025-08-23 00:20:52 [110,902ms] [Warning] [rtx.neuraylib.plugin] [IRAY:RENDER]   1.1   IRAY   rend warn : CUDA device 0 (NVIDIA A100-SXM4-80GB): ECC is enabled, this will reduce rendering performance (it is strongly recommended to disable ECC with iray)
2025-08-23 00:20:52 [111,018ms] [Warning] [rtx.scenedb.plugin] SceneDbContext : TLAS limit buffer size 2705217792
2025-08-23 00:20:52 [111,018ms] [Warning] [rtx.scenedb.plugin] SceneDbContext : TLAS limit : valid true, within: false
2025-08-23 00:23:58 [297,113ms] [Warning] [omni.usd-abi.plugin] No setting was found for '/rtx-defaults-transient/meshlights/forceDisable'
2025-08-23 00:24:01 [300,850ms] [Warning] [omni.usd-abi.plugin] No setting was found for '/rtx-defaults/post/dlss/execMode'
2025-08-23 00:29:26 [624,979ms] [Warning] [rtx.postprocessing.plugin] DLSS-RR is not supported in the current build due to some known bugs with this GPU: NVIDIA A100-SXM4-80GB.Note that RTX Real-Time raytracing mode will not be able to denoise the output correctly.
[625.700s] Simulation App Startup Complete
2025-08-23 00:30:49 [708,361ms] [Warning] [carb] Failed to startup plugin carb.windowing-glfw.plugin (interfaces: [carb::windowing::IGLContext v1.0],[carb::windowing::IWindowing v1.5]) (impl: carb.windowing-glfw.plugin)
2025-08-23 00:31:44 [763,834ms] [Warning] [omni.syntheticdata.plugin] OgnSdPostRenderVarToHost : rendervar copy from texture directly to host buffer is counter-performant. Please use copy from texture to device buffer first.
2025-08-23 00:31:45 [763,902ms] [Warning] [omni.fabric.plugin] removePath called on non-existent path /Render/OmniverseKit/HydraTextures/Replicator/PostRender/SDGPipeline/Replicator_GpuInteropEntry 


                   ____________
                  /          / \
                 /          / /__
                /          / /  /\
               /__________/ /__/  \
               \   _____  \ \__\  /
                \  \  / \  \ \_/ /
                 \  \/___\  \   /
                  \__________\_/  
       ___                  _  ____ _ _                     
      / _ \ _ __ ___  _ __ (_)/ ___(_) |__  ___  ___  _ __  
     | | | | '_ ` _ \| '_ \| | |  _| | '_ \/ __|/ _ \| '_ \ 
     | |_| | | | | | | | | | | |_| | | |_) \__ \ (_) | | | |
      \___/|_| |_| |_|_| |_|_|\____|_|_.__/|___/\___/|_| |_|

[INFO] [omnigibson.simulator] ---------- Welcome to OmniGibson! ----------
2025-08-23 00:31:52 [771,201ms] [Warning] [omni.syntheticdata.plugin] SdRenderVarPtr missing valid input renderVar LdrColorSDhost
2025-08-23 00:31:52 [771,274ms] [Warning] [carb] Failed to startup plugin carb.windowing-glfw.plugin (interfaces: [carb::windowing::IGLContext v1.0],[carb::windowing::IWindowing v1.5]) (impl: carb.windowing-glfw.plugin)
[INFO] [omnigibson.simulator] Imported scene 0.
[WARNING] [omnigibson.objects.dataset_object] Category stages not found in average object specs! Defaulting to unit mass or density.
2025-08-23 00:31:55 [773,927ms] [Warning] [omnigibson.objects.dataset_object] Category stages not found in average object specs! Defaulting to unit mass or density.
[WARNING] [omnigibson.prims.material_prim] No compatible material prim class found for material at /World/scene_0/lamp_0/Looks/Metal___Stainless_steel with asset path gltf/pbr.mdl and sub-identifier gltf_material. Using MaterialPrim as a fallback.
2025-08-23 00:31:57 [776,475ms] [Warning] [omnigibson.prims.material_prim] No compatible material prim class found for material at /World/scene_0/lamp_0/Looks/Metal___Stainless_steel with asset path gltf/pbr.mdl and sub-identifier gltf_material. Using MaterialPrim as a fallback.
[WARNING] [omnigibson.objects.dataset_object] Category lamp not found in average object specs! Defaulting to unit mass or density.
2025-08-23 00:31:58 [777,553ms] [Warning] [omnigibson.objects.dataset_object] Category lamp not found in average object specs! Defaulting to unit mass or density.
[WARNING] [omnigibson.prims.material_prim] No compatible material prim class found for material at /World/scene_0/tray_2/Looks/Shader1 with asset path gltf/pbr.mdl and sub-identifier gltf_material. Using MaterialPrim as a fallback.
2025-08-23 00:32:02 [781,202ms] [Warning] [omnigibson.prims.material_prim] No compatible material prim class found for material at /World/scene_0/tray_2/Looks/Shader1 with asset path gltf/pbr.mdl and sub-identifier gltf_material. Using MaterialPrim as a fallback.
[WARNING] [omnigibson.objects.stateful_object] State ContainedParticles is incompatible with obj tray_2. Reason: LinkBasedStateMixin ContainedParticles requires meta link with type ['fillable', 'openfillable'] for obj tray_2 but none was found! To get valid compatible object models, please use omnigibson.utils.asset_utils.get_all_object_category_models_with_abilities(...)
2025-08-23 00:32:02 [781,256ms] [Warning] [omnigibson.objects.stateful_object] State ContainedParticles is incompatible with obj tray_2. Reason: LinkBasedStateMixin ContainedParticles requires meta link with type ['fillable', 'openfillable'] for obj tray_2 but none was found! To get valid compatible object models, please use omnigibson.utils.asset_utils.get_all_object_category_models_with_abilities(...)
[WARNING] [omnigibson.objects.stateful_object] State Filled is incompatible with obj tray_2. Reason: Missing required dependency state ContainedParticles
2025-08-23 00:32:02 [781,256ms] [Warning] [omnigibson.objects.stateful_object] State Filled is incompatible with obj tray_2. Reason: Missing required dependency state ContainedParticles
[WARNING] [omnigibson.objects.stateful_object] State Contains is incompatible with obj tray_2. Reason: Missing required dependency state ContainedParticles
2025-08-23 00:32:02 [781,256ms] [Warning] [omnigibson.objects.stateful_object] State Contains is incompatible with obj tray_2. Reason: Missing required dependency state ContainedParticles
[WARNING] [omnigibson.objects.dataset_object] Category book not found in average object specs! Defaulting to unit mass or density.
2025-08-23 00:32:02 [781,689ms] [Warning] [omnigibson.objects.dataset_object] Category book not found in average object specs! Defaulting to unit mass or density.
[WARNING] [omnigibson.objects.dataset_object] Category cabinet not found in average object specs! Defaulting to unit mass or density.
2025-08-23 00:32:04 [783,514ms] [Warning] [omnigibson.objects.dataset_object] Category cabinet not found in average object specs! Defaulting to unit mass or density.
[WARNING] [omnigibson.objects.dataset_object] Category seat not found in average object specs! Defaulting to unit mass or density.
2025-08-23 00:32:05 [784,773ms] [Warning] [omnigibson.objects.dataset_object] Category seat not found in average object specs! Defaulting to unit mass or density.
[WARNING] [omnigibson.objects.dataset_object] Category plant not found in average object specs! Defaulting to unit mass or density.
2025-08-23 00:32:07 [786,332ms] [Warning] [omnigibson.objects.dataset_object] Category plant not found in average object specs! Defaulting to unit mass or density.
[WARNING] [omnigibson.prims.material_prim] No compatible material prim class found for material at /World/scene_0/plant_8/Looks/Shader1 with asset path gltf/pbr.mdl and sub-identifier gltf_material. Using MaterialPrim as a fallback.
2025-08-23 00:32:07 [786,786ms] [Warning] [omnigibson.prims.material_prim] No compatible material prim class found for material at /World/scene_0/plant_8/Looks/Shader1 with asset path gltf/pbr.mdl and sub-identifier gltf_material. Using MaterialPrim as a fallback.
[WARNING] [omnigibson.objects.dataset_object] Category plant not found in average object specs! Defaulting to unit mass or density.
2025-08-23 00:32:08 [787,829ms] [Warning] [omnigibson.objects.dataset_object] Category plant not found in average object specs! Defaulting to unit mass or density.
[WARNING] [omnigibson.prims.material_prim] No compatible material prim class found for material at /World/scene_0/plant_9/Looks/Shader1 with asset path gltf/pbr.mdl and sub-identifier gltf_material. Using MaterialPrim as a fallback.
2025-08-23 00:32:09 [788,198ms] [Warning] [omnigibson.prims.material_prim] No compatible material prim class found for material at /World/scene_0/plant_9/Looks/Shader1 with asset path gltf/pbr.mdl and sub-identifier gltf_material. Using MaterialPrim as a fallback.
[WARNING] [omnigibson.objects.dataset_object] Category plant not found in average object specs! Defaulting to unit mass or density.
2025-08-23 00:32:10 [789,234ms] [Warning] [omnigibson.objects.dataset_object] Category plant not found in average object specs! Defaulting to unit mass or density.
[WARNING] [omnigibson.objects.dataset_object] Category seat not found in average object specs! Defaulting to unit mass or density.
2025-08-23 00:32:11 [790,551ms] [Warning] [omnigibson.objects.dataset_object] Category seat not found in average object specs! Defaulting to unit mass or density.
[WARNING] [omnigibson.objects.dataset_object] Category plant not found in average object specs! Defaulting to unit mass or density.
2025-08-23 00:32:13 [791,952ms] [Warning] [omnigibson.objects.dataset_object] Category plant not found in average object specs! Defaulting to unit mass or density.
[WARNING] [omnigibson.objects.dataset_object] Category container not found in average object specs! Defaulting to unit mass or density.
2025-08-23 00:32:14 [793,451ms] [Warning] [omnigibson.objects.dataset_object] Category container not found in average object specs! Defaulting to unit mass or density.
Skipping object {'template_name': '3a08b42318c54a51a0ea28547a12d919ea4f46ca_part_17', 'translation': [-1.597674870620459, 2.4109195682148976, -3.6541565567778855], 'rotation': [-0.5000000218556936, -0.49999999205336904, 0.5000000377489512, -0.49999994834198164], 'non_uniform_scale': [0.9999998807907162, 0.9999998211860768, 0.9999998211860817], 'motion_type': 'STATIC'}
Skipping object {'template_name': '3a08b42318c54a51a0ea28547a12d919ea4f46ca_part_18', 'translation': [-1.5988273389541119, 2.408027254216717, -3.6977373374848996], 'rotation': [-0.5000000218556936, -0.49999999205336904, 0.5000000377489512, -0.49999994834198164], 'non_uniform_scale': [0.9999998807907162, 0.9999998211860768, 0.9999998211860817], 'motion_type': 'STATIC'}
Skipping object {'template_name': '3a08b42318c54a51a0ea28547a12d919ea4f46ca_part_20', 'translation': [-1.6083854387306031, 2.4109195512540205, -3.7544290510019738], 'rotation': [-0.5000000218556936, -0.49999999205336904, 0.5000000377489512, -0.49999994834198164], 'non_uniform_scale': [0.9999998807907162, 0.9999998211860768, 0.9999998211860817], 'motion_type': 'STATIC'}
Skipping object {'template_name': '3a08b42318c54a51a0ea28547a12d919ea4f46ca_part_21', 'translation': [-1.597361643522891, 2.420731099027508, -3.793451402343738], 'rotation': [-0.5000000218556936, -0.49999999205336904, 0.5000000377489512, -0.49999994834198164], 'non_uniform_scale': [0.9999998807907162, 0.9999998211860768, 0.9999998211860817], 'motion_type': 'STATIC'}
Skipping object {'template_name': '3a08b42318c54a51a0ea28547a12d919ea4f46ca_part_22', 'translation': [-1.6138022958071312, 2.4109198503649156, -3.8561305670691], 'rotation': [-0.5000000218556936, -0.49999999205336904, 0.5000000377489512, -0.49999994834198164], 'non_uniform_scale': [0.9999998807907162, 0.9999998211860768, 0.9999998211860817], 'motion_type': 'STATIC'}
Skipping object {'template_name': '3a08b42318c54a51a0ea28547a12d919ea4f46ca_part_19', 'translation': [-1.5980809510157719, 2.4161534128386872, -3.729559671559885], 'rotation': [-0.5000000218556936, -0.49999999205336904, 0.5000000377489512, -0.49999994834198164], 'non_uniform_scale': [0.9999998807907162, 0.9999998211860768, 0.9999998211860817], 'motion_type': 'STATIC'}
Skipping object {'template_name': '3a08b42318c54a51a0ea28547a12d919ea4f46ca_part_5', 'translation': [-1.5821072184449056, 2.451658259047293, -2.6827036744387707], 'rotation': [-0.5000000218556936, -0.49999999205336904, 0.5000000377489512, -0.49999994834198164], 'non_uniform_scale': [0.9999998807907162, 0.9999998211860768, 0.9999998211860817], 'motion_type': 'STATIC'}
Skipping object {'template_name': '3a08b42318c54a51a0ea28547a12d919ea4f46ca_part_7', 'translation': [-1.5829521844427261, 2.455670722544796, -3.28557772487178], 'rotation': [-0.5000000218556936, -0.49999999205336904, 0.5000000377489512, -0.49999994834198164], 'non_uniform_scale': [0.9999998807907162, 0.9999998211860768, 0.9999998211860817], 'motion_type': 'STATIC'}
Skipping object {'template_name': '3a08b42318c54a51a0ea28547a12d919ea4f46ca_part_12', 'translation': [-1.5798122003524755, 2.45593440333488, -3.425736665943645], 'rotation': [-0.5000000218556936, -0.49999999205336904, 0.5000000377489512, -0.49999994834198164], 'non_uniform_scale': [0.9999998807907162, 0.9999998211860768, 0.9999998211860817], 'motion_type': 'STATIC'}
Skipping object {'template_name': '3a08b42318c54a51a0ea28547a12d919ea4f46ca_part_1', 'translation': [-1.5736979512195028, 2.4697290333864514, -2.5410666483306645], 'rotation': [-0.5000000218556936, -0.49999999205336904, 0.5000000377489512, -0.49999994834198164], 'non_uniform_scale': [0.9999998807907162, 0.9999998211860768, 0.9999998211860817], 'motion_type': 'STATIC'}
Skipping object {'template_name': '3a08b42318c54a51a0ea28547a12d919ea4f46ca_part_4', 'translation': [-1.5798682109068938, 2.4475841437823704, -2.6161076217068917], 'rotation': [-0.5000000218556936, -0.49999999205336904, 0.5000000377489512, -0.49999994834198164], 'non_uniform_scale': [0.9999998807907162, 0.9999998211860768, 0.9999998211860817], 'motion_type': 'STATIC'}
Skipping object {'template_name': '3a08b42318c54a51a0ea28547a12d919ea4f46ca_part_6', 'translation': [-1.5849449113153986, 2.418054257795153, -2.741701613342485], 'rotation': [-0.5000000218556936, -0.49999999205336904, 0.5000000377489512, -0.49999994834198164], 'non_uniform_scale': [0.9999998807907162, 0.9999998211860768, 0.9999998211860817], 'motion_type': 'STATIC'}
Skipping object {'template_name': '3a08b42318c54a51a0ea28547a12d919ea4f46ca_part_16', 'translation': [-1.6766784971935076, 2.4518187645941434, -3.5380801804383193], 'rotation': [-0.5000000218556936, -0.49999999205336904, 0.5000000377489512, -0.49999994834198164], 'non_uniform_scale': [0.9999998807907162, 0.9999998211860768, 0.9999998211860817], 'motion_type': 'STATIC'}
Skipping object {'template_name': '3a08b42318c54a51a0ea28547a12d919ea4f46ca_part_13', 'translation': [-1.576318316135446, 2.450338054370011, -3.4592425204071873], 'rotation': [-0.5000000218556936, -0.49999999205336904, 0.5000000377489512, -0.49999994834198164], 'non_uniform_scale': [0.9999998807907162, 0.9999998211860768, 0.9999998211860817], 'motion_type': 'STATIC'}
Skipping object {'template_name': '3a08b42318c54a51a0ea28547a12d919ea4f46ca_part_8', 'translation': [-1.5808301616392164, 2.4777262513732037, -3.3116936544699285], 'rotation': [-0.5000000218556936, -0.49999999205336904, 0.5000000377489512, -0.49999994834198164], 'non_uniform_scale': [0.9999998807907162, 0.9999998211860768, 0.9999998211860817], 'motion_type': 'STATIC'}
Skipping object {'template_name': '3a08b42318c54a51a0ea28547a12d919ea4f46ca_part_14', 'translation': [-1.5764819522913083, 2.432575260732687, -3.484092218985575], 'rotation': [-0.5000000218556936, -0.49999999205336904, 0.5000000377489512, -0.49999994834198164], 'non_uniform_scale': [0.9999998807907162, 0.9999998211860768, 0.9999998211860817], 'motion_type': 'STATIC'}
Skipping object {'template_name': '3a08b42318c54a51a0ea28547a12d919ea4f46ca_part_10', 'translation': [-1.5847492266992584, 2.4591524752110394, -3.359935532536792], 'rotation': [-0.5000000218556936, -0.49999999205336904, 0.5000000377489512, -0.49999994834198164], 'non_uniform_scale': [0.9999998807907162, 0.9999998211860768, 0.9999998211860817], 'motion_type': 'STATIC'}
Skipping object {'template_name': '3a08b42318c54a51a0ea28547a12d919ea4f46ca_part_15', 'translation': [-1.5961568812488027, 2.431379856963266, -3.5085474472662144], 'rotation': [-0.5000000218556936, -0.49999999205336904, 0.5000000377489512, -0.49999994834198164], 'non_uniform_scale': [0.9999998807907162, 0.9999998211860768, 0.9999998211860817], 'motion_type': 'STATIC'}
Skipping object {'template_name': '3a08b42318c54a51a0ea28547a12d919ea4f46ca_part_11', 'translation': [-1.5818249255065642, 2.459407292608448, -3.392563529275548], 'rotation': [-0.5000000218556936, -0.49999999205336904, 0.5000000377489512, -0.49999994834198164], 'non_uniform_scale': [0.9999998807907162, 0.9999998211860768, 0.9999998211860817], 'motion_type': 'STATIC'}
Skipping object {'template_name': '3a08b42318c54a51a0ea28547a12d919ea4f46ca_part_9', 'translation': [-1.5836894349581279, 2.4752049195938617, -3.3309444764349614], 'rotation': [-0.5000000218556936, -0.49999999205336904, 0.5000000377489512, -0.49999994834198164], 'non_uniform_scale': [0.9999998807907162, 0.9999998211860768, 0.9999998211860817], 'motion_type': 'STATIC'}
Skipping object {'template_name': '3a08b42318c54a51a0ea28547a12d919ea4f46ca_part_2', 'translation': [-1.565568071638931, 2.2960095631287936, -3.0852495800606894], 'rotation': [-0.5000000218556936, -0.49999999205336904, 0.5000000377489512, -0.49999994834198164], 'non_uniform_scale': [0.9999998807907162, 0.9999998211860768, 0.9999998211860817], 'motion_type': 'STATIC'}
Skipping object {'template_name': '3a08b42318c54a51a0ea28547a12d919ea4f46ca_part_3', 'translation': [-1.806770167340638, 2.3869503096516422, -3.2247448059239026], 'rotation': [-0.5000000218556936, -0.49999999205336904, 0.5000000377489512, -0.49999994834198164], 'non_uniform_scale': [0.9999998807907162, 0.9999998211860768, 0.9999998211860817], 'motion_type': 'STATIC'}
[WARNING] [omnigibson.prims.material_prim] No compatible material prim class found for material at /World/scene_0/carpet_35/Looks/Rug with asset path gltf/pbr.mdl and sub-identifier gltf_material. Using MaterialPrim as a fallback.
2025-08-23 00:32:15 [793,901ms] [Warning] [omnigibson.prims.material_prim] No compatible material prim class found for material at /World/scene_0/carpet_35/Looks/Rug with asset path gltf/pbr.mdl and sub-identifier gltf_material. Using MaterialPrim as a fallback.
[WARNING] [omnigibson.objects.stateful_object] State ParticleRemover is incompatible with obj carpet_35. Reason: ParticleRemover requires gm.USE_GPU_DYNAMICS=True!
2025-08-23 00:32:15 [793,941ms] [Warning] [omnigibson.objects.stateful_object] State ParticleRemover is incompatible with obj carpet_35. Reason: ParticleRemover requires gm.USE_GPU_DYNAMICS=True!
[WARNING] [omnigibson.objects.dataset_object] Category plant not found in average object specs! Defaulting to unit mass or density.
2025-08-23 00:32:16 [795,150ms] [Warning] [omnigibson.objects.dataset_object] Category plant not found in average object specs! Defaulting to unit mass or density.
[WARNING] [omnigibson.objects.dataset_object] Category tv not found in average object specs! Defaulting to unit mass or density.
2025-08-23 00:32:18 [797,088ms] [Warning] [omnigibson.objects.dataset_object] Category tv not found in average object specs! Defaulting to unit mass or density.
[WARNING] [omnigibson.objects.dataset_object] Category cabinet not found in average object specs! Defaulting to unit mass or density.
2025-08-23 00:32:19 [798,253ms] [Warning] [omnigibson.objects.dataset_object] Category cabinet not found in average object specs! Defaulting to unit mass or density.
[WARNING] [omnigibson.prims.material_prim] No compatible material prim class found for material at /World/scene_0/picture_40/Looks/Fabric with asset path gltf/pbr.mdl and sub-identifier gltf_material. Using MaterialPrim as a fallback.
2025-08-23 00:32:19 [798,563ms] [Warning] [omnigibson.prims.material_prim] No compatible material prim class found for material at /World/scene_0/picture_40/Looks/Fabric with asset path gltf/pbr.mdl and sub-identifier gltf_material. Using MaterialPrim as a fallback.
[WARNING] [omnigibson.objects.dataset_object] Category basket not found in average object specs! Defaulting to unit mass or density.
2025-08-23 00:32:19 [798,724ms] [Warning] [omnigibson.objects.dataset_object] Category basket not found in average object specs! Defaulting to unit mass or density.
[WARNING] [omnigibson.prims.material_prim] No compatible material prim class found for material at /World/scene_0/picture_42/Looks/Arch___Design__mi__1 with asset path gltf/pbr.mdl and sub-identifier gltf_material. Using MaterialPrim as a fallback.
2025-08-23 00:32:19 [798,773ms] [Warning] [omnigibson.prims.material_prim] No compatible material prim class found for material at /World/scene_0/picture_42/Looks/Arch___Design__mi__1 with asset path gltf/pbr.mdl and sub-identifier gltf_material. Using MaterialPrim as a fallback.
[WARNING] [omnigibson.objects.stateful_object] State Open is incompatible with obj fridge_43. Reason: No relevant joints for Open state found for object fridge_43
2025-08-23 00:32:20 [798,942ms] [Warning] [omnigibson.objects.stateful_object] State Open is incompatible with obj fridge_43. Reason: No relevant joints for Open state found for object fridge_43
[WARNING] [omnigibson.objects.stateful_object] State HeatSourceOrSink is incompatible with obj fridge_43. Reason: HeatSourceOrSink has requires_closed but obj has no Open state!
2025-08-23 00:32:20 [798,942ms] [Warning] [omnigibson.objects.stateful_object] State HeatSourceOrSink is incompatible with obj fridge_43. Reason: HeatSourceOrSink has requires_closed but obj has no Open state!
[WARNING] [omnigibson.objects.stateful_object] State ContainedParticles is incompatible with obj fridge_43. Reason: LinkBasedStateMixin ContainedParticles requires meta link with type ['fillable', 'openfillable'] for obj fridge_43 but none was found! To get valid compatible object models, please use omnigibson.utils.asset_utils.get_all_object_category_models_with_abilities(...)
2025-08-23 00:32:20 [798,943ms] [Warning] [omnigibson.objects.stateful_object] State ContainedParticles is incompatible with obj fridge_43. Reason: LinkBasedStateMixin ContainedParticles requires meta link with type ['fillable', 'openfillable'] for obj fridge_43 but none was found! To get valid compatible object models, please use omnigibson.utils.asset_utils.get_all_object_category_models_with_abilities(...)
[WARNING] [omnigibson.objects.stateful_object] State Filled is incompatible with obj fridge_43. Reason: Missing required dependency state ContainedParticles
2025-08-23 00:32:20 [798,943ms] [Warning] [omnigibson.objects.stateful_object] State Filled is incompatible with obj fridge_43. Reason: Missing required dependency state ContainedParticles
[WARNING] [omnigibson.objects.stateful_object] State Contains is incompatible with obj fridge_43. Reason: Missing required dependency state ContainedParticles
2025-08-23 00:32:20 [798,944ms] [Warning] [omnigibson.objects.stateful_object] State Contains is incompatible with obj fridge_43. Reason: Missing required dependency state ContainedParticles
[WARNING] [omnigibson.objects.dataset_object] Category basket not found in average object specs! Defaulting to unit mass or density.
2025-08-23 00:32:21 [800,084ms] [Warning] [omnigibson.objects.dataset_object] Category basket not found in average object specs! Defaulting to unit mass or density.
[WARNING] [omnigibson.objects.dataset_object] Category book not found in average object specs! Defaulting to unit mass or density.
2025-08-23 00:32:21 [800,547ms] [Warning] [omnigibson.objects.dataset_object] Category book not found in average object specs! Defaulting to unit mass or density.
[WARNING] [omnigibson.prims.material_prim] No compatible material prim class found for material at /World/scene_0/box_46/Looks/Shader1 with asset path gltf/pbr.mdl and sub-identifier gltf_material. Using MaterialPrim as a fallback.
2025-08-23 00:32:21 [800,611ms] [Warning] [omnigibson.prims.material_prim] No compatible material prim class found for material at /World/scene_0/box_46/Looks/Shader1 with asset path gltf/pbr.mdl and sub-identifier gltf_material. Using MaterialPrim as a fallback.
[WARNING] [omnigibson.objects.dataset_object] Category box not found in average object specs! Defaulting to unit mass or density.
2025-08-23 00:32:21 [800,656ms] [Warning] [omnigibson.objects.dataset_object] Category box not found in average object specs! Defaulting to unit mass or density.
[WARNING] [omnigibson.objects.dataset_object] Category stool not found in average object specs! Defaulting to unit mass or density.
2025-08-23 00:32:22 [801,116ms] [Warning] [omnigibson.objects.dataset_object] Category stool not found in average object specs! Defaulting to unit mass or density.
[WARNING] [omnigibson.objects.dataset_object] Category stool not found in average object specs! Defaulting to unit mass or density.
2025-08-23 00:32:22 [801,748ms] [Warning] [omnigibson.objects.dataset_object] Category stool not found in average object specs! Defaulting to unit mass or density.
[WARNING] [omnigibson.objects.dataset_object] Category stool not found in average object specs! Defaulting to unit mass or density.
2025-08-23 00:32:23 [802,354ms] [Warning] [omnigibson.objects.dataset_object] Category stool not found in average object specs! Defaulting to unit mass or density.
[WARNING] [omnigibson.prims.material_prim] No compatible material prim class found for material at /World/scene_0/couch_50/Looks/mig_1 with asset path gltf/pbr.mdl and sub-identifier gltf_material. Using MaterialPrim as a fallback.
2025-08-23 00:32:23 [802,575ms] [Warning] [omnigibson.prims.material_prim] No compatible material prim class found for material at /World/scene_0/couch_50/Looks/mig_1 with asset path gltf/pbr.mdl and sub-identifier gltf_material. Using MaterialPrim as a fallback.
[WARNING] [omnigibson.objects.dataset_object] Category couch not found in average object specs! Defaulting to unit mass or density.
2025-08-23 00:32:24 [803,719ms] [Warning] [omnigibson.objects.dataset_object] Category couch not found in average object specs! Defaulting to unit mass or density.
[WARNING] [omnigibson.prims.material_prim] No compatible material prim class found for material at /World/scene_0/picture_51/Looks/Fabric with asset path gltf/pbr.mdl and sub-identifier gltf_material. Using MaterialPrim as a fallback.
2025-08-23 00:32:25 [804,059ms] [Warning] [omnigibson.prims.material_prim] No compatible material prim class found for material at /World/scene_0/picture_51/Looks/Fabric with asset path gltf/pbr.mdl and sub-identifier gltf_material. Using MaterialPrim as a fallback.
[WARNING] [omnigibson.objects.dataset_object] Category flower_stand not found in average object specs! Defaulting to unit mass or density.
2025-08-23 00:32:26 [805,239ms] [Warning] [omnigibson.objects.dataset_object] Category flower_stand not found in average object specs! Defaulting to unit mass or density.
[WARNING] [omnigibson.objects.dataset_object] Category cabinet not found in average object specs! Defaulting to unit mass or density.
2025-08-23 00:32:27 [806,853ms] [Warning] [omnigibson.objects.dataset_object] Category cabinet not found in average object specs! Defaulting to unit mass or density.
[WARNING] [omnigibson.objects.dataset_object] Category cabinet not found in average object specs! Defaulting to unit mass or density.
2025-08-23 00:32:28 [807,782ms] [Warning] [omnigibson.objects.dataset_object] Category cabinet not found in average object specs! Defaulting to unit mass or density.
[WARNING] [omnigibson.objects.dataset_object] Category cabinet not found in average object specs! Defaulting to unit mass or density.
2025-08-23 00:32:29 [808,608ms] [Warning] [omnigibson.objects.dataset_object] Category cabinet not found in average object specs! Defaulting to unit mass or density.
[WARNING] [omnigibson.objects.stateful_object] Ability 'particleSink' is incompatible with obj shower_56, because requirement ParticleRequirement was not met. Reason: Particle systems are not enabled when GPU dynamics is off.
2025-08-23 00:32:30 [809,446ms] [Warning] [omnigibson.objects.stateful_object] Ability 'particleSink' is incompatible with obj shower_56, because requirement ParticleRequirement was not met. Reason: Particle systems are not enabled when GPU dynamics is off.
[WARNING] [omnigibson.objects.dataset_object] Category table not found in average object specs! Defaulting to unit mass or density.
2025-08-23 00:32:31 [810,794ms] [Warning] [omnigibson.objects.dataset_object] Category table not found in average object specs! Defaulting to unit mass or density.
[WARNING] [omnigibson.prims.material_prim] No compatible material prim class found for material at /World/scene_0/fruit_bowl_58/Looks/Shader1 with asset path gltf/pbr.mdl and sub-identifier gltf_material. Using MaterialPrim as a fallback.
2025-08-23 00:32:32 [811,139ms] [Warning] [omnigibson.prims.material_prim] No compatible material prim class found for material at /World/scene_0/fruit_bowl_58/Looks/Shader1 with asset path gltf/pbr.mdl and sub-identifier gltf_material. Using MaterialPrim as a fallback.
[WARNING] [omnigibson.objects.dataset_object] Category fruit_bowl not found in average object specs! Defaulting to unit mass or density.
2025-08-23 00:32:33 [812,179ms] [Warning] [omnigibson.objects.dataset_object] Category fruit_bowl not found in average object specs! Defaulting to unit mass or density.
[WARNING] [omnigibson.prims.material_prim] No compatible material prim class found for material at /World/scene_0/carpet_59/Looks/Shader1 with asset path gltf/pbr.mdl and sub-identifier gltf_material. Using MaterialPrim as a fallback.
2025-08-23 00:32:33 [812,538ms] [Warning] [omnigibson.prims.material_prim] No compatible material prim class found for material at /World/scene_0/carpet_59/Looks/Shader1 with asset path gltf/pbr.mdl and sub-identifier gltf_material. Using MaterialPrim as a fallback.
[WARNING] [omnigibson.objects.stateful_object] State ParticleRemover is incompatible with obj carpet_59. Reason: ParticleRemover requires gm.USE_GPU_DYNAMICS=True!
2025-08-23 00:32:33 [812,583ms] [Warning] [omnigibson.objects.stateful_object] State ParticleRemover is incompatible with obj carpet_59. Reason: ParticleRemover requires gm.USE_GPU_DYNAMICS=True!
[WARNING] [omnigibson.objects.stateful_object] State ContainedParticles is incompatible with obj tray_60. Reason: LinkBasedStateMixin ContainedParticles requires meta link with type ['fillable', 'openfillable'] for obj tray_60 but none was found! To get valid compatible object models, please use omnigibson.utils.asset_utils.get_all_object_category_models_with_abilities(...)
2025-08-23 00:32:35 [814,279ms] [Warning] [omnigibson.objects.stateful_object] State ContainedParticles is incompatible with obj tray_60. Reason: LinkBasedStateMixin ContainedParticles requires meta link with type ['fillable', 'openfillable'] for obj tray_60 but none was found! To get valid compatible object models, please use omnigibson.utils.asset_utils.get_all_object_category_models_with_abilities(...)
[WARNING] [omnigibson.objects.stateful_object] State Filled is incompatible with obj tray_60. Reason: Missing required dependency state ContainedParticles
2025-08-23 00:32:35 [814,280ms] [Warning] [omnigibson.objects.stateful_object] State Filled is incompatible with obj tray_60. Reason: Missing required dependency state ContainedParticles
[WARNING] [omnigibson.objects.stateful_object] State Contains is incompatible with obj tray_60. Reason: Missing required dependency state ContainedParticles
2025-08-23 00:32:35 [814,281ms] [Warning] [omnigibson.objects.stateful_object] State Contains is incompatible with obj tray_60. Reason: Missing required dependency state ContainedParticles
[WARNING] [omnigibson.prims.material_prim] No compatible material prim class found for material at /World/scene_0/decoration_62/Looks/Shader1 with asset path gltf/pbr.mdl and sub-identifier gltf_material. Using MaterialPrim as a fallback.
2025-08-23 00:32:37 [815,893ms] [Warning] [omnigibson.prims.material_prim] No compatible material prim class found for material at /World/scene_0/decoration_62/Looks/Shader1 with asset path gltf/pbr.mdl and sub-identifier gltf_material. Using MaterialPrim as a fallback.
[WARNING] [omnigibson.objects.dataset_object] Category decoration not found in average object specs! Defaulting to unit mass or density.
2025-08-23 00:32:37 [815,939ms] [Warning] [omnigibson.objects.dataset_object] Category decoration not found in average object specs! Defaulting to unit mass or density.
[WARNING] [omnigibson.objects.dataset_object] Category plant not found in average object specs! Defaulting to unit mass or density.
2025-08-23 00:32:38 [817,114ms] [Warning] [omnigibson.objects.dataset_object] Category plant not found in average object specs! Defaulting to unit mass or density.
[WARNING] [omnigibson.objects.dataset_object] Category plant not found in average object specs! Defaulting to unit mass or density.
2025-08-23 00:32:39 [818,616ms] [Warning] [omnigibson.objects.dataset_object] Category plant not found in average object specs! Defaulting to unit mass or density.
[WARNING] [omnigibson.objects.dataset_object] Category cabinet not found in average object specs! Defaulting to unit mass or density.
2025-08-23 00:32:40 [819,829ms] [Warning] [omnigibson.objects.dataset_object] Category cabinet not found in average object specs! Defaulting to unit mass or density.
[WARNING] [omnigibson.objects.dataset_object] Category counter not found in average object specs! Defaulting to unit mass or density.
2025-08-23 00:32:41 [820,751ms] [Warning] [omnigibson.objects.dataset_object] Category counter not found in average object specs! Defaulting to unit mass or density.
[WARNING] [omnigibson.prims.material_prim] No compatible material prim class found for material at /World/scene_0/basket_67/Looks/M_0_0 with asset path gltf/pbr.mdl and sub-identifier gltf_material. Using MaterialPrim as a fallback.
2025-08-23 00:32:42 [820,952ms] [Warning] [omnigibson.prims.material_prim] No compatible material prim class found for material at /World/scene_0/basket_67/Looks/M_0_0 with asset path gltf/pbr.mdl and sub-identifier gltf_material. Using MaterialPrim as a fallback.
[WARNING] [omnigibson.objects.dataset_object] Category basket not found in average object specs! Defaulting to unit mass or density.
2025-08-23 00:32:43 [822,013ms] [Warning] [omnigibson.objects.dataset_object] Category basket not found in average object specs! Defaulting to unit mass or density.
[ERROR] [__main__] openings hssd2196 negative scale detected: tensor([-1.0000,  1.0000,  1.0000])
2025-08-23 00:32:43 [822,339ms] [Error] [__main__] openings hssd2196 negative scale detected: tensor([-1.0000,  1.0000,  1.0000])
[WARNING] [omnigibson.objects.dataset_object] Category openings not found in average object specs! Defaulting to unit mass or density.
2025-08-23 00:32:44 [822,949ms] [Warning] [omnigibson.objects.dataset_object] Category openings not found in average object specs! Defaulting to unit mass or density.
[ERROR] [__main__] openings hssd2197 negative scale detected: tensor([-1.0000,  1.0000,  1.0000])
2025-08-23 00:32:44 [823,073ms] [Error] [__main__] openings hssd2197 negative scale detected: tensor([-1.0000,  1.0000,  1.0000])
[WARNING] [omnigibson.objects.dataset_object] Category openings not found in average object specs! Defaulting to unit mass or density.
2025-08-23 00:32:44 [823,511ms] [Warning] [omnigibson.objects.dataset_object] Category openings not found in average object specs! Defaulting to unit mass or density.
[ERROR] [__main__] openings hssd2003 negative scale detected: tensor([-1.0000,  1.0000,  1.0000])
2025-08-23 00:32:44 [823,613ms] [Error] [__main__] openings hssd2003 negative scale detected: tensor([-1.0000,  1.0000,  1.0000])
[WARNING] [omnigibson.objects.dataset_object] Category openings not found in average object specs! Defaulting to unit mass or density.
2025-08-23 00:32:44 [823,834ms] [Warning] [omnigibson.objects.dataset_object] Category openings not found in average object specs! Defaulting to unit mass or density.
[ERROR] [__main__] openings hssd2197 negative scale detected: tensor([-1.0000,  1.0000,  1.0000])
2025-08-23 00:32:44 [823,888ms] [Error] [__main__] openings hssd2197 negative scale detected: tensor([-1.0000,  1.0000,  1.0000])
[WARNING] [omnigibson.objects.dataset_object] Category openings not found in average object specs! Defaulting to unit mass or density.
2025-08-23 00:32:45 [824,428ms] [Warning] [omnigibson.objects.dataset_object] Category openings not found in average object specs! Defaulting to unit mass or density.
[ERROR] [__main__] openings hssd2197 negative scale detected: tensor([-1.0000,  1.0000,  1.0000])
2025-08-23 00:32:45 [824,528ms] [Error] [__main__] openings hssd2197 negative scale detected: tensor([-1.0000,  1.0000,  1.0000])
[WARNING] [omnigibson.objects.dataset_object] Category openings not found in average object specs! Defaulting to unit mass or density.
2025-08-23 00:32:46 [824,970ms] [Warning] [omnigibson.objects.dataset_object] Category openings not found in average object specs! Defaulting to unit mass or density.
[ERROR] [__main__] openings hssd2195 negative scale detected: tensor([-1.0000,  1.0000,  1.0000])
2025-08-23 00:32:46 [825,077ms] [Error] [__main__] openings hssd2195 negative scale detected: tensor([-1.0000,  1.0000,  1.0000])
[WARNING] [omnigibson.objects.dataset_object] Category openings not found in average object specs! Defaulting to unit mass or density.
2025-08-23 00:32:46 [825,625ms] [Warning] [omnigibson.objects.dataset_object] Category openings not found in average object specs! Defaulting to unit mass or density.
100%|| 1/1 [14:29<00:00, 869.21s/it]100%|| 1/1 [14:29<00:00, 869.21s/it]
2025-08-23 00:33:29 [868,194ms] [Warning] [carb] Failed to startup plugin carb.windowing-glfw.plugin (interfaces: [carb::windowing::IGLContext v1.0],[carb::windowing::IWindowing v1.5]) (impl: carb.windowing-glfw.plugin)
2025-08-23 00:33:30 [869,665ms] [Warning] [carb] Plugin interface for a client: omni.hydratexture.plugin was already released.
[870.186s] Simulation App Shutting Down
