/home/cgokmen/miniconda3/envs/behavior/bin/python: No module named omnigibson.examples.scenes.import_hssd_scenes
/home/cgokmen/miniconda3/envs/behavior/bin/python: No module named omnigibson.examples.scenes.import_hssd_scenes
/home/cgokmen/miniconda3/envs/behavior/bin/python: No module named omnigibson.examples.scenes.import_hssd_scenes
/home/cgokmen/miniconda3/envs/behavior/bin/python: No module named omnigibson.examples.scenes.import_hssd_scenes
/home/cgokmen/miniconda3/envs/behavior/bin/python: No module named omnigibson.examples.scenes.import_hssd_scenes
/home/cgokmen/miniconda3/envs/behavior/bin/python: No module named omnigibson.examples.scenes.import_hssd_scenes
/home/cgokmen/miniconda3/envs/behavior/bin/python: No module named omnigibson.examples.scenes.import_hssd_scenes
/home/cgokmen/miniconda3/envs/behavior/bin/python: No module named omnigibson.examples.scenes.import_hssd_scenes
/home/cgokmen/miniconda3/envs/behavior/bin/python: No module named omnigibson.examples.scenes.import_hssd_scenes
/home/cgokmen/miniconda3/envs/behavior/bin/python: No module named omnigibson.examples.scenes.import_hssd_scenes
/home/cgokmen/miniconda3/envs/behavior/bin/python: No module named omnigibson.examples.scenes.import_hssd_scenes
/home/cgokmen/miniconda3/envs/behavior/bin/python: No module named omnigibson.examples.scenes.import_hssd_scenes
/home/cgokmen/miniconda3/envs/behavior/bin/python: No module named omnigibson.examples.scenes.import_hssd_scenes
/home/cgokmen/miniconda3/envs/behavior/bin/python: No module named omnigibson.examples.scenes.import_hssd_scenes
/home/cgokmen/miniconda3/envs/behavior/bin/python: No module named omnigibson.examples.scenes.import_hssd_scenes
/home/cgokmen/miniconda3/envs/behavior/bin/python: No module named omnigibson.examples.scenes.import_hssd_scenes
/home/cgokmen/miniconda3/envs/behavior/bin/python: No module named omnigibson.examples.scenes.import_hssd_scenes
/home/cgokmen/miniconda3/envs/behavior/bin/python: No module named omnigibson.examples.scenes.import_hssd_scenes
/home/cgokmen/miniconda3/envs/behavior/bin/python: No module named omnigibson.examples.scenes.import_hssd_scenes
/home/cgokmen/miniconda3/envs/behavior/bin/python: No module named omnigibson.examples.scenes.import_hssd_scenes
/home/cgokmen/miniconda3/envs/behavior/bin/python: No module named omnigibson.examples.scenes.import_hssd_scenes
/home/cgokmen/miniconda3/envs/behavior/bin/python: No module named omnigibson.examples.scenes.import_hssd_scenes
/home/cgokmen/miniconda3/envs/behavior/bin/python: No module named omnigibson.examples.scenes.import_hssd_scenes
/home/cgokmen/miniconda3/envs/behavior/bin/python: No module named omnigibson.examples.scenes.import_hssd_scenes
/home/cgokmen/miniconda3/envs/behavior/bin/python: No module named omnigibson.examples.scenes.import_hssd_scenes
/home/cgokmen/miniconda3/envs/behavior/bin/python: No module named omnigibson.examples.scenes.import_hssd_scenes
/home/cgokmen/miniconda3/envs/behavior/bin/python: No module named omnigibson.examples.scenes.import_hssd_scenes
  0%|          | 0/1 [00:00<?, ?it/s][INFO] [omnigibson.simulator] ----- Starting OmniGibson. This will take 10-30 seconds... -----
Starting kit application with the following args:  ['/opt/hpcaas/.mounts/fs-0565f60d669b6a2d3/home/cgokmen/miniconda3/envs/behavior/lib/python3.10/site-packages/isaacsim/exts/isaacsim.simulation_app/isaacsim/simulation_app/simulation_app.py', '/opt/hpcaas/.mounts/fs-0565f60d669b6a2d3/home/cgokmen/miniconda3/envs/behavior/lib/python3.10/site-packages/isaacsim/apps/omnigibson_4_5_0.kit', '--/app/tokens/exe-path=/opt/hpcaas/.mounts/fs-0565f60d669b6a2d3/home/cgokmen/miniconda3/envs/behavior/lib/python3.10/site-packages/omni', '--/persistent/app/viewport/displayOptions=3094', '--/rtx/materialDb/syncLoads=True', '--/rtx/hydra/materialSyncLoads=True', '--/omni.kit.plugin/syncUsdLoads=True', '--/app/renderer/resolution/width=1280', '--/app/renderer/resolution/height=720', '--/app/window/width=1440', '--/app/window/height=900', '--/renderer/multiGpu/enabled=False', '--/app/fastShutdown=True', '--/app/installSignalHandlers=0', '--ext-folder', '/opt/hpcaas/.mounts/fs-0565f60d669b6a2d3/home/cgokmen/miniconda3/envs/behavior/lib/python3.10/site-packages/isaacsim/exts', '--ext-folder', '/opt/hpcaas/.mounts/fs-0565f60d669b6a2d3/home/cgokmen/miniconda3/envs/behavior/lib/python3.10/site-packages/isaacsim/apps', '--/physics/cudaDevice=0', '--portable', '--no-window', '--/app/window/hideUi=1']
Passing the following args to the base kit application:  ['72', '168']
[Info] [carb] Logging to file: /opt/hpcaas/.mounts/fs-0565f60d669b6a2d3/home/cgokmen/miniconda3/envs/behavior/lib/python3.10/site-packages/omni/logs/Kit/OmniGibson/3.7/kit_20250823_001910.log
2025-08-23 00:19:10 [0ms] [Warning] [omni.kit.app.plugin] No crash reporter present, dumps uploading isn't available.
[4.019s] [ext: omni.kit.async_engine-0.0.1] startup
[DEBUG] [asyncio] Using selector: EpollSelector
[29.496s] [ext: omni.metrics.core-0.0.1] startup
[29.509s] [ext: omni.client.lib-1.0.0] startup
[30.417s] [ext: omni.blobkey-1.1.2] startup
[30.427s] [ext: omni.stats-1.0.1] startup
[30.450s] [ext: omni.datastore-0.0.0] startup
[30.780s] [ext: omni.client-1.2.2] startup
[30.993s] [ext: omni.ujitso.default-1.0.0] startup
[31.022s] [ext: omni.hsscclient-1.1.1] startup
2025-08-23 00:19:41 [30,719ms] [Warning] [omni.datastore] OmniHub is inaccessible
2025-08-23 00:19:42 [31,344ms] [Error] [omni.datastore] Failed to acquire exclusive lock to data store (64>=64)
2025-08-23 00:19:42 [31,344ms] [Error] [omni.datastore] Failed to create local file data store at '/opt/hpcaas/.mounts/fs-0565f60d669b6a2d3/home/cgokmen/miniconda3/envs/behavior/lib/python3.10/site-packages/omni/cache/DerivedDataCache'
[31.704s] [ext: omni.gpu_foundation.shadercache.vulkan-1.0.0] startup
[31.738s] [ext: omni.assets.plugins-0.0.0] startup
[31.776s] [ext: omni.gpu_foundation-0.0.0] startup
[32.066s] [ext: carb.windowing.plugins-1.0.0] startup
2025-08-23 00:19:42 [31,760ms] [Warning] [carb.windowing-glfw.plugin] GLFW initialization failed.
2025-08-23 00:19:42 [31,760ms] [Warning] [carb] Failed to startup plugin carb.windowing-glfw.plugin (interfaces: [carb::windowing::IGLContext v1.0],[carb::windowing::IWindowing v1.5]) (impl: carb.windowing-glfw.plugin)
[32.091s] [ext: omni.kit.renderer.init-0.0.0] startup
2025-08-23 00:19:42 [31,858ms] [Warning] [omni.platforminfo.plugin] failed to open the default display.  Can't verify X Server version.
2025-08-23 00:19:42 [32,001ms] [Warning] [gpu.foundation.plugin] [ShaderCache]: 95 percent of the driver's shadercache size limit has been reached. Max size: 4000.00 MB, Currently used: 3886.01 MB. To avoid a persistent long startup or USD load time on every app launch, recommended to free space by deleting driver caches using one of the following methods:
- By running the app with --/renderer/shadercache/driverDiskCache/flush=true (only once).
- Or by manually deleting the following folders: '%LOCALAPPDATA%/NVIDIA/DXCache/Omniverse' (Windows-DX) or '$omni_cache/shaders/nv_shadercache' (Windows-Vulkan, Linux-Vulkan).
Driver caches will be re-generated which may take a few minutes on the next launch.
2025-08-23 00:19:44 [33,396ms] [Warning] [carb.cudainterop.plugin] CUDA_VISIBLE_DEVICES environment variable is set.
2025-08-23 00:19:44 [33,396ms] [Warning] [carb.cudainterop.plugin] Note CUDA device enumeration and Omniverse device enumeration are different.
2025-08-23 00:19:44 [33,396ms] [Warning] [carb.cudainterop.plugin] Setting CUDA_VISIBLE_DEVICES can lead to undesired behavior or crashes.

|---------------------------------------------------------------------------------------------|
| Driver Version: 570.172.08    | Graphics API: Vulkan
|=============================================================================================|
| GPU | Name                             | Active | LDA | GPU Memory | Vendor-ID | LUID       |
|     |                                  |        |     |            | Device-ID | UUID       |
|     |                                  |        |     |            | Bus-ID    |            |
|---------------------------------------------------------------------------------------------|
| 0   | NVIDIA A100-SXM4-80GB            | Yes: 0 |     | 147446  MB | 10de      | 0          |
|     |                                  |        |     |            | 20b2      | f8101b53.. |
|     |                                  |        |     |            | 10        |            |
|=============================================================================================|
| OS: 22.04.5 LTS (Jammy Jellyfish) ubuntu, Version: 22.04.5, Kernel: 6.8.0-1033-aws
| Processor: Intel(R) Xeon(R) Platinum 8275CL CPU @ 3.00GHz
| Cores: 48 | Logical Cores: 96
|---------------------------------------------------------------------------------------------|
| Total Memory (MB): 1148721 | Free Memory: 955954
| Total Page/Swap (MB): 0 | Free Page/Swap: 0
|---------------------------------------------------------------------------------------------|
2025-08-23 00:19:46 [35,199ms] [Warning] [gpu.foundation.plugin] ECC is enabled on physical device 0
[36.540s] [ext: omni.kit.pipapi-0.0.0] startup
[36.550s] [ext: omni.kit.pip_archive-0.0.0] startup
[36.554s] [ext: omni.services.pip_archive-0.13.11] startup
[36.559s] [ext: omni.materialx.libs-1.0.6] startup
[36.621s] [ext: omni.kit.telemetry-0.5.1] startup
[36.701s] [ext: omni.kit.loop-isaac-1.2.1] startup
[36.715s] [ext: omni.kit.test-1.1.2] startup
[36.902s] [ext: omni.usd.config-1.0.5] startup
[37.132s] [ext: omni.gpucompute.plugins-0.0.0] startup
[37.155s] [ext: omni.usd.libs-1.0.1] startup
[38.119s] [ext: omni.mdl-55.0.1] startup
[38.279s] [ext: omni.iray.libs-0.0.0] startup
[38.801s] [ext: omni.mdl.neuraylib-0.2.10] startup
[38.832s] [ext: omni.kit.usd.mdl-1.0.7] startup
[39.610s] [ext: omni.pip.compute-1.4.5] startup
[39.616s] [ext: omni.appwindow-1.1.9] startup
2025-08-23 00:19:50 [39,300ms] [Warning] [carb.windowing-glfw.plugin] GLFW initialization failed.
2025-08-23 00:19:50 [39,300ms] [Warning] [carb] Failed to startup plugin carb.windowing-glfw.plugin (interfaces: [carb::windowing::IGLContext v1.0],[carb::windowing::IWindowing v1.5]) (impl: carb.windowing-glfw.plugin)
[39.640s] [ext: omni.kit.renderer.core-1.0.2] startup
2025-08-23 00:19:50 [39,464ms] [Warning] [carb.windowing-glfw.plugin] GLFW initialization failed.
2025-08-23 00:19:50 [39,465ms] [Warning] [carb] Failed to startup plugin carb.windowing-glfw.plugin (interfaces: [carb::windowing::IGLContext v1.0],[carb::windowing::IWindowing v1.5]) (impl: carb.windowing-glfw.plugin)
2025-08-23 00:19:50 [39,499ms] [Warning] [carb.windowing-glfw.plugin] GLFW initialization failed.
2025-08-23 00:19:50 [39,499ms] [Warning] [carb] Failed to startup plugin carb.windowing-glfw.plugin (interfaces: [carb::windowing::IGLContext v1.0],[carb::windowing::IWindowing v1.5]) (impl: carb.windowing-glfw.plugin)
[39.830s] [ext: omni.kit.renderer.capture-0.0.0] startup
[39.837s] [ext: omni.kit.renderer.imgui-1.0.2] startup
2025-08-23 00:19:50 [39,525ms] [Warning] [carb.windowing-glfw.plugin] GLFW initialization failed.
2025-08-23 00:19:50 [39,525ms] [Warning] [carb] Failed to startup plugin carb.windowing-glfw.plugin (interfaces: [carb::windowing::IGLContext v1.0],[carb::windowing::IWindowing v1.5]) (impl: carb.windowing-glfw.plugin)
2025-08-23 00:19:50 [39,529ms] [Warning] [carb.windowing-glfw.plugin] GLFW initialization failed.
2025-08-23 00:19:50 [39,529ms] [Warning] [carb] Failed to startup plugin carb.windowing-glfw.plugin (interfaces: [carb::windowing::IGLContext v1.0],[carb::windowing::IWindowing v1.5]) (impl: carb.windowing-glfw.plugin)
2025-08-23 00:19:50 [39,531ms] [Warning] [carb.windowing-glfw.plugin] GLFW initialization failed.
2025-08-23 00:19:50 [39,531ms] [Warning] [carb] Failed to startup plugin carb.windowing-glfw.plugin (interfaces: [carb::windowing::IGLContext v1.0],[carb::windowing::IWindowing v1.5]) (impl: carb.windowing-glfw.plugin)
[40.133s] [ext: omni.ui-2.26.5] startup
[40.230s] [ext: omni.kit.mainwindow-1.0.3] startup
[40.243s] [ext: carb.audio-0.1.0] startup
[40.274s] [ext: omni.uiaudio-1.0.0] startup
[40.292s] [ext: omni.kit.uiapp-0.0.0] startup
[40.292s] [ext: omni.usd.schema.metrics.assembler-106.5.0] startup
[40.352s] [ext: omni.usd.schema.omniscripting-1.0.0] startup
[40.388s] [ext: omni.usd.schema.physx-106.5.7] startup
[40.655s] [ext: omni.usd.schema.audio-0.0.0] startup
[40.689s] [ext: omni.usd.schema.omnigraph-1.0.0] startup
[40.737s] [ext: omni.usd.schema.anim-0.0.0] startup
[40.898s] [ext: omni.usd.schema.semantics-0.0.0] startup
[40.920s] [ext: omni.usd.schema.geospatial-0.0.0] startup
[40.945s] [ext: omni.kit.window.popup_dialog-2.0.24] startup
[40.978s] [ext: omni.resourcemonitor-107.0.0] startup
[41.011s] [ext: omni.activity.core-1.0.1] startup
[41.029s] [ext: omni.timeline-1.0.11] startup
[41.054s] [ext: omni.usd_resolver-1.0.0] startup
[41.104s] [ext: omni.kit.widget.nucleus_connector-1.1.10] startup
[41.121s] [ext: usdrt.scenegraph-7.5.1] startup
[41.453s] [ext: omni.usd.core-1.4.2] startup
[41.481s] [ext: omni.kit.usd_undo-0.1.8] startup
[41.488s] [ext: omni.graph.exec-0.9.4] startup
[41.499s] [ext: omni.kit.actions.core-1.0.0] startup
[41.530s] [ext: omni.kit.audiodeviceenum-1.0.1] startup
[41.550s] [ext: omni.kit.exec.core-0.13.4] startup
[41.582s] [ext: omni.kit.commands-1.4.9] startup
[41.626s] [ext: omni.hydra.usdrt_delegate-7.5.1] startup
[41.739s] [ext: omni.hydra.scene_delegate-0.3.3] startup
[41.780s] [ext: omni.usd-1.12.4] startup
[42.035s] [ext: omni.kit.asset_converter-2.8.5] startup
[42.256s] [ext: isaacsim.robot.schema-3.1.2] startup
[42.326s] [ext: omni.pip.cloud-1.1.7] startup
[42.336s] [ext: omni.usd.schema.isaac-3.0.2] startup
[42.336s] [ext: omni.usd.schema.flow-107.0.0] startup
[42.343s] [ext: omni.inspect-1.0.1] startup
[42.362s] [ext: omni.kit.notification_manager-1.0.9] startup
[42.382s] [ext: omni.graph.core-2.181.8] startup
[42.425s] [ext: isaacsim.core.deprecation_manager-0.2.2] startup
[42.434s] [ext: omni.usd.schema.forcefield-106.5.7] startup
[42.479s] [ext: omni.kit.menu.core-1.1.2] startup
[42.487s] [ext: omni.kit.clipboard-1.0.5] startup
[42.501s] [ext: omni.kit.widget.context_menu-1.2.4] startup
[42.515s] [ext: omni.kit.widget.options_menu-1.1.6] startup
[42.548s] [ext: omni.kit.helper.file_utils-0.1.9] startup
[42.560s] [ext: omni.kit.widget.path_field-2.0.11] startup
[42.574s] [ext: omni.kit.property.adapter.core-1.0.2] startup
[42.607s] [ext: omni.kit.widget.options_button-1.0.3] startup
[42.618s] [ext: omni.kit.widget.filebrowser-2.10.52] startup
[42.662s] [ext: omni.kit.widget.browser_bar-2.0.10] startup
[42.677s] [ext: omni.kit.property.adapter.fabric-1.0.3] startup
[42.693s] [ext: omni.ui.scene-1.11.2] startup
[42.735s] [ext: omni.kit.numpy.common-0.1.2] startup
[42.748s] [ext: omni.kit.window.filepicker-2.11.7] startup
[42.856s] [ext: omni.kit.usd.layers-2.2.0] startup
[42.931s] [ext: omni.hydra.rtx.shadercache.vulkan-1.0.0] startup
[42.950s] [ext: omni.kit.window.file_importer-1.1.14] startup
[42.986s] [ext: omni.kit.menu.utils-1.7.7] startup
[43.041s] [ext: omni.kit.context_menu-1.8.3] startup
[43.061s] [ext: omni.ujitso.processor.texture-1.0.0] startup
[43.079s] [ext: omni.index.libs-380600.1777.0] startup
[43.079s] [ext: omni.volume-0.5.0] startup
[43.223s] [ext: omni.ujitso.client-0.0.0] startup
[43.246s] [ext: omni.index-1.0.1] startup
[43.259s] [ext: omni.kit.hotkeys.core-1.3.10] startup
[43.262s] [ext: omni.hydra.rtx-1.0.0] startup
2025-08-23 00:19:53 [43,012ms] [Warning] [omni.log] Source: omni.hydra was already registered.
[43.613s] [ext: omni.kit.material.library-1.5.15] startup
[43.683s] [ext: omni.convexdecomposition-106.5.7] startup
[43.770s] [ext: omni.kit.viewport.legacy_gizmos-1.0.16] startup
[43.790s] [ext: omni.kit.raycast.query-1.0.5] startup
[43.825s] [ext: omni.hydra.engine.stats-1.0.3] startup
[43.842s] [ext: omni.kvdb-106.5.7] startup
[43.868s] [ext: omni.usdphysics-106.5.7] startup
[43.887s] [ext: omni.physx.foundation-106.5.7] startup
[43.920s] [ext: omni.localcache-106.5.7] startup
[43.948s] [ext: isaacsim.core.version-2.0.2] startup
[43.959s] [ext: omni.physx.cooking-106.5.7] startup
[44.011s] [ext: omni.kit.viewport.scene_camera_model-1.0.5] startup
[44.037s] [ext: omni.kit.hydra_texture-1.4.0] startup
[44.064s] [ext: omni.physx-106.5.7] startup
[44.190s] [ext: omni.kit.window.drop_support-1.0.4] startup
[44.197s] [ext: omni.kit.widget.viewport-107.0.7] startup
[44.234s] [ext: omni.kit.viewport.registry-104.0.6] startup
[44.243s] [ext: omni.physx.stageupdate-106.5.7] startup
[44.284s] [ext: omni.kit.viewport.window-107.0.8] startup
[44.377s] [ext: isaacsim.storage.native-1.0.6] startup
[44.387s] [ext: omni.isaac.dynamic_control-1.3.16] startup
2025-08-23 00:19:54 [44,110ms] [Warning] [omni.isaac.dynamic_control] omni.isaac.dynamic_control is deprecated as of Isaac Sim 4.5. No action is needed from end-users.
[44.443s] [ext: omni.warp.core-1.5.0] startup
[44.687s] [ext: omni.kit.widget.searchfield-1.1.8] startup
[44.699s] [ext: omni.kit.window.file_exporter-1.0.31] startup
[44.716s] [ext: omni.kit.widget.filter-1.1.4] startup
[44.725s] [ext: isaacsim.core.utils-2.2.8] startup
[44.754s] [ext: omni.kit.stage_template.core-1.1.22] startup
[44.764s] [ext: omni.kit.widget.stage-2.11.6] startup
[44.865s] [ext: omni.kit.widget.stage_icons-1.0.6] startup
[44.875s] [ext: omni.kit.window.file-1.3.57] startup
[44.912s] [ext: omni.kit.window.content_browser_registry-0.0.6] startup
[44.921s] [ext: omni.kit.widget.searchable_combobox-1.0.6] startup
[44.934s] [ext: omni.kit.window.stage-2.5.11] startup
[44.961s] [ext: omni.kit.window.content_browser-2.10.3] startup
[45.036s] [ext: omni.kit.usd.collect-2.2.22] startup
[45.056s] [ext: omni.kit.widget.settings-1.2.2] startup
[45.072s] [ext: omni.kit.menu.stage-1.2.5] startup
[45.081s] [ext: omni.kit.widget.prompt-1.0.7] startup
[45.090s] [ext: omni.kit.window.preferences-1.7.0] startup
[45.154s] [ext: omni.kit.viewport.utility-1.0.18] startup
[45.159s] [ext: omni.kit.xr.configurations-106.5.13] startup
[45.159s] [ext: omni.kit.widget.zoombar-1.0.5] startup
[45.168s] [ext: omni.rtx.window.settings-0.6.17] startup
[45.201s] [ext: omni.kit.manipulator.camera-106.0.3] startup
[45.230s] [ext: omni.kit.xr.core-106.5.13] startup
[47.501s] [ext: omni.physics.tensors-106.5.7] startup
[47.523s] [ext: omni.kit.browser.core-2.3.11] startup
[47.543s] [ext: omni.kit.xr.ui.window.viewport-106.5.13] startup
[47.576s] [ext: omni.physx.tensors-106.5.7] startup
[47.593s] [ext: omni.kit.browser.folder.core-1.10.1] startup
[47.616s] [ext: omni.kit.xr.scene_view.core-106.5.13] startup
[47.639s] [ext: isaacsim.core.simulation_manager-0.3.3] startup
[47.898s] [ext: omni.kit.tool.collect-2.2.16] startup
[47.907s] [ext: omni.services.facilities.base-1.0.4] startup
[47.913s] [ext: isaacsim.core.prims-0.3.7] startup
[47.961s] [ext: isaacsim.asset.browser-1.3.4] startup
[48.089s] [ext: omni.graph.tools-1.79.1] startup
[DEBUG] [AutoNode] Defining data type 'any' as 'Any'
[DEBUG] [AutoNode] Defining data type 'bool' as 'Bool' and array 'BoolArray
[DEBUG] [AutoNode] Defining data type 'bundle' as 'Bundle'
[DEBUG] [AutoNode] Defining data type 'colord[3]' as 'Color3d' and array 'Color3dArray
[DEBUG] [AutoNode] Defining data type 'colorf[3]' as 'Color3f' and array 'Color3fArray
[DEBUG] [AutoNode] Defining data type 'colorh[3]' as 'Color3h' and array 'Color3hArray
[DEBUG] [AutoNode] Defining data type 'colord[4]' as 'Color4d' and array 'Color4dArray
[DEBUG] [AutoNode] Defining data type 'colorf[4]' as 'Color4f' and array 'Color4fArray
[DEBUG] [AutoNode] Defining data type 'colorh[4]' as 'Color4h' and array 'Color4hArray
[DEBUG] [AutoNode] Defining data type 'double' as 'Double' and array 'DoubleArray
[DEBUG] [AutoNode] Defining data type 'double[2]' as 'Double2' and array 'Double2Array
[DEBUG] [AutoNode] Defining data type 'double[3]' as 'Double3' and array 'Double3Array
[DEBUG] [AutoNode] Defining data type 'double[4]' as 'Double4' and array 'Double4Array
[DEBUG] [AutoNode] Defining data type 'execution' as 'Execution'
[DEBUG] [AutoNode] Defining data type 'float' as 'Float' and array 'FloatArray
[DEBUG] [AutoNode] Defining data type 'float[2]' as 'Float2' and array 'Float2Array
[DEBUG] [AutoNode] Defining data type 'float[3]' as 'Float3' and array 'Float3Array
[DEBUG] [AutoNode] Defining data type 'float[4]' as 'Float4' and array 'Float4Array
[DEBUG] [AutoNode] Defining data type 'frame[4]' as 'Frame' and array 'FrameArray
[DEBUG] [AutoNode] Defining data type 'half' as 'Half' and array 'HalfArray
[DEBUG] [AutoNode] Defining data type 'half[2]' as 'Half2' and array 'Half2Array
[DEBUG] [AutoNode] Defining data type 'half[3]' as 'Half3' and array 'Half3Array
[DEBUG] [AutoNode] Defining data type 'half[4]' as 'Half4' and array 'Half4Array
[DEBUG] [AutoNode] Defining data type 'int' as 'Int' and array 'IntArray
[DEBUG] [AutoNode] Defining data type 'int[2]' as 'Int2' and array 'Int2Array
[DEBUG] [AutoNode] Defining data type 'int[3]' as 'Int3' and array 'Int3Array
[DEBUG] [AutoNode] Defining data type 'int[4]' as 'Int4' and array 'Int4Array
[DEBUG] [AutoNode] Defining data type 'int64' as 'Int64' and array 'Int64Array
[DEBUG] [AutoNode] Defining data type 'matrixd[2]' as 'Matrix2d' and array 'Matrix2dArray
[DEBUG] [AutoNode] Defining data type 'matrixd[3]' as 'Matrix3d' and array 'Matrix3dArray
[DEBUG] [AutoNode] Defining data type 'matrixd[4]' as 'Matrix4d' and array 'Matrix4dArray
[DEBUG] [AutoNode] Defining data type 'normald[3]' as 'Normal3d' and array 'Normal3dArray
[DEBUG] [AutoNode] Defining data type 'normalf[3]' as 'Normal3f' and array 'Normal3fArray
[DEBUG] [AutoNode] Defining data type 'normalh[3]' as 'Normal3h' and array 'Normal3hArray
[DEBUG] [AutoNode] Defining data type 'objectId' as 'ObjectId' and array 'ObjectIdArray
[DEBUG] [AutoNode] Defining data type 'path' as 'Path'
[DEBUG] [AutoNode] Defining data type 'pointd[3]' as 'Point3d' and array 'Point3dArray
[DEBUG] [AutoNode] Defining data type 'pointf[3]' as 'Point3f' and array 'Point3fArray
[DEBUG] [AutoNode] Defining data type 'pointh[3]' as 'Point3h' and array 'Point3hArray
[DEBUG] [AutoNode] Defining data type 'quatd[4]' as 'Quatd' and array 'QuatdArray
[DEBUG] [AutoNode] Defining data type 'quatf[4]' as 'Quatf' and array 'QuatfArray
[DEBUG] [AutoNode] Defining data type 'quath[4]' as 'Quath' and array 'QuathArray
[DEBUG] [AutoNode] Defining data type 'string' as 'String'
[DEBUG] [AutoNode] Defining data type 'target' as 'Target'
[DEBUG] [AutoNode] Defining data type 'texcoordd[2]' as 'TexCoord2d' and array 'TexCoord2dArray
[DEBUG] [AutoNode] Defining data type 'texcoordf[2]' as 'TexCoord2f' and array 'TexCoord2fArray
[DEBUG] [AutoNode] Defining data type 'texcoordh[2]' as 'TexCoord2h' and array 'TexCoord2hArray
[DEBUG] [AutoNode] Defining data type 'texcoordd[3]' as 'TexCoord3d' and array 'TexCoord3dArray
[DEBUG] [AutoNode] Defining data type 'texcoordf[3]' as 'TexCoord3f' and array 'TexCoord3fArray
[DEBUG] [AutoNode] Defining data type 'texcoordh[3]' as 'TexCoord3h' and array 'TexCoord3hArray
[DEBUG] [AutoNode] Defining data type 'timecode' as 'Timecode' and array 'TimecodeArray
[DEBUG] [AutoNode] Defining data type 'token' as 'Token' and array 'TokenArray
[DEBUG] [AutoNode] Defining data type 'uchar' as 'UChar' and array 'UCharArray
[DEBUG] [AutoNode] Defining data type 'uint' as 'UInt' and array 'UIntArray
[DEBUG] [AutoNode] Defining data type 'uint64' as 'UInt64' and array 'UInt64Array
[DEBUG] [AutoNode] Defining data type 'vectord[3]' as 'Vector3d' and array 'Vector3dArray
[DEBUG] [AutoNode] Defining data type 'vectorf[3]' as 'Vector3f' and array 'Vector3fArray
[DEBUG] [AutoNode] Defining data type 'vectorh[3]' as 'Vector3h' and array 'Vector3hArray
[48.172s] [ext: omni.services.core-1.9.0] startup
[48.660s] [ext: omni.kit.primitive.mesh-1.0.17] startup
[48.680s] [ext: omni.kit.widget.highlight_label-1.0.3] startup
[48.688s] [ext: omni.services.transport.server.base-1.1.1] startup
[48.701s] [ext: omni.kit.stage_templates-1.2.6] startup
[48.726s] [ext: omni.kit.window.property-1.11.5] startup
[48.753s] [ext: omni.services.transport.server.zeroconf-1.0.9] startup
[48.836s] [ext: isaacsim.core.api-4.2.16] startup
[48.961s] [ext: omni.kit.property.adapter.usd-1.0.2] startup
[48.973s] [ext: omni.kit.xr.advertise-106.5.13] startup
[48.985s] [ext: omni.isaac.assets_check-0.3.9] startup
2025-08-23 00:19:59 [48,666ms] [Warning] [omni.isaac.assets_check] omni.isaac.assets_check has been deprecated in favor of isaacsim.asset.browser. Please update your code accordingly.
[48.994s] [ext: omni.graph-1.140.2] startup
[49.223s] [ext: omni.kit.property.usd-4.2.16] startup
[49.289s] [ext: omni.graph.action_core-1.1.7] startup
[49.321s] [ext: omni.kit.menu.create-1.0.17] startup
[49.333s] [ext: omni.kit.widget.text_editor-1.0.2] startup
[49.352s] [ext: omni.graph.action_nodes-1.40.1] startup
[49.397s] [ext: isaacsim.core.cloner-1.3.4] startup
[49.407s] [ext: omni.kit.scripting-106.5.2] startup
[49.458s] [ext: omni.graph.scriptnode-1.40.1] startup
[49.474s] [ext: omni.graph.action-1.120.0] startup
[49.484s] [ext: omni.isaac.cloner-1.0.2] startup
2025-08-23 00:20:00 [49,163ms] [Warning] [omni.isaac.cloner] omni.isaac.cloner has been deprecated in favor of isaacsim.core.cloner. Please update your code accordingly.
[49.491s] [ext: isaacsim.replicator.behavior-1.0.8] startup
[49.502s] [ext: omni.ui_query-1.1.7] startup
[49.512s] [ext: omni.kit.widget.graph-1.12.17] startup
[49.573s] [ext: omni.kit.manipulator.viewport-107.0.1] startup
[49.587s] [ext: omni.kit.ui_test-1.3.3] startup
[49.607s] [ext: omni.kit.graph.delegate.default-1.2.2] startup
[49.622s] [ext: omni.kit.window.extensions-1.4.25] startup
[49.682s] [ext: omni.graph.visualization.nodes-2.1.1] startup
[49.716s] [ext: omni.graph.image.core-0.6.0] startup
[49.731s] [ext: omni.kit.graph.editor.core-1.5.3] startup
[49.758s] [ext: isaacsim.gui.components-1.0.9] startup
[49.787s] [ext: omni.kit.widget.material_preview-1.0.16] startup
[49.806s] [ext: omni.kit.graph.usd.commands-1.3.1] startup
[49.815s] [ext: omni.graph.image.nodes-1.3.0] startup
[49.833s] [ext: isaacsim.robot_motion.lula-4.0.4] startup
[49.983s] [ext: omni.kit.viewport.menubar.core-107.1.2] startup
[50.113s] [ext: omni.kit.window.material_graph-1.8.19] startup
[50.368s] [ext: omni.isaac.core-4.0.3] startup
2025-08-23 00:20:00 [50,051ms] [Warning] [omni.isaac.core.physics_context.physics_context] omni.isaac.core.physics_context.physics_context has been deprecated in favor of isaacsim.core.api.physics_context.physics_context. Please update your code accordingly.
2025-08-23 00:20:00 [50,056ms] [Warning] [omni.isaac.core.simulation_context.simulation_context] omni.isaac.core.simulation_context.simulation_context has been deprecated in favor of isaacsim.core.api.simulation_context.simulation_context. Please update your code accordingly.
2025-08-23 00:20:00 [50,061ms] [Warning] [omni.isaac.core.world.world] omni.isaac.core.world.world has been deprecated in favor of isaacsim.core.api.world.world. Please update your code accordingly.
2025-08-23 00:20:00 [50,061ms] [Warning] [omni.isaac.core] omni.isaac.core has been deprecated in favor of isaacsim.core.api. Please update your code accordingly.
[50.389s] [ext: isaacsim.robot_motion.motion_generation-8.0.6] startup
[50.490s] [ext: omni.graph.nodes-1.162.1] startup
[50.783s] [ext: omni.syntheticdata-0.6.10] startup
[50.903s] [ext: omni.kit.xr.system.cloudxr-106.5.13] startup
[50.942s] [ext: isaacsim.robot_motion.lula_test_widget-1.0.5] startup
[50.966s] [ext: omni.kit.xr.telemetry-106.5.13] startup
[50.990s] [ext: omni.kit.data2ui.core-1.0.27] startup
[51.016s] [ext: omni.kit.xr.ui.window.profile-106.5.13] startup
[51.144s] [ext: omni.kit.data2ui.usd-1.0.27] startup
[51.245s] [ext: omni.warp-1.5.0] startup
[51.293s] [ext: omni.no_code_ui.bundle-1.0.27] startup
[51.293s] [ext: omni.replicator.core-1.11.35] startup
Warp 1.5.0 initialized:
   CUDA Toolkit 11.8, Driver 12.8
   Devices:
     "cpu"      : "x86_64"
     "cuda:0"   : "NVIDIA A100-SXM4-80GB" (79 GiB, sm_80, mempool enabled)
   Kernel cache:
     /home/cgokmen/.cache/warp/1.5.0
2025-08-23 00:20:02 [52,128ms] [Warning] [omni.replicator.core.scripts.extension] No material configuration file, adding configuration to material settings directly.
[52.481s] [ext: omni.isaac.lula-4.0.2] startup
2025-08-23 00:20:03 [52,174ms] [Warning] [omni.isaac.lula] omni.isaac.lula has been deprecated in favor of isaacsim.robot_motion.lula. Please update your code accordingly.
[52.502s] [ext: omni.isaac.lula_test_widget-1.0.2] startup
2025-08-23 00:20:03 [52,200ms] [Warning] [omni.isaac.lula_test_widget] omni.isaac.lula_test_widget has been deprecated in favor of isaacsim.robot_motion.lula_test_widget. Please update your code accordingly.
[52.528s] [ext: omni.kit.xr.profile.common-106.5.13] startup
[52.674s] [ext: omni.kit.xr.scene_view.utils-106.5.13] startup
[79.226s] [ext: isaacsim.core.nodes-2.1.4] startup
[79.520s] [ext: isaacsim.robot.surface_gripper-2.0.6] startup
[79.675s] [ext: omni.kit.xr.system.openxr-106.5.13] startup
[84.552s] [ext: omni.kit.xr.system.steamvr-106.5.13] startup
[85.094s] [ext: omni.kit.xr.ui.stage-106.5.13] startup
[86.724s] [ext: omni.kit.selection-0.1.5] startup
[86.830s] [ext: isaacsim.robot.manipulators-3.0.4] startup
[87.465s] [ext: omni.isaac.core_nodes-2.0.2] startup
2025-08-23 00:20:38 [87,268ms] [Warning] [omni.isaac.core_nodes] omni.isaac.core_nodes has been deprecated in favor of isaacsim.core.nodes. Please update your code accordingly.
[87.596s] [ext: omni.anim.curve.core-1.2.0] startup
[88.302s] [ext: omni.kit.xr.profile.vr-106.5.13] startup
[88.860s] [ext: isaacsim.gui.menu-2.0.9] startup
[89.786s] [ext: omni.isaac.manipulators-3.0.3] startup
2025-08-23 00:20:40 [89,489ms] [Warning] [omni.isaac.manipulators] omni.isaac.manipulators has been deprecated in favor of isaacsim.robot.manipulators. Please update your code accordingly.
2025-08-23 00:20:40 [89,513ms] [Warning] [omni.isaac.manipulators.controllers] omni.isaac.manipulators has been deprecated in favor of isaacsim.robot.manipulators. Please update your code accordingly.
2025-08-23 00:20:40 [89,635ms] [Warning] [omni.isaac.manipulators.controllers.pick_place_controller] omni.isaac.manipulators has been deprecated in favor of isaacsim.robot.manipulators. Please update your code accordingly.
2025-08-23 00:20:40 [89,683ms] [Warning] [omni.isaac.manipulators.controllers.stacking_controller] omni.isaac.manipulators has been deprecated in favor of isaacsim.robot.manipulators. Please update your code accordingly.
2025-08-23 00:20:40 [89,716ms] [Warning] [omni.isaac.manipulators.grippers] omni.isaac.manipulators has been deprecated in favor of isaacsim.robot.manipulators. Please update your code accordingly.
2025-08-23 00:20:40 [89,729ms] [Warning] [omni.isaac.manipulators.grippers.gripper] omni.isaac.manipulators has been deprecated in favor of isaacsim.robot.manipulators. Please update your code accordingly.
2025-08-23 00:20:40 [89,792ms] [Warning] [omni.isaac.manipulators.grippers.parallel_gripper] omni.isaac.manipulators has been deprecated in favor of isaacsim.robot.manipulators. Please update your code accordingly.
2025-08-23 00:20:40 [89,808ms] [Warning] [omni.isaac.manipulators.grippers.surface_gripper] omni.isaac.manipulators has been deprecated in favor of isaacsim.robot.manipulators. Please update your code accordingly.
2025-08-23 00:20:40 [89,838ms] [Warning] [omni.isaac.manipulators.manipulators] omni.isaac.manipulators has been deprecated in favor of isaacsim.robot.manipulators. Please update your code accordingly.
2025-08-23 00:20:40 [89,884ms] [Warning] [omni.isaac.manipulators.manipulators.single_manipulator] omni.isaac.manipulators has been deprecated in favor of isaacsim.robot.manipulators. Please update your code accordingly.
[90.212s] [ext: isaacsim.sensors.physics-0.3.5] startup
[90.826s] [ext: omni.isaac.menu-1.0.2] startup
2025-08-23 00:20:41 [90,525ms] [Warning] [omni.isaac.menu] omni.isaac.menu has been deprecated in favor of isaacsim.gui.menu. Please update your code accordingly.
[90.853s] [ext: omni.isaac.motion_generation-8.0.2] startup
2025-08-23 00:20:41 [90,592ms] [Warning] [omni.isaac.motion_generation] omni.isaac.motion_generation has been deprecated in favor of isaacsim.robot_motion.motion_generation. Please update your code accordingly.
2025-08-23 00:20:41 [90,603ms] [Warning] [omni.isaac.motion_generation.articulation_kinematics_solver] omni.isaac.motion_generation has been deprecated in favor of isaacsim.robot_motion.motion_generation. Please update your code accordingly.
2025-08-23 00:20:41 [90,613ms] [Warning] [omni.isaac.motion_generation.articulation_motion_policy] omni.isaac.motion_generation has been deprecated in favor of isaacsim.robot_motion.motion_generation. Please update your code accordingly.
2025-08-23 00:20:41 [90,619ms] [Warning] [omni.isaac.motion_generation.articulation_trajectory] omni.isaac.motion_generation has been deprecated in favor of isaacsim.robot_motion.motion_generation. Please update your code accordingly.
2025-08-23 00:20:41 [90,637ms] [Warning] [omni.isaac.motion_generation.kinematics_interface] omni.isaac.motion_generation has been deprecated in favor of isaacsim.robot_motion.motion_generation. Please update your code accordingly.
2025-08-23 00:20:41 [90,658ms] [Warning] [omni.isaac.motion_generation.lula] omni.isaac.motion_generation has been deprecated in favor of isaacsim.robot_motion.motion_generation. Please update your code accordingly.
2025-08-23 00:20:41 [90,667ms] [Warning] [omni.isaac.motion_generation.lula.kinematics] omni.isaac.motion_generation has been deprecated in favor of isaacsim.robot_motion.motion_generation. Please update your code accordingly.
2025-08-23 00:20:41 [90,684ms] [Warning] [omni.isaac.motion_generation.lula.motion_policies] omni.isaac.motion_generation has been deprecated in favor of isaacsim.robot_motion.motion_generation. Please update your code accordingly.
2025-08-23 00:20:41 [90,708ms] [Warning] [omni.isaac.motion_generation.lula.path_planners] omni.isaac.motion_generation has been deprecated in favor of isaacsim.robot_motion.motion_generation. Please update your code accordingly.
2025-08-23 00:20:41 [90,724ms] [Warning] [omni.isaac.motion_generation.lula.trajectory_generator] omni.isaac.motion_generation has been deprecated in favor of isaacsim.robot_motion.motion_generation. Please update your code accordingly.
2025-08-23 00:20:41 [90,759ms] [Warning] [omni.isaac.motion_generation.motion_policy_controller] omni.isaac.motion_generation has been deprecated in favor of isaacsim.robot_motion.motion_generation. Please update your code accordingly.
2025-08-23 00:20:41 [90,774ms] [Warning] [omni.isaac.motion_generation.motion_policy_interface] omni.isaac.motion_generation has been deprecated in favor of isaacsim.robot_motion.motion_generation. Please update your code accordingly.
2025-08-23 00:20:41 [90,790ms] [Warning] [omni.isaac.motion_generation.path_planner_visualizer] omni.isaac.motion_generation has been deprecated in favor of isaacsim.robot_motion.motion_generation. Please update your code accordingly.
2025-08-23 00:20:41 [90,804ms] [Warning] [omni.isaac.motion_generation.path_planning_interface] omni.isaac.motion_generation has been deprecated in favor of isaacsim.robot_motion.motion_generation. Please update your code accordingly.
2025-08-23 00:20:41 [90,815ms] [Warning] [omni.isaac.motion_generation.trajectory] omni.isaac.motion_generation has been deprecated in favor of isaacsim.robot_motion.motion_generation. Please update your code accordingly.
2025-08-23 00:20:41 [90,865ms] [Warning] [omni.isaac.motion_generation.world_interface] omni.isaac.motion_generation has been deprecated in favor of isaacsim.robot_motion.motion_generation. Please update your code accordingly.
[91.193s] [ext: isaacsim.robot.policy.examples-4.0.3] startup
[91.320s] [ext: omni.sensors.nv.common-2.5.0-coreapi] startup
[92.242s] [ext: omni.isaac.nucleus-1.0.3] startup
2025-08-23 00:20:42 [91,934ms] [Warning] [omni.isaac.nucleus] omni.isaac.nucleus has been deprecated in favor of isaacsim.storage.native. Please update your code accordingly.
2025-08-23 00:20:42 [91,970ms] [Warning] [omni.isaac.nucleus.nucleus] omni.isaac.nucleus.nucleus has been deprecated in favor of isaacsim.storage.native. Please update your code accordingly.
[92.298s] [ext: omni.isaac.quadruped-3.0.2] startup
2025-08-23 00:20:42 [92,042ms] [Warning] [omni.isaac.quadruped] omni.isaac.quadruped has been deprecated in favor of isaacsim.robot.policy.examples. Please update your code accordingly.
[92.369s] [ext: omni.sensors.nv.materials-1.4.0-coreapi] startup
[92.513s] [ext: isaacsim.sensors.camera-0.2.9] startup
[92.670s] [ext: omni.sensors.nv.wpm-2.4.0-coreapi] startup
[92.844s] [ext: omni.sensors.nv.lidar-2.6.3-coreapi] startup
[93.017s] [ext: isaacsim.util.debug_draw-2.0.2] startup
[93.186s] [ext: omni.sensors.tiled-0.0.6] startup
[93.313s] [ext: omni.sensors.nv.radar-2.6.1-coreapi] startup
[93.533s] [ext: omni.sensors.nv.ids-1.4.0-coreapi] startup
[93.635s] [ext: isaacsim.sensors.physx-2.2.4] startup
[93.881s] [ext: isaacsim.robot.manipulators.examples-1.0.3] startup
[93.962s] [ext: isaacsim.sensors.rtx-13.6.3] startup
[94.622s] [ext: omni.isaac.range_sensor-4.0.2] startup
[95.178s] [ext: isaacsim.cortex.framework-1.0.2] startup
[95.312s] [ext: omni.isaac.sensor-13.0.3] startup
2025-08-23 00:20:45 [95,006ms] [Warning] [omni.isaac.sensor] omni.isaac.sensor has been deprecated in favor of isaacsim.sensors.camera, isaacsim.sensors.physics, isaacsim.sensors.physx, and isaacsim.sensors.rtx. Please update your code accordingly.
2025-08-23 00:20:45 [95,023ms] [Warning] [omni.isaac.sensor.camera] omni.isaac.sensor.camera has been deprecated in favor of isaacsim.sensors.camera.camera. Please update your code accordingly.
2025-08-23 00:20:45 [95,044ms] [Warning] [omni.isaac.sensor.camera_view] omni.isaac.sensor.camera_view has been deprecated in favor of isaacsim.sensors.camera.camera_view. Please update your code accordingly.
2025-08-23 00:20:45 [95,062ms] [Warning] [omni.isaac.sensor.commands] omni.isaac.sensor.commands has been deprecated in favor of isaacsim.sensors.physics.commands, isaacsim.sensors.physx.commands, and isaacsim.sensors.rtx.commands. Please update your code accordingly.
2025-08-23 00:20:45 [95,067ms] [Warning] [omni.isaac.sensor.contact_sensor] omni.isaac.sensor.contact_sensor has been deprecated in favor of isaacsim.sensors.physics.contact_sensor. Please update your code accordingly.
2025-08-23 00:20:45 [95,080ms] [Warning] [omni.isaac.sensor.imu_sensor] omni.isaac.sensor.imu_sensor has been deprecated in favor of isaacsim.sensors.physics.imu_sensor. Please update your code accordingly.
2025-08-23 00:20:45 [95,089ms] [Warning] [omni.isaac.sensor.lidar_rtx] omni.isaac.sensor.lidar_rtx has been deprecated in favor of isaacsim.sensors.rtx.lidar_rtx. Please update your code accordingly.
2025-08-23 00:20:45 [95,096ms] [Warning] [omni.isaac.sensor.rotating_lidar_physX] omni.isaac.sensor.imu_sensor has been deprecated in favor of isaacsim.sensors.physix.rotating_lidar_physX. Please update your code accordingly.
2025-08-23 00:20:46 [95,172ms] [Warning] [omni.isaac.sensor.scripts.samples.contact_sensor] omni.isaac.sensor.scripts.samples.contact_sensor has been deprecated in favor of isaacsim.sensors.physics.scripts.samples.contact_sensor. Please update your code accordingly.
2025-08-23 00:20:46 [95,183ms] [Warning] [omni.isaac.sensor.scripts.samples.imu_sensor] omni.isaac.sensor.scripts.samples.imu_sensor has been deprecated in favor of isaacsim.sensors.physics.scripts.samples.imu_sensor. Please update your code accordingly.
2025-08-23 00:20:46 [95,197ms] [Warning] [omni.isaac.sensor.scripts.samples.lightbeam_sensor] omni.isaac.sensor.scripts.samples.lightbeam_sensor has been deprecated in favor of isaacsim.sensors.physx.scripts.samples.lightbeam_sensor. Please update your code accordingly.
[95.526s] [ext: omni.isaac.surface_gripper-2.0.2] startup
2025-08-23 00:20:46 [95,226ms] [Warning] [omni.isaac.surface_gripper] omni.isaac.surface_gripper has been deprecated in favor of isaacsim.robot.surface_gripper. Please update your code accordingly.
[95.553s] [ext: omni.kit.manipulator.transform-106.0.1] startup
[95.789s] [ext: omni.isaac.cortex-1.0.2] startup
2025-08-23 00:20:46 [95,500ms] [Warning] [omni.isaac.cortex] omni.isaac.cortex has been deprecated in favor of isaacsim.cortex.framework. Please update your code accordingly.
[95.828s] [ext: omni.kit.widget.toolbar-1.7.3] startup
[96.230s] [ext: omni.isaac.universal_robots-1.0.2] startup
2025-08-23 00:20:46 [95,928ms] [Warning] [omni.isaac.universal_robots] omni.isaac.universal_robots has been deprecated in favor of isaacsim.robot.manipulators.examples.universal_robots. Please update your code accordingly.
2025-08-23 00:20:46 [95,938ms] [Warning] [omni.isaac.universal_robots.kinematics_solver] omni.isaac.franka has been deprecated in favor of isaacsim.robot.manipulators.examples.universal_robots. Please update your code accordingly.
2025-08-23 00:20:46 [95,979ms] [Warning] [omni.isaac.universal_robots.ur10] omni.isaac.franka has been deprecated in favor of isaacsim.robot.manipulators.examples.universal_robots. Please update your code accordingly.
[96.307s] [ext: isaacsim.cortex.behaviors-2.0.3] startup
[96.337s] [ext: omni.kit.manipulator.tool.snap-1.5.12] startup
[96.664s] [ext: omni.kit.manipulator.selector-1.1.1] startup
[96.829s] [ext: omni.isaac.utils-2.0.2] startup
[97.021s] [ext: omni.isaac.cortex.sample_behaviors-2.0.2] startup
2025-08-23 00:20:47 [96,733ms] [Warning] [omni.isaac.cortex.sample_behaviors] omni.isaac.cortex.sample_behaviors has been deprecated in favor of isaacsim.cortex.behaviors. Please update your code accordingly.
[97.061s] [ext: omni.kit.viewport.manipulator.transform-107.0.4] startup
[97.264s] [ext: omni.graph.ui_nodes-1.40.1] startup
[97.515s] [ext: omni.fabric.commands-1.1.5] startup
[97.710s] [ext: omni.kit.manipulator.prim.core-107.0.7] startup
[98.136s] [ext: omni.kit.property.camera-1.0.9] startup
[98.248s] [ext: omni.kit.property.geometry-1.3.3] startup
[98.407s] [ext: omni.kit.property.light-1.0.11] startup
[98.532s] [ext: omni.kit.manipulator.prim.fabric-107.0.4] startup
[98.625s] [ext: omni.kit.manipulator.prim.usd-107.0.3] startup
[98.708s] [ext: omni.kit.property.material-1.10.17] startup
[99.410s] [ext: omni.kit.viewport.actions-107.0.0] startup
[99.517s] [ext: omni.debugdraw-0.1.3] startup
[99.752s] [ext: omni.kit.manipulator.prim-107.0.0] startup
[99.752s] [ext: omni.kit.manipulator.selection-106.0.1] startup
[99.823s] [ext: omni.kit.viewport.menubar.display-107.0.3] startup
[99.910s] [ext: omni.kit.widget.layers-1.8.2] startup
[100.611s] [ext: omni.hydra.scene_api-0.1.2] startup
[100.798s] [ext: omni.kit.property.render-1.1.3] startup
[100.909s] [ext: omni.physx.commands-106.5.7] startup
[100.961s] [ext: omni.usdphysics.ui-106.5.7] startup
[101.334s] [ext: omni.kit.property.transform-1.5.10] startup
[101.495s] [ext: omni.kit.property.audio-1.0.16] startup
[101.668s] [ext: isaacsim.gui.property-1.0.4] startup
[101.751s] [ext: omni.physx.ui-106.5.7] startup
[102.528s] [ext: omni.kit.property.bundle-1.3.2] startup
[102.625s] [ext: omni.kit.property.isaac-1.0.2] startup
2025-08-23 00:20:53 [102,356ms] [Warning] [omni.kit.property.isaac] omni.kit.property.isaac has been deprecated in favor of isaacsim.gui.property. Please update your code accordingly.
2025-08-23 00:20:53 [102,367ms] [Warning] [omni.kit.property.isaac.widgets] omni.kit.property.isaac.widgets has been deprecated in favor of isaacsim.gui.property.widgets. Please update your code accordingly.
[102.696s] [ext: omni.kit.property.physx-106.5.7] startup
[105.241s] [ext: omni.physx.demos-106.5.7] startup
[107.147s] [ext: omni.kit.viewport.menubar.camera-107.0.2] startup
[107.732s] [ext: omni.kit.viewport.menubar.lighting-106.0.2] startup
[107.846s] [ext: omni.kit.viewport.menubar.render-107.0.8] startup
[108.012s] [ext: omni.physx.vehicle-106.5.7] startup
[108.762s] [ext: omni.kit.viewport.menubar.settings-107.0.3] startup
[109.054s] [ext: omni.kit.window.console-0.2.14] startup
[109.358s] [ext: omni.kit.window.toolbar-1.6.2] startup
[109.449s] [ext: omni.physx.camera-106.5.7] startup
[109.810s] [ext: omni.physx.cct-106.5.7] startup
[110.084s] [ext: omni.physx.graph-106.5.7] startup
[110.503s] [ext: omni.physx.supportui-106.5.7] startup
[110.993s] [ext: isaacsim.replicator.writers-1.0.1] startup
[112.029s] [ext: omni.physx.telemetry-106.5.7] startup
[112.199s] [ext: omni.isaac.version-2.0.2] startup
2025-08-23 00:21:02 [111,884ms] [Warning] [omni.isaac.version] omni.isaac.version has been deprecated in favor of isaacsim.core.version. Please update your code accordingly.
[112.211s] [ext: isaacsim.robot.wheeled_robots-4.0.3] startup
[112.914s] [ext: isaacsim.replicator.domain_randomization-1.0.2] startup
[113.130s] [ext: isaacsim.replicator.examples-1.1.2] startup
[113.263s] [ext: omni.kit.window.status_bar-0.1.7] startup
[113.676s] [ext: omni.physx.bundle-106.5.7] startup
[113.676s] [ext: omni.usd.metrics.assembler-106.5.0] startup
[114.010s] [ext: omni.isaac.wheeled_robots-3.0.3] startup
2025-08-23 00:21:04 [113,720ms] [Warning] [omni.isaac.wheeled_robots] omni.isaac.wheeled_robots has been deprecated in favor of isaacsim.robot.wheeled_robots. Please update your code accordingly.
2025-08-23 00:21:04 [113,804ms] [Warning] [omni.isaac.wheeled_robots.controllers] omni.isaac.wheeled_robots has been deprecated in favor of isaacsim.robot.wheeled_robots. Please update your code accordingly.
2025-08-23 00:21:04 [113,887ms] [Warning] [omni.isaac.wheeled_robots.controllers.ackermann_controller] omni.isaac.wheeled_robots has been deprecated in favor of isaacsim.robot.wheeled_robots. Please update your code accordingly.
2025-08-23 00:21:04 [113,908ms] [Warning] [omni.isaac.wheeled_robots.controllers.differential_controller] omni.isaac.wheeled_robots has been deprecated in favor of isaacsim.robot.wheeled_robots. Please update your code accordingly.
2025-08-23 00:21:04 [113,963ms] [Warning] [omni.isaac.wheeled_robots.controllers.holonomic_controller] omni.isaac.wheeled_robots has been deprecated in favor of isaacsim.robot.wheeled_robots. Please update your code accordingly.
2025-08-23 00:21:04 [114,020ms] [Warning] [omni.isaac.wheeled_robots.controllers.quintic_path_planner] omni.isaac.wheeled_robots has been deprecated in favor of isaacsim.robot.wheeled_robots. Please update your code accordingly.
2025-08-23 00:21:04 [114,064ms] [Warning] [omni.isaac.wheeled_robots.controllers.stanley_control] omni.isaac.wheeled_robots has been deprecated in favor of isaacsim.robot.wheeled_robots. Please update your code accordingly.
2025-08-23 00:21:04 [114,102ms] [Warning] [omni.isaac.wheeled_robots.controllers.wheel_base_pose_controller] omni.isaac.wheeled_robots has been deprecated in favor of isaacsim.robot.wheeled_robots. Please update your code accordingly.
2025-08-23 00:21:05 [114,144ms] [Warning] [omni.isaac.wheeled_robots.impl] omni.isaac.wheeled_robots has been deprecated in favor of isaacsim.robot.wheeled_robots. Please update your code accordingly.
2025-08-23 00:21:05 [114,190ms] [Warning] [omni.isaac.wheeled_robots.robots] omni.isaac.wheeled_robots has been deprecated in favor of isaacsim.robot.wheeled_robots. Please update your code accordingly.
2025-08-23 00:21:05 [114,214ms] [Warning] [omni.isaac.wheeled_robots.robots.holonomic_robot_usd_setup] omni.isaac.wheeled_robots has been deprecated in favor of isaacsim.robot.wheeled_robots. Please update your code accordingly.
2025-08-23 00:21:05 [114,236ms] [Warning] [omni.isaac.wheeled_robots.robots.wheeled_robot] omni.isaac.wheeled_robots has been deprecated in favor of isaacsim.robot.wheeled_robots. Please update your code accordingly.
[114.564s] [ext: omni.isaac.franka-1.0.2] startup
2025-08-23 00:21:05 [114,371ms] [Warning] [omni.isaac.franka] omni.isaac.franka has been deprecated in favor of isaacsim.robot.manipulators.examples.franka. Please update your code accordingly.
2025-08-23 00:21:05 [114,394ms] [Warning] [omni.isaac.franka.franka] omni.isaac.franka has been deprecated in favor of isaacsim.robot.manipulators.examples.franka. Please update your code accordingly.
2025-08-23 00:21:05 [114,433ms] [Warning] [omni.isaac.franka.kinematics_solver] omni.isaac.franka has been deprecated in favor of isaacsim.robot.manipulators.examples.franka. Please update your code accordingly.
[114.760s] [ext: omni.replicator.isaac-2.0.3] startup
2025-08-23 00:21:05 [114,489ms] [Warning] [omni.replicator.isaac] omni.replicator.isaac has been deprecated in favor of isaacsim.replicator.domain_randomization, isaacsim.replicator.examples, isaacsim.replicator.writers. Please update your code accordingly.
[114.817s] [ext: omni.replicator.replicator_yaml-2.0.10] startup
[115.058s] [ext: omni.rtx.settings.core-0.6.3] startup
[115.338s] [ext: omni.usd.metrics.assembler.ui-106.5.0] startup
[115.474s] [ext: omni.kit.tool.asset_importer-2.12.3] startup
[116.010s] [ext: isaacsim.app.about-2.0.7] startup
[116.130s] [ext: semantics.schema.editor-0.3.10] startup
[116.298s] [ext: isaacsim.examples.browser-0.1.8] startup
[116.414s] [ext: isaacsim.simulation_app-2.4.2] startup
[116.417s] [ext: semantics.schema.property-1.0.5] startup
[116.534s] [ext: isaacsim.asset.importer.mjcf-2.3.7] startup
[117.032s] [ext: omni.isaac.window.about-2.0.2] startup
2025-08-23 00:21:07 [116,808ms] [Warning] [omni.isaac.window.about] omni.isaac.window.about has been deprecated in favor of isaacsim.app.about. Please update your code accordingly.
2025-08-23 00:21:07 [116,834ms] [Warning] [omni.isaac.window.about.about] omni.isaac.window.about.about has been deprecated in favor of isaacsim.app.about.about. Please update your code accordingly.
[117.161s] [ext: omni.kit.ui.actions-1.0.2] startup
[117.280s] [ext: isaacsim.asset.importer.urdf-2.3.14] startup
[117.816s] [ext: omni.isaac.kit-2.0.3] startup
2025-08-23 00:21:08 [117,535ms] [Warning] [omni.isaac.kit] omni.isaac.kit has been deprecated in favor of isaacsim.simulation_app. Please update your code accordingly.
[117.863s] [ext: omni.isaac.asset_browser-1.0.2] startup
2025-08-23 00:21:08 [117,587ms] [Warning] [omni.isaac.asset_browser] omni.isaac.asset_browser has been deprecated in favor of isaacsim.asset.browser. Please update your code accordingly.
[117.915s] [ext: isaacsim.core.throttling-2.0.2] startup
[118.206s] [ext: omni.flowusd-106.5.2] startup
2025-08-23 00:21:08 [118,081ms] [Warning] [omni.stageupdate.plugin] Deprecated: direct use of IStageUpdate callbacks is deprecated. Use IStageUpdate::getStageUpdate instead.
[118.488s] [ext: omni.kit.menu.common-1.1.9] startup
[118.559s] [ext: isaacsim.exp.base-4.5.0] startup
[118.560s] [ext: omnigibson_4_5_0-1.5.0] startup
[118.687s] Simulation App Starting
2025-08-23 00:21:10 [119,342ms] [Warning] [omni.kvdb.plugin] Disabling key-value database because another kit process is locking it
2025-08-23 00:21:10 [119,373ms] [Warning] [carb.audio.device] audio device is misconfigured or broken {deviceIndex = 0, name = 'default'} (The device is likely misconfigured, check your $HOME/.asoundrc)
2025-08-23 00:21:10 [119,373ms] [Warning] [carb.audio.output] failed to retrieve the capabilities for device 0 {result = eDeviceLost (2)}
2025-08-23 00:21:10 [119,373ms] [Warning] [carb.audio.context] failed to set the requested output during context creation.  Using a null streamer instead {result = eDeviceLost (2)}
[119.868s] app ready
2025-08-23 00:21:11 [120,566ms] [Warning] [rtx.neuraylib.plugin] [IRAY:RENDER]   1.1   IRAY   rend warn : CUDA device 0 (NVIDIA A100-SXM4-80GB): ECC is enabled, this will reduce rendering performance (it is strongly recommended to disable ECC with iray)
2025-08-23 00:21:11 [120,633ms] [Warning] [rtx.scenedb.plugin] SceneDbContext : TLAS limit buffer size 2705217792
2025-08-23 00:21:11 [120,633ms] [Warning] [rtx.scenedb.plugin] SceneDbContext : TLAS limit : valid true, within: false
2025-08-23 00:21:20 [129,958ms] [Warning] [omni.usd-abi.plugin] No setting was found for '/rtx-defaults-transient/meshlights/forceDisable'
2025-08-23 00:21:22 [132,103ms] [Warning] [omni.usd-abi.plugin] No setting was found for '/rtx-defaults/post/dlss/execMode'
2025-08-23 00:26:23 [432,266ms] [Warning] [rtx.postprocessing.plugin] DLSS-RR is not supported in the current build due to some known bugs with this GPU: NVIDIA A100-SXM4-80GB.Note that RTX Real-Time raytracing mode will not be able to denoise the output correctly.
[433.105s] Simulation App Startup Complete
2025-08-23 00:27:37 [506,842ms] [Warning] [carb] Failed to startup plugin carb.windowing-glfw.plugin (interfaces: [carb::windowing::IGLContext v1.0],[carb::windowing::IWindowing v1.5]) (impl: carb.windowing-glfw.plugin)
2025-08-23 00:28:13 [542,438ms] [Warning] [omni.syntheticdata.plugin] OgnSdPostRenderVarToHost : rendervar copy from texture directly to host buffer is counter-performant. Please use copy from texture to device buffer first.
2025-08-23 00:28:13 [542,525ms] [Warning] [omni.fabric.plugin] removePath called on non-existent path /Render/OmniverseKit/HydraTextures/Replicator/PostRender/SDGPipeline/Replicator_GpuInteropEntry 


                   ____________
                  /          / \
                 /          / /__
                /          / /  /\
               /__________/ /__/  \
               \   _____  \ \__\  /
                \  \  / \  \ \_/ /
                 \  \/___\  \   /
                  \__________\_/  
       ___                  _  ____ _ _                     
      / _ \ _ __ ___  _ __ (_)/ ___(_) |__  ___  ___  _ __  
     | | | | '_ ` _ \| '_ \| | |  _| | '_ \/ __|/ _ \| '_ \ 
     | |_| | | | | | | | | | | |_| | | |_) \__ \ (_) | | | |
      \___/|_| |_| |_|_| |_|_|\____|_|_.__/|___/\___/|_| |_|

[INFO] [omnigibson.simulator] ---------- Welcome to OmniGibson! ----------
2025-08-23 00:28:19 [548,252ms] [Warning] [omni.syntheticdata.plugin] SdRenderVarPtr missing valid input renderVar LdrColorSDhost
2025-08-23 00:28:19 [548,328ms] [Warning] [carb] Failed to startup plugin carb.windowing-glfw.plugin (interfaces: [carb::windowing::IGLContext v1.0],[carb::windowing::IWindowing v1.5]) (impl: carb.windowing-glfw.plugin)
[INFO] [omnigibson.simulator] Imported scene 0.
[WARNING] [omnigibson.objects.dataset_object] Category stages not found in average object specs! Defaulting to unit mass or density.
2025-08-23 00:28:23 [552,320ms] [Warning] [omnigibson.objects.dataset_object] Category stages not found in average object specs! Defaulting to unit mass or density.
[WARNING] [omnigibson.objects.dataset_object] Category lamp not found in average object specs! Defaulting to unit mass or density.
2025-08-23 00:28:26 [555,541ms] [Warning] [omnigibson.objects.dataset_object] Category lamp not found in average object specs! Defaulting to unit mass or density.
[WARNING] [omnigibson.objects.dataset_object] Category lamp not found in average object specs! Defaulting to unit mass or density.
2025-08-23 00:28:31 [560,652ms] [Warning] [omnigibson.objects.dataset_object] Category lamp not found in average object specs! Defaulting to unit mass or density.
[WARNING] [omnigibson.objects.stateful_object] State Open is incompatible with obj fridge_2. Reason: No relevant joints for Open state found for object fridge_2
2025-08-23 00:28:31 [560,915ms] [Warning] [omnigibson.objects.stateful_object] State Open is incompatible with obj fridge_2. Reason: No relevant joints for Open state found for object fridge_2
[WARNING] [omnigibson.objects.stateful_object] State HeatSourceOrSink is incompatible with obj fridge_2. Reason: HeatSourceOrSink has requires_closed but obj has no Open state!
2025-08-23 00:28:31 [560,915ms] [Warning] [omnigibson.objects.stateful_object] State HeatSourceOrSink is incompatible with obj fridge_2. Reason: HeatSourceOrSink has requires_closed but obj has no Open state!
[WARNING] [omnigibson.objects.stateful_object] State ContainedParticles is incompatible with obj fridge_2. Reason: LinkBasedStateMixin ContainedParticles requires meta link with type ['fillable', 'openfillable'] for obj fridge_2 but none was found! To get valid compatible object models, please use omnigibson.utils.asset_utils.get_all_object_category_models_with_abilities(...)
2025-08-23 00:28:31 [560,917ms] [Warning] [omnigibson.objects.stateful_object] State ContainedParticles is incompatible with obj fridge_2. Reason: LinkBasedStateMixin ContainedParticles requires meta link with type ['fillable', 'openfillable'] for obj fridge_2 but none was found! To get valid compatible object models, please use omnigibson.utils.asset_utils.get_all_object_category_models_with_abilities(...)
[WARNING] [omnigibson.objects.stateful_object] State Filled is incompatible with obj fridge_2. Reason: Missing required dependency state ContainedParticles
2025-08-23 00:28:31 [560,917ms] [Warning] [omnigibson.objects.stateful_object] State Filled is incompatible with obj fridge_2. Reason: Missing required dependency state ContainedParticles
[WARNING] [omnigibson.objects.stateful_object] State Contains is incompatible with obj fridge_2. Reason: Missing required dependency state ContainedParticles
2025-08-23 00:28:31 [560,918ms] [Warning] [omnigibson.objects.stateful_object] State Contains is incompatible with obj fridge_2. Reason: Missing required dependency state ContainedParticles
[WARNING] [omnigibson.prims.material_prim] No compatible material prim class found for material at /World/scene_0/wall_3/Looks/Metal___Black with asset path gltf/pbr.mdl and sub-identifier gltf_material. Using MaterialPrim as a fallback.
2025-08-23 00:28:31 [560,993ms] [Warning] [omnigibson.prims.material_prim] No compatible material prim class found for material at /World/scene_0/wall_3/Looks/Metal___Black with asset path gltf/pbr.mdl and sub-identifier gltf_material. Using MaterialPrim as a fallback.
[WARNING] [omnigibson.objects.dataset_object] Category wall not found in average object specs! Defaulting to unit mass or density.
2025-08-23 00:28:32 [561,680ms] [Warning] [omnigibson.objects.dataset_object] Category wall not found in average object specs! Defaulting to unit mass or density.
[WARNING] [omnigibson.objects.dataset_object] Category clothes_hanger not found in average object specs! Defaulting to unit mass or density.
2025-08-23 00:28:34 [563,299ms] [Warning] [omnigibson.objects.dataset_object] Category clothes_hanger not found in average object specs! Defaulting to unit mass or density.
[WARNING] [omnigibson.objects.dataset_object] Category clothes_hanger not found in average object specs! Defaulting to unit mass or density.
2025-08-23 00:28:35 [564,845ms] [Warning] [omnigibson.objects.dataset_object] Category clothes_hanger not found in average object specs! Defaulting to unit mass or density.
[WARNING] [omnigibson.objects.dataset_object] Category clothes_hanger not found in average object specs! Defaulting to unit mass or density.
2025-08-23 00:28:37 [566,424ms] [Warning] [omnigibson.objects.dataset_object] Category clothes_hanger not found in average object specs! Defaulting to unit mass or density.
[WARNING] [omnigibson.objects.dataset_object] Category kitchen_island not found in average object specs! Defaulting to unit mass or density.
2025-08-23 00:28:37 [566,805ms] [Warning] [omnigibson.objects.dataset_object] Category kitchen_island not found in average object specs! Defaulting to unit mass or density.
[WARNING] [omnigibson.objects.dataset_object] Category sink not found in average object specs! Defaulting to unit mass or density.
2025-08-23 00:28:38 [567,500ms] [Warning] [omnigibson.objects.dataset_object] Category sink not found in average object specs! Defaulting to unit mass or density.
[WARNING] [omnigibson.objects.stateful_object] State ToggledOn is incompatible with obj showerhead_9. Reason: LinkBasedStateMixin ToggledOn requires meta link with type ['togglebutton'] for obj showerhead_9 but none was found! To get valid compatible object models, please use omnigibson.utils.asset_utils.get_all_object_category_models_with_abilities(...)
2025-08-23 00:28:38 [567,948ms] [Warning] [omnigibson.objects.stateful_object] State ToggledOn is incompatible with obj showerhead_9. Reason: LinkBasedStateMixin ToggledOn requires meta link with type ['togglebutton'] for obj showerhead_9 but none was found! To get valid compatible object models, please use omnigibson.utils.asset_utils.get_all_object_category_models_with_abilities(...)
[ERROR] [__main__] shower hssda1e89e6a2afc0456aaf48ab69bfce08e3461f1b2 negative scale detected: tensor([-1.1018,  1.0000,  1.2157])
2025-08-23 00:28:38 [568,040ms] [Error] [__main__] shower hssda1e89e6a2afc0456aaf48ab69bfce08e3461f1b2 negative scale detected: tensor([-1.1018,  1.0000,  1.2157])
[WARNING] [omnigibson.objects.stateful_object] Ability 'particleSink' is incompatible with obj shower_10, because requirement ParticleRequirement was not met. Reason: Particle systems are not enabled when GPU dynamics is off.
2025-08-23 00:28:39 [568,740ms] [Warning] [omnigibson.objects.stateful_object] Ability 'particleSink' is incompatible with obj shower_10, because requirement ParticleRequirement was not met. Reason: Particle systems are not enabled when GPU dynamics is off.
Skipping object {'template_name': 'de5a499ba5e755407714c0815606a1016e8ab141_part_1', 'translation': [-13.721904754638672, 5.832165469454864e-07, -9.784749401524664], 'rotation': [1.0, -2.117582241918006e-22, 0.0, 0.0], 'non_uniform_scale': [1.0000001192092896, 0.9999998807907176, 0.9999999999999929], 'motion_type': 'STATIC'}
Skipping object {'template_name': 'de5a499ba5e755407714c0815606a1016e8ab141_part_2', 'translation': [-12.983485114426603, 5.832165517730048e-07, -10.43291225472862], 'rotation': [1.0, -2.117582241918006e-22, 0.0, 0.0], 'non_uniform_scale': [1.0000001192092896, 0.9999998807907176, 0.9999999999999929], 'motion_type': 'STATIC'}
Skipping object {'template_name': 'de5a499ba5e755407714c0815606a1016e8ab141_part_2', 'translation': [-13.721788550861271, 5.832165517219912e-07, -10.43291225472862], 'rotation': [1.0, 3.4692351937294224e-18, 0.0, 0.0], 'non_uniform_scale': [1.0000001192092896, 0.9999998807907176, 0.9999999999999929], 'motion_type': 'STATIC'}
Skipping object {'template_name': 'de5a499ba5e755407714c0815606a1016e8ab141_part_2', 'translation': [-14.45696727302574, 5.832165517219912e-07, -10.43291225472862], 'rotation': [1.0, 3.4692351937294224e-18, 0.0, 0.0], 'non_uniform_scale': [1.0000001192092896, 0.9999998807907176, 0.9999999999999929], 'motion_type': 'STATIC'}
Skipping object {'template_name': 'de5a499ba5e755407714c0815606a1016e8ab141_part_2', 'translation': [-15.053582818681466, 5.832165472021308e-07, -9.783911394530003], 'rotation': [0.7071067811865439, 7.083782778069698e-08, 0.7071067811865439, -7.083779400259905e-08], 'non_uniform_scale': [0.9999999999999929, 0.9999998807907178, 1.0000001192092896], 'motion_type': 'STATIC'}
Skipping object {'template_name': 'de5a499ba5e755407714c0815606a1016e8ab141_part_2', 'translation': [-12.391196895562304, 5.832165667159219e-07, -9.786800534403858], 'rotation': [-0.707106781186544, 7.083782149296733e-08, 0.707106781186544, 7.083778771486937e-08], 'non_uniform_scale': [0.9999999999999929, 0.9999998807907174, 1.0000001192092896], 'motion_type': 'STATIC'}
Skipping object {'template_name': 'de5a499ba5e755407714c0815606a1016e8ab141_part_7', 'translation': [-13.721904337406109, 0.0005175944257683159, -9.145041538193828], 'rotation': [1.0, -2.117582241918006e-22, 0.0, 0.0], 'non_uniform_scale': [1.0000001192092896, 0.9999998807907176, 0.9999999999999929], 'motion_type': 'STATIC'}
[WARNING] [omnigibson.objects.dataset_object] Category couch not found in average object specs! Defaulting to unit mass or density.
2025-08-23 00:28:40 [569,985ms] [Warning] [omnigibson.objects.dataset_object] Category couch not found in average object specs! Defaulting to unit mass or density.
[WARNING] [omnigibson.objects.dataset_object] Category seat not found in average object specs! Defaulting to unit mass or density.
2025-08-23 00:28:41 [570,305ms] [Warning] [omnigibson.objects.dataset_object] Category seat not found in average object specs! Defaulting to unit mass or density.
[WARNING] [omnigibson.objects.stateful_object] State AttachedTo is incompatible with obj mirror_21. Reason: LinkBasedStateMixin AttachedTo requires meta link with type ['attachment'] for obj mirror_21 but none was found! To get valid compatible object models, please use omnigibson.utils.asset_utils.get_all_object_category_models_with_abilities(...)
2025-08-23 00:28:41 [570,679ms] [Warning] [omnigibson.objects.stateful_object] State AttachedTo is incompatible with obj mirror_21. Reason: LinkBasedStateMixin AttachedTo requires meta link with type ['attachment'] for obj mirror_21 but none was found! To get valid compatible object models, please use omnigibson.utils.asset_utils.get_all_object_category_models_with_abilities(...)
[WARNING] [omnigibson.objects.dataset_object] Category seat not found in average object specs! Defaulting to unit mass or density.
2025-08-23 00:28:42 [571,852ms] [Warning] [omnigibson.objects.dataset_object] Category seat not found in average object specs! Defaulting to unit mass or density.
[WARNING] [omnigibson.objects.dataset_object] Category lamp not found in average object specs! Defaulting to unit mass or density.
2025-08-23 00:28:44 [573,290ms] [Warning] [omnigibson.objects.dataset_object] Category lamp not found in average object specs! Defaulting to unit mass or density.
[WARNING] [omnigibson.objects.stateful_object] State AttachedTo is incompatible with obj mirror_24. Reason: LinkBasedStateMixin AttachedTo requires meta link with type ['attachment'] for obj mirror_24 but none was found! To get valid compatible object models, please use omnigibson.utils.asset_utils.get_all_object_category_models_with_abilities(...)
2025-08-23 00:28:45 [574,520ms] [Warning] [omnigibson.objects.stateful_object] State AttachedTo is incompatible with obj mirror_24. Reason: LinkBasedStateMixin AttachedTo requires meta link with type ['attachment'] for obj mirror_24 but none was found! To get valid compatible object models, please use omnigibson.utils.asset_utils.get_all_object_category_models_with_abilities(...)
[WARNING] [omnigibson.objects.dataset_object] Category flowerpot not found in average object specs! Defaulting to unit mass or density.
2025-08-23 00:28:46 [575,938ms] [Warning] [omnigibson.objects.dataset_object] Category flowerpot not found in average object specs! Defaulting to unit mass or density.
[WARNING] [omnigibson.objects.dataset_object] Category flowerpot not found in average object specs! Defaulting to unit mass or density.
2025-08-23 00:28:48 [577,329ms] [Warning] [omnigibson.objects.dataset_object] Category flowerpot not found in average object specs! Defaulting to unit mass or density.
[WARNING] [omnigibson.objects.stateful_object] State ContainedParticles is incompatible with obj bowl_27. Reason: LinkBasedStateMixin ContainedParticles requires meta link with type ['fillable', 'openfillable'] for obj bowl_27 but none was found! To get valid compatible object models, please use omnigibson.utils.asset_utils.get_all_object_category_models_with_abilities(...)
2025-08-23 00:28:49 [578,967ms] [Warning] [omnigibson.objects.stateful_object] State ContainedParticles is incompatible with obj bowl_27. Reason: LinkBasedStateMixin ContainedParticles requires meta link with type ['fillable', 'openfillable'] for obj bowl_27 but none was found! To get valid compatible object models, please use omnigibson.utils.asset_utils.get_all_object_category_models_with_abilities(...)
[WARNING] [omnigibson.objects.stateful_object] State Filled is incompatible with obj bowl_27. Reason: Missing required dependency state ContainedParticles
2025-08-23 00:28:49 [578,967ms] [Warning] [omnigibson.objects.stateful_object] State Filled is incompatible with obj bowl_27. Reason: Missing required dependency state ContainedParticles
[WARNING] [omnigibson.objects.stateful_object] State Contains is incompatible with obj bowl_27. Reason: Missing required dependency state ContainedParticles
2025-08-23 00:28:49 [578,967ms] [Warning] [omnigibson.objects.stateful_object] State Contains is incompatible with obj bowl_27. Reason: Missing required dependency state ContainedParticles
[WARNING] [omnigibson.objects.stateful_object] State ContainedParticles is incompatible with obj wardrobe_28. Reason: LinkBasedStateMixin ContainedParticles requires meta link with type ['fillable', 'openfillable'] for obj wardrobe_28 but none was found! To get valid compatible object models, please use omnigibson.utils.asset_utils.get_all_object_category_models_with_abilities(...)
2025-08-23 00:28:50 [579,400ms] [Warning] [omnigibson.objects.stateful_object] State ContainedParticles is incompatible with obj wardrobe_28. Reason: LinkBasedStateMixin ContainedParticles requires meta link with type ['fillable', 'openfillable'] for obj wardrobe_28 but none was found! To get valid compatible object models, please use omnigibson.utils.asset_utils.get_all_object_category_models_with_abilities(...)
[WARNING] [omnigibson.objects.stateful_object] State Filled is incompatible with obj wardrobe_28. Reason: Missing required dependency state ContainedParticles
2025-08-23 00:28:50 [579,400ms] [Warning] [omnigibson.objects.stateful_object] State Filled is incompatible with obj wardrobe_28. Reason: Missing required dependency state ContainedParticles
[WARNING] [omnigibson.objects.stateful_object] State Contains is incompatible with obj wardrobe_28. Reason: Missing required dependency state ContainedParticles
2025-08-23 00:28:50 [579,400ms] [Warning] [omnigibson.objects.stateful_object] State Contains is incompatible with obj wardrobe_28. Reason: Missing required dependency state ContainedParticles
[WARNING] [omnigibson.objects.stateful_object] State AttachedTo is incompatible with obj wardrobe_28. Reason: LinkBasedStateMixin AttachedTo requires meta link with type ['attachment'] for obj wardrobe_28 but none was found! To get valid compatible object models, please use omnigibson.utils.asset_utils.get_all_object_category_models_with_abilities(...)
2025-08-23 00:28:50 [579,401ms] [Warning] [omnigibson.objects.stateful_object] State AttachedTo is incompatible with obj wardrobe_28. Reason: LinkBasedStateMixin AttachedTo requires meta link with type ['attachment'] for obj wardrobe_28 but none was found! To get valid compatible object models, please use omnigibson.utils.asset_utils.get_all_object_category_models_with_abilities(...)
[WARNING] [omnigibson.prims.material_prim] No compatible material prim class found for material at /World/scene_0/stool_29/Looks/Metal___Black_3 with asset path gltf/pbr.mdl and sub-identifier gltf_material. Using MaterialPrim as a fallback.
2025-08-23 00:28:50 [579,470ms] [Warning] [omnigibson.prims.material_prim] No compatible material prim class found for material at /World/scene_0/stool_29/Looks/Metal___Black_3 with asset path gltf/pbr.mdl and sub-identifier gltf_material. Using MaterialPrim as a fallback.
[WARNING] [omnigibson.objects.dataset_object] Category stool not found in average object specs! Defaulting to unit mass or density.
2025-08-23 00:28:51 [580,501ms] [Warning] [omnigibson.objects.dataset_object] Category stool not found in average object specs! Defaulting to unit mass or density.
[WARNING] [omnigibson.prims.material_prim] No compatible material prim class found for material at /World/scene_0/bin_48/Looks/mig_00wood with asset path gltf/pbr.mdl and sub-identifier gltf_material. Using MaterialPrim as a fallback.
2025-08-23 00:29:18 [607,788ms] [Warning] [omnigibson.prims.material_prim] No compatible material prim class found for material at /World/scene_0/bin_48/Looks/mig_00wood with asset path gltf/pbr.mdl and sub-identifier gltf_material. Using MaterialPrim as a fallback.
[WARNING] [omnigibson.objects.dataset_object] Category bin not found in average object specs! Defaulting to unit mass or density.
2025-08-23 00:29:18 [607,878ms] [Warning] [omnigibson.objects.dataset_object] Category bin not found in average object specs! Defaulting to unit mass or density.
[WARNING] [omnigibson.prims.material_prim] No compatible material prim class found for material at /World/scene_0/decoration_49/Looks/Shader1 with asset path gltf/pbr.mdl and sub-identifier gltf_material. Using MaterialPrim as a fallback.
2025-08-23 00:29:18 [608,012ms] [Warning] [omnigibson.prims.material_prim] No compatible material prim class found for material at /World/scene_0/decoration_49/Looks/Shader1 with asset path gltf/pbr.mdl and sub-identifier gltf_material. Using MaterialPrim as a fallback.
[WARNING] [omnigibson.objects.dataset_object] Category decoration not found in average object specs! Defaulting to unit mass or density.
2025-08-23 00:29:19 [609,127ms] [Warning] [omnigibson.objects.dataset_object] Category decoration not found in average object specs! Defaulting to unit mass or density.
[WARNING] [omnigibson.objects.dataset_object] Category led_tv not found in average object specs! Defaulting to unit mass or density.
2025-08-23 00:29:20 [609,622ms] [Warning] [omnigibson.objects.dataset_object] Category led_tv not found in average object specs! Defaulting to unit mass or density.
[WARNING] [omnigibson.objects.dataset_object] Category awning not found in average object specs! Defaulting to unit mass or density.
2025-08-23 00:29:21 [610,861ms] [Warning] [omnigibson.objects.dataset_object] Category awning not found in average object specs! Defaulting to unit mass or density.
[WARNING] [omnigibson.prims.material_prim] No compatible material prim class found for material at /World/scene_0/basket_53/Looks/Shader1 with asset path gltf/pbr.mdl and sub-identifier gltf_material. Using MaterialPrim as a fallback.
2025-08-23 00:29:22 [611,309ms] [Warning] [omnigibson.prims.material_prim] No compatible material prim class found for material at /World/scene_0/basket_53/Looks/Shader1 with asset path gltf/pbr.mdl and sub-identifier gltf_material. Using MaterialPrim as a fallback.
[WARNING] [omnigibson.objects.dataset_object] Category basket not found in average object specs! Defaulting to unit mass or density.
2025-08-23 00:29:22 [611,371ms] [Warning] [omnigibson.objects.dataset_object] Category basket not found in average object specs! Defaulting to unit mass or density.
[WARNING] [omnigibson.prims.material_prim] No compatible material prim class found for material at /World/scene_0/basket_54/Looks/Shader1 with asset path gltf/pbr.mdl and sub-identifier gltf_material. Using MaterialPrim as a fallback.
2025-08-23 00:29:22 [611,411ms] [Warning] [omnigibson.prims.material_prim] No compatible material prim class found for material at /World/scene_0/basket_54/Looks/Shader1 with asset path gltf/pbr.mdl and sub-identifier gltf_material. Using MaterialPrim as a fallback.
[WARNING] [omnigibson.objects.dataset_object] Category basket not found in average object specs! Defaulting to unit mass or density.
2025-08-23 00:29:22 [611,466ms] [Warning] [omnigibson.objects.dataset_object] Category basket not found in average object specs! Defaulting to unit mass or density.
[WARNING] [omnigibson.prims.material_prim] No compatible material prim class found for material at /World/scene_0/decoration_55/Looks/Shader1 with asset path gltf/pbr.mdl and sub-identifier gltf_material. Using MaterialPrim as a fallback.
2025-08-23 00:29:22 [611,614ms] [Warning] [omnigibson.prims.material_prim] No compatible material prim class found for material at /World/scene_0/decoration_55/Looks/Shader1 with asset path gltf/pbr.mdl and sub-identifier gltf_material. Using MaterialPrim as a fallback.
[WARNING] [omnigibson.objects.dataset_object] Category decoration not found in average object specs! Defaulting to unit mass or density.
2025-08-23 00:29:22 [612,050ms] [Warning] [omnigibson.objects.dataset_object] Category decoration not found in average object specs! Defaulting to unit mass or density.
[WARNING] [omnigibson.prims.material_prim] No compatible material prim class found for material at /World/scene_0/decoration_64/Looks/Metal___Stainless_steel_2017 with asset path gltf/pbr.mdl and sub-identifier gltf_material. Using MaterialPrim as a fallback.
2025-08-23 00:29:27 [616,214ms] [Warning] [omnigibson.prims.material_prim] No compatible material prim class found for material at /World/scene_0/decoration_64/Looks/Metal___Stainless_steel_2017 with asset path gltf/pbr.mdl and sub-identifier gltf_material. Using MaterialPrim as a fallback.
[WARNING] [omnigibson.objects.dataset_object] Category decoration not found in average object specs! Defaulting to unit mass or density.
2025-08-23 00:29:27 [616,275ms] [Warning] [omnigibson.objects.dataset_object] Category decoration not found in average object specs! Defaulting to unit mass or density.
[WARNING] [omnigibson.objects.dataset_object] Category lamp not found in average object specs! Defaulting to unit mass or density.
2025-08-23 00:29:28 [617,544ms] [Warning] [omnigibson.objects.dataset_object] Category lamp not found in average object specs! Defaulting to unit mass or density.
[WARNING] [omnigibson.objects.dataset_object] Category lamp not found in average object specs! Defaulting to unit mass or density.
2025-08-23 00:29:30 [619,145ms] [Warning] [omnigibson.objects.dataset_object] Category lamp not found in average object specs! Defaulting to unit mass or density.
[WARNING] [omnigibson.objects.dataset_object] Category cabinet not found in average object specs! Defaulting to unit mass or density.
2025-08-23 00:29:31 [620,397ms] [Warning] [omnigibson.objects.dataset_object] Category cabinet not found in average object specs! Defaulting to unit mass or density.
[WARNING] [omnigibson.prims.material_prim] No compatible material prim class found for material at /World/scene_0/picture_68/Looks/Fabric with asset path gltf/pbr.mdl and sub-identifier gltf_material. Using MaterialPrim as a fallback.
2025-08-23 00:29:31 [620,612ms] [Warning] [omnigibson.prims.material_prim] No compatible material prim class found for material at /World/scene_0/picture_68/Looks/Fabric with asset path gltf/pbr.mdl and sub-identifier gltf_material. Using MaterialPrim as a fallback.
[WARNING] [omnigibson.objects.dataset_object] Category lamp not found in average object specs! Defaulting to unit mass or density.
2025-08-23 00:29:31 [620,860ms] [Warning] [omnigibson.objects.dataset_object] Category lamp not found in average object specs! Defaulting to unit mass or density.
[WARNING] [omnigibson.objects.dataset_object] Category cabinet not found in average object specs! Defaulting to unit mass or density.
2025-08-23 00:29:32 [621,248ms] [Warning] [omnigibson.objects.dataset_object] Category cabinet not found in average object specs! Defaulting to unit mass or density.
Skipping object {'template_name': '9822296da3b1453e48e56f29731144008305b1b8_part_1', 'translation': [-4.590875148773193, 5.2203686868907925e-06, -4.865069516595014], 'rotation': [1.0, -2.117582241918006e-22, 0.0, 0.0], 'non_uniform_scale': [1.0, 0.9999998807907176, 0.9999999999999929], 'motion_type': 'STATIC'}
Skipping object {'template_name': '9822296da3b1453e48e56f29731144008305b1b8_part_2', 'translation': [-4.590874969959015, -1.7100189997015607e-06, -4.252751611714873], 'rotation': [1.0, -2.117582241918006e-22, 0.0, 0.0], 'non_uniform_scale': [1.0, 0.9999998807907176, 0.9999999999999929], 'motion_type': 'STATIC'}
Skipping object {'template_name': '9822296da3b1453e48e56f29731144008305b1b8_part_3', 'translation': [-3.605332612991333, 2.899807610583518e-07, -4.863413513298639], 'rotation': [1.0, -2.117582241918006e-22, 0.0, 0.0], 'non_uniform_scale': [1.0, 0.9999998807907176, 0.9999999999999929], 'motion_type': 'STATIC'}
Skipping object {'template_name': '9822296da3b1453e48e56f29731144008305b1b8_part_3', 'translation': [-5.606320649385452, 2.8998076115324553e-07, -4.86895611941398], 'rotation': [0.0, 0.0, 1.0, -2.117582241918006e-22], 'non_uniform_scale': [1.0, 0.9999998807907176, 0.9999999999999929], 'motion_type': 'STATIC'}
Skipping object {'template_name': '9822296da3b1453e48e56f29731144008305b1b8_part_3', 'translation': [-4.848890422377735, 2.8998076494040957e-07, -5.401952103372221], 'rotation': [0.7071067811865475, 2.5121477841583726e-15, 0.7071067811865475, -2.5121480836297253e-15], 'non_uniform_scale': [0.9999999999999929, 0.9999998807907176, 1.0], 'motion_type': 'STATIC'}
Skipping object {'template_name': '9822296da3b1453e48e56f29731144008305b1b8_part_3', 'translation': [-4.3294264217838645, 2.8998076494040957e-07, -5.401952103372221], 'rotation': [0.7071067811865475, 2.5121477841583726e-15, 0.7071067811865475, -2.5121480836297253e-15], 'non_uniform_scale': [0.9999999999999929, 0.9999998807907176, 1.0], 'motion_type': 'STATIC'}
[WARNING] [omnigibson.objects.stateful_object] State ParticleRemover is incompatible with obj carpet_78. Reason: ParticleRemover requires gm.USE_GPU_DYNAMICS=True!
2025-08-23 00:29:32 [621,529ms] [Warning] [omnigibson.objects.stateful_object] State ParticleRemover is incompatible with obj carpet_78. Reason: ParticleRemover requires gm.USE_GPU_DYNAMICS=True!
[WARNING] [omnigibson.prims.material_prim] No compatible material prim class found for material at /World/scene_0/carpet_79/Looks/Rug with asset path gltf/pbr.mdl and sub-identifier gltf_material. Using MaterialPrim as a fallback.
2025-08-23 00:29:32 [621,587ms] [Warning] [omnigibson.prims.material_prim] No compatible material prim class found for material at /World/scene_0/carpet_79/Looks/Rug with asset path gltf/pbr.mdl and sub-identifier gltf_material. Using MaterialPrim as a fallback.
[WARNING] [omnigibson.objects.stateful_object] State ParticleRemover is incompatible with obj carpet_79. Reason: ParticleRemover requires gm.USE_GPU_DYNAMICS=True!
2025-08-23 00:29:32 [621,648ms] [Warning] [omnigibson.objects.stateful_object] State ParticleRemover is incompatible with obj carpet_79. Reason: ParticleRemover requires gm.USE_GPU_DYNAMICS=True!
[WARNING] [omnigibson.prims.material_prim] No compatible material prim class found for material at /World/scene_0/carpet_80/Looks/RUG_sage_cumel with asset path gltf/pbr.mdl and sub-identifier gltf_material. Using MaterialPrim as a fallback.
2025-08-23 00:29:32 [621,704ms] [Warning] [omnigibson.prims.material_prim] No compatible material prim class found for material at /World/scene_0/carpet_80/Looks/RUG_sage_cumel with asset path gltf/pbr.mdl and sub-identifier gltf_material. Using MaterialPrim as a fallback.
[WARNING] [omnigibson.objects.stateful_object] State ParticleRemover is incompatible with obj carpet_80. Reason: ParticleRemover requires gm.USE_GPU_DYNAMICS=True!
2025-08-23 00:29:32 [621,761ms] [Warning] [omnigibson.objects.stateful_object] State ParticleRemover is incompatible with obj carpet_80. Reason: ParticleRemover requires gm.USE_GPU_DYNAMICS=True!
[WARNING] [omnigibson.prims.material_prim] No compatible material prim class found for material at /World/scene_0/carpet_81/Looks/RUG_sage_cumel with asset path gltf/pbr.mdl and sub-identifier gltf_material. Using MaterialPrim as a fallback.
2025-08-23 00:29:32 [621,810ms] [Warning] [omnigibson.prims.material_prim] No compatible material prim class found for material at /World/scene_0/carpet_81/Looks/RUG_sage_cumel with asset path gltf/pbr.mdl and sub-identifier gltf_material. Using MaterialPrim as a fallback.
[WARNING] [omnigibson.objects.stateful_object] State ParticleRemover is incompatible with obj carpet_81. Reason: ParticleRemover requires gm.USE_GPU_DYNAMICS=True!
2025-08-23 00:29:32 [621,862ms] [Warning] [omnigibson.objects.stateful_object] State ParticleRemover is incompatible with obj carpet_81. Reason: ParticleRemover requires gm.USE_GPU_DYNAMICS=True!
[WARNING] [omnigibson.objects.stateful_object] State AttachedTo is incompatible with obj mirror_82. Reason: LinkBasedStateMixin AttachedTo requires meta link with type ['attachment'] for obj mirror_82 but none was found! To get valid compatible object models, please use omnigibson.utils.asset_utils.get_all_object_category_models_with_abilities(...)
2025-08-23 00:29:32 [622,051ms] [Warning] [omnigibson.objects.stateful_object] State AttachedTo is incompatible with obj mirror_82. Reason: LinkBasedStateMixin AttachedTo requires meta link with type ['attachment'] for obj mirror_82 but none was found! To get valid compatible object models, please use omnigibson.utils.asset_utils.get_all_object_category_models_with_abilities(...)
[WARNING] [omnigibson.prims.material_prim] No compatible material prim class found for material at /World/scene_0/basket_83/Looks/mig_00wood with asset path gltf/pbr.mdl and sub-identifier gltf_material. Using MaterialPrim as a fallback.
2025-08-23 00:29:33 [622,147ms] [Warning] [omnigibson.prims.material_prim] No compatible material prim class found for material at /World/scene_0/basket_83/Looks/mig_00wood with asset path gltf/pbr.mdl and sub-identifier gltf_material. Using MaterialPrim as a fallback.
[WARNING] [omnigibson.objects.dataset_object] Category basket not found in average object specs! Defaulting to unit mass or density.
2025-08-23 00:29:34 [623,363ms] [Warning] [omnigibson.objects.dataset_object] Category basket not found in average object specs! Defaulting to unit mass or density.
[WARNING] [omnigibson.objects.dataset_object] Category plant not found in average object specs! Defaulting to unit mass or density.
2025-08-23 00:29:35 [624,787ms] [Warning] [omnigibson.objects.dataset_object] Category plant not found in average object specs! Defaulting to unit mass or density.
[WARNING] [omnigibson.objects.dataset_object] Category plant not found in average object specs! Defaulting to unit mass or density.
2025-08-23 00:29:37 [626,206ms] [Warning] [omnigibson.objects.dataset_object] Category plant not found in average object specs! Defaulting to unit mass or density.
[WARNING] [omnigibson.objects.dataset_object] Category plant not found in average object specs! Defaulting to unit mass or density.
2025-08-23 00:29:38 [627,489ms] [Warning] [omnigibson.objects.dataset_object] Category plant not found in average object specs! Defaulting to unit mass or density.
2025-08-23 00:29:38 [627,722ms] [Warning] [omni.usd] Warning: in _ReportErrors at line 2890 of /builds/omniverse/usd-ci/USD/pxr/usd/usd/stage.cpp -- In </World/scene_0/table_87>: Unresolved reference prim path @/opt/hpcaas/.mounts/fs-0565f60d669b6a2d3/home/cgokmen/projects/BEHAVIOR-1K/OmniGibson/omnigibson/data/hssd/objects/table/hssd917b764eeecca7c6224ed9dc3cf5ed13034b42f7/usd/hssd917b764eeecca7c6224ed9dc3cf5ed13034b42f7.usd@<defaultPrim> introduced by @anon:0x794310cf91d0:World1.usd@</World/scene_0/table_87> (recomposing stage on stage @anon:0x794310cf91d0:World1.usd@ <0x7941620fd500>)

Error processing /fsx-siro/cgokmen/habitat-data/scene_datasets/hssd-hab/scenes/105515541_173104641.scene_instance.json: Exactly one single root link should have been found for table_87, but found none/multiple instead: []
100%|| 1/1 [10:28<00:00, 628.78s/it]100%|| 1/1 [10:28<00:00, 628.78s/it]
2025-08-23 00:30:14 [663,892ms] [Warning] [carb] Plugin interface for a client: omni.hydratexture.plugin was already released.
[664.440s] Simulation App Shutting Down
