/home/cgokmen/miniconda3/envs/behavior/bin/python: No module named omnigibson.examples.scenes.import_hssd_scenes
/home/cgokmen/miniconda3/envs/behavior/bin/python: No module named omnigibson.examples.scenes.import_hssd_scenes
/home/cgokmen/miniconda3/envs/behavior/bin/python: No module named omnigibson.examples.scenes.import_hssd_scenes
/home/cgokmen/miniconda3/envs/behavior/bin/python: No module named omnigibson.examples.scenes.import_hssd_scenes
/home/cgokmen/miniconda3/envs/behavior/bin/python: No module named omnigibson.examples.scenes.import_hssd_scenes
/home/cgokmen/miniconda3/envs/behavior/bin/python: No module named omnigibson.examples.scenes.import_hssd_scenes
/home/cgokmen/miniconda3/envs/behavior/bin/python: No module named omnigibson.examples.scenes.import_hssd_scenes
/home/cgokmen/miniconda3/envs/behavior/bin/python: No module named omnigibson.examples.scenes.import_hssd_scenes
/home/cgokmen/miniconda3/envs/behavior/bin/python: No module named omnigibson.examples.scenes.import_hssd_scenes
/home/cgokmen/miniconda3/envs/behavior/bin/python: No module named omnigibson.examples.scenes.import_hssd_scenes
/home/cgokmen/miniconda3/envs/behavior/bin/python: No module named omnigibson.examples.scenes.import_hssd_scenes
/home/cgokmen/miniconda3/envs/behavior/bin/python: No module named omnigibson.examples.scenes.import_hssd_scenes
/home/cgokmen/miniconda3/envs/behavior/bin/python: No module named omnigibson.examples.scenes.import_hssd_scenes
/home/cgokmen/miniconda3/envs/behavior/bin/python: No module named omnigibson.examples.scenes.import_hssd_scenes
/home/cgokmen/miniconda3/envs/behavior/bin/python: No module named omnigibson.examples.scenes.import_hssd_scenes
/home/cgokmen/miniconda3/envs/behavior/bin/python: No module named omnigibson.examples.scenes.import_hssd_scenes
/home/cgokmen/miniconda3/envs/behavior/bin/python: No module named omnigibson.examples.scenes.import_hssd_scenes
/home/cgokmen/miniconda3/envs/behavior/bin/python: No module named omnigibson.examples.scenes.import_hssd_scenes
/home/cgokmen/miniconda3/envs/behavior/bin/python: No module named omnigibson.examples.scenes.import_hssd_scenes
/home/cgokmen/miniconda3/envs/behavior/bin/python: No module named omnigibson.examples.scenes.import_hssd_scenes
/home/cgokmen/miniconda3/envs/behavior/bin/python: No module named omnigibson.examples.scenes.import_hssd_scenes
/home/cgokmen/miniconda3/envs/behavior/bin/python: No module named omnigibson.examples.scenes.import_hssd_scenes
/home/cgokmen/miniconda3/envs/behavior/bin/python: No module named omnigibson.examples.scenes.import_hssd_scenes
/home/cgokmen/miniconda3/envs/behavior/bin/python: No module named omnigibson.examples.scenes.import_hssd_scenes
/home/cgokmen/miniconda3/envs/behavior/bin/python: No module named omnigibson.examples.scenes.import_hssd_scenes
/home/cgokmen/miniconda3/envs/behavior/bin/python: No module named omnigibson.examples.scenes.import_hssd_scenes
/home/cgokmen/miniconda3/envs/behavior/bin/python: No module named omnigibson.examples.scenes.import_hssd_scenes
/home/cgokmen/miniconda3/envs/behavior/bin/python: No module named omnigibson.examples.scenes.import_hssd_scenes
/home/cgokmen/miniconda3/envs/behavior/bin/python: No module named omnigibson.examples.scenes.import_hssd_scenes
/home/cgokmen/miniconda3/envs/behavior/bin/python: No module named omnigibson.examples.scenes.import_hssd_scenes
/home/cgokmen/miniconda3/envs/behavior/bin/python: No module named omnigibson.examples.scenes.import_hssd_scenes
/home/cgokmen/miniconda3/envs/behavior/bin/python: No module named omnigibson.examples.scenes.import_hssd_scenes
/home/cgokmen/miniconda3/envs/behavior/bin/python: No module named omnigibson.examples.scenes.import_hssd_scenes
  0%|          | 0/1 [00:00<?, ?it/s][INFO] [omnigibson.simulator] ----- Starting OmniGibson. This will take 10-30 seconds... -----
Starting kit application with the following args:  ['/opt/hpcaas/.mounts/fs-0565f60d669b6a2d3/home/cgokmen/miniconda3/envs/behavior/lib/python3.10/site-packages/isaacsim/exts/isaacsim.simulation_app/isaacsim/simulation_app/simulation_app.py', '/opt/hpcaas/.mounts/fs-0565f60d669b6a2d3/home/cgokmen/miniconda3/envs/behavior/lib/python3.10/site-packages/isaacsim/apps/omnigibson_4_5_0.kit', '--/app/tokens/exe-path=/opt/hpcaas/.mounts/fs-0565f60d669b6a2d3/home/cgokmen/miniconda3/envs/behavior/lib/python3.10/site-packages/omni', '--/persistent/app/viewport/displayOptions=3094', '--/rtx/materialDb/syncLoads=True', '--/rtx/hydra/materialSyncLoads=True', '--/omni.kit.plugin/syncUsdLoads=True', '--/app/renderer/resolution/width=1280', '--/app/renderer/resolution/height=720', '--/app/window/width=1440', '--/app/window/height=900', '--/renderer/multiGpu/enabled=False', '--/app/fastShutdown=True', '--/app/installSignalHandlers=0', '--ext-folder', '/opt/hpcaas/.mounts/fs-0565f60d669b6a2d3/home/cgokmen/miniconda3/envs/behavior/lib/python3.10/site-packages/isaacsim/exts', '--ext-folder', '/opt/hpcaas/.mounts/fs-0565f60d669b6a2d3/home/cgokmen/miniconda3/envs/behavior/lib/python3.10/site-packages/isaacsim/apps', '--/physics/cudaDevice=0', '--portable', '--no-window', '--/app/window/hideUi=1']
Passing the following args to the base kit application:  ['81', '168']
[Info] [carb] Logging to file: /opt/hpcaas/.mounts/fs-0565f60d669b6a2d3/home/cgokmen/miniconda3/envs/behavior/lib/python3.10/site-packages/omni/logs/Kit/OmniGibson/3.7/kit_20250823_001900.log
2025-08-23 00:19:00 [2ms] [Warning] [omni.kit.app.plugin] No crash reporter present, dumps uploading isn't available.
[2.853s] [ext: omni.kit.async_engine-0.0.1] startup
[DEBUG] [asyncio] Using selector: EpollSelector
[31.343s] [ext: omni.metrics.core-0.0.1] startup
[31.398s] [ext: omni.client.lib-1.0.0] startup
[32.410s] [ext: omni.blobkey-1.1.2] startup
[32.419s] [ext: omni.stats-1.0.1] startup
[32.439s] [ext: omni.datastore-0.0.0] startup
[32.827s] [ext: omni.client-1.2.2] startup
[33.068s] [ext: omni.ujitso.default-1.0.0] startup
[33.136s] [ext: omni.hsscclient-1.1.1] startup
2025-08-23 00:19:33 [32,841ms] [Warning] [omni.datastore] OmniHub is inaccessible
[35.615s] [ext: omni.gpu_foundation.shadercache.vulkan-1.0.0] startup
[35.727s] [ext: omni.assets.plugins-0.0.0] startup
[35.813s] [ext: omni.gpu_foundation-0.0.0] startup
[36.103s] [ext: carb.windowing.plugins-1.0.0] startup
2025-08-23 00:19:36 [35,802ms] [Warning] [carb.windowing-glfw.plugin] GLFW initialization failed.
2025-08-23 00:19:36 [35,802ms] [Warning] [carb] Failed to startup plugin carb.windowing-glfw.plugin (interfaces: [carb::windowing::IGLContext v1.0],[carb::windowing::IWindowing v1.5]) (impl: carb.windowing-glfw.plugin)
[36.126s] [ext: omni.kit.renderer.init-0.0.0] startup
2025-08-23 00:19:36 [35,905ms] [Warning] [omni.platforminfo.plugin] failed to open the default display.  Can't verify X Server version.
2025-08-23 00:19:36 [35,960ms] [Warning] [gpu.foundation.plugin] [ShaderCache]: 95 percent of the driver's shadercache size limit has been reached. Max size: 4000.00 MB, Currently used: 3885.98 MB. To avoid a persistent long startup or USD load time on every app launch, recommended to free space by deleting driver caches using one of the following methods:
- By running the app with --/renderer/shadercache/driverDiskCache/flush=true (only once).
- Or by manually deleting the following folders: '%LOCALAPPDATA%/NVIDIA/DXCache/Omniverse' (Windows-DX) or '$omni_cache/shaders/nv_shadercache' (Windows-Vulkan, Linux-Vulkan).
Driver caches will be re-generated which may take a few minutes on the next launch.
2025-08-23 00:19:37 [37,034ms] [Warning] [carb.cudainterop.plugin] CUDA_VISIBLE_DEVICES environment variable is set.
2025-08-23 00:19:37 [37,034ms] [Warning] [carb.cudainterop.plugin] Note CUDA device enumeration and Omniverse device enumeration are different.
2025-08-23 00:19:37 [37,034ms] [Warning] [carb.cudainterop.plugin] Setting CUDA_VISIBLE_DEVICES can lead to undesired behavior or crashes.

|---------------------------------------------------------------------------------------------|
| Driver Version: 570.172.08    | Graphics API: Vulkan
|=============================================================================================|
| GPU | Name                             | Active | LDA | GPU Memory | Vendor-ID | LUID       |
|     |                                  |        |     |            | Device-ID | UUID       |
|     |                                  |        |     |            | Bus-ID    |            |
|---------------------------------------------------------------------------------------------|
| 0   | NVIDIA A100-SXM4-80GB            | Yes: 0 |     | 147446  MB | 10de      | 0          |
|     |                                  |        |     |            | 20b2      | 427f5e3a.. |
|     |                                  |        |     |            | a0        |            |
|=============================================================================================|
| OS: 22.04.5 LTS (Jammy Jellyfish) ubuntu, Version: 22.04.5, Kernel: 6.8.0-1033-aws
| Processor: Intel(R) Xeon(R) Platinum 8275CL CPU @ 3.00GHz
| Cores: 48 | Logical Cores: 96
|---------------------------------------------------------------------------------------------|
| Total Memory (MB): 1148721 | Free Memory: 1060802
| Total Page/Swap (MB): 0 | Free Page/Swap: 0
|---------------------------------------------------------------------------------------------|
2025-08-23 00:19:39 [38,994ms] [Warning] [gpu.foundation.plugin] ECC is enabled on physical device 0
[39.890s] [ext: omni.kit.pipapi-0.0.0] startup
[39.898s] [ext: omni.kit.pip_archive-0.0.0] startup
[39.902s] [ext: omni.services.pip_archive-0.13.11] startup
[39.906s] [ext: omni.materialx.libs-1.0.6] startup
[39.971s] [ext: omni.kit.telemetry-0.5.1] startup
[40.052s] [ext: omni.kit.loop-isaac-1.2.1] startup
[40.065s] [ext: omni.kit.test-1.1.2] startup
[40.251s] [ext: omni.usd.config-1.0.5] startup
[40.473s] [ext: omni.gpucompute.plugins-0.0.0] startup
[40.485s] [ext: omni.usd.libs-1.0.1] startup
[41.467s] [ext: omni.mdl-55.0.1] startup
[41.617s] [ext: omni.iray.libs-0.0.0] startup
[42.187s] [ext: omni.mdl.neuraylib-0.2.10] startup
[42.214s] [ext: omni.kit.usd.mdl-1.0.7] startup
[42.995s] [ext: omni.pip.compute-1.4.5] startup
[43.000s] [ext: omni.appwindow-1.1.9] startup
2025-08-23 00:19:43 [42,689ms] [Warning] [carb.windowing-glfw.plugin] GLFW initialization failed.
2025-08-23 00:19:43 [42,689ms] [Warning] [carb] Failed to startup plugin carb.windowing-glfw.plugin (interfaces: [carb::windowing::IGLContext v1.0],[carb::windowing::IWindowing v1.5]) (impl: carb.windowing-glfw.plugin)
[43.020s] [ext: omni.kit.renderer.core-1.0.2] startup
2025-08-23 00:19:43 [42,781ms] [Warning] [carb.windowing-glfw.plugin] GLFW initialization failed.
2025-08-23 00:19:43 [42,781ms] [Warning] [carb] Failed to startup plugin carb.windowing-glfw.plugin (interfaces: [carb::windowing::IGLContext v1.0],[carb::windowing::IWindowing v1.5]) (impl: carb.windowing-glfw.plugin)
2025-08-23 00:19:43 [42,802ms] [Warning] [carb.windowing-glfw.plugin] GLFW initialization failed.
2025-08-23 00:19:43 [42,802ms] [Warning] [carb] Failed to startup plugin carb.windowing-glfw.plugin (interfaces: [carb::windowing::IGLContext v1.0],[carb::windowing::IWindowing v1.5]) (impl: carb.windowing-glfw.plugin)
[43.134s] [ext: omni.kit.renderer.capture-0.0.0] startup
[43.170s] [ext: omni.kit.renderer.imgui-1.0.2] startup
2025-08-23 00:19:43 [42,919ms] [Warning] [carb.windowing-glfw.plugin] GLFW initialization failed.
2025-08-23 00:19:43 [42,919ms] [Warning] [carb] Failed to startup plugin carb.windowing-glfw.plugin (interfaces: [carb::windowing::IGLContext v1.0],[carb::windowing::IWindowing v1.5]) (impl: carb.windowing-glfw.plugin)
2025-08-23 00:19:43 [42,922ms] [Warning] [carb.windowing-glfw.plugin] GLFW initialization failed.
2025-08-23 00:19:43 [42,922ms] [Warning] [carb] Failed to startup plugin carb.windowing-glfw.plugin (interfaces: [carb::windowing::IGLContext v1.0],[carb::windowing::IWindowing v1.5]) (impl: carb.windowing-glfw.plugin)
2025-08-23 00:19:43 [42,929ms] [Warning] [carb.windowing-glfw.plugin] GLFW initialization failed.
2025-08-23 00:19:43 [42,930ms] [Warning] [carb] Failed to startup plugin carb.windowing-glfw.plugin (interfaces: [carb::windowing::IGLContext v1.0],[carb::windowing::IWindowing v1.5]) (impl: carb.windowing-glfw.plugin)
[43.523s] [ext: omni.ui-2.26.5] startup
[43.630s] [ext: omni.kit.mainwindow-1.0.3] startup
[43.642s] [ext: carb.audio-0.1.0] startup
[43.675s] [ext: omni.uiaudio-1.0.0] startup
[43.690s] [ext: omni.kit.uiapp-0.0.0] startup
[43.690s] [ext: omni.usd.schema.metrics.assembler-106.5.0] startup
[43.750s] [ext: omni.usd.schema.omniscripting-1.0.0] startup
[43.784s] [ext: omni.usd.schema.physx-106.5.7] startup
[43.980s] [ext: omni.usd.schema.audio-0.0.0] startup
[44.009s] [ext: omni.usd.schema.omnigraph-1.0.0] startup
[44.055s] [ext: omni.usd.schema.anim-0.0.0] startup
[44.202s] [ext: omni.usd.schema.semantics-0.0.0] startup
[44.222s] [ext: omni.usd.schema.geospatial-0.0.0] startup
[44.251s] [ext: omni.kit.window.popup_dialog-2.0.24] startup
[44.295s] [ext: omni.resourcemonitor-107.0.0] startup
[44.330s] [ext: omni.activity.core-1.0.1] startup
[44.353s] [ext: omni.timeline-1.0.11] startup
[44.379s] [ext: omni.usd_resolver-1.0.0] startup
[44.441s] [ext: omni.kit.widget.nucleus_connector-1.1.10] startup
[44.465s] [ext: usdrt.scenegraph-7.5.1] startup
[44.896s] [ext: omni.usd.core-1.4.2] startup
[44.926s] [ext: omni.kit.usd_undo-0.1.8] startup
[44.936s] [ext: omni.graph.exec-0.9.4] startup
[44.972s] [ext: omni.kit.actions.core-1.0.0] startup
[44.998s] [ext: omni.kit.audiodeviceenum-1.0.1] startup
[45.016s] [ext: omni.kit.exec.core-0.13.4] startup
[45.050s] [ext: omni.kit.commands-1.4.9] startup
[45.113s] [ext: omni.hydra.usdrt_delegate-7.5.1] startup
[45.233s] [ext: omni.hydra.scene_delegate-0.3.3] startup
[45.276s] [ext: omni.usd-1.12.4] startup
[45.572s] [ext: omni.kit.asset_converter-2.8.5] startup
[45.853s] [ext: isaacsim.robot.schema-3.1.2] startup
[45.938s] [ext: omni.pip.cloud-1.1.7] startup
[45.953s] [ext: omni.usd.schema.isaac-3.0.2] startup
[45.953s] [ext: omni.usd.schema.flow-107.0.0] startup
[45.967s] [ext: omni.inspect-1.0.1] startup
[45.990s] [ext: omni.kit.notification_manager-1.0.9] startup
[46.020s] [ext: omni.graph.core-2.181.8] startup
[46.080s] [ext: isaacsim.core.deprecation_manager-0.2.2] startup
[46.094s] [ext: omni.usd.schema.forcefield-106.5.7] startup
[46.153s] [ext: omni.kit.menu.core-1.1.2] startup
[46.165s] [ext: omni.kit.clipboard-1.0.5] startup
[46.181s] [ext: omni.kit.widget.context_menu-1.2.4] startup
[46.199s] [ext: omni.kit.widget.options_menu-1.1.6] startup
[46.242s] [ext: omni.kit.helper.file_utils-0.1.9] startup
[46.258s] [ext: omni.kit.widget.path_field-2.0.11] startup
[46.274s] [ext: omni.kit.property.adapter.core-1.0.2] startup
[46.312s] [ext: omni.kit.widget.options_button-1.0.3] startup
[46.327s] [ext: omni.kit.widget.filebrowser-2.10.52] startup
[46.387s] [ext: omni.kit.widget.browser_bar-2.0.10] startup
[46.405s] [ext: omni.kit.property.adapter.fabric-1.0.3] startup
[46.429s] [ext: omni.ui.scene-1.11.2] startup
[46.475s] [ext: omni.kit.numpy.common-0.1.2] startup
[46.492s] [ext: omni.kit.window.filepicker-2.11.7] startup
[46.623s] [ext: omni.kit.usd.layers-2.2.0] startup
[46.724s] [ext: omni.hydra.rtx.shadercache.vulkan-1.0.0] startup
[46.745s] [ext: omni.kit.window.file_importer-1.1.14] startup
[46.781s] [ext: omni.kit.menu.utils-1.7.7] startup
[46.859s] [ext: omni.kit.context_menu-1.8.3] startup
[46.901s] [ext: omni.ujitso.processor.texture-1.0.0] startup
[46.918s] [ext: omni.index.libs-380600.1777.0] startup
[46.918s] [ext: omni.volume-0.5.0] startup
[47.109s] [ext: omni.ujitso.client-0.0.0] startup
[47.133s] [ext: omni.index-1.0.1] startup
[47.161s] [ext: omni.kit.hotkeys.core-1.3.10] startup
[47.163s] [ext: omni.hydra.rtx-1.0.0] startup
2025-08-23 00:19:47 [46,916ms] [Warning] [omni.log] Source: omni.hydra was already registered.
[47.571s] [ext: omni.kit.material.library-1.5.15] startup
[47.635s] [ext: omni.convexdecomposition-106.5.7] startup
[47.695s] [ext: omni.kit.viewport.legacy_gizmos-1.0.16] startup
[47.715s] [ext: omni.kit.raycast.query-1.0.5] startup
[47.757s] [ext: omni.hydra.engine.stats-1.0.3] startup
[47.774s] [ext: omni.kvdb-106.5.7] startup
[47.806s] [ext: omni.usdphysics-106.5.7] startup
[47.829s] [ext: omni.physx.foundation-106.5.7] startup
[47.875s] [ext: omni.localcache-106.5.7] startup
[47.917s] [ext: isaacsim.core.version-2.0.2] startup
[47.930s] [ext: omni.physx.cooking-106.5.7] startup
[47.995s] [ext: omni.kit.viewport.scene_camera_model-1.0.5] startup
[48.023s] [ext: omni.kit.hydra_texture-1.4.0] startup
[48.066s] [ext: omni.physx-106.5.7] startup
[48.226s] [ext: omni.kit.window.drop_support-1.0.4] startup
[48.235s] [ext: omni.kit.widget.viewport-107.0.7] startup
[48.270s] [ext: omni.kit.viewport.registry-104.0.6] startup
[48.282s] [ext: omni.physx.stageupdate-106.5.7] startup
[48.336s] [ext: omni.kit.viewport.window-107.0.8] startup
[48.454s] [ext: isaacsim.storage.native-1.0.6] startup
[48.466s] [ext: omni.isaac.dynamic_control-1.3.16] startup
2025-08-23 00:19:48 [48,205ms] [Warning] [omni.isaac.dynamic_control] omni.isaac.dynamic_control is deprecated as of Isaac Sim 4.5. No action is needed from end-users.
[48.568s] [ext: omni.warp.core-1.5.0] startup
[48.797s] [ext: omni.kit.widget.searchfield-1.1.8] startup
[48.811s] [ext: omni.kit.window.file_exporter-1.0.31] startup
[48.827s] [ext: omni.kit.widget.filter-1.1.4] startup
[48.838s] [ext: isaacsim.core.utils-2.2.8] startup
[48.872s] [ext: omni.kit.stage_template.core-1.1.22] startup
[48.884s] [ext: omni.kit.widget.stage-2.11.6] startup
[49.035s] [ext: omni.kit.widget.stage_icons-1.0.6] startup
[49.046s] [ext: omni.kit.window.file-1.3.57] startup
[49.085s] [ext: omni.kit.window.content_browser_registry-0.0.6] startup
[49.093s] [ext: omni.kit.widget.searchable_combobox-1.0.6] startup
[49.117s] [ext: omni.kit.window.stage-2.5.11] startup
[49.147s] [ext: omni.kit.window.content_browser-2.10.3] startup
[49.210s] [ext: omni.kit.usd.collect-2.2.22] startup
[49.243s] [ext: omni.kit.widget.settings-1.2.2] startup
[49.256s] [ext: omni.kit.menu.stage-1.2.5] startup
[49.267s] [ext: omni.kit.widget.prompt-1.0.7] startup
[49.286s] [ext: omni.kit.window.preferences-1.7.0] startup
[49.377s] [ext: omni.kit.viewport.utility-1.0.18] startup
[49.401s] [ext: omni.kit.xr.configurations-106.5.13] startup
[49.410s] [ext: omni.kit.widget.zoombar-1.0.5] startup
[49.420s] [ext: omni.rtx.window.settings-0.6.17] startup
[49.452s] [ext: omni.kit.manipulator.camera-106.0.3] startup
[49.487s] [ext: omni.kit.xr.core-106.5.13] startup
[50.124s] [ext: omni.physics.tensors-106.5.7] startup
[50.185s] [ext: omni.kit.browser.core-2.3.11] startup
[50.246s] [ext: omni.kit.xr.ui.window.viewport-106.5.13] startup
[50.317s] [ext: omni.physx.tensors-106.5.7] startup
[50.360s] [ext: omni.kit.browser.folder.core-1.10.1] startup
[50.435s] [ext: omni.kit.xr.scene_view.core-106.5.13] startup
[50.478s] [ext: isaacsim.core.simulation_manager-0.3.3] startup
[50.784s] [ext: omni.kit.tool.collect-2.2.16] startup
[50.812s] [ext: omni.services.facilities.base-1.0.4] startup
[50.826s] [ext: isaacsim.core.prims-0.3.7] startup
[51.015s] [ext: isaacsim.asset.browser-1.3.4] startup
[51.391s] [ext: omni.graph.tools-1.79.1] startup
[DEBUG] [AutoNode] Defining data type 'any' as 'Any'
[DEBUG] [AutoNode] Defining data type 'bool' as 'Bool' and array 'BoolArray
[DEBUG] [AutoNode] Defining data type 'bundle' as 'Bundle'
[DEBUG] [AutoNode] Defining data type 'colord[3]' as 'Color3d' and array 'Color3dArray
[DEBUG] [AutoNode] Defining data type 'colorf[3]' as 'Color3f' and array 'Color3fArray
[DEBUG] [AutoNode] Defining data type 'colorh[3]' as 'Color3h' and array 'Color3hArray
[DEBUG] [AutoNode] Defining data type 'colord[4]' as 'Color4d' and array 'Color4dArray
[DEBUG] [AutoNode] Defining data type 'colorf[4]' as 'Color4f' and array 'Color4fArray
[DEBUG] [AutoNode] Defining data type 'colorh[4]' as 'Color4h' and array 'Color4hArray
[DEBUG] [AutoNode] Defining data type 'double' as 'Double' and array 'DoubleArray
[DEBUG] [AutoNode] Defining data type 'double[2]' as 'Double2' and array 'Double2Array
[DEBUG] [AutoNode] Defining data type 'double[3]' as 'Double3' and array 'Double3Array
[DEBUG] [AutoNode] Defining data type 'double[4]' as 'Double4' and array 'Double4Array
[DEBUG] [AutoNode] Defining data type 'execution' as 'Execution'
[DEBUG] [AutoNode] Defining data type 'float' as 'Float' and array 'FloatArray
[DEBUG] [AutoNode] Defining data type 'float[2]' as 'Float2' and array 'Float2Array
[DEBUG] [AutoNode] Defining data type 'float[3]' as 'Float3' and array 'Float3Array
[DEBUG] [AutoNode] Defining data type 'float[4]' as 'Float4' and array 'Float4Array
[DEBUG] [AutoNode] Defining data type 'frame[4]' as 'Frame' and array 'FrameArray
[DEBUG] [AutoNode] Defining data type 'half' as 'Half' and array 'HalfArray
[DEBUG] [AutoNode] Defining data type 'half[2]' as 'Half2' and array 'Half2Array
[DEBUG] [AutoNode] Defining data type 'half[3]' as 'Half3' and array 'Half3Array
[DEBUG] [AutoNode] Defining data type 'half[4]' as 'Half4' and array 'Half4Array
[DEBUG] [AutoNode] Defining data type 'int' as 'Int' and array 'IntArray
[DEBUG] [AutoNode] Defining data type 'int[2]' as 'Int2' and array 'Int2Array
[DEBUG] [AutoNode] Defining data type 'int[3]' as 'Int3' and array 'Int3Array
[DEBUG] [AutoNode] Defining data type 'int[4]' as 'Int4' and array 'Int4Array
[DEBUG] [AutoNode] Defining data type 'int64' as 'Int64' and array 'Int64Array
[DEBUG] [AutoNode] Defining data type 'matrixd[2]' as 'Matrix2d' and array 'Matrix2dArray
[DEBUG] [AutoNode] Defining data type 'matrixd[3]' as 'Matrix3d' and array 'Matrix3dArray
[DEBUG] [AutoNode] Defining data type 'matrixd[4]' as 'Matrix4d' and array 'Matrix4dArray
[DEBUG] [AutoNode] Defining data type 'normald[3]' as 'Normal3d' and array 'Normal3dArray
[DEBUG] [AutoNode] Defining data type 'normalf[3]' as 'Normal3f' and array 'Normal3fArray
[DEBUG] [AutoNode] Defining data type 'normalh[3]' as 'Normal3h' and array 'Normal3hArray
[DEBUG] [AutoNode] Defining data type 'objectId' as 'ObjectId' and array 'ObjectIdArray
[DEBUG] [AutoNode] Defining data type 'path' as 'Path'
[DEBUG] [AutoNode] Defining data type 'pointd[3]' as 'Point3d' and array 'Point3dArray
[DEBUG] [AutoNode] Defining data type 'pointf[3]' as 'Point3f' and array 'Point3fArray
[DEBUG] [AutoNode] Defining data type 'pointh[3]' as 'Point3h' and array 'Point3hArray
[DEBUG] [AutoNode] Defining data type 'quatd[4]' as 'Quatd' and array 'QuatdArray
[DEBUG] [AutoNode] Defining data type 'quatf[4]' as 'Quatf' and array 'QuatfArray
[DEBUG] [AutoNode] Defining data type 'quath[4]' as 'Quath' and array 'QuathArray
[DEBUG] [AutoNode] Defining data type 'string' as 'String'
[DEBUG] [AutoNode] Defining data type 'target' as 'Target'
[DEBUG] [AutoNode] Defining data type 'texcoordd[2]' as 'TexCoord2d' and array 'TexCoord2dArray
[DEBUG] [AutoNode] Defining data type 'texcoordf[2]' as 'TexCoord2f' and array 'TexCoord2fArray
[DEBUG] [AutoNode] Defining data type 'texcoordh[2]' as 'TexCoord2h' and array 'TexCoord2hArray
[DEBUG] [AutoNode] Defining data type 'texcoordd[3]' as 'TexCoord3d' and array 'TexCoord3dArray
[DEBUG] [AutoNode] Defining data type 'texcoordf[3]' as 'TexCoord3f' and array 'TexCoord3fArray
[DEBUG] [AutoNode] Defining data type 'texcoordh[3]' as 'TexCoord3h' and array 'TexCoord3hArray
[DEBUG] [AutoNode] Defining data type 'timecode' as 'Timecode' and array 'TimecodeArray
[DEBUG] [AutoNode] Defining data type 'token' as 'Token' and array 'TokenArray
[DEBUG] [AutoNode] Defining data type 'uchar' as 'UChar' and array 'UCharArray
[DEBUG] [AutoNode] Defining data type 'uint' as 'UInt' and array 'UIntArray
[DEBUG] [AutoNode] Defining data type 'uint64' as 'UInt64' and array 'UInt64Array
[DEBUG] [AutoNode] Defining data type 'vectord[3]' as 'Vector3d' and array 'Vector3dArray
[DEBUG] [AutoNode] Defining data type 'vectorf[3]' as 'Vector3f' and array 'Vector3fArray
[DEBUG] [AutoNode] Defining data type 'vectorh[3]' as 'Vector3h' and array 'Vector3hArray
[51.667s] [ext: omni.services.core-1.9.0] startup
[52.832s] [ext: omni.kit.primitive.mesh-1.0.17] startup
[52.884s] [ext: omni.kit.widget.highlight_label-1.0.3] startup
[52.896s] [ext: omni.services.transport.server.base-1.1.1] startup
[52.912s] [ext: omni.kit.stage_templates-1.2.6] startup
[52.948s] [ext: omni.kit.window.property-1.11.5] startup
[52.987s] [ext: omni.services.transport.server.zeroconf-1.0.9] startup
[53.108s] [ext: isaacsim.core.api-4.2.16] startup
[53.304s] [ext: omni.kit.property.adapter.usd-1.0.2] startup
[53.325s] [ext: omni.kit.xr.advertise-106.5.13] startup
[53.342s] [ext: omni.isaac.assets_check-0.3.9] startup
2025-08-23 00:19:53 [53,030ms] [Warning] [omni.isaac.assets_check] omni.isaac.assets_check has been deprecated in favor of isaacsim.asset.browser. Please update your code accordingly.
[53.350s] [ext: omni.graph-1.140.2] startup
[53.667s] [ext: omni.kit.property.usd-4.2.16] startup
[53.756s] [ext: omni.graph.action_core-1.1.7] startup
[53.792s] [ext: omni.kit.menu.create-1.0.17] startup
[53.809s] [ext: omni.kit.widget.text_editor-1.0.2] startup
[53.834s] [ext: omni.graph.action_nodes-1.40.1] startup
[53.882s] [ext: isaacsim.core.cloner-1.3.4] startup
[53.921s] [ext: omni.kit.scripting-106.5.2] startup
2025-08-23 00:19:54 [53,680ms] [Error] [omni.kit.scripting.scripts.loader.omni_cache] Python Scripting: Failed to access OmniCache directory.
[54.015s] [ext: omni.graph.scriptnode-1.40.1] startup
[54.032s] [ext: omni.graph.action-1.120.0] startup
[54.044s] [ext: omni.isaac.cloner-1.0.2] startup
2025-08-23 00:19:54 [53,732ms] [Warning] [omni.isaac.cloner] omni.isaac.cloner has been deprecated in favor of isaacsim.core.cloner. Please update your code accordingly.
[54.052s] [ext: isaacsim.replicator.behavior-1.0.8] startup
[54.064s] [ext: omni.ui_query-1.1.7] startup
[54.081s] [ext: omni.kit.widget.graph-1.12.17] startup
[54.143s] [ext: omni.kit.manipulator.viewport-107.0.1] startup
[54.160s] [ext: omni.kit.ui_test-1.3.3] startup
[54.183s] [ext: omni.kit.graph.delegate.default-1.2.2] startup
[54.198s] [ext: omni.kit.window.extensions-1.4.25] startup
[54.278s] [ext: omni.graph.visualization.nodes-2.1.1] startup
[54.318s] [ext: omni.graph.image.core-0.6.0] startup
[54.335s] [ext: omni.kit.graph.editor.core-1.5.3] startup
[54.367s] [ext: isaacsim.gui.components-1.0.9] startup
[54.410s] [ext: omni.kit.widget.material_preview-1.0.16] startup
[54.433s] [ext: omni.kit.graph.usd.commands-1.3.1] startup
[54.445s] [ext: omni.graph.image.nodes-1.3.0] startup
[54.468s] [ext: isaacsim.robot_motion.lula-4.0.4] startup
[54.632s] [ext: omni.kit.viewport.menubar.core-107.1.2] startup
[54.806s] [ext: omni.kit.window.material_graph-1.8.19] startup
[55.155s] [ext: omni.isaac.core-4.0.3] startup
2025-08-23 00:19:55 [54,847ms] [Warning] [omni.isaac.core.physics_context.physics_context] omni.isaac.core.physics_context.physics_context has been deprecated in favor of isaacsim.core.api.physics_context.physics_context. Please update your code accordingly.
2025-08-23 00:19:55 [54,857ms] [Warning] [omni.isaac.core.simulation_context.simulation_context] omni.isaac.core.simulation_context.simulation_context has been deprecated in favor of isaacsim.core.api.simulation_context.simulation_context. Please update your code accordingly.
2025-08-23 00:19:55 [54,866ms] [Warning] [omni.isaac.core.world.world] omni.isaac.core.world.world has been deprecated in favor of isaacsim.core.api.world.world. Please update your code accordingly.
2025-08-23 00:19:55 [54,866ms] [Warning] [omni.isaac.core] omni.isaac.core has been deprecated in favor of isaacsim.core.api. Please update your code accordingly.
[55.187s] [ext: isaacsim.robot_motion.motion_generation-8.0.6] startup
[55.278s] [ext: omni.graph.nodes-1.162.1] startup
[55.616s] [ext: omni.syntheticdata-0.6.10] startup
[55.722s] [ext: omni.kit.xr.system.cloudxr-106.5.13] startup
[55.759s] [ext: isaacsim.robot_motion.lula_test_widget-1.0.5] startup
[55.783s] [ext: omni.kit.xr.telemetry-106.5.13] startup
[55.809s] [ext: omni.kit.data2ui.core-1.0.27] startup
[55.838s] [ext: omni.kit.xr.ui.window.profile-106.5.13] startup
[55.982s] [ext: omni.kit.data2ui.usd-1.0.27] startup
[56.105s] [ext: omni.warp-1.5.0] startup
[56.151s] [ext: omni.no_code_ui.bundle-1.0.27] startup
[56.151s] [ext: omni.replicator.core-1.11.35] startup
Warp 1.5.0 initialized:
   CUDA Toolkit 11.8, Driver 12.8
   Devices:
     "cpu"      : "x86_64"
     "cuda:0"   : "NVIDIA A100-SXM4-80GB" (79 GiB, sm_80, mempool enabled)
   Kernel cache:
     /home/cgokmen/.cache/warp/1.5.0
2025-08-23 00:19:57 [57,152ms] [Warning] [omni.replicator.core.scripts.extension] No material configuration file, adding configuration to material settings directly.
[57.481s] [ext: omni.isaac.lula-4.0.2] startup
2025-08-23 00:19:57 [57,164ms] [Warning] [omni.isaac.lula] omni.isaac.lula has been deprecated in favor of isaacsim.robot_motion.lula. Please update your code accordingly.
[57.484s] [ext: omni.isaac.lula_test_widget-1.0.2] startup
2025-08-23 00:19:57 [57,170ms] [Warning] [omni.isaac.lula_test_widget] omni.isaac.lula_test_widget has been deprecated in favor of isaacsim.robot_motion.lula_test_widget. Please update your code accordingly.
[57.491s] [ext: omni.kit.xr.profile.common-106.5.13] startup
[57.528s] [ext: omni.kit.xr.scene_view.utils-106.5.13] startup
[61.960s] [ext: isaacsim.core.nodes-2.1.4] startup
[62.043s] [ext: isaacsim.robot.surface_gripper-2.0.6] startup
[62.085s] [ext: omni.kit.xr.system.openxr-106.5.13] startup
[62.149s] [ext: omni.kit.xr.system.steamvr-106.5.13] startup
[62.177s] [ext: omni.kit.xr.ui.stage-106.5.13] startup
[62.318s] [ext: omni.kit.selection-0.1.5] startup
[62.334s] [ext: isaacsim.robot.manipulators-3.0.4] startup
[62.391s] [ext: omni.isaac.core_nodes-2.0.2] startup
2025-08-23 00:20:02 [62,096ms] [Warning] [omni.isaac.core_nodes] omni.isaac.core_nodes has been deprecated in favor of isaacsim.core.nodes. Please update your code accordingly.
[62.416s] [ext: omni.anim.curve.core-1.2.0] startup
[62.525s] [ext: omni.kit.xr.profile.vr-106.5.13] startup
[62.567s] [ext: isaacsim.gui.menu-2.0.9] startup
[62.657s] [ext: omni.isaac.manipulators-3.0.3] startup
2025-08-23 00:20:02 [62,347ms] [Warning] [omni.isaac.manipulators] omni.isaac.manipulators has been deprecated in favor of isaacsim.robot.manipulators. Please update your code accordingly.
2025-08-23 00:20:02 [62,354ms] [Warning] [omni.isaac.manipulators.controllers] omni.isaac.manipulators has been deprecated in favor of isaacsim.robot.manipulators. Please update your code accordingly.
2025-08-23 00:20:02 [62,358ms] [Warning] [omni.isaac.manipulators.controllers.pick_place_controller] omni.isaac.manipulators has been deprecated in favor of isaacsim.robot.manipulators. Please update your code accordingly.
2025-08-23 00:20:02 [62,372ms] [Warning] [omni.isaac.manipulators.controllers.stacking_controller] omni.isaac.manipulators has been deprecated in favor of isaacsim.robot.manipulators. Please update your code accordingly.
2025-08-23 00:20:02 [62,378ms] [Warning] [omni.isaac.manipulators.grippers] omni.isaac.manipulators has been deprecated in favor of isaacsim.robot.manipulators. Please update your code accordingly.
2025-08-23 00:20:02 [62,381ms] [Warning] [omni.isaac.manipulators.grippers.gripper] omni.isaac.manipulators has been deprecated in favor of isaacsim.robot.manipulators. Please update your code accordingly.
2025-08-23 00:20:02 [62,386ms] [Warning] [omni.isaac.manipulators.grippers.parallel_gripper] omni.isaac.manipulators has been deprecated in favor of isaacsim.robot.manipulators. Please update your code accordingly.
2025-08-23 00:20:02 [62,390ms] [Warning] [omni.isaac.manipulators.grippers.surface_gripper] omni.isaac.manipulators has been deprecated in favor of isaacsim.robot.manipulators. Please update your code accordingly.
2025-08-23 00:20:02 [62,398ms] [Warning] [omni.isaac.manipulators.manipulators] omni.isaac.manipulators has been deprecated in favor of isaacsim.robot.manipulators. Please update your code accordingly.
2025-08-23 00:20:02 [62,402ms] [Warning] [omni.isaac.manipulators.manipulators.single_manipulator] omni.isaac.manipulators has been deprecated in favor of isaacsim.robot.manipulators. Please update your code accordingly.
[62.723s] [ext: isaacsim.sensors.physics-0.3.5] startup
[62.823s] [ext: omni.isaac.menu-1.0.2] startup
2025-08-23 00:20:03 [62,527ms] [Warning] [omni.isaac.menu] omni.isaac.menu has been deprecated in favor of isaacsim.gui.menu. Please update your code accordingly.
[62.848s] [ext: omni.isaac.motion_generation-8.0.2] startup
2025-08-23 00:20:03 [62,539ms] [Warning] [omni.isaac.motion_generation] omni.isaac.motion_generation has been deprecated in favor of isaacsim.robot_motion.motion_generation. Please update your code accordingly.
2025-08-23 00:20:03 [62,549ms] [Warning] [omni.isaac.motion_generation.articulation_kinematics_solver] omni.isaac.motion_generation has been deprecated in favor of isaacsim.robot_motion.motion_generation. Please update your code accordingly.
2025-08-23 00:20:03 [62,555ms] [Warning] [omni.isaac.motion_generation.articulation_motion_policy] omni.isaac.motion_generation has been deprecated in favor of isaacsim.robot_motion.motion_generation. Please update your code accordingly.
2025-08-23 00:20:03 [62,561ms] [Warning] [omni.isaac.motion_generation.articulation_trajectory] omni.isaac.motion_generation has been deprecated in favor of isaacsim.robot_motion.motion_generation. Please update your code accordingly.
2025-08-23 00:20:03 [62,587ms] [Warning] [omni.isaac.motion_generation.kinematics_interface] omni.isaac.motion_generation has been deprecated in favor of isaacsim.robot_motion.motion_generation. Please update your code accordingly.
2025-08-23 00:20:03 [62,589ms] [Warning] [omni.isaac.motion_generation.lula] omni.isaac.motion_generation has been deprecated in favor of isaacsim.robot_motion.motion_generation. Please update your code accordingly.
2025-08-23 00:20:03 [62,590ms] [Warning] [omni.isaac.motion_generation.lula.kinematics] omni.isaac.motion_generation has been deprecated in favor of isaacsim.robot_motion.motion_generation. Please update your code accordingly.
2025-08-23 00:20:03 [62,590ms] [Warning] [omni.isaac.motion_generation.lula.motion_policies] omni.isaac.motion_generation has been deprecated in favor of isaacsim.robot_motion.motion_generation. Please update your code accordingly.
2025-08-23 00:20:03 [62,591ms] [Warning] [omni.isaac.motion_generation.lula.path_planners] omni.isaac.motion_generation has been deprecated in favor of isaacsim.robot_motion.motion_generation. Please update your code accordingly.
2025-08-23 00:20:03 [62,597ms] [Warning] [omni.isaac.motion_generation.lula.trajectory_generator] omni.isaac.motion_generation has been deprecated in favor of isaacsim.robot_motion.motion_generation. Please update your code accordingly.
2025-08-23 00:20:03 [62,608ms] [Warning] [omni.isaac.motion_generation.motion_policy_controller] omni.isaac.motion_generation has been deprecated in favor of isaacsim.robot_motion.motion_generation. Please update your code accordingly.
2025-08-23 00:20:03 [62,613ms] [Warning] [omni.isaac.motion_generation.motion_policy_interface] omni.isaac.motion_generation has been deprecated in favor of isaacsim.robot_motion.motion_generation. Please update your code accordingly.
2025-08-23 00:20:03 [62,619ms] [Warning] [omni.isaac.motion_generation.path_planner_visualizer] omni.isaac.motion_generation has been deprecated in favor of isaacsim.robot_motion.motion_generation. Please update your code accordingly.
2025-08-23 00:20:03 [62,626ms] [Warning] [omni.isaac.motion_generation.path_planning_interface] omni.isaac.motion_generation has been deprecated in favor of isaacsim.robot_motion.motion_generation. Please update your code accordingly.
2025-08-23 00:20:03 [62,632ms] [Warning] [omni.isaac.motion_generation.trajectory] omni.isaac.motion_generation has been deprecated in favor of isaacsim.robot_motion.motion_generation. Please update your code accordingly.
2025-08-23 00:20:03 [62,637ms] [Warning] [omni.isaac.motion_generation.world_interface] omni.isaac.motion_generation has been deprecated in favor of isaacsim.robot_motion.motion_generation. Please update your code accordingly.
[62.958s] [ext: isaacsim.robot.policy.examples-4.0.3] startup
[63.045s] [ext: omni.sensors.nv.common-2.5.0-coreapi] startup
[64.233s] [ext: omni.isaac.nucleus-1.0.3] startup
2025-08-23 00:20:04 [63,951ms] [Warning] [omni.isaac.nucleus] omni.isaac.nucleus has been deprecated in favor of isaacsim.storage.native. Please update your code accordingly.
2025-08-23 00:20:04 [63,967ms] [Warning] [omni.isaac.nucleus.nucleus] omni.isaac.nucleus.nucleus has been deprecated in favor of isaacsim.storage.native. Please update your code accordingly.
[64.288s] [ext: omni.isaac.quadruped-3.0.2] startup
2025-08-23 00:20:04 [64,024ms] [Warning] [omni.isaac.quadruped] omni.isaac.quadruped has been deprecated in favor of isaacsim.robot.policy.examples. Please update your code accordingly.
[64.344s] [ext: omni.sensors.nv.materials-1.4.0-coreapi] startup
[64.721s] [ext: isaacsim.sensors.camera-0.2.9] startup
[64.934s] [ext: omni.sensors.nv.wpm-2.4.0-coreapi] startup
[65.163s] [ext: omni.sensors.nv.lidar-2.6.3-coreapi] startup
[65.398s] [ext: isaacsim.util.debug_draw-2.0.2] startup
[65.730s] [ext: omni.sensors.tiled-0.0.6] startup
[65.873s] [ext: omni.sensors.nv.radar-2.6.1-coreapi] startup
[66.169s] [ext: omni.sensors.nv.ids-1.4.0-coreapi] startup
[66.351s] [ext: isaacsim.sensors.physx-2.2.4] startup
[67.580s] [ext: isaacsim.robot.manipulators.examples-1.0.3] startup
[67.835s] [ext: isaacsim.sensors.rtx-13.6.3] startup
[69.336s] [ext: omni.isaac.range_sensor-4.0.2] startup
[70.642s] [ext: isaacsim.cortex.framework-1.0.2] startup
[70.891s] [ext: omni.isaac.sensor-13.0.3] startup
2025-08-23 00:20:11 [70,664ms] [Warning] [omni.isaac.sensor] omni.isaac.sensor has been deprecated in favor of isaacsim.sensors.camera, isaacsim.sensors.physics, isaacsim.sensors.physx, and isaacsim.sensors.rtx. Please update your code accordingly.
2025-08-23 00:20:11 [70,774ms] [Warning] [omni.isaac.sensor.camera] omni.isaac.sensor.camera has been deprecated in favor of isaacsim.sensors.camera.camera. Please update your code accordingly.
2025-08-23 00:20:11 [70,813ms] [Warning] [omni.isaac.sensor.camera_view] omni.isaac.sensor.camera_view has been deprecated in favor of isaacsim.sensors.camera.camera_view. Please update your code accordingly.
2025-08-23 00:20:11 [70,832ms] [Warning] [omni.isaac.sensor.commands] omni.isaac.sensor.commands has been deprecated in favor of isaacsim.sensors.physics.commands, isaacsim.sensors.physx.commands, and isaacsim.sensors.rtx.commands. Please update your code accordingly.
2025-08-23 00:20:11 [70,904ms] [Warning] [omni.isaac.sensor.contact_sensor] omni.isaac.sensor.contact_sensor has been deprecated in favor of isaacsim.sensors.physics.contact_sensor. Please update your code accordingly.
2025-08-23 00:20:11 [70,975ms] [Warning] [omni.isaac.sensor.imu_sensor] omni.isaac.sensor.imu_sensor has been deprecated in favor of isaacsim.sensors.physics.imu_sensor. Please update your code accordingly.
2025-08-23 00:20:11 [71,101ms] [Warning] [omni.isaac.sensor.lidar_rtx] omni.isaac.sensor.lidar_rtx has been deprecated in favor of isaacsim.sensors.rtx.lidar_rtx. Please update your code accordingly.
2025-08-23 00:20:11 [71,189ms] [Warning] [omni.isaac.sensor.rotating_lidar_physX] omni.isaac.sensor.imu_sensor has been deprecated in favor of isaacsim.sensors.physix.rotating_lidar_physX. Please update your code accordingly.
2025-08-23 00:20:12 [71,416ms] [Warning] [omni.isaac.sensor.scripts.samples.contact_sensor] omni.isaac.sensor.scripts.samples.contact_sensor has been deprecated in favor of isaacsim.sensors.physics.scripts.samples.contact_sensor. Please update your code accordingly.
2025-08-23 00:20:12 [71,463ms] [Warning] [omni.isaac.sensor.scripts.samples.imu_sensor] omni.isaac.sensor.scripts.samples.imu_sensor has been deprecated in favor of isaacsim.sensors.physics.scripts.samples.imu_sensor. Please update your code accordingly.
2025-08-23 00:20:12 [71,494ms] [Warning] [omni.isaac.sensor.scripts.samples.lightbeam_sensor] omni.isaac.sensor.scripts.samples.lightbeam_sensor has been deprecated in favor of isaacsim.sensors.physx.scripts.samples.lightbeam_sensor. Please update your code accordingly.
[71.815s] [ext: omni.isaac.surface_gripper-2.0.2] startup
2025-08-23 00:20:12 [71,567ms] [Warning] [omni.isaac.surface_gripper] omni.isaac.surface_gripper has been deprecated in favor of isaacsim.robot.surface_gripper. Please update your code accordingly.
[71.888s] [ext: omni.kit.manipulator.transform-106.0.1] startup
[72.252s] [ext: omni.isaac.cortex-1.0.2] startup
2025-08-23 00:20:12 [71,955ms] [Warning] [omni.isaac.cortex] omni.isaac.cortex has been deprecated in favor of isaacsim.cortex.framework. Please update your code accordingly.
[72.276s] [ext: omni.kit.widget.toolbar-1.7.3] startup
[72.630s] [ext: omni.isaac.universal_robots-1.0.2] startup
2025-08-23 00:20:12 [72,333ms] [Warning] [omni.isaac.universal_robots] omni.isaac.universal_robots has been deprecated in favor of isaacsim.robot.manipulators.examples.universal_robots. Please update your code accordingly.
2025-08-23 00:20:12 [72,346ms] [Warning] [omni.isaac.universal_robots.kinematics_solver] omni.isaac.franka has been deprecated in favor of isaacsim.robot.manipulators.examples.universal_robots. Please update your code accordingly.
2025-08-23 00:20:12 [72,400ms] [Warning] [omni.isaac.universal_robots.ur10] omni.isaac.franka has been deprecated in favor of isaacsim.robot.manipulators.examples.universal_robots. Please update your code accordingly.
[72.720s] [ext: isaacsim.cortex.behaviors-2.0.3] startup
[72.765s] [ext: omni.kit.manipulator.tool.snap-1.5.12] startup
[72.962s] [ext: omni.kit.manipulator.selector-1.1.1] startup
[73.009s] [ext: omni.isaac.utils-2.0.2] startup
[73.096s] [ext: omni.isaac.cortex.sample_behaviors-2.0.2] startup
2025-08-23 00:20:13 [72,792ms] [Warning] [omni.isaac.cortex.sample_behaviors] omni.isaac.cortex.sample_behaviors has been deprecated in favor of isaacsim.cortex.behaviors. Please update your code accordingly.
[73.113s] [ext: omni.kit.viewport.manipulator.transform-107.0.4] startup
[73.230s] [ext: omni.graph.ui_nodes-1.40.1] startup
[73.328s] [ext: omni.fabric.commands-1.1.5] startup
[73.430s] [ext: omni.kit.manipulator.prim.core-107.0.7] startup
[73.624s] [ext: omni.kit.property.camera-1.0.9] startup
[73.664s] [ext: omni.kit.property.geometry-1.3.3] startup
[73.735s] [ext: omni.kit.property.light-1.0.11] startup
[73.770s] [ext: omni.kit.manipulator.prim.fabric-107.0.4] startup
[73.795s] [ext: omni.kit.manipulator.prim.usd-107.0.3] startup
[73.812s] [ext: omni.kit.property.material-1.10.17] startup
[74.005s] [ext: omni.kit.viewport.actions-107.0.0] startup
[74.057s] [ext: omni.debugdraw-0.1.3] startup
[74.171s] [ext: omni.kit.manipulator.prim-107.0.0] startup
[74.173s] [ext: omni.kit.manipulator.selection-106.0.1] startup
[74.227s] [ext: omni.kit.viewport.menubar.display-107.0.3] startup
[74.284s] [ext: omni.kit.widget.layers-1.8.2] startup
[74.479s] [ext: omni.hydra.scene_api-0.1.2] startup
[74.531s] [ext: omni.kit.property.render-1.1.3] startup
[74.545s] [ext: omni.physx.commands-106.5.7] startup
[74.560s] [ext: omni.usdphysics.ui-106.5.7] startup
[74.690s] [ext: omni.kit.property.transform-1.5.10] startup
[74.723s] [ext: omni.kit.property.audio-1.0.16] startup
[74.754s] [ext: isaacsim.gui.property-1.0.4] startup
[74.772s] [ext: omni.physx.ui-106.5.7] startup
[75.040s] [ext: omni.kit.property.bundle-1.3.2] startup
[75.063s] [ext: omni.kit.property.isaac-1.0.2] startup
2025-08-23 00:20:15 [74,756ms] [Warning] [omni.kit.property.isaac] omni.kit.property.isaac has been deprecated in favor of isaacsim.gui.property. Please update your code accordingly.
2025-08-23 00:20:15 [74,762ms] [Warning] [omni.kit.property.isaac.widgets] omni.kit.property.isaac.widgets has been deprecated in favor of isaacsim.gui.property.widgets. Please update your code accordingly.
[75.082s] [ext: omni.kit.property.physx-106.5.7] startup
[75.650s] [ext: omni.physx.demos-106.5.7] startup
[76.347s] [ext: omni.kit.viewport.menubar.camera-107.0.2] startup
[76.534s] [ext: omni.kit.viewport.menubar.lighting-106.0.2] startup
[76.582s] [ext: omni.kit.viewport.menubar.render-107.0.8] startup
[76.707s] [ext: omni.physx.vehicle-106.5.7] startup
[77.135s] [ext: omni.kit.viewport.menubar.settings-107.0.3] startup
[77.273s] [ext: omni.kit.window.console-0.2.14] startup
[77.333s] [ext: omni.kit.window.toolbar-1.6.2] startup
[77.363s] [ext: omni.physx.camera-106.5.7] startup
[77.530s] [ext: omni.physx.cct-106.5.7] startup
[77.614s] [ext: omni.physx.graph-106.5.7] startup
[77.794s] [ext: omni.physx.supportui-106.5.7] startup
[78.090s] [ext: isaacsim.replicator.writers-1.0.1] startup
[78.393s] [ext: omni.physx.telemetry-106.5.7] startup
[78.415s] [ext: omni.isaac.version-2.0.2] startup
2025-08-23 00:20:18 [78,099ms] [Warning] [omni.isaac.version] omni.isaac.version has been deprecated in favor of isaacsim.core.version. Please update your code accordingly.
[78.420s] [ext: isaacsim.robot.wheeled_robots-4.0.3] startup
[78.512s] [ext: isaacsim.replicator.domain_randomization-1.0.2] startup
[78.560s] [ext: isaacsim.replicator.examples-1.1.2] startup
[78.584s] [ext: omni.kit.window.status_bar-0.1.7] startup
[78.648s] [ext: omni.physx.bundle-106.5.7] startup
[78.649s] [ext: omni.usd.metrics.assembler-106.5.0] startup
[78.726s] [ext: omni.isaac.wheeled_robots-3.0.3] startup
2025-08-23 00:20:18 [78,411ms] [Warning] [omni.isaac.wheeled_robots] omni.isaac.wheeled_robots has been deprecated in favor of isaacsim.robot.wheeled_robots. Please update your code accordingly.
2025-08-23 00:20:19 [78,417ms] [Warning] [omni.isaac.wheeled_robots.controllers] omni.isaac.wheeled_robots has been deprecated in favor of isaacsim.robot.wheeled_robots. Please update your code accordingly.
2025-08-23 00:20:19 [78,419ms] [Warning] [omni.isaac.wheeled_robots.controllers.ackermann_controller] omni.isaac.wheeled_robots has been deprecated in favor of isaacsim.robot.wheeled_robots. Please update your code accordingly.
2025-08-23 00:20:19 [78,424ms] [Warning] [omni.isaac.wheeled_robots.controllers.differential_controller] omni.isaac.wheeled_robots has been deprecated in favor of isaacsim.robot.wheeled_robots. Please update your code accordingly.
2025-08-23 00:20:19 [78,427ms] [Warning] [omni.isaac.wheeled_robots.controllers.holonomic_controller] omni.isaac.wheeled_robots has been deprecated in favor of isaacsim.robot.wheeled_robots. Please update your code accordingly.
2025-08-23 00:20:19 [78,430ms] [Warning] [omni.isaac.wheeled_robots.controllers.quintic_path_planner] omni.isaac.wheeled_robots has been deprecated in favor of isaacsim.robot.wheeled_robots. Please update your code accordingly.
2025-08-23 00:20:19 [78,433ms] [Warning] [omni.isaac.wheeled_robots.controllers.stanley_control] omni.isaac.wheeled_robots has been deprecated in favor of isaacsim.robot.wheeled_robots. Please update your code accordingly.
2025-08-23 00:20:19 [78,436ms] [Warning] [omni.isaac.wheeled_robots.controllers.wheel_base_pose_controller] omni.isaac.wheeled_robots has been deprecated in favor of isaacsim.robot.wheeled_robots. Please update your code accordingly.
2025-08-23 00:20:19 [78,442ms] [Warning] [omni.isaac.wheeled_robots.impl] omni.isaac.wheeled_robots has been deprecated in favor of isaacsim.robot.wheeled_robots. Please update your code accordingly.
2025-08-23 00:20:19 [78,446ms] [Warning] [omni.isaac.wheeled_robots.robots] omni.isaac.wheeled_robots has been deprecated in favor of isaacsim.robot.wheeled_robots. Please update your code accordingly.
2025-08-23 00:20:19 [78,448ms] [Warning] [omni.isaac.wheeled_robots.robots.holonomic_robot_usd_setup] omni.isaac.wheeled_robots has been deprecated in favor of isaacsim.robot.wheeled_robots. Please update your code accordingly.
2025-08-23 00:20:19 [78,453ms] [Warning] [omni.isaac.wheeled_robots.robots.wheeled_robot] omni.isaac.wheeled_robots has been deprecated in favor of isaacsim.robot.wheeled_robots. Please update your code accordingly.
[78.774s] [ext: omni.isaac.franka-1.0.2] startup
2025-08-23 00:20:19 [78,461ms] [Warning] [omni.isaac.franka] omni.isaac.franka has been deprecated in favor of isaacsim.robot.manipulators.examples.franka. Please update your code accordingly.
2025-08-23 00:20:19 [78,464ms] [Warning] [omni.isaac.franka.franka] omni.isaac.franka has been deprecated in favor of isaacsim.robot.manipulators.examples.franka. Please update your code accordingly.
2025-08-23 00:20:19 [78,474ms] [Warning] [omni.isaac.franka.kinematics_solver] omni.isaac.franka has been deprecated in favor of isaacsim.robot.manipulators.examples.franka. Please update your code accordingly.
[78.794s] [ext: omni.replicator.isaac-2.0.3] startup
2025-08-23 00:20:19 [78,480ms] [Warning] [omni.replicator.isaac] omni.replicator.isaac has been deprecated in favor of isaacsim.replicator.domain_randomization, isaacsim.replicator.examples, isaacsim.replicator.writers. Please update your code accordingly.
[78.801s] [ext: omni.replicator.replicator_yaml-2.0.10] startup
[78.832s] [ext: omni.rtx.settings.core-0.6.3] startup
[78.871s] [ext: omni.usd.metrics.assembler.ui-106.5.0] startup
[78.903s] [ext: omni.kit.tool.asset_importer-2.12.3] startup
[78.992s] [ext: isaacsim.app.about-2.0.7] startup
[79.005s] [ext: semantics.schema.editor-0.3.10] startup
[79.030s] [ext: isaacsim.examples.browser-0.1.8] startup
[79.056s] [ext: isaacsim.simulation_app-2.4.2] startup
[79.058s] [ext: semantics.schema.property-1.0.5] startup
[79.073s] [ext: isaacsim.asset.importer.mjcf-2.3.7] startup
[79.222s] [ext: omni.isaac.window.about-2.0.2] startup
2025-08-23 00:20:19 [79,074ms] [Warning] [omni.isaac.window.about] omni.isaac.window.about has been deprecated in favor of isaacsim.app.about. Please update your code accordingly.
2025-08-23 00:20:19 [79,134ms] [Warning] [omni.isaac.window.about.about] omni.isaac.window.about.about has been deprecated in favor of isaacsim.app.about.about. Please update your code accordingly.
[79.454s] [ext: omni.kit.ui.actions-1.0.2] startup
[79.865s] [ext: isaacsim.asset.importer.urdf-2.3.14] startup
[80.273s] [ext: omni.isaac.kit-2.0.3] startup
2025-08-23 00:20:20 [80,018ms] [Warning] [omni.isaac.kit] omni.isaac.kit has been deprecated in favor of isaacsim.simulation_app. Please update your code accordingly.
[80.338s] [ext: omni.isaac.asset_browser-1.0.2] startup
2025-08-23 00:20:20 [80,044ms] [Warning] [omni.isaac.asset_browser] omni.isaac.asset_browser has been deprecated in favor of isaacsim.asset.browser. Please update your code accordingly.
[80.364s] [ext: isaacsim.core.throttling-2.0.2] startup
[80.506s] [ext: omni.flowusd-106.5.2] startup
2025-08-23 00:20:20 [80,356ms] [Warning] [omni.stageupdate.plugin] Deprecated: direct use of IStageUpdate callbacks is deprecated. Use IStageUpdate::getStageUpdate instead.
[80.899s] [ext: omni.kit.menu.common-1.1.9] startup
[80.981s] [ext: isaacsim.exp.base-4.5.0] startup
[80.982s] [ext: omnigibson_4_5_0-1.5.0] startup
[81.010s] Simulation App Starting
2025-08-23 00:20:22 [81,719ms] [Warning] [omni.kvdb.plugin] Disabling key-value database because another kit process is locking it
2025-08-23 00:20:22 [81,773ms] [Warning] [carb.audio.device] audio device is misconfigured or broken {deviceIndex = 0, name = 'default'} (The device is likely misconfigured, check your $HOME/.asoundrc)
2025-08-23 00:20:22 [81,773ms] [Warning] [carb.audio.output] failed to retrieve the capabilities for device 0 {result = eDeviceLost (2)}
2025-08-23 00:20:22 [81,774ms] [Warning] [carb.audio.context] failed to set the requested output during context creation.  Using a null streamer instead {result = eDeviceLost (2)}
[82.234s] app ready
2025-08-23 00:20:23 [82,991ms] [Warning] [rtx.neuraylib.plugin] [IRAY:RENDER]   1.1   IRAY   rend warn : CUDA device 0 (NVIDIA A100-SXM4-80GB): ECC is enabled, this will reduce rendering performance (it is strongly recommended to disable ECC with iray)
2025-08-23 00:20:23 [83,051ms] [Warning] [rtx.scenedb.plugin] SceneDbContext : TLAS limit buffer size 2705217792
2025-08-23 00:20:23 [83,051ms] [Warning] [rtx.scenedb.plugin] SceneDbContext : TLAS limit : valid true, within: false
2025-08-23 00:20:28 [88,079ms] [Warning] [omni.usd-abi.plugin] No setting was found for '/rtx-defaults-transient/meshlights/forceDisable'
2025-08-23 00:20:29 [89,276ms] [Warning] [omni.usd-abi.plugin] No setting was found for '/rtx-defaults/post/dlss/execMode'
2025-08-23 00:23:08 [248,152ms] [Warning] [rtx.postprocessing.plugin] DLSS-RR is not supported in the current build due to some known bugs with this GPU: NVIDIA A100-SXM4-80GB.Note that RTX Real-Time raytracing mode will not be able to denoise the output correctly.
[248.821s] Simulation App Startup Complete
2025-08-23 00:24:23 [323,158ms] [Warning] [carb] Failed to startup plugin carb.windowing-glfw.plugin (interfaces: [carb::windowing::IGLContext v1.0],[carb::windowing::IWindowing v1.5]) (impl: carb.windowing-glfw.plugin)
2025-08-23 00:25:03 [362,927ms] [Warning] [omni.syntheticdata.plugin] OgnSdPostRenderVarToHost : rendervar copy from texture directly to host buffer is counter-performant. Please use copy from texture to device buffer first.
2025-08-23 00:25:03 [362,989ms] [Warning] [omni.fabric.plugin] removePath called on non-existent path /Render/OmniverseKit/HydraTextures/Replicator/PostRender/SDGPipeline/Replicator_GpuInteropEntry 


                   ____________
                  /          / \
                 /          / /__
                /          / /  /\
               /__________/ /__/  \
               \   _____  \ \__\  /
                \  \  / \  \ \_/ /
                 \  \/___\  \   /
                  \__________\_/  
       ___                  _  ____ _ _                     
      / _ \ _ __ ___  _ __ (_)/ ___(_) |__  ___  ___  _ __  
     | | | | '_ ` _ \| '_ \| | |  _| | '_ \/ __|/ _ \| '_ \ 
     | |_| | | | | | | | | | | |_| | | |_) \__ \ (_) | | | |
      \___/|_| |_| |_|_| |_|_|\____|_|_.__/|___/\___/|_| |_|

[INFO] [omnigibson.simulator] ---------- Welcome to OmniGibson! ----------
2025-08-23 00:25:42 [401,417ms] [Warning] [omni.syntheticdata.plugin] SdRenderVarPtr missing valid input renderVar LdrColorSDhost
2025-08-23 00:25:42 [401,489ms] [Warning] [carb] Failed to startup plugin carb.windowing-glfw.plugin (interfaces: [carb::windowing::IGLContext v1.0],[carb::windowing::IWindowing v1.5]) (impl: carb.windowing-glfw.plugin)
[INFO] [omnigibson.simulator] Imported scene 0.
[WARNING] [omnigibson.objects.dataset_object] Category stages not found in average object specs! Defaulting to unit mass or density.
2025-08-23 00:25:44 [404,064ms] [Warning] [omnigibson.objects.dataset_object] Category stages not found in average object specs! Defaulting to unit mass or density.
[WARNING] [omnigibson.prims.material_prim] No compatible material prim class found for material at /World/scene_0/can_1/Looks/Shader1 with asset path gltf/pbr.mdl and sub-identifier gltf_material. Using MaterialPrim as a fallback.
2025-08-23 00:25:55 [414,631ms] [Warning] [omnigibson.prims.material_prim] No compatible material prim class found for material at /World/scene_0/can_1/Looks/Shader1 with asset path gltf/pbr.mdl and sub-identifier gltf_material. Using MaterialPrim as a fallback.
[WARNING] [omnigibson.objects.stateful_object] State ToggledOn is incompatible with obj printer_3. Reason: LinkBasedStateMixin ToggledOn requires meta link with type ['togglebutton'] for obj printer_3 but none was found! To get valid compatible object models, please use omnigibson.utils.asset_utils.get_all_object_category_models_with_abilities(...)
2025-08-23 00:25:58 [417,580ms] [Warning] [omnigibson.objects.stateful_object] State ToggledOn is incompatible with obj printer_3. Reason: LinkBasedStateMixin ToggledOn requires meta link with type ['togglebutton'] for obj printer_3 but none was found! To get valid compatible object models, please use omnigibson.utils.asset_utils.get_all_object_category_models_with_abilities(...)
[WARNING] [omnigibson.objects.dataset_object] Category table not found in average object specs! Defaulting to unit mass or density.
2025-08-23 00:25:58 [417,944ms] [Warning] [omnigibson.objects.dataset_object] Category table not found in average object specs! Defaulting to unit mass or density.
[WARNING] [omnigibson.prims.material_prim] No compatible material prim class found for material at /World/scene_0/table_5/Looks/Ebonized_Oak with asset path gltf/pbr.mdl and sub-identifier gltf_material. Using MaterialPrim as a fallback.
2025-08-23 00:25:58 [418,093ms] [Warning] [omnigibson.prims.material_prim] No compatible material prim class found for material at /World/scene_0/table_5/Looks/Ebonized_Oak with asset path gltf/pbr.mdl and sub-identifier gltf_material. Using MaterialPrim as a fallback.
[WARNING] [omnigibson.objects.dataset_object] Category table not found in average object specs! Defaulting to unit mass or density.
2025-08-23 00:25:59 [418,827ms] [Warning] [omnigibson.objects.dataset_object] Category table not found in average object specs! Defaulting to unit mass or density.
[WARNING] [omnigibson.objects.dataset_object] Category table not found in average object specs! Defaulting to unit mass or density.
2025-08-23 00:26:00 [419,469ms] [Warning] [omnigibson.objects.dataset_object] Category table not found in average object specs! Defaulting to unit mass or density.
[WARNING] [omnigibson.objects.stateful_object] State ContainedParticles is incompatible with obj bathtub_7. Reason: LinkBasedStateMixin ContainedParticles requires meta link with type ['fillable', 'openfillable'] for obj bathtub_7 but none was found! To get valid compatible object models, please use omnigibson.utils.asset_utils.get_all_object_category_models_with_abilities(...)
2025-08-23 00:26:01 [420,563ms] [Warning] [omnigibson.objects.stateful_object] State ContainedParticles is incompatible with obj bathtub_7. Reason: LinkBasedStateMixin ContainedParticles requires meta link with type ['fillable', 'openfillable'] for obj bathtub_7 but none was found! To get valid compatible object models, please use omnigibson.utils.asset_utils.get_all_object_category_models_with_abilities(...)
[WARNING] [omnigibson.objects.stateful_object] State Filled is incompatible with obj bathtub_7. Reason: Missing required dependency state ContainedParticles
2025-08-23 00:26:01 [420,563ms] [Warning] [omnigibson.objects.stateful_object] State Filled is incompatible with obj bathtub_7. Reason: Missing required dependency state ContainedParticles
[WARNING] [omnigibson.objects.stateful_object] State Contains is incompatible with obj bathtub_7. Reason: Missing required dependency state ContainedParticles
2025-08-23 00:26:01 [420,563ms] [Warning] [omnigibson.objects.stateful_object] State Contains is incompatible with obj bathtub_7. Reason: Missing required dependency state ContainedParticles
[WARNING] [omnigibson.prims.material_prim] No compatible material prim class found for material at /World/scene_0/cup_8/Looks/Standard_2 with asset path gltf/pbr.mdl and sub-identifier gltf_material. Using MaterialPrim as a fallback.
2025-08-23 00:26:01 [420,942ms] [Warning] [omnigibson.prims.material_prim] No compatible material prim class found for material at /World/scene_0/cup_8/Looks/Standard_2 with asset path gltf/pbr.mdl and sub-identifier gltf_material. Using MaterialPrim as a fallback.
[WARNING] [omnigibson.objects.dataset_object] Category cup not found in average object specs! Defaulting to unit mass or density.
2025-08-23 00:26:02 [421,604ms] [Warning] [omnigibson.objects.dataset_object] Category cup not found in average object specs! Defaulting to unit mass or density.
[WARNING] [omnigibson.prims.material_prim] No compatible material prim class found for material at /World/scene_0/couch_9/Looks/Shader1 with asset path gltf/pbr.mdl and sub-identifier gltf_material. Using MaterialPrim as a fallback.
2025-08-23 00:26:02 [421,834ms] [Warning] [omnigibson.prims.material_prim] No compatible material prim class found for material at /World/scene_0/couch_9/Looks/Shader1 with asset path gltf/pbr.mdl and sub-identifier gltf_material. Using MaterialPrim as a fallback.
[WARNING] [omnigibson.objects.dataset_object] Category couch not found in average object specs! Defaulting to unit mass or density.
2025-08-23 00:26:02 [422,366ms] [Warning] [omnigibson.objects.dataset_object] Category couch not found in average object specs! Defaulting to unit mass or density.
[WARNING] [omnigibson.objects.dataset_object] Category tv not found in average object specs! Defaulting to unit mass or density.
2025-08-23 00:26:03 [422,710ms] [Warning] [omnigibson.objects.dataset_object] Category tv not found in average object specs! Defaulting to unit mass or density.
[WARNING] [omnigibson.objects.dataset_object] Category tv not found in average object specs! Defaulting to unit mass or density.
2025-08-23 00:26:03 [422,923ms] [Warning] [omnigibson.objects.dataset_object] Category tv not found in average object specs! Defaulting to unit mass or density.
[WARNING] [omnigibson.objects.dataset_object] Category lamp not found in average object specs! Defaulting to unit mass or density.
2025-08-23 00:26:04 [424,085ms] [Warning] [omnigibson.objects.dataset_object] Category lamp not found in average object specs! Defaulting to unit mass or density.
[WARNING] [omnigibson.objects.dataset_object] Category lamp not found in average object specs! Defaulting to unit mass or density.
2025-08-23 00:26:06 [425,453ms] [Warning] [omnigibson.objects.dataset_object] Category lamp not found in average object specs! Defaulting to unit mass or density.
[WARNING] [omnigibson.objects.dataset_object] Category lamp not found in average object specs! Defaulting to unit mass or density.
2025-08-23 00:26:07 [426,841ms] [Warning] [omnigibson.objects.dataset_object] Category lamp not found in average object specs! Defaulting to unit mass or density.
[WARNING] [omnigibson.objects.dataset_object] Category lamp not found in average object specs! Defaulting to unit mass or density.
2025-08-23 00:26:08 [428,226ms] [Warning] [omnigibson.objects.dataset_object] Category lamp not found in average object specs! Defaulting to unit mass or density.
[WARNING] [omnigibson.objects.dataset_object] Category lamp not found in average object specs! Defaulting to unit mass or density.
2025-08-23 00:26:10 [429,620ms] [Warning] [omnigibson.objects.dataset_object] Category lamp not found in average object specs! Defaulting to unit mass or density.
[WARNING] [omnigibson.objects.dataset_object] Category lamp not found in average object specs! Defaulting to unit mass or density.
2025-08-23 00:26:11 [431,075ms] [Warning] [omnigibson.objects.dataset_object] Category lamp not found in average object specs! Defaulting to unit mass or density.
[WARNING] [omnigibson.objects.dataset_object] Category lamp not found in average object specs! Defaulting to unit mass or density.
2025-08-23 00:26:13 [432,583ms] [Warning] [omnigibson.objects.dataset_object] Category lamp not found in average object specs! Defaulting to unit mass or density.
[WARNING] [omnigibson.objects.dataset_object] Category lamp not found in average object specs! Defaulting to unit mass or density.
2025-08-23 00:26:14 [434,047ms] [Warning] [omnigibson.objects.dataset_object] Category lamp not found in average object specs! Defaulting to unit mass or density.
[WARNING] [omnigibson.objects.dataset_object] Category chest not found in average object specs! Defaulting to unit mass or density.
2025-08-23 00:26:15 [434,465ms] [Warning] [omnigibson.objects.dataset_object] Category chest not found in average object specs! Defaulting to unit mass or density.
[WARNING] [omnigibson.objects.dataset_object] Category chest not found in average object specs! Defaulting to unit mass or density.
2025-08-23 00:26:15 [434,562ms] [Warning] [omnigibson.objects.dataset_object] Category chest not found in average object specs! Defaulting to unit mass or density.
[WARNING] [omnigibson.objects.stateful_object] State Open is incompatible with obj door_22. Reason: No relevant joints for Open state found for object door_22
2025-08-23 00:26:15 [434,878ms] [Warning] [omnigibson.objects.stateful_object] State Open is incompatible with obj door_22. Reason: No relevant joints for Open state found for object door_22
[WARNING] [omnigibson.objects.dataset_object] Category clothes_hanger not found in average object specs! Defaulting to unit mass or density.
2025-08-23 00:26:16 [436,246ms] [Warning] [omnigibson.objects.dataset_object] Category clothes_hanger not found in average object specs! Defaulting to unit mass or density.
[WARNING] [omnigibson.prims.material_prim] No compatible material prim class found for material at /World/scene_0/stairs_24/Looks/mig_03___Default with asset path gltf/pbr.mdl and sub-identifier gltf_material. Using MaterialPrim as a fallback.
2025-08-23 00:26:17 [436,592ms] [Warning] [omnigibson.prims.material_prim] No compatible material prim class found for material at /World/scene_0/stairs_24/Looks/mig_03___Default with asset path gltf/pbr.mdl and sub-identifier gltf_material. Using MaterialPrim as a fallback.
[WARNING] [omnigibson.objects.dataset_object] Category kitchen_lower_cabinet not found in average object specs! Defaulting to unit mass or density.
2025-08-23 00:26:18 [437,500ms] [Warning] [omnigibson.objects.dataset_object] Category kitchen_lower_cabinet not found in average object specs! Defaulting to unit mass or density.
[WARNING] [omnigibson.objects.dataset_object] Category table not found in average object specs! Defaulting to unit mass or density.
2025-08-23 00:26:18 [437,597ms] [Warning] [omnigibson.objects.dataset_object] Category table not found in average object specs! Defaulting to unit mass or density.
[WARNING] [omnigibson.objects.dataset_object] Category tv not found in average object specs! Defaulting to unit mass or density.
2025-08-23 00:26:18 [437,810ms] [Warning] [omnigibson.objects.dataset_object] Category tv not found in average object specs! Defaulting to unit mass or density.
[WARNING] [omnigibson.prims.material_prim] No compatible material prim class found for material at /World/scene_0/cup_29/Looks/Shader1 with asset path gltf/pbr.mdl and sub-identifier gltf_material. Using MaterialPrim as a fallback.
2025-08-23 00:26:19 [438,456ms] [Warning] [omnigibson.prims.material_prim] No compatible material prim class found for material at /World/scene_0/cup_29/Looks/Shader1 with asset path gltf/pbr.mdl and sub-identifier gltf_material. Using MaterialPrim as a fallback.
[WARNING] [omnigibson.objects.dataset_object] Category cup not found in average object specs! Defaulting to unit mass or density.
2025-08-23 00:26:20 [439,514ms] [Warning] [omnigibson.objects.dataset_object] Category cup not found in average object specs! Defaulting to unit mass or density.
[WARNING] [omnigibson.objects.dataset_object] Category cup not found in average object specs! Defaulting to unit mass or density.
2025-08-23 00:26:21 [441,032ms] [Warning] [omnigibson.objects.dataset_object] Category cup not found in average object specs! Defaulting to unit mass or density.
[WARNING] [omnigibson.prims.material_prim] No compatible material prim class found for material at /World/scene_0/cup_32/Looks/Glass_Clear with asset path gltf/pbr.mdl and sub-identifier gltf_material. Using MaterialPrim as a fallback.
2025-08-23 00:26:23 [442,533ms] [Warning] [omnigibson.prims.material_prim] No compatible material prim class found for material at /World/scene_0/cup_32/Looks/Glass_Clear with asset path gltf/pbr.mdl and sub-identifier gltf_material. Using MaterialPrim as a fallback.
[WARNING] [omnigibson.objects.dataset_object] Category cup not found in average object specs! Defaulting to unit mass or density.
2025-08-23 00:26:24 [443,616ms] [Warning] [omnigibson.objects.dataset_object] Category cup not found in average object specs! Defaulting to unit mass or density.
[WARNING] [omnigibson.objects.dataset_object] Category seat not found in average object specs! Defaulting to unit mass or density.
2025-08-23 00:26:25 [445,148ms] [Warning] [omnigibson.objects.dataset_object] Category seat not found in average object specs! Defaulting to unit mass or density.
[WARNING] [omnigibson.prims.material_prim] No compatible material prim class found for material at /World/scene_0/cabinet_34/Looks/Material__3 with asset path gltf/pbr.mdl and sub-identifier gltf_material. Using MaterialPrim as a fallback.
2025-08-23 00:26:26 [445,503ms] [Warning] [omnigibson.prims.material_prim] No compatible material prim class found for material at /World/scene_0/cabinet_34/Looks/Material__3 with asset path gltf/pbr.mdl and sub-identifier gltf_material. Using MaterialPrim as a fallback.
[WARNING] [omnigibson.objects.dataset_object] Category cabinet not found in average object specs! Defaulting to unit mass or density.
2025-08-23 00:26:26 [445,549ms] [Warning] [omnigibson.objects.dataset_object] Category cabinet not found in average object specs! Defaulting to unit mass or density.
[WARNING] [omnigibson.prims.material_prim] No compatible material prim class found for material at /World/scene_0/cabinet_35/Looks/Material__3 with asset path gltf/pbr.mdl and sub-identifier gltf_material. Using MaterialPrim as a fallback.
2025-08-23 00:26:26 [445,589ms] [Warning] [omnigibson.prims.material_prim] No compatible material prim class found for material at /World/scene_0/cabinet_35/Looks/Material__3 with asset path gltf/pbr.mdl and sub-identifier gltf_material. Using MaterialPrim as a fallback.
[WARNING] [omnigibson.objects.dataset_object] Category cabinet not found in average object specs! Defaulting to unit mass or density.
2025-08-23 00:26:26 [445,632ms] [Warning] [omnigibson.objects.dataset_object] Category cabinet not found in average object specs! Defaulting to unit mass or density.
[WARNING] [omnigibson.prims.material_prim] No compatible material prim class found for material at /World/scene_0/cabinet_36/Looks/Material__3 with asset path gltf/pbr.mdl and sub-identifier gltf_material. Using MaterialPrim as a fallback.
2025-08-23 00:26:26 [445,671ms] [Warning] [omnigibson.prims.material_prim] No compatible material prim class found for material at /World/scene_0/cabinet_36/Looks/Material__3 with asset path gltf/pbr.mdl and sub-identifier gltf_material. Using MaterialPrim as a fallback.
[WARNING] [omnigibson.objects.dataset_object] Category cabinet not found in average object specs! Defaulting to unit mass or density.
2025-08-23 00:26:26 [445,706ms] [Warning] [omnigibson.objects.dataset_object] Category cabinet not found in average object specs! Defaulting to unit mass or density.
[WARNING] [omnigibson.objects.dataset_object] Category cabinet not found in average object specs! Defaulting to unit mass or density.
2025-08-23 00:26:29 [448,567ms] [Warning] [omnigibson.objects.dataset_object] Category cabinet not found in average object specs! Defaulting to unit mass or density.
[WARNING] [omnigibson.objects.dataset_object] Category cabinet not found in average object specs! Defaulting to unit mass or density.
2025-08-23 00:26:29 [448,647ms] [Warning] [omnigibson.objects.dataset_object] Category cabinet not found in average object specs! Defaulting to unit mass or density.
[WARNING] [omnigibson.objects.dataset_object] Category cabinet not found in average object specs! Defaulting to unit mass or density.
2025-08-23 00:26:29 [448,725ms] [Warning] [omnigibson.objects.dataset_object] Category cabinet not found in average object specs! Defaulting to unit mass or density.
[WARNING] [omnigibson.objects.dataset_object] Category cabinet not found in average object specs! Defaulting to unit mass or density.
2025-08-23 00:26:29 [448,814ms] [Warning] [omnigibson.objects.dataset_object] Category cabinet not found in average object specs! Defaulting to unit mass or density.
[WARNING] [omnigibson.objects.dataset_object] Category cabinet not found in average object specs! Defaulting to unit mass or density.
2025-08-23 00:26:29 [448,895ms] [Warning] [omnigibson.objects.dataset_object] Category cabinet not found in average object specs! Defaulting to unit mass or density.
[WARNING] [omnigibson.objects.stateful_object] State ContainedParticles is incompatible with obj wardrobe_44. Reason: LinkBasedStateMixin ContainedParticles requires meta link with type ['fillable', 'openfillable'] for obj wardrobe_44 but none was found! To get valid compatible object models, please use omnigibson.utils.asset_utils.get_all_object_category_models_with_abilities(...)
2025-08-23 00:26:29 [448,994ms] [Warning] [omnigibson.objects.stateful_object] State ContainedParticles is incompatible with obj wardrobe_44. Reason: LinkBasedStateMixin ContainedParticles requires meta link with type ['fillable', 'openfillable'] for obj wardrobe_44 but none was found! To get valid compatible object models, please use omnigibson.utils.asset_utils.get_all_object_category_models_with_abilities(...)
[WARNING] [omnigibson.objects.stateful_object] State Filled is incompatible with obj wardrobe_44. Reason: Missing required dependency state ContainedParticles
2025-08-23 00:26:29 [448,994ms] [Warning] [omnigibson.objects.stateful_object] State Filled is incompatible with obj wardrobe_44. Reason: Missing required dependency state ContainedParticles
[WARNING] [omnigibson.objects.stateful_object] State Contains is incompatible with obj wardrobe_44. Reason: Missing required dependency state ContainedParticles
2025-08-23 00:26:29 [448,994ms] [Warning] [omnigibson.objects.stateful_object] State Contains is incompatible with obj wardrobe_44. Reason: Missing required dependency state ContainedParticles
[WARNING] [omnigibson.objects.stateful_object] State AttachedTo is incompatible with obj wardrobe_44. Reason: LinkBasedStateMixin AttachedTo requires meta link with type ['attachment'] for obj wardrobe_44 but none was found! To get valid compatible object models, please use omnigibson.utils.asset_utils.get_all_object_category_models_with_abilities(...)
2025-08-23 00:26:29 [448,994ms] [Warning] [omnigibson.objects.stateful_object] State AttachedTo is incompatible with obj wardrobe_44. Reason: LinkBasedStateMixin AttachedTo requires meta link with type ['attachment'] for obj wardrobe_44 but none was found! To get valid compatible object models, please use omnigibson.utils.asset_utils.get_all_object_category_models_with_abilities(...)
[WARNING] [omnigibson.objects.dataset_object] Category washbasin not found in average object specs! Defaulting to unit mass or density.
2025-08-23 00:26:31 [450,807ms] [Warning] [omnigibson.objects.dataset_object] Category washbasin not found in average object specs! Defaulting to unit mass or density.
[ERROR] [__main__] couch hssd88c69eb16145fa25df00eb158f7490af690c9442 negative scale detected: tensor([-0.9999,  0.9996,  0.9999])
2025-08-23 00:26:31 [450,922ms] [Error] [__main__] couch hssd88c69eb16145fa25df00eb158f7490af690c9442 negative scale detected: tensor([-0.9999,  0.9996,  0.9999])
[WARNING] [omnigibson.objects.dataset_object] Category couch not found in average object specs! Defaulting to unit mass or density.
2025-08-23 00:26:33 [452,486ms] [Warning] [omnigibson.objects.dataset_object] Category couch not found in average object specs! Defaulting to unit mass or density.
[WARNING] [omnigibson.objects.dataset_object] Category seat not found in average object specs! Defaulting to unit mass or density.
2025-08-23 00:26:34 [453,989ms] [Warning] [omnigibson.objects.dataset_object] Category seat not found in average object specs! Defaulting to unit mass or density.
[WARNING] [omnigibson.objects.dataset_object] Category computer not found in average object specs! Defaulting to unit mass or density.
2025-08-23 00:26:35 [454,737ms] [Warning] [omnigibson.objects.dataset_object] Category computer not found in average object specs! Defaulting to unit mass or density.
[ERROR] [__main__] toilet hssd68a6193e3b67cedefb14ab590fc748bcc7955c5d negative scale detected: tensor([-0.9997,  1.0002,  1.0002])
2025-08-23 00:26:35 [454,848ms] [Error] [__main__] toilet hssd68a6193e3b67cedefb14ab590fc748bcc7955c5d negative scale detected: tensor([-0.9997,  1.0002,  1.0002])
[WARNING] [omnigibson.objects.dataset_object] Category boiler not found in average object specs! Defaulting to unit mass or density.
2025-08-23 00:26:36 [455,462ms] [Warning] [omnigibson.objects.dataset_object] Category boiler not found in average object specs! Defaulting to unit mass or density.
[WARNING] [omnigibson.objects.dataset_object] Category boiler not found in average object specs! Defaulting to unit mass or density.
2025-08-23 00:26:36 [455,546ms] [Warning] [omnigibson.objects.dataset_object] Category boiler not found in average object specs! Defaulting to unit mass or density.
[WARNING] [omnigibson.objects.dataset_object] Category lamp not found in average object specs! Defaulting to unit mass or density.
2025-08-23 00:26:36 [455,703ms] [Warning] [omnigibson.objects.dataset_object] Category lamp not found in average object specs! Defaulting to unit mass or density.
[WARNING] [omnigibson.objects.dataset_object] Category lamp not found in average object specs! Defaulting to unit mass or density.
2025-08-23 00:26:36 [455,910ms] [Warning] [omnigibson.objects.dataset_object] Category lamp not found in average object specs! Defaulting to unit mass or density.
[WARNING] [omnigibson.objects.stateful_object] State ContainedParticles is incompatible with obj wardrobe_55. Reason: LinkBasedStateMixin ContainedParticles requires meta link with type ['fillable', 'openfillable'] for obj wardrobe_55 but none was found! To get valid compatible object models, please use omnigibson.utils.asset_utils.get_all_object_category_models_with_abilities(...)
2025-08-23 00:26:36 [456,040ms] [Warning] [omnigibson.objects.stateful_object] State ContainedParticles is incompatible with obj wardrobe_55. Reason: LinkBasedStateMixin ContainedParticles requires meta link with type ['fillable', 'openfillable'] for obj wardrobe_55 but none was found! To get valid compatible object models, please use omnigibson.utils.asset_utils.get_all_object_category_models_with_abilities(...)
[WARNING] [omnigibson.objects.stateful_object] State Filled is incompatible with obj wardrobe_55. Reason: Missing required dependency state ContainedParticles
2025-08-23 00:26:36 [456,040ms] [Warning] [omnigibson.objects.stateful_object] State Filled is incompatible with obj wardrobe_55. Reason: Missing required dependency state ContainedParticles
[WARNING] [omnigibson.objects.stateful_object] State Contains is incompatible with obj wardrobe_55. Reason: Missing required dependency state ContainedParticles
2025-08-23 00:26:36 [456,040ms] [Warning] [omnigibson.objects.stateful_object] State Contains is incompatible with obj wardrobe_55. Reason: Missing required dependency state ContainedParticles
[WARNING] [omnigibson.objects.stateful_object] State AttachedTo is incompatible with obj wardrobe_55. Reason: LinkBasedStateMixin AttachedTo requires meta link with type ['attachment'] for obj wardrobe_55 but none was found! To get valid compatible object models, please use omnigibson.utils.asset_utils.get_all_object_category_models_with_abilities(...)
2025-08-23 00:26:36 [456,040ms] [Warning] [omnigibson.objects.stateful_object] State AttachedTo is incompatible with obj wardrobe_55. Reason: LinkBasedStateMixin AttachedTo requires meta link with type ['attachment'] for obj wardrobe_55 but none was found! To get valid compatible object models, please use omnigibson.utils.asset_utils.get_all_object_category_models_with_abilities(...)
[WARNING] [omnigibson.prims.material_prim] No compatible material prim class found for material at /World/scene_0/bottle_56/Looks/Shader1 with asset path gltf/pbr.mdl and sub-identifier gltf_material. Using MaterialPrim as a fallback.
2025-08-23 00:26:36 [456,108ms] [Warning] [omnigibson.prims.material_prim] No compatible material prim class found for material at /World/scene_0/bottle_56/Looks/Shader1 with asset path gltf/pbr.mdl and sub-identifier gltf_material. Using MaterialPrim as a fallback.
[WARNING] [omnigibson.objects.dataset_object] Category bottle not found in average object specs! Defaulting to unit mass or density.
2025-08-23 00:26:36 [456,201ms] [Warning] [omnigibson.objects.dataset_object] Category bottle not found in average object specs! Defaulting to unit mass or density.
[WARNING] [omnigibson.objects.stateful_object] State Open is incompatible with obj microwave_57. Reason: No relevant joints for Open state found for object microwave_57
2025-08-23 00:26:36 [456,315ms] [Warning] [omnigibson.objects.stateful_object] State Open is incompatible with obj microwave_57. Reason: No relevant joints for Open state found for object microwave_57
[WARNING] [omnigibson.objects.stateful_object] State ToggledOn is incompatible with obj microwave_57. Reason: LinkBasedStateMixin ToggledOn requires meta link with type ['togglebutton'] for obj microwave_57 but none was found! To get valid compatible object models, please use omnigibson.utils.asset_utils.get_all_object_category_models_with_abilities(...)
2025-08-23 00:26:36 [456,316ms] [Warning] [omnigibson.objects.stateful_object] State ToggledOn is incompatible with obj microwave_57. Reason: LinkBasedStateMixin ToggledOn requires meta link with type ['togglebutton'] for obj microwave_57 but none was found! To get valid compatible object models, please use omnigibson.utils.asset_utils.get_all_object_category_models_with_abilities(...)
[WARNING] [omnigibson.objects.stateful_object] State HeatSourceOrSink is incompatible with obj microwave_57. Reason: HeatSourceOrSink has requires_toggled_on but obj has no ToggledOn state!
2025-08-23 00:26:36 [456,316ms] [Warning] [omnigibson.objects.stateful_object] State HeatSourceOrSink is incompatible with obj microwave_57. Reason: HeatSourceOrSink has requires_toggled_on but obj has no ToggledOn state!
[WARNING] [omnigibson.objects.stateful_object] State ContainedParticles is incompatible with obj microwave_57. Reason: LinkBasedStateMixin ContainedParticles requires meta link with type ['fillable', 'openfillable'] for obj microwave_57 but none was found! To get valid compatible object models, please use omnigibson.utils.asset_utils.get_all_object_category_models_with_abilities(...)
2025-08-23 00:26:36 [456,317ms] [Warning] [omnigibson.objects.stateful_object] State ContainedParticles is incompatible with obj microwave_57. Reason: LinkBasedStateMixin ContainedParticles requires meta link with type ['fillable', 'openfillable'] for obj microwave_57 but none was found! To get valid compatible object models, please use omnigibson.utils.asset_utils.get_all_object_category_models_with_abilities(...)
[WARNING] [omnigibson.objects.stateful_object] State Filled is incompatible with obj microwave_57. Reason: Missing required dependency state ContainedParticles
2025-08-23 00:26:36 [456,317ms] [Warning] [omnigibson.objects.stateful_object] State Filled is incompatible with obj microwave_57. Reason: Missing required dependency state ContainedParticles
[WARNING] [omnigibson.objects.stateful_object] State Contains is incompatible with obj microwave_57. Reason: Missing required dependency state ContainedParticles
2025-08-23 00:26:36 [456,317ms] [Warning] [omnigibson.objects.stateful_object] State Contains is incompatible with obj microwave_57. Reason: Missing required dependency state ContainedParticles
[WARNING] [omnigibson.objects.dataset_object] Category lamp not found in average object specs! Defaulting to unit mass or density.
2025-08-23 00:26:37 [457,414ms] [Warning] [omnigibson.objects.dataset_object] Category lamp not found in average object specs! Defaulting to unit mass or density.
[WARNING] [omnigibson.objects.dataset_object] Category cabinet not found in average object specs! Defaulting to unit mass or density.
2025-08-23 00:26:38 [458,161ms] [Warning] [omnigibson.objects.dataset_object] Category cabinet not found in average object specs! Defaulting to unit mass or density.
[WARNING] [omnigibson.objects.dataset_object] Category cabinet not found in average object specs! Defaulting to unit mass or density.
2025-08-23 00:26:38 [458,345ms] [Warning] [omnigibson.objects.dataset_object] Category cabinet not found in average object specs! Defaulting to unit mass or density.
[WARNING] [omnigibson.objects.dataset_object] Category cabinet not found in average object specs! Defaulting to unit mass or density.
2025-08-23 00:26:39 [458,424ms] [Warning] [omnigibson.objects.dataset_object] Category cabinet not found in average object specs! Defaulting to unit mass or density.
[WARNING] [omnigibson.objects.dataset_object] Category cabinet not found in average object specs! Defaulting to unit mass or density.
2025-08-23 00:26:39 [458,500ms] [Warning] [omnigibson.objects.dataset_object] Category cabinet not found in average object specs! Defaulting to unit mass or density.
[WARNING] [omnigibson.objects.dataset_object] Category dresser not found in average object specs! Defaulting to unit mass or density.
2025-08-23 00:26:39 [458,933ms] [Warning] [omnigibson.objects.dataset_object] Category dresser not found in average object specs! Defaulting to unit mass or density.
100%|| 1/1 [08:12<00:00, 492.47s/it]100%|| 1/1 [08:12<00:00, 492.47s/it]
2025-08-23 00:27:11 [491,195ms] [Warning] [carb] Failed to startup plugin carb.windowing-glfw.plugin (interfaces: [carb::windowing::IGLContext v1.0],[carb::windowing::IWindowing v1.5]) (impl: carb.windowing-glfw.plugin)
2025-08-23 00:27:13 [492,544ms] [Warning] [carb] Plugin interface for a client: omni.hydratexture.plugin was already released.
[493.060s] Simulation App Shutting Down
