/home/cgokmen/miniconda3/envs/behavior/bin/python: No module named omnigibson.examples.scenes.import_hssd_scenes
/home/cgokmen/miniconda3/envs/behavior/bin/python: No module named omnigibson.examples.scenes.import_hssd_scenes
/home/cgokmen/miniconda3/envs/behavior/bin/python: No module named omnigibson.examples.scenes.import_hssd_scenes
/home/cgokmen/miniconda3/envs/behavior/bin/python: No module named omnigibson.examples.scenes.import_hssd_scenes
/home/cgokmen/miniconda3/envs/behavior/bin/python: No module named omnigibson.examples.scenes.import_hssd_scenes
/home/cgokmen/miniconda3/envs/behavior/bin/python: No module named omnigibson.examples.scenes.import_hssd_scenes
/home/cgokmen/miniconda3/envs/behavior/bin/python: No module named omnigibson.examples.scenes.import_hssd_scenes
/home/cgokmen/miniconda3/envs/behavior/bin/python: No module named omnigibson.examples.scenes.import_hssd_scenes
/home/cgokmen/miniconda3/envs/behavior/bin/python: No module named omnigibson.examples.scenes.import_hssd_scenes
/home/cgokmen/miniconda3/envs/behavior/bin/python: No module named omnigibson.examples.scenes.import_hssd_scenes
/home/cgokmen/miniconda3/envs/behavior/bin/python: No module named omnigibson.examples.scenes.import_hssd_scenes
/home/cgokmen/miniconda3/envs/behavior/bin/python: No module named omnigibson.examples.scenes.import_hssd_scenes
/home/cgokmen/miniconda3/envs/behavior/bin/python: No module named omnigibson.examples.scenes.import_hssd_scenes
/home/cgokmen/miniconda3/envs/behavior/bin/python: No module named omnigibson.examples.scenes.import_hssd_scenes
/home/cgokmen/miniconda3/envs/behavior/bin/python: No module named omnigibson.examples.scenes.import_hssd_scenes
/home/cgokmen/miniconda3/envs/behavior/bin/python: No module named omnigibson.examples.scenes.import_hssd_scenes
/home/cgokmen/miniconda3/envs/behavior/bin/python: No module named omnigibson.examples.scenes.import_hssd_scenes
/home/cgokmen/miniconda3/envs/behavior/bin/python: No module named omnigibson.examples.scenes.import_hssd_scenes
/home/cgokmen/miniconda3/envs/behavior/bin/python: No module named omnigibson.examples.scenes.import_hssd_scenes
/home/cgokmen/miniconda3/envs/behavior/bin/python: No module named omnigibson.examples.scenes.import_hssd_scenes
/home/cgokmen/miniconda3/envs/behavior/bin/python: No module named omnigibson.examples.scenes.import_hssd_scenes
/home/cgokmen/miniconda3/envs/behavior/bin/python: No module named omnigibson.examples.scenes.import_hssd_scenes
/home/cgokmen/miniconda3/envs/behavior/bin/python: No module named omnigibson.examples.scenes.import_hssd_scenes
/home/cgokmen/miniconda3/envs/behavior/bin/python: No module named omnigibson.examples.scenes.import_hssd_scenes
/home/cgokmen/miniconda3/envs/behavior/bin/python: No module named omnigibson.examples.scenes.import_hssd_scenes
  0%|          | 0/1 [00:00<?, ?it/s][INFO] [omnigibson.simulator] ----- Starting OmniGibson. This will take 10-30 seconds... -----
Starting kit application with the following args:  ['/opt/hpcaas/.mounts/fs-0565f60d669b6a2d3/home/cgokmen/miniconda3/envs/behavior/lib/python3.10/site-packages/isaacsim/exts/isaacsim.simulation_app/isaacsim/simulation_app/simulation_app.py', '/opt/hpcaas/.mounts/fs-0565f60d669b6a2d3/home/cgokmen/miniconda3/envs/behavior/lib/python3.10/site-packages/isaacsim/apps/omnigibson_4_5_0.kit', '--/app/tokens/exe-path=/opt/hpcaas/.mounts/fs-0565f60d669b6a2d3/home/cgokmen/miniconda3/envs/behavior/lib/python3.10/site-packages/omni', '--/persistent/app/viewport/displayOptions=3094', '--/rtx/materialDb/syncLoads=True', '--/rtx/hydra/materialSyncLoads=True', '--/omni.kit.plugin/syncUsdLoads=True', '--/app/renderer/resolution/width=1280', '--/app/renderer/resolution/height=720', '--/app/window/width=1440', '--/app/window/height=900', '--/renderer/multiGpu/enabled=False', '--/app/fastShutdown=True', '--/app/installSignalHandlers=0', '--ext-folder', '/opt/hpcaas/.mounts/fs-0565f60d669b6a2d3/home/cgokmen/miniconda3/envs/behavior/lib/python3.10/site-packages/isaacsim/exts', '--ext-folder', '/opt/hpcaas/.mounts/fs-0565f60d669b6a2d3/home/cgokmen/miniconda3/envs/behavior/lib/python3.10/site-packages/isaacsim/apps', '--/physics/cudaDevice=0', '--portable', '--no-window', '--/app/window/hideUi=1']
Passing the following args to the base kit application:  ['134', '168']
[Info] [carb] Logging to file: /opt/hpcaas/.mounts/fs-0565f60d669b6a2d3/home/cgokmen/miniconda3/envs/behavior/lib/python3.10/site-packages/omni/logs/Kit/OmniGibson/3.7/kit_20250823_001919.log
2025-08-23 00:19:19 [0ms] [Warning] [omni.kit.app.plugin] No crash reporter present, dumps uploading isn't available.
[7.243s] [ext: omni.kit.async_engine-0.0.1] startup
[DEBUG] [asyncio] Using selector: EpollSelector
[40.299s] [ext: omni.metrics.core-0.0.1] startup
[40.312s] [ext: omni.client.lib-1.0.0] startup
[41.276s] [ext: omni.blobkey-1.1.2] startup
[41.294s] [ext: omni.stats-1.0.1] startup
[41.317s] [ext: omni.datastore-0.0.0] startup
[41.628s] [ext: omni.client-1.2.2] startup
[41.915s] [ext: omni.ujitso.default-1.0.0] startup
[41.944s] [ext: omni.hsscclient-1.1.1] startup
2025-08-23 00:20:01 [41,497ms] [Warning] [omni.datastore] OmniHub is inaccessible
2025-08-23 00:20:01 [42,254ms] [Error] [omni.datastore] Failed to acquire exclusive lock to data store (64>=64)
2025-08-23 00:20:01 [42,254ms] [Error] [omni.datastore] Failed to create local file data store at '/opt/hpcaas/.mounts/fs-0565f60d669b6a2d3/home/cgokmen/miniconda3/envs/behavior/lib/python3.10/site-packages/omni/cache/DerivedDataCache'
[42.766s] [ext: omni.gpu_foundation.shadercache.vulkan-1.0.0] startup
[42.811s] [ext: omni.assets.plugins-0.0.0] startup
[42.858s] [ext: omni.gpu_foundation-0.0.0] startup
[43.179s] [ext: carb.windowing.plugins-1.0.0] startup
2025-08-23 00:20:02 [42,737ms] [Warning] [carb.windowing-glfw.plugin] GLFW initialization failed.
2025-08-23 00:20:02 [42,737ms] [Warning] [carb] Failed to startup plugin carb.windowing-glfw.plugin (interfaces: [carb::windowing::IGLContext v1.0],[carb::windowing::IWindowing v1.5]) (impl: carb.windowing-glfw.plugin)
[43.213s] [ext: omni.kit.renderer.init-0.0.0] startup
2025-08-23 00:20:02 [42,836ms] [Warning] [omni.platforminfo.plugin] failed to open the default display.  Can't verify X Server version.
2025-08-23 00:20:02 [43,131ms] [Warning] [gpu.foundation.plugin] [ShaderCache]: 95 percent of the driver's shadercache size limit has been reached. Max size: 4000.00 MB, Currently used: 3926.30 MB. To avoid a persistent long startup or USD load time on every app launch, recommended to free space by deleting driver caches using one of the following methods:
- By running the app with --/renderer/shadercache/driverDiskCache/flush=true (only once).
- Or by manually deleting the following folders: '%LOCALAPPDATA%/NVIDIA/DXCache/Omniverse' (Windows-DX) or '$omni_cache/shaders/nv_shadercache' (Windows-Vulkan, Linux-Vulkan).
Driver caches will be re-generated which may take a few minutes on the next launch.
2025-08-23 00:20:08 [49,001ms] [Warning] [carb.cudainterop.plugin] CUDA_VISIBLE_DEVICES environment variable is set.
2025-08-23 00:20:08 [49,001ms] [Warning] [carb.cudainterop.plugin] Note CUDA device enumeration and Omniverse device enumeration are different.
2025-08-23 00:20:08 [49,001ms] [Warning] [carb.cudainterop.plugin] Setting CUDA_VISIBLE_DEVICES can lead to undesired behavior or crashes.

|---------------------------------------------------------------------------------------------|
| Driver Version: 570.172.08    | Graphics API: Vulkan
|=============================================================================================|
| GPU | Name                             | Active | LDA | GPU Memory | Vendor-ID | LUID       |
|     |                                  |        |     |            | Device-ID | UUID       |
|     |                                  |        |     |            | Bus-ID    |            |
|---------------------------------------------------------------------------------------------|
| 0   | NVIDIA A100-SXM4-80GB            | Yes: 0 |     | 147446  MB | 10de      | 0          |
|     |                                  |        |     |            | 20b2      | 46da172e.. |
|     |                                  |        |     |            | 10        |            |
|=============================================================================================|
| OS: 22.04.5 LTS (Jammy Jellyfish) ubuntu, Version: 22.04.5, Kernel: 6.8.0-1033-aws
| Processor: Intel(R) Xeon(R) Platinum 8275CL CPU @ 3.00GHz
| Cores: 48 | Logical Cores: 96
|---------------------------------------------------------------------------------------------|
| Total Memory (MB): 1148721 | Free Memory: 1062961
| Total Page/Swap (MB): 0 | Free Page/Swap: 0
|---------------------------------------------------------------------------------------------|
2025-08-23 00:20:11 [51,859ms] [Warning] [gpu.foundation.plugin] ECC is enabled on physical device 0
[54.081s] [ext: omni.kit.pipapi-0.0.0] startup
[54.086s] [ext: omni.kit.pip_archive-0.0.0] startup
[54.087s] [ext: omni.services.pip_archive-0.13.11] startup
[54.094s] [ext: omni.materialx.libs-1.0.6] startup
[54.235s] [ext: omni.kit.telemetry-0.5.1] startup
[54.382s] [ext: omni.kit.loop-isaac-1.2.1] startup
[54.449s] [ext: omni.kit.test-1.1.2] startup
[55.690s] [ext: omni.usd.config-1.0.5] startup
[56.704s] [ext: omni.gpucompute.plugins-0.0.0] startup
[56.751s] [ext: omni.usd.libs-1.0.1] startup
[58.567s] [ext: omni.mdl-55.0.1] startup
[58.733s] [ext: omni.iray.libs-0.0.0] startup
[59.378s] [ext: omni.mdl.neuraylib-0.2.10] startup
[59.516s] [ext: omni.kit.usd.mdl-1.0.7] startup
[61.187s] [ext: omni.pip.compute-1.4.5] startup
[61.212s] [ext: omni.appwindow-1.1.9] startup
2025-08-23 00:20:20 [60,766ms] [Warning] [carb.windowing-glfw.plugin] GLFW initialization failed.
2025-08-23 00:20:20 [60,766ms] [Warning] [carb] Failed to startup plugin carb.windowing-glfw.plugin (interfaces: [carb::windowing::IGLContext v1.0],[carb::windowing::IWindowing v1.5]) (impl: carb.windowing-glfw.plugin)
[61.268s] [ext: omni.kit.renderer.core-1.0.2] startup
2025-08-23 00:20:20 [61,069ms] [Warning] [carb.windowing-glfw.plugin] GLFW initialization failed.
2025-08-23 00:20:20 [61,069ms] [Warning] [carb] Failed to startup plugin carb.windowing-glfw.plugin (interfaces: [carb::windowing::IGLContext v1.0],[carb::windowing::IWindowing v1.5]) (impl: carb.windowing-glfw.plugin)
2025-08-23 00:20:20 [61,108ms] [Warning] [carb.windowing-glfw.plugin] GLFW initialization failed.
2025-08-23 00:20:20 [61,108ms] [Warning] [carb] Failed to startup plugin carb.windowing-glfw.plugin (interfaces: [carb::windowing::IGLContext v1.0],[carb::windowing::IWindowing v1.5]) (impl: carb.windowing-glfw.plugin)
[61.620s] [ext: omni.kit.renderer.capture-0.0.0] startup
[62.243s] [ext: omni.kit.renderer.imgui-1.0.2] startup
2025-08-23 00:20:21 [62,240ms] [Warning] [carb.windowing-glfw.plugin] GLFW initialization failed.
2025-08-23 00:20:21 [62,240ms] [Warning] [carb] Failed to startup plugin carb.windowing-glfw.plugin (interfaces: [carb::windowing::IGLContext v1.0],[carb::windowing::IWindowing v1.5]) (impl: carb.windowing-glfw.plugin)
2025-08-23 00:20:21 [62,244ms] [Warning] [carb.windowing-glfw.plugin] GLFW initialization failed.
2025-08-23 00:20:21 [62,244ms] [Warning] [carb] Failed to startup plugin carb.windowing-glfw.plugin (interfaces: [carb::windowing::IGLContext v1.0],[carb::windowing::IWindowing v1.5]) (impl: carb.windowing-glfw.plugin)
2025-08-23 00:20:21 [62,246ms] [Warning] [carb.windowing-glfw.plugin] GLFW initialization failed.
2025-08-23 00:20:21 [62,246ms] [Warning] [carb] Failed to startup plugin carb.windowing-glfw.plugin (interfaces: [carb::windowing::IGLContext v1.0],[carb::windowing::IWindowing v1.5]) (impl: carb.windowing-glfw.plugin)
[64.594s] [ext: omni.ui-2.26.5] startup
[64.866s] [ext: omni.kit.mainwindow-1.0.3] startup
[64.970s] [ext: carb.audio-0.1.0] startup
[65.023s] [ext: omni.uiaudio-1.0.0] startup
[65.091s] [ext: omni.kit.uiapp-0.0.0] startup
[65.091s] [ext: omni.usd.schema.metrics.assembler-106.5.0] startup
[65.812s] [ext: omni.usd.schema.omniscripting-1.0.0] startup
[66.004s] [ext: omni.usd.schema.physx-106.5.7] startup
[66.373s] [ext: omni.usd.schema.audio-0.0.0] startup
[66.486s] [ext: omni.usd.schema.omnigraph-1.0.0] startup
[66.649s] [ext: omni.usd.schema.anim-0.0.0] startup
[67.098s] [ext: omni.usd.schema.semantics-0.0.0] startup
[67.185s] [ext: omni.usd.schema.geospatial-0.0.0] startup
[67.247s] [ext: omni.kit.window.popup_dialog-2.0.24] startup
[67.397s] [ext: omni.resourcemonitor-107.0.0] startup
[67.592s] [ext: omni.activity.core-1.0.1] startup
[67.656s] [ext: omni.timeline-1.0.11] startup
[67.744s] [ext: omni.usd_resolver-1.0.0] startup
[67.927s] [ext: omni.kit.widget.nucleus_connector-1.1.10] startup
[68.016s] [ext: usdrt.scenegraph-7.5.1] startup
[68.905s] [ext: omni.usd.core-1.4.2] startup
[68.946s] [ext: omni.kit.usd_undo-0.1.8] startup
[69.012s] [ext: omni.graph.exec-0.9.4] startup
[69.114s] [ext: omni.kit.actions.core-1.0.0] startup
[69.282s] [ext: omni.kit.audiodeviceenum-1.0.1] startup
[69.424s] [ext: omni.kit.exec.core-0.13.4] startup
[69.876s] [ext: omni.kit.commands-1.4.9] startup
[70.192s] [ext: omni.hydra.usdrt_delegate-7.5.1] startup
[70.926s] [ext: omni.hydra.scene_delegate-0.3.3] startup
[71.042s] [ext: omni.usd-1.12.4] startup
[76.542s] [ext: omni.kit.asset_converter-2.8.5] startup
[76.977s] [ext: isaacsim.robot.schema-3.1.2] startup
[77.750s] [ext: omni.pip.cloud-1.1.7] startup
[77.852s] [ext: omni.usd.schema.isaac-3.0.2] startup
[77.852s] [ext: omni.usd.schema.flow-107.0.0] startup
[77.933s] [ext: omni.inspect-1.0.1] startup
[78.036s] [ext: omni.kit.notification_manager-1.0.9] startup
[78.224s] [ext: omni.graph.core-2.181.8] startup
[78.721s] [ext: isaacsim.core.deprecation_manager-0.2.2] startup
[78.889s] [ext: omni.usd.schema.forcefield-106.5.7] startup
[79.004s] [ext: omni.kit.menu.core-1.1.2] startup
[79.037s] [ext: omni.kit.clipboard-1.0.5] startup
[79.118s] [ext: omni.kit.widget.context_menu-1.2.4] startup
[79.271s] [ext: omni.kit.widget.options_menu-1.1.6] startup
[79.601s] [ext: omni.kit.helper.file_utils-0.1.9] startup
[79.690s] [ext: omni.kit.widget.path_field-2.0.11] startup
[79.878s] [ext: omni.kit.property.adapter.core-1.0.2] startup
[80.584s] [ext: omni.kit.widget.options_button-1.0.3] startup
[80.857s] [ext: omni.kit.widget.filebrowser-2.10.52] startup
[81.086s] [ext: omni.kit.widget.browser_bar-2.0.10] startup
[81.123s] [ext: omni.kit.property.adapter.fabric-1.0.3] startup
[81.198s] [ext: omni.ui.scene-1.11.2] startup
[81.270s] [ext: omni.kit.numpy.common-0.1.2] startup
[81.426s] [ext: omni.kit.window.filepicker-2.11.7] startup
[82.656s] [ext: omni.kit.usd.layers-2.2.0] startup
[82.867s] [ext: omni.hydra.rtx.shadercache.vulkan-1.0.0] startup
[83.020s] [ext: omni.kit.window.file_importer-1.1.14] startup
[83.102s] [ext: omni.kit.menu.utils-1.7.7] startup
[83.350s] [ext: omni.kit.context_menu-1.8.3] startup
[83.468s] [ext: omni.ujitso.processor.texture-1.0.0] startup
[83.574s] [ext: omni.index.libs-380600.1777.0] startup
[83.575s] [ext: omni.volume-0.5.0] startup
[83.775s] [ext: omni.ujitso.client-0.0.0] startup
[83.854s] [ext: omni.index-1.0.1] startup
[83.884s] [ext: omni.kit.hotkeys.core-1.3.10] startup
[83.886s] [ext: omni.hydra.rtx-1.0.0] startup
2025-08-23 00:20:43 [83,515ms] [Warning] [omni.log] Source: omni.hydra was already registered.
[84.464s] [ext: omni.kit.material.library-1.5.15] startup
[84.609s] [ext: omni.convexdecomposition-106.5.7] startup
[84.775s] [ext: omni.kit.viewport.legacy_gizmos-1.0.16] startup
[84.849s] [ext: omni.kit.raycast.query-1.0.5] startup
[84.972s] [ext: omni.hydra.engine.stats-1.0.3] startup
[85.035s] [ext: omni.kvdb-106.5.7] startup
[85.258s] [ext: omni.usdphysics-106.5.7] startup
[85.322s] [ext: omni.physx.foundation-106.5.7] startup
[85.452s] [ext: omni.localcache-106.5.7] startup
[85.582s] [ext: isaacsim.core.version-2.0.2] startup
[85.635s] [ext: omni.physx.cooking-106.5.7] startup
[85.771s] [ext: omni.kit.viewport.scene_camera_model-1.0.5] startup
[85.823s] [ext: omni.kit.hydra_texture-1.4.0] startup
[85.928s] [ext: omni.physx-106.5.7] startup
[86.150s] [ext: omni.kit.window.drop_support-1.0.4] startup
[86.195s] [ext: omni.kit.widget.viewport-107.0.7] startup
[86.483s] [ext: omni.kit.viewport.registry-104.0.6] startup
[86.529s] [ext: omni.physx.stageupdate-106.5.7] startup
[86.804s] [ext: omni.kit.viewport.window-107.0.8] startup
[87.121s] [ext: isaacsim.storage.native-1.0.6] startup
[87.183s] [ext: omni.isaac.dynamic_control-1.3.16] startup
2025-08-23 00:20:46 [86,920ms] [Warning] [omni.isaac.dynamic_control] omni.isaac.dynamic_control is deprecated as of Isaac Sim 4.5. No action is needed from end-users.
[87.404s] [ext: omni.warp.core-1.5.0] startup
[87.871s] [ext: omni.kit.widget.searchfield-1.1.8] startup
[87.976s] [ext: omni.kit.window.file_exporter-1.0.31] startup
[88.094s] [ext: omni.kit.widget.filter-1.1.4] startup
[88.146s] [ext: isaacsim.core.utils-2.2.8] startup
[88.301s] [ext: omni.kit.stage_template.core-1.1.22] startup
[88.407s] [ext: omni.kit.widget.stage-2.11.6] startup
[88.934s] [ext: omni.kit.widget.stage_icons-1.0.6] startup
[88.994s] [ext: omni.kit.window.file-1.3.57] startup
[89.216s] [ext: omni.kit.window.content_browser_registry-0.0.6] startup
[89.290s] [ext: omni.kit.widget.searchable_combobox-1.0.6] startup
[89.443s] [ext: omni.kit.window.stage-2.5.11] startup
[89.737s] [ext: omni.kit.window.content_browser-2.10.3] startup
[89.992s] [ext: omni.kit.usd.collect-2.2.22] startup
[90.090s] [ext: omni.kit.widget.settings-1.2.2] startup
[90.164s] [ext: omni.kit.menu.stage-1.2.5] startup
[90.240s] [ext: omni.kit.widget.prompt-1.0.7] startup
[90.320s] [ext: omni.kit.window.preferences-1.7.0] startup
[90.748s] [ext: omni.kit.viewport.utility-1.0.18] startup
[90.807s] [ext: omni.kit.xr.configurations-106.5.13] startup
[90.807s] [ext: omni.kit.widget.zoombar-1.0.5] startup
[90.920s] [ext: omni.rtx.window.settings-0.6.17] startup
[91.123s] [ext: omni.kit.manipulator.camera-106.0.3] startup
[91.271s] [ext: omni.kit.xr.core-106.5.13] startup
[94.288s] [ext: omni.physics.tensors-106.5.7] startup
[94.623s] [ext: omni.kit.browser.core-2.3.11] startup
[94.894s] [ext: omni.kit.xr.ui.window.viewport-106.5.13] startup
[95.162s] [ext: omni.physx.tensors-106.5.7] startup
[95.223s] [ext: omni.kit.browser.folder.core-1.10.1] startup
[96.045s] [ext: omni.kit.xr.scene_view.core-106.5.13] startup
[96.137s] [ext: isaacsim.core.simulation_manager-0.3.3] startup
[97.097s] [ext: omni.kit.tool.collect-2.2.16] startup
[97.275s] [ext: omni.services.facilities.base-1.0.4] startup
[97.443s] [ext: isaacsim.core.prims-0.3.7] startup
[98.082s] [ext: isaacsim.asset.browser-1.3.4] startup
[99.438s] [ext: omni.graph.tools-1.79.1] startup
[DEBUG] [AutoNode] Defining data type 'any' as 'Any'
[DEBUG] [AutoNode] Defining data type 'bool' as 'Bool' and array 'BoolArray
[DEBUG] [AutoNode] Defining data type 'bundle' as 'Bundle'
[DEBUG] [AutoNode] Defining data type 'colord[3]' as 'Color3d' and array 'Color3dArray
[DEBUG] [AutoNode] Defining data type 'colorf[3]' as 'Color3f' and array 'Color3fArray
[DEBUG] [AutoNode] Defining data type 'colorh[3]' as 'Color3h' and array 'Color3hArray
[DEBUG] [AutoNode] Defining data type 'colord[4]' as 'Color4d' and array 'Color4dArray
[DEBUG] [AutoNode] Defining data type 'colorf[4]' as 'Color4f' and array 'Color4fArray
[DEBUG] [AutoNode] Defining data type 'colorh[4]' as 'Color4h' and array 'Color4hArray
[DEBUG] [AutoNode] Defining data type 'double' as 'Double' and array 'DoubleArray
[DEBUG] [AutoNode] Defining data type 'double[2]' as 'Double2' and array 'Double2Array
[DEBUG] [AutoNode] Defining data type 'double[3]' as 'Double3' and array 'Double3Array
[DEBUG] [AutoNode] Defining data type 'double[4]' as 'Double4' and array 'Double4Array
[DEBUG] [AutoNode] Defining data type 'execution' as 'Execution'
[DEBUG] [AutoNode] Defining data type 'float' as 'Float' and array 'FloatArray
[DEBUG] [AutoNode] Defining data type 'float[2]' as 'Float2' and array 'Float2Array
[DEBUG] [AutoNode] Defining data type 'float[3]' as 'Float3' and array 'Float3Array
[DEBUG] [AutoNode] Defining data type 'float[4]' as 'Float4' and array 'Float4Array
[DEBUG] [AutoNode] Defining data type 'frame[4]' as 'Frame' and array 'FrameArray
[DEBUG] [AutoNode] Defining data type 'half' as 'Half' and array 'HalfArray
[DEBUG] [AutoNode] Defining data type 'half[2]' as 'Half2' and array 'Half2Array
[DEBUG] [AutoNode] Defining data type 'half[3]' as 'Half3' and array 'Half3Array
[DEBUG] [AutoNode] Defining data type 'half[4]' as 'Half4' and array 'Half4Array
[DEBUG] [AutoNode] Defining data type 'int' as 'Int' and array 'IntArray
[DEBUG] [AutoNode] Defining data type 'int[2]' as 'Int2' and array 'Int2Array
[DEBUG] [AutoNode] Defining data type 'int[3]' as 'Int3' and array 'Int3Array
[DEBUG] [AutoNode] Defining data type 'int[4]' as 'Int4' and array 'Int4Array
[DEBUG] [AutoNode] Defining data type 'int64' as 'Int64' and array 'Int64Array
[DEBUG] [AutoNode] Defining data type 'matrixd[2]' as 'Matrix2d' and array 'Matrix2dArray
[DEBUG] [AutoNode] Defining data type 'matrixd[3]' as 'Matrix3d' and array 'Matrix3dArray
[DEBUG] [AutoNode] Defining data type 'matrixd[4]' as 'Matrix4d' and array 'Matrix4dArray
[DEBUG] [AutoNode] Defining data type 'normald[3]' as 'Normal3d' and array 'Normal3dArray
[DEBUG] [AutoNode] Defining data type 'normalf[3]' as 'Normal3f' and array 'Normal3fArray
[DEBUG] [AutoNode] Defining data type 'normalh[3]' as 'Normal3h' and array 'Normal3hArray
[DEBUG] [AutoNode] Defining data type 'objectId' as 'ObjectId' and array 'ObjectIdArray
[DEBUG] [AutoNode] Defining data type 'path' as 'Path'
[DEBUG] [AutoNode] Defining data type 'pointd[3]' as 'Point3d' and array 'Point3dArray
[DEBUG] [AutoNode] Defining data type 'pointf[3]' as 'Point3f' and array 'Point3fArray
[DEBUG] [AutoNode] Defining data type 'pointh[3]' as 'Point3h' and array 'Point3hArray
[DEBUG] [AutoNode] Defining data type 'quatd[4]' as 'Quatd' and array 'QuatdArray
[DEBUG] [AutoNode] Defining data type 'quatf[4]' as 'Quatf' and array 'QuatfArray
[DEBUG] [AutoNode] Defining data type 'quath[4]' as 'Quath' and array 'QuathArray
[DEBUG] [AutoNode] Defining data type 'string' as 'String'
[DEBUG] [AutoNode] Defining data type 'target' as 'Target'
[DEBUG] [AutoNode] Defining data type 'texcoordd[2]' as 'TexCoord2d' and array 'TexCoord2dArray
[DEBUG] [AutoNode] Defining data type 'texcoordf[2]' as 'TexCoord2f' and array 'TexCoord2fArray
[DEBUG] [AutoNode] Defining data type 'texcoordh[2]' as 'TexCoord2h' and array 'TexCoord2hArray
[DEBUG] [AutoNode] Defining data type 'texcoordd[3]' as 'TexCoord3d' and array 'TexCoord3dArray
[DEBUG] [AutoNode] Defining data type 'texcoordf[3]' as 'TexCoord3f' and array 'TexCoord3fArray
[DEBUG] [AutoNode] Defining data type 'texcoordh[3]' as 'TexCoord3h' and array 'TexCoord3hArray
[DEBUG] [AutoNode] Defining data type 'timecode' as 'Timecode' and array 'TimecodeArray
[DEBUG] [AutoNode] Defining data type 'token' as 'Token' and array 'TokenArray
[DEBUG] [AutoNode] Defining data type 'uchar' as 'UChar' and array 'UCharArray
[DEBUG] [AutoNode] Defining data type 'uint' as 'UInt' and array 'UIntArray
[DEBUG] [AutoNode] Defining data type 'uint64' as 'UInt64' and array 'UInt64Array
[DEBUG] [AutoNode] Defining data type 'vectord[3]' as 'Vector3d' and array 'Vector3dArray
[DEBUG] [AutoNode] Defining data type 'vectorf[3]' as 'Vector3f' and array 'Vector3fArray
[DEBUG] [AutoNode] Defining data type 'vectorh[3]' as 'Vector3h' and array 'Vector3hArray
[100.649s] [ext: omni.services.core-1.9.0] startup
[105.061s] [ext: omni.kit.primitive.mesh-1.0.17] startup
[105.256s] [ext: omni.kit.widget.highlight_label-1.0.3] startup
[105.302s] [ext: omni.services.transport.server.base-1.1.1] startup
[105.416s] [ext: omni.kit.stage_templates-1.2.6] startup
[105.650s] [ext: omni.kit.window.property-1.11.5] startup
[105.913s] [ext: omni.services.transport.server.zeroconf-1.0.9] startup
[106.456s] [ext: isaacsim.core.api-4.2.16] startup
[107.495s] [ext: omni.kit.property.adapter.usd-1.0.2] startup
[107.650s] [ext: omni.kit.xr.advertise-106.5.13] startup
[107.690s] [ext: omni.isaac.assets_check-0.3.9] startup
2025-08-23 00:21:06 [107,251ms] [Warning] [omni.isaac.assets_check] omni.isaac.assets_check has been deprecated in favor of isaacsim.asset.browser. Please update your code accordingly.
[107.725s] [ext: omni.graph-1.140.2] startup
[108.620s] [ext: omni.kit.property.usd-4.2.16] startup
[109.176s] [ext: omni.graph.action_core-1.1.7] startup
[109.439s] [ext: omni.kit.menu.create-1.0.17] startup
[109.614s] [ext: omni.kit.widget.text_editor-1.0.2] startup
[109.698s] [ext: omni.graph.action_nodes-1.40.1] startup
[109.978s] [ext: isaacsim.core.cloner-1.3.4] startup
[110.049s] [ext: omni.kit.scripting-106.5.2] startup
[110.596s] [ext: omni.graph.scriptnode-1.40.1] startup
[110.770s] [ext: omni.graph.action-1.120.0] startup
[110.902s] [ext: omni.isaac.cloner-1.0.2] startup
2025-08-23 00:21:10 [110,575ms] [Warning] [omni.isaac.cloner] omni.isaac.cloner has been deprecated in favor of isaacsim.core.cloner. Please update your code accordingly.
[111.051s] [ext: isaacsim.replicator.behavior-1.0.8] startup
[111.246s] [ext: omni.ui_query-1.1.7] startup
[111.501s] [ext: omni.kit.widget.graph-1.12.17] startup
[112.229s] [ext: omni.kit.manipulator.viewport-107.0.1] startup
[112.455s] [ext: omni.kit.ui_test-1.3.3] startup
[112.741s] [ext: omni.kit.graph.delegate.default-1.2.2] startup
[112.950s] [ext: omni.kit.window.extensions-1.4.25] startup
[113.520s] [ext: omni.graph.visualization.nodes-2.1.1] startup
[113.836s] [ext: omni.graph.image.core-0.6.0] startup
[113.891s] [ext: omni.kit.graph.editor.core-1.5.3] startup
[114.189s] [ext: isaacsim.gui.components-1.0.9] startup
[114.433s] [ext: omni.kit.widget.material_preview-1.0.16] startup
[114.572s] [ext: omni.kit.graph.usd.commands-1.3.1] startup
[114.672s] [ext: omni.graph.image.nodes-1.3.0] startup
[114.738s] [ext: isaacsim.robot_motion.lula-4.0.4] startup
[115.009s] [ext: omni.kit.viewport.menubar.core-107.1.2] startup
[115.588s] [ext: omni.kit.window.material_graph-1.8.19] startup
[116.105s] [ext: omni.isaac.core-4.0.3] startup
2025-08-23 00:21:15 [115,668ms] [Warning] [omni.isaac.core.physics_context.physics_context] omni.isaac.core.physics_context.physics_context has been deprecated in favor of isaacsim.core.api.physics_context.physics_context. Please update your code accordingly.
2025-08-23 00:21:15 [115,705ms] [Warning] [omni.isaac.core.simulation_context.simulation_context] omni.isaac.core.simulation_context.simulation_context has been deprecated in favor of isaacsim.core.api.simulation_context.simulation_context. Please update your code accordingly.
2025-08-23 00:21:15 [115,722ms] [Warning] [omni.isaac.core.world.world] omni.isaac.core.world.world has been deprecated in favor of isaacsim.core.api.world.world. Please update your code accordingly.
2025-08-23 00:21:15 [115,722ms] [Warning] [omni.isaac.core] omni.isaac.core has been deprecated in favor of isaacsim.core.api. Please update your code accordingly.
[116.198s] [ext: isaacsim.robot_motion.motion_generation-8.0.6] startup
[116.419s] [ext: omni.graph.nodes-1.162.1] startup
[116.836s] [ext: omni.syntheticdata-0.6.10] startup
[117.098s] [ext: omni.kit.xr.system.cloudxr-106.5.13] startup
[117.335s] [ext: isaacsim.robot_motion.lula_test_widget-1.0.5] startup
[117.495s] [ext: omni.kit.xr.telemetry-106.5.13] startup
[117.676s] [ext: omni.kit.data2ui.core-1.0.27] startup
[117.835s] [ext: omni.kit.xr.ui.window.profile-106.5.13] startup
[118.535s] [ext: omni.kit.data2ui.usd-1.0.27] startup
[119.222s] [ext: omni.warp-1.5.0] startup
[119.346s] [ext: omni.no_code_ui.bundle-1.0.27] startup
[119.349s] [ext: omni.replicator.core-1.11.35] startup
Warp 1.5.0 initialized:
   CUDA Toolkit 11.8, Driver 12.8
   Devices:
     "cpu"      : "x86_64"
     "cuda:0"   : "NVIDIA A100-SXM4-80GB" (79 GiB, sm_80, mempool enabled)
   Kernel cache:
     /home/cgokmen/.cache/warp/1.5.0
2025-08-23 00:21:19 [120,253ms] [Warning] [omni.replicator.core.scripts.extension] No material configuration file, adding configuration to material settings directly.
[120.734s] [ext: omni.isaac.lula-4.0.2] startup
2025-08-23 00:21:19 [120,281ms] [Warning] [omni.isaac.lula] omni.isaac.lula has been deprecated in favor of isaacsim.robot_motion.lula. Please update your code accordingly.
[120.755s] [ext: omni.isaac.lula_test_widget-1.0.2] startup
2025-08-23 00:21:19 [120,293ms] [Warning] [omni.isaac.lula_test_widget] omni.isaac.lula_test_widget has been deprecated in favor of isaacsim.robot_motion.lula_test_widget. Please update your code accordingly.
[120.768s] [ext: omni.kit.xr.profile.common-106.5.13] startup
[120.918s] [ext: omni.kit.xr.scene_view.utils-106.5.13] startup
[130.279s] [ext: isaacsim.core.nodes-2.1.4] startup
[130.349s] [ext: isaacsim.robot.surface_gripper-2.0.6] startup
[130.408s] [ext: omni.kit.xr.system.openxr-106.5.13] startup
[130.719s] [ext: omni.kit.xr.system.steamvr-106.5.13] startup
[130.808s] [ext: omni.kit.xr.ui.stage-106.5.13] startup
[131.258s] [ext: omni.kit.selection-0.1.5] startup
[131.302s] [ext: isaacsim.robot.manipulators-3.0.4] startup
[131.471s] [ext: omni.isaac.core_nodes-2.0.2] startup
2025-08-23 00:21:30 [131,061ms] [Warning] [omni.isaac.core_nodes] omni.isaac.core_nodes has been deprecated in favor of isaacsim.core.nodes. Please update your code accordingly.
[131.538s] [ext: omni.anim.curve.core-1.2.0] startup
[131.814s] [ext: omni.kit.xr.profile.vr-106.5.13] startup
[131.900s] [ext: isaacsim.gui.menu-2.0.9] startup
[132.142s] [ext: omni.isaac.manipulators-3.0.3] startup
2025-08-23 00:21:31 [131,687ms] [Warning] [omni.isaac.manipulators] omni.isaac.manipulators has been deprecated in favor of isaacsim.robot.manipulators. Please update your code accordingly.
2025-08-23 00:21:31 [131,706ms] [Warning] [omni.isaac.manipulators.controllers] omni.isaac.manipulators has been deprecated in favor of isaacsim.robot.manipulators. Please update your code accordingly.
2025-08-23 00:21:31 [131,718ms] [Warning] [omni.isaac.manipulators.controllers.pick_place_controller] omni.isaac.manipulators has been deprecated in favor of isaacsim.robot.manipulators. Please update your code accordingly.
2025-08-23 00:21:31 [131,751ms] [Warning] [omni.isaac.manipulators.controllers.stacking_controller] omni.isaac.manipulators has been deprecated in favor of isaacsim.robot.manipulators. Please update your code accordingly.
2025-08-23 00:21:31 [131,770ms] [Warning] [omni.isaac.manipulators.grippers] omni.isaac.manipulators has been deprecated in favor of isaacsim.robot.manipulators. Please update your code accordingly.
2025-08-23 00:21:31 [131,778ms] [Warning] [omni.isaac.manipulators.grippers.gripper] omni.isaac.manipulators has been deprecated in favor of isaacsim.robot.manipulators. Please update your code accordingly.
2025-08-23 00:21:31 [131,787ms] [Warning] [omni.isaac.manipulators.grippers.parallel_gripper] omni.isaac.manipulators has been deprecated in favor of isaacsim.robot.manipulators. Please update your code accordingly.
2025-08-23 00:21:31 [131,794ms] [Warning] [omni.isaac.manipulators.grippers.surface_gripper] omni.isaac.manipulators has been deprecated in favor of isaacsim.robot.manipulators. Please update your code accordingly.
2025-08-23 00:21:31 [131,806ms] [Warning] [omni.isaac.manipulators.manipulators] omni.isaac.manipulators has been deprecated in favor of isaacsim.robot.manipulators. Please update your code accordingly.
2025-08-23 00:21:31 [131,815ms] [Warning] [omni.isaac.manipulators.manipulators.single_manipulator] omni.isaac.manipulators has been deprecated in favor of isaacsim.robot.manipulators. Please update your code accordingly.
[132.289s] [ext: isaacsim.sensors.physics-0.3.5] startup
[132.406s] [ext: omni.isaac.menu-1.0.2] startup
2025-08-23 00:21:31 [131,947ms] [Warning] [omni.isaac.menu] omni.isaac.menu has been deprecated in favor of isaacsim.gui.menu. Please update your code accordingly.
[132.421s] [ext: omni.isaac.motion_generation-8.0.2] startup
2025-08-23 00:21:31 [131,980ms] [Warning] [omni.isaac.motion_generation] omni.isaac.motion_generation has been deprecated in favor of isaacsim.robot_motion.motion_generation. Please update your code accordingly.
2025-08-23 00:21:31 [131,994ms] [Warning] [omni.isaac.motion_generation.articulation_kinematics_solver] omni.isaac.motion_generation has been deprecated in favor of isaacsim.robot_motion.motion_generation. Please update your code accordingly.
2025-08-23 00:21:31 [132,006ms] [Warning] [omni.isaac.motion_generation.articulation_motion_policy] omni.isaac.motion_generation has been deprecated in favor of isaacsim.robot_motion.motion_generation. Please update your code accordingly.
2025-08-23 00:21:31 [132,019ms] [Warning] [omni.isaac.motion_generation.articulation_trajectory] omni.isaac.motion_generation has been deprecated in favor of isaacsim.robot_motion.motion_generation. Please update your code accordingly.
2025-08-23 00:21:31 [132,032ms] [Warning] [omni.isaac.motion_generation.kinematics_interface] omni.isaac.motion_generation has been deprecated in favor of isaacsim.robot_motion.motion_generation. Please update your code accordingly.
2025-08-23 00:21:31 [132,052ms] [Warning] [omni.isaac.motion_generation.lula] omni.isaac.motion_generation has been deprecated in favor of isaacsim.robot_motion.motion_generation. Please update your code accordingly.
2025-08-23 00:21:31 [132,062ms] [Warning] [omni.isaac.motion_generation.lula.kinematics] omni.isaac.motion_generation has been deprecated in favor of isaacsim.robot_motion.motion_generation. Please update your code accordingly.
2025-08-23 00:21:31 [132,073ms] [Warning] [omni.isaac.motion_generation.lula.motion_policies] omni.isaac.motion_generation has been deprecated in favor of isaacsim.robot_motion.motion_generation. Please update your code accordingly.
2025-08-23 00:21:31 [132,083ms] [Warning] [omni.isaac.motion_generation.lula.path_planners] omni.isaac.motion_generation has been deprecated in favor of isaacsim.robot_motion.motion_generation. Please update your code accordingly.
2025-08-23 00:21:31 [132,093ms] [Warning] [omni.isaac.motion_generation.lula.trajectory_generator] omni.isaac.motion_generation has been deprecated in favor of isaacsim.robot_motion.motion_generation. Please update your code accordingly.
2025-08-23 00:21:31 [132,108ms] [Warning] [omni.isaac.motion_generation.motion_policy_controller] omni.isaac.motion_generation has been deprecated in favor of isaacsim.robot_motion.motion_generation. Please update your code accordingly.
2025-08-23 00:21:31 [132,120ms] [Warning] [omni.isaac.motion_generation.motion_policy_interface] omni.isaac.motion_generation has been deprecated in favor of isaacsim.robot_motion.motion_generation. Please update your code accordingly.
2025-08-23 00:21:31 [132,132ms] [Warning] [omni.isaac.motion_generation.path_planner_visualizer] omni.isaac.motion_generation has been deprecated in favor of isaacsim.robot_motion.motion_generation. Please update your code accordingly.
2025-08-23 00:21:31 [132,141ms] [Warning] [omni.isaac.motion_generation.path_planning_interface] omni.isaac.motion_generation has been deprecated in favor of isaacsim.robot_motion.motion_generation. Please update your code accordingly.
2025-08-23 00:21:31 [132,150ms] [Warning] [omni.isaac.motion_generation.trajectory] omni.isaac.motion_generation has been deprecated in favor of isaacsim.robot_motion.motion_generation. Please update your code accordingly.
2025-08-23 00:21:31 [132,160ms] [Warning] [omni.isaac.motion_generation.world_interface] omni.isaac.motion_generation has been deprecated in favor of isaacsim.robot_motion.motion_generation. Please update your code accordingly.
[132.647s] [ext: isaacsim.robot.policy.examples-4.0.3] startup
[132.765s] [ext: omni.sensors.nv.common-2.5.0-coreapi] startup
[133.433s] [ext: omni.isaac.nucleus-1.0.3] startup
2025-08-23 00:21:32 [132,977ms] [Warning] [omni.isaac.nucleus] omni.isaac.nucleus has been deprecated in favor of isaacsim.storage.native. Please update your code accordingly.
2025-08-23 00:21:32 [132,986ms] [Warning] [omni.isaac.nucleus.nucleus] omni.isaac.nucleus.nucleus has been deprecated in favor of isaacsim.storage.native. Please update your code accordingly.
[133.460s] [ext: omni.isaac.quadruped-3.0.2] startup
2025-08-23 00:21:32 [133,011ms] [Warning] [omni.isaac.quadruped] omni.isaac.quadruped has been deprecated in favor of isaacsim.robot.policy.examples. Please update your code accordingly.
[133.485s] [ext: omni.sensors.nv.materials-1.4.0-coreapi] startup
[133.642s] [ext: isaacsim.sensors.camera-0.2.9] startup
[133.719s] [ext: omni.sensors.nv.wpm-2.4.0-coreapi] startup
[133.828s] [ext: omni.sensors.nv.lidar-2.6.3-coreapi] startup
[133.907s] [ext: isaacsim.util.debug_draw-2.0.2] startup
[133.999s] [ext: omni.sensors.tiled-0.0.6] startup
[134.053s] [ext: omni.sensors.nv.radar-2.6.1-coreapi] startup
[134.166s] [ext: omni.sensors.nv.ids-1.4.0-coreapi] startup
[134.221s] [ext: isaacsim.sensors.physx-2.2.4] startup
[134.348s] [ext: isaacsim.robot.manipulators.examples-1.0.3] startup
[134.374s] [ext: isaacsim.sensors.rtx-13.6.3] startup
[134.590s] [ext: omni.isaac.range_sensor-4.0.2] startup
[134.793s] [ext: isaacsim.cortex.framework-1.0.2] startup
[134.846s] [ext: omni.isaac.sensor-13.0.3] startup
2025-08-23 00:21:34 [134,412ms] [Warning] [omni.isaac.sensor] omni.isaac.sensor has been deprecated in favor of isaacsim.sensors.camera, isaacsim.sensors.physics, isaacsim.sensors.physx, and isaacsim.sensors.rtx. Please update your code accordingly.
2025-08-23 00:21:34 [134,423ms] [Warning] [omni.isaac.sensor.camera] omni.isaac.sensor.camera has been deprecated in favor of isaacsim.sensors.camera.camera. Please update your code accordingly.
2025-08-23 00:21:34 [134,434ms] [Warning] [omni.isaac.sensor.camera_view] omni.isaac.sensor.camera_view has been deprecated in favor of isaacsim.sensors.camera.camera_view. Please update your code accordingly.
2025-08-23 00:21:34 [134,443ms] [Warning] [omni.isaac.sensor.commands] omni.isaac.sensor.commands has been deprecated in favor of isaacsim.sensors.physics.commands, isaacsim.sensors.physx.commands, and isaacsim.sensors.rtx.commands. Please update your code accordingly.
2025-08-23 00:21:34 [134,453ms] [Warning] [omni.isaac.sensor.contact_sensor] omni.isaac.sensor.contact_sensor has been deprecated in favor of isaacsim.sensors.physics.contact_sensor. Please update your code accordingly.
2025-08-23 00:21:34 [134,460ms] [Warning] [omni.isaac.sensor.imu_sensor] omni.isaac.sensor.imu_sensor has been deprecated in favor of isaacsim.sensors.physics.imu_sensor. Please update your code accordingly.
2025-08-23 00:21:34 [134,468ms] [Warning] [omni.isaac.sensor.lidar_rtx] omni.isaac.sensor.lidar_rtx has been deprecated in favor of isaacsim.sensors.rtx.lidar_rtx. Please update your code accordingly.
2025-08-23 00:21:34 [134,477ms] [Warning] [omni.isaac.sensor.rotating_lidar_physX] omni.isaac.sensor.imu_sensor has been deprecated in favor of isaacsim.sensors.physix.rotating_lidar_physX. Please update your code accordingly.
2025-08-23 00:21:34 [134,503ms] [Warning] [omni.isaac.sensor.scripts.samples.contact_sensor] omni.isaac.sensor.scripts.samples.contact_sensor has been deprecated in favor of isaacsim.sensors.physics.scripts.samples.contact_sensor. Please update your code accordingly.
2025-08-23 00:21:34 [134,510ms] [Warning] [omni.isaac.sensor.scripts.samples.imu_sensor] omni.isaac.sensor.scripts.samples.imu_sensor has been deprecated in favor of isaacsim.sensors.physics.scripts.samples.imu_sensor. Please update your code accordingly.
2025-08-23 00:21:34 [134,516ms] [Warning] [omni.isaac.sensor.scripts.samples.lightbeam_sensor] omni.isaac.sensor.scripts.samples.lightbeam_sensor has been deprecated in favor of isaacsim.sensors.physx.scripts.samples.lightbeam_sensor. Please update your code accordingly.
[134.994s] [ext: omni.isaac.surface_gripper-2.0.2] startup
2025-08-23 00:21:34 [134,525ms] [Warning] [omni.isaac.surface_gripper] omni.isaac.surface_gripper has been deprecated in favor of isaacsim.robot.surface_gripper. Please update your code accordingly.
[134.998s] [ext: omni.kit.manipulator.transform-106.0.1] startup
[135.171s] [ext: omni.isaac.cortex-1.0.2] startup
2025-08-23 00:21:34 [134,706ms] [Warning] [omni.isaac.cortex] omni.isaac.cortex has been deprecated in favor of isaacsim.cortex.framework. Please update your code accordingly.
[135.180s] [ext: omni.kit.widget.toolbar-1.7.3] startup
[135.414s] [ext: omni.isaac.universal_robots-1.0.2] startup
2025-08-23 00:21:34 [134,947ms] [Warning] [omni.isaac.universal_robots] omni.isaac.universal_robots has been deprecated in favor of isaacsim.robot.manipulators.examples.universal_robots. Please update your code accordingly.
2025-08-23 00:21:34 [134,958ms] [Warning] [omni.isaac.universal_robots.kinematics_solver] omni.isaac.franka has been deprecated in favor of isaacsim.robot.manipulators.examples.universal_robots. Please update your code accordingly.
2025-08-23 00:21:34 [134,986ms] [Warning] [omni.isaac.universal_robots.ur10] omni.isaac.franka has been deprecated in favor of isaacsim.robot.manipulators.examples.universal_robots. Please update your code accordingly.
[135.461s] [ext: isaacsim.cortex.behaviors-2.0.3] startup
[135.495s] [ext: omni.kit.manipulator.tool.snap-1.5.12] startup
[135.679s] [ext: omni.kit.manipulator.selector-1.1.1] startup
[135.700s] [ext: omni.isaac.utils-2.0.2] startup
[135.731s] [ext: omni.isaac.cortex.sample_behaviors-2.0.2] startup
2025-08-23 00:21:34 [135,278ms] [Warning] [omni.isaac.cortex.sample_behaviors] omni.isaac.cortex.sample_behaviors has been deprecated in favor of isaacsim.cortex.behaviors. Please update your code accordingly.
[135.752s] [ext: omni.kit.viewport.manipulator.transform-107.0.4] startup
[135.840s] [ext: omni.graph.ui_nodes-1.40.1] startup
[135.904s] [ext: omni.fabric.commands-1.1.5] startup
[135.951s] [ext: omni.kit.manipulator.prim.core-107.0.7] startup
[136.047s] [ext: omni.kit.property.camera-1.0.9] startup
[136.075s] [ext: omni.kit.property.geometry-1.3.3] startup
[136.113s] [ext: omni.kit.property.light-1.0.11] startup
[136.155s] [ext: omni.kit.manipulator.prim.fabric-107.0.4] startup
[136.174s] [ext: omni.kit.manipulator.prim.usd-107.0.3] startup
[136.199s] [ext: omni.kit.property.material-1.10.17] startup
[136.406s] [ext: omni.kit.viewport.actions-107.0.0] startup
[136.446s] [ext: omni.debugdraw-0.1.3] startup
[136.534s] [ext: omni.kit.manipulator.prim-107.0.0] startup
[136.534s] [ext: omni.kit.manipulator.selection-106.0.1] startup
[136.571s] [ext: omni.kit.viewport.menubar.display-107.0.3] startup
[136.627s] [ext: omni.kit.widget.layers-1.8.2] startup
[136.847s] [ext: omni.hydra.scene_api-0.1.2] startup
[136.921s] [ext: omni.kit.property.render-1.1.3] startup
[136.973s] [ext: omni.physx.commands-106.5.7] startup
[137.010s] [ext: omni.usdphysics.ui-106.5.7] startup
[137.187s] [ext: omni.kit.property.transform-1.5.10] startup
[137.263s] [ext: omni.kit.property.audio-1.0.16] startup
[137.343s] [ext: isaacsim.gui.property-1.0.4] startup
[137.391s] [ext: omni.physx.ui-106.5.7] startup
[137.598s] [ext: omni.kit.property.bundle-1.3.2] startup
[137.623s] [ext: omni.kit.property.isaac-1.0.2] startup
2025-08-23 00:21:36 [137,159ms] [Warning] [omni.kit.property.isaac] omni.kit.property.isaac has been deprecated in favor of isaacsim.gui.property. Please update your code accordingly.
2025-08-23 00:21:36 [137,163ms] [Warning] [omni.kit.property.isaac.widgets] omni.kit.property.isaac.widgets has been deprecated in favor of isaacsim.gui.property.widgets. Please update your code accordingly.
[137.637s] [ext: omni.kit.property.physx-106.5.7] startup
[138.084s] [ext: omni.physx.demos-106.5.7] startup
[138.461s] [ext: omni.kit.viewport.menubar.camera-107.0.2] startup
[138.558s] [ext: omni.kit.viewport.menubar.lighting-106.0.2] startup
[138.597s] [ext: omni.kit.viewport.menubar.render-107.0.8] startup
[138.641s] [ext: omni.physx.vehicle-106.5.7] startup
[138.829s] [ext: omni.kit.viewport.menubar.settings-107.0.3] startup
[138.899s] [ext: omni.kit.window.console-0.2.14] startup
[138.965s] [ext: omni.kit.window.toolbar-1.6.2] startup
[139.004s] [ext: omni.physx.camera-106.5.7] startup
[139.105s] [ext: omni.physx.cct-106.5.7] startup
[139.194s] [ext: omni.physx.graph-106.5.7] startup
[139.361s] [ext: omni.physx.supportui-106.5.7] startup
[139.550s] [ext: isaacsim.replicator.writers-1.0.1] startup
[139.748s] [ext: omni.physx.telemetry-106.5.7] startup
[139.778s] [ext: omni.isaac.version-2.0.2] startup
2025-08-23 00:21:38 [139,311ms] [Warning] [omni.isaac.version] omni.isaac.version has been deprecated in favor of isaacsim.core.version. Please update your code accordingly.
[139.785s] [ext: isaacsim.robot.wheeled_robots-4.0.3] startup
[139.938s] [ext: isaacsim.replicator.domain_randomization-1.0.2] startup
[140.008s] [ext: isaacsim.replicator.examples-1.1.2] startup
[140.037s] [ext: omni.kit.window.status_bar-0.1.7] startup
[140.212s] [ext: omni.physx.bundle-106.5.7] startup
[140.215s] [ext: omni.usd.metrics.assembler-106.5.0] startup
[140.380s] [ext: omni.isaac.wheeled_robots-3.0.3] startup
2025-08-23 00:21:39 [139,915ms] [Warning] [omni.isaac.wheeled_robots] omni.isaac.wheeled_robots has been deprecated in favor of isaacsim.robot.wheeled_robots. Please update your code accordingly.
2025-08-23 00:21:39 [139,925ms] [Warning] [omni.isaac.wheeled_robots.controllers] omni.isaac.wheeled_robots has been deprecated in favor of isaacsim.robot.wheeled_robots. Please update your code accordingly.
2025-08-23 00:21:39 [139,930ms] [Warning] [omni.isaac.wheeled_robots.controllers.ackermann_controller] omni.isaac.wheeled_robots has been deprecated in favor of isaacsim.robot.wheeled_robots. Please update your code accordingly.
2025-08-23 00:21:39 [139,941ms] [Warning] [omni.isaac.wheeled_robots.controllers.differential_controller] omni.isaac.wheeled_robots has been deprecated in favor of isaacsim.robot.wheeled_robots. Please update your code accordingly.
2025-08-23 00:21:39 [139,949ms] [Warning] [omni.isaac.wheeled_robots.controllers.holonomic_controller] omni.isaac.wheeled_robots has been deprecated in favor of isaacsim.robot.wheeled_robots. Please update your code accordingly.
2025-08-23 00:21:39 [139,957ms] [Warning] [omni.isaac.wheeled_robots.controllers.quintic_path_planner] omni.isaac.wheeled_robots has been deprecated in favor of isaacsim.robot.wheeled_robots. Please update your code accordingly.
2025-08-23 00:21:39 [139,965ms] [Warning] [omni.isaac.wheeled_robots.controllers.stanley_control] omni.isaac.wheeled_robots has been deprecated in favor of isaacsim.robot.wheeled_robots. Please update your code accordingly.
2025-08-23 00:21:39 [139,972ms] [Warning] [omni.isaac.wheeled_robots.controllers.wheel_base_pose_controller] omni.isaac.wheeled_robots has been deprecated in favor of isaacsim.robot.wheeled_robots. Please update your code accordingly.
2025-08-23 00:21:39 [139,982ms] [Warning] [omni.isaac.wheeled_robots.impl] omni.isaac.wheeled_robots has been deprecated in favor of isaacsim.robot.wheeled_robots. Please update your code accordingly.
2025-08-23 00:21:39 [139,994ms] [Warning] [omni.isaac.wheeled_robots.robots] omni.isaac.wheeled_robots has been deprecated in favor of isaacsim.robot.wheeled_robots. Please update your code accordingly.
2025-08-23 00:21:39 [139,997ms] [Warning] [omni.isaac.wheeled_robots.robots.holonomic_robot_usd_setup] omni.isaac.wheeled_robots has been deprecated in favor of isaacsim.robot.wheeled_robots. Please update your code accordingly.
2025-08-23 00:21:39 [139,998ms] [Warning] [omni.isaac.wheeled_robots.robots.wheeled_robot] omni.isaac.wheeled_robots has been deprecated in favor of isaacsim.robot.wheeled_robots. Please update your code accordingly.
[140.472s] [ext: omni.isaac.franka-1.0.2] startup
2025-08-23 00:21:39 [140,005ms] [Warning] [omni.isaac.franka] omni.isaac.franka has been deprecated in favor of isaacsim.robot.manipulators.examples.franka. Please update your code accordingly.
2025-08-23 00:21:39 [140,009ms] [Warning] [omni.isaac.franka.franka] omni.isaac.franka has been deprecated in favor of isaacsim.robot.manipulators.examples.franka. Please update your code accordingly.
2025-08-23 00:21:39 [140,018ms] [Warning] [omni.isaac.franka.kinematics_solver] omni.isaac.franka has been deprecated in favor of isaacsim.robot.manipulators.examples.franka. Please update your code accordingly.
[140.491s] [ext: omni.replicator.isaac-2.0.3] startup
2025-08-23 00:21:39 [140,027ms] [Warning] [omni.replicator.isaac] omni.replicator.isaac has been deprecated in favor of isaacsim.replicator.domain_randomization, isaacsim.replicator.examples, isaacsim.replicator.writers. Please update your code accordingly.
[140.502s] [ext: omni.replicator.replicator_yaml-2.0.10] startup
[140.536s] [ext: omni.rtx.settings.core-0.6.3] startup
[140.587s] [ext: omni.usd.metrics.assembler.ui-106.5.0] startup
[140.665s] [ext: omni.kit.tool.asset_importer-2.12.3] startup
[140.770s] [ext: isaacsim.app.about-2.0.7] startup
[140.796s] [ext: semantics.schema.editor-0.3.10] startup
[140.843s] [ext: isaacsim.examples.browser-0.1.8] startup
[140.895s] [ext: isaacsim.simulation_app-2.4.2] startup
[140.896s] [ext: semantics.schema.property-1.0.5] startup
[140.927s] [ext: isaacsim.asset.importer.mjcf-2.3.7] startup
[141.104s] [ext: omni.isaac.window.about-2.0.2] startup
2025-08-23 00:21:40 [140,649ms] [Warning] [omni.isaac.window.about] omni.isaac.window.about has been deprecated in favor of isaacsim.app.about. Please update your code accordingly.
2025-08-23 00:21:40 [140,654ms] [Warning] [omni.isaac.window.about.about] omni.isaac.window.about.about has been deprecated in favor of isaacsim.app.about.about. Please update your code accordingly.
[141.128s] [ext: omni.kit.ui.actions-1.0.2] startup
[141.166s] [ext: isaacsim.asset.importer.urdf-2.3.14] startup
[141.339s] [ext: omni.isaac.kit-2.0.3] startup
2025-08-23 00:21:40 [140,878ms] [Warning] [omni.isaac.kit] omni.isaac.kit has been deprecated in favor of isaacsim.simulation_app. Please update your code accordingly.
[141.351s] [ext: omni.isaac.asset_browser-1.0.2] startup
2025-08-23 00:21:40 [140,891ms] [Warning] [omni.isaac.asset_browser] omni.isaac.asset_browser has been deprecated in favor of isaacsim.asset.browser. Please update your code accordingly.
[141.365s] [ext: isaacsim.core.throttling-2.0.2] startup
[141.423s] [ext: omni.flowusd-106.5.2] startup
2025-08-23 00:21:40 [141,042ms] [Warning] [omni.stageupdate.plugin] Deprecated: direct use of IStageUpdate callbacks is deprecated. Use IStageUpdate::getStageUpdate instead.
[141.552s] [ext: omni.kit.menu.common-1.1.9] startup
[141.574s] [ext: isaacsim.exp.base-4.5.0] startup
[141.574s] [ext: omnigibson_4_5_0-1.5.0] startup
[141.588s] Simulation App Starting
2025-08-23 00:21:41 [141,842ms] [Warning] [omni.kvdb.plugin] Disabling key-value database because another kit process is locking it
2025-08-23 00:21:41 [141,872ms] [Warning] [carb.audio.device] audio device is misconfigured or broken {deviceIndex = 0, name = 'default'} (The device is likely misconfigured, check your $HOME/.asoundrc)
2025-08-23 00:21:41 [141,872ms] [Warning] [carb.audio.output] failed to retrieve the capabilities for device 0 {result = eDeviceLost (2)}
2025-08-23 00:21:41 [141,872ms] [Warning] [carb.audio.context] failed to set the requested output during context creation.  Using a null streamer instead {result = eDeviceLost (2)}
[142.486s] app ready
2025-08-23 00:21:42 [143,081ms] [Warning] [rtx.neuraylib.plugin] [IRAY:RENDER]   1.1   IRAY   rend warn : CUDA device 0 (NVIDIA A100-SXM4-80GB): ECC is enabled, this will reduce rendering performance (it is strongly recommended to disable ECC with iray)
2025-08-23 00:21:42 [143,132ms] [Warning] [rtx.scenedb.plugin] SceneDbContext : TLAS limit buffer size 2705217792
2025-08-23 00:21:42 [143,132ms] [Warning] [rtx.scenedb.plugin] SceneDbContext : TLAS limit : valid true, within: false
2025-08-23 00:26:15 [415,748ms] [Warning] [omni.usd-abi.plugin] No setting was found for '/rtx-defaults-transient/meshlights/forceDisable'
2025-08-23 00:26:20 [420,822ms] [Warning] [omni.usd-abi.plugin] No setting was found for '/rtx-defaults/post/dlss/execMode'
2025-08-23 00:32:04 [764,534ms] [Warning] [rtx.postprocessing.plugin] DLSS-RR is not supported in the current build due to some known bugs with this GPU: NVIDIA A100-SXM4-80GB.Note that RTX Real-Time raytracing mode will not be able to denoise the output correctly.
[765.489s] Simulation App Startup Complete
2025-08-23 00:33:24 [845,109ms] [Warning] [carb] Failed to startup plugin carb.windowing-glfw.plugin (interfaces: [carb::windowing::IGLContext v1.0],[carb::windowing::IWindowing v1.5]) (impl: carb.windowing-glfw.plugin)
2025-08-23 00:33:58 [878,961ms] [Warning] [omni.syntheticdata.plugin] OgnSdPostRenderVarToHost : rendervar copy from texture directly to host buffer is counter-performant. Please use copy from texture to device buffer first.
2025-08-23 00:33:58 [879,156ms] [Warning] [omni.fabric.plugin] removePath called on non-existent path /Render/OmniverseKit/HydraTextures/Replicator/PostRender/SDGPipeline/Replicator_GpuInteropEntry 


                   ____________
                  /          / \
                 /          / /__
                /          / /  /\
               /__________/ /__/  \
               \   _____  \ \__\  /
                \  \  / \  \ \_/ /
                 \  \/___\  \   /
                  \__________\_/  
       ___                  _  ____ _ _                     
      / _ \ _ __ ___  _ __ (_)/ ___(_) |__  ___  ___  _ __  
     | | | | '_ ` _ \| '_ \| | |  _| | '_ \/ __|/ _ \| '_ \ 
     | |_| | | | | | | | | | | |_| | | |_) \__ \ (_) | | | |
      \___/|_| |_| |_|_| |_|_|\____|_|_.__/|___/\___/|_| |_|

[INFO] [omnigibson.simulator] ---------- Welcome to OmniGibson! ----------
2025-08-23 00:34:06 [886,751ms] [Warning] [omni.syntheticdata.plugin] SdRenderVarPtr missing valid input renderVar LdrColorSDhost
2025-08-23 00:34:06 [886,820ms] [Warning] [carb] Failed to startup plugin carb.windowing-glfw.plugin (interfaces: [carb::windowing::IGLContext v1.0],[carb::windowing::IWindowing v1.5]) (impl: carb.windowing-glfw.plugin)
[INFO] [omnigibson.simulator] Imported scene 0.
[WARNING] [omnigibson.objects.dataset_object] Category stages not found in average object specs! Defaulting to unit mass or density.
2025-08-23 00:34:09 [889,470ms] [Warning] [omnigibson.objects.dataset_object] Category stages not found in average object specs! Defaulting to unit mass or density.
[WARNING] [omnigibson.prims.material_prim] No compatible material prim class found for material at /World/scene_0/carpet_0/Looks/Shader1 with asset path gltf/pbr.mdl and sub-identifier gltf_material. Using MaterialPrim as a fallback.
2025-08-23 00:34:10 [890,650ms] [Warning] [omnigibson.prims.material_prim] No compatible material prim class found for material at /World/scene_0/carpet_0/Looks/Shader1 with asset path gltf/pbr.mdl and sub-identifier gltf_material. Using MaterialPrim as a fallback.
[WARNING] [omnigibson.objects.stateful_object] State ParticleRemover is incompatible with obj carpet_0. Reason: ParticleRemover requires gm.USE_GPU_DYNAMICS=True!
2025-08-23 00:34:10 [891,163ms] [Warning] [omnigibson.objects.stateful_object] State ParticleRemover is incompatible with obj carpet_0. Reason: ParticleRemover requires gm.USE_GPU_DYNAMICS=True!
[WARNING] [omnigibson.objects.dataset_object] Category cabinet not found in average object specs! Defaulting to unit mass or density.
2025-08-23 00:34:15 [896,062ms] [Warning] [omnigibson.objects.dataset_object] Category cabinet not found in average object specs! Defaulting to unit mass or density.
[WARNING] [omnigibson.objects.dataset_object] Category table not found in average object specs! Defaulting to unit mass or density.
2025-08-23 00:34:15 [896,379ms] [Warning] [omnigibson.objects.dataset_object] Category table not found in average object specs! Defaulting to unit mass or density.
[WARNING] [omnigibson.prims.material_prim] No compatible material prim class found for material at /World/scene_0/seat_3/Looks/Fabric with asset path gltf/pbr.mdl and sub-identifier gltf_material. Using MaterialPrim as a fallback.
2025-08-23 00:34:16 [896,440ms] [Warning] [omnigibson.prims.material_prim] No compatible material prim class found for material at /World/scene_0/seat_3/Looks/Fabric with asset path gltf/pbr.mdl and sub-identifier gltf_material. Using MaterialPrim as a fallback.
[WARNING] [omnigibson.objects.dataset_object] Category seat not found in average object specs! Defaulting to unit mass or density.
2025-08-23 00:34:16 [896,487ms] [Warning] [omnigibson.objects.dataset_object] Category seat not found in average object specs! Defaulting to unit mass or density.
[WARNING] [omnigibson.objects.dataset_object] Category dresser not found in average object specs! Defaulting to unit mass or density.
2025-08-23 00:34:17 [897,459ms] [Warning] [omnigibson.objects.dataset_object] Category dresser not found in average object specs! Defaulting to unit mass or density.
[WARNING] [omnigibson.objects.dataset_object] Category candle not found in average object specs! Defaulting to unit mass or density.
2025-08-23 00:34:18 [898,813ms] [Warning] [omnigibson.objects.dataset_object] Category candle not found in average object specs! Defaulting to unit mass or density.
[WARNING] [omnigibson.objects.stateful_object] State Open is incompatible with obj fridge_8. Reason: No relevant joints for Open state found for object fridge_8
2025-08-23 00:34:19 [899,771ms] [Warning] [omnigibson.objects.stateful_object] State Open is incompatible with obj fridge_8. Reason: No relevant joints for Open state found for object fridge_8
[WARNING] [omnigibson.objects.stateful_object] State HeatSourceOrSink is incompatible with obj fridge_8. Reason: HeatSourceOrSink has requires_closed but obj has no Open state!
2025-08-23 00:34:19 [899,772ms] [Warning] [omnigibson.objects.stateful_object] State HeatSourceOrSink is incompatible with obj fridge_8. Reason: HeatSourceOrSink has requires_closed but obj has no Open state!
[WARNING] [omnigibson.objects.stateful_object] State ContainedParticles is incompatible with obj fridge_8. Reason: LinkBasedStateMixin ContainedParticles requires meta link with type ['fillable', 'openfillable'] for obj fridge_8 but none was found! To get valid compatible object models, please use omnigibson.utils.asset_utils.get_all_object_category_models_with_abilities(...)
2025-08-23 00:34:19 [899,773ms] [Warning] [omnigibson.objects.stateful_object] State ContainedParticles is incompatible with obj fridge_8. Reason: LinkBasedStateMixin ContainedParticles requires meta link with type ['fillable', 'openfillable'] for obj fridge_8 but none was found! To get valid compatible object models, please use omnigibson.utils.asset_utils.get_all_object_category_models_with_abilities(...)
[WARNING] [omnigibson.objects.stateful_object] State Filled is incompatible with obj fridge_8. Reason: Missing required dependency state ContainedParticles
2025-08-23 00:34:19 [899,773ms] [Warning] [omnigibson.objects.stateful_object] State Filled is incompatible with obj fridge_8. Reason: Missing required dependency state ContainedParticles
[WARNING] [omnigibson.objects.stateful_object] State Contains is incompatible with obj fridge_8. Reason: Missing required dependency state ContainedParticles
2025-08-23 00:34:19 [899,773ms] [Warning] [omnigibson.objects.stateful_object] State Contains is incompatible with obj fridge_8. Reason: Missing required dependency state ContainedParticles
[WARNING] [omnigibson.objects.dataset_object] Category candle not found in average object specs! Defaulting to unit mass or density.
2025-08-23 00:34:21 [901,515ms] [Warning] [omnigibson.objects.dataset_object] Category candle not found in average object specs! Defaulting to unit mass or density.
[WARNING] [omnigibson.objects.stateful_object] State ParticleRemover is incompatible with obj carpet_12. Reason: ParticleRemover requires gm.USE_GPU_DYNAMICS=True!
2025-08-23 00:34:21 [901,671ms] [Warning] [omnigibson.objects.stateful_object] State ParticleRemover is incompatible with obj carpet_12. Reason: ParticleRemover requires gm.USE_GPU_DYNAMICS=True!
[WARNING] [omnigibson.prims.material_prim] No compatible material prim class found for material at /World/scene_0/decoration_13/Looks/Metal___Stainless_steel with asset path gltf/pbr.mdl and sub-identifier gltf_material. Using MaterialPrim as a fallback.
2025-08-23 00:34:21 [901,736ms] [Warning] [omnigibson.prims.material_prim] No compatible material prim class found for material at /World/scene_0/decoration_13/Looks/Metal___Stainless_steel with asset path gltf/pbr.mdl and sub-identifier gltf_material. Using MaterialPrim as a fallback.
[WARNING] [omnigibson.objects.dataset_object] Category decoration not found in average object specs! Defaulting to unit mass or density.
2025-08-23 00:34:21 [901,790ms] [Warning] [omnigibson.objects.dataset_object] Category decoration not found in average object specs! Defaulting to unit mass or density.
[WARNING] [omnigibson.objects.dataset_object] Category seat not found in average object specs! Defaulting to unit mass or density.
2025-08-23 00:34:22 [902,670ms] [Warning] [omnigibson.objects.dataset_object] Category seat not found in average object specs! Defaulting to unit mass or density.
[WARNING] [omnigibson.prims.material_prim] No compatible material prim class found for material at /World/scene_0/towel_21/Looks/Material__12 with asset path gltf/pbr.mdl and sub-identifier gltf_material. Using MaterialPrim as a fallback.
2025-08-23 00:34:23 [904,278ms] [Warning] [omnigibson.prims.material_prim] No compatible material prim class found for material at /World/scene_0/towel_21/Looks/Material__12 with asset path gltf/pbr.mdl and sub-identifier gltf_material. Using MaterialPrim as a fallback.
[WARNING] [omnigibson.objects.dataset_object] Category towel not found in average object specs! Defaulting to unit mass or density.
2025-08-23 00:34:24 [904,992ms] [Warning] [omnigibson.objects.dataset_object] Category towel not found in average object specs! Defaulting to unit mass or density.
[WARNING] [omnigibson.prims.material_prim] No compatible material prim class found for material at /World/scene_0/statue_22/Looks/mig_01___Default with asset path gltf/pbr.mdl and sub-identifier gltf_material. Using MaterialPrim as a fallback.
2025-08-23 00:34:24 [905,283ms] [Warning] [omnigibson.prims.material_prim] No compatible material prim class found for material at /World/scene_0/statue_22/Looks/mig_01___Default with asset path gltf/pbr.mdl and sub-identifier gltf_material. Using MaterialPrim as a fallback.
[WARNING] [omnigibson.prims.material_prim] No compatible material prim class found for material at /World/scene_0/carpet_23/Looks/Material__0 with asset path gltf/pbr.mdl and sub-identifier gltf_material. Using MaterialPrim as a fallback.
2025-08-23 00:34:25 [906,044ms] [Warning] [omnigibson.prims.material_prim] No compatible material prim class found for material at /World/scene_0/carpet_23/Looks/Material__0 with asset path gltf/pbr.mdl and sub-identifier gltf_material. Using MaterialPrim as a fallback.
[WARNING] [omnigibson.objects.stateful_object] State ParticleRemover is incompatible with obj carpet_23. Reason: ParticleRemover requires gm.USE_GPU_DYNAMICS=True!
2025-08-23 00:34:25 [906,111ms] [Warning] [omnigibson.objects.stateful_object] State ParticleRemover is incompatible with obj carpet_23. Reason: ParticleRemover requires gm.USE_GPU_DYNAMICS=True!
[WARNING] [omnigibson.objects.dataset_object] Category decoration not found in average object specs! Defaulting to unit mass or density.
2025-08-23 00:34:26 [907,379ms] [Warning] [omnigibson.objects.dataset_object] Category decoration not found in average object specs! Defaulting to unit mass or density.
[WARNING] [omnigibson.objects.dataset_object] Category cabinet not found in average object specs! Defaulting to unit mass or density.
2025-08-23 00:34:28 [908,629ms] [Warning] [omnigibson.objects.dataset_object] Category cabinet not found in average object specs! Defaulting to unit mass or density.
[WARNING] [omnigibson.objects.stateful_object] State AttachedTo is incompatible with obj mirror_27. Reason: LinkBasedStateMixin AttachedTo requires meta link with type ['attachment'] for obj mirror_27 but none was found! To get valid compatible object models, please use omnigibson.utils.asset_utils.get_all_object_category_models_with_abilities(...)
2025-08-23 00:34:28 [909,116ms] [Warning] [omnigibson.objects.stateful_object] State AttachedTo is incompatible with obj mirror_27. Reason: LinkBasedStateMixin AttachedTo requires meta link with type ['attachment'] for obj mirror_27 but none was found! To get valid compatible object models, please use omnigibson.utils.asset_utils.get_all_object_category_models_with_abilities(...)
[WARNING] [omnigibson.objects.dataset_object] Category tv not found in average object specs! Defaulting to unit mass or density.
2025-08-23 00:34:28 [909,321ms] [Warning] [omnigibson.objects.dataset_object] Category tv not found in average object specs! Defaulting to unit mass or density.
[WARNING] [omnigibson.prims.material_prim] No compatible material prim class found for material at /World/scene_0/curtain_29/Looks/Standard_14 with asset path gltf/pbr.mdl and sub-identifier gltf_material. Using MaterialPrim as a fallback.
2025-08-23 00:34:28 [909,408ms] [Warning] [omnigibson.prims.material_prim] No compatible material prim class found for material at /World/scene_0/curtain_29/Looks/Standard_14 with asset path gltf/pbr.mdl and sub-identifier gltf_material. Using MaterialPrim as a fallback.
[WARNING] [omnigibson.objects.stateful_object] State FoldedLevel is incompatible with obj curtain_29. Reason: Cannot use ClothStateMixin FoldedLevel with rigid object, make sure object is created with prim_type=PrimType.CLOTH!
2025-08-23 00:34:29 [909,545ms] [Warning] [omnigibson.objects.stateful_object] State FoldedLevel is incompatible with obj curtain_29. Reason: Cannot use ClothStateMixin FoldedLevel with rigid object, make sure object is created with prim_type=PrimType.CLOTH!
[WARNING] [omnigibson.objects.stateful_object] State Unfolded is incompatible with obj curtain_29. Reason: Missing required dependency state FoldedLevel
2025-08-23 00:34:29 [909,546ms] [Warning] [omnigibson.objects.stateful_object] State Unfolded is incompatible with obj curtain_29. Reason: Missing required dependency state FoldedLevel
[WARNING] [omnigibson.objects.stateful_object] State ParticleRemover is incompatible with obj curtain_29. Reason: ParticleRemover requires gm.USE_GPU_DYNAMICS=True!
2025-08-23 00:34:29 [909,547ms] [Warning] [omnigibson.objects.stateful_object] State ParticleRemover is incompatible with obj curtain_29. Reason: ParticleRemover requires gm.USE_GPU_DYNAMICS=True!
[WARNING] [omnigibson.objects.stateful_object] State Folded is incompatible with obj curtain_29. Reason: Missing required dependency state FoldedLevel
2025-08-23 00:34:29 [909,547ms] [Warning] [omnigibson.objects.stateful_object] State Folded is incompatible with obj curtain_29. Reason: Missing required dependency state FoldedLevel
[WARNING] [omnigibson.objects.stateful_object] State Draped is incompatible with obj curtain_29. Reason: Cannot use ClothStateMixin Draped with rigid object, make sure object is created with prim_type=PrimType.CLOTH!
2025-08-23 00:34:29 [909,548ms] [Warning] [omnigibson.objects.stateful_object] State Draped is incompatible with obj curtain_29. Reason: Cannot use ClothStateMixin Draped with rigid object, make sure object is created with prim_type=PrimType.CLOTH!
[WARNING] [omnigibson.prims.material_prim] No compatible material prim class found for material at /World/scene_0/curtain_30/Looks/Standard_14 with asset path gltf/pbr.mdl and sub-identifier gltf_material. Using MaterialPrim as a fallback.
2025-08-23 00:34:29 [909,640ms] [Warning] [omnigibson.prims.material_prim] No compatible material prim class found for material at /World/scene_0/curtain_30/Looks/Standard_14 with asset path gltf/pbr.mdl and sub-identifier gltf_material. Using MaterialPrim as a fallback.
[WARNING] [omnigibson.objects.stateful_object] State FoldedLevel is incompatible with obj curtain_30. Reason: Cannot use ClothStateMixin FoldedLevel with rigid object, make sure object is created with prim_type=PrimType.CLOTH!
2025-08-23 00:34:29 [909,813ms] [Warning] [omnigibson.objects.stateful_object] State FoldedLevel is incompatible with obj curtain_30. Reason: Cannot use ClothStateMixin FoldedLevel with rigid object, make sure object is created with prim_type=PrimType.CLOTH!
[WARNING] [omnigibson.objects.stateful_object] State Unfolded is incompatible with obj curtain_30. Reason: Missing required dependency state FoldedLevel
2025-08-23 00:34:29 [909,813ms] [Warning] [omnigibson.objects.stateful_object] State Unfolded is incompatible with obj curtain_30. Reason: Missing required dependency state FoldedLevel
[WARNING] [omnigibson.objects.stateful_object] State ParticleRemover is incompatible with obj curtain_30. Reason: ParticleRemover requires gm.USE_GPU_DYNAMICS=True!
2025-08-23 00:34:29 [909,814ms] [Warning] [omnigibson.objects.stateful_object] State ParticleRemover is incompatible with obj curtain_30. Reason: ParticleRemover requires gm.USE_GPU_DYNAMICS=True!
[WARNING] [omnigibson.objects.stateful_object] State Folded is incompatible with obj curtain_30. Reason: Missing required dependency state FoldedLevel
2025-08-23 00:34:29 [909,815ms] [Warning] [omnigibson.objects.stateful_object] State Folded is incompatible with obj curtain_30. Reason: Missing required dependency state FoldedLevel
[WARNING] [omnigibson.objects.stateful_object] State Draped is incompatible with obj curtain_30. Reason: Cannot use ClothStateMixin Draped with rigid object, make sure object is created with prim_type=PrimType.CLOTH!
2025-08-23 00:34:29 [909,815ms] [Warning] [omnigibson.objects.stateful_object] State Draped is incompatible with obj curtain_30. Reason: Cannot use ClothStateMixin Draped with rigid object, make sure object is created with prim_type=PrimType.CLOTH!
[WARNING] [omnigibson.objects.dataset_object] Category plant not found in average object specs! Defaulting to unit mass or density.
2025-08-23 00:34:30 [911,169ms] [Warning] [omnigibson.objects.dataset_object] Category plant not found in average object specs! Defaulting to unit mass or density.
[WARNING] [omnigibson.objects.dataset_object] Category decoration not found in average object specs! Defaulting to unit mass or density.
2025-08-23 00:34:32 [912,669ms] [Warning] [omnigibson.objects.dataset_object] Category decoration not found in average object specs! Defaulting to unit mass or density.
[WARNING] [omnigibson.objects.dataset_object] Category lamp not found in average object specs! Defaulting to unit mass or density.
2025-08-23 00:34:34 [914,474ms] [Warning] [omnigibson.objects.dataset_object] Category lamp not found in average object specs! Defaulting to unit mass or density.
[WARNING] [omnigibson.prims.material_prim] No compatible material prim class found for material at /World/scene_0/container_36/Looks/WALNUT_WOOD with asset path gltf/pbr.mdl and sub-identifier gltf_material. Using MaterialPrim as a fallback.
2025-08-23 00:34:34 [915,045ms] [Warning] [omnigibson.prims.material_prim] No compatible material prim class found for material at /World/scene_0/container_36/Looks/WALNUT_WOOD with asset path gltf/pbr.mdl and sub-identifier gltf_material. Using MaterialPrim as a fallback.
[WARNING] [omnigibson.objects.dataset_object] Category container not found in average object specs! Defaulting to unit mass or density.
2025-08-23 00:34:35 [916,176ms] [Warning] [omnigibson.objects.dataset_object] Category container not found in average object specs! Defaulting to unit mass or density.
[WARNING] [omnigibson.objects.dataset_object] Category stool not found in average object specs! Defaulting to unit mass or density.
2025-08-23 00:34:37 [917,684ms] [Warning] [omnigibson.objects.dataset_object] Category stool not found in average object specs! Defaulting to unit mass or density.
[WARNING] [omnigibson.objects.dataset_object] Category stool not found in average object specs! Defaulting to unit mass or density.
2025-08-23 00:34:38 [919,208ms] [Warning] [omnigibson.objects.dataset_object] Category stool not found in average object specs! Defaulting to unit mass or density.
[WARNING] [omnigibson.objects.dataset_object] Category stool not found in average object specs! Defaulting to unit mass or density.
2025-08-23 00:34:40 [920,678ms] [Warning] [omnigibson.objects.dataset_object] Category stool not found in average object specs! Defaulting to unit mass or density.
[WARNING] [omnigibson.objects.dataset_object] Category stool not found in average object specs! Defaulting to unit mass or density.
2025-08-23 00:34:41 [922,260ms] [Warning] [omnigibson.objects.dataset_object] Category stool not found in average object specs! Defaulting to unit mass or density.
[WARNING] [omnigibson.objects.stateful_object] State ContainedParticles is incompatible with obj bathtub_41. Reason: LinkBasedStateMixin ContainedParticles requires meta link with type ['fillable', 'openfillable'] for obj bathtub_41 but none was found! To get valid compatible object models, please use omnigibson.utils.asset_utils.get_all_object_category_models_with_abilities(...)
2025-08-23 00:34:43 [923,789ms] [Warning] [omnigibson.objects.stateful_object] State ContainedParticles is incompatible with obj bathtub_41. Reason: LinkBasedStateMixin ContainedParticles requires meta link with type ['fillable', 'openfillable'] for obj bathtub_41 but none was found! To get valid compatible object models, please use omnigibson.utils.asset_utils.get_all_object_category_models_with_abilities(...)
[WARNING] [omnigibson.objects.stateful_object] State Filled is incompatible with obj bathtub_41. Reason: Missing required dependency state ContainedParticles
2025-08-23 00:34:43 [923,790ms] [Warning] [omnigibson.objects.stateful_object] State Filled is incompatible with obj bathtub_41. Reason: Missing required dependency state ContainedParticles
[WARNING] [omnigibson.objects.stateful_object] State Contains is incompatible with obj bathtub_41. Reason: Missing required dependency state ContainedParticles
2025-08-23 00:34:43 [923,790ms] [Warning] [omnigibson.objects.stateful_object] State Contains is incompatible with obj bathtub_41. Reason: Missing required dependency state ContainedParticles
[WARNING] [omnigibson.prims.material_prim] No compatible material prim class found for material at /World/scene_0/carpet_42/Looks/Pelt with asset path gltf/pbr.mdl and sub-identifier gltf_material. Using MaterialPrim as a fallback.
2025-08-23 00:34:43 [924,314ms] [Warning] [omnigibson.prims.material_prim] No compatible material prim class found for material at /World/scene_0/carpet_42/Looks/Pelt with asset path gltf/pbr.mdl and sub-identifier gltf_material. Using MaterialPrim as a fallback.
[WARNING] [omnigibson.objects.stateful_object] State ParticleRemover is incompatible with obj carpet_42. Reason: ParticleRemover requires gm.USE_GPU_DYNAMICS=True!
2025-08-23 00:34:44 [924,780ms] [Warning] [omnigibson.objects.stateful_object] State ParticleRemover is incompatible with obj carpet_42. Reason: ParticleRemover requires gm.USE_GPU_DYNAMICS=True!
[WARNING] [omnigibson.objects.dataset_object] Category table not found in average object specs! Defaulting to unit mass or density.
2025-08-23 00:34:45 [925,542ms] [Warning] [omnigibson.objects.dataset_object] Category table not found in average object specs! Defaulting to unit mass or density.
[WARNING] [omnigibson.objects.stateful_object] State ParticleRemover is incompatible with obj toilet_paper_45. Reason: ParticleRemover requires gm.USE_GPU_DYNAMICS=True!
2025-08-23 00:34:47 [927,875ms] [Warning] [omnigibson.objects.stateful_object] State ParticleRemover is incompatible with obj toilet_paper_45. Reason: ParticleRemover requires gm.USE_GPU_DYNAMICS=True!
[WARNING] [omnigibson.objects.dataset_object] Category seat not found in average object specs! Defaulting to unit mass or density.
2025-08-23 00:34:48 [929,232ms] [Warning] [omnigibson.objects.dataset_object] Category seat not found in average object specs! Defaulting to unit mass or density.
[WARNING] [omnigibson.objects.dataset_object] Category seat not found in average object specs! Defaulting to unit mass or density.
2025-08-23 00:34:50 [931,012ms] [Warning] [omnigibson.objects.dataset_object] Category seat not found in average object specs! Defaulting to unit mass or density.
[WARNING] [omnigibson.objects.dataset_object] Category flower_stand not found in average object specs! Defaulting to unit mass or density.
2025-08-23 00:34:52 [933,300ms] [Warning] [omnigibson.objects.dataset_object] Category flower_stand not found in average object specs! Defaulting to unit mass or density.
[WARNING] [omnigibson.objects.dataset_object] Category flowerpot not found in average object specs! Defaulting to unit mass or density.
2025-08-23 00:34:54 [934,855ms] [Warning] [omnigibson.objects.dataset_object] Category flowerpot not found in average object specs! Defaulting to unit mass or density.
[WARNING] [omnigibson.prims.material_prim] No compatible material prim class found for material at /World/scene_0/decoration_52/Looks/Metal_Brushed_old_metal with asset path gltf/pbr.mdl and sub-identifier gltf_material. Using MaterialPrim as a fallback.
2025-08-23 00:34:54 [935,224ms] [Warning] [omnigibson.prims.material_prim] No compatible material prim class found for material at /World/scene_0/decoration_52/Looks/Metal_Brushed_old_metal with asset path gltf/pbr.mdl and sub-identifier gltf_material. Using MaterialPrim as a fallback.
[WARNING] [omnigibson.objects.dataset_object] Category decoration not found in average object specs! Defaulting to unit mass or density.
2025-08-23 00:34:55 [936,388ms] [Warning] [omnigibson.objects.dataset_object] Category decoration not found in average object specs! Defaulting to unit mass or density.
[WARNING] [omnigibson.objects.dataset_object] Category table not found in average object specs! Defaulting to unit mass or density.
2025-08-23 00:34:57 [937,960ms] [Warning] [omnigibson.objects.dataset_object] Category table not found in average object specs! Defaulting to unit mass or density.
[WARNING] [omnigibson.objects.stateful_object] State AttachedTo is incompatible with obj mirror_56. Reason: LinkBasedStateMixin AttachedTo requires meta link with type ['attachment'] for obj mirror_56 but none was found! To get valid compatible object models, please use omnigibson.utils.asset_utils.get_all_object_category_models_with_abilities(...)
2025-08-23 00:34:59 [939,448ms] [Warning] [omnigibson.objects.stateful_object] State AttachedTo is incompatible with obj mirror_56. Reason: LinkBasedStateMixin AttachedTo requires meta link with type ['attachment'] for obj mirror_56 but none was found! To get valid compatible object models, please use omnigibson.utils.asset_utils.get_all_object_category_models_with_abilities(...)
[WARNING] [omnigibson.prims.material_prim] No compatible material prim class found for material at /World/scene_0/shelf_58/Looks/mig_00wood with asset path gltf/pbr.mdl and sub-identifier gltf_material. Using MaterialPrim as a fallback.
2025-08-23 00:34:59 [939,772ms] [Warning] [omnigibson.prims.material_prim] No compatible material prim class found for material at /World/scene_0/shelf_58/Looks/mig_00wood with asset path gltf/pbr.mdl and sub-identifier gltf_material. Using MaterialPrim as a fallback.
[WARNING] [omnigibson.prims.material_prim] No compatible material prim class found for material at /World/scene_0/shelf_59/Looks/mig_00wood with asset path gltf/pbr.mdl and sub-identifier gltf_material. Using MaterialPrim as a fallback.
2025-08-23 00:34:59 [939,872ms] [Warning] [omnigibson.prims.material_prim] No compatible material prim class found for material at /World/scene_0/shelf_59/Looks/mig_00wood with asset path gltf/pbr.mdl and sub-identifier gltf_material. Using MaterialPrim as a fallback.
[WARNING] [omnigibson.prims.material_prim] No compatible material prim class found for material at /World/scene_0/shelf_60/Looks/mig_00wood with asset path gltf/pbr.mdl and sub-identifier gltf_material. Using MaterialPrim as a fallback.
2025-08-23 00:34:59 [939,960ms] [Warning] [omnigibson.prims.material_prim] No compatible material prim class found for material at /World/scene_0/shelf_60/Looks/mig_00wood with asset path gltf/pbr.mdl and sub-identifier gltf_material. Using MaterialPrim as a fallback.
[WARNING] [omnigibson.objects.stateful_object] State AttachedTo is incompatible with obj mirror_61. Reason: LinkBasedStateMixin AttachedTo requires meta link with type ['attachment'] for obj mirror_61 but none was found! To get valid compatible object models, please use omnigibson.utils.asset_utils.get_all_object_category_models_with_abilities(...)
2025-08-23 00:34:59 [940,205ms] [Warning] [omnigibson.objects.stateful_object] State AttachedTo is incompatible with obj mirror_61. Reason: LinkBasedStateMixin AttachedTo requires meta link with type ['attachment'] for obj mirror_61 but none was found! To get valid compatible object models, please use omnigibson.utils.asset_utils.get_all_object_category_models_with_abilities(...)
[WARNING] [omnigibson.objects.dataset_object] Category lamp not found in average object specs! Defaulting to unit mass or density.
2025-08-23 00:35:00 [940,448ms] [Warning] [omnigibson.objects.dataset_object] Category lamp not found in average object specs! Defaulting to unit mass or density.
[WARNING] [omnigibson.objects.dataset_object] Category dresser not found in average object specs! Defaulting to unit mass or density.
2025-08-23 00:35:00 [940,602ms] [Warning] [omnigibson.objects.dataset_object] Category dresser not found in average object specs! Defaulting to unit mass or density.
[WARNING] [omnigibson.objects.dataset_object] Category seat not found in average object specs! Defaulting to unit mass or density.
2025-08-23 00:35:01 [941,986ms] [Warning] [omnigibson.objects.dataset_object] Category seat not found in average object specs! Defaulting to unit mass or density.
[WARNING] [omnigibson.objects.dataset_object] Category counter not found in average object specs! Defaulting to unit mass or density.
2025-08-23 00:35:02 [942,654ms] [Warning] [omnigibson.objects.dataset_object] Category counter not found in average object specs! Defaulting to unit mass or density.
[WARNING] [omnigibson.objects.dataset_object] Category flowerpot not found in average object specs! Defaulting to unit mass or density.
2025-08-23 00:35:04 [944,775ms] [Warning] [omnigibson.objects.dataset_object] Category flowerpot not found in average object specs! Defaulting to unit mass or density.
[WARNING] [omnigibson.objects.dataset_object] Category candle not found in average object specs! Defaulting to unit mass or density.
2025-08-23 00:35:06 [946,745ms] [Warning] [omnigibson.objects.dataset_object] Category candle not found in average object specs! Defaulting to unit mass or density.
[ERROR] [__main__] openings hssd2012 negative scale detected: tensor([-1.0000,  1.0000,  1.0000])
2025-08-23 00:35:06 [946,964ms] [Error] [__main__] openings hssd2012 negative scale detected: tensor([-1.0000,  1.0000,  1.0000])
[WARNING] [omnigibson.objects.dataset_object] Category openings not found in average object specs! Defaulting to unit mass or density.
2025-08-23 00:35:06 [947,365ms] [Warning] [omnigibson.objects.dataset_object] Category openings not found in average object specs! Defaulting to unit mass or density.
[ERROR] [__main__] openings hssd37550 negative scale detected: tensor([-1.0000,  1.0000,  1.0000])
2025-08-23 00:35:07 [947,444ms] [Error] [__main__] openings hssd37550 negative scale detected: tensor([-1.0000,  1.0000,  1.0000])
[WARNING] [omnigibson.objects.dataset_object] Category openings not found in average object specs! Defaulting to unit mass or density.
2025-08-23 00:35:07 [947,876ms] [Warning] [omnigibson.objects.dataset_object] Category openings not found in average object specs! Defaulting to unit mass or density.
[ERROR] [__main__] openings hssd37550 negative scale detected: tensor([-1.0000,  1.0000,  1.0000])
2025-08-23 00:35:07 [947,960ms] [Error] [__main__] openings hssd37550 negative scale detected: tensor([-1.0000,  1.0000,  1.0000])
[WARNING] [omnigibson.objects.dataset_object] Category openings not found in average object specs! Defaulting to unit mass or density.
2025-08-23 00:35:08 [948,450ms] [Warning] [omnigibson.objects.dataset_object] Category openings not found in average object specs! Defaulting to unit mass or density.
[ERROR] [__main__] openings hssd37550 negative scale detected: tensor([-1.0000,  1.0000,  1.0000])
2025-08-23 00:35:08 [948,539ms] [Error] [__main__] openings hssd37550 negative scale detected: tensor([-1.0000,  1.0000,  1.0000])
[WARNING] [omnigibson.objects.dataset_object] Category openings not found in average object specs! Defaulting to unit mass or density.
2025-08-23 00:35:08 [948,905ms] [Warning] [omnigibson.objects.dataset_object] Category openings not found in average object specs! Defaulting to unit mass or density.
[ERROR] [__main__] openings hssd37550 negative scale detected: tensor([-1.0000,  1.0000,  1.0000])
2025-08-23 00:35:08 [948,987ms] [Error] [__main__] openings hssd37550 negative scale detected: tensor([-1.0000,  1.0000,  1.0000])
[WARNING] [omnigibson.objects.dataset_object] Category openings not found in average object specs! Defaulting to unit mass or density.
2025-08-23 00:35:09 [949,502ms] [Warning] [omnigibson.objects.dataset_object] Category openings not found in average object specs! Defaulting to unit mass or density.
100%|| 1/1 [16:38<00:00, 998.86s/it]100%|| 1/1 [16:38<00:00, 998.87s/it]
2025-08-23 00:35:56 [997,330ms] [Warning] [carb] Failed to startup plugin carb.windowing-glfw.plugin (interfaces: [carb::windowing::IGLContext v1.0],[carb::windowing::IWindowing v1.5]) (impl: carb.windowing-glfw.plugin)
2025-08-23 00:35:58 [998,802ms] [Warning] [carb] Plugin interface for a client: omni.hydratexture.plugin was already released.
[999.567s] Simulation App Shutting Down
