/home/cgokmen/miniconda3/envs/behavior/bin/python: No module named omnigibson.examples.scenes.import_hssd_scenes
/home/cgokmen/miniconda3/envs/behavior/bin/python: No module named omnigibson.examples.scenes.import_hssd_scenes
/home/cgokmen/miniconda3/envs/behavior/bin/python: No module named omnigibson.examples.scenes.import_hssd_scenes
/home/cgokmen/miniconda3/envs/behavior/bin/python: No module named omnigibson.examples.scenes.import_hssd_scenes
/home/cgokmen/miniconda3/envs/behavior/bin/python: No module named omnigibson.examples.scenes.import_hssd_scenes
/home/cgokmen/miniconda3/envs/behavior/bin/python: No module named omnigibson.examples.scenes.import_hssd_scenes
/home/cgokmen/miniconda3/envs/behavior/bin/python: No module named omnigibson.examples.scenes.import_hssd_scenes
/home/cgokmen/miniconda3/envs/behavior/bin/python: No module named omnigibson.examples.scenes.import_hssd_scenes
/home/cgokmen/miniconda3/envs/behavior/bin/python: No module named omnigibson.examples.scenes.import_hssd_scenes
/home/cgokmen/miniconda3/envs/behavior/bin/python: No module named omnigibson.examples.scenes.import_hssd_scenes
/home/cgokmen/miniconda3/envs/behavior/bin/python: No module named omnigibson.examples.scenes.import_hssd_scenes
/home/cgokmen/miniconda3/envs/behavior/bin/python: No module named omnigibson.examples.scenes.import_hssd_scenes
/home/cgokmen/miniconda3/envs/behavior/bin/python: No module named omnigibson.examples.scenes.import_hssd_scenes
/home/cgokmen/miniconda3/envs/behavior/bin/python: No module named omnigibson.examples.scenes.import_hssd_scenes
/home/cgokmen/miniconda3/envs/behavior/bin/python: No module named omnigibson.examples.scenes.import_hssd_scenes
/home/cgokmen/miniconda3/envs/behavior/bin/python: No module named omnigibson.examples.scenes.import_hssd_scenes
/home/cgokmen/miniconda3/envs/behavior/bin/python: No module named omnigibson.examples.scenes.import_hssd_scenes
/home/cgokmen/miniconda3/envs/behavior/bin/python: No module named omnigibson.examples.scenes.import_hssd_scenes
/home/cgokmen/miniconda3/envs/behavior/bin/python: No module named omnigibson.examples.scenes.import_hssd_scenes
/home/cgokmen/miniconda3/envs/behavior/bin/python: No module named omnigibson.examples.scenes.import_hssd_scenes
/home/cgokmen/miniconda3/envs/behavior/bin/python: No module named omnigibson.examples.scenes.import_hssd_scenes
/home/cgokmen/miniconda3/envs/behavior/bin/python: No module named omnigibson.examples.scenes.import_hssd_scenes
/home/cgokmen/miniconda3/envs/behavior/bin/python: No module named omnigibson.examples.scenes.import_hssd_scenes
/home/cgokmen/miniconda3/envs/behavior/bin/python: No module named omnigibson.examples.scenes.import_hssd_scenes
/home/cgokmen/miniconda3/envs/behavior/bin/python: No module named omnigibson.examples.scenes.import_hssd_scenes
/home/cgokmen/miniconda3/envs/behavior/bin/python: No module named omnigibson.examples.scenes.import_hssd_scenes
/home/cgokmen/miniconda3/envs/behavior/bin/python: No module named omnigibson.examples.scenes.import_hssd_scenes
/home/cgokmen/miniconda3/envs/behavior/bin/python: No module named omnigibson.examples.scenes.import_hssd_scenes
/home/cgokmen/miniconda3/envs/behavior/bin/python: No module named omnigibson.examples.scenes.import_hssd_scenes
/home/cgokmen/miniconda3/envs/behavior/bin/python: No module named omnigibson.examples.scenes.import_hssd_scenes
/home/cgokmen/miniconda3/envs/behavior/bin/python: No module named omnigibson.examples.scenes.import_hssd_scenes
  0%|          | 0/1 [00:00<?, ?it/s][INFO] [omnigibson.simulator] ----- Starting OmniGibson. This will take 10-30 seconds... -----
Starting kit application with the following args:  ['/opt/hpcaas/.mounts/fs-0565f60d669b6a2d3/home/cgokmen/miniconda3/envs/behavior/lib/python3.10/site-packages/isaacsim/exts/isaacsim.simulation_app/isaacsim/simulation_app/simulation_app.py', '/opt/hpcaas/.mounts/fs-0565f60d669b6a2d3/home/cgokmen/miniconda3/envs/behavior/lib/python3.10/site-packages/isaacsim/apps/omnigibson_4_5_0.kit', '--/app/tokens/exe-path=/opt/hpcaas/.mounts/fs-0565f60d669b6a2d3/home/cgokmen/miniconda3/envs/behavior/lib/python3.10/site-packages/omni', '--/persistent/app/viewport/displayOptions=3094', '--/rtx/materialDb/syncLoads=True', '--/rtx/hydra/materialSyncLoads=True', '--/omni.kit.plugin/syncUsdLoads=True', '--/app/renderer/resolution/width=1280', '--/app/renderer/resolution/height=720', '--/app/window/width=1440', '--/app/window/height=900', '--/renderer/multiGpu/enabled=False', '--/app/fastShutdown=True', '--/app/installSignalHandlers=0', '--ext-folder', '/opt/hpcaas/.mounts/fs-0565f60d669b6a2d3/home/cgokmen/miniconda3/envs/behavior/lib/python3.10/site-packages/isaacsim/exts', '--ext-folder', '/opt/hpcaas/.mounts/fs-0565f60d669b6a2d3/home/cgokmen/miniconda3/envs/behavior/lib/python3.10/site-packages/isaacsim/apps', '--/physics/cudaDevice=0', '--portable', '--no-window', '--/app/window/hideUi=1']
Passing the following args to the base kit application:  ['66', '168']
[Info] [carb] Logging to file: /opt/hpcaas/.mounts/fs-0565f60d669b6a2d3/home/cgokmen/miniconda3/envs/behavior/lib/python3.10/site-packages/omni/logs/Kit/OmniGibson/3.7/kit_20250823_001907.log
2025-08-23 00:19:07 [0ms] [Warning] [omni.kit.app.plugin] No crash reporter present, dumps uploading isn't available.
[3.125s] [ext: omni.kit.async_engine-0.0.1] startup
[DEBUG] [asyncio] Using selector: EpollSelector
[25.643s] [ext: omni.metrics.core-0.0.1] startup
[25.654s] [ext: omni.client.lib-1.0.0] startup
[26.590s] [ext: omni.blobkey-1.1.2] startup
[26.600s] [ext: omni.stats-1.0.1] startup
[26.619s] [ext: omni.datastore-0.0.0] startup
[26.931s] [ext: omni.client-1.2.2] startup
[27.134s] [ext: omni.ujitso.default-1.0.0] startup
[27.162s] [ext: omni.hsscclient-1.1.1] startup
2025-08-23 00:19:34 [26,871ms] [Warning] [omni.datastore] OmniHub is inaccessible
[28.628s] [ext: omni.gpu_foundation.shadercache.vulkan-1.0.0] startup
[28.662s] [ext: omni.assets.plugins-0.0.0] startup
[28.697s] [ext: omni.gpu_foundation-0.0.0] startup
[28.976s] [ext: carb.windowing.plugins-1.0.0] startup
2025-08-23 00:19:35 [28,681ms] [Warning] [carb.windowing-glfw.plugin] GLFW initialization failed.
2025-08-23 00:19:35 [28,681ms] [Warning] [carb] Failed to startup plugin carb.windowing-glfw.plugin (interfaces: [carb::windowing::IGLContext v1.0],[carb::windowing::IWindowing v1.5]) (impl: carb.windowing-glfw.plugin)
[28.999s] [ext: omni.kit.renderer.init-0.0.0] startup
2025-08-23 00:19:36 [28,786ms] [Warning] [omni.platforminfo.plugin] failed to open the default display.  Can't verify X Server version.
2025-08-23 00:19:36 [28,845ms] [Warning] [gpu.foundation.plugin] [ShaderCache]: 95 percent of the driver's shadercache size limit has been reached. Max size: 4000.00 MB, Currently used: 4000.04 MB. To avoid a persistent long startup or USD load time on every app launch, recommended to free space by deleting driver caches using one of the following methods:
- By running the app with --/renderer/shadercache/driverDiskCache/flush=true (only once).
- Or by manually deleting the following folders: '%LOCALAPPDATA%/NVIDIA/DXCache/Omniverse' (Windows-DX) or '$omni_cache/shaders/nv_shadercache' (Windows-Vulkan, Linux-Vulkan).
Driver caches will be re-generated which may take a few minutes on the next launch.
2025-08-23 00:19:37 [29,891ms] [Warning] [carb.cudainterop.plugin] CUDA_VISIBLE_DEVICES environment variable is set.
2025-08-23 00:19:37 [29,892ms] [Warning] [carb.cudainterop.plugin] Note CUDA device enumeration and Omniverse device enumeration are different.
2025-08-23 00:19:37 [29,892ms] [Warning] [carb.cudainterop.plugin] Setting CUDA_VISIBLE_DEVICES can lead to undesired behavior or crashes.

|---------------------------------------------------------------------------------------------|
| Driver Version: 570.172.08    | Graphics API: Vulkan
|=============================================================================================|
| GPU | Name                             | Active | LDA | GPU Memory | Vendor-ID | LUID       |
|     |                                  |        |     |            | Device-ID | UUID       |
|     |                                  |        |     |            | Bus-ID    |            |
|---------------------------------------------------------------------------------------------|
| 0   | NVIDIA A100-SXM4-80GB            | Yes: 0 |     | 147446  MB | 10de      | 0          |
|     |                                  |        |     |            | 20b2      | 13515cbf.. |
|     |                                  |        |     |            | a0        |            |
|=============================================================================================|
| OS: 22.04.5 LTS (Jammy Jellyfish) ubuntu, Version: 22.04.5, Kernel: 6.8.0-1033-aws
| Processor: Intel(R) Xeon(R) Platinum 8275CL CPU @ 3.00GHz
| Cores: 48 | Logical Cores: 96
|---------------------------------------------------------------------------------------------|
| Total Memory (MB): 1148721 | Free Memory: 1054686
| Total Page/Swap (MB): 0 | Free Page/Swap: 0
|---------------------------------------------------------------------------------------------|
2025-08-23 00:19:39 [31,790ms] [Warning] [gpu.foundation.plugin] ECC is enabled on physical device 0
[32.755s] [ext: omni.kit.pipapi-0.0.0] startup
[32.764s] [ext: omni.kit.pip_archive-0.0.0] startup
[32.768s] [ext: omni.services.pip_archive-0.13.11] startup
[32.773s] [ext: omni.materialx.libs-1.0.6] startup
[32.839s] [ext: omni.kit.telemetry-0.5.1] startup
[32.925s] [ext: omni.kit.loop-isaac-1.2.1] startup
[32.938s] [ext: omni.kit.test-1.1.2] startup
[33.125s] [ext: omni.usd.config-1.0.5] startup
[33.328s] [ext: omni.gpucompute.plugins-0.0.0] startup
[33.341s] [ext: omni.usd.libs-1.0.1] startup
[34.320s] [ext: omni.mdl-55.0.1] startup
[34.509s] [ext: omni.iray.libs-0.0.0] startup
[35.178s] [ext: omni.mdl.neuraylib-0.2.10] startup
[35.220s] [ext: omni.kit.usd.mdl-1.0.7] startup
[36.103s] [ext: omni.pip.compute-1.4.5] startup
[36.110s] [ext: omni.appwindow-1.1.9] startup
2025-08-23 00:19:43 [35,808ms] [Warning] [carb.windowing-glfw.plugin] GLFW initialization failed.
2025-08-23 00:19:43 [35,808ms] [Warning] [carb] Failed to startup plugin carb.windowing-glfw.plugin (interfaces: [carb::windowing::IGLContext v1.0],[carb::windowing::IWindowing v1.5]) (impl: carb.windowing-glfw.plugin)
[36.139s] [ext: omni.kit.renderer.core-1.0.2] startup
2025-08-23 00:19:43 [36,019ms] [Warning] [carb.windowing-glfw.plugin] GLFW initialization failed.
2025-08-23 00:19:43 [36,019ms] [Warning] [carb] Failed to startup plugin carb.windowing-glfw.plugin (interfaces: [carb::windowing::IGLContext v1.0],[carb::windowing::IWindowing v1.5]) (impl: carb.windowing-glfw.plugin)
2025-08-23 00:19:43 [36,039ms] [Warning] [carb.windowing-glfw.plugin] GLFW initialization failed.
2025-08-23 00:19:43 [36,039ms] [Warning] [carb] Failed to startup plugin carb.windowing-glfw.plugin (interfaces: [carb::windowing::IGLContext v1.0],[carb::windowing::IWindowing v1.5]) (impl: carb.windowing-glfw.plugin)
[36.366s] [ext: omni.kit.renderer.capture-0.0.0] startup
[36.398s] [ext: omni.kit.renderer.imgui-1.0.2] startup
2025-08-23 00:19:43 [36,148ms] [Warning] [carb.windowing-glfw.plugin] GLFW initialization failed.
2025-08-23 00:19:43 [36,148ms] [Warning] [carb] Failed to startup plugin carb.windowing-glfw.plugin (interfaces: [carb::windowing::IGLContext v1.0],[carb::windowing::IWindowing v1.5]) (impl: carb.windowing-glfw.plugin)
2025-08-23 00:19:43 [36,153ms] [Warning] [carb.windowing-glfw.plugin] GLFW initialization failed.
2025-08-23 00:19:43 [36,153ms] [Warning] [carb] Failed to startup plugin carb.windowing-glfw.plugin (interfaces: [carb::windowing::IGLContext v1.0],[carb::windowing::IWindowing v1.5]) (impl: carb.windowing-glfw.plugin)
2025-08-23 00:19:43 [36,160ms] [Warning] [carb.windowing-glfw.plugin] GLFW initialization failed.
2025-08-23 00:19:43 [36,160ms] [Warning] [carb] Failed to startup plugin carb.windowing-glfw.plugin (interfaces: [carb::windowing::IGLContext v1.0],[carb::windowing::IWindowing v1.5]) (impl: carb.windowing-glfw.plugin)
[36.692s] [ext: omni.ui-2.26.5] startup
[36.779s] [ext: omni.kit.mainwindow-1.0.3] startup
[36.792s] [ext: carb.audio-0.1.0] startup
[36.823s] [ext: omni.uiaudio-1.0.0] startup
[36.838s] [ext: omni.kit.uiapp-0.0.0] startup
[36.838s] [ext: omni.usd.schema.metrics.assembler-106.5.0] startup
[36.909s] [ext: omni.usd.schema.omniscripting-1.0.0] startup
[36.956s] [ext: omni.usd.schema.physx-106.5.7] startup
[37.198s] [ext: omni.usd.schema.audio-0.0.0] startup
[37.243s] [ext: omni.usd.schema.omnigraph-1.0.0] startup
[37.306s] [ext: omni.usd.schema.anim-0.0.0] startup
[37.505s] [ext: omni.usd.schema.semantics-0.0.0] startup
[37.539s] [ext: omni.usd.schema.geospatial-0.0.0] startup
[37.572s] [ext: omni.kit.window.popup_dialog-2.0.24] startup
[37.616s] [ext: omni.resourcemonitor-107.0.0] startup
[37.651s] [ext: omni.activity.core-1.0.1] startup
[37.745s] [ext: omni.timeline-1.0.11] startup
[37.837s] [ext: omni.usd_resolver-1.0.0] startup
[37.879s] [ext: omni.kit.widget.nucleus_connector-1.1.10] startup
[37.894s] [ext: usdrt.scenegraph-7.5.1] startup
[38.237s] [ext: omni.usd.core-1.4.2] startup
[38.265s] [ext: omni.kit.usd_undo-0.1.8] startup
[38.270s] [ext: omni.graph.exec-0.9.4] startup
[38.278s] [ext: omni.kit.actions.core-1.0.0] startup
[38.308s] [ext: omni.kit.audiodeviceenum-1.0.1] startup
[38.333s] [ext: omni.kit.exec.core-0.13.4] startup
[38.371s] [ext: omni.kit.commands-1.4.9] startup
[38.433s] [ext: omni.hydra.usdrt_delegate-7.5.1] startup
[38.554s] [ext: omni.hydra.scene_delegate-0.3.3] startup
[38.597s] [ext: omni.usd-1.12.4] startup
[38.893s] [ext: omni.kit.asset_converter-2.8.5] startup
[39.173s] [ext: isaacsim.robot.schema-3.1.2] startup
[39.259s] [ext: omni.pip.cloud-1.1.7] startup
[39.274s] [ext: omni.usd.schema.isaac-3.0.2] startup
[39.275s] [ext: omni.usd.schema.flow-107.0.0] startup
[39.288s] [ext: omni.inspect-1.0.1] startup
[39.311s] [ext: omni.kit.notification_manager-1.0.9] startup
[39.341s] [ext: omni.graph.core-2.181.8] startup
[39.401s] [ext: isaacsim.core.deprecation_manager-0.2.2] startup
[39.415s] [ext: omni.usd.schema.forcefield-106.5.7] startup
[39.474s] [ext: omni.kit.menu.core-1.1.2] startup
[39.486s] [ext: omni.kit.clipboard-1.0.5] startup
[39.502s] [ext: omni.kit.widget.context_menu-1.2.4] startup
[39.518s] [ext: omni.kit.widget.options_menu-1.1.6] startup
[39.563s] [ext: omni.kit.helper.file_utils-0.1.9] startup
[39.579s] [ext: omni.kit.widget.path_field-2.0.11] startup
[39.595s] [ext: omni.kit.property.adapter.core-1.0.2] startup
[39.650s] [ext: omni.kit.widget.options_button-1.0.3] startup
[39.661s] [ext: omni.kit.widget.filebrowser-2.10.52] startup
[39.707s] [ext: omni.kit.widget.browser_bar-2.0.10] startup
[39.724s] [ext: omni.kit.property.adapter.fabric-1.0.3] startup
[39.747s] [ext: omni.ui.scene-1.11.2] startup
[39.800s] [ext: omni.kit.numpy.common-0.1.2] startup
[39.812s] [ext: omni.kit.window.filepicker-2.11.7] startup
[39.943s] [ext: omni.kit.usd.layers-2.2.0] startup
[40.039s] [ext: omni.hydra.rtx.shadercache.vulkan-1.0.0] startup
[40.060s] [ext: omni.kit.window.file_importer-1.1.14] startup
[40.099s] [ext: omni.kit.menu.utils-1.7.7] startup
[40.179s] [ext: omni.kit.context_menu-1.8.3] startup
[40.208s] [ext: omni.ujitso.processor.texture-1.0.0] startup
[40.228s] [ext: omni.index.libs-380600.1777.0] startup
[40.228s] [ext: omni.volume-0.5.0] startup
[40.429s] [ext: omni.ujitso.client-0.0.0] startup
[40.438s] [ext: omni.index-1.0.1] startup
[40.457s] [ext: omni.kit.hotkeys.core-1.3.10] startup
[40.459s] [ext: omni.hydra.rtx-1.0.0] startup
2025-08-23 00:19:47 [40,243ms] [Warning] [omni.log] Source: omni.hydra was already registered.
[40.886s] [ext: omni.kit.material.library-1.5.15] startup
[40.943s] [ext: omni.convexdecomposition-106.5.7] startup
[41.003s] [ext: omni.kit.viewport.legacy_gizmos-1.0.16] startup
[41.029s] [ext: omni.kit.raycast.query-1.0.5] startup
[41.070s] [ext: omni.hydra.engine.stats-1.0.3] startup
[41.090s] [ext: omni.kvdb-106.5.7] startup
[41.127s] [ext: omni.usdphysics-106.5.7] startup
[41.148s] [ext: omni.physx.foundation-106.5.7] startup
[41.196s] [ext: omni.localcache-106.5.7] startup
[41.227s] [ext: isaacsim.core.version-2.0.2] startup
[41.243s] [ext: omni.physx.cooking-106.5.7] startup
[41.307s] [ext: omni.kit.viewport.scene_camera_model-1.0.5] startup
[41.337s] [ext: omni.kit.hydra_texture-1.4.0] startup
[41.378s] [ext: omni.physx-106.5.7] startup
[41.524s] [ext: omni.kit.window.drop_support-1.0.4] startup
[41.538s] [ext: omni.kit.widget.viewport-107.0.7] startup
[41.592s] [ext: omni.kit.viewport.registry-104.0.6] startup
[41.604s] [ext: omni.physx.stageupdate-106.5.7] startup
[41.647s] [ext: omni.kit.viewport.window-107.0.8] startup
[41.768s] [ext: isaacsim.storage.native-1.0.6] startup
[41.785s] [ext: omni.isaac.dynamic_control-1.3.16] startup
2025-08-23 00:19:48 [41,530ms] [Warning] [omni.isaac.dynamic_control] omni.isaac.dynamic_control is deprecated as of Isaac Sim 4.5. No action is needed from end-users.
[41.854s] [ext: omni.warp.core-1.5.0] startup
[42.120s] [ext: omni.kit.widget.searchfield-1.1.8] startup
[42.132s] [ext: omni.kit.window.file_exporter-1.0.31] startup
[42.148s] [ext: omni.kit.widget.filter-1.1.4] startup
[42.159s] [ext: isaacsim.core.utils-2.2.8] startup
[42.192s] [ext: omni.kit.stage_template.core-1.1.22] startup
[42.204s] [ext: omni.kit.widget.stage-2.11.6] startup
[42.343s] [ext: omni.kit.widget.stage_icons-1.0.6] startup
[42.359s] [ext: omni.kit.window.file-1.3.57] startup
[42.389s] [ext: omni.kit.window.content_browser_registry-0.0.6] startup
[42.400s] [ext: omni.kit.widget.searchable_combobox-1.0.6] startup
[42.415s] [ext: omni.kit.window.stage-2.5.11] startup
[42.443s] [ext: omni.kit.window.content_browser-2.10.3] startup
[42.530s] [ext: omni.kit.usd.collect-2.2.22] startup
[42.553s] [ext: omni.kit.widget.settings-1.2.2] startup
[42.575s] [ext: omni.kit.menu.stage-1.2.5] startup
[42.588s] [ext: omni.kit.widget.prompt-1.0.7] startup
[42.600s] [ext: omni.kit.window.preferences-1.7.0] startup
[42.698s] [ext: omni.kit.viewport.utility-1.0.18] startup
[42.707s] [ext: omni.kit.xr.configurations-106.5.13] startup
[42.707s] [ext: omni.kit.widget.zoombar-1.0.5] startup
[42.721s] [ext: omni.rtx.window.settings-0.6.17] startup
[42.766s] [ext: omni.kit.manipulator.camera-106.0.3] startup
[42.808s] [ext: omni.kit.xr.core-106.5.13] startup
[45.619s] [ext: omni.physics.tensors-106.5.7] startup
[45.667s] [ext: omni.kit.browser.core-2.3.11] startup
[45.713s] [ext: omni.kit.xr.ui.window.viewport-106.5.13] startup
[45.782s] [ext: omni.physx.tensors-106.5.7] startup
[45.827s] [ext: omni.kit.browser.folder.core-1.10.1] startup
[45.880s] [ext: omni.kit.xr.scene_view.core-106.5.13] startup
[45.916s] [ext: isaacsim.core.simulation_manager-0.3.3] startup
[46.200s] [ext: omni.kit.tool.collect-2.2.16] startup
[46.224s] [ext: omni.services.facilities.base-1.0.4] startup
[46.246s] [ext: isaacsim.core.prims-0.3.7] startup
[46.348s] [ext: isaacsim.asset.browser-1.3.4] startup
[46.647s] [ext: omni.graph.tools-1.79.1] startup
[DEBUG] [AutoNode] Defining data type 'any' as 'Any'
[DEBUG] [AutoNode] Defining data type 'bool' as 'Bool' and array 'BoolArray
[DEBUG] [AutoNode] Defining data type 'bundle' as 'Bundle'
[DEBUG] [AutoNode] Defining data type 'colord[3]' as 'Color3d' and array 'Color3dArray
[DEBUG] [AutoNode] Defining data type 'colorf[3]' as 'Color3f' and array 'Color3fArray
[DEBUG] [AutoNode] Defining data type 'colorh[3]' as 'Color3h' and array 'Color3hArray
[DEBUG] [AutoNode] Defining data type 'colord[4]' as 'Color4d' and array 'Color4dArray
[DEBUG] [AutoNode] Defining data type 'colorf[4]' as 'Color4f' and array 'Color4fArray
[DEBUG] [AutoNode] Defining data type 'colorh[4]' as 'Color4h' and array 'Color4hArray
[DEBUG] [AutoNode] Defining data type 'double' as 'Double' and array 'DoubleArray
[DEBUG] [AutoNode] Defining data type 'double[2]' as 'Double2' and array 'Double2Array
[DEBUG] [AutoNode] Defining data type 'double[3]' as 'Double3' and array 'Double3Array
[DEBUG] [AutoNode] Defining data type 'double[4]' as 'Double4' and array 'Double4Array
[DEBUG] [AutoNode] Defining data type 'execution' as 'Execution'
[DEBUG] [AutoNode] Defining data type 'float' as 'Float' and array 'FloatArray
[DEBUG] [AutoNode] Defining data type 'float[2]' as 'Float2' and array 'Float2Array
[DEBUG] [AutoNode] Defining data type 'float[3]' as 'Float3' and array 'Float3Array
[DEBUG] [AutoNode] Defining data type 'float[4]' as 'Float4' and array 'Float4Array
[DEBUG] [AutoNode] Defining data type 'frame[4]' as 'Frame' and array 'FrameArray
[DEBUG] [AutoNode] Defining data type 'half' as 'Half' and array 'HalfArray
[DEBUG] [AutoNode] Defining data type 'half[2]' as 'Half2' and array 'Half2Array
[DEBUG] [AutoNode] Defining data type 'half[3]' as 'Half3' and array 'Half3Array
[DEBUG] [AutoNode] Defining data type 'half[4]' as 'Half4' and array 'Half4Array
[DEBUG] [AutoNode] Defining data type 'int' as 'Int' and array 'IntArray
[DEBUG] [AutoNode] Defining data type 'int[2]' as 'Int2' and array 'Int2Array
[DEBUG] [AutoNode] Defining data type 'int[3]' as 'Int3' and array 'Int3Array
[DEBUG] [AutoNode] Defining data type 'int[4]' as 'Int4' and array 'Int4Array
[DEBUG] [AutoNode] Defining data type 'int64' as 'Int64' and array 'Int64Array
[DEBUG] [AutoNode] Defining data type 'matrixd[2]' as 'Matrix2d' and array 'Matrix2dArray
[DEBUG] [AutoNode] Defining data type 'matrixd[3]' as 'Matrix3d' and array 'Matrix3dArray
[DEBUG] [AutoNode] Defining data type 'matrixd[4]' as 'Matrix4d' and array 'Matrix4dArray
[DEBUG] [AutoNode] Defining data type 'normald[3]' as 'Normal3d' and array 'Normal3dArray
[DEBUG] [AutoNode] Defining data type 'normalf[3]' as 'Normal3f' and array 'Normal3fArray
[DEBUG] [AutoNode] Defining data type 'normalh[3]' as 'Normal3h' and array 'Normal3hArray
[DEBUG] [AutoNode] Defining data type 'objectId' as 'ObjectId' and array 'ObjectIdArray
[DEBUG] [AutoNode] Defining data type 'path' as 'Path'
[DEBUG] [AutoNode] Defining data type 'pointd[3]' as 'Point3d' and array 'Point3dArray
[DEBUG] [AutoNode] Defining data type 'pointf[3]' as 'Point3f' and array 'Point3fArray
[DEBUG] [AutoNode] Defining data type 'pointh[3]' as 'Point3h' and array 'Point3hArray
[DEBUG] [AutoNode] Defining data type 'quatd[4]' as 'Quatd' and array 'QuatdArray
[DEBUG] [AutoNode] Defining data type 'quatf[4]' as 'Quatf' and array 'QuatfArray
[DEBUG] [AutoNode] Defining data type 'quath[4]' as 'Quath' and array 'QuathArray
[DEBUG] [AutoNode] Defining data type 'string' as 'String'
[DEBUG] [AutoNode] Defining data type 'target' as 'Target'
[DEBUG] [AutoNode] Defining data type 'texcoordd[2]' as 'TexCoord2d' and array 'TexCoord2dArray
[DEBUG] [AutoNode] Defining data type 'texcoordf[2]' as 'TexCoord2f' and array 'TexCoord2fArray
[DEBUG] [AutoNode] Defining data type 'texcoordh[2]' as 'TexCoord2h' and array 'TexCoord2hArray
[DEBUG] [AutoNode] Defining data type 'texcoordd[3]' as 'TexCoord3d' and array 'TexCoord3dArray
[DEBUG] [AutoNode] Defining data type 'texcoordf[3]' as 'TexCoord3f' and array 'TexCoord3fArray
[DEBUG] [AutoNode] Defining data type 'texcoordh[3]' as 'TexCoord3h' and array 'TexCoord3hArray
[DEBUG] [AutoNode] Defining data type 'timecode' as 'Timecode' and array 'TimecodeArray
[DEBUG] [AutoNode] Defining data type 'token' as 'Token' and array 'TokenArray
[DEBUG] [AutoNode] Defining data type 'uchar' as 'UChar' and array 'UCharArray
[DEBUG] [AutoNode] Defining data type 'uint' as 'UInt' and array 'UIntArray
[DEBUG] [AutoNode] Defining data type 'uint64' as 'UInt64' and array 'UInt64Array
[DEBUG] [AutoNode] Defining data type 'vectord[3]' as 'Vector3d' and array 'Vector3dArray
[DEBUG] [AutoNode] Defining data type 'vectorf[3]' as 'Vector3f' and array 'Vector3fArray
[DEBUG] [AutoNode] Defining data type 'vectorh[3]' as 'Vector3h' and array 'Vector3hArray
[46.835s] [ext: omni.services.core-1.9.0] startup
[47.905s] [ext: omni.kit.primitive.mesh-1.0.17] startup
[47.937s] [ext: omni.kit.widget.highlight_label-1.0.3] startup
[47.944s] [ext: omni.services.transport.server.base-1.1.1] startup
[47.957s] [ext: omni.kit.stage_templates-1.2.6] startup
[47.977s] [ext: omni.kit.window.property-1.11.5] startup
[48.003s] [ext: omni.services.transport.server.zeroconf-1.0.9] startup
[48.079s] [ext: isaacsim.core.api-4.2.16] startup
[48.188s] [ext: omni.kit.property.adapter.usd-1.0.2] startup
[48.199s] [ext: omni.kit.xr.advertise-106.5.13] startup
[48.209s] [ext: omni.isaac.assets_check-0.3.9] startup
2025-08-23 00:19:55 [47,900ms] [Warning] [omni.isaac.assets_check] omni.isaac.assets_check has been deprecated in favor of isaacsim.asset.browser. Please update your code accordingly.
[48.216s] [ext: omni.graph-1.140.2] startup
[48.459s] [ext: omni.kit.property.usd-4.2.16] startup
[48.524s] [ext: omni.graph.action_core-1.1.7] startup
[48.553s] [ext: omni.kit.menu.create-1.0.17] startup
[48.566s] [ext: omni.kit.widget.text_editor-1.0.2] startup
[48.587s] [ext: omni.graph.action_nodes-1.40.1] startup
[48.625s] [ext: isaacsim.core.cloner-1.3.4] startup
[48.638s] [ext: omni.kit.scripting-106.5.2] startup
[48.685s] [ext: omni.graph.scriptnode-1.40.1] startup
[48.697s] [ext: omni.graph.action-1.120.0] startup
[48.709s] [ext: omni.isaac.cloner-1.0.2] startup
2025-08-23 00:19:55 [48,400ms] [Warning] [omni.isaac.cloner] omni.isaac.cloner has been deprecated in favor of isaacsim.core.cloner. Please update your code accordingly.
[48.716s] [ext: isaacsim.replicator.behavior-1.0.8] startup
[48.723s] [ext: omni.ui_query-1.1.7] startup
[48.733s] [ext: omni.kit.widget.graph-1.12.17] startup
[48.780s] [ext: omni.kit.manipulator.viewport-107.0.1] startup
[48.793s] [ext: omni.kit.ui_test-1.3.3] startup
[48.815s] [ext: omni.kit.graph.delegate.default-1.2.2] startup
[48.841s] [ext: omni.kit.window.extensions-1.4.25] startup
[48.884s] [ext: omni.graph.visualization.nodes-2.1.1] startup
[48.918s] [ext: omni.graph.image.core-0.6.0] startup
[48.931s] [ext: omni.kit.graph.editor.core-1.5.3] startup
[48.954s] [ext: isaacsim.gui.components-1.0.9] startup
[48.982s] [ext: omni.kit.widget.material_preview-1.0.16] startup
[48.999s] [ext: omni.kit.graph.usd.commands-1.3.1] startup
[49.010s] [ext: omni.graph.image.nodes-1.3.0] startup
[49.024s] [ext: isaacsim.robot_motion.lula-4.0.4] startup
[49.150s] [ext: omni.kit.viewport.menubar.core-107.1.2] startup
[49.302s] [ext: omni.kit.window.material_graph-1.8.19] startup
[49.545s] [ext: omni.isaac.core-4.0.3] startup
2025-08-23 00:19:56 [49,240ms] [Warning] [omni.isaac.core.physics_context.physics_context] omni.isaac.core.physics_context.physics_context has been deprecated in favor of isaacsim.core.api.physics_context.physics_context. Please update your code accordingly.
2025-08-23 00:19:56 [49,245ms] [Warning] [omni.isaac.core.simulation_context.simulation_context] omni.isaac.core.simulation_context.simulation_context has been deprecated in favor of isaacsim.core.api.simulation_context.simulation_context. Please update your code accordingly.
2025-08-23 00:19:56 [49,250ms] [Warning] [omni.isaac.core.world.world] omni.isaac.core.world.world has been deprecated in favor of isaacsim.core.api.world.world. Please update your code accordingly.
2025-08-23 00:19:56 [49,250ms] [Warning] [omni.isaac.core] omni.isaac.core has been deprecated in favor of isaacsim.core.api. Please update your code accordingly.
[49.567s] [ext: isaacsim.robot_motion.motion_generation-8.0.6] startup
[49.624s] [ext: omni.graph.nodes-1.162.1] startup
[49.937s] [ext: omni.syntheticdata-0.6.10] startup
[50.052s] [ext: omni.kit.xr.system.cloudxr-106.5.13] startup
[50.089s] [ext: isaacsim.robot_motion.lula_test_widget-1.0.5] startup
[50.106s] [ext: omni.kit.xr.telemetry-106.5.13] startup
[50.130s] [ext: omni.kit.data2ui.core-1.0.27] startup
[50.152s] [ext: omni.kit.xr.ui.window.profile-106.5.13] startup
[50.246s] [ext: omni.kit.data2ui.usd-1.0.27] startup
[50.327s] [ext: omni.warp-1.5.0] startup
[50.359s] [ext: omni.no_code_ui.bundle-1.0.27] startup
[50.359s] [ext: omni.replicator.core-1.11.35] startup
Warp 1.5.0 initialized:
   CUDA Toolkit 11.8, Driver 12.8
   Devices:
     "cpu"      : "x86_64"
     "cuda:0"   : "NVIDIA A100-SXM4-80GB" (79 GiB, sm_80, mempool enabled)
   Kernel cache:
     /home/cgokmen/.cache/warp/1.5.0
2025-08-23 00:19:58 [51,032ms] [Warning] [omni.replicator.core.scripts.extension] No material configuration file, adding configuration to material settings directly.
[51.353s] [ext: omni.isaac.lula-4.0.2] startup
2025-08-23 00:19:58 [51,042ms] [Warning] [omni.isaac.lula] omni.isaac.lula has been deprecated in favor of isaacsim.robot_motion.lula. Please update your code accordingly.
[51.359s] [ext: omni.isaac.lula_test_widget-1.0.2] startup
2025-08-23 00:19:58 [51,048ms] [Warning] [omni.isaac.lula_test_widget] omni.isaac.lula_test_widget has been deprecated in favor of isaacsim.robot_motion.lula_test_widget. Please update your code accordingly.
[51.365s] [ext: omni.kit.xr.profile.common-106.5.13] startup
[51.415s] [ext: omni.kit.xr.scene_view.utils-106.5.13] startup
[56.103s] [ext: isaacsim.core.nodes-2.1.4] startup
[56.226s] [ext: isaacsim.robot.surface_gripper-2.0.6] startup
[56.282s] [ext: omni.kit.xr.system.openxr-106.5.13] startup
[56.425s] [ext: omni.kit.xr.system.steamvr-106.5.13] startup
[56.464s] [ext: omni.kit.xr.ui.stage-106.5.13] startup
[56.707s] [ext: omni.kit.selection-0.1.5] startup
[56.783s] [ext: isaacsim.robot.manipulators-3.0.4] startup
[57.010s] [ext: omni.isaac.core_nodes-2.0.2] startup
2025-08-23 00:20:04 [56,785ms] [Warning] [omni.isaac.core_nodes] omni.isaac.core_nodes has been deprecated in favor of isaacsim.core.nodes. Please update your code accordingly.
[57.102s] [ext: omni.anim.curve.core-1.2.0] startup
[57.562s] [ext: omni.kit.xr.profile.vr-106.5.13] startup
[57.799s] [ext: isaacsim.gui.menu-2.0.9] startup
[58.441s] [ext: omni.isaac.manipulators-3.0.3] startup
2025-08-23 00:20:05 [58,225ms] [Warning] [omni.isaac.manipulators] omni.isaac.manipulators has been deprecated in favor of isaacsim.robot.manipulators. Please update your code accordingly.
2025-08-23 00:20:05 [58,266ms] [Warning] [omni.isaac.manipulators.controllers] omni.isaac.manipulators has been deprecated in favor of isaacsim.robot.manipulators. Please update your code accordingly.
2025-08-23 00:20:05 [58,298ms] [Warning] [omni.isaac.manipulators.controllers.pick_place_controller] omni.isaac.manipulators has been deprecated in favor of isaacsim.robot.manipulators. Please update your code accordingly.
2025-08-23 00:20:05 [58,399ms] [Warning] [omni.isaac.manipulators.controllers.stacking_controller] omni.isaac.manipulators has been deprecated in favor of isaacsim.robot.manipulators. Please update your code accordingly.
2025-08-23 00:20:05 [58,439ms] [Warning] [omni.isaac.manipulators.grippers] omni.isaac.manipulators has been deprecated in favor of isaacsim.robot.manipulators. Please update your code accordingly.
2025-08-23 00:20:05 [58,455ms] [Warning] [omni.isaac.manipulators.grippers.gripper] omni.isaac.manipulators has been deprecated in favor of isaacsim.robot.manipulators. Please update your code accordingly.
2025-08-23 00:20:05 [58,473ms] [Warning] [omni.isaac.manipulators.grippers.parallel_gripper] omni.isaac.manipulators has been deprecated in favor of isaacsim.robot.manipulators. Please update your code accordingly.
2025-08-23 00:20:05 [58,489ms] [Warning] [omni.isaac.manipulators.grippers.surface_gripper] omni.isaac.manipulators has been deprecated in favor of isaacsim.robot.manipulators. Please update your code accordingly.
2025-08-23 00:20:05 [58,515ms] [Warning] [omni.isaac.manipulators.manipulators] omni.isaac.manipulators has been deprecated in favor of isaacsim.robot.manipulators. Please update your code accordingly.
2025-08-23 00:20:05 [58,530ms] [Warning] [omni.isaac.manipulators.manipulators.single_manipulator] omni.isaac.manipulators has been deprecated in favor of isaacsim.robot.manipulators. Please update your code accordingly.
[58.847s] [ext: isaacsim.sensors.physics-0.3.5] startup
[59.259s] [ext: omni.isaac.menu-1.0.2] startup
2025-08-23 00:20:06 [59,018ms] [Warning] [omni.isaac.menu] omni.isaac.menu has been deprecated in favor of isaacsim.gui.menu. Please update your code accordingly.
[59.334s] [ext: omni.isaac.motion_generation-8.0.2] startup
2025-08-23 00:20:06 [59,167ms] [Warning] [omni.isaac.motion_generation] omni.isaac.motion_generation has been deprecated in favor of isaacsim.robot_motion.motion_generation. Please update your code accordingly.
2025-08-23 00:20:06 [59,249ms] [Warning] [omni.isaac.motion_generation.articulation_kinematics_solver] omni.isaac.motion_generation has been deprecated in favor of isaacsim.robot_motion.motion_generation. Please update your code accordingly.
2025-08-23 00:20:06 [59,273ms] [Warning] [omni.isaac.motion_generation.articulation_motion_policy] omni.isaac.motion_generation has been deprecated in favor of isaacsim.robot_motion.motion_generation. Please update your code accordingly.
2025-08-23 00:20:06 [59,309ms] [Warning] [omni.isaac.motion_generation.articulation_trajectory] omni.isaac.motion_generation has been deprecated in favor of isaacsim.robot_motion.motion_generation. Please update your code accordingly.
2025-08-23 00:20:06 [59,407ms] [Warning] [omni.isaac.motion_generation.kinematics_interface] omni.isaac.motion_generation has been deprecated in favor of isaacsim.robot_motion.motion_generation. Please update your code accordingly.
2025-08-23 00:20:06 [59,470ms] [Warning] [omni.isaac.motion_generation.lula] omni.isaac.motion_generation has been deprecated in favor of isaacsim.robot_motion.motion_generation. Please update your code accordingly.
2025-08-23 00:20:06 [59,520ms] [Warning] [omni.isaac.motion_generation.lula.kinematics] omni.isaac.motion_generation has been deprecated in favor of isaacsim.robot_motion.motion_generation. Please update your code accordingly.
2025-08-23 00:20:06 [59,577ms] [Warning] [omni.isaac.motion_generation.lula.motion_policies] omni.isaac.motion_generation has been deprecated in favor of isaacsim.robot_motion.motion_generation. Please update your code accordingly.
2025-08-23 00:20:06 [59,615ms] [Warning] [omni.isaac.motion_generation.lula.path_planners] omni.isaac.motion_generation has been deprecated in favor of isaacsim.robot_motion.motion_generation. Please update your code accordingly.
2025-08-23 00:20:06 [59,643ms] [Warning] [omni.isaac.motion_generation.lula.trajectory_generator] omni.isaac.motion_generation has been deprecated in favor of isaacsim.robot_motion.motion_generation. Please update your code accordingly.
2025-08-23 00:20:06 [59,664ms] [Warning] [omni.isaac.motion_generation.motion_policy_controller] omni.isaac.motion_generation has been deprecated in favor of isaacsim.robot_motion.motion_generation. Please update your code accordingly.
2025-08-23 00:20:06 [59,684ms] [Warning] [omni.isaac.motion_generation.motion_policy_interface] omni.isaac.motion_generation has been deprecated in favor of isaacsim.robot_motion.motion_generation. Please update your code accordingly.
2025-08-23 00:20:06 [59,709ms] [Warning] [omni.isaac.motion_generation.path_planner_visualizer] omni.isaac.motion_generation has been deprecated in favor of isaacsim.robot_motion.motion_generation. Please update your code accordingly.
2025-08-23 00:20:06 [59,723ms] [Warning] [omni.isaac.motion_generation.path_planning_interface] omni.isaac.motion_generation has been deprecated in favor of isaacsim.robot_motion.motion_generation. Please update your code accordingly.
2025-08-23 00:20:06 [59,737ms] [Warning] [omni.isaac.motion_generation.trajectory] omni.isaac.motion_generation has been deprecated in favor of isaacsim.robot_motion.motion_generation. Please update your code accordingly.
2025-08-23 00:20:07 [59,753ms] [Warning] [omni.isaac.motion_generation.world_interface] omni.isaac.motion_generation has been deprecated in favor of isaacsim.robot_motion.motion_generation. Please update your code accordingly.
[60.069s] [ext: isaacsim.robot.policy.examples-4.0.3] startup
[60.493s] [ext: omni.sensors.nv.common-2.5.0-coreapi] startup
[61.793s] [ext: omni.isaac.nucleus-1.0.3] startup
2025-08-23 00:20:08 [61,536ms] [Warning] [omni.isaac.nucleus] omni.isaac.nucleus has been deprecated in favor of isaacsim.storage.native. Please update your code accordingly.
2025-08-23 00:20:08 [61,575ms] [Warning] [omni.isaac.nucleus.nucleus] omni.isaac.nucleus.nucleus has been deprecated in favor of isaacsim.storage.native. Please update your code accordingly.
[61.892s] [ext: omni.isaac.quadruped-3.0.2] startup
2025-08-23 00:20:08 [61,667ms] [Warning] [omni.isaac.quadruped] omni.isaac.quadruped has been deprecated in favor of isaacsim.robot.policy.examples. Please update your code accordingly.
[61.983s] [ext: omni.sensors.nv.materials-1.4.0-coreapi] startup
[62.404s] [ext: isaacsim.sensors.camera-0.2.9] startup
[62.650s] [ext: omni.sensors.nv.wpm-2.4.0-coreapi] startup
[62.875s] [ext: omni.sensors.nv.lidar-2.6.3-coreapi] startup
[63.118s] [ext: isaacsim.util.debug_draw-2.0.2] startup
[63.446s] [ext: omni.sensors.tiled-0.0.6] startup
[63.597s] [ext: omni.sensors.nv.radar-2.6.1-coreapi] startup
[63.929s] [ext: omni.sensors.nv.ids-1.4.0-coreapi] startup
[64.032s] [ext: isaacsim.sensors.physx-2.2.4] startup
[64.348s] [ext: isaacsim.robot.manipulators.examples-1.0.3] startup
[64.399s] [ext: isaacsim.sensors.rtx-13.6.3] startup
[64.634s] [ext: omni.isaac.range_sensor-4.0.2] startup
[64.990s] [ext: isaacsim.cortex.framework-1.0.2] startup
[65.081s] [ext: omni.isaac.sensor-13.0.3] startup
2025-08-23 00:20:12 [64,783ms] [Warning] [omni.isaac.sensor] omni.isaac.sensor has been deprecated in favor of isaacsim.sensors.camera, isaacsim.sensors.physics, isaacsim.sensors.physx, and isaacsim.sensors.rtx. Please update your code accordingly.
2025-08-23 00:20:12 [64,806ms] [Warning] [omni.isaac.sensor.camera] omni.isaac.sensor.camera has been deprecated in favor of isaacsim.sensors.camera.camera. Please update your code accordingly.
2025-08-23 00:20:12 [64,819ms] [Warning] [omni.isaac.sensor.camera_view] omni.isaac.sensor.camera_view has been deprecated in favor of isaacsim.sensors.camera.camera_view. Please update your code accordingly.
2025-08-23 00:20:12 [64,824ms] [Warning] [omni.isaac.sensor.commands] omni.isaac.sensor.commands has been deprecated in favor of isaacsim.sensors.physics.commands, isaacsim.sensors.physx.commands, and isaacsim.sensors.rtx.commands. Please update your code accordingly.
2025-08-23 00:20:12 [64,829ms] [Warning] [omni.isaac.sensor.contact_sensor] omni.isaac.sensor.contact_sensor has been deprecated in favor of isaacsim.sensors.physics.contact_sensor. Please update your code accordingly.
2025-08-23 00:20:12 [64,833ms] [Warning] [omni.isaac.sensor.imu_sensor] omni.isaac.sensor.imu_sensor has been deprecated in favor of isaacsim.sensors.physics.imu_sensor. Please update your code accordingly.
2025-08-23 00:20:12 [64,837ms] [Warning] [omni.isaac.sensor.lidar_rtx] omni.isaac.sensor.lidar_rtx has been deprecated in favor of isaacsim.sensors.rtx.lidar_rtx. Please update your code accordingly.
2025-08-23 00:20:12 [64,845ms] [Warning] [omni.isaac.sensor.rotating_lidar_physX] omni.isaac.sensor.imu_sensor has been deprecated in favor of isaacsim.sensors.physix.rotating_lidar_physX. Please update your code accordingly.
2025-08-23 00:20:12 [64,865ms] [Warning] [omni.isaac.sensor.scripts.samples.contact_sensor] omni.isaac.sensor.scripts.samples.contact_sensor has been deprecated in favor of isaacsim.sensors.physics.scripts.samples.contact_sensor. Please update your code accordingly.
2025-08-23 00:20:12 [64,868ms] [Warning] [omni.isaac.sensor.scripts.samples.imu_sensor] omni.isaac.sensor.scripts.samples.imu_sensor has been deprecated in favor of isaacsim.sensors.physics.scripts.samples.imu_sensor. Please update your code accordingly.
2025-08-23 00:20:12 [64,870ms] [Warning] [omni.isaac.sensor.scripts.samples.lightbeam_sensor] omni.isaac.sensor.scripts.samples.lightbeam_sensor has been deprecated in favor of isaacsim.sensors.physx.scripts.samples.lightbeam_sensor. Please update your code accordingly.
[65.187s] [ext: omni.isaac.surface_gripper-2.0.2] startup
2025-08-23 00:20:12 [64,878ms] [Warning] [omni.isaac.surface_gripper] omni.isaac.surface_gripper has been deprecated in favor of isaacsim.robot.surface_gripper. Please update your code accordingly.
[65.195s] [ext: omni.kit.manipulator.transform-106.0.1] startup
[65.363s] [ext: omni.isaac.cortex-1.0.2] startup
2025-08-23 00:20:12 [65,061ms] [Warning] [omni.isaac.cortex] omni.isaac.cortex has been deprecated in favor of isaacsim.cortex.framework. Please update your code accordingly.
[65.378s] [ext: omni.kit.widget.toolbar-1.7.3] startup
[65.759s] [ext: omni.isaac.universal_robots-1.0.2] startup
2025-08-23 00:20:12 [65,456ms] [Warning] [omni.isaac.universal_robots] omni.isaac.universal_robots has been deprecated in favor of isaacsim.robot.manipulators.examples.universal_robots. Please update your code accordingly.
2025-08-23 00:20:12 [65,464ms] [Warning] [omni.isaac.universal_robots.kinematics_solver] omni.isaac.franka has been deprecated in favor of isaacsim.robot.manipulators.examples.universal_robots. Please update your code accordingly.
2025-08-23 00:20:12 [65,506ms] [Warning] [omni.isaac.universal_robots.ur10] omni.isaac.franka has been deprecated in favor of isaacsim.robot.manipulators.examples.universal_robots. Please update your code accordingly.
[65.823s] [ext: isaacsim.cortex.behaviors-2.0.3] startup
[65.884s] [ext: omni.kit.manipulator.tool.snap-1.5.12] startup
[66.185s] [ext: omni.kit.manipulator.selector-1.1.1] startup
[66.281s] [ext: omni.isaac.utils-2.0.2] startup
[66.340s] [ext: omni.isaac.cortex.sample_behaviors-2.0.2] startup
2025-08-23 00:20:13 [66,045ms] [Warning] [omni.isaac.cortex.sample_behaviors] omni.isaac.cortex.sample_behaviors has been deprecated in favor of isaacsim.cortex.behaviors. Please update your code accordingly.
[66.362s] [ext: omni.kit.viewport.manipulator.transform-107.0.4] startup
[66.476s] [ext: omni.graph.ui_nodes-1.40.1] startup
[66.544s] [ext: omni.fabric.commands-1.1.5] startup
[66.672s] [ext: omni.kit.manipulator.prim.core-107.0.7] startup
[66.877s] [ext: omni.kit.property.camera-1.0.9] startup
[66.899s] [ext: omni.kit.property.geometry-1.3.3] startup
[66.947s] [ext: omni.kit.property.light-1.0.11] startup
[66.977s] [ext: omni.kit.manipulator.prim.fabric-107.0.4] startup
[67.008s] [ext: omni.kit.manipulator.prim.usd-107.0.3] startup
[67.040s] [ext: omni.kit.property.material-1.10.17] startup
[67.204s] [ext: omni.kit.viewport.actions-107.0.0] startup
[67.232s] [ext: omni.debugdraw-0.1.3] startup
[67.268s] [ext: omni.kit.manipulator.prim-107.0.0] startup
[67.268s] [ext: omni.kit.manipulator.selection-106.0.1] startup
[67.299s] [ext: omni.kit.viewport.menubar.display-107.0.3] startup
[67.366s] [ext: omni.kit.widget.layers-1.8.2] startup
[67.518s] [ext: omni.hydra.scene_api-0.1.2] startup
[67.554s] [ext: omni.kit.property.render-1.1.3] startup
[67.566s] [ext: omni.physx.commands-106.5.7] startup
[67.581s] [ext: omni.usdphysics.ui-106.5.7] startup
[67.697s] [ext: omni.kit.property.transform-1.5.10] startup
[67.744s] [ext: omni.kit.property.audio-1.0.16] startup
[67.772s] [ext: isaacsim.gui.property-1.0.4] startup
[67.797s] [ext: omni.physx.ui-106.5.7] startup
[67.974s] [ext: omni.kit.property.bundle-1.3.2] startup
[67.993s] [ext: omni.kit.property.isaac-1.0.2] startup
2025-08-23 00:20:14 [67,690ms] [Warning] [omni.kit.property.isaac] omni.kit.property.isaac has been deprecated in favor of isaacsim.gui.property. Please update your code accordingly.
2025-08-23 00:20:14 [67,696ms] [Warning] [omni.kit.property.isaac.widgets] omni.kit.property.isaac.widgets has been deprecated in favor of isaacsim.gui.property.widgets. Please update your code accordingly.
[68.013s] [ext: omni.kit.property.physx-106.5.7] startup
[68.607s] [ext: omni.physx.demos-106.5.7] startup
[69.084s] [ext: omni.kit.viewport.menubar.camera-107.0.2] startup
[69.205s] [ext: omni.kit.viewport.menubar.lighting-106.0.2] startup
[69.262s] [ext: omni.kit.viewport.menubar.render-107.0.8] startup
[69.401s] [ext: omni.physx.vehicle-106.5.7] startup
[69.734s] [ext: omni.kit.viewport.menubar.settings-107.0.3] startup
[69.917s] [ext: omni.kit.window.console-0.2.14] startup
[70.023s] [ext: omni.kit.window.toolbar-1.6.2] startup
[70.081s] [ext: omni.physx.camera-106.5.7] startup
[70.334s] [ext: omni.physx.cct-106.5.7] startup
[70.683s] [ext: omni.physx.graph-106.5.7] startup
[71.000s] [ext: omni.physx.supportui-106.5.7] startup
[71.384s] [ext: isaacsim.replicator.writers-1.0.1] startup
[72.391s] [ext: omni.physx.telemetry-106.5.7] startup
[72.432s] [ext: omni.isaac.version-2.0.2] startup
2025-08-23 00:20:19 [72,127ms] [Warning] [omni.isaac.version] omni.isaac.version has been deprecated in favor of isaacsim.core.version. Please update your code accordingly.
[72.444s] [ext: isaacsim.robot.wheeled_robots-4.0.3] startup
[72.859s] [ext: isaacsim.replicator.domain_randomization-1.0.2] startup
[73.077s] [ext: isaacsim.replicator.examples-1.1.2] startup
[73.122s] [ext: omni.kit.window.status_bar-0.1.7] startup
[73.757s] [ext: omni.physx.bundle-106.5.7] startup
[73.759s] [ext: omni.usd.metrics.assembler-106.5.0] startup
[74.150s] [ext: omni.isaac.wheeled_robots-3.0.3] startup
2025-08-23 00:20:21 [73,894ms] [Warning] [omni.isaac.wheeled_robots] omni.isaac.wheeled_robots has been deprecated in favor of isaacsim.robot.wheeled_robots. Please update your code accordingly.
2025-08-23 00:20:21 [73,929ms] [Warning] [omni.isaac.wheeled_robots.controllers] omni.isaac.wheeled_robots has been deprecated in favor of isaacsim.robot.wheeled_robots. Please update your code accordingly.
2025-08-23 00:20:21 [73,947ms] [Warning] [omni.isaac.wheeled_robots.controllers.ackermann_controller] omni.isaac.wheeled_robots has been deprecated in favor of isaacsim.robot.wheeled_robots. Please update your code accordingly.
2025-08-23 00:20:21 [73,995ms] [Warning] [omni.isaac.wheeled_robots.controllers.differential_controller] omni.isaac.wheeled_robots has been deprecated in favor of isaacsim.robot.wheeled_robots. Please update your code accordingly.
2025-08-23 00:20:21 [74,009ms] [Warning] [omni.isaac.wheeled_robots.controllers.holonomic_controller] omni.isaac.wheeled_robots has been deprecated in favor of isaacsim.robot.wheeled_robots. Please update your code accordingly.
2025-08-23 00:20:21 [74,028ms] [Warning] [omni.isaac.wheeled_robots.controllers.quintic_path_planner] omni.isaac.wheeled_robots has been deprecated in favor of isaacsim.robot.wheeled_robots. Please update your code accordingly.
2025-08-23 00:20:21 [74,049ms] [Warning] [omni.isaac.wheeled_robots.controllers.stanley_control] omni.isaac.wheeled_robots has been deprecated in favor of isaacsim.robot.wheeled_robots. Please update your code accordingly.
2025-08-23 00:20:21 [74,065ms] [Warning] [omni.isaac.wheeled_robots.controllers.wheel_base_pose_controller] omni.isaac.wheeled_robots has been deprecated in favor of isaacsim.robot.wheeled_robots. Please update your code accordingly.
2025-08-23 00:20:21 [74,087ms] [Warning] [omni.isaac.wheeled_robots.impl] omni.isaac.wheeled_robots has been deprecated in favor of isaacsim.robot.wheeled_robots. Please update your code accordingly.
2025-08-23 00:20:21 [74,103ms] [Warning] [omni.isaac.wheeled_robots.robots] omni.isaac.wheeled_robots has been deprecated in favor of isaacsim.robot.wheeled_robots. Please update your code accordingly.
2025-08-23 00:20:21 [74,109ms] [Warning] [omni.isaac.wheeled_robots.robots.holonomic_robot_usd_setup] omni.isaac.wheeled_robots has been deprecated in favor of isaacsim.robot.wheeled_robots. Please update your code accordingly.
2025-08-23 00:20:21 [74,114ms] [Warning] [omni.isaac.wheeled_robots.robots.wheeled_robot] omni.isaac.wheeled_robots has been deprecated in favor of isaacsim.robot.wheeled_robots. Please update your code accordingly.
[74.431s] [ext: omni.isaac.franka-1.0.2] startup
2025-08-23 00:20:21 [74,132ms] [Warning] [omni.isaac.franka] omni.isaac.franka has been deprecated in favor of isaacsim.robot.manipulators.examples.franka. Please update your code accordingly.
2025-08-23 00:20:21 [74,143ms] [Warning] [omni.isaac.franka.franka] omni.isaac.franka has been deprecated in favor of isaacsim.robot.manipulators.examples.franka. Please update your code accordingly.
2025-08-23 00:20:21 [74,171ms] [Warning] [omni.isaac.franka.kinematics_solver] omni.isaac.franka has been deprecated in favor of isaacsim.robot.manipulators.examples.franka. Please update your code accordingly.
[74.488s] [ext: omni.replicator.isaac-2.0.3] startup
2025-08-23 00:20:21 [74,225ms] [Warning] [omni.replicator.isaac] omni.replicator.isaac has been deprecated in favor of isaacsim.replicator.domain_randomization, isaacsim.replicator.examples, isaacsim.replicator.writers. Please update your code accordingly.
[74.541s] [ext: omni.replicator.replicator_yaml-2.0.10] startup
[74.800s] [ext: omni.rtx.settings.core-0.6.3] startup
[74.995s] [ext: omni.usd.metrics.assembler.ui-106.5.0] startup
[75.070s] [ext: omni.kit.tool.asset_importer-2.12.3] startup
[75.339s] [ext: isaacsim.app.about-2.0.7] startup
[75.359s] [ext: semantics.schema.editor-0.3.10] startup
[75.463s] [ext: isaacsim.examples.browser-0.1.8] startup
[75.549s] [ext: isaacsim.simulation_app-2.4.2] startup
[75.552s] [ext: semantics.schema.property-1.0.5] startup
[75.624s] [ext: isaacsim.asset.importer.mjcf-2.3.7] startup
[75.955s] [ext: omni.isaac.window.about-2.0.2] startup
2025-08-23 00:20:22 [75,720ms] [Warning] [omni.isaac.window.about] omni.isaac.window.about has been deprecated in favor of isaacsim.app.about. Please update your code accordingly.
2025-08-23 00:20:22 [75,721ms] [Warning] [omni.isaac.window.about.about] omni.isaac.window.about.about has been deprecated in favor of isaacsim.app.about.about. Please update your code accordingly.
[76.037s] [ext: omni.kit.ui.actions-1.0.2] startup
[76.126s] [ext: isaacsim.asset.importer.urdf-2.3.14] startup
[76.437s] [ext: omni.isaac.kit-2.0.3] startup
2025-08-23 00:20:23 [76,143ms] [Warning] [omni.isaac.kit] omni.isaac.kit has been deprecated in favor of isaacsim.simulation_app. Please update your code accordingly.
[76.460s] [ext: omni.isaac.asset_browser-1.0.2] startup
2025-08-23 00:20:23 [76,192ms] [Warning] [omni.isaac.asset_browser] omni.isaac.asset_browser has been deprecated in favor of isaacsim.asset.browser. Please update your code accordingly.
[76.508s] [ext: isaacsim.core.throttling-2.0.2] startup
[76.624s] [ext: omni.flowusd-106.5.2] startup
2025-08-23 00:20:23 [76,405ms] [Warning] [omni.stageupdate.plugin] Deprecated: direct use of IStageUpdate callbacks is deprecated. Use IStageUpdate::getStageUpdate instead.
[76.811s] [ext: omni.kit.menu.common-1.1.9] startup
[76.872s] [ext: isaacsim.exp.base-4.5.0] startup
[76.872s] [ext: omnigibson_4_5_0-1.5.0] startup
[76.898s] Simulation App Starting
2025-08-23 00:20:24 [77,572ms] [Warning] [omni.kvdb.plugin] Disabling key-value database because another kit process is locking it
2025-08-23 00:20:24 [77,598ms] [Warning] [carb.audio.device] audio device is misconfigured or broken {deviceIndex = 0, name = 'default'} (The device is likely misconfigured, check your $HOME/.asoundrc)
2025-08-23 00:20:24 [77,599ms] [Warning] [carb.audio.output] failed to retrieve the capabilities for device 0 {result = eDeviceLost (2)}
2025-08-23 00:20:24 [77,599ms] [Warning] [carb.audio.context] failed to set the requested output during context creation.  Using a null streamer instead {result = eDeviceLost (2)}
[78.085s] app ready
2025-08-23 00:20:26 [78,894ms] [Warning] [rtx.neuraylib.plugin] [IRAY:RENDER]   1.1   IRAY   rend warn : CUDA device 0 (NVIDIA A100-SXM4-80GB): ECC is enabled, this will reduce rendering performance (it is strongly recommended to disable ECC with iray)
2025-08-23 00:20:26 [79,017ms] [Warning] [rtx.scenedb.plugin] SceneDbContext : TLAS limit buffer size 2705217792
2025-08-23 00:20:26 [79,017ms] [Warning] [rtx.scenedb.plugin] SceneDbContext : TLAS limit : valid true, within: false
2025-08-23 00:27:31 [504,211ms] [Warning] [omni.usd-abi.plugin] No setting was found for '/rtx-defaults-transient/meshlights/forceDisable'
2025-08-23 00:27:34 [507,741ms] [Warning] [omni.usd-abi.plugin] No setting was found for '/rtx-defaults/post/dlss/execMode'
2025-08-23 00:32:48 [820,877ms] [Warning] [rtx.postprocessing.plugin] DLSS-RR is not supported in the current build due to some known bugs with this GPU: NVIDIA A100-SXM4-80GB.Note that RTX Real-Time raytracing mode will not be able to denoise the output correctly.
[822.794s] Simulation App Startup Complete
2025-08-23 00:34:11 [903,857ms] [Warning] [carb] Failed to startup plugin carb.windowing-glfw.plugin (interfaces: [carb::windowing::IGLContext v1.0],[carb::windowing::IWindowing v1.5]) (impl: carb.windowing-glfw.plugin)
2025-08-23 00:34:55 [947,903ms] [Warning] [omni.syntheticdata.plugin] OgnSdPostRenderVarToHost : rendervar copy from texture directly to host buffer is counter-performant. Please use copy from texture to device buffer first.
2025-08-23 00:34:55 [947,967ms] [Warning] [omni.fabric.plugin] removePath called on non-existent path /Render/OmniverseKit/HydraTextures/Replicator/PostRender/SDGPipeline/Replicator_GpuInteropEntry 


                   ____________
                  /          / \
                 /          / /__
                /          / /  /\
               /__________/ /__/  \
               \   _____  \ \__\  /
                \  \  / \  \ \_/ /
                 \  \/___\  \   /
                  \__________\_/  
       ___                  _  ____ _ _                     
      / _ \ _ __ ___  _ __ (_)/ ___(_) |__  ___  ___  _ __  
     | | | | '_ ` _ \| '_ \| | |  _| | '_ \/ __|/ _ \| '_ \ 
     | |_| | | | | | | | | | | |_| | | |_) \__ \ (_) | | | |
      \___/|_| |_| |_|_| |_|_|\____|_|_.__/|___/\___/|_| |_|

[INFO] [omnigibson.simulator] ---------- Welcome to OmniGibson! ----------
2025-08-23 00:35:03 [956,378ms] [Warning] [omni.syntheticdata.plugin] SdRenderVarPtr missing valid input renderVar LdrColorSDhost
2025-08-23 00:35:03 [956,463ms] [Warning] [carb] Failed to startup plugin carb.windowing-glfw.plugin (interfaces: [carb::windowing::IGLContext v1.0],[carb::windowing::IWindowing v1.5]) (impl: carb.windowing-glfw.plugin)
[INFO] [omnigibson.simulator] Imported scene 0.
[WARNING] [omnigibson.objects.dataset_object] Category stages not found in average object specs! Defaulting to unit mass or density.
2025-08-23 00:35:04 [957,511ms] [Warning] [omnigibson.objects.dataset_object] Category stages not found in average object specs! Defaulting to unit mass or density.
[WARNING] [omnigibson.objects.dataset_object] Category vacuum_cleaner not found in average object specs! Defaulting to unit mass or density.
2025-08-23 00:35:08 [960,800ms] [Warning] [omnigibson.objects.dataset_object] Category vacuum_cleaner not found in average object specs! Defaulting to unit mass or density.
[WARNING] [omnigibson.objects.dataset_object] Category cabinet not found in average object specs! Defaulting to unit mass or density.
2025-08-23 00:35:12 [965,318ms] [Warning] [omnigibson.objects.dataset_object] Category cabinet not found in average object specs! Defaulting to unit mass or density.
[WARNING] [omnigibson.objects.dataset_object] Category cabinet not found in average object specs! Defaulting to unit mass or density.
2025-08-23 00:35:12 [965,424ms] [Warning] [omnigibson.objects.dataset_object] Category cabinet not found in average object specs! Defaulting to unit mass or density.
[WARNING] [omnigibson.objects.dataset_object] Category kitchen_utensil not found in average object specs! Defaulting to unit mass or density.
2025-08-23 00:35:13 [966,611ms] [Warning] [omnigibson.objects.dataset_object] Category kitchen_utensil not found in average object specs! Defaulting to unit mass or density.
[WARNING] [omnigibson.objects.dataset_object] Category plant not found in average object specs! Defaulting to unit mass or density.
2025-08-23 00:35:15 [968,066ms] [Warning] [omnigibson.objects.dataset_object] Category plant not found in average object specs! Defaulting to unit mass or density.
[WARNING] [omnigibson.objects.dataset_object] Category plant not found in average object specs! Defaulting to unit mass or density.
2025-08-23 00:35:16 [969,474ms] [Warning] [omnigibson.objects.dataset_object] Category plant not found in average object specs! Defaulting to unit mass or density.
[WARNING] [omnigibson.objects.dataset_object] Category grill not found in average object specs! Defaulting to unit mass or density.
2025-08-23 00:35:17 [970,287ms] [Warning] [omnigibson.objects.dataset_object] Category grill not found in average object specs! Defaulting to unit mass or density.
[WARNING] [omnigibson.objects.dataset_object] Category cart not found in average object specs! Defaulting to unit mass or density.
2025-08-23 00:35:18 [971,533ms] [Warning] [omnigibson.objects.dataset_object] Category cart not found in average object specs! Defaulting to unit mass or density.
[ERROR] [__main__] cart hssd5b16f3083c6a9446128debffc2cb7c911b54e221 negative scale detected: tensor([-1.0000,  1.0000,  1.0000])
2025-08-23 00:35:19 [971,850ms] [Error] [__main__] cart hssd5b16f3083c6a9446128debffc2cb7c911b54e221 negative scale detected: tensor([-1.0000,  1.0000,  1.0000])
[WARNING] [omnigibson.objects.dataset_object] Category cart not found in average object specs! Defaulting to unit mass or density.
2025-08-23 00:35:20 [972,916ms] [Warning] [omnigibson.objects.dataset_object] Category cart not found in average object specs! Defaulting to unit mass or density.
[WARNING] [omnigibson.prims.material_prim] No compatible material prim class found for material at /World/scene_0/stairs_9/Looks/mig___tumba_wood with asset path gltf/pbr.mdl and sub-identifier gltf_material. Using MaterialPrim as a fallback.
2025-08-23 00:35:21 [973,747ms] [Warning] [omnigibson.prims.material_prim] No compatible material prim class found for material at /World/scene_0/stairs_9/Looks/mig___tumba_wood with asset path gltf/pbr.mdl and sub-identifier gltf_material. Using MaterialPrim as a fallback.
[WARNING] [omnigibson.prims.material_prim] No compatible material prim class found for material at /World/scene_0/stairs_10/Looks/mig___tumba_wood with asset path gltf/pbr.mdl and sub-identifier gltf_material. Using MaterialPrim as a fallback.
2025-08-23 00:35:23 [976,680ms] [Warning] [omnigibson.prims.material_prim] No compatible material prim class found for material at /World/scene_0/stairs_10/Looks/mig___tumba_wood with asset path gltf/pbr.mdl and sub-identifier gltf_material. Using MaterialPrim as a fallback.
[WARNING] [omnigibson.objects.stateful_object] State ContainedParticles is incompatible with obj bathtub_12. Reason: LinkBasedStateMixin ContainedParticles requires meta link with type ['fillable', 'openfillable'] for obj bathtub_12 but none was found! To get valid compatible object models, please use omnigibson.utils.asset_utils.get_all_object_category_models_with_abilities(...)
2025-08-23 00:35:25 [978,691ms] [Warning] [omnigibson.objects.stateful_object] State ContainedParticles is incompatible with obj bathtub_12. Reason: LinkBasedStateMixin ContainedParticles requires meta link with type ['fillable', 'openfillable'] for obj bathtub_12 but none was found! To get valid compatible object models, please use omnigibson.utils.asset_utils.get_all_object_category_models_with_abilities(...)
[WARNING] [omnigibson.objects.stateful_object] State Filled is incompatible with obj bathtub_12. Reason: Missing required dependency state ContainedParticles
2025-08-23 00:35:25 [978,691ms] [Warning] [omnigibson.objects.stateful_object] State Filled is incompatible with obj bathtub_12. Reason: Missing required dependency state ContainedParticles
[WARNING] [omnigibson.objects.stateful_object] State Contains is incompatible with obj bathtub_12. Reason: Missing required dependency state ContainedParticles
2025-08-23 00:35:25 [978,692ms] [Warning] [omnigibson.objects.stateful_object] State Contains is incompatible with obj bathtub_12. Reason: Missing required dependency state ContainedParticles
[WARNING] [omnigibson.prims.material_prim] No compatible material prim class found for material at /World/scene_0/carpet_14/Looks/Shader1 with asset path gltf/pbr.mdl and sub-identifier gltf_material. Using MaterialPrim as a fallback.
2025-08-23 00:35:26 [979,423ms] [Warning] [omnigibson.prims.material_prim] No compatible material prim class found for material at /World/scene_0/carpet_14/Looks/Shader1 with asset path gltf/pbr.mdl and sub-identifier gltf_material. Using MaterialPrim as a fallback.
[WARNING] [omnigibson.objects.stateful_object] State ParticleRemover is incompatible with obj carpet_14. Reason: ParticleRemover requires gm.USE_GPU_DYNAMICS=True!
2025-08-23 00:35:26 [979,476ms] [Warning] [omnigibson.objects.stateful_object] State ParticleRemover is incompatible with obj carpet_14. Reason: ParticleRemover requires gm.USE_GPU_DYNAMICS=True!
[WARNING] [omnigibson.objects.dataset_object] Category chimney not found in average object specs! Defaulting to unit mass or density.
2025-08-23 00:35:30 [983,599ms] [Warning] [omnigibson.objects.dataset_object] Category chimney not found in average object specs! Defaulting to unit mass or density.
[WARNING] [omnigibson.prims.material_prim] No compatible material prim class found for material at /World/scene_0/rack_20/Looks/wood with asset path gltf/pbr.mdl and sub-identifier gltf_material. Using MaterialPrim as a fallback.
2025-08-23 00:35:31 [984,227ms] [Warning] [omnigibson.prims.material_prim] No compatible material prim class found for material at /World/scene_0/rack_20/Looks/wood with asset path gltf/pbr.mdl and sub-identifier gltf_material. Using MaterialPrim as a fallback.
[WARNING] [omnigibson.objects.dataset_object] Category rack not found in average object specs! Defaulting to unit mass or density.
2025-08-23 00:35:32 [984,960ms] [Warning] [omnigibson.objects.dataset_object] Category rack not found in average object specs! Defaulting to unit mass or density.
[WARNING] [omnigibson.prims.material_prim] No compatible material prim class found for material at /World/scene_0/rack_21/Looks/wood with asset path gltf/pbr.mdl and sub-identifier gltf_material. Using MaterialPrim as a fallback.
2025-08-23 00:35:32 [985,342ms] [Warning] [omnigibson.prims.material_prim] No compatible material prim class found for material at /World/scene_0/rack_21/Looks/wood with asset path gltf/pbr.mdl and sub-identifier gltf_material. Using MaterialPrim as a fallback.
[WARNING] [omnigibson.objects.dataset_object] Category rack not found in average object specs! Defaulting to unit mass or density.
2025-08-23 00:35:33 [986,466ms] [Warning] [omnigibson.objects.dataset_object] Category rack not found in average object specs! Defaulting to unit mass or density.
Error processing /fsx-siro/cgokmen/habitat-data/scene_datasets/hssd-hab/scenes/102344328.scene_instance.json: Scale of picture_22 is too small: tensor([1.0000e-07, 1.0000e+00, 2.2222e-03])
100%|| 1/1 [16:28<00:00, 988.17s/it]100%|| 1/1 [16:28<00:00, 988.18s/it]
2025-08-23 00:36:09 [1,022,696ms] [Warning] [carb] Plugin interface for a client: omni.hydratexture.plugin was already released.
[1023.191s] Simulation App Shutting Down
