/home/cgokmen/miniconda3/envs/behavior/bin/python: No module named omnigibson.examples.scenes.import_hssd_scenes
/home/cgokmen/miniconda3/envs/behavior/bin/python: No module named omnigibson.examples.scenes.import_hssd_scenes
/home/cgokmen/miniconda3/envs/behavior/bin/python: No module named omnigibson.examples.scenes.import_hssd_scenes
/home/cgokmen/miniconda3/envs/behavior/bin/python: No module named omnigibson.examples.scenes.import_hssd_scenes
/home/cgokmen/miniconda3/envs/behavior/bin/python: No module named omnigibson.examples.scenes.import_hssd_scenes
/home/cgokmen/miniconda3/envs/behavior/bin/python: No module named omnigibson.examples.scenes.import_hssd_scenes
/home/cgokmen/miniconda3/envs/behavior/bin/python: No module named omnigibson.examples.scenes.import_hssd_scenes
/home/cgokmen/miniconda3/envs/behavior/bin/python: No module named omnigibson.examples.scenes.import_hssd_scenes
/home/cgokmen/miniconda3/envs/behavior/bin/python: No module named omnigibson.examples.scenes.import_hssd_scenes
/home/cgokmen/miniconda3/envs/behavior/bin/python: No module named omnigibson.examples.scenes.import_hssd_scenes
/home/cgokmen/miniconda3/envs/behavior/bin/python: No module named omnigibson.examples.scenes.import_hssd_scenes
/home/cgokmen/miniconda3/envs/behavior/bin/python: No module named omnigibson.examples.scenes.import_hssd_scenes
/home/cgokmen/miniconda3/envs/behavior/bin/python: No module named omnigibson.examples.scenes.import_hssd_scenes
/home/cgokmen/miniconda3/envs/behavior/bin/python: No module named omnigibson.examples.scenes.import_hssd_scenes
/home/cgokmen/miniconda3/envs/behavior/bin/python: No module named omnigibson.examples.scenes.import_hssd_scenes
/home/cgokmen/miniconda3/envs/behavior/bin/python: No module named omnigibson.examples.scenes.import_hssd_scenes
/home/cgokmen/miniconda3/envs/behavior/bin/python: No module named omnigibson.examples.scenes.import_hssd_scenes
/home/cgokmen/miniconda3/envs/behavior/bin/python: No module named omnigibson.examples.scenes.import_hssd_scenes
/home/cgokmen/miniconda3/envs/behavior/bin/python: No module named omnigibson.examples.scenes.import_hssd_scenes
  0%|          | 0/1 [00:00<?, ?it/s][INFO] [omnigibson.simulator] ----- Starting OmniGibson. This will take 10-30 seconds... -----
Starting kit application with the following args:  ['/opt/hpcaas/.mounts/fs-0565f60d669b6a2d3/home/cgokmen/miniconda3/envs/behavior/lib/python3.10/site-packages/isaacsim/exts/isaacsim.simulation_app/isaacsim/simulation_app/simulation_app.py', '/opt/hpcaas/.mounts/fs-0565f60d669b6a2d3/home/cgokmen/miniconda3/envs/behavior/lib/python3.10/site-packages/isaacsim/apps/omnigibson_4_5_0.kit', '--/app/tokens/exe-path=/opt/hpcaas/.mounts/fs-0565f60d669b6a2d3/home/cgokmen/miniconda3/envs/behavior/lib/python3.10/site-packages/omni', '--/persistent/app/viewport/displayOptions=3094', '--/rtx/materialDb/syncLoads=True', '--/rtx/hydra/materialSyncLoads=True', '--/omni.kit.plugin/syncUsdLoads=True', '--/app/renderer/resolution/width=1280', '--/app/renderer/resolution/height=720', '--/app/window/width=1440', '--/app/window/height=900', '--/renderer/multiGpu/enabled=False', '--/app/fastShutdown=True', '--/app/installSignalHandlers=0', '--ext-folder', '/opt/hpcaas/.mounts/fs-0565f60d669b6a2d3/home/cgokmen/miniconda3/envs/behavior/lib/python3.10/site-packages/isaacsim/exts', '--ext-folder', '/opt/hpcaas/.mounts/fs-0565f60d669b6a2d3/home/cgokmen/miniconda3/envs/behavior/lib/python3.10/site-packages/isaacsim/apps', '--/physics/cudaDevice=0', '--portable', '--no-window', '--/app/window/hideUi=1']
Passing the following args to the base kit application:  ['119', '168']
[Info] [carb] Logging to file: /opt/hpcaas/.mounts/fs-0565f60d669b6a2d3/home/cgokmen/miniconda3/envs/behavior/lib/python3.10/site-packages/omni/logs/Kit/OmniGibson/3.7/kit_20250823_001909.log
2025-08-23 00:19:09 [0ms] [Warning] [omni.kit.app.plugin] No crash reporter present, dumps uploading isn't available.
[8.122s] [ext: omni.kit.async_engine-0.0.1] startup
[DEBUG] [asyncio] Using selector: EpollSelector
[49.985s] [ext: omni.metrics.core-0.0.1] startup
[50.003s] [ext: omni.client.lib-1.0.0] startup
[50.975s] [ext: omni.blobkey-1.1.2] startup
[50.989s] [ext: omni.stats-1.0.1] startup
[51.011s] [ext: omni.datastore-0.0.0] startup
[51.332s] [ext: omni.client-1.2.2] startup
[51.552s] [ext: omni.ujitso.default-1.0.0] startup
[51.584s] [ext: omni.hsscclient-1.1.1] startup
2025-08-23 00:20:00 [51,170ms] [Warning] [omni.datastore] OmniHub is inaccessible
2025-08-23 00:20:01 [52,171ms] [Error] [omni.datastore] Failed to acquire exclusive lock to data store (64>=64)
2025-08-23 00:20:01 [52,171ms] [Error] [omni.datastore] Failed to create local file data store at '/opt/hpcaas/.mounts/fs-0565f60d669b6a2d3/home/cgokmen/miniconda3/envs/behavior/lib/python3.10/site-packages/omni/cache/DerivedDataCache'
[52.648s] [ext: omni.gpu_foundation.shadercache.vulkan-1.0.0] startup
[52.704s] [ext: omni.assets.plugins-0.0.0] startup
[52.747s] [ext: omni.gpu_foundation-0.0.0] startup
[53.045s] [ext: carb.windowing.plugins-1.0.0] startup
2025-08-23 00:20:01 [52,635ms] [Warning] [carb.windowing-glfw.plugin] GLFW initialization failed.
2025-08-23 00:20:01 [52,636ms] [Warning] [carb] Failed to startup plugin carb.windowing-glfw.plugin (interfaces: [carb::windowing::IGLContext v1.0],[carb::windowing::IWindowing v1.5]) (impl: carb.windowing-glfw.plugin)
[53.081s] [ext: omni.kit.renderer.init-0.0.0] startup
2025-08-23 00:20:02 [52,740ms] [Warning] [omni.platforminfo.plugin] failed to open the default display.  Can't verify X Server version.
2025-08-23 00:20:02 [53,066ms] [Warning] [gpu.foundation.plugin] [ShaderCache]: 95 percent of the driver's shadercache size limit has been reached. Max size: 4000.00 MB, Currently used: 3926.25 MB. To avoid a persistent long startup or USD load time on every app launch, recommended to free space by deleting driver caches using one of the following methods:
- By running the app with --/renderer/shadercache/driverDiskCache/flush=true (only once).
- Or by manually deleting the following folders: '%LOCALAPPDATA%/NVIDIA/DXCache/Omniverse' (Windows-DX) or '$omni_cache/shaders/nv_shadercache' (Windows-Vulkan, Linux-Vulkan).
Driver caches will be re-generated which may take a few minutes on the next launch.
2025-08-23 00:20:10 [60,753ms] [Warning] [carb.cudainterop.plugin] CUDA_VISIBLE_DEVICES environment variable is set.
2025-08-23 00:20:10 [60,756ms] [Warning] [carb.cudainterop.plugin] Note CUDA device enumeration and Omniverse device enumeration are different.
2025-08-23 00:20:10 [60,756ms] [Warning] [carb.cudainterop.plugin] Setting CUDA_VISIBLE_DEVICES can lead to undesired behavior or crashes.

|---------------------------------------------------------------------------------------------|
| Driver Version: 570.172.08    | Graphics API: Vulkan
|=============================================================================================|
| GPU | Name                             | Active | LDA | GPU Memory | Vendor-ID | LUID       |
|     |                                  |        |     |            | Device-ID | UUID       |
|     |                                  |        |     |            | Bus-ID    |            |
|---------------------------------------------------------------------------------------------|
| 0   | NVIDIA A100-SXM4-80GB            | Yes: 0 |     | 147446  MB | 10de      | 0          |
|     |                                  |        |     |            | 20b2      | 884bc0ef.. |
|     |                                  |        |     |            | 10        |            |
|=============================================================================================|
| OS: 22.04.5 LTS (Jammy Jellyfish) ubuntu, Version: 22.04.5, Kernel: 6.8.0-1033-aws
| Processor: Intel(R) Xeon(R) Platinum 8275CL CPU @ 3.00GHz
| Cores: 48 | Logical Cores: 96
|---------------------------------------------------------------------------------------------|
| Total Memory (MB): 1148721 | Free Memory: 1064708
| Total Page/Swap (MB): 0 | Free Page/Swap: 0
|---------------------------------------------------------------------------------------------|
2025-08-23 00:20:16 [67,338ms] [Warning] [gpu.foundation.plugin] ECC is enabled on physical device 0
[69.556s] [ext: omni.kit.pipapi-0.0.0] startup
[69.558s] [ext: omni.kit.pip_archive-0.0.0] startup
[69.599s] [ext: omni.services.pip_archive-0.13.11] startup
[69.621s] [ext: omni.materialx.libs-1.0.6] startup
[69.814s] [ext: omni.kit.telemetry-0.5.1] startup
[69.998s] [ext: omni.kit.loop-isaac-1.2.1] startup
[70.056s] [ext: omni.kit.test-1.1.2] startup
[71.452s] [ext: omni.usd.config-1.0.5] startup
[72.970s] [ext: omni.gpucompute.plugins-0.0.0] startup
[73.029s] [ext: omni.usd.libs-1.0.1] startup
[75.039s] [ext: omni.mdl-55.0.1] startup
[75.295s] [ext: omni.iray.libs-0.0.0] startup
[75.944s] [ext: omni.mdl.neuraylib-0.2.10] startup
[76.216s] [ext: omni.kit.usd.mdl-1.0.7] startup
[77.893s] [ext: omni.pip.compute-1.4.5] startup
[77.929s] [ext: omni.appwindow-1.1.9] startup
2025-08-23 00:20:26 [77,536ms] [Warning] [carb.windowing-glfw.plugin] GLFW initialization failed.
2025-08-23 00:20:26 [77,536ms] [Warning] [carb] Failed to startup plugin carb.windowing-glfw.plugin (interfaces: [carb::windowing::IGLContext v1.0],[carb::windowing::IWindowing v1.5]) (impl: carb.windowing-glfw.plugin)
[78.017s] [ext: omni.kit.renderer.core-1.0.2] startup
2025-08-23 00:20:27 [77,830ms] [Warning] [carb.windowing-glfw.plugin] GLFW initialization failed.
2025-08-23 00:20:27 [77,830ms] [Warning] [carb] Failed to startup plugin carb.windowing-glfw.plugin (interfaces: [carb::windowing::IGLContext v1.0],[carb::windowing::IWindowing v1.5]) (impl: carb.windowing-glfw.plugin)
2025-08-23 00:20:27 [77,866ms] [Warning] [carb.windowing-glfw.plugin] GLFW initialization failed.
2025-08-23 00:20:27 [77,866ms] [Warning] [carb] Failed to startup plugin carb.windowing-glfw.plugin (interfaces: [carb::windowing::IGLContext v1.0],[carb::windowing::IWindowing v1.5]) (impl: carb.windowing-glfw.plugin)
[78.354s] [ext: omni.kit.renderer.capture-0.0.0] startup
[78.586s] [ext: omni.kit.renderer.imgui-1.0.2] startup
2025-08-23 00:20:27 [78,513ms] [Warning] [carb.windowing-glfw.plugin] GLFW initialization failed.
2025-08-23 00:20:27 [78,513ms] [Warning] [carb] Failed to startup plugin carb.windowing-glfw.plugin (interfaces: [carb::windowing::IGLContext v1.0],[carb::windowing::IWindowing v1.5]) (impl: carb.windowing-glfw.plugin)
2025-08-23 00:20:27 [78,518ms] [Warning] [carb.windowing-glfw.plugin] GLFW initialization failed.
2025-08-23 00:20:27 [78,518ms] [Warning] [carb] Failed to startup plugin carb.windowing-glfw.plugin (interfaces: [carb::windowing::IGLContext v1.0],[carb::windowing::IWindowing v1.5]) (impl: carb.windowing-glfw.plugin)
2025-08-23 00:20:27 [78,524ms] [Warning] [carb.windowing-glfw.plugin] GLFW initialization failed.
2025-08-23 00:20:27 [78,524ms] [Warning] [carb] Failed to startup plugin carb.windowing-glfw.plugin (interfaces: [carb::windowing::IGLContext v1.0],[carb::windowing::IWindowing v1.5]) (impl: carb.windowing-glfw.plugin)
[82.747s] [ext: omni.ui-2.26.5] startup
[86.549s] [ext: omni.kit.mainwindow-1.0.3] startup
[86.688s] [ext: carb.audio-0.1.0] startup
[86.759s] [ext: omni.uiaudio-1.0.0] startup
[87.070s] [ext: omni.kit.uiapp-0.0.0] startup
[87.071s] [ext: omni.usd.schema.metrics.assembler-106.5.0] startup
[88.068s] [ext: omni.usd.schema.omniscripting-1.0.0] startup
[88.403s] [ext: omni.usd.schema.physx-106.5.7] startup
[89.244s] [ext: omni.usd.schema.audio-0.0.0] startup
[89.500s] [ext: omni.usd.schema.omnigraph-1.0.0] startup
[89.793s] [ext: omni.usd.schema.anim-0.0.0] startup
[90.754s] [ext: omni.usd.schema.semantics-0.0.0] startup
[91.062s] [ext: omni.usd.schema.geospatial-0.0.0] startup
[91.206s] [ext: omni.kit.window.popup_dialog-2.0.24] startup
[91.325s] [ext: omni.resourcemonitor-107.0.0] startup
[91.617s] [ext: omni.activity.core-1.0.1] startup
[91.755s] [ext: omni.timeline-1.0.11] startup
[91.990s] [ext: omni.usd_resolver-1.0.0] startup
[92.453s] [ext: omni.kit.widget.nucleus_connector-1.1.10] startup
[92.529s] [ext: usdrt.scenegraph-7.5.1] startup
[93.416s] [ext: omni.usd.core-1.4.2] startup
[93.452s] [ext: omni.kit.usd_undo-0.1.8] startup
[93.479s] [ext: omni.graph.exec-0.9.4] startup
[93.533s] [ext: omni.kit.actions.core-1.0.0] startup
[93.651s] [ext: omni.kit.audiodeviceenum-1.0.1] startup
[93.766s] [ext: omni.kit.exec.core-0.13.4] startup
[93.974s] [ext: omni.kit.commands-1.4.9] startup
[94.217s] [ext: omni.hydra.usdrt_delegate-7.5.1] startup
[94.880s] [ext: omni.hydra.scene_delegate-0.3.3] startup
[94.946s] [ext: omni.usd-1.12.4] startup
[95.811s] [ext: omni.kit.asset_converter-2.8.5] startup
[96.206s] [ext: isaacsim.robot.schema-3.1.2] startup
[96.566s] [ext: omni.pip.cloud-1.1.7] startup
[96.656s] [ext: omni.usd.schema.isaac-3.0.2] startup
[96.656s] [ext: omni.usd.schema.flow-107.0.0] startup
[96.695s] [ext: omni.inspect-1.0.1] startup
[96.777s] [ext: omni.kit.notification_manager-1.0.9] startup
[96.986s] [ext: omni.graph.core-2.181.8] startup
[97.065s] [ext: isaacsim.core.deprecation_manager-0.2.2] startup
[97.124s] [ext: omni.usd.schema.forcefield-106.5.7] startup
[97.233s] [ext: omni.kit.menu.core-1.1.2] startup
[97.262s] [ext: omni.kit.clipboard-1.0.5] startup
[97.350s] [ext: omni.kit.widget.context_menu-1.2.4] startup
[97.497s] [ext: omni.kit.widget.options_menu-1.1.6] startup
[97.783s] [ext: omni.kit.helper.file_utils-0.1.9] startup
[97.856s] [ext: omni.kit.widget.path_field-2.0.11] startup
[97.952s] [ext: omni.kit.property.adapter.core-1.0.2] startup
[98.252s] [ext: omni.kit.widget.options_button-1.0.3] startup
[98.375s] [ext: omni.kit.widget.filebrowser-2.10.52] startup
[98.734s] [ext: omni.kit.widget.browser_bar-2.0.10] startup
[98.824s] [ext: omni.kit.property.adapter.fabric-1.0.3] startup
[98.989s] [ext: omni.ui.scene-1.11.2] startup
[99.087s] [ext: omni.kit.numpy.common-0.1.2] startup
[99.152s] [ext: omni.kit.window.filepicker-2.11.7] startup
[100.142s] [ext: omni.kit.usd.layers-2.2.0] startup
[100.429s] [ext: omni.hydra.rtx.shadercache.vulkan-1.0.0] startup
[100.565s] [ext: omni.kit.window.file_importer-1.1.14] startup
[100.662s] [ext: omni.kit.menu.utils-1.7.7] startup
[101.029s] [ext: omni.kit.context_menu-1.8.3] startup
[101.181s] [ext: omni.ujitso.processor.texture-1.0.0] startup
[101.274s] [ext: omni.index.libs-380600.1777.0] startup
[101.274s] [ext: omni.volume-0.5.0] startup
[101.461s] [ext: omni.ujitso.client-0.0.0] startup
[101.538s] [ext: omni.index-1.0.1] startup
[101.580s] [ext: omni.kit.hotkeys.core-1.3.10] startup
[101.582s] [ext: omni.hydra.rtx-1.0.0] startup
2025-08-23 00:20:50 [101,303ms] [Warning] [omni.log] Source: omni.hydra was already registered.
[102.313s] [ext: omni.kit.material.library-1.5.15] startup
[102.535s] [ext: omni.convexdecomposition-106.5.7] startup
[102.692s] [ext: omni.kit.viewport.legacy_gizmos-1.0.16] startup
[102.775s] [ext: omni.kit.raycast.query-1.0.5] startup
[102.907s] [ext: omni.hydra.engine.stats-1.0.3] startup
[103.000s] [ext: omni.kvdb-106.5.7] startup
[103.174s] [ext: omni.usdphysics-106.5.7] startup
[103.239s] [ext: omni.physx.foundation-106.5.7] startup
[103.379s] [ext: omni.localcache-106.5.7] startup
[103.551s] [ext: isaacsim.core.version-2.0.2] startup
[103.618s] [ext: omni.physx.cooking-106.5.7] startup
[103.756s] [ext: omni.kit.viewport.scene_camera_model-1.0.5] startup
[103.914s] [ext: omni.kit.hydra_texture-1.4.0] startup
[104.009s] [ext: omni.physx-106.5.7] startup
[104.216s] [ext: omni.kit.window.drop_support-1.0.4] startup
[104.317s] [ext: omni.kit.widget.viewport-107.0.7] startup
[104.666s] [ext: omni.kit.viewport.registry-104.0.6] startup
[104.849s] [ext: omni.physx.stageupdate-106.5.7] startup
[105.087s] [ext: omni.kit.viewport.window-107.0.8] startup
[105.552s] [ext: isaacsim.storage.native-1.0.6] startup
[105.662s] [ext: omni.isaac.dynamic_control-1.3.16] startup
2025-08-23 00:20:55 [105,889ms] [Warning] [omni.isaac.dynamic_control] omni.isaac.dynamic_control is deprecated as of Isaac Sim 4.5. No action is needed from end-users.
[106.355s] [ext: omni.warp.core-1.5.0] startup
[107.161s] [ext: omni.kit.widget.searchfield-1.1.8] startup
[107.209s] [ext: omni.kit.window.file_exporter-1.0.31] startup
[107.334s] [ext: omni.kit.widget.filter-1.1.4] startup
[107.381s] [ext: isaacsim.core.utils-2.2.8] startup
[107.520s] [ext: omni.kit.stage_template.core-1.1.22] startup
[107.586s] [ext: omni.kit.widget.stage-2.11.6] startup
[108.286s] [ext: omni.kit.widget.stage_icons-1.0.6] startup
[108.352s] [ext: omni.kit.window.file-1.3.57] startup
[108.561s] [ext: omni.kit.window.content_browser_registry-0.0.6] startup
[108.620s] [ext: omni.kit.widget.searchable_combobox-1.0.6] startup
[108.693s] [ext: omni.kit.window.stage-2.5.11] startup
[108.859s] [ext: omni.kit.window.content_browser-2.10.3] startup
[109.270s] [ext: omni.kit.usd.collect-2.2.22] startup
[109.377s] [ext: omni.kit.widget.settings-1.2.2] startup
[109.512s] [ext: omni.kit.menu.stage-1.2.5] startup
[109.605s] [ext: omni.kit.widget.prompt-1.0.7] startup
[109.656s] [ext: omni.kit.window.preferences-1.7.0] startup
[110.569s] [ext: omni.kit.viewport.utility-1.0.18] startup
[110.691s] [ext: omni.kit.xr.configurations-106.5.13] startup
[110.691s] [ext: omni.kit.widget.zoombar-1.0.5] startup
[110.879s] [ext: omni.rtx.window.settings-0.6.17] startup
[111.158s] [ext: omni.kit.manipulator.camera-106.0.3] startup
[111.405s] [ext: omni.kit.xr.core-106.5.13] startup
[115.782s] [ext: omni.physics.tensors-106.5.7] startup
[116.016s] [ext: omni.kit.browser.core-2.3.11] startup
[116.486s] [ext: omni.kit.xr.ui.window.viewport-106.5.13] startup
[117.292s] [ext: omni.physx.tensors-106.5.7] startup
[117.426s] [ext: omni.kit.browser.folder.core-1.10.1] startup
[117.946s] [ext: omni.kit.xr.scene_view.core-106.5.13] startup
[118.061s] [ext: isaacsim.core.simulation_manager-0.3.3] startup
[118.783s] [ext: omni.kit.tool.collect-2.2.16] startup
[119.043s] [ext: omni.services.facilities.base-1.0.4] startup
[119.260s] [ext: isaacsim.core.prims-0.3.7] startup
[120.070s] [ext: isaacsim.asset.browser-1.3.4] startup
[121.105s] [ext: omni.graph.tools-1.79.1] startup
[DEBUG] [AutoNode] Defining data type 'any' as 'Any'
[DEBUG] [AutoNode] Defining data type 'bool' as 'Bool' and array 'BoolArray
[DEBUG] [AutoNode] Defining data type 'bundle' as 'Bundle'
[DEBUG] [AutoNode] Defining data type 'colord[3]' as 'Color3d' and array 'Color3dArray
[DEBUG] [AutoNode] Defining data type 'colorf[3]' as 'Color3f' and array 'Color3fArray
[DEBUG] [AutoNode] Defining data type 'colorh[3]' as 'Color3h' and array 'Color3hArray
[DEBUG] [AutoNode] Defining data type 'colord[4]' as 'Color4d' and array 'Color4dArray
[DEBUG] [AutoNode] Defining data type 'colorf[4]' as 'Color4f' and array 'Color4fArray
[DEBUG] [AutoNode] Defining data type 'colorh[4]' as 'Color4h' and array 'Color4hArray
[DEBUG] [AutoNode] Defining data type 'double' as 'Double' and array 'DoubleArray
[DEBUG] [AutoNode] Defining data type 'double[2]' as 'Double2' and array 'Double2Array
[DEBUG] [AutoNode] Defining data type 'double[3]' as 'Double3' and array 'Double3Array
[DEBUG] [AutoNode] Defining data type 'double[4]' as 'Double4' and array 'Double4Array
[DEBUG] [AutoNode] Defining data type 'execution' as 'Execution'
[DEBUG] [AutoNode] Defining data type 'float' as 'Float' and array 'FloatArray
[DEBUG] [AutoNode] Defining data type 'float[2]' as 'Float2' and array 'Float2Array
[DEBUG] [AutoNode] Defining data type 'float[3]' as 'Float3' and array 'Float3Array
[DEBUG] [AutoNode] Defining data type 'float[4]' as 'Float4' and array 'Float4Array
[DEBUG] [AutoNode] Defining data type 'frame[4]' as 'Frame' and array 'FrameArray
[DEBUG] [AutoNode] Defining data type 'half' as 'Half' and array 'HalfArray
[DEBUG] [AutoNode] Defining data type 'half[2]' as 'Half2' and array 'Half2Array
[DEBUG] [AutoNode] Defining data type 'half[3]' as 'Half3' and array 'Half3Array
[DEBUG] [AutoNode] Defining data type 'half[4]' as 'Half4' and array 'Half4Array
[DEBUG] [AutoNode] Defining data type 'int' as 'Int' and array 'IntArray
[DEBUG] [AutoNode] Defining data type 'int[2]' as 'Int2' and array 'Int2Array
[DEBUG] [AutoNode] Defining data type 'int[3]' as 'Int3' and array 'Int3Array
[DEBUG] [AutoNode] Defining data type 'int[4]' as 'Int4' and array 'Int4Array
[DEBUG] [AutoNode] Defining data type 'int64' as 'Int64' and array 'Int64Array
[DEBUG] [AutoNode] Defining data type 'matrixd[2]' as 'Matrix2d' and array 'Matrix2dArray
[DEBUG] [AutoNode] Defining data type 'matrixd[3]' as 'Matrix3d' and array 'Matrix3dArray
[DEBUG] [AutoNode] Defining data type 'matrixd[4]' as 'Matrix4d' and array 'Matrix4dArray
[DEBUG] [AutoNode] Defining data type 'normald[3]' as 'Normal3d' and array 'Normal3dArray
[DEBUG] [AutoNode] Defining data type 'normalf[3]' as 'Normal3f' and array 'Normal3fArray
[DEBUG] [AutoNode] Defining data type 'normalh[3]' as 'Normal3h' and array 'Normal3hArray
[DEBUG] [AutoNode] Defining data type 'objectId' as 'ObjectId' and array 'ObjectIdArray
[DEBUG] [AutoNode] Defining data type 'path' as 'Path'
[DEBUG] [AutoNode] Defining data type 'pointd[3]' as 'Point3d' and array 'Point3dArray
[DEBUG] [AutoNode] Defining data type 'pointf[3]' as 'Point3f' and array 'Point3fArray
[DEBUG] [AutoNode] Defining data type 'pointh[3]' as 'Point3h' and array 'Point3hArray
[DEBUG] [AutoNode] Defining data type 'quatd[4]' as 'Quatd' and array 'QuatdArray
[DEBUG] [AutoNode] Defining data type 'quatf[4]' as 'Quatf' and array 'QuatfArray
[DEBUG] [AutoNode] Defining data type 'quath[4]' as 'Quath' and array 'QuathArray
[DEBUG] [AutoNode] Defining data type 'string' as 'String'
[DEBUG] [AutoNode] Defining data type 'target' as 'Target'
[DEBUG] [AutoNode] Defining data type 'texcoordd[2]' as 'TexCoord2d' and array 'TexCoord2dArray
[DEBUG] [AutoNode] Defining data type 'texcoordf[2]' as 'TexCoord2f' and array 'TexCoord2fArray
[DEBUG] [AutoNode] Defining data type 'texcoordh[2]' as 'TexCoord2h' and array 'TexCoord2hArray
[DEBUG] [AutoNode] Defining data type 'texcoordd[3]' as 'TexCoord3d' and array 'TexCoord3dArray
[DEBUG] [AutoNode] Defining data type 'texcoordf[3]' as 'TexCoord3f' and array 'TexCoord3fArray
[DEBUG] [AutoNode] Defining data type 'texcoordh[3]' as 'TexCoord3h' and array 'TexCoord3hArray
[DEBUG] [AutoNode] Defining data type 'timecode' as 'Timecode' and array 'TimecodeArray
[DEBUG] [AutoNode] Defining data type 'token' as 'Token' and array 'TokenArray
[DEBUG] [AutoNode] Defining data type 'uchar' as 'UChar' and array 'UCharArray
[DEBUG] [AutoNode] Defining data type 'uint' as 'UInt' and array 'UIntArray
[DEBUG] [AutoNode] Defining data type 'uint64' as 'UInt64' and array 'UInt64Array
[DEBUG] [AutoNode] Defining data type 'vectord[3]' as 'Vector3d' and array 'Vector3dArray
[DEBUG] [AutoNode] Defining data type 'vectorf[3]' as 'Vector3f' and array 'Vector3fArray
[DEBUG] [AutoNode] Defining data type 'vectorh[3]' as 'Vector3h' and array 'Vector3hArray
[122.128s] [ext: omni.services.core-1.9.0] startup
[124.712s] [ext: omni.kit.primitive.mesh-1.0.17] startup
[124.864s] [ext: omni.kit.widget.highlight_label-1.0.3] startup
[124.892s] [ext: omni.services.transport.server.base-1.1.1] startup
[124.969s] [ext: omni.kit.stage_templates-1.2.6] startup
[125.062s] [ext: omni.kit.window.property-1.11.5] startup
[125.129s] [ext: omni.services.transport.server.zeroconf-1.0.9] startup
[125.318s] [ext: isaacsim.core.api-4.2.16] startup
[125.603s] [ext: omni.kit.property.adapter.usd-1.0.2] startup
[125.655s] [ext: omni.kit.xr.advertise-106.5.13] startup
[125.711s] [ext: omni.isaac.assets_check-0.3.9] startup
2025-08-23 00:21:14 [125,302ms] [Warning] [omni.isaac.assets_check] omni.isaac.assets_check has been deprecated in favor of isaacsim.asset.browser. Please update your code accordingly.
[125.743s] [ext: omni.graph-1.140.2] startup
[126.154s] [ext: omni.kit.property.usd-4.2.16] startup
[126.248s] [ext: omni.graph.action_core-1.1.7] startup
[126.303s] [ext: omni.kit.menu.create-1.0.17] startup
[126.348s] [ext: omni.kit.widget.text_editor-1.0.2] startup
[126.391s] [ext: omni.graph.action_nodes-1.40.1] startup
[126.464s] [ext: isaacsim.core.cloner-1.3.4] startup
[126.493s] [ext: omni.kit.scripting-106.5.2] startup
[126.663s] [ext: omni.graph.scriptnode-1.40.1] startup
[126.726s] [ext: omni.graph.action-1.120.0] startup
[126.758s] [ext: omni.isaac.cloner-1.0.2] startup
2025-08-23 00:21:15 [126,360ms] [Warning] [omni.isaac.cloner] omni.isaac.cloner has been deprecated in favor of isaacsim.core.cloner. Please update your code accordingly.
[126.801s] [ext: isaacsim.replicator.behavior-1.0.8] startup
[126.859s] [ext: omni.ui_query-1.1.7] startup
[126.919s] [ext: omni.kit.widget.graph-1.12.17] startup
[127.153s] [ext: omni.kit.manipulator.viewport-107.0.1] startup
[127.202s] [ext: omni.kit.ui_test-1.3.3] startup
[127.267s] [ext: omni.kit.graph.delegate.default-1.2.2] startup
[127.322s] [ext: omni.kit.window.extensions-1.4.25] startup
[127.658s] [ext: omni.graph.visualization.nodes-2.1.1] startup
[127.820s] [ext: omni.graph.image.core-0.6.0] startup
[127.849s] [ext: omni.kit.graph.editor.core-1.5.3] startup
[127.943s] [ext: isaacsim.gui.components-1.0.9] startup
[128.038s] [ext: omni.kit.widget.material_preview-1.0.16] startup
[128.075s] [ext: omni.kit.graph.usd.commands-1.3.1] startup
[128.098s] [ext: omni.graph.image.nodes-1.3.0] startup
[128.131s] [ext: isaacsim.robot_motion.lula-4.0.4] startup
[128.318s] [ext: omni.kit.viewport.menubar.core-107.1.2] startup
[128.605s] [ext: omni.kit.window.material_graph-1.8.19] startup
[129.075s] [ext: omni.isaac.core-4.0.3] startup
2025-08-23 00:21:18 [128,672ms] [Warning] [omni.isaac.core.physics_context.physics_context] omni.isaac.core.physics_context.physics_context has been deprecated in favor of isaacsim.core.api.physics_context.physics_context. Please update your code accordingly.
2025-08-23 00:21:18 [128,689ms] [Warning] [omni.isaac.core.simulation_context.simulation_context] omni.isaac.core.simulation_context.simulation_context has been deprecated in favor of isaacsim.core.api.simulation_context.simulation_context. Please update your code accordingly.
2025-08-23 00:21:18 [128,708ms] [Warning] [omni.isaac.core.world.world] omni.isaac.core.world.world has been deprecated in favor of isaacsim.core.api.world.world. Please update your code accordingly.
2025-08-23 00:21:18 [128,708ms] [Warning] [omni.isaac.core] omni.isaac.core has been deprecated in favor of isaacsim.core.api. Please update your code accordingly.
[129.150s] [ext: isaacsim.robot_motion.motion_generation-8.0.6] startup
[129.362s] [ext: omni.graph.nodes-1.162.1] startup
[129.737s] [ext: omni.syntheticdata-0.6.10] startup
[129.894s] [ext: omni.kit.xr.system.cloudxr-106.5.13] startup
[129.995s] [ext: isaacsim.robot_motion.lula_test_widget-1.0.5] startup
[130.064s] [ext: omni.kit.xr.telemetry-106.5.13] startup
[130.177s] [ext: omni.kit.data2ui.core-1.0.27] startup
[130.279s] [ext: omni.kit.xr.ui.window.profile-106.5.13] startup
[130.656s] [ext: omni.kit.data2ui.usd-1.0.27] startup
[131.098s] [ext: omni.warp-1.5.0] startup
[131.254s] [ext: omni.no_code_ui.bundle-1.0.27] startup
[131.254s] [ext: omni.replicator.core-1.11.35] startup
Warp 1.5.0 initialized:
   CUDA Toolkit 11.8, Driver 12.8
   Devices:
     "cpu"      : "x86_64"
     "cuda:0"   : "NVIDIA A100-SXM4-80GB" (79 GiB, sm_80, mempool enabled)
   Kernel cache:
     /home/cgokmen/.cache/warp/1.5.0
2025-08-23 00:21:22 [132,748ms] [Warning] [omni.replicator.core.scripts.extension] No material configuration file, adding configuration to material settings directly.
[133.199s] [ext: omni.isaac.lula-4.0.2] startup
2025-08-23 00:21:22 [132,793ms] [Warning] [omni.isaac.lula] omni.isaac.lula has been deprecated in favor of isaacsim.robot_motion.lula. Please update your code accordingly.
[133.233s] [ext: omni.isaac.lula_test_widget-1.0.2] startup
2025-08-23 00:21:22 [132,861ms] [Warning] [omni.isaac.lula_test_widget] omni.isaac.lula_test_widget has been deprecated in favor of isaacsim.robot_motion.lula_test_widget. Please update your code accordingly.
[133.304s] [ext: omni.kit.xr.profile.common-106.5.13] startup
[133.684s] [ext: omni.kit.xr.scene_view.utils-106.5.13] startup
[144.647s] [ext: isaacsim.core.nodes-2.1.4] startup
[144.825s] [ext: isaacsim.robot.surface_gripper-2.0.6] startup
[144.920s] [ext: omni.kit.xr.system.openxr-106.5.13] startup
[145.179s] [ext: omni.kit.xr.system.steamvr-106.5.13] startup
[145.267s] [ext: omni.kit.xr.ui.stage-106.5.13] startup
[146.077s] [ext: omni.kit.selection-0.1.5] startup
[146.145s] [ext: isaacsim.robot.manipulators-3.0.4] startup
[146.292s] [ext: omni.isaac.core_nodes-2.0.2] startup
2025-08-23 00:21:35 [145,883ms] [Warning] [omni.isaac.core_nodes] omni.isaac.core_nodes has been deprecated in favor of isaacsim.core.nodes. Please update your code accordingly.
[146.324s] [ext: omni.anim.curve.core-1.2.0] startup
[146.720s] [ext: omni.kit.xr.profile.vr-106.5.13] startup
[146.825s] [ext: isaacsim.gui.menu-2.0.9] startup
[147.055s] [ext: omni.isaac.manipulators-3.0.3] startup
2025-08-23 00:21:35 [146,644ms] [Warning] [omni.isaac.manipulators] omni.isaac.manipulators has been deprecated in favor of isaacsim.robot.manipulators. Please update your code accordingly.
2025-08-23 00:21:36 [146,662ms] [Warning] [omni.isaac.manipulators.controllers] omni.isaac.manipulators has been deprecated in favor of isaacsim.robot.manipulators. Please update your code accordingly.
2025-08-23 00:21:36 [146,680ms] [Warning] [omni.isaac.manipulators.controllers.pick_place_controller] omni.isaac.manipulators has been deprecated in favor of isaacsim.robot.manipulators. Please update your code accordingly.
2025-08-23 00:21:36 [146,730ms] [Warning] [omni.isaac.manipulators.controllers.stacking_controller] omni.isaac.manipulators has been deprecated in favor of isaacsim.robot.manipulators. Please update your code accordingly.
2025-08-23 00:21:36 [146,757ms] [Warning] [omni.isaac.manipulators.grippers] omni.isaac.manipulators has been deprecated in favor of isaacsim.robot.manipulators. Please update your code accordingly.
2025-08-23 00:21:36 [146,765ms] [Warning] [omni.isaac.manipulators.grippers.gripper] omni.isaac.manipulators has been deprecated in favor of isaacsim.robot.manipulators. Please update your code accordingly.
2025-08-23 00:21:36 [146,774ms] [Warning] [omni.isaac.manipulators.grippers.parallel_gripper] omni.isaac.manipulators has been deprecated in favor of isaacsim.robot.manipulators. Please update your code accordingly.
2025-08-23 00:21:36 [146,784ms] [Warning] [omni.isaac.manipulators.grippers.surface_gripper] omni.isaac.manipulators has been deprecated in favor of isaacsim.robot.manipulators. Please update your code accordingly.
2025-08-23 00:21:36 [146,793ms] [Warning] [omni.isaac.manipulators.manipulators] omni.isaac.manipulators has been deprecated in favor of isaacsim.robot.manipulators. Please update your code accordingly.
2025-08-23 00:21:36 [146,800ms] [Warning] [omni.isaac.manipulators.manipulators.single_manipulator] omni.isaac.manipulators has been deprecated in favor of isaacsim.robot.manipulators. Please update your code accordingly.
[147.242s] [ext: isaacsim.sensors.physics-0.3.5] startup
[147.377s] [ext: omni.isaac.menu-1.0.2] startup
2025-08-23 00:21:36 [146,967ms] [Warning] [omni.isaac.menu] omni.isaac.menu has been deprecated in favor of isaacsim.gui.menu. Please update your code accordingly.
[147.408s] [ext: omni.isaac.motion_generation-8.0.2] startup
2025-08-23 00:21:36 [147,017ms] [Warning] [omni.isaac.motion_generation] omni.isaac.motion_generation has been deprecated in favor of isaacsim.robot_motion.motion_generation. Please update your code accordingly.
2025-08-23 00:21:36 [147,048ms] [Warning] [omni.isaac.motion_generation.articulation_kinematics_solver] omni.isaac.motion_generation has been deprecated in favor of isaacsim.robot_motion.motion_generation. Please update your code accordingly.
2025-08-23 00:21:36 [147,073ms] [Warning] [omni.isaac.motion_generation.articulation_motion_policy] omni.isaac.motion_generation has been deprecated in favor of isaacsim.robot_motion.motion_generation. Please update your code accordingly.
2025-08-23 00:21:36 [147,100ms] [Warning] [omni.isaac.motion_generation.articulation_trajectory] omni.isaac.motion_generation has been deprecated in favor of isaacsim.robot_motion.motion_generation. Please update your code accordingly.
2025-08-23 00:21:36 [147,127ms] [Warning] [omni.isaac.motion_generation.kinematics_interface] omni.isaac.motion_generation has been deprecated in favor of isaacsim.robot_motion.motion_generation. Please update your code accordingly.
2025-08-23 00:21:36 [147,163ms] [Warning] [omni.isaac.motion_generation.lula] omni.isaac.motion_generation has been deprecated in favor of isaacsim.robot_motion.motion_generation. Please update your code accordingly.
2025-08-23 00:21:36 [147,180ms] [Warning] [omni.isaac.motion_generation.lula.kinematics] omni.isaac.motion_generation has been deprecated in favor of isaacsim.robot_motion.motion_generation. Please update your code accordingly.
2025-08-23 00:21:36 [147,197ms] [Warning] [omni.isaac.motion_generation.lula.motion_policies] omni.isaac.motion_generation has been deprecated in favor of isaacsim.robot_motion.motion_generation. Please update your code accordingly.
2025-08-23 00:21:36 [147,207ms] [Warning] [omni.isaac.motion_generation.lula.path_planners] omni.isaac.motion_generation has been deprecated in favor of isaacsim.robot_motion.motion_generation. Please update your code accordingly.
2025-08-23 00:21:36 [147,224ms] [Warning] [omni.isaac.motion_generation.lula.trajectory_generator] omni.isaac.motion_generation has been deprecated in favor of isaacsim.robot_motion.motion_generation. Please update your code accordingly.
2025-08-23 00:21:36 [147,240ms] [Warning] [omni.isaac.motion_generation.motion_policy_controller] omni.isaac.motion_generation has been deprecated in favor of isaacsim.robot_motion.motion_generation. Please update your code accordingly.
2025-08-23 00:21:36 [147,267ms] [Warning] [omni.isaac.motion_generation.motion_policy_interface] omni.isaac.motion_generation has been deprecated in favor of isaacsim.robot_motion.motion_generation. Please update your code accordingly.
2025-08-23 00:21:36 [147,295ms] [Warning] [omni.isaac.motion_generation.path_planner_visualizer] omni.isaac.motion_generation has been deprecated in favor of isaacsim.robot_motion.motion_generation. Please update your code accordingly.
2025-08-23 00:21:36 [147,314ms] [Warning] [omni.isaac.motion_generation.path_planning_interface] omni.isaac.motion_generation has been deprecated in favor of isaacsim.robot_motion.motion_generation. Please update your code accordingly.
2025-08-23 00:21:36 [147,328ms] [Warning] [omni.isaac.motion_generation.trajectory] omni.isaac.motion_generation has been deprecated in favor of isaacsim.robot_motion.motion_generation. Please update your code accordingly.
2025-08-23 00:21:36 [147,346ms] [Warning] [omni.isaac.motion_generation.world_interface] omni.isaac.motion_generation has been deprecated in favor of isaacsim.robot_motion.motion_generation. Please update your code accordingly.
[147.816s] [ext: isaacsim.robot.policy.examples-4.0.3] startup
[147.960s] [ext: omni.sensors.nv.common-2.5.0-coreapi] startup
[148.667s] [ext: omni.isaac.nucleus-1.0.3] startup
2025-08-23 00:21:37 [148,246ms] [Warning] [omni.isaac.nucleus] omni.isaac.nucleus has been deprecated in favor of isaacsim.storage.native. Please update your code accordingly.
2025-08-23 00:21:37 [148,259ms] [Warning] [omni.isaac.nucleus.nucleus] omni.isaac.nucleus.nucleus has been deprecated in favor of isaacsim.storage.native. Please update your code accordingly.
[148.700s] [ext: omni.isaac.quadruped-3.0.2] startup
2025-08-23 00:21:37 [148,297ms] [Warning] [omni.isaac.quadruped] omni.isaac.quadruped has been deprecated in favor of isaacsim.robot.policy.examples. Please update your code accordingly.
[148.738s] [ext: omni.sensors.nv.materials-1.4.0-coreapi] startup
[148.891s] [ext: isaacsim.sensors.camera-0.2.9] startup
[148.986s] [ext: omni.sensors.nv.wpm-2.4.0-coreapi] startup
[149.106s] [ext: omni.sensors.nv.lidar-2.6.3-coreapi] startup
[149.210s] [ext: isaacsim.util.debug_draw-2.0.2] startup
[149.345s] [ext: omni.sensors.tiled-0.0.6] startup
[149.413s] [ext: omni.sensors.nv.radar-2.6.1-coreapi] startup
[149.549s] [ext: omni.sensors.nv.ids-1.4.0-coreapi] startup
[149.597s] [ext: isaacsim.sensors.physx-2.2.4] startup
[149.744s] [ext: isaacsim.robot.manipulators.examples-1.0.3] startup
[149.780s] [ext: isaacsim.sensors.rtx-13.6.3] startup
[149.991s] [ext: omni.isaac.range_sensor-4.0.2] startup
[150.183s] [ext: isaacsim.cortex.framework-1.0.2] startup
[150.226s] [ext: omni.isaac.sensor-13.0.3] startup
2025-08-23 00:21:39 [149,807ms] [Warning] [omni.isaac.sensor] omni.isaac.sensor has been deprecated in favor of isaacsim.sensors.camera, isaacsim.sensors.physics, isaacsim.sensors.physx, and isaacsim.sensors.rtx. Please update your code accordingly.
2025-08-23 00:21:39 [149,818ms] [Warning] [omni.isaac.sensor.camera] omni.isaac.sensor.camera has been deprecated in favor of isaacsim.sensors.camera.camera. Please update your code accordingly.
2025-08-23 00:21:39 [149,830ms] [Warning] [omni.isaac.sensor.camera_view] omni.isaac.sensor.camera_view has been deprecated in favor of isaacsim.sensors.camera.camera_view. Please update your code accordingly.
2025-08-23 00:21:39 [149,842ms] [Warning] [omni.isaac.sensor.commands] omni.isaac.sensor.commands has been deprecated in favor of isaacsim.sensors.physics.commands, isaacsim.sensors.physx.commands, and isaacsim.sensors.rtx.commands. Please update your code accordingly.
2025-08-23 00:21:39 [149,849ms] [Warning] [omni.isaac.sensor.contact_sensor] omni.isaac.sensor.contact_sensor has been deprecated in favor of isaacsim.sensors.physics.contact_sensor. Please update your code accordingly.
2025-08-23 00:21:39 [149,854ms] [Warning] [omni.isaac.sensor.imu_sensor] omni.isaac.sensor.imu_sensor has been deprecated in favor of isaacsim.sensors.physics.imu_sensor. Please update your code accordingly.
2025-08-23 00:21:39 [149,862ms] [Warning] [omni.isaac.sensor.lidar_rtx] omni.isaac.sensor.lidar_rtx has been deprecated in favor of isaacsim.sensors.rtx.lidar_rtx. Please update your code accordingly.
2025-08-23 00:21:39 [149,868ms] [Warning] [omni.isaac.sensor.rotating_lidar_physX] omni.isaac.sensor.imu_sensor has been deprecated in favor of isaacsim.sensors.physix.rotating_lidar_physX. Please update your code accordingly.
2025-08-23 00:21:39 [149,896ms] [Warning] [omni.isaac.sensor.scripts.samples.contact_sensor] omni.isaac.sensor.scripts.samples.contact_sensor has been deprecated in favor of isaacsim.sensors.physics.scripts.samples.contact_sensor. Please update your code accordingly.
2025-08-23 00:21:39 [149,903ms] [Warning] [omni.isaac.sensor.scripts.samples.imu_sensor] omni.isaac.sensor.scripts.samples.imu_sensor has been deprecated in favor of isaacsim.sensors.physics.scripts.samples.imu_sensor. Please update your code accordingly.
2025-08-23 00:21:39 [149,908ms] [Warning] [omni.isaac.sensor.scripts.samples.lightbeam_sensor] omni.isaac.sensor.scripts.samples.lightbeam_sensor has been deprecated in favor of isaacsim.sensors.physx.scripts.samples.lightbeam_sensor. Please update your code accordingly.
[150.349s] [ext: omni.isaac.surface_gripper-2.0.2] startup
2025-08-23 00:21:39 [149,917ms] [Warning] [omni.isaac.surface_gripper] omni.isaac.surface_gripper has been deprecated in favor of isaacsim.robot.surface_gripper. Please update your code accordingly.
[150.361s] [ext: omni.kit.manipulator.transform-106.0.1] startup
[150.534s] [ext: omni.isaac.cortex-1.0.2] startup
2025-08-23 00:21:39 [150,098ms] [Warning] [omni.isaac.cortex] omni.isaac.cortex has been deprecated in favor of isaacsim.cortex.framework. Please update your code accordingly.
[150.539s] [ext: omni.kit.widget.toolbar-1.7.3] startup
[150.746s] [ext: omni.isaac.universal_robots-1.0.2] startup
2025-08-23 00:21:39 [150,318ms] [Warning] [omni.isaac.universal_robots] omni.isaac.universal_robots has been deprecated in favor of isaacsim.robot.manipulators.examples.universal_robots. Please update your code accordingly.
2025-08-23 00:21:39 [150,327ms] [Warning] [omni.isaac.universal_robots.kinematics_solver] omni.isaac.franka has been deprecated in favor of isaacsim.robot.manipulators.examples.universal_robots. Please update your code accordingly.
2025-08-23 00:21:39 [150,341ms] [Warning] [omni.isaac.universal_robots.ur10] omni.isaac.franka has been deprecated in favor of isaacsim.robot.manipulators.examples.universal_robots. Please update your code accordingly.
[150.782s] [ext: isaacsim.cortex.behaviors-2.0.3] startup
[150.806s] [ext: omni.kit.manipulator.tool.snap-1.5.12] startup
[150.983s] [ext: omni.kit.manipulator.selector-1.1.1] startup
[151.018s] [ext: omni.isaac.utils-2.0.2] startup
[151.064s] [ext: omni.isaac.cortex.sample_behaviors-2.0.2] startup
2025-08-23 00:21:40 [150,652ms] [Warning] [omni.isaac.cortex.sample_behaviors] omni.isaac.cortex.sample_behaviors has been deprecated in favor of isaacsim.cortex.behaviors. Please update your code accordingly.
[151.093s] [ext: omni.kit.viewport.manipulator.transform-107.0.4] startup
[151.253s] [ext: omni.graph.ui_nodes-1.40.1] startup
[151.387s] [ext: omni.fabric.commands-1.1.5] startup
[151.481s] [ext: omni.kit.manipulator.prim.core-107.0.7] startup
[151.654s] [ext: omni.kit.property.camera-1.0.9] startup
[151.718s] [ext: omni.kit.property.geometry-1.3.3] startup
[151.856s] [ext: omni.kit.property.light-1.0.11] startup
[151.942s] [ext: omni.kit.manipulator.prim.fabric-107.0.4] startup
[151.983s] [ext: omni.kit.manipulator.prim.usd-107.0.3] startup
[152.050s] [ext: omni.kit.property.material-1.10.17] startup
[152.339s] [ext: omni.kit.viewport.actions-107.0.0] startup
[152.382s] [ext: omni.debugdraw-0.1.3] startup
[152.461s] [ext: omni.kit.manipulator.prim-107.0.0] startup
[152.461s] [ext: omni.kit.manipulator.selection-106.0.1] startup
[152.517s] [ext: omni.kit.viewport.menubar.display-107.0.3] startup
[152.568s] [ext: omni.kit.widget.layers-1.8.2] startup
[152.762s] [ext: omni.hydra.scene_api-0.1.2] startup
[152.825s] [ext: omni.kit.property.render-1.1.3] startup
[152.855s] [ext: omni.physx.commands-106.5.7] startup
[152.886s] [ext: omni.usdphysics.ui-106.5.7] startup
[153.029s] [ext: omni.kit.property.transform-1.5.10] startup
[153.078s] [ext: omni.kit.property.audio-1.0.16] startup
[153.128s] [ext: isaacsim.gui.property-1.0.4] startup
[153.152s] [ext: omni.physx.ui-106.5.7] startup
[153.348s] [ext: omni.kit.property.bundle-1.3.2] startup
[153.376s] [ext: omni.kit.property.isaac-1.0.2] startup
2025-08-23 00:21:42 [152,947ms] [Warning] [omni.kit.property.isaac] omni.kit.property.isaac has been deprecated in favor of isaacsim.gui.property. Please update your code accordingly.
2025-08-23 00:21:42 [152,950ms] [Warning] [omni.kit.property.isaac.widgets] omni.kit.property.isaac.widgets has been deprecated in favor of isaacsim.gui.property.widgets. Please update your code accordingly.
[153.391s] [ext: omni.kit.property.physx-106.5.7] startup
[153.944s] [ext: omni.physx.demos-106.5.7] startup
[154.232s] [ext: omni.kit.viewport.menubar.camera-107.0.2] startup
[154.326s] [ext: omni.kit.viewport.menubar.lighting-106.0.2] startup
[154.372s] [ext: omni.kit.viewport.menubar.render-107.0.8] startup
[154.434s] [ext: omni.physx.vehicle-106.5.7] startup
[154.655s] [ext: omni.kit.viewport.menubar.settings-107.0.3] startup
[154.720s] [ext: omni.kit.window.console-0.2.14] startup
[154.781s] [ext: omni.kit.window.toolbar-1.6.2] startup
[154.801s] [ext: omni.physx.camera-106.5.7] startup
[154.924s] [ext: omni.physx.cct-106.5.7] startup
[155.039s] [ext: omni.physx.graph-106.5.7] startup
[155.236s] [ext: omni.physx.supportui-106.5.7] startup
[155.453s] [ext: isaacsim.replicator.writers-1.0.1] startup
[155.707s] [ext: omni.physx.telemetry-106.5.7] startup
[155.757s] [ext: omni.isaac.version-2.0.2] startup
2025-08-23 00:21:44 [155,320ms] [Warning] [omni.isaac.version] omni.isaac.version has been deprecated in favor of isaacsim.core.version. Please update your code accordingly.
[155.761s] [ext: isaacsim.robot.wheeled_robots-4.0.3] startup
[156.005s] [ext: isaacsim.replicator.domain_randomization-1.0.2] startup
[156.050s] [ext: isaacsim.replicator.examples-1.1.2] startup
[156.074s] [ext: omni.kit.window.status_bar-0.1.7] startup
[156.195s] [ext: omni.physx.bundle-106.5.7] startup
[156.198s] [ext: omni.usd.metrics.assembler-106.5.0] startup
[156.306s] [ext: omni.isaac.wheeled_robots-3.0.3] startup
2025-08-23 00:21:45 [155,881ms] [Warning] [omni.isaac.wheeled_robots] omni.isaac.wheeled_robots has been deprecated in favor of isaacsim.robot.wheeled_robots. Please update your code accordingly.
2025-08-23 00:21:45 [155,895ms] [Warning] [omni.isaac.wheeled_robots.controllers] omni.isaac.wheeled_robots has been deprecated in favor of isaacsim.robot.wheeled_robots. Please update your code accordingly.
2025-08-23 00:21:45 [155,901ms] [Warning] [omni.isaac.wheeled_robots.controllers.ackermann_controller] omni.isaac.wheeled_robots has been deprecated in favor of isaacsim.robot.wheeled_robots. Please update your code accordingly.
2025-08-23 00:21:45 [155,909ms] [Warning] [omni.isaac.wheeled_robots.controllers.differential_controller] omni.isaac.wheeled_robots has been deprecated in favor of isaacsim.robot.wheeled_robots. Please update your code accordingly.
2025-08-23 00:21:45 [155,911ms] [Warning] [omni.isaac.wheeled_robots.controllers.holonomic_controller] omni.isaac.wheeled_robots has been deprecated in favor of isaacsim.robot.wheeled_robots. Please update your code accordingly.
2025-08-23 00:21:45 [155,915ms] [Warning] [omni.isaac.wheeled_robots.controllers.quintic_path_planner] omni.isaac.wheeled_robots has been deprecated in favor of isaacsim.robot.wheeled_robots. Please update your code accordingly.
2025-08-23 00:21:45 [155,920ms] [Warning] [omni.isaac.wheeled_robots.controllers.stanley_control] omni.isaac.wheeled_robots has been deprecated in favor of isaacsim.robot.wheeled_robots. Please update your code accordingly.
2025-08-23 00:21:45 [155,925ms] [Warning] [omni.isaac.wheeled_robots.controllers.wheel_base_pose_controller] omni.isaac.wheeled_robots has been deprecated in favor of isaacsim.robot.wheeled_robots. Please update your code accordingly.
2025-08-23 00:21:45 [155,936ms] [Warning] [omni.isaac.wheeled_robots.impl] omni.isaac.wheeled_robots has been deprecated in favor of isaacsim.robot.wheeled_robots. Please update your code accordingly.
2025-08-23 00:21:45 [155,940ms] [Warning] [omni.isaac.wheeled_robots.robots] omni.isaac.wheeled_robots has been deprecated in favor of isaacsim.robot.wheeled_robots. Please update your code accordingly.
2025-08-23 00:21:45 [155,943ms] [Warning] [omni.isaac.wheeled_robots.robots.holonomic_robot_usd_setup] omni.isaac.wheeled_robots has been deprecated in favor of isaacsim.robot.wheeled_robots. Please update your code accordingly.
2025-08-23 00:21:45 [155,951ms] [Warning] [omni.isaac.wheeled_robots.robots.wheeled_robot] omni.isaac.wheeled_robots has been deprecated in favor of isaacsim.robot.wheeled_robots. Please update your code accordingly.
[156.392s] [ext: omni.isaac.franka-1.0.2] startup
2025-08-23 00:21:45 [155,958ms] [Warning] [omni.isaac.franka] omni.isaac.franka has been deprecated in favor of isaacsim.robot.manipulators.examples.franka. Please update your code accordingly.
2025-08-23 00:21:45 [155,963ms] [Warning] [omni.isaac.franka.franka] omni.isaac.franka has been deprecated in favor of isaacsim.robot.manipulators.examples.franka. Please update your code accordingly.
2025-08-23 00:21:45 [155,976ms] [Warning] [omni.isaac.franka.kinematics_solver] omni.isaac.franka has been deprecated in favor of isaacsim.robot.manipulators.examples.franka. Please update your code accordingly.
[156.417s] [ext: omni.replicator.isaac-2.0.3] startup
2025-08-23 00:21:45 [155,994ms] [Warning] [omni.replicator.isaac] omni.replicator.isaac has been deprecated in favor of isaacsim.replicator.domain_randomization, isaacsim.replicator.examples, isaacsim.replicator.writers. Please update your code accordingly.
[156.435s] [ext: omni.replicator.replicator_yaml-2.0.10] startup
[156.484s] [ext: omni.rtx.settings.core-0.6.3] startup
[156.546s] [ext: omni.usd.metrics.assembler.ui-106.5.0] startup
[156.578s] [ext: omni.kit.tool.asset_importer-2.12.3] startup
[156.647s] [ext: isaacsim.app.about-2.0.7] startup
[156.669s] [ext: semantics.schema.editor-0.3.10] startup
[156.708s] [ext: isaacsim.examples.browser-0.1.8] startup
[156.739s] [ext: isaacsim.simulation_app-2.4.2] startup
[156.740s] [ext: semantics.schema.property-1.0.5] startup
[156.753s] [ext: isaacsim.asset.importer.mjcf-2.3.7] startup
[156.874s] [ext: omni.isaac.window.about-2.0.2] startup
2025-08-23 00:21:45 [156,450ms] [Warning] [omni.isaac.window.about] omni.isaac.window.about has been deprecated in favor of isaacsim.app.about. Please update your code accordingly.
2025-08-23 00:21:45 [156,453ms] [Warning] [omni.isaac.window.about.about] omni.isaac.window.about.about has been deprecated in favor of isaacsim.app.about.about. Please update your code accordingly.
[156.894s] [ext: omni.kit.ui.actions-1.0.2] startup
[156.918s] [ext: isaacsim.asset.importer.urdf-2.3.14] startup
[157.097s] [ext: omni.isaac.kit-2.0.3] startup
2025-08-23 00:21:46 [156,662ms] [Warning] [omni.isaac.kit] omni.isaac.kit has been deprecated in favor of isaacsim.simulation_app. Please update your code accordingly.
[157.103s] [ext: omni.isaac.asset_browser-1.0.2] startup
2025-08-23 00:21:46 [156,668ms] [Warning] [omni.isaac.asset_browser] omni.isaac.asset_browser has been deprecated in favor of isaacsim.asset.browser. Please update your code accordingly.
[157.109s] [ext: isaacsim.core.throttling-2.0.2] startup
[157.136s] [ext: omni.flowusd-106.5.2] startup
2025-08-23 00:21:46 [156,777ms] [Warning] [omni.stageupdate.plugin] Deprecated: direct use of IStageUpdate callbacks is deprecated. Use IStageUpdate::getStageUpdate instead.
[157.246s] [ext: omni.kit.menu.common-1.1.9] startup
[157.268s] [ext: isaacsim.exp.base-4.5.0] startup
[157.269s] [ext: omnigibson_4_5_0-1.5.0] startup
[157.281s] Simulation App Starting
2025-08-23 00:21:46 [157,633ms] [Warning] [omni.kvdb.plugin] Disabling key-value database because another kit process is locking it
2025-08-23 00:21:47 [157,658ms] [Warning] [carb.audio.device] audio device is misconfigured or broken {deviceIndex = 0, name = 'default'} (The device is likely misconfigured, check your $HOME/.asoundrc)
2025-08-23 00:21:47 [157,658ms] [Warning] [carb.audio.output] failed to retrieve the capabilities for device 0 {result = eDeviceLost (2)}
2025-08-23 00:21:47 [157,658ms] [Warning] [carb.audio.context] failed to set the requested output during context creation.  Using a null streamer instead {result = eDeviceLost (2)}
[158.242s] app ready
2025-08-23 00:21:48 [158,869ms] [Warning] [rtx.neuraylib.plugin] [IRAY:RENDER]   1.1   IRAY   rend warn : CUDA device 0 (NVIDIA A100-SXM4-80GB): ECC is enabled, this will reduce rendering performance (it is strongly recommended to disable ECC with iray)
2025-08-23 00:21:48 [158,926ms] [Warning] [rtx.scenedb.plugin] SceneDbContext : TLAS limit buffer size 2705217792
2025-08-23 00:21:48 [158,926ms] [Warning] [rtx.scenedb.plugin] SceneDbContext : TLAS limit : valid true, within: false
2025-08-23 00:25:12 [363,238ms] [Warning] [omni.usd-abi.plugin] No setting was found for '/rtx-defaults-transient/meshlights/forceDisable'
2025-08-23 00:25:19 [370,322ms] [Warning] [omni.usd-abi.plugin] No setting was found for '/rtx-defaults/post/dlss/execMode'
2025-08-23 00:31:56 [766,799ms] [Warning] [rtx.postprocessing.plugin] DLSS-RR is not supported in the current build due to some known bugs with this GPU: NVIDIA A100-SXM4-80GB.Note that RTX Real-Time raytracing mode will not be able to denoise the output correctly.
[768.320s] Simulation App Startup Complete
2025-08-23 00:33:15 [846,536ms] [Warning] [carb] Failed to startup plugin carb.windowing-glfw.plugin (interfaces: [carb::windowing::IGLContext v1.0],[carb::windowing::IWindowing v1.5]) (impl: carb.windowing-glfw.plugin)
2025-08-23 00:33:31 [862,394ms] [Warning] [omni.syntheticdata.plugin] OgnSdPostRenderVarToHost : rendervar copy from texture directly to host buffer is counter-performant. Please use copy from texture to device buffer first.
2025-08-23 00:33:31 [862,447ms] [Warning] [omni.fabric.plugin] removePath called on non-existent path /Render/OmniverseKit/HydraTextures/Replicator/PostRender/SDGPipeline/Replicator_GpuInteropEntry 


                   ____________
                  /          / \
                 /          / /__
                /          / /  /\
               /__________/ /__/  \
               \   _____  \ \__\  /
                \  \  / \  \ \_/ /
                 \  \/___\  \   /
                  \__________\_/  
       ___                  _  ____ _ _                     
      / _ \ _ __ ___  _ __ (_)/ ___(_) |__  ___  ___  _ __  
     | | | | '_ ` _ \| '_ \| | |  _| | '_ \/ __|/ _ \| '_ \ 
     | |_| | | | | | | | | | | |_| | | |_) \__ \ (_) | | | |
      \___/|_| |_| |_|_| |_|_|\____|_|_.__/|___/\___/|_| |_|

[INFO] [omnigibson.simulator] ---------- Welcome to OmniGibson! ----------
2025-08-23 00:33:40 [871,470ms] [Warning] [omni.syntheticdata.plugin] SdRenderVarPtr missing valid input renderVar LdrColorSDhost
2025-08-23 00:33:40 [871,521ms] [Warning] [carb] Failed to startup plugin carb.windowing-glfw.plugin (interfaces: [carb::windowing::IGLContext v1.0],[carb::windowing::IWindowing v1.5]) (impl: carb.windowing-glfw.plugin)
[INFO] [omnigibson.simulator] Imported scene 0.
[WARNING] [omnigibson.objects.dataset_object] Category stages not found in average object specs! Defaulting to unit mass or density.
2025-08-23 00:33:44 [874,688ms] [Warning] [omnigibson.objects.dataset_object] Category stages not found in average object specs! Defaulting to unit mass or density.
[WARNING] [omnigibson.objects.dataset_object] Category table not found in average object specs! Defaulting to unit mass or density.
2025-08-23 00:33:45 [876,526ms] [Warning] [omnigibson.objects.dataset_object] Category table not found in average object specs! Defaulting to unit mass or density.
[WARNING] [omnigibson.objects.dataset_object] Category drawer not found in average object specs! Defaulting to unit mass or density.
2025-08-23 00:33:47 [877,734ms] [Warning] [omnigibson.objects.dataset_object] Category drawer not found in average object specs! Defaulting to unit mass or density.
[WARNING] [omnigibson.prims.material_prim] No compatible material prim class found for material at /World/scene_0/wardrobe_2/Looks/Material__3 with asset path gltf/pbr.mdl and sub-identifier gltf_material. Using MaterialPrim as a fallback.
2025-08-23 00:33:47 [877,786ms] [Warning] [omnigibson.prims.material_prim] No compatible material prim class found for material at /World/scene_0/wardrobe_2/Looks/Material__3 with asset path gltf/pbr.mdl and sub-identifier gltf_material. Using MaterialPrim as a fallback.
[WARNING] [omnigibson.objects.stateful_object] State ContainedParticles is incompatible with obj wardrobe_2. Reason: LinkBasedStateMixin ContainedParticles requires meta link with type ['fillable', 'openfillable'] for obj wardrobe_2 but none was found! To get valid compatible object models, please use omnigibson.utils.asset_utils.get_all_object_category_models_with_abilities(...)
2025-08-23 00:33:47 [878,044ms] [Warning] [omnigibson.objects.stateful_object] State ContainedParticles is incompatible with obj wardrobe_2. Reason: LinkBasedStateMixin ContainedParticles requires meta link with type ['fillable', 'openfillable'] for obj wardrobe_2 but none was found! To get valid compatible object models, please use omnigibson.utils.asset_utils.get_all_object_category_models_with_abilities(...)
[WARNING] [omnigibson.objects.stateful_object] State Filled is incompatible with obj wardrobe_2. Reason: Missing required dependency state ContainedParticles
2025-08-23 00:33:47 [878,044ms] [Warning] [omnigibson.objects.stateful_object] State Filled is incompatible with obj wardrobe_2. Reason: Missing required dependency state ContainedParticles
[WARNING] [omnigibson.objects.stateful_object] State Contains is incompatible with obj wardrobe_2. Reason: Missing required dependency state ContainedParticles
2025-08-23 00:33:47 [878,044ms] [Warning] [omnigibson.objects.stateful_object] State Contains is incompatible with obj wardrobe_2. Reason: Missing required dependency state ContainedParticles
[WARNING] [omnigibson.objects.stateful_object] State AttachedTo is incompatible with obj wardrobe_2. Reason: LinkBasedStateMixin AttachedTo requires meta link with type ['attachment'] for obj wardrobe_2 but none was found! To get valid compatible object models, please use omnigibson.utils.asset_utils.get_all_object_category_models_with_abilities(...)
2025-08-23 00:33:47 [878,045ms] [Warning] [omnigibson.objects.stateful_object] State AttachedTo is incompatible with obj wardrobe_2. Reason: LinkBasedStateMixin AttachedTo requires meta link with type ['attachment'] for obj wardrobe_2 but none was found! To get valid compatible object models, please use omnigibson.utils.asset_utils.get_all_object_category_models_with_abilities(...)
[WARNING] [omnigibson.prims.material_prim] No compatible material prim class found for material at /World/scene_0/wardrobe_3/Looks/Material__3 with asset path gltf/pbr.mdl and sub-identifier gltf_material. Using MaterialPrim as a fallback.
2025-08-23 00:33:47 [878,096ms] [Warning] [omnigibson.prims.material_prim] No compatible material prim class found for material at /World/scene_0/wardrobe_3/Looks/Material__3 with asset path gltf/pbr.mdl and sub-identifier gltf_material. Using MaterialPrim as a fallback.
[WARNING] [omnigibson.objects.stateful_object] State ContainedParticles is incompatible with obj wardrobe_3. Reason: LinkBasedStateMixin ContainedParticles requires meta link with type ['fillable', 'openfillable'] for obj wardrobe_3 but none was found! To get valid compatible object models, please use omnigibson.utils.asset_utils.get_all_object_category_models_with_abilities(...)
2025-08-23 00:33:47 [878,147ms] [Warning] [omnigibson.objects.stateful_object] State ContainedParticles is incompatible with obj wardrobe_3. Reason: LinkBasedStateMixin ContainedParticles requires meta link with type ['fillable', 'openfillable'] for obj wardrobe_3 but none was found! To get valid compatible object models, please use omnigibson.utils.asset_utils.get_all_object_category_models_with_abilities(...)
[WARNING] [omnigibson.objects.stateful_object] State Filled is incompatible with obj wardrobe_3. Reason: Missing required dependency state ContainedParticles
2025-08-23 00:33:47 [878,147ms] [Warning] [omnigibson.objects.stateful_object] State Filled is incompatible with obj wardrobe_3. Reason: Missing required dependency state ContainedParticles
[WARNING] [omnigibson.objects.stateful_object] State Contains is incompatible with obj wardrobe_3. Reason: Missing required dependency state ContainedParticles
2025-08-23 00:33:47 [878,147ms] [Warning] [omnigibson.objects.stateful_object] State Contains is incompatible with obj wardrobe_3. Reason: Missing required dependency state ContainedParticles
[WARNING] [omnigibson.objects.stateful_object] State AttachedTo is incompatible with obj wardrobe_3. Reason: LinkBasedStateMixin AttachedTo requires meta link with type ['attachment'] for obj wardrobe_3 but none was found! To get valid compatible object models, please use omnigibson.utils.asset_utils.get_all_object_category_models_with_abilities(...)
2025-08-23 00:33:47 [878,147ms] [Warning] [omnigibson.objects.stateful_object] State AttachedTo is incompatible with obj wardrobe_3. Reason: LinkBasedStateMixin AttachedTo requires meta link with type ['attachment'] for obj wardrobe_3 but none was found! To get valid compatible object models, please use omnigibson.utils.asset_utils.get_all_object_category_models_with_abilities(...)
[WARNING] [omnigibson.objects.dataset_object] Category computer not found in average object specs! Defaulting to unit mass or density.
2025-08-23 00:33:48 [878,973ms] [Warning] [omnigibson.objects.dataset_object] Category computer not found in average object specs! Defaulting to unit mass or density.
[WARNING] [omnigibson.objects.dataset_object] Category plant not found in average object specs! Defaulting to unit mass or density.
2025-08-23 00:33:49 [880,331ms] [Warning] [omnigibson.objects.dataset_object] Category plant not found in average object specs! Defaulting to unit mass or density.
[WARNING] [omnigibson.objects.dataset_object] Category clock not found in average object specs! Defaulting to unit mass or density.
2025-08-23 00:33:50 [881,330ms] [Warning] [omnigibson.objects.dataset_object] Category clock not found in average object specs! Defaulting to unit mass or density.
[WARNING] [omnigibson.prims.material_prim] No compatible material prim class found for material at /World/scene_0/plate_7/Looks/Fabric_2 with asset path gltf/pbr.mdl and sub-identifier gltf_material. Using MaterialPrim as a fallback.
2025-08-23 00:33:50 [881,551ms] [Warning] [omnigibson.prims.material_prim] No compatible material prim class found for material at /World/scene_0/plate_7/Looks/Fabric_2 with asset path gltf/pbr.mdl and sub-identifier gltf_material. Using MaterialPrim as a fallback.
[WARNING] [omnigibson.objects.stateful_object] State ContainedParticles is incompatible with obj plate_7. Reason: LinkBasedStateMixin ContainedParticles requires meta link with type ['fillable', 'openfillable'] for obj plate_7 but none was found! To get valid compatible object models, please use omnigibson.utils.asset_utils.get_all_object_category_models_with_abilities(...)
2025-08-23 00:33:50 [881,605ms] [Warning] [omnigibson.objects.stateful_object] State ContainedParticles is incompatible with obj plate_7. Reason: LinkBasedStateMixin ContainedParticles requires meta link with type ['fillable', 'openfillable'] for obj plate_7 but none was found! To get valid compatible object models, please use omnigibson.utils.asset_utils.get_all_object_category_models_with_abilities(...)
[WARNING] [omnigibson.objects.stateful_object] State Filled is incompatible with obj plate_7. Reason: Missing required dependency state ContainedParticles
2025-08-23 00:33:50 [881,606ms] [Warning] [omnigibson.objects.stateful_object] State Filled is incompatible with obj plate_7. Reason: Missing required dependency state ContainedParticles
[WARNING] [omnigibson.objects.stateful_object] State Contains is incompatible with obj plate_7. Reason: Missing required dependency state ContainedParticles
2025-08-23 00:33:50 [881,606ms] [Warning] [omnigibson.objects.stateful_object] State Contains is incompatible with obj plate_7. Reason: Missing required dependency state ContainedParticles
[WARNING] [omnigibson.objects.stateful_object] State AttachedTo is incompatible with obj mirror_9. Reason: LinkBasedStateMixin AttachedTo requires meta link with type ['attachment'] for obj mirror_9 but none was found! To get valid compatible object models, please use omnigibson.utils.asset_utils.get_all_object_category_models_with_abilities(...)
2025-08-23 00:33:51 [882,243ms] [Warning] [omnigibson.objects.stateful_object] State AttachedTo is incompatible with obj mirror_9. Reason: LinkBasedStateMixin AttachedTo requires meta link with type ['attachment'] for obj mirror_9 but none was found! To get valid compatible object models, please use omnigibson.utils.asset_utils.get_all_object_category_models_with_abilities(...)
[WARNING] [omnigibson.objects.dataset_object] Category cabinet not found in average object specs! Defaulting to unit mass or density.
2025-08-23 00:33:52 [883,051ms] [Warning] [omnigibson.objects.dataset_object] Category cabinet not found in average object specs! Defaulting to unit mass or density.
[WARNING] [omnigibson.prims.material_prim] No compatible material prim class found for material at /World/scene_0/stairs_11/Looks/mig___tumba_wood with asset path gltf/pbr.mdl and sub-identifier gltf_material. Using MaterialPrim as a fallback.
2025-08-23 00:33:52 [883,302ms] [Warning] [omnigibson.prims.material_prim] No compatible material prim class found for material at /World/scene_0/stairs_11/Looks/mig___tumba_wood with asset path gltf/pbr.mdl and sub-identifier gltf_material. Using MaterialPrim as a fallback.
[WARNING] [omnigibson.prims.material_prim] No compatible material prim class found for material at /World/scene_0/bin_12/Looks/unicolor_black with asset path gltf/pbr.mdl and sub-identifier gltf_material. Using MaterialPrim as a fallback.
2025-08-23 00:33:54 [884,789ms] [Warning] [omnigibson.prims.material_prim] No compatible material prim class found for material at /World/scene_0/bin_12/Looks/unicolor_black with asset path gltf/pbr.mdl and sub-identifier gltf_material. Using MaterialPrim as a fallback.
[WARNING] [omnigibson.objects.dataset_object] Category bin not found in average object specs! Defaulting to unit mass or density.
2025-08-23 00:33:54 [884,835ms] [Warning] [omnigibson.objects.dataset_object] Category bin not found in average object specs! Defaulting to unit mass or density.
[WARNING] [omnigibson.objects.dataset_object] Category seat not found in average object specs! Defaulting to unit mass or density.
2025-08-23 00:33:54 [885,409ms] [Warning] [omnigibson.objects.dataset_object] Category seat not found in average object specs! Defaulting to unit mass or density.
[WARNING] [omnigibson.objects.dataset_object] Category seat not found in average object specs! Defaulting to unit mass or density.
2025-08-23 00:33:55 [886,198ms] [Warning] [omnigibson.objects.dataset_object] Category seat not found in average object specs! Defaulting to unit mass or density.
[WARNING] [omnigibson.objects.dataset_object] Category seat not found in average object specs! Defaulting to unit mass or density.
2025-08-23 00:33:56 [887,102ms] [Warning] [omnigibson.objects.dataset_object] Category seat not found in average object specs! Defaulting to unit mass or density.
[WARNING] [omnigibson.objects.dataset_object] Category seat not found in average object specs! Defaulting to unit mass or density.
2025-08-23 00:33:57 [887,921ms] [Warning] [omnigibson.objects.dataset_object] Category seat not found in average object specs! Defaulting to unit mass or density.
[WARNING] [omnigibson.prims.material_prim] No compatible material prim class found for material at /World/scene_0/carpet_17/Looks/Rug2 with asset path gltf/pbr.mdl and sub-identifier gltf_material. Using MaterialPrim as a fallback.
2025-08-23 00:33:57 [888,203ms] [Warning] [omnigibson.prims.material_prim] No compatible material prim class found for material at /World/scene_0/carpet_17/Looks/Rug2 with asset path gltf/pbr.mdl and sub-identifier gltf_material. Using MaterialPrim as a fallback.
[WARNING] [omnigibson.objects.stateful_object] State ParticleRemover is incompatible with obj carpet_17. Reason: ParticleRemover requires gm.USE_GPU_DYNAMICS=True!
2025-08-23 00:33:57 [888,267ms] [Warning] [omnigibson.objects.stateful_object] State ParticleRemover is incompatible with obj carpet_17. Reason: ParticleRemover requires gm.USE_GPU_DYNAMICS=True!
[WARNING] [omnigibson.prims.material_prim] No compatible material prim class found for material at /World/scene_0/carpet_18/Looks/Rug with asset path gltf/pbr.mdl and sub-identifier gltf_material. Using MaterialPrim as a fallback.
2025-08-23 00:33:57 [888,326ms] [Warning] [omnigibson.prims.material_prim] No compatible material prim class found for material at /World/scene_0/carpet_18/Looks/Rug with asset path gltf/pbr.mdl and sub-identifier gltf_material. Using MaterialPrim as a fallback.
[WARNING] [omnigibson.objects.stateful_object] State ParticleRemover is incompatible with obj carpet_18. Reason: ParticleRemover requires gm.USE_GPU_DYNAMICS=True!
2025-08-23 00:33:57 [888,378ms] [Warning] [omnigibson.objects.stateful_object] State ParticleRemover is incompatible with obj carpet_18. Reason: ParticleRemover requires gm.USE_GPU_DYNAMICS=True!
[WARNING] [omnigibson.objects.dataset_object] Category table not found in average object specs! Defaulting to unit mass or density.
2025-08-23 00:33:58 [889,386ms] [Warning] [omnigibson.objects.dataset_object] Category table not found in average object specs! Defaulting to unit mass or density.
[ERROR] [__main__] cabinet hssd73e0248985913d45c16eec1a7e537c739ea527f6 negative scale detected: tensor([-1.0000,  1.0000,  1.0000])
2025-08-23 00:33:58 [889,627ms] [Error] [__main__] cabinet hssd73e0248985913d45c16eec1a7e537c739ea527f6 negative scale detected: tensor([-1.0000,  1.0000,  1.0000])
[WARNING] [omnigibson.objects.dataset_object] Category cabinet not found in average object specs! Defaulting to unit mass or density.
2025-08-23 00:33:59 [889,718ms] [Warning] [omnigibson.objects.dataset_object] Category cabinet not found in average object specs! Defaulting to unit mass or density.
[WARNING] [omnigibson.objects.dataset_object] Category cabinet not found in average object specs! Defaulting to unit mass or density.
2025-08-23 00:33:59 [889,832ms] [Warning] [omnigibson.objects.dataset_object] Category cabinet not found in average object specs! Defaulting to unit mass or density.
[ERROR] [__main__] kitchen_counter hssdca8c1111a38843f3d2d1818f2e04217a11e97884 negative scale detected: tensor([-1.0000,  1.0000,  1.0000])
2025-08-23 00:33:59 [889,847ms] [Error] [__main__] kitchen_counter hssdca8c1111a38843f3d2d1818f2e04217a11e97884 negative scale detected: tensor([-1.0000,  1.0000,  1.0000])
[WARNING] [omnigibson.objects.dataset_object] Category kitchen_counter not found in average object specs! Defaulting to unit mass or density.
2025-08-23 00:34:00 [890,703ms] [Warning] [omnigibson.objects.dataset_object] Category kitchen_counter not found in average object specs! Defaulting to unit mass or density.
[WARNING] [omnigibson.objects.dataset_object] Category cabinet not found in average object specs! Defaulting to unit mass or density.
2025-08-23 00:34:00 [891,006ms] [Warning] [omnigibson.objects.dataset_object] Category cabinet not found in average object specs! Defaulting to unit mass or density.
[WARNING] [omnigibson.objects.dataset_object] Category cabinet not found in average object specs! Defaulting to unit mass or density.
2025-08-23 00:34:00 [891,104ms] [Warning] [omnigibson.objects.dataset_object] Category cabinet not found in average object specs! Defaulting to unit mass or density.
[WARNING] [omnigibson.objects.dataset_object] Category cabinet not found in average object specs! Defaulting to unit mass or density.
2025-08-23 00:34:00 [891,204ms] [Warning] [omnigibson.objects.dataset_object] Category cabinet not found in average object specs! Defaulting to unit mass or density.
[WARNING] [omnigibson.objects.dataset_object] Category seat not found in average object specs! Defaulting to unit mass or density.
2025-08-23 00:34:01 [892,078ms] [Warning] [omnigibson.objects.dataset_object] Category seat not found in average object specs! Defaulting to unit mass or density.
[WARNING] [omnigibson.objects.dataset_object] Category seat not found in average object specs! Defaulting to unit mass or density.
2025-08-23 00:34:02 [893,109ms] [Warning] [omnigibson.objects.dataset_object] Category seat not found in average object specs! Defaulting to unit mass or density.
[WARNING] [omnigibson.objects.dataset_object] Category book_rack not found in average object specs! Defaulting to unit mass or density.
2025-08-23 00:34:03 [894,639ms] [Warning] [omnigibson.objects.dataset_object] Category book_rack not found in average object specs! Defaulting to unit mass or density.
[WARNING] [omnigibson.objects.dataset_object] Category book_rack not found in average object specs! Defaulting to unit mass or density.
2025-08-23 00:34:05 [896,114ms] [Warning] [omnigibson.objects.dataset_object] Category book_rack not found in average object specs! Defaulting to unit mass or density.
[WARNING] [omnigibson.objects.dataset_object] Category lamp not found in average object specs! Defaulting to unit mass or density.
2025-08-23 00:34:06 [896,715ms] [Warning] [omnigibson.objects.dataset_object] Category lamp not found in average object specs! Defaulting to unit mass or density.
[WARNING] [omnigibson.objects.dataset_object] Category sink not found in average object specs! Defaulting to unit mass or density.
2025-08-23 00:34:07 [898,134ms] [Warning] [omnigibson.objects.dataset_object] Category sink not found in average object specs! Defaulting to unit mass or density.
[WARNING] [omnigibson.objects.dataset_object] Category cabinet not found in average object specs! Defaulting to unit mass or density.
2025-08-23 00:34:07 [898,563ms] [Warning] [omnigibson.objects.dataset_object] Category cabinet not found in average object specs! Defaulting to unit mass or density.
[WARNING] [omnigibson.objects.dataset_object] Category chimney not found in average object specs! Defaulting to unit mass or density.
2025-08-23 00:34:09 [899,693ms] [Warning] [omnigibson.objects.dataset_object] Category chimney not found in average object specs! Defaulting to unit mass or density.
[WARNING] [omnigibson.objects.dataset_object] Category kitchen_lower_cabinet not found in average object specs! Defaulting to unit mass or density.
2025-08-23 00:34:09 [900,014ms] [Warning] [omnigibson.objects.dataset_object] Category kitchen_lower_cabinet not found in average object specs! Defaulting to unit mass or density.
[WARNING] [omnigibson.objects.dataset_object] Category table not found in average object specs! Defaulting to unit mass or density.
2025-08-23 00:34:10 [901,626ms] [Warning] [omnigibson.objects.dataset_object] Category table not found in average object specs! Defaulting to unit mass or density.
[WARNING] [omnigibson.objects.dataset_object] Category kitchen_wall not found in average object specs! Defaulting to unit mass or density.
2025-08-23 00:34:11 [902,490ms] [Warning] [omnigibson.objects.dataset_object] Category kitchen_wall not found in average object specs! Defaulting to unit mass or density.
[WARNING] [omnigibson.objects.dataset_object] Category tv not found in average object specs! Defaulting to unit mass or density.
2025-08-23 00:34:12 [902,765ms] [Warning] [omnigibson.objects.dataset_object] Category tv not found in average object specs! Defaulting to unit mass or density.
[WARNING] [omnigibson.objects.dataset_object] Category seat not found in average object specs! Defaulting to unit mass or density.
2025-08-23 00:34:13 [903,878ms] [Warning] [omnigibson.objects.dataset_object] Category seat not found in average object specs! Defaulting to unit mass or density.
[WARNING] [omnigibson.objects.dataset_object] Category tv_stand not found in average object specs! Defaulting to unit mass or density.
2025-08-23 00:34:14 [905,084ms] [Warning] [omnigibson.objects.dataset_object] Category tv_stand not found in average object specs! Defaulting to unit mass or density.
[WARNING] [omnigibson.objects.dataset_object] Category sink not found in average object specs! Defaulting to unit mass or density.
2025-08-23 00:34:16 [906,717ms] [Warning] [omnigibson.objects.dataset_object] Category sink not found in average object specs! Defaulting to unit mass or density.
[WARNING] [omnigibson.objects.dataset_object] Category seat not found in average object specs! Defaulting to unit mass or density.
2025-08-23 00:34:17 [907,676ms] [Warning] [omnigibson.objects.dataset_object] Category seat not found in average object specs! Defaulting to unit mass or density.
[WARNING] [omnigibson.objects.dataset_object] Category lamp not found in average object specs! Defaulting to unit mass or density.
2025-08-23 00:34:18 [909,035ms] [Warning] [omnigibson.objects.dataset_object] Category lamp not found in average object specs! Defaulting to unit mass or density.
[WARNING] [omnigibson.objects.dataset_object] Category kitchen_lower_cabinet not found in average object specs! Defaulting to unit mass or density.
2025-08-23 00:34:19 [910,304ms] [Warning] [omnigibson.objects.dataset_object] Category kitchen_lower_cabinet not found in average object specs! Defaulting to unit mass or density.
[WARNING] [omnigibson.objects.dataset_object] Category couch not found in average object specs! Defaulting to unit mass or density.
2025-08-23 00:34:20 [911,590ms] [Warning] [omnigibson.objects.dataset_object] Category couch not found in average object specs! Defaulting to unit mass or density.
[WARNING] [omnigibson.objects.dataset_object] Category couch not found in average object specs! Defaulting to unit mass or density.
2025-08-23 00:34:22 [912,991ms] [Warning] [omnigibson.objects.dataset_object] Category couch not found in average object specs! Defaulting to unit mass or density.
[WARNING] [omnigibson.objects.dataset_object] Category couch not found in average object specs! Defaulting to unit mass or density.
2025-08-23 00:34:23 [914,213ms] [Warning] [omnigibson.objects.dataset_object] Category couch not found in average object specs! Defaulting to unit mass or density.
[WARNING] [omnigibson.objects.dataset_object] Category couch not found in average object specs! Defaulting to unit mass or density.
2025-08-23 00:34:24 [915,492ms] [Warning] [omnigibson.objects.dataset_object] Category couch not found in average object specs! Defaulting to unit mass or density.
[WARNING] [omnigibson.objects.dataset_object] Category seat not found in average object specs! Defaulting to unit mass or density.
2025-08-23 00:34:25 [916,456ms] [Warning] [omnigibson.objects.dataset_object] Category seat not found in average object specs! Defaulting to unit mass or density.
[WARNING] [omnigibson.objects.dataset_object] Category seat not found in average object specs! Defaulting to unit mass or density.
2025-08-23 00:34:26 [917,260ms] [Warning] [omnigibson.objects.dataset_object] Category seat not found in average object specs! Defaulting to unit mass or density.
[WARNING] [omnigibson.objects.dataset_object] Category seat not found in average object specs! Defaulting to unit mass or density.
2025-08-23 00:34:27 [918,155ms] [Warning] [omnigibson.objects.dataset_object] Category seat not found in average object specs! Defaulting to unit mass or density.
[WARNING] [omnigibson.objects.dataset_object] Category seat not found in average object specs! Defaulting to unit mass or density.
2025-08-23 00:34:28 [919,086ms] [Warning] [omnigibson.objects.dataset_object] Category seat not found in average object specs! Defaulting to unit mass or density.
[WARNING] [omnigibson.objects.dataset_object] Category seat not found in average object specs! Defaulting to unit mass or density.
2025-08-23 00:34:29 [919,987ms] [Warning] [omnigibson.objects.dataset_object] Category seat not found in average object specs! Defaulting to unit mass or density.
[WARNING] [omnigibson.objects.dataset_object] Category seat not found in average object specs! Defaulting to unit mass or density.
2025-08-23 00:34:30 [920,865ms] [Warning] [omnigibson.objects.dataset_object] Category seat not found in average object specs! Defaulting to unit mass or density.
[WARNING] [omnigibson.objects.dataset_object] Category table not found in average object specs! Defaulting to unit mass or density.
2025-08-23 00:34:31 [922,023ms] [Warning] [omnigibson.objects.dataset_object] Category table not found in average object specs! Defaulting to unit mass or density.
[WARNING] [omnigibson.objects.dataset_object] Category couch not found in average object specs! Defaulting to unit mass or density.
2025-08-23 00:34:33 [923,901ms] [Warning] [omnigibson.objects.dataset_object] Category couch not found in average object specs! Defaulting to unit mass or density.
[WARNING] [omnigibson.prims.material_prim] No compatible material prim class found for material at /World/scene_0/picture_58/Looks/MIRROR with asset path gltf/pbr.mdl and sub-identifier gltf_material. Using MaterialPrim as a fallback.
2025-08-23 00:34:33 [924,274ms] [Warning] [omnigibson.prims.material_prim] No compatible material prim class found for material at /World/scene_0/picture_58/Looks/MIRROR with asset path gltf/pbr.mdl and sub-identifier gltf_material. Using MaterialPrim as a fallback.
[WARNING] [omnigibson.prims.material_prim] No compatible material prim class found for material at /World/scene_0/picture_59/Looks/MIRROR with asset path gltf/pbr.mdl and sub-identifier gltf_material. Using MaterialPrim as a fallback.
2025-08-23 00:34:33 [924,437ms] [Warning] [omnigibson.prims.material_prim] No compatible material prim class found for material at /World/scene_0/picture_59/Looks/MIRROR with asset path gltf/pbr.mdl and sub-identifier gltf_material. Using MaterialPrim as a fallback.
[WARNING] [omnigibson.prims.material_prim] No compatible material prim class found for material at /World/scene_0/picture_60/Looks/MIRROR with asset path gltf/pbr.mdl and sub-identifier gltf_material. Using MaterialPrim as a fallback.
2025-08-23 00:34:33 [924,605ms] [Warning] [omnigibson.prims.material_prim] No compatible material prim class found for material at /World/scene_0/picture_60/Looks/MIRROR with asset path gltf/pbr.mdl and sub-identifier gltf_material. Using MaterialPrim as a fallback.
[WARNING] [omnigibson.prims.material_prim] No compatible material prim class found for material at /World/scene_0/picture_61/Looks/MIRROR with asset path gltf/pbr.mdl and sub-identifier gltf_material. Using MaterialPrim as a fallback.
2025-08-23 00:34:34 [924,769ms] [Warning] [omnigibson.prims.material_prim] No compatible material prim class found for material at /World/scene_0/picture_61/Looks/MIRROR with asset path gltf/pbr.mdl and sub-identifier gltf_material. Using MaterialPrim as a fallback.
[WARNING] [omnigibson.objects.dataset_object] Category clock not found in average object specs! Defaulting to unit mass or density.
2025-08-23 00:34:35 [926,014ms] [Warning] [omnigibson.objects.dataset_object] Category clock not found in average object specs! Defaulting to unit mass or density.
Skipping object {'template_name': '3b0ae5bdb57c391bb95ab884f2956032a249245b_part_1', 'translation': [0.9542804660060197, 0.00096219654279947, -8.332661549290222], 'rotation': [0.7071068022599728, -1.2560742289844599e-15, 0.7071067601131205, 4.214684851089368e-08], 'non_uniform_scale': [0.9999998211860763, 0.9999998211860799, 0.9999997615814351], 'motion_type': 'STATIC'}
Skipping object {'template_name': '3b0ae5bdb57c391bb95ab884f2956032a249245b_part_3', 'translation': [1.4670521990225343, -0.001172016879820158, -7.732030741292988], 'rotation': [0.7071068022599728, -1.2560742289844599e-15, 0.7071067601131205, 4.214684851089368e-08], 'non_uniform_scale': [0.9999998211860763, 0.9999998211860799, 0.9999997615814351], 'motion_type': 'STATIC'}
Skipping object {'template_name': '3b0ae5bdb57c391bb95ab884f2956032a249245b_part_3', 'translation': [1.4670518483539932, -0.0011719811044812727, -8.332219052673972], 'rotation': [0.7071082358675032, 5.244396220060902e-07, 0.707105326502169, 5.774007121532744e-07], 'non_uniform_scale': [0.9999998211860764, 0.9999998211860802, 0.9999997615814354], 'motion_type': 'STATIC'}
Skipping object {'template_name': '3b0ae5bdb57c391bb95ab884f2956032a249245b_part_3', 'translation': [1.4670519853824946, -0.0011719455712145912, -8.928378061679377], 'rotation': [0.7071077579987067, 3.496266508552422e-07, 0.7071058043728401, 3.989825166805443e-07], 'non_uniform_scale': [0.9999998211860766, 0.9999998211860801, 0.9999997615814351], 'motion_type': 'STATIC'}
Skipping object {'template_name': '3b0ae5bdb57c391bb95ab884f2956032a249245b_part_3', 'translation': [0.44339297688221546, -0.0011717580983059432, -8.928378879218597], 'rotation': [-0.7071053285717166, -4.214684851080984e-08, 0.7071082337983929, 8.407036387970987e-14], 'non_uniform_scale': [0.9999998211860764, 0.9999998211860799, 0.9999997615814352], 'motion_type': 'STATIC'}
Skipping object {'template_name': '3b0ae5bdb57c391bb95ab884f2956032a249245b_part_3', 'translation': [0.44339269547911153, -0.0011718422357122702, -8.33221726268373], 'rotation': [-0.7071053285716612, -4.2146848510809854e-08, 0.7071082337984484, 8.407036718324005e-14], 'non_uniform_scale': [0.9999998211860764, 0.9999998211860799, 0.9999997615814352], 'motion_type': 'STATIC'}
Skipping object {'template_name': '3b0ae5bdb57c391bb95ab884f2956032a249245b_part_3', 'translation': [0.4433928310682764, -0.0011719268460575482, -7.732026879521906], 'rotation': [-0.7071053195963128, -4.214684851080878e-08, 0.7071082427737598, 8.460533860063041e-14], 'non_uniform_scale': [0.9999998211860764, 0.9999998211860799, 0.9999997615814352], 'motion_type': 'STATIC'}
Skipping object {'template_name': '3b0ae5bdb57c391bb95ab884f2956032a249245b_part_2', 'translation': [0.9537062998694918, -0.0011721595638494355, -6.962863848983218], 'rotation': [0.7071068022599728, -1.2560742289844599e-15, 0.7071067601131205, 4.214684851089368e-08], 'non_uniform_scale': [0.9999998211860763, 0.9999998211860799, 0.9999997615814351], 'motion_type': 'STATIC'}
Skipping object {'template_name': '3b0ae5bdb57c391bb95ab884f2956032a249245b_part_2', 'translation': [0.9534843815449819, -0.0011721224786026552, -9.702460084398208], 'rotation': [-0.7071067601150347, -4.214684851089368e-08, 0.7071068022580584, -1.25618833225584e-15], 'non_uniform_scale': [0.9999998211860763, 0.9999998211860799, 0.9999997615814351], 'motion_type': 'STATIC'}
[WARNING] [omnigibson.objects.dataset_object] Category washer_dryer not found in average object specs! Defaulting to unit mass or density.
2025-08-23 00:34:35 [926,416ms] [Warning] [omnigibson.objects.dataset_object] Category washer_dryer not found in average object specs! Defaulting to unit mass or density.
[WARNING] [omnigibson.objects.dataset_object] Category machine not found in average object specs! Defaulting to unit mass or density.
2025-08-23 00:34:37 [927,922ms] [Warning] [omnigibson.objects.dataset_object] Category machine not found in average object specs! Defaulting to unit mass or density.
[WARNING] [omnigibson.objects.dataset_object] Category seat not found in average object specs! Defaulting to unit mass or density.
2025-08-23 00:34:37 [928,569ms] [Warning] [omnigibson.objects.dataset_object] Category seat not found in average object specs! Defaulting to unit mass or density.
[WARNING] [omnigibson.objects.dataset_object] Category couch not found in average object specs! Defaulting to unit mass or density.
2025-08-23 00:34:38 [929,630ms] [Warning] [omnigibson.objects.dataset_object] Category couch not found in average object specs! Defaulting to unit mass or density.
[WARNING] [omnigibson.objects.dataset_object] Category cabinet not found in average object specs! Defaulting to unit mass or density.
2025-08-23 00:34:39 [929,950ms] [Warning] [omnigibson.objects.dataset_object] Category cabinet not found in average object specs! Defaulting to unit mass or density.
[WARNING] [omnigibson.objects.dataset_object] Category cabinet not found in average object specs! Defaulting to unit mass or density.
2025-08-23 00:34:39 [930,083ms] [Warning] [omnigibson.objects.dataset_object] Category cabinet not found in average object specs! Defaulting to unit mass or density.
[WARNING] [omnigibson.objects.dataset_object] Category sink_cabinet not found in average object specs! Defaulting to unit mass or density.
2025-08-23 00:34:40 [931,038ms] [Warning] [omnigibson.objects.dataset_object] Category sink_cabinet not found in average object specs! Defaulting to unit mass or density.
[ERROR] [__main__] openings hssd22486 negative scale detected: tensor([-1.0000,  1.0000,  1.0000])
2025-08-23 00:34:40 [931,227ms] [Error] [__main__] openings hssd22486 negative scale detected: tensor([-1.0000,  1.0000,  1.0000])
[WARNING] [omnigibson.objects.dataset_object] Category openings not found in average object specs! Defaulting to unit mass or density.
2025-08-23 00:34:41 [931,682ms] [Warning] [omnigibson.objects.dataset_object] Category openings not found in average object specs! Defaulting to unit mass or density.
[WARNING] [omnigibson.objects.dataset_object] Category openings not found in average object specs! Defaulting to unit mass or density.
2025-08-23 00:34:41 [932,025ms] [Warning] [omnigibson.objects.dataset_object] Category openings not found in average object specs! Defaulting to unit mass or density.
[ERROR] [__main__] openings hssd22487 negative scale detected: tensor([-1.0000,  1.0000,  1.0000])
2025-08-23 00:34:41 [932,086ms] [Error] [__main__] openings hssd22487 negative scale detected: tensor([-1.0000,  1.0000,  1.0000])
[WARNING] [omnigibson.objects.dataset_object] Category openings not found in average object specs! Defaulting to unit mass or density.
2025-08-23 00:34:41 [932,480ms] [Warning] [omnigibson.objects.dataset_object] Category openings not found in average object specs! Defaulting to unit mass or density.
[ERROR] [__main__] openings hssd22488 negative scale detected: tensor([-1.0000,  1.0000,  1.0000])
2025-08-23 00:34:41 [932,563ms] [Error] [__main__] openings hssd22488 negative scale detected: tensor([-1.0000,  1.0000,  1.0000])
[WARNING] [omnigibson.objects.dataset_object] Category openings not found in average object specs! Defaulting to unit mass or density.
2025-08-23 00:34:42 [932,805ms] [Warning] [omnigibson.objects.dataset_object] Category openings not found in average object specs! Defaulting to unit mass or density.
[ERROR] [__main__] openings hssd22486 negative scale detected: tensor([-1.0000,  1.0000,  1.0000])
2025-08-23 00:34:42 [932,848ms] [Error] [__main__] openings hssd22486 negative scale detected: tensor([-1.0000,  1.0000,  1.0000])
[WARNING] [omnigibson.objects.dataset_object] Category openings not found in average object specs! Defaulting to unit mass or density.
2025-08-23 00:34:42 [933,320ms] [Warning] [omnigibson.objects.dataset_object] Category openings not found in average object specs! Defaulting to unit mass or density.
[ERROR] [__main__] openings hssd22481 negative scale detected: tensor([-1.0000,  1.0000,  1.0000])
2025-08-23 00:34:42 [933,446ms] [Error] [__main__] openings hssd22481 negative scale detected: tensor([-1.0000,  1.0000,  1.0000])
[WARNING] [omnigibson.objects.dataset_object] Category openings not found in average object specs! Defaulting to unit mass or density.
2025-08-23 00:34:43 [933,839ms] [Warning] [omnigibson.objects.dataset_object] Category openings not found in average object specs! Defaulting to unit mass or density.
[ERROR] [__main__] openings hssd22482 negative scale detected: tensor([-1.0000,  1.0000,  1.0000])
2025-08-23 00:34:43 [933,913ms] [Error] [__main__] openings hssd22482 negative scale detected: tensor([-1.0000,  1.0000,  1.0000])
[WARNING] [omnigibson.objects.dataset_object] Category openings not found in average object specs! Defaulting to unit mass or density.
2025-08-23 00:34:43 [934,258ms] [Warning] [omnigibson.objects.dataset_object] Category openings not found in average object specs! Defaulting to unit mass or density.
[ERROR] [__main__] openings hssd22483 negative scale detected: tensor([-1.0000,  1.0000,  1.0000])
2025-08-23 00:34:43 [934,328ms] [Error] [__main__] openings hssd22483 negative scale detected: tensor([-1.0000,  1.0000,  1.0000])
[WARNING] [omnigibson.objects.dataset_object] Category openings not found in average object specs! Defaulting to unit mass or density.
2025-08-23 00:34:44 [934,743ms] [Warning] [omnigibson.objects.dataset_object] Category openings not found in average object specs! Defaulting to unit mass or density.
[ERROR] [__main__] openings hssd22484 negative scale detected: tensor([-1.0000,  1.0000,  1.0000])
2025-08-23 00:34:44 [934,824ms] [Error] [__main__] openings hssd22484 negative scale detected: tensor([-1.0000,  1.0000,  1.0000])
[WARNING] [omnigibson.objects.dataset_object] Category openings not found in average object specs! Defaulting to unit mass or density.
2025-08-23 00:34:44 [935,162ms] [Warning] [omnigibson.objects.dataset_object] Category openings not found in average object specs! Defaulting to unit mass or density.
[WARNING] [omnigibson.objects.dataset_object] Category openings not found in average object specs! Defaulting to unit mass or density.
2025-08-23 00:34:45 [935,702ms] [Warning] [omnigibson.objects.dataset_object] Category openings not found in average object specs! Defaulting to unit mass or density.
[ERROR] [__main__] openings hssd22482 negative scale detected: tensor([-1.0000,  1.0000,  1.0000])
2025-08-23 00:34:45 [935,830ms] [Error] [__main__] openings hssd22482 negative scale detected: tensor([-1.0000,  1.0000,  1.0000])
[WARNING] [omnigibson.objects.dataset_object] Category openings not found in average object specs! Defaulting to unit mass or density.
2025-08-23 00:34:45 [936,216ms] [Warning] [omnigibson.objects.dataset_object] Category openings not found in average object specs! Defaulting to unit mass or density.
[ERROR] [__main__] openings hssd22485 negative scale detected: tensor([-1.0000,  1.0000,  1.0000])
2025-08-23 00:34:45 [936,286ms] [Error] [__main__] openings hssd22485 negative scale detected: tensor([-1.0000,  1.0000,  1.0000])
[WARNING] [omnigibson.objects.dataset_object] Category openings not found in average object specs! Defaulting to unit mass or density.
2025-08-23 00:34:46 [936,681ms] [Warning] [omnigibson.objects.dataset_object] Category openings not found in average object specs! Defaulting to unit mass or density.
[ERROR] [__main__] openings hssd40762 negative scale detected: tensor([-1.0000,  1.0000,  1.0000])
2025-08-23 00:34:46 [936,746ms] [Error] [__main__] openings hssd40762 negative scale detected: tensor([-1.0000,  1.0000,  1.0000])
[WARNING] [omnigibson.objects.dataset_object] Category openings not found in average object specs! Defaulting to unit mass or density.
2025-08-23 00:34:46 [937,045ms] [Warning] [omnigibson.objects.dataset_object] Category openings not found in average object specs! Defaulting to unit mass or density.
100%|| 1/1 [16:18<00:00, 978.87s/it]100%|| 1/1 [16:18<00:00, 978.87s/it]
2025-08-23 00:35:26 [977,211ms] [Warning] [carb] Failed to startup plugin carb.windowing-glfw.plugin (interfaces: [carb::windowing::IGLContext v1.0],[carb::windowing::IWindowing v1.5]) (impl: carb.windowing-glfw.plugin)
2025-08-23 00:35:28 [979,161ms] [Warning] [carb] Plugin interface for a client: omni.hydratexture.plugin was already released.
[979.874s] Simulation App Shutting Down
