/home/cgokmen/miniconda3/envs/behavior/bin/python: No module named omnigibson.examples.scenes.import_hssd_scenes
/home/cgokmen/miniconda3/envs/behavior/bin/python: No module named omnigibson.examples.scenes.import_hssd_scenes
/home/cgokmen/miniconda3/envs/behavior/bin/python: No module named omnigibson.examples.scenes.import_hssd_scenes
/home/cgokmen/miniconda3/envs/behavior/bin/python: No module named omnigibson.examples.scenes.import_hssd_scenes
/home/cgokmen/miniconda3/envs/behavior/bin/python: No module named omnigibson.examples.scenes.import_hssd_scenes
/home/cgokmen/miniconda3/envs/behavior/bin/python: No module named omnigibson.examples.scenes.import_hssd_scenes
/home/cgokmen/miniconda3/envs/behavior/bin/python: No module named omnigibson.examples.scenes.import_hssd_scenes
/home/cgokmen/miniconda3/envs/behavior/bin/python: No module named omnigibson.examples.scenes.import_hssd_scenes
/home/cgokmen/miniconda3/envs/behavior/bin/python: No module named omnigibson.examples.scenes.import_hssd_scenes
/home/cgokmen/miniconda3/envs/behavior/bin/python: No module named omnigibson.examples.scenes.import_hssd_scenes
/home/cgokmen/miniconda3/envs/behavior/bin/python: No module named omnigibson.examples.scenes.import_hssd_scenes
/home/cgokmen/miniconda3/envs/behavior/bin/python: No module named omnigibson.examples.scenes.import_hssd_scenes
/home/cgokmen/miniconda3/envs/behavior/bin/python: No module named omnigibson.examples.scenes.import_hssd_scenes
/home/cgokmen/miniconda3/envs/behavior/bin/python: No module named omnigibson.examples.scenes.import_hssd_scenes
/home/cgokmen/miniconda3/envs/behavior/bin/python: No module named omnigibson.examples.scenes.import_hssd_scenes
/home/cgokmen/miniconda3/envs/behavior/bin/python: No module named omnigibson.examples.scenes.import_hssd_scenes
/home/cgokmen/miniconda3/envs/behavior/bin/python: No module named omnigibson.examples.scenes.import_hssd_scenes
/home/cgokmen/miniconda3/envs/behavior/bin/python: No module named omnigibson.examples.scenes.import_hssd_scenes
/home/cgokmen/miniconda3/envs/behavior/bin/python: No module named omnigibson.examples.scenes.import_hssd_scenes
/home/cgokmen/miniconda3/envs/behavior/bin/python: No module named omnigibson.examples.scenes.import_hssd_scenes
/home/cgokmen/miniconda3/envs/behavior/bin/python: No module named omnigibson.examples.scenes.import_hssd_scenes
/home/cgokmen/miniconda3/envs/behavior/bin/python: No module named omnigibson.examples.scenes.import_hssd_scenes
/home/cgokmen/miniconda3/envs/behavior/bin/python: No module named omnigibson.examples.scenes.import_hssd_scenes
/home/cgokmen/miniconda3/envs/behavior/bin/python: No module named omnigibson.examples.scenes.import_hssd_scenes
/home/cgokmen/miniconda3/envs/behavior/bin/python: No module named omnigibson.examples.scenes.import_hssd_scenes
/home/cgokmen/miniconda3/envs/behavior/bin/python: No module named omnigibson.examples.scenes.import_hssd_scenes
/home/cgokmen/miniconda3/envs/behavior/bin/python: No module named omnigibson.examples.scenes.import_hssd_scenes
  0%|          | 0/1 [00:00<?, ?it/s][INFO] [omnigibson.simulator] ----- Starting OmniGibson. This will take 10-30 seconds... -----
Starting kit application with the following args:  ['/opt/hpcaas/.mounts/fs-0565f60d669b6a2d3/home/cgokmen/miniconda3/envs/behavior/lib/python3.10/site-packages/isaacsim/exts/isaacsim.simulation_app/isaacsim/simulation_app/simulation_app.py', '/opt/hpcaas/.mounts/fs-0565f60d669b6a2d3/home/cgokmen/miniconda3/envs/behavior/lib/python3.10/site-packages/isaacsim/apps/omnigibson_4_5_0.kit', '--/app/tokens/exe-path=/opt/hpcaas/.mounts/fs-0565f60d669b6a2d3/home/cgokmen/miniconda3/envs/behavior/lib/python3.10/site-packages/omni', '--/persistent/app/viewport/displayOptions=3094', '--/rtx/materialDb/syncLoads=True', '--/rtx/hydra/materialSyncLoads=True', '--/omni.kit.plugin/syncUsdLoads=True', '--/app/renderer/resolution/width=1280', '--/app/renderer/resolution/height=720', '--/app/window/width=1440', '--/app/window/height=900', '--/renderer/multiGpu/enabled=False', '--/app/fastShutdown=True', '--/app/installSignalHandlers=0', '--ext-folder', '/opt/hpcaas/.mounts/fs-0565f60d669b6a2d3/home/cgokmen/miniconda3/envs/behavior/lib/python3.10/site-packages/isaacsim/exts', '--ext-folder', '/opt/hpcaas/.mounts/fs-0565f60d669b6a2d3/home/cgokmen/miniconda3/envs/behavior/lib/python3.10/site-packages/isaacsim/apps', '--/physics/cudaDevice=0', '--portable', '--no-window', '--/app/window/hideUi=1']
Passing the following args to the base kit application:  ['69', '168']
[Info] [carb] Logging to file: /opt/hpcaas/.mounts/fs-0565f60d669b6a2d3/home/cgokmen/miniconda3/envs/behavior/lib/python3.10/site-packages/omni/logs/Kit/OmniGibson/3.7/kit_20250823_001908.log
2025-08-23 00:19:08 [0ms] [Warning] [omni.kit.app.plugin] No crash reporter present, dumps uploading isn't available.
[3.549s] [ext: omni.kit.async_engine-0.0.1] startup
[DEBUG] [asyncio] Using selector: EpollSelector
[29.400s] [ext: omni.metrics.core-0.0.1] startup
[29.410s] [ext: omni.client.lib-1.0.0] startup
[30.338s] [ext: omni.blobkey-1.1.2] startup
[30.350s] [ext: omni.stats-1.0.1] startup
[30.374s] [ext: omni.datastore-0.0.0] startup
[30.677s] [ext: omni.client-1.2.2] startup
[30.873s] [ext: omni.ujitso.default-1.0.0] startup
[30.901s] [ext: omni.hsscclient-1.1.1] startup
2025-08-23 00:19:39 [30,624ms] [Warning] [omni.datastore] OmniHub is inaccessible
2025-08-23 00:19:40 [31,238ms] [Error] [omni.datastore] Failed to acquire exclusive lock to data store (64>=64)
2025-08-23 00:19:40 [31,238ms] [Error] [omni.datastore] Failed to create local file data store at '/opt/hpcaas/.mounts/fs-0565f60d669b6a2d3/home/cgokmen/miniconda3/envs/behavior/lib/python3.10/site-packages/omni/cache/DerivedDataCache'
[31.573s] [ext: omni.gpu_foundation.shadercache.vulkan-1.0.0] startup
[31.609s] [ext: omni.assets.plugins-0.0.0] startup
[31.648s] [ext: omni.gpu_foundation-0.0.0] startup
[31.966s] [ext: carb.windowing.plugins-1.0.0] startup
2025-08-23 00:19:40 [31,691ms] [Warning] [carb.windowing-glfw.plugin] GLFW initialization failed.
2025-08-23 00:19:40 [31,691ms] [Warning] [carb] Failed to startup plugin carb.windowing-glfw.plugin (interfaces: [carb::windowing::IGLContext v1.0],[carb::windowing::IWindowing v1.5]) (impl: carb.windowing-glfw.plugin)
[31.993s] [ext: omni.kit.renderer.init-0.0.0] startup
2025-08-23 00:19:40 [31,787ms] [Warning] [omni.platforminfo.plugin] failed to open the default display.  Can't verify X Server version.
2025-08-23 00:19:40 [31,912ms] [Warning] [gpu.foundation.plugin] [ShaderCache]: 95 percent of the driver's shadercache size limit has been reached. Max size: 4000.00 MB, Currently used: 3886.00 MB. To avoid a persistent long startup or USD load time on every app launch, recommended to free space by deleting driver caches using one of the following methods:
- By running the app with --/renderer/shadercache/driverDiskCache/flush=true (only once).
- Or by manually deleting the following folders: '%LOCALAPPDATA%/NVIDIA/DXCache/Omniverse' (Windows-DX) or '$omni_cache/shaders/nv_shadercache' (Windows-Vulkan, Linux-Vulkan).
Driver caches will be re-generated which may take a few minutes on the next launch.
2025-08-23 00:19:42 [33,311ms] [Warning] [carb.cudainterop.plugin] CUDA_VISIBLE_DEVICES environment variable is set.
2025-08-23 00:19:42 [33,311ms] [Warning] [carb.cudainterop.plugin] Note CUDA device enumeration and Omniverse device enumeration are different.
2025-08-23 00:19:42 [33,311ms] [Warning] [carb.cudainterop.plugin] Setting CUDA_VISIBLE_DEVICES can lead to undesired behavior or crashes.

|---------------------------------------------------------------------------------------------|
| Driver Version: 570.172.08    | Graphics API: Vulkan
|=============================================================================================|
| GPU | Name                             | Active | LDA | GPU Memory | Vendor-ID | LUID       |
|     |                                  |        |     |            | Device-ID | UUID       |
|     |                                  |        |     |            | Bus-ID    |            |
|---------------------------------------------------------------------------------------------|
| 0   | NVIDIA A100-SXM4-80GB            | Yes: 0 |     | 147446  MB | 10de      | 0          |
|     |                                  |        |     |            | 20b2      | a5f77817.. |
|     |                                  |        |     |            | 20        |            |
|=============================================================================================|
| OS: 22.04.5 LTS (Jammy Jellyfish) ubuntu, Version: 22.04.5, Kernel: 6.8.0-1033-aws
| Processor: Intel(R) Xeon(R) Platinum 8275CL CPU @ 3.00GHz
| Cores: 48 | Logical Cores: 96
|---------------------------------------------------------------------------------------------|
| Total Memory (MB): 1148721 | Free Memory: 1093718
| Total Page/Swap (MB): 0 | Free Page/Swap: 0
|---------------------------------------------------------------------------------------------|
2025-08-23 00:19:45 [36,254ms] [Warning] [gpu.foundation.plugin] ECC is enabled on physical device 0
[38.090s] [ext: omni.kit.pipapi-0.0.0] startup
[38.093s] [ext: omni.kit.pip_archive-0.0.0] startup
[38.094s] [ext: omni.services.pip_archive-0.13.11] startup
[38.096s] [ext: omni.materialx.libs-1.0.6] startup
[38.124s] [ext: omni.kit.telemetry-0.5.1] startup
[38.175s] [ext: omni.kit.loop-isaac-1.2.1] startup
[38.180s] [ext: omni.kit.test-1.1.2] startup
[38.236s] [ext: omni.usd.config-1.0.5] startup
[38.267s] [ext: omni.gpucompute.plugins-0.0.0] startup
[38.271s] [ext: omni.usd.libs-1.0.1] startup
[38.873s] [ext: omni.mdl-55.0.1] startup
[39.037s] [ext: omni.iray.libs-0.0.0] startup
[39.592s] [ext: omni.mdl.neuraylib-0.2.10] startup
[39.642s] [ext: omni.kit.usd.mdl-1.0.7] startup
[40.416s] [ext: omni.pip.compute-1.4.5] startup
[40.421s] [ext: omni.appwindow-1.1.9] startup
2025-08-23 00:19:49 [40,132ms] [Warning] [carb.windowing-glfw.plugin] GLFW initialization failed.
2025-08-23 00:19:49 [40,132ms] [Warning] [carb] Failed to startup plugin carb.windowing-glfw.plugin (interfaces: [carb::windowing::IGLContext v1.0],[carb::windowing::IWindowing v1.5]) (impl: carb.windowing-glfw.plugin)
[40.445s] [ext: omni.kit.renderer.core-1.0.2] startup
2025-08-23 00:19:49 [40,346ms] [Warning] [carb.windowing-glfw.plugin] GLFW initialization failed.
2025-08-23 00:19:49 [40,346ms] [Warning] [carb] Failed to startup plugin carb.windowing-glfw.plugin (interfaces: [carb::windowing::IGLContext v1.0],[carb::windowing::IWindowing v1.5]) (impl: carb.windowing-glfw.plugin)
2025-08-23 00:19:49 [40,372ms] [Warning] [carb.windowing-glfw.plugin] GLFW initialization failed.
2025-08-23 00:19:49 [40,372ms] [Warning] [carb] Failed to startup plugin carb.windowing-glfw.plugin (interfaces: [carb::windowing::IGLContext v1.0],[carb::windowing::IWindowing v1.5]) (impl: carb.windowing-glfw.plugin)
[40.677s] [ext: omni.kit.renderer.capture-0.0.0] startup
[40.714s] [ext: omni.kit.renderer.imgui-1.0.2] startup
2025-08-23 00:19:49 [40,499ms] [Warning] [carb.windowing-glfw.plugin] GLFW initialization failed.
2025-08-23 00:19:49 [40,499ms] [Warning] [carb] Failed to startup plugin carb.windowing-glfw.plugin (interfaces: [carb::windowing::IGLContext v1.0],[carb::windowing::IWindowing v1.5]) (impl: carb.windowing-glfw.plugin)
2025-08-23 00:19:49 [40,502ms] [Warning] [carb.windowing-glfw.plugin] GLFW initialization failed.
2025-08-23 00:19:49 [40,503ms] [Warning] [carb] Failed to startup plugin carb.windowing-glfw.plugin (interfaces: [carb::windowing::IGLContext v1.0],[carb::windowing::IWindowing v1.5]) (impl: carb.windowing-glfw.plugin)
2025-08-23 00:19:49 [40,509ms] [Warning] [carb.windowing-glfw.plugin] GLFW initialization failed.
2025-08-23 00:19:49 [40,509ms] [Warning] [carb] Failed to startup plugin carb.windowing-glfw.plugin (interfaces: [carb::windowing::IGLContext v1.0],[carb::windowing::IWindowing v1.5]) (impl: carb.windowing-glfw.plugin)
[41.200s] [ext: omni.ui-2.26.5] startup
[41.298s] [ext: omni.kit.mainwindow-1.0.3] startup
[41.311s] [ext: carb.audio-0.1.0] startup
[41.343s] [ext: omni.uiaudio-1.0.0] startup
[41.361s] [ext: omni.kit.uiapp-0.0.0] startup
[41.361s] [ext: omni.usd.schema.metrics.assembler-106.5.0] startup
[41.422s] [ext: omni.usd.schema.omniscripting-1.0.0] startup
[41.460s] [ext: omni.usd.schema.physx-106.5.7] startup
[41.684s] [ext: omni.usd.schema.audio-0.0.0] startup
[41.717s] [ext: omni.usd.schema.omnigraph-1.0.0] startup
[41.765s] [ext: omni.usd.schema.anim-0.0.0] startup
[41.941s] [ext: omni.usd.schema.semantics-0.0.0] startup
[41.976s] [ext: omni.usd.schema.geospatial-0.0.0] startup
[42.002s] [ext: omni.kit.window.popup_dialog-2.0.24] startup
[42.034s] [ext: omni.resourcemonitor-107.0.0] startup
[42.067s] [ext: omni.activity.core-1.0.1] startup
[42.087s] [ext: omni.timeline-1.0.11] startup
[42.109s] [ext: omni.usd_resolver-1.0.0] startup
[42.159s] [ext: omni.kit.widget.nucleus_connector-1.1.10] startup
[42.176s] [ext: usdrt.scenegraph-7.5.1] startup
[42.568s] [ext: omni.usd.core-1.4.2] startup
[42.599s] [ext: omni.kit.usd_undo-0.1.8] startup
[42.605s] [ext: omni.graph.exec-0.9.4] startup
[42.616s] [ext: omni.kit.actions.core-1.0.0] startup
[42.648s] [ext: omni.kit.audiodeviceenum-1.0.1] startup
[42.669s] [ext: omni.kit.exec.core-0.13.4] startup
[42.702s] [ext: omni.kit.commands-1.4.9] startup
[42.745s] [ext: omni.hydra.usdrt_delegate-7.5.1] startup
[42.880s] [ext: omni.hydra.scene_delegate-0.3.3] startup
[42.922s] [ext: omni.usd-1.12.4] startup
[43.182s] [ext: omni.kit.asset_converter-2.8.5] startup
[43.439s] [ext: isaacsim.robot.schema-3.1.2] startup
[43.510s] [ext: omni.pip.cloud-1.1.7] startup
[43.520s] [ext: omni.usd.schema.isaac-3.0.2] startup
[43.520s] [ext: omni.usd.schema.flow-107.0.0] startup
[43.526s] [ext: omni.inspect-1.0.1] startup
[43.546s] [ext: omni.kit.notification_manager-1.0.9] startup
[43.568s] [ext: omni.graph.core-2.181.8] startup
[43.618s] [ext: isaacsim.core.deprecation_manager-0.2.2] startup
[43.627s] [ext: omni.usd.schema.forcefield-106.5.7] startup
[43.692s] [ext: omni.kit.menu.core-1.1.2] startup
[43.703s] [ext: omni.kit.clipboard-1.0.5] startup
[43.717s] [ext: omni.kit.widget.context_menu-1.2.4] startup
[43.730s] [ext: omni.kit.widget.options_menu-1.1.6] startup
[43.770s] [ext: omni.kit.helper.file_utils-0.1.9] startup
[43.784s] [ext: omni.kit.widget.path_field-2.0.11] startup
[43.798s] [ext: omni.kit.property.adapter.core-1.0.2] startup
[43.830s] [ext: omni.kit.widget.options_button-1.0.3] startup
[43.841s] [ext: omni.kit.widget.filebrowser-2.10.52] startup
[43.889s] [ext: omni.kit.widget.browser_bar-2.0.10] startup
[43.901s] [ext: omni.kit.property.adapter.fabric-1.0.3] startup
[43.921s] [ext: omni.ui.scene-1.11.2] startup
[43.970s] [ext: omni.kit.numpy.common-0.1.2] startup
[43.983s] [ext: omni.kit.window.filepicker-2.11.7] startup
[44.093s] [ext: omni.kit.usd.layers-2.2.0] startup
[44.183s] [ext: omni.hydra.rtx.shadercache.vulkan-1.0.0] startup
[44.202s] [ext: omni.kit.window.file_importer-1.1.14] startup
[44.236s] [ext: omni.kit.menu.utils-1.7.7] startup
[44.293s] [ext: omni.kit.context_menu-1.8.3] startup
[44.314s] [ext: omni.ujitso.processor.texture-1.0.0] startup
[44.333s] [ext: omni.index.libs-380600.1777.0] startup
[44.333s] [ext: omni.volume-0.5.0] startup
[44.485s] [ext: omni.ujitso.client-0.0.0] startup
[44.495s] [ext: omni.index-1.0.1] startup
[44.510s] [ext: omni.kit.hotkeys.core-1.3.10] startup
[44.512s] [ext: omni.hydra.rtx-1.0.0] startup
2025-08-23 00:19:53 [44,295ms] [Warning] [omni.log] Source: omni.hydra was already registered.
[44.873s] [ext: omni.kit.material.library-1.5.15] startup
[44.908s] [ext: omni.convexdecomposition-106.5.7] startup
[44.951s] [ext: omni.kit.viewport.legacy_gizmos-1.0.16] startup
[44.972s] [ext: omni.kit.raycast.query-1.0.5] startup
[45.004s] [ext: omni.hydra.engine.stats-1.0.3] startup
[45.020s] [ext: omni.kvdb-106.5.7] startup
[45.051s] [ext: omni.usdphysics-106.5.7] startup
[45.069s] [ext: omni.physx.foundation-106.5.7] startup
[45.107s] [ext: omni.localcache-106.5.7] startup
[45.138s] [ext: isaacsim.core.version-2.0.2] startup
[45.150s] [ext: omni.physx.cooking-106.5.7] startup
[45.201s] [ext: omni.kit.viewport.scene_camera_model-1.0.5] startup
[45.227s] [ext: omni.kit.hydra_texture-1.4.0] startup
[45.260s] [ext: omni.physx-106.5.7] startup
[45.381s] [ext: omni.kit.window.drop_support-1.0.4] startup
[45.389s] [ext: omni.kit.widget.viewport-107.0.7] startup
[45.428s] [ext: omni.kit.viewport.registry-104.0.6] startup
[45.437s] [ext: omni.physx.stageupdate-106.5.7] startup
[45.478s] [ext: omni.kit.viewport.window-107.0.8] startup
[45.592s] [ext: isaacsim.storage.native-1.0.6] startup
[45.609s] [ext: omni.isaac.dynamic_control-1.3.16] startup
2025-08-23 00:19:54 [45,374ms] [Warning] [omni.isaac.dynamic_control] omni.isaac.dynamic_control is deprecated as of Isaac Sim 4.5. No action is needed from end-users.
[45.680s] [ext: omni.warp.core-1.5.0] startup
[45.940s] [ext: omni.kit.widget.searchfield-1.1.8] startup
[45.944s] [ext: omni.kit.window.file_exporter-1.0.31] startup
[45.947s] [ext: omni.kit.widget.filter-1.1.4] startup
[45.950s] [ext: isaacsim.core.utils-2.2.8] startup
[45.981s] [ext: omni.kit.stage_template.core-1.1.22] startup
[45.991s] [ext: omni.kit.widget.stage-2.11.6] startup
[46.132s] [ext: omni.kit.widget.stage_icons-1.0.6] startup
[46.145s] [ext: omni.kit.window.file-1.3.57] startup
[46.179s] [ext: omni.kit.window.content_browser_registry-0.0.6] startup
[46.189s] [ext: omni.kit.widget.searchable_combobox-1.0.6] startup
[46.203s] [ext: omni.kit.window.stage-2.5.11] startup
[46.232s] [ext: omni.kit.window.content_browser-2.10.3] startup
[46.306s] [ext: omni.kit.usd.collect-2.2.22] startup
[46.324s] [ext: omni.kit.widget.settings-1.2.2] startup
[46.338s] [ext: omni.kit.menu.stage-1.2.5] startup
[46.348s] [ext: omni.kit.widget.prompt-1.0.7] startup
[46.356s] [ext: omni.kit.window.preferences-1.7.0] startup
[46.423s] [ext: omni.kit.viewport.utility-1.0.18] startup
[46.428s] [ext: omni.kit.xr.configurations-106.5.13] startup
[46.428s] [ext: omni.kit.widget.zoombar-1.0.5] startup
[46.438s] [ext: omni.rtx.window.settings-0.6.17] startup
[46.471s] [ext: omni.kit.manipulator.camera-106.0.3] startup
[46.498s] [ext: omni.kit.xr.core-106.5.13] startup
[47.000s] [ext: omni.physics.tensors-106.5.7] startup
[47.047s] [ext: omni.kit.browser.core-2.3.11] startup
[47.087s] [ext: omni.kit.xr.ui.window.viewport-106.5.13] startup
[47.152s] [ext: omni.physx.tensors-106.5.7] startup
[47.191s] [ext: omni.kit.browser.folder.core-1.10.1] startup
[47.242s] [ext: omni.kit.xr.scene_view.core-106.5.13] startup
[47.284s] [ext: isaacsim.core.simulation_manager-0.3.3] startup
[47.560s] [ext: omni.kit.tool.collect-2.2.16] startup
[47.583s] [ext: omni.services.facilities.base-1.0.4] startup
[47.605s] [ext: isaacsim.core.prims-0.3.7] startup
[47.707s] [ext: isaacsim.asset.browser-1.3.4] startup
[48.010s] [ext: omni.graph.tools-1.79.1] startup
[DEBUG] [AutoNode] Defining data type 'any' as 'Any'
[DEBUG] [AutoNode] Defining data type 'bool' as 'Bool' and array 'BoolArray
[DEBUG] [AutoNode] Defining data type 'bundle' as 'Bundle'
[DEBUG] [AutoNode] Defining data type 'colord[3]' as 'Color3d' and array 'Color3dArray
[DEBUG] [AutoNode] Defining data type 'colorf[3]' as 'Color3f' and array 'Color3fArray
[DEBUG] [AutoNode] Defining data type 'colorh[3]' as 'Color3h' and array 'Color3hArray
[DEBUG] [AutoNode] Defining data type 'colord[4]' as 'Color4d' and array 'Color4dArray
[DEBUG] [AutoNode] Defining data type 'colorf[4]' as 'Color4f' and array 'Color4fArray
[DEBUG] [AutoNode] Defining data type 'colorh[4]' as 'Color4h' and array 'Color4hArray
[DEBUG] [AutoNode] Defining data type 'double' as 'Double' and array 'DoubleArray
[DEBUG] [AutoNode] Defining data type 'double[2]' as 'Double2' and array 'Double2Array
[DEBUG] [AutoNode] Defining data type 'double[3]' as 'Double3' and array 'Double3Array
[DEBUG] [AutoNode] Defining data type 'double[4]' as 'Double4' and array 'Double4Array
[DEBUG] [AutoNode] Defining data type 'execution' as 'Execution'
[DEBUG] [AutoNode] Defining data type 'float' as 'Float' and array 'FloatArray
[DEBUG] [AutoNode] Defining data type 'float[2]' as 'Float2' and array 'Float2Array
[DEBUG] [AutoNode] Defining data type 'float[3]' as 'Float3' and array 'Float3Array
[DEBUG] [AutoNode] Defining data type 'float[4]' as 'Float4' and array 'Float4Array
[DEBUG] [AutoNode] Defining data type 'frame[4]' as 'Frame' and array 'FrameArray
[DEBUG] [AutoNode] Defining data type 'half' as 'Half' and array 'HalfArray
[DEBUG] [AutoNode] Defining data type 'half[2]' as 'Half2' and array 'Half2Array
[DEBUG] [AutoNode] Defining data type 'half[3]' as 'Half3' and array 'Half3Array
[DEBUG] [AutoNode] Defining data type 'half[4]' as 'Half4' and array 'Half4Array
[DEBUG] [AutoNode] Defining data type 'int' as 'Int' and array 'IntArray
[DEBUG] [AutoNode] Defining data type 'int[2]' as 'Int2' and array 'Int2Array
[DEBUG] [AutoNode] Defining data type 'int[3]' as 'Int3' and array 'Int3Array
[DEBUG] [AutoNode] Defining data type 'int[4]' as 'Int4' and array 'Int4Array
[DEBUG] [AutoNode] Defining data type 'int64' as 'Int64' and array 'Int64Array
[DEBUG] [AutoNode] Defining data type 'matrixd[2]' as 'Matrix2d' and array 'Matrix2dArray
[DEBUG] [AutoNode] Defining data type 'matrixd[3]' as 'Matrix3d' and array 'Matrix3dArray
[DEBUG] [AutoNode] Defining data type 'matrixd[4]' as 'Matrix4d' and array 'Matrix4dArray
[DEBUG] [AutoNode] Defining data type 'normald[3]' as 'Normal3d' and array 'Normal3dArray
[DEBUG] [AutoNode] Defining data type 'normalf[3]' as 'Normal3f' and array 'Normal3fArray
[DEBUG] [AutoNode] Defining data type 'normalh[3]' as 'Normal3h' and array 'Normal3hArray
[DEBUG] [AutoNode] Defining data type 'objectId' as 'ObjectId' and array 'ObjectIdArray
[DEBUG] [AutoNode] Defining data type 'path' as 'Path'
[DEBUG] [AutoNode] Defining data type 'pointd[3]' as 'Point3d' and array 'Point3dArray
[DEBUG] [AutoNode] Defining data type 'pointf[3]' as 'Point3f' and array 'Point3fArray
[DEBUG] [AutoNode] Defining data type 'pointh[3]' as 'Point3h' and array 'Point3hArray
[DEBUG] [AutoNode] Defining data type 'quatd[4]' as 'Quatd' and array 'QuatdArray
[DEBUG] [AutoNode] Defining data type 'quatf[4]' as 'Quatf' and array 'QuatfArray
[DEBUG] [AutoNode] Defining data type 'quath[4]' as 'Quath' and array 'QuathArray
[DEBUG] [AutoNode] Defining data type 'string' as 'String'
[DEBUG] [AutoNode] Defining data type 'target' as 'Target'
[DEBUG] [AutoNode] Defining data type 'texcoordd[2]' as 'TexCoord2d' and array 'TexCoord2dArray
[DEBUG] [AutoNode] Defining data type 'texcoordf[2]' as 'TexCoord2f' and array 'TexCoord2fArray
[DEBUG] [AutoNode] Defining data type 'texcoordh[2]' as 'TexCoord2h' and array 'TexCoord2hArray
[DEBUG] [AutoNode] Defining data type 'texcoordd[3]' as 'TexCoord3d' and array 'TexCoord3dArray
[DEBUG] [AutoNode] Defining data type 'texcoordf[3]' as 'TexCoord3f' and array 'TexCoord3fArray
[DEBUG] [AutoNode] Defining data type 'texcoordh[3]' as 'TexCoord3h' and array 'TexCoord3hArray
[DEBUG] [AutoNode] Defining data type 'timecode' as 'Timecode' and array 'TimecodeArray
[DEBUG] [AutoNode] Defining data type 'token' as 'Token' and array 'TokenArray
[DEBUG] [AutoNode] Defining data type 'uchar' as 'UChar' and array 'UCharArray
[DEBUG] [AutoNode] Defining data type 'uint' as 'UInt' and array 'UIntArray
[DEBUG] [AutoNode] Defining data type 'uint64' as 'UInt64' and array 'UInt64Array
[DEBUG] [AutoNode] Defining data type 'vectord[3]' as 'Vector3d' and array 'Vector3dArray
[DEBUG] [AutoNode] Defining data type 'vectorf[3]' as 'Vector3f' and array 'Vector3fArray
[DEBUG] [AutoNode] Defining data type 'vectorh[3]' as 'Vector3h' and array 'Vector3hArray
[48.222s] [ext: omni.services.core-1.9.0] startup
[49.166s] [ext: omni.kit.primitive.mesh-1.0.17] startup
[49.208s] [ext: omni.kit.widget.highlight_label-1.0.3] startup
[49.217s] [ext: omni.services.transport.server.base-1.1.1] startup
[49.346s] [ext: omni.kit.stage_templates-1.2.6] startup
[49.472s] [ext: omni.kit.window.property-1.11.5] startup
[49.599s] [ext: omni.services.transport.server.zeroconf-1.0.9] startup
[49.682s] [ext: isaacsim.core.api-4.2.16] startup
[49.832s] [ext: omni.kit.property.adapter.usd-1.0.2] startup
[49.847s] [ext: omni.kit.xr.advertise-106.5.13] startup
[49.858s] [ext: omni.isaac.assets_check-0.3.9] startup
2025-08-23 00:19:58 [49,565ms] [Warning] [omni.isaac.assets_check] omni.isaac.assets_check has been deprecated in favor of isaacsim.asset.browser. Please update your code accordingly.
[49.867s] [ext: omni.graph-1.140.2] startup
[50.091s] [ext: omni.kit.property.usd-4.2.16] startup
[50.158s] [ext: omni.graph.action_core-1.1.7] startup
[50.194s] [ext: omni.kit.menu.create-1.0.17] startup
[50.206s] [ext: omni.kit.widget.text_editor-1.0.2] startup
[50.226s] [ext: omni.graph.action_nodes-1.40.1] startup
[50.266s] [ext: isaacsim.core.cloner-1.3.4] startup
[50.278s] [ext: omni.kit.scripting-106.5.2] startup
[50.336s] [ext: omni.graph.scriptnode-1.40.1] startup
[50.350s] [ext: omni.graph.action-1.120.0] startup
[50.361s] [ext: omni.isaac.cloner-1.0.2] startup
2025-08-23 00:19:59 [50,072ms] [Warning] [omni.isaac.cloner] omni.isaac.cloner has been deprecated in favor of isaacsim.core.cloner. Please update your code accordingly.
[50.375s] [ext: isaacsim.replicator.behavior-1.0.8] startup
[50.389s] [ext: omni.ui_query-1.1.7] startup
[50.409s] [ext: omni.kit.widget.graph-1.12.17] startup
[50.493s] [ext: omni.kit.manipulator.viewport-107.0.1] startup
[50.510s] [ext: omni.kit.ui_test-1.3.3] startup
[50.532s] [ext: omni.kit.graph.delegate.default-1.2.2] startup
[50.559s] [ext: omni.kit.window.extensions-1.4.25] startup
[50.646s] [ext: omni.graph.visualization.nodes-2.1.1] startup
[50.688s] [ext: omni.graph.image.core-0.6.0] startup
[50.705s] [ext: omni.kit.graph.editor.core-1.5.3] startup
[50.734s] [ext: isaacsim.gui.components-1.0.9] startup
[50.766s] [ext: omni.kit.widget.material_preview-1.0.16] startup
[50.788s] [ext: omni.kit.graph.usd.commands-1.3.1] startup
[50.798s] [ext: omni.graph.image.nodes-1.3.0] startup
[50.818s] [ext: isaacsim.robot_motion.lula-4.0.4] startup
[50.963s] [ext: omni.kit.viewport.menubar.core-107.1.2] startup
[51.096s] [ext: omni.kit.window.material_graph-1.8.19] startup
[51.357s] [ext: omni.isaac.core-4.0.3] startup
2025-08-23 00:19:59 [51,067ms] [Warning] [omni.isaac.core.physics_context.physics_context] omni.isaac.core.physics_context.physics_context has been deprecated in favor of isaacsim.core.api.physics_context.physics_context. Please update your code accordingly.
2025-08-23 00:20:00 [51,073ms] [Warning] [omni.isaac.core.simulation_context.simulation_context] omni.isaac.core.simulation_context.simulation_context has been deprecated in favor of isaacsim.core.api.simulation_context.simulation_context. Please update your code accordingly.
2025-08-23 00:20:00 [51,079ms] [Warning] [omni.isaac.core.world.world] omni.isaac.core.world.world has been deprecated in favor of isaacsim.core.api.world.world. Please update your code accordingly.
2025-08-23 00:20:00 [51,079ms] [Warning] [omni.isaac.core] omni.isaac.core has been deprecated in favor of isaacsim.core.api. Please update your code accordingly.
[51.380s] [ext: isaacsim.robot_motion.motion_generation-8.0.6] startup
[51.442s] [ext: omni.graph.nodes-1.162.1] startup
[51.748s] [ext: omni.syntheticdata-0.6.10] startup
[51.853s] [ext: omni.kit.xr.system.cloudxr-106.5.13] startup
[51.889s] [ext: isaacsim.robot_motion.lula_test_widget-1.0.5] startup
[51.915s] [ext: omni.kit.xr.telemetry-106.5.13] startup
[51.941s] [ext: omni.kit.data2ui.core-1.0.27] startup
[51.973s] [ext: omni.kit.xr.ui.window.profile-106.5.13] startup
[52.093s] [ext: omni.kit.data2ui.usd-1.0.27] startup
[52.196s] [ext: omni.warp-1.5.0] startup
[52.236s] [ext: omni.no_code_ui.bundle-1.0.27] startup
[52.239s] [ext: omni.replicator.core-1.11.35] startup
Warp 1.5.0 initialized:
   CUDA Toolkit 11.8, Driver 12.8
   Devices:
     "cpu"      : "x86_64"
     "cuda:0"   : "NVIDIA A100-SXM4-80GB" (79 GiB, sm_80, mempool enabled)
   Kernel cache:
     /home/cgokmen/.cache/warp/1.5.0
2025-08-23 00:20:03 [54,800ms] [Warning] [omni.replicator.core.scripts.extension] No material configuration file, adding configuration to material settings directly.
[55.114s] [ext: omni.isaac.lula-4.0.2] startup
2025-08-23 00:20:03 [54,862ms] [Warning] [omni.isaac.lula] omni.isaac.lula has been deprecated in favor of isaacsim.robot_motion.lula. Please update your code accordingly.
[55.162s] [ext: omni.isaac.lula_test_widget-1.0.2] startup
2025-08-23 00:20:03 [54,945ms] [Warning] [omni.isaac.lula_test_widget] omni.isaac.lula_test_widget has been deprecated in favor of isaacsim.robot_motion.lula_test_widget. Please update your code accordingly.
[55.246s] [ext: omni.kit.xr.profile.common-106.5.13] startup
[55.772s] [ext: omni.kit.xr.scene_view.utils-106.5.13] startup
[93.811s] [ext: isaacsim.core.nodes-2.1.4] startup
[94.139s] [ext: isaacsim.robot.surface_gripper-2.0.6] startup
[94.280s] [ext: omni.kit.xr.system.openxr-106.5.13] startup
[94.648s] [ext: omni.kit.xr.system.steamvr-106.5.13] startup
[94.874s] [ext: omni.kit.xr.ui.stage-106.5.13] startup
[95.574s] [ext: omni.kit.selection-0.1.5] startup
[95.643s] [ext: isaacsim.robot.manipulators-3.0.4] startup
[95.876s] [ext: omni.isaac.core_nodes-2.0.2] startup
2025-08-23 00:20:44 [95,799ms] [Warning] [omni.isaac.core_nodes] omni.isaac.core_nodes has been deprecated in favor of isaacsim.core.nodes. Please update your code accordingly.
[96.099s] [ext: omni.anim.curve.core-1.2.0] startup
[96.698s] [ext: omni.kit.xr.profile.vr-106.5.13] startup
[96.895s] [ext: isaacsim.gui.menu-2.0.9] startup
[97.297s] [ext: omni.isaac.manipulators-3.0.3] startup
2025-08-23 00:20:45 [97,036ms] [Warning] [omni.isaac.manipulators] omni.isaac.manipulators has been deprecated in favor of isaacsim.robot.manipulators. Please update your code accordingly.
2025-08-23 00:20:45 [97,055ms] [Warning] [omni.isaac.manipulators.controllers] omni.isaac.manipulators has been deprecated in favor of isaacsim.robot.manipulators. Please update your code accordingly.
2025-08-23 00:20:45 [97,069ms] [Warning] [omni.isaac.manipulators.controllers.pick_place_controller] omni.isaac.manipulators has been deprecated in favor of isaacsim.robot.manipulators. Please update your code accordingly.
2025-08-23 00:20:46 [97,111ms] [Warning] [omni.isaac.manipulators.controllers.stacking_controller] omni.isaac.manipulators has been deprecated in favor of isaacsim.robot.manipulators. Please update your code accordingly.
2025-08-23 00:20:46 [97,147ms] [Warning] [omni.isaac.manipulators.grippers] omni.isaac.manipulators has been deprecated in favor of isaacsim.robot.manipulators. Please update your code accordingly.
2025-08-23 00:20:46 [97,157ms] [Warning] [omni.isaac.manipulators.grippers.gripper] omni.isaac.manipulators has been deprecated in favor of isaacsim.robot.manipulators. Please update your code accordingly.
2025-08-23 00:20:46 [97,168ms] [Warning] [omni.isaac.manipulators.grippers.parallel_gripper] omni.isaac.manipulators has been deprecated in favor of isaacsim.robot.manipulators. Please update your code accordingly.
2025-08-23 00:20:46 [97,179ms] [Warning] [omni.isaac.manipulators.grippers.surface_gripper] omni.isaac.manipulators has been deprecated in favor of isaacsim.robot.manipulators. Please update your code accordingly.
2025-08-23 00:20:46 [97,190ms] [Warning] [omni.isaac.manipulators.manipulators] omni.isaac.manipulators has been deprecated in favor of isaacsim.robot.manipulators. Please update your code accordingly.
2025-08-23 00:20:46 [97,203ms] [Warning] [omni.isaac.manipulators.manipulators.single_manipulator] omni.isaac.manipulators has been deprecated in favor of isaacsim.robot.manipulators. Please update your code accordingly.
[97.503s] [ext: isaacsim.sensors.physics-0.3.5] startup
[97.699s] [ext: omni.isaac.menu-1.0.2] startup
2025-08-23 00:20:46 [97,439ms] [Warning] [omni.isaac.menu] omni.isaac.menu has been deprecated in favor of isaacsim.gui.menu. Please update your code accordingly.
[97.739s] [ext: omni.isaac.motion_generation-8.0.2] startup
2025-08-23 00:20:46 [97,481ms] [Warning] [omni.isaac.motion_generation] omni.isaac.motion_generation has been deprecated in favor of isaacsim.robot_motion.motion_generation. Please update your code accordingly.
2025-08-23 00:20:46 [97,505ms] [Warning] [omni.isaac.motion_generation.articulation_kinematics_solver] omni.isaac.motion_generation has been deprecated in favor of isaacsim.robot_motion.motion_generation. Please update your code accordingly.
2025-08-23 00:20:46 [97,531ms] [Warning] [omni.isaac.motion_generation.articulation_motion_policy] omni.isaac.motion_generation has been deprecated in favor of isaacsim.robot_motion.motion_generation. Please update your code accordingly.
2025-08-23 00:20:46 [97,544ms] [Warning] [omni.isaac.motion_generation.articulation_trajectory] omni.isaac.motion_generation has been deprecated in favor of isaacsim.robot_motion.motion_generation. Please update your code accordingly.
2025-08-23 00:20:46 [97,557ms] [Warning] [omni.isaac.motion_generation.kinematics_interface] omni.isaac.motion_generation has been deprecated in favor of isaacsim.robot_motion.motion_generation. Please update your code accordingly.
2025-08-23 00:20:46 [97,584ms] [Warning] [omni.isaac.motion_generation.lula] omni.isaac.motion_generation has been deprecated in favor of isaacsim.robot_motion.motion_generation. Please update your code accordingly.
2025-08-23 00:20:46 [97,607ms] [Warning] [omni.isaac.motion_generation.lula.kinematics] omni.isaac.motion_generation has been deprecated in favor of isaacsim.robot_motion.motion_generation. Please update your code accordingly.
2025-08-23 00:20:46 [97,619ms] [Warning] [omni.isaac.motion_generation.lula.motion_policies] omni.isaac.motion_generation has been deprecated in favor of isaacsim.robot_motion.motion_generation. Please update your code accordingly.
2025-08-23 00:20:46 [97,645ms] [Warning] [omni.isaac.motion_generation.lula.path_planners] omni.isaac.motion_generation has been deprecated in favor of isaacsim.robot_motion.motion_generation. Please update your code accordingly.
2025-08-23 00:20:46 [97,680ms] [Warning] [omni.isaac.motion_generation.lula.trajectory_generator] omni.isaac.motion_generation has been deprecated in favor of isaacsim.robot_motion.motion_generation. Please update your code accordingly.
2025-08-23 00:20:46 [97,699ms] [Warning] [omni.isaac.motion_generation.motion_policy_controller] omni.isaac.motion_generation has been deprecated in favor of isaacsim.robot_motion.motion_generation. Please update your code accordingly.
2025-08-23 00:20:46 [97,717ms] [Warning] [omni.isaac.motion_generation.motion_policy_interface] omni.isaac.motion_generation has been deprecated in favor of isaacsim.robot_motion.motion_generation. Please update your code accordingly.
2025-08-23 00:20:46 [97,733ms] [Warning] [omni.isaac.motion_generation.path_planner_visualizer] omni.isaac.motion_generation has been deprecated in favor of isaacsim.robot_motion.motion_generation. Please update your code accordingly.
2025-08-23 00:20:46 [97,746ms] [Warning] [omni.isaac.motion_generation.path_planning_interface] omni.isaac.motion_generation has been deprecated in favor of isaacsim.robot_motion.motion_generation. Please update your code accordingly.
2025-08-23 00:20:46 [97,758ms] [Warning] [omni.isaac.motion_generation.trajectory] omni.isaac.motion_generation has been deprecated in favor of isaacsim.robot_motion.motion_generation. Please update your code accordingly.
2025-08-23 00:20:46 [97,767ms] [Warning] [omni.isaac.motion_generation.world_interface] omni.isaac.motion_generation has been deprecated in favor of isaacsim.robot_motion.motion_generation. Please update your code accordingly.
[98.068s] [ext: isaacsim.robot.policy.examples-4.0.3] startup
[98.197s] [ext: omni.sensors.nv.common-2.5.0-coreapi] startup
[99.191s] [ext: omni.isaac.nucleus-1.0.3] startup
2025-08-23 00:20:47 [98,920ms] [Warning] [omni.isaac.nucleus] omni.isaac.nucleus has been deprecated in favor of isaacsim.storage.native. Please update your code accordingly.
2025-08-23 00:20:47 [98,943ms] [Warning] [omni.isaac.nucleus.nucleus] omni.isaac.nucleus.nucleus has been deprecated in favor of isaacsim.storage.native. Please update your code accordingly.
[99.244s] [ext: omni.isaac.quadruped-3.0.2] startup
2025-08-23 00:20:47 [98,999ms] [Warning] [omni.isaac.quadruped] omni.isaac.quadruped has been deprecated in favor of isaacsim.robot.policy.examples. Please update your code accordingly.
[99.299s] [ext: omni.sensors.nv.materials-1.4.0-coreapi] startup
[99.496s] [ext: isaacsim.sensors.camera-0.2.9] startup
[99.642s] [ext: omni.sensors.nv.wpm-2.4.0-coreapi] startup
[99.739s] [ext: omni.sensors.nv.lidar-2.6.3-coreapi] startup
[99.863s] [ext: isaacsim.util.debug_draw-2.0.2] startup
[100.076s] [ext: omni.sensors.tiled-0.0.6] startup
[100.184s] [ext: omni.sensors.nv.radar-2.6.1-coreapi] startup
[100.360s] [ext: omni.sensors.nv.ids-1.4.0-coreapi] startup
[100.496s] [ext: isaacsim.sensors.physx-2.2.4] startup
[100.670s] [ext: isaacsim.robot.manipulators.examples-1.0.3] startup
[100.730s] [ext: isaacsim.sensors.rtx-13.6.3] startup
[101.002s] [ext: omni.isaac.range_sensor-4.0.2] startup
[101.446s] [ext: isaacsim.cortex.framework-1.0.2] startup
[101.495s] [ext: omni.isaac.sensor-13.0.3] startup
2025-08-23 00:20:50 [101,211ms] [Warning] [omni.isaac.sensor] omni.isaac.sensor has been deprecated in favor of isaacsim.sensors.camera, isaacsim.sensors.physics, isaacsim.sensors.physx, and isaacsim.sensors.rtx. Please update your code accordingly.
2025-08-23 00:20:50 [101,235ms] [Warning] [omni.isaac.sensor.camera] omni.isaac.sensor.camera has been deprecated in favor of isaacsim.sensors.camera.camera. Please update your code accordingly.
2025-08-23 00:20:50 [101,244ms] [Warning] [omni.isaac.sensor.camera_view] omni.isaac.sensor.camera_view has been deprecated in favor of isaacsim.sensors.camera.camera_view. Please update your code accordingly.
2025-08-23 00:20:50 [101,255ms] [Warning] [omni.isaac.sensor.commands] omni.isaac.sensor.commands has been deprecated in favor of isaacsim.sensors.physics.commands, isaacsim.sensors.physx.commands, and isaacsim.sensors.rtx.commands. Please update your code accordingly.
2025-08-23 00:20:50 [101,270ms] [Warning] [omni.isaac.sensor.contact_sensor] omni.isaac.sensor.contact_sensor has been deprecated in favor of isaacsim.sensors.physics.contact_sensor. Please update your code accordingly.
2025-08-23 00:20:50 [101,283ms] [Warning] [omni.isaac.sensor.imu_sensor] omni.isaac.sensor.imu_sensor has been deprecated in favor of isaacsim.sensors.physics.imu_sensor. Please update your code accordingly.
2025-08-23 00:20:50 [101,298ms] [Warning] [omni.isaac.sensor.lidar_rtx] omni.isaac.sensor.lidar_rtx has been deprecated in favor of isaacsim.sensors.rtx.lidar_rtx. Please update your code accordingly.
2025-08-23 00:20:50 [101,310ms] [Warning] [omni.isaac.sensor.rotating_lidar_physX] omni.isaac.sensor.imu_sensor has been deprecated in favor of isaacsim.sensors.physix.rotating_lidar_physX. Please update your code accordingly.
2025-08-23 00:20:50 [101,377ms] [Warning] [omni.isaac.sensor.scripts.samples.contact_sensor] omni.isaac.sensor.scripts.samples.contact_sensor has been deprecated in favor of isaacsim.sensors.physics.scripts.samples.contact_sensor. Please update your code accordingly.
2025-08-23 00:20:50 [101,386ms] [Warning] [omni.isaac.sensor.scripts.samples.imu_sensor] omni.isaac.sensor.scripts.samples.imu_sensor has been deprecated in favor of isaacsim.sensors.physics.scripts.samples.imu_sensor. Please update your code accordingly.
2025-08-23 00:20:50 [101,392ms] [Warning] [omni.isaac.sensor.scripts.samples.lightbeam_sensor] omni.isaac.sensor.scripts.samples.lightbeam_sensor has been deprecated in favor of isaacsim.sensors.physx.scripts.samples.lightbeam_sensor. Please update your code accordingly.
[101.693s] [ext: omni.isaac.surface_gripper-2.0.2] startup
2025-08-23 00:20:50 [101,436ms] [Warning] [omni.isaac.surface_gripper] omni.isaac.surface_gripper has been deprecated in favor of isaacsim.robot.surface_gripper. Please update your code accordingly.
[101.736s] [ext: omni.kit.manipulator.transform-106.0.1] startup
[101.921s] [ext: omni.isaac.cortex-1.0.2] startup
2025-08-23 00:20:50 [101,647ms] [Warning] [omni.isaac.cortex] omni.isaac.cortex has been deprecated in favor of isaacsim.cortex.framework. Please update your code accordingly.
[101.948s] [ext: omni.kit.widget.toolbar-1.7.3] startup
[102.475s] [ext: omni.isaac.universal_robots-1.0.2] startup
2025-08-23 00:20:51 [102,193ms] [Warning] [omni.isaac.universal_robots] omni.isaac.universal_robots has been deprecated in favor of isaacsim.robot.manipulators.examples.universal_robots. Please update your code accordingly.
2025-08-23 00:20:51 [102,212ms] [Warning] [omni.isaac.universal_robots.kinematics_solver] omni.isaac.franka has been deprecated in favor of isaacsim.robot.manipulators.examples.universal_robots. Please update your code accordingly.
2025-08-23 00:20:51 [102,260ms] [Warning] [omni.isaac.universal_robots.ur10] omni.isaac.franka has been deprecated in favor of isaacsim.robot.manipulators.examples.universal_robots. Please update your code accordingly.
[102.560s] [ext: isaacsim.cortex.behaviors-2.0.3] startup
[102.608s] [ext: omni.kit.manipulator.tool.snap-1.5.12] startup
[102.918s] [ext: omni.kit.manipulator.selector-1.1.1] startup
[102.999s] [ext: omni.isaac.utils-2.0.2] startup
[103.103s] [ext: omni.isaac.cortex.sample_behaviors-2.0.2] startup
2025-08-23 00:20:51 [102,840ms] [Warning] [omni.isaac.cortex.sample_behaviors] omni.isaac.cortex.sample_behaviors has been deprecated in favor of isaacsim.cortex.behaviors. Please update your code accordingly.
[103.141s] [ext: omni.kit.viewport.manipulator.transform-107.0.4] startup
[103.386s] [ext: omni.graph.ui_nodes-1.40.1] startup
[103.664s] [ext: omni.fabric.commands-1.1.5] startup
[103.799s] [ext: omni.kit.manipulator.prim.core-107.0.7] startup
[104.139s] [ext: omni.kit.property.camera-1.0.9] startup
[104.301s] [ext: omni.kit.property.geometry-1.3.3] startup
[104.481s] [ext: omni.kit.property.light-1.0.11] startup
[104.561s] [ext: omni.kit.manipulator.prim.fabric-107.0.4] startup
[104.630s] [ext: omni.kit.manipulator.prim.usd-107.0.3] startup
[104.713s] [ext: omni.kit.property.material-1.10.17] startup
[105.439s] [ext: omni.kit.viewport.actions-107.0.0] startup
[105.565s] [ext: omni.debugdraw-0.1.3] startup
[105.972s] [ext: omni.kit.manipulator.prim-107.0.0] startup
[105.974s] [ext: omni.kit.manipulator.selection-106.0.1] startup
[106.916s] [ext: omni.kit.viewport.menubar.display-107.0.3] startup
[107.055s] [ext: omni.kit.widget.layers-1.8.2] startup
[107.668s] [ext: omni.hydra.scene_api-0.1.2] startup
[107.827s] [ext: omni.kit.property.render-1.1.3] startup
[108.006s] [ext: omni.physx.commands-106.5.7] startup
[108.111s] [ext: omni.usdphysics.ui-106.5.7] startup
[108.559s] [ext: omni.kit.property.transform-1.5.10] startup
[108.710s] [ext: omni.kit.property.audio-1.0.16] startup
[108.848s] [ext: isaacsim.gui.property-1.0.4] startup
[108.932s] [ext: omni.physx.ui-106.5.7] startup
[109.634s] [ext: omni.kit.property.bundle-1.3.2] startup
[109.731s] [ext: omni.kit.property.isaac-1.0.2] startup
2025-08-23 00:20:58 [109,481ms] [Warning] [omni.kit.property.isaac] omni.kit.property.isaac has been deprecated in favor of isaacsim.gui.property. Please update your code accordingly.
2025-08-23 00:20:58 [109,492ms] [Warning] [omni.kit.property.isaac.widgets] omni.kit.property.isaac.widgets has been deprecated in favor of isaacsim.gui.property.widgets. Please update your code accordingly.
[109.793s] [ext: omni.kit.property.physx-106.5.7] startup
[111.200s] [ext: omni.physx.demos-106.5.7] startup
[112.485s] [ext: omni.kit.viewport.menubar.camera-107.0.2] startup
[112.911s] [ext: omni.kit.viewport.menubar.lighting-106.0.2] startup
[113.038s] [ext: omni.kit.viewport.menubar.render-107.0.8] startup
[113.270s] [ext: omni.physx.vehicle-106.5.7] startup
[114.437s] [ext: omni.kit.viewport.menubar.settings-107.0.3] startup
[114.928s] [ext: omni.kit.window.console-0.2.14] startup
[115.222s] [ext: omni.kit.window.toolbar-1.6.2] startup
[115.338s] [ext: omni.physx.camera-106.5.7] startup
[115.810s] [ext: omni.physx.cct-106.5.7] startup
[116.209s] [ext: omni.physx.graph-106.5.7] startup
[116.853s] [ext: omni.physx.supportui-106.5.7] startup
[117.751s] [ext: isaacsim.replicator.writers-1.0.1] startup
[119.207s] [ext: omni.physx.telemetry-106.5.7] startup
[119.407s] [ext: omni.isaac.version-2.0.2] startup
2025-08-23 00:21:08 [119,127ms] [Warning] [omni.isaac.version] omni.isaac.version has been deprecated in favor of isaacsim.core.version. Please update your code accordingly.
[119.428s] [ext: isaacsim.robot.wheeled_robots-4.0.3] startup
[120.443s] [ext: isaacsim.replicator.domain_randomization-1.0.2] startup
[120.850s] [ext: isaacsim.replicator.examples-1.1.2] startup
[120.987s] [ext: omni.kit.window.status_bar-0.1.7] startup
[122.145s] [ext: omni.physx.bundle-106.5.7] startup
[122.147s] [ext: omni.usd.metrics.assembler-106.5.0] startup
[122.802s] [ext: omni.isaac.wheeled_robots-3.0.3] startup
2025-08-23 00:21:11 [122,627ms] [Warning] [omni.isaac.wheeled_robots] omni.isaac.wheeled_robots has been deprecated in favor of isaacsim.robot.wheeled_robots. Please update your code accordingly.
2025-08-23 00:21:11 [122,752ms] [Warning] [omni.isaac.wheeled_robots.controllers] omni.isaac.wheeled_robots has been deprecated in favor of isaacsim.robot.wheeled_robots. Please update your code accordingly.
2025-08-23 00:21:11 [122,789ms] [Warning] [omni.isaac.wheeled_robots.controllers.ackermann_controller] omni.isaac.wheeled_robots has been deprecated in favor of isaacsim.robot.wheeled_robots. Please update your code accordingly.
2025-08-23 00:21:11 [122,846ms] [Warning] [omni.isaac.wheeled_robots.controllers.differential_controller] omni.isaac.wheeled_robots has been deprecated in favor of isaacsim.robot.wheeled_robots. Please update your code accordingly.
2025-08-23 00:21:11 [122,882ms] [Warning] [omni.isaac.wheeled_robots.controllers.holonomic_controller] omni.isaac.wheeled_robots has been deprecated in favor of isaacsim.robot.wheeled_robots. Please update your code accordingly.
2025-08-23 00:21:11 [122,926ms] [Warning] [omni.isaac.wheeled_robots.controllers.quintic_path_planner] omni.isaac.wheeled_robots has been deprecated in favor of isaacsim.robot.wheeled_robots. Please update your code accordingly.
2025-08-23 00:21:11 [122,966ms] [Warning] [omni.isaac.wheeled_robots.controllers.stanley_control] omni.isaac.wheeled_robots has been deprecated in favor of isaacsim.robot.wheeled_robots. Please update your code accordingly.
2025-08-23 00:21:11 [123,011ms] [Warning] [omni.isaac.wheeled_robots.controllers.wheel_base_pose_controller] omni.isaac.wheeled_robots has been deprecated in favor of isaacsim.robot.wheeled_robots. Please update your code accordingly.
2025-08-23 00:21:11 [123,050ms] [Warning] [omni.isaac.wheeled_robots.impl] omni.isaac.wheeled_robots has been deprecated in favor of isaacsim.robot.wheeled_robots. Please update your code accordingly.
2025-08-23 00:21:12 [123,094ms] [Warning] [omni.isaac.wheeled_robots.robots] omni.isaac.wheeled_robots has been deprecated in favor of isaacsim.robot.wheeled_robots. Please update your code accordingly.
2025-08-23 00:21:12 [123,109ms] [Warning] [omni.isaac.wheeled_robots.robots.holonomic_robot_usd_setup] omni.isaac.wheeled_robots has been deprecated in favor of isaacsim.robot.wheeled_robots. Please update your code accordingly.
2025-08-23 00:21:12 [123,125ms] [Warning] [omni.isaac.wheeled_robots.robots.wheeled_robot] omni.isaac.wheeled_robots has been deprecated in favor of isaacsim.robot.wheeled_robots. Please update your code accordingly.
[123.426s] [ext: omni.isaac.franka-1.0.2] startup
2025-08-23 00:21:12 [123,159ms] [Warning] [omni.isaac.franka] omni.isaac.franka has been deprecated in favor of isaacsim.robot.manipulators.examples.franka. Please update your code accordingly.
2025-08-23 00:21:12 [123,181ms] [Warning] [omni.isaac.franka.franka] omni.isaac.franka has been deprecated in favor of isaacsim.robot.manipulators.examples.franka. Please update your code accordingly.
2025-08-23 00:21:12 [123,230ms] [Warning] [omni.isaac.franka.kinematics_solver] omni.isaac.franka has been deprecated in favor of isaacsim.robot.manipulators.examples.franka. Please update your code accordingly.
[123.531s] [ext: omni.replicator.isaac-2.0.3] startup
2025-08-23 00:21:12 [123,323ms] [Warning] [omni.replicator.isaac] omni.replicator.isaac has been deprecated in favor of isaacsim.replicator.domain_randomization, isaacsim.replicator.examples, isaacsim.replicator.writers. Please update your code accordingly.
[123.624s] [ext: omni.replicator.replicator_yaml-2.0.10] startup
[123.925s] [ext: omni.rtx.settings.core-0.6.3] startup
[124.227s] [ext: omni.usd.metrics.assembler.ui-106.5.0] startup
[124.562s] [ext: omni.kit.tool.asset_importer-2.12.3] startup
[125.048s] [ext: isaacsim.app.about-2.0.7] startup
[125.126s] [ext: semantics.schema.editor-0.3.10] startup
[125.380s] [ext: isaacsim.examples.browser-0.1.8] startup
[125.520s] [ext: isaacsim.simulation_app-2.4.2] startup
[125.522s] [ext: semantics.schema.property-1.0.5] startup
[125.608s] [ext: isaacsim.asset.importer.mjcf-2.3.7] startup
[125.870s] [ext: omni.isaac.window.about-2.0.2] startup
2025-08-23 00:21:14 [125,609ms] [Warning] [omni.isaac.window.about] omni.isaac.window.about has been deprecated in favor of isaacsim.app.about. Please update your code accordingly.
2025-08-23 00:21:14 [125,621ms] [Warning] [omni.isaac.window.about.about] omni.isaac.window.about.about has been deprecated in favor of isaacsim.app.about.about. Please update your code accordingly.
[125.922s] [ext: omni.kit.ui.actions-1.0.2] startup
[125.994s] [ext: isaacsim.asset.importer.urdf-2.3.14] startup
[126.278s] [ext: omni.isaac.kit-2.0.3] startup
2025-08-23 00:21:14 [125,983ms] [Warning] [omni.isaac.kit] omni.isaac.kit has been deprecated in favor of isaacsim.simulation_app. Please update your code accordingly.
[126.284s] [ext: omni.isaac.asset_browser-1.0.2] startup
2025-08-23 00:21:14 [126,001ms] [Warning] [omni.isaac.asset_browser] omni.isaac.asset_browser has been deprecated in favor of isaacsim.asset.browser. Please update your code accordingly.
[126.302s] [ext: isaacsim.core.throttling-2.0.2] startup
[126.350s] [ext: omni.flowusd-106.5.2] startup
2025-08-23 00:21:15 [126,137ms] [Warning] [omni.stageupdate.plugin] Deprecated: direct use of IStageUpdate callbacks is deprecated. Use IStageUpdate::getStageUpdate instead.
[126.470s] [ext: omni.kit.menu.common-1.1.9] startup
[126.520s] [ext: isaacsim.exp.base-4.5.0] startup
[126.522s] [ext: omnigibson_4_5_0-1.5.0] startup
[126.531s] Simulation App Starting
2025-08-23 00:21:15 [126,969ms] [Warning] [omni.kvdb.plugin] Disabling key-value database because another kit process is locking it
2025-08-23 00:21:15 [126,997ms] [Warning] [carb.audio.device] audio device is misconfigured or broken {deviceIndex = 0, name = 'default'} (The device is likely misconfigured, check your $HOME/.asoundrc)
2025-08-23 00:21:15 [126,997ms] [Warning] [carb.audio.output] failed to retrieve the capabilities for device 0 {result = eDeviceLost (2)}
2025-08-23 00:21:15 [126,997ms] [Warning] [carb.audio.context] failed to set the requested output during context creation.  Using a null streamer instead {result = eDeviceLost (2)}
[127.427s] app ready
2025-08-23 00:21:17 [128,237ms] [Warning] [rtx.neuraylib.plugin] [IRAY:RENDER]   1.1   IRAY   rend warn : CUDA device 0 (NVIDIA A100-SXM4-80GB): ECC is enabled, this will reduce rendering performance (it is strongly recommended to disable ECC with iray)
2025-08-23 00:21:17 [128,312ms] [Warning] [rtx.scenedb.plugin] SceneDbContext : TLAS limit buffer size 2705217792
2025-08-23 00:21:17 [128,312ms] [Warning] [rtx.scenedb.plugin] SceneDbContext : TLAS limit : valid true, within: false
2025-08-23 00:21:21 [132,871ms] [Warning] [omni.usd-abi.plugin] No setting was found for '/rtx-defaults-transient/meshlights/forceDisable'
2025-08-23 00:21:22 [133,647ms] [Warning] [omni.usd-abi.plugin] No setting was found for '/rtx-defaults/post/dlss/execMode'
2025-08-23 00:21:45 [156,361ms] [Warning] [rtx.postprocessing.plugin] DLSS-RR is not supported in the current build due to some known bugs with this GPU: NVIDIA A100-SXM4-80GB.Note that RTX Real-Time raytracing mode will not be able to denoise the output correctly.
[156.870s] Simulation App Startup Complete
2025-08-23 00:23:07 [238,813ms] [Warning] [carb] Failed to startup plugin carb.windowing-glfw.plugin (interfaces: [carb::windowing::IGLContext v1.0],[carb::windowing::IWindowing v1.5]) (impl: carb.windowing-glfw.plugin)
2025-08-23 00:23:49 [280,099ms] [Warning] [omni.syntheticdata.plugin] OgnSdPostRenderVarToHost : rendervar copy from texture directly to host buffer is counter-performant. Please use copy from texture to device buffer first.
2025-08-23 00:23:49 [280,169ms] [Warning] [omni.fabric.plugin] removePath called on non-existent path /Render/OmniverseKit/HydraTextures/Replicator/PostRender/SDGPipeline/Replicator_GpuInteropEntry 


                   ____________
                  /          / \
                 /          / /__
                /          / /  /\
               /__________/ /__/  \
               \   _____  \ \__\  /
                \  \  / \  \ \_/ /
                 \  \/___\  \   /
                  \__________\_/  
       ___                  _  ____ _ _                     
      / _ \ _ __ ___  _ __ (_)/ ___(_) |__  ___  ___  _ __  
     | | | | '_ ` _ \| '_ \| | |  _| | '_ \/ __|/ _ \| '_ \ 
     | |_| | | | | | | | | | | |_| | | |_) \__ \ (_) | | | |
      \___/|_| |_| |_|_| |_|_|\____|_|_.__/|___/\___/|_| |_|

[INFO] [omnigibson.simulator] ---------- Welcome to OmniGibson! ----------
2025-08-23 00:24:04 [295,536ms] [Warning] [omni.syntheticdata.plugin] SdRenderVarPtr missing valid input renderVar LdrColorSDhost
2025-08-23 00:24:04 [295,623ms] [Warning] [carb] Failed to startup plugin carb.windowing-glfw.plugin (interfaces: [carb::windowing::IGLContext v1.0],[carb::windowing::IWindowing v1.5]) (impl: carb.windowing-glfw.plugin)
[INFO] [omnigibson.simulator] Imported scene 0.
[WARNING] [omnigibson.objects.dataset_object] Category stages not found in average object specs! Defaulting to unit mass or density.
2025-08-23 00:24:08 [299,266ms] [Warning] [omnigibson.objects.dataset_object] Category stages not found in average object specs! Defaulting to unit mass or density.
[WARNING] [omnigibson.prims.material_prim] No compatible material prim class found for material at /World/scene_0/painting_0/Looks/Fabric_2 with asset path gltf/pbr.mdl and sub-identifier gltf_material. Using MaterialPrim as a fallback.
2025-08-23 00:24:09 [300,976ms] [Warning] [omnigibson.prims.material_prim] No compatible material prim class found for material at /World/scene_0/painting_0/Looks/Fabric_2 with asset path gltf/pbr.mdl and sub-identifier gltf_material. Using MaterialPrim as a fallback.
[WARNING] [omnigibson.objects.dataset_object] Category balcony not found in average object specs! Defaulting to unit mass or density.
2025-08-23 00:24:15 [306,415ms] [Warning] [omnigibson.objects.dataset_object] Category balcony not found in average object specs! Defaulting to unit mass or density.
[WARNING] [omnigibson.prims.material_prim] No compatible material prim class found for material at /World/scene_0/stairs_3/Looks/mig___tumba_wood with asset path gltf/pbr.mdl and sub-identifier gltf_material. Using MaterialPrim as a fallback.
2025-08-23 00:24:15 [306,545ms] [Warning] [omnigibson.prims.material_prim] No compatible material prim class found for material at /World/scene_0/stairs_3/Looks/mig___tumba_wood with asset path gltf/pbr.mdl and sub-identifier gltf_material. Using MaterialPrim as a fallback.
[WARNING] [omnigibson.objects.dataset_object] Category sink_cabinet not found in average object specs! Defaulting to unit mass or density.
2025-08-23 00:24:18 [309,223ms] [Warning] [omnigibson.objects.dataset_object] Category sink_cabinet not found in average object specs! Defaulting to unit mass or density.
[WARNING] [omnigibson.objects.dataset_object] Category sink_cabinet not found in average object specs! Defaulting to unit mass or density.
2025-08-23 00:24:19 [310,635ms] [Warning] [omnigibson.objects.dataset_object] Category sink_cabinet not found in average object specs! Defaulting to unit mass or density.
[WARNING] [omnigibson.objects.dataset_object] Category lamp not found in average object specs! Defaulting to unit mass or density.
2025-08-23 00:24:20 [311,701ms] [Warning] [omnigibson.objects.dataset_object] Category lamp not found in average object specs! Defaulting to unit mass or density.
[WARNING] [omnigibson.objects.dataset_object] Category seat not found in average object specs! Defaulting to unit mass or density.
2025-08-23 00:24:21 [312,521ms] [Warning] [omnigibson.objects.dataset_object] Category seat not found in average object specs! Defaulting to unit mass or density.
[WARNING] [omnigibson.objects.dataset_object] Category seat not found in average object specs! Defaulting to unit mass or density.
2025-08-23 00:24:22 [313,516ms] [Warning] [omnigibson.objects.dataset_object] Category seat not found in average object specs! Defaulting to unit mass or density.
[WARNING] [omnigibson.objects.dataset_object] Category clock not found in average object specs! Defaulting to unit mass or density.
2025-08-23 00:24:22 [313,840ms] [Warning] [omnigibson.objects.dataset_object] Category clock not found in average object specs! Defaulting to unit mass or density.
[WARNING] [omnigibson.objects.stateful_object] Ability 'particleSink' is incompatible with obj shower_10, because requirement ParticleRequirement was not met. Reason: Particle systems are not enabled when GPU dynamics is off.
2025-08-23 00:24:23 [314,970ms] [Warning] [omnigibson.objects.stateful_object] Ability 'particleSink' is incompatible with obj shower_10, because requirement ParticleRequirement was not met. Reason: Particle systems are not enabled when GPU dynamics is off.
[WARNING] [omnigibson.objects.stateful_object] Ability 'particleSink' is incompatible with obj shower_11, because requirement ParticleRequirement was not met. Reason: Particle systems are not enabled when GPU dynamics is off.
2025-08-23 00:24:25 [316,133ms] [Warning] [omnigibson.objects.stateful_object] Ability 'particleSink' is incompatible with obj shower_11, because requirement ParticleRequirement was not met. Reason: Particle systems are not enabled when GPU dynamics is off.
[WARNING] [omnigibson.objects.stateful_object] State AttachedTo is incompatible with obj mirror_12. Reason: LinkBasedStateMixin AttachedTo requires meta link with type ['attachment'] for obj mirror_12 but none was found! To get valid compatible object models, please use omnigibson.utils.asset_utils.get_all_object_category_models_with_abilities(...)
2025-08-23 00:24:25 [316,613ms] [Warning] [omnigibson.objects.stateful_object] State AttachedTo is incompatible with obj mirror_12. Reason: LinkBasedStateMixin AttachedTo requires meta link with type ['attachment'] for obj mirror_12 but none was found! To get valid compatible object models, please use omnigibson.utils.asset_utils.get_all_object_category_models_with_abilities(...)
[WARNING] [omnigibson.objects.stateful_object] State ContainedParticles is incompatible with obj wardrobe_13. Reason: LinkBasedStateMixin ContainedParticles requires meta link with type ['fillable', 'openfillable'] for obj wardrobe_13 but none was found! To get valid compatible object models, please use omnigibson.utils.asset_utils.get_all_object_category_models_with_abilities(...)
2025-08-23 00:24:25 [316,743ms] [Warning] [omnigibson.objects.stateful_object] State ContainedParticles is incompatible with obj wardrobe_13. Reason: LinkBasedStateMixin ContainedParticles requires meta link with type ['fillable', 'openfillable'] for obj wardrobe_13 but none was found! To get valid compatible object models, please use omnigibson.utils.asset_utils.get_all_object_category_models_with_abilities(...)
[WARNING] [omnigibson.objects.stateful_object] State Filled is incompatible with obj wardrobe_13. Reason: Missing required dependency state ContainedParticles
2025-08-23 00:24:25 [316,743ms] [Warning] [omnigibson.objects.stateful_object] State Filled is incompatible with obj wardrobe_13. Reason: Missing required dependency state ContainedParticles
[WARNING] [omnigibson.objects.stateful_object] State Contains is incompatible with obj wardrobe_13. Reason: Missing required dependency state ContainedParticles
2025-08-23 00:24:25 [316,744ms] [Warning] [omnigibson.objects.stateful_object] State Contains is incompatible with obj wardrobe_13. Reason: Missing required dependency state ContainedParticles
[WARNING] [omnigibson.objects.stateful_object] State AttachedTo is incompatible with obj wardrobe_13. Reason: LinkBasedStateMixin AttachedTo requires meta link with type ['attachment'] for obj wardrobe_13 but none was found! To get valid compatible object models, please use omnigibson.utils.asset_utils.get_all_object_category_models_with_abilities(...)
2025-08-23 00:24:25 [316,744ms] [Warning] [omnigibson.objects.stateful_object] State AttachedTo is incompatible with obj wardrobe_13. Reason: LinkBasedStateMixin AttachedTo requires meta link with type ['attachment'] for obj wardrobe_13 but none was found! To get valid compatible object models, please use omnigibson.utils.asset_utils.get_all_object_category_models_with_abilities(...)
[WARNING] [omnigibson.prims.material_prim] No compatible material prim class found for material at /World/scene_0/carpet_15/Looks/Material__1 with asset path gltf/pbr.mdl and sub-identifier gltf_material. Using MaterialPrim as a fallback.
2025-08-23 00:24:26 [317,755ms] [Warning] [omnigibson.prims.material_prim] No compatible material prim class found for material at /World/scene_0/carpet_15/Looks/Material__1 with asset path gltf/pbr.mdl and sub-identifier gltf_material. Using MaterialPrim as a fallback.
[WARNING] [omnigibson.objects.stateful_object] State ParticleRemover is incompatible with obj carpet_15. Reason: ParticleRemover requires gm.USE_GPU_DYNAMICS=True!
2025-08-23 00:24:26 [317,821ms] [Warning] [omnigibson.objects.stateful_object] State ParticleRemover is incompatible with obj carpet_15. Reason: ParticleRemover requires gm.USE_GPU_DYNAMICS=True!
[WARNING] [omnigibson.prims.material_prim] No compatible material prim class found for material at /World/scene_0/carpet_16/Looks/Material__1 with asset path gltf/pbr.mdl and sub-identifier gltf_material. Using MaterialPrim as a fallback.
2025-08-23 00:24:26 [317,875ms] [Warning] [omnigibson.prims.material_prim] No compatible material prim class found for material at /World/scene_0/carpet_16/Looks/Material__1 with asset path gltf/pbr.mdl and sub-identifier gltf_material. Using MaterialPrim as a fallback.
[WARNING] [omnigibson.objects.stateful_object] State ParticleRemover is incompatible with obj carpet_16. Reason: ParticleRemover requires gm.USE_GPU_DYNAMICS=True!
2025-08-23 00:24:26 [317,932ms] [Warning] [omnigibson.objects.stateful_object] State ParticleRemover is incompatible with obj carpet_16. Reason: ParticleRemover requires gm.USE_GPU_DYNAMICS=True!
[WARNING] [omnigibson.objects.dataset_object] Category seat not found in average object specs! Defaulting to unit mass or density.
2025-08-23 00:24:27 [318,513ms] [Warning] [omnigibson.objects.dataset_object] Category seat not found in average object specs! Defaulting to unit mass or density.
[WARNING] [omnigibson.objects.dataset_object] Category seat not found in average object specs! Defaulting to unit mass or density.
2025-08-23 00:24:28 [319,653ms] [Warning] [omnigibson.objects.dataset_object] Category seat not found in average object specs! Defaulting to unit mass or density.
[WARNING] [omnigibson.objects.stateful_object] State AttachedTo is incompatible with obj mirror_19. Reason: LinkBasedStateMixin AttachedTo requires meta link with type ['attachment'] for obj mirror_19 but none was found! To get valid compatible object models, please use omnigibson.utils.asset_utils.get_all_object_category_models_with_abilities(...)
2025-08-23 00:24:29 [320,246ms] [Warning] [omnigibson.objects.stateful_object] State AttachedTo is incompatible with obj mirror_19. Reason: LinkBasedStateMixin AttachedTo requires meta link with type ['attachment'] for obj mirror_19 but none was found! To get valid compatible object models, please use omnigibson.utils.asset_utils.get_all_object_category_models_with_abilities(...)
[WARNING] [omnigibson.prims.material_prim] No compatible material prim class found for material at /World/scene_0/shelf_21/Looks/Shader1 with asset path gltf/pbr.mdl and sub-identifier gltf_material. Using MaterialPrim as a fallback.
2025-08-23 00:24:30 [321,455ms] [Warning] [omnigibson.prims.material_prim] No compatible material prim class found for material at /World/scene_0/shelf_21/Looks/Shader1 with asset path gltf/pbr.mdl and sub-identifier gltf_material. Using MaterialPrim as a fallback.
[WARNING] [omnigibson.prims.material_prim] No compatible material prim class found for material at /World/scene_0/shelf_22/Looks/Shader1 with asset path gltf/pbr.mdl and sub-identifier gltf_material. Using MaterialPrim as a fallback.
2025-08-23 00:24:31 [322,917ms] [Warning] [omnigibson.prims.material_prim] No compatible material prim class found for material at /World/scene_0/shelf_22/Looks/Shader1 with asset path gltf/pbr.mdl and sub-identifier gltf_material. Using MaterialPrim as a fallback.
[WARNING] [omnigibson.prims.material_prim] No compatible material prim class found for material at /World/scene_0/shelf_23/Looks/Shader1 with asset path gltf/pbr.mdl and sub-identifier gltf_material. Using MaterialPrim as a fallback.
2025-08-23 00:24:33 [324,221ms] [Warning] [omnigibson.prims.material_prim] No compatible material prim class found for material at /World/scene_0/shelf_23/Looks/Shader1 with asset path gltf/pbr.mdl and sub-identifier gltf_material. Using MaterialPrim as a fallback.
[WARNING] [omnigibson.prims.material_prim] No compatible material prim class found for material at /World/scene_0/shelf_24/Looks/Shader1 with asset path gltf/pbr.mdl and sub-identifier gltf_material. Using MaterialPrim as a fallback.
2025-08-23 00:24:34 [325,566ms] [Warning] [omnigibson.prims.material_prim] No compatible material prim class found for material at /World/scene_0/shelf_24/Looks/Shader1 with asset path gltf/pbr.mdl and sub-identifier gltf_material. Using MaterialPrim as a fallback.
[WARNING] [omnigibson.prims.material_prim] No compatible material prim class found for material at /World/scene_0/shelf_25/Looks/Shader1 with asset path gltf/pbr.mdl and sub-identifier gltf_material. Using MaterialPrim as a fallback.
2025-08-23 00:24:35 [326,886ms] [Warning] [omnigibson.prims.material_prim] No compatible material prim class found for material at /World/scene_0/shelf_25/Looks/Shader1 with asset path gltf/pbr.mdl and sub-identifier gltf_material. Using MaterialPrim as a fallback.
[WARNING] [omnigibson.prims.material_prim] No compatible material prim class found for material at /World/scene_0/shelf_26/Looks/Shader1 with asset path gltf/pbr.mdl and sub-identifier gltf_material. Using MaterialPrim as a fallback.
2025-08-23 00:24:37 [328,207ms] [Warning] [omnigibson.prims.material_prim] No compatible material prim class found for material at /World/scene_0/shelf_26/Looks/Shader1 with asset path gltf/pbr.mdl and sub-identifier gltf_material. Using MaterialPrim as a fallback.
[WARNING] [omnigibson.prims.material_prim] No compatible material prim class found for material at /World/scene_0/picture_27/Looks/Fabric_2 with asset path gltf/pbr.mdl and sub-identifier gltf_material. Using MaterialPrim as a fallback.
2025-08-23 00:24:38 [329,534ms] [Warning] [omnigibson.prims.material_prim] No compatible material prim class found for material at /World/scene_0/picture_27/Looks/Fabric_2 with asset path gltf/pbr.mdl and sub-identifier gltf_material. Using MaterialPrim as a fallback.
[WARNING] [omnigibson.objects.stateful_object] State ContainedParticles is incompatible with obj wardrobe_28. Reason: LinkBasedStateMixin ContainedParticles requires meta link with type ['fillable', 'openfillable'] for obj wardrobe_28 but none was found! To get valid compatible object models, please use omnigibson.utils.asset_utils.get_all_object_category_models_with_abilities(...)
2025-08-23 00:24:38 [329,723ms] [Warning] [omnigibson.objects.stateful_object] State ContainedParticles is incompatible with obj wardrobe_28. Reason: LinkBasedStateMixin ContainedParticles requires meta link with type ['fillable', 'openfillable'] for obj wardrobe_28 but none was found! To get valid compatible object models, please use omnigibson.utils.asset_utils.get_all_object_category_models_with_abilities(...)
[WARNING] [omnigibson.objects.stateful_object] State Filled is incompatible with obj wardrobe_28. Reason: Missing required dependency state ContainedParticles
2025-08-23 00:24:38 [329,723ms] [Warning] [omnigibson.objects.stateful_object] State Filled is incompatible with obj wardrobe_28. Reason: Missing required dependency state ContainedParticles
[WARNING] [omnigibson.objects.stateful_object] State Contains is incompatible with obj wardrobe_28. Reason: Missing required dependency state ContainedParticles
2025-08-23 00:24:38 [329,723ms] [Warning] [omnigibson.objects.stateful_object] State Contains is incompatible with obj wardrobe_28. Reason: Missing required dependency state ContainedParticles
[WARNING] [omnigibson.objects.stateful_object] State AttachedTo is incompatible with obj wardrobe_28. Reason: LinkBasedStateMixin AttachedTo requires meta link with type ['attachment'] for obj wardrobe_28 but none was found! To get valid compatible object models, please use omnigibson.utils.asset_utils.get_all_object_category_models_with_abilities(...)
2025-08-23 00:24:38 [329,724ms] [Warning] [omnigibson.objects.stateful_object] State AttachedTo is incompatible with obj wardrobe_28. Reason: LinkBasedStateMixin AttachedTo requires meta link with type ['attachment'] for obj wardrobe_28 but none was found! To get valid compatible object models, please use omnigibson.utils.asset_utils.get_all_object_category_models_with_abilities(...)
[WARNING] [omnigibson.objects.stateful_object] State ContainedParticles is incompatible with obj wardrobe_29. Reason: LinkBasedStateMixin ContainedParticles requires meta link with type ['fillable', 'openfillable'] for obj wardrobe_29 but none was found! To get valid compatible object models, please use omnigibson.utils.asset_utils.get_all_object_category_models_with_abilities(...)
2025-08-23 00:24:38 [329,833ms] [Warning] [omnigibson.objects.stateful_object] State ContainedParticles is incompatible with obj wardrobe_29. Reason: LinkBasedStateMixin ContainedParticles requires meta link with type ['fillable', 'openfillable'] for obj wardrobe_29 but none was found! To get valid compatible object models, please use omnigibson.utils.asset_utils.get_all_object_category_models_with_abilities(...)
[WARNING] [omnigibson.objects.stateful_object] State Filled is incompatible with obj wardrobe_29. Reason: Missing required dependency state ContainedParticles
2025-08-23 00:24:38 [329,833ms] [Warning] [omnigibson.objects.stateful_object] State Filled is incompatible with obj wardrobe_29. Reason: Missing required dependency state ContainedParticles
[WARNING] [omnigibson.objects.stateful_object] State Contains is incompatible with obj wardrobe_29. Reason: Missing required dependency state ContainedParticles
2025-08-23 00:24:38 [329,834ms] [Warning] [omnigibson.objects.stateful_object] State Contains is incompatible with obj wardrobe_29. Reason: Missing required dependency state ContainedParticles
[WARNING] [omnigibson.objects.stateful_object] State AttachedTo is incompatible with obj wardrobe_29. Reason: LinkBasedStateMixin AttachedTo requires meta link with type ['attachment'] for obj wardrobe_29 but none was found! To get valid compatible object models, please use omnigibson.utils.asset_utils.get_all_object_category_models_with_abilities(...)
2025-08-23 00:24:38 [329,834ms] [Warning] [omnigibson.objects.stateful_object] State AttachedTo is incompatible with obj wardrobe_29. Reason: LinkBasedStateMixin AttachedTo requires meta link with type ['attachment'] for obj wardrobe_29 but none was found! To get valid compatible object models, please use omnigibson.utils.asset_utils.get_all_object_category_models_with_abilities(...)
[WARNING] [omnigibson.objects.stateful_object] State ContainedParticles is incompatible with obj wardrobe_30. Reason: LinkBasedStateMixin ContainedParticles requires meta link with type ['fillable', 'openfillable'] for obj wardrobe_30 but none was found! To get valid compatible object models, please use omnigibson.utils.asset_utils.get_all_object_category_models_with_abilities(...)
2025-08-23 00:24:38 [329,966ms] [Warning] [omnigibson.objects.stateful_object] State ContainedParticles is incompatible with obj wardrobe_30. Reason: LinkBasedStateMixin ContainedParticles requires meta link with type ['fillable', 'openfillable'] for obj wardrobe_30 but none was found! To get valid compatible object models, please use omnigibson.utils.asset_utils.get_all_object_category_models_with_abilities(...)
[WARNING] [omnigibson.objects.stateful_object] State Filled is incompatible with obj wardrobe_30. Reason: Missing required dependency state ContainedParticles
2025-08-23 00:24:38 [329,966ms] [Warning] [omnigibson.objects.stateful_object] State Filled is incompatible with obj wardrobe_30. Reason: Missing required dependency state ContainedParticles
[WARNING] [omnigibson.objects.stateful_object] State Contains is incompatible with obj wardrobe_30. Reason: Missing required dependency state ContainedParticles
2025-08-23 00:24:38 [329,967ms] [Warning] [omnigibson.objects.stateful_object] State Contains is incompatible with obj wardrobe_30. Reason: Missing required dependency state ContainedParticles
[WARNING] [omnigibson.objects.stateful_object] State AttachedTo is incompatible with obj wardrobe_30. Reason: LinkBasedStateMixin AttachedTo requires meta link with type ['attachment'] for obj wardrobe_30 but none was found! To get valid compatible object models, please use omnigibson.utils.asset_utils.get_all_object_category_models_with_abilities(...)
2025-08-23 00:24:38 [329,967ms] [Warning] [omnigibson.objects.stateful_object] State AttachedTo is incompatible with obj wardrobe_30. Reason: LinkBasedStateMixin AttachedTo requires meta link with type ['attachment'] for obj wardrobe_30 but none was found! To get valid compatible object models, please use omnigibson.utils.asset_utils.get_all_object_category_models_with_abilities(...)
[WARNING] [omnigibson.objects.stateful_object] State ContainedParticles is incompatible with obj wardrobe_31. Reason: LinkBasedStateMixin ContainedParticles requires meta link with type ['fillable', 'openfillable'] for obj wardrobe_31 but none was found! To get valid compatible object models, please use omnigibson.utils.asset_utils.get_all_object_category_models_with_abilities(...)
2025-08-23 00:24:39 [330,093ms] [Warning] [omnigibson.objects.stateful_object] State ContainedParticles is incompatible with obj wardrobe_31. Reason: LinkBasedStateMixin ContainedParticles requires meta link with type ['fillable', 'openfillable'] for obj wardrobe_31 but none was found! To get valid compatible object models, please use omnigibson.utils.asset_utils.get_all_object_category_models_with_abilities(...)
[WARNING] [omnigibson.objects.stateful_object] State Filled is incompatible with obj wardrobe_31. Reason: Missing required dependency state ContainedParticles
2025-08-23 00:24:39 [330,093ms] [Warning] [omnigibson.objects.stateful_object] State Filled is incompatible with obj wardrobe_31. Reason: Missing required dependency state ContainedParticles
[WARNING] [omnigibson.objects.stateful_object] State Contains is incompatible with obj wardrobe_31. Reason: Missing required dependency state ContainedParticles
2025-08-23 00:24:39 [330,093ms] [Warning] [omnigibson.objects.stateful_object] State Contains is incompatible with obj wardrobe_31. Reason: Missing required dependency state ContainedParticles
[WARNING] [omnigibson.objects.stateful_object] State AttachedTo is incompatible with obj wardrobe_31. Reason: LinkBasedStateMixin AttachedTo requires meta link with type ['attachment'] for obj wardrobe_31 but none was found! To get valid compatible object models, please use omnigibson.utils.asset_utils.get_all_object_category_models_with_abilities(...)
2025-08-23 00:24:39 [330,093ms] [Warning] [omnigibson.objects.stateful_object] State AttachedTo is incompatible with obj wardrobe_31. Reason: LinkBasedStateMixin AttachedTo requires meta link with type ['attachment'] for obj wardrobe_31 but none was found! To get valid compatible object models, please use omnigibson.utils.asset_utils.get_all_object_category_models_with_abilities(...)
[WARNING] [omnigibson.objects.dataset_object] Category lamp not found in average object specs! Defaulting to unit mass or density.
2025-08-23 00:24:40 [331,173ms] [Warning] [omnigibson.objects.dataset_object] Category lamp not found in average object specs! Defaulting to unit mass or density.
[WARNING] [omnigibson.objects.dataset_object] Category lamp not found in average object specs! Defaulting to unit mass or density.
2025-08-23 00:24:41 [332,553ms] [Warning] [omnigibson.objects.dataset_object] Category lamp not found in average object specs! Defaulting to unit mass or density.
[WARNING] [omnigibson.objects.dataset_object] Category lamp not found in average object specs! Defaulting to unit mass or density.
2025-08-23 00:24:42 [333,875ms] [Warning] [omnigibson.objects.dataset_object] Category lamp not found in average object specs! Defaulting to unit mass or density.
[WARNING] [omnigibson.objects.dataset_object] Category lamp not found in average object specs! Defaulting to unit mass or density.
2025-08-23 00:24:44 [335,230ms] [Warning] [omnigibson.objects.dataset_object] Category lamp not found in average object specs! Defaulting to unit mass or density.
[WARNING] [omnigibson.objects.stateful_object] State ContainedParticles is incompatible with obj wardrobe_38. Reason: LinkBasedStateMixin ContainedParticles requires meta link with type ['fillable', 'openfillable'] for obj wardrobe_38 but none was found! To get valid compatible object models, please use omnigibson.utils.asset_utils.get_all_object_category_models_with_abilities(...)
2025-08-23 00:24:45 [336,281ms] [Warning] [omnigibson.objects.stateful_object] State ContainedParticles is incompatible with obj wardrobe_38. Reason: LinkBasedStateMixin ContainedParticles requires meta link with type ['fillable', 'openfillable'] for obj wardrobe_38 but none was found! To get valid compatible object models, please use omnigibson.utils.asset_utils.get_all_object_category_models_with_abilities(...)
[WARNING] [omnigibson.objects.stateful_object] State Filled is incompatible with obj wardrobe_38. Reason: Missing required dependency state ContainedParticles
2025-08-23 00:24:45 [336,285ms] [Warning] [omnigibson.objects.stateful_object] State Filled is incompatible with obj wardrobe_38. Reason: Missing required dependency state ContainedParticles
[WARNING] [omnigibson.objects.stateful_object] State Contains is incompatible with obj wardrobe_38. Reason: Missing required dependency state ContainedParticles
2025-08-23 00:24:45 [336,285ms] [Warning] [omnigibson.objects.stateful_object] State Contains is incompatible with obj wardrobe_38. Reason: Missing required dependency state ContainedParticles
[WARNING] [omnigibson.objects.stateful_object] State AttachedTo is incompatible with obj wardrobe_38. Reason: LinkBasedStateMixin AttachedTo requires meta link with type ['attachment'] for obj wardrobe_38 but none was found! To get valid compatible object models, please use omnigibson.utils.asset_utils.get_all_object_category_models_with_abilities(...)
2025-08-23 00:24:45 [336,285ms] [Warning] [omnigibson.objects.stateful_object] State AttachedTo is incompatible with obj wardrobe_38. Reason: LinkBasedStateMixin AttachedTo requires meta link with type ['attachment'] for obj wardrobe_38 but none was found! To get valid compatible object models, please use omnigibson.utils.asset_utils.get_all_object_category_models_with_abilities(...)
[WARNING] [omnigibson.objects.stateful_object] State ContainedParticles is incompatible with obj wardrobe_39. Reason: LinkBasedStateMixin ContainedParticles requires meta link with type ['fillable', 'openfillable'] for obj wardrobe_39 but none was found! To get valid compatible object models, please use omnigibson.utils.asset_utils.get_all_object_category_models_with_abilities(...)
2025-08-23 00:24:45 [336,510ms] [Warning] [omnigibson.objects.stateful_object] State ContainedParticles is incompatible with obj wardrobe_39. Reason: LinkBasedStateMixin ContainedParticles requires meta link with type ['fillable', 'openfillable'] for obj wardrobe_39 but none was found! To get valid compatible object models, please use omnigibson.utils.asset_utils.get_all_object_category_models_with_abilities(...)
[WARNING] [omnigibson.objects.stateful_object] State Filled is incompatible with obj wardrobe_39. Reason: Missing required dependency state ContainedParticles
2025-08-23 00:24:45 [336,510ms] [Warning] [omnigibson.objects.stateful_object] State Filled is incompatible with obj wardrobe_39. Reason: Missing required dependency state ContainedParticles
[WARNING] [omnigibson.objects.stateful_object] State Contains is incompatible with obj wardrobe_39. Reason: Missing required dependency state ContainedParticles
2025-08-23 00:24:45 [336,511ms] [Warning] [omnigibson.objects.stateful_object] State Contains is incompatible with obj wardrobe_39. Reason: Missing required dependency state ContainedParticles
[WARNING] [omnigibson.objects.stateful_object] State AttachedTo is incompatible with obj wardrobe_39. Reason: LinkBasedStateMixin AttachedTo requires meta link with type ['attachment'] for obj wardrobe_39 but none was found! To get valid compatible object models, please use omnigibson.utils.asset_utils.get_all_object_category_models_with_abilities(...)
2025-08-23 00:24:45 [336,511ms] [Warning] [omnigibson.objects.stateful_object] State AttachedTo is incompatible with obj wardrobe_39. Reason: LinkBasedStateMixin AttachedTo requires meta link with type ['attachment'] for obj wardrobe_39 but none was found! To get valid compatible object models, please use omnigibson.utils.asset_utils.get_all_object_category_models_with_abilities(...)
[WARNING] [omnigibson.objects.stateful_object] State ContainedParticles is incompatible with obj wardrobe_40. Reason: LinkBasedStateMixin ContainedParticles requires meta link with type ['fillable', 'openfillable'] for obj wardrobe_40 but none was found! To get valid compatible object models, please use omnigibson.utils.asset_utils.get_all_object_category_models_with_abilities(...)
2025-08-23 00:24:45 [336,689ms] [Warning] [omnigibson.objects.stateful_object] State ContainedParticles is incompatible with obj wardrobe_40. Reason: LinkBasedStateMixin ContainedParticles requires meta link with type ['fillable', 'openfillable'] for obj wardrobe_40 but none was found! To get valid compatible object models, please use omnigibson.utils.asset_utils.get_all_object_category_models_with_abilities(...)
[WARNING] [omnigibson.objects.stateful_object] State Filled is incompatible with obj wardrobe_40. Reason: Missing required dependency state ContainedParticles
2025-08-23 00:24:45 [336,689ms] [Warning] [omnigibson.objects.stateful_object] State Filled is incompatible with obj wardrobe_40. Reason: Missing required dependency state ContainedParticles
[WARNING] [omnigibson.objects.stateful_object] State Contains is incompatible with obj wardrobe_40. Reason: Missing required dependency state ContainedParticles
2025-08-23 00:24:45 [336,690ms] [Warning] [omnigibson.objects.stateful_object] State Contains is incompatible with obj wardrobe_40. Reason: Missing required dependency state ContainedParticles
[WARNING] [omnigibson.objects.stateful_object] State AttachedTo is incompatible with obj wardrobe_40. Reason: LinkBasedStateMixin AttachedTo requires meta link with type ['attachment'] for obj wardrobe_40 but none was found! To get valid compatible object models, please use omnigibson.utils.asset_utils.get_all_object_category_models_with_abilities(...)
2025-08-23 00:24:45 [336,690ms] [Warning] [omnigibson.objects.stateful_object] State AttachedTo is incompatible with obj wardrobe_40. Reason: LinkBasedStateMixin AttachedTo requires meta link with type ['attachment'] for obj wardrobe_40 but none was found! To get valid compatible object models, please use omnigibson.utils.asset_utils.get_all_object_category_models_with_abilities(...)
[WARNING] [omnigibson.objects.dataset_object] Category dresser not found in average object specs! Defaulting to unit mass or density.
2025-08-23 00:24:45 [336,827ms] [Warning] [omnigibson.objects.dataset_object] Category dresser not found in average object specs! Defaulting to unit mass or density.
[WARNING] [omnigibson.objects.dataset_object] Category dresser not found in average object specs! Defaulting to unit mass or density.
2025-08-23 00:24:45 [336,932ms] [Warning] [omnigibson.objects.dataset_object] Category dresser not found in average object specs! Defaulting to unit mass or density.
[WARNING] [omnigibson.objects.dataset_object] Category dresser not found in average object specs! Defaulting to unit mass or density.
2025-08-23 00:24:45 [337,039ms] [Warning] [omnigibson.objects.dataset_object] Category dresser not found in average object specs! Defaulting to unit mass or density.
[WARNING] [omnigibson.objects.dataset_object] Category plant not found in average object specs! Defaulting to unit mass or density.
2025-08-23 00:24:52 [343,681ms] [Warning] [omnigibson.objects.dataset_object] Category plant not found in average object specs! Defaulting to unit mass or density.
[WARNING] [omnigibson.objects.dataset_object] Category couch not found in average object specs! Defaulting to unit mass or density.
2025-08-23 00:24:54 [345,374ms] [Warning] [omnigibson.objects.dataset_object] Category couch not found in average object specs! Defaulting to unit mass or density.
[ERROR] [__main__] openings hssd22491 negative scale detected: tensor([-1.0000,  1.0000,  1.0000])
2025-08-23 00:24:54 [345,694ms] [Error] [__main__] openings hssd22491 negative scale detected: tensor([-1.0000,  1.0000,  1.0000])
[WARNING] [omnigibson.objects.dataset_object] Category openings not found in average object specs! Defaulting to unit mass or density.
2025-08-23 00:24:54 [346,069ms] [Warning] [omnigibson.objects.dataset_object] Category openings not found in average object specs! Defaulting to unit mass or density.
[ERROR] [__main__] openings hssd22492 negative scale detected: tensor([-1.0000,  1.0000,  1.0000])
2025-08-23 00:24:55 [346,156ms] [Error] [__main__] openings hssd22492 negative scale detected: tensor([-1.0000,  1.0000,  1.0000])
[WARNING] [omnigibson.objects.dataset_object] Category openings not found in average object specs! Defaulting to unit mass or density.
2025-08-23 00:24:55 [346,576ms] [Warning] [omnigibson.objects.dataset_object] Category openings not found in average object specs! Defaulting to unit mass or density.
[ERROR] [__main__] openings hssd2092 negative scale detected: tensor([-1.0000,  1.0000,  1.0000])
2025-08-23 00:24:55 [346,664ms] [Error] [__main__] openings hssd2092 negative scale detected: tensor([-1.0000,  1.0000,  1.0000])
[WARNING] [omnigibson.objects.dataset_object] Category openings not found in average object specs! Defaulting to unit mass or density.
2025-08-23 00:24:56 [347,181ms] [Warning] [omnigibson.objects.dataset_object] Category openings not found in average object specs! Defaulting to unit mass or density.
[ERROR] [__main__] openings hssd22493 negative scale detected: tensor([-1.0000,  1.0000,  1.0000])
2025-08-23 00:24:56 [347,307ms] [Error] [__main__] openings hssd22493 negative scale detected: tensor([-1.0000,  1.0000,  1.0000])
[WARNING] [omnigibson.objects.dataset_object] Category openings not found in average object specs! Defaulting to unit mass or density.
2025-08-23 00:24:56 [347,499ms] [Warning] [omnigibson.objects.dataset_object] Category openings not found in average object specs! Defaulting to unit mass or density.
[ERROR] [__main__] openings hssd22494 negative scale detected: tensor([-1.0000,  1.0000,  1.0000])
2025-08-23 00:24:56 [347,533ms] [Error] [__main__] openings hssd22494 negative scale detected: tensor([-1.0000,  1.0000,  1.0000])
[WARNING] [omnigibson.objects.dataset_object] Category openings not found in average object specs! Defaulting to unit mass or density.
2025-08-23 00:24:56 [347,665ms] [Warning] [omnigibson.objects.dataset_object] Category openings not found in average object specs! Defaulting to unit mass or density.
[ERROR] [__main__] openings hssd22495 negative scale detected: tensor([-1.0000,  1.0000,  1.0000])
2025-08-23 00:24:56 [347,690ms] [Error] [__main__] openings hssd22495 negative scale detected: tensor([-1.0000,  1.0000,  1.0000])
[WARNING] [omnigibson.objects.dataset_object] Category openings not found in average object specs! Defaulting to unit mass or density.
2025-08-23 00:24:56 [348,051ms] [Warning] [omnigibson.objects.dataset_object] Category openings not found in average object specs! Defaulting to unit mass or density.
[ERROR] [__main__] openings hssd22489 negative scale detected: tensor([-1.0000,  1.0000,  1.0000])
2025-08-23 00:24:57 [348,126ms] [Error] [__main__] openings hssd22489 negative scale detected: tensor([-1.0000,  1.0000,  1.0000])
[WARNING] [omnigibson.objects.dataset_object] Category openings not found in average object specs! Defaulting to unit mass or density.
2025-08-23 00:24:57 [348,463ms] [Warning] [omnigibson.objects.dataset_object] Category openings not found in average object specs! Defaulting to unit mass or density.
[ERROR] [__main__] openings hssd22490 negative scale detected: tensor([-1.0000,  1.0000,  1.0000])
2025-08-23 00:24:57 [348,535ms] [Error] [__main__] openings hssd22490 negative scale detected: tensor([-1.0000,  1.0000,  1.0000])
[WARNING] [omnigibson.objects.dataset_object] Category openings not found in average object specs! Defaulting to unit mass or density.
2025-08-23 00:24:57 [348,862ms] [Warning] [omnigibson.objects.dataset_object] Category openings not found in average object specs! Defaulting to unit mass or density.
100%|| 1/1 [06:27<00:00, 387.21s/it]100%|| 1/1 [06:27<00:00, 387.21s/it]
2025-08-23 00:25:35 [386,267ms] [Warning] [carb] Failed to startup plugin carb.windowing-glfw.plugin (interfaces: [carb::windowing::IGLContext v1.0],[carb::windowing::IWindowing v1.5]) (impl: carb.windowing-glfw.plugin)
2025-08-23 00:25:36 [387,561ms] [Warning] [carb] Plugin interface for a client: omni.hydratexture.plugin was already released.
[388.087s] Simulation App Shutting Down
