/home/cgokmen/miniconda3/envs/behavior/bin/python: No module named omnigibson.examples.scenes.import_hssd_scenes
/home/cgokmen/miniconda3/envs/behavior/bin/python: No module named omnigibson.examples.scenes.import_hssd_scenes
/home/cgokmen/miniconda3/envs/behavior/bin/python: No module named omnigibson.examples.scenes.import_hssd_scenes
/home/cgokmen/miniconda3/envs/behavior/bin/python: No module named omnigibson.examples.scenes.import_hssd_scenes
/home/cgokmen/miniconda3/envs/behavior/bin/python: No module named omnigibson.examples.scenes.import_hssd_scenes
/home/cgokmen/miniconda3/envs/behavior/bin/python: No module named omnigibson.examples.scenes.import_hssd_scenes
/home/cgokmen/miniconda3/envs/behavior/bin/python: No module named omnigibson.examples.scenes.import_hssd_scenes
/home/cgokmen/miniconda3/envs/behavior/bin/python: No module named omnigibson.examples.scenes.import_hssd_scenes
/home/cgokmen/miniconda3/envs/behavior/bin/python: No module named omnigibson.examples.scenes.import_hssd_scenes
/home/cgokmen/miniconda3/envs/behavior/bin/python: No module named omnigibson.examples.scenes.import_hssd_scenes
/home/cgokmen/miniconda3/envs/behavior/bin/python: No module named omnigibson.examples.scenes.import_hssd_scenes
/home/cgokmen/miniconda3/envs/behavior/bin/python: No module named omnigibson.examples.scenes.import_hssd_scenes
/home/cgokmen/miniconda3/envs/behavior/bin/python: No module named omnigibson.examples.scenes.import_hssd_scenes
/home/cgokmen/miniconda3/envs/behavior/bin/python: No module named omnigibson.examples.scenes.import_hssd_scenes
/home/cgokmen/miniconda3/envs/behavior/bin/python: No module named omnigibson.examples.scenes.import_hssd_scenes
/home/cgokmen/miniconda3/envs/behavior/bin/python: No module named omnigibson.examples.scenes.import_hssd_scenes
/home/cgokmen/miniconda3/envs/behavior/bin/python: No module named omnigibson.examples.scenes.import_hssd_scenes
/home/cgokmen/miniconda3/envs/behavior/bin/python: No module named omnigibson.examples.scenes.import_hssd_scenes
/home/cgokmen/miniconda3/envs/behavior/bin/python: No module named omnigibson.examples.scenes.import_hssd_scenes
  0%|          | 0/1 [00:00<?, ?it/s][INFO] [omnigibson.simulator] ----- Starting OmniGibson. This will take 10-30 seconds... -----
Starting kit application with the following args:  ['/opt/hpcaas/.mounts/fs-0565f60d669b6a2d3/home/cgokmen/miniconda3/envs/behavior/lib/python3.10/site-packages/isaacsim/exts/isaacsim.simulation_app/isaacsim/simulation_app/simulation_app.py', '/opt/hpcaas/.mounts/fs-0565f60d669b6a2d3/home/cgokmen/miniconda3/envs/behavior/lib/python3.10/site-packages/isaacsim/apps/omnigibson_4_5_0.kit', '--/app/tokens/exe-path=/opt/hpcaas/.mounts/fs-0565f60d669b6a2d3/home/cgokmen/miniconda3/envs/behavior/lib/python3.10/site-packages/omni', '--/persistent/app/viewport/displayOptions=3094', '--/rtx/materialDb/syncLoads=True', '--/rtx/hydra/materialSyncLoads=True', '--/omni.kit.plugin/syncUsdLoads=True', '--/app/renderer/resolution/width=1280', '--/app/renderer/resolution/height=720', '--/app/window/width=1440', '--/app/window/height=900', '--/renderer/multiGpu/enabled=False', '--/app/fastShutdown=True', '--/app/installSignalHandlers=0', '--ext-folder', '/opt/hpcaas/.mounts/fs-0565f60d669b6a2d3/home/cgokmen/miniconda3/envs/behavior/lib/python3.10/site-packages/isaacsim/exts', '--ext-folder', '/opt/hpcaas/.mounts/fs-0565f60d669b6a2d3/home/cgokmen/miniconda3/envs/behavior/lib/python3.10/site-packages/isaacsim/apps', '--/physics/cudaDevice=0', '--portable', '--no-window', '--/app/window/hideUi=1']
Passing the following args to the base kit application:  ['117', '168']
[Info] [carb] Logging to file: /opt/hpcaas/.mounts/fs-0565f60d669b6a2d3/home/cgokmen/miniconda3/envs/behavior/lib/python3.10/site-packages/omni/logs/Kit/OmniGibson/3.7/kit_20250823_001909.log
2025-08-23 00:19:09 [0ms] [Warning] [omni.kit.app.plugin] No crash reporter present, dumps uploading isn't available.
[8.127s] [ext: omni.kit.async_engine-0.0.1] startup
[DEBUG] [asyncio] Using selector: EpollSelector
[49.992s] [ext: omni.metrics.core-0.0.1] startup
[50.009s] [ext: omni.client.lib-1.0.0] startup
[50.981s] [ext: omni.blobkey-1.1.2] startup
[50.995s] [ext: omni.stats-1.0.1] startup
[51.017s] [ext: omni.datastore-0.0.0] startup
[51.338s] [ext: omni.client-1.2.2] startup
[51.558s] [ext: omni.ujitso.default-1.0.0] startup
[51.589s] [ext: omni.hsscclient-1.1.1] startup
2025-08-23 00:20:00 [51,175ms] [Warning] [omni.datastore] OmniHub is inaccessible
2025-08-23 00:20:01 [52,174ms] [Error] [omni.datastore] Failed to acquire exclusive lock to data store (64>=64)
2025-08-23 00:20:01 [52,174ms] [Error] [omni.datastore] Failed to create local file data store at '/opt/hpcaas/.mounts/fs-0565f60d669b6a2d3/home/cgokmen/miniconda3/envs/behavior/lib/python3.10/site-packages/omni/cache/DerivedDataCache'
[52.654s] [ext: omni.gpu_foundation.shadercache.vulkan-1.0.0] startup
[52.710s] [ext: omni.assets.plugins-0.0.0] startup
[52.753s] [ext: omni.gpu_foundation-0.0.0] startup
[53.051s] [ext: carb.windowing.plugins-1.0.0] startup
2025-08-23 00:20:01 [52,640ms] [Warning] [carb.windowing-glfw.plugin] GLFW initialization failed.
2025-08-23 00:20:01 [52,641ms] [Warning] [carb] Failed to startup plugin carb.windowing-glfw.plugin (interfaces: [carb::windowing::IGLContext v1.0],[carb::windowing::IWindowing v1.5]) (impl: carb.windowing-glfw.plugin)
[53.085s] [ext: omni.kit.renderer.init-0.0.0] startup
2025-08-23 00:20:02 [52,745ms] [Warning] [omni.platforminfo.plugin] failed to open the default display.  Can't verify X Server version.
2025-08-23 00:20:02 [53,071ms] [Warning] [gpu.foundation.plugin] [ShaderCache]: 95 percent of the driver's shadercache size limit has been reached. Max size: 4000.00 MB, Currently used: 3926.25 MB. To avoid a persistent long startup or USD load time on every app launch, recommended to free space by deleting driver caches using one of the following methods:
- By running the app with --/renderer/shadercache/driverDiskCache/flush=true (only once).
- Or by manually deleting the following folders: '%LOCALAPPDATA%/NVIDIA/DXCache/Omniverse' (Windows-DX) or '$omni_cache/shaders/nv_shadercache' (Windows-Vulkan, Linux-Vulkan).
Driver caches will be re-generated which may take a few minutes on the next launch.
2025-08-23 00:20:10 [60,720ms] [Warning] [carb.cudainterop.plugin] CUDA_VISIBLE_DEVICES environment variable is set.
2025-08-23 00:20:10 [60,720ms] [Warning] [carb.cudainterop.plugin] Note CUDA device enumeration and Omniverse device enumeration are different.
2025-08-23 00:20:10 [60,720ms] [Warning] [carb.cudainterop.plugin] Setting CUDA_VISIBLE_DEVICES can lead to undesired behavior or crashes.

|---------------------------------------------------------------------------------------------|
| Driver Version: 570.172.08    | Graphics API: Vulkan
|=============================================================================================|
| GPU | Name                             | Active | LDA | GPU Memory | Vendor-ID | LUID       |
|     |                                  |        |     |            | Device-ID | UUID       |
|     |                                  |        |     |            | Bus-ID    |            |
|---------------------------------------------------------------------------------------------|
| 0   | NVIDIA A100-SXM4-80GB            | Yes: 0 |     | 147446  MB | 10de      | 0          |
|     |                                  |        |     |            | 20b2      | f0fd7ec5.. |
|     |                                  |        |     |            | 10        |            |
|=============================================================================================|
| OS: 22.04.5 LTS (Jammy Jellyfish) ubuntu, Version: 22.04.5, Kernel: 6.8.0-1033-aws
| Processor: Intel(R) Xeon(R) Platinum 8275CL CPU @ 3.00GHz
| Cores: 48 | Logical Cores: 96
|---------------------------------------------------------------------------------------------|
| Total Memory (MB): 1148721 | Free Memory: 1064797
| Total Page/Swap (MB): 0 | Free Page/Swap: 0
|---------------------------------------------------------------------------------------------|
2025-08-23 00:20:16 [67,344ms] [Warning] [gpu.foundation.plugin] ECC is enabled on physical device 0
[69.526s] [ext: omni.kit.pipapi-0.0.0] startup
[69.564s] [ext: omni.kit.pip_archive-0.0.0] startup
[69.601s] [ext: omni.services.pip_archive-0.13.11] startup
[69.627s] [ext: omni.materialx.libs-1.0.6] startup
[69.818s] [ext: omni.kit.telemetry-0.5.1] startup
[70.002s] [ext: omni.kit.loop-isaac-1.2.1] startup
[70.062s] [ext: omni.kit.test-1.1.2] startup
[71.458s] [ext: omni.usd.config-1.0.5] startup
[72.977s] [ext: omni.gpucompute.plugins-0.0.0] startup
[73.066s] [ext: omni.usd.libs-1.0.1] startup
[75.045s] [ext: omni.mdl-55.0.1] startup
[75.303s] [ext: omni.iray.libs-0.0.0] startup
[75.950s] [ext: omni.mdl.neuraylib-0.2.10] startup
[76.265s] [ext: omni.kit.usd.mdl-1.0.7] startup
[77.899s] [ext: omni.pip.compute-1.4.5] startup
[77.934s] [ext: omni.appwindow-1.1.9] startup
2025-08-23 00:20:26 [77,542ms] [Warning] [carb.windowing-glfw.plugin] GLFW initialization failed.
2025-08-23 00:20:26 [77,542ms] [Warning] [carb] Failed to startup plugin carb.windowing-glfw.plugin (interfaces: [carb::windowing::IGLContext v1.0],[carb::windowing::IWindowing v1.5]) (impl: carb.windowing-glfw.plugin)
[78.022s] [ext: omni.kit.renderer.core-1.0.2] startup
2025-08-23 00:20:27 [77,835ms] [Warning] [carb.windowing-glfw.plugin] GLFW initialization failed.
2025-08-23 00:20:27 [77,835ms] [Warning] [carb] Failed to startup plugin carb.windowing-glfw.plugin (interfaces: [carb::windowing::IGLContext v1.0],[carb::windowing::IWindowing v1.5]) (impl: carb.windowing-glfw.plugin)
2025-08-23 00:20:27 [77,870ms] [Warning] [carb.windowing-glfw.plugin] GLFW initialization failed.
2025-08-23 00:20:27 [77,870ms] [Warning] [carb] Failed to startup plugin carb.windowing-glfw.plugin (interfaces: [carb::windowing::IGLContext v1.0],[carb::windowing::IWindowing v1.5]) (impl: carb.windowing-glfw.plugin)
[78.360s] [ext: omni.kit.renderer.capture-0.0.0] startup
[78.592s] [ext: omni.kit.renderer.imgui-1.0.2] startup
2025-08-23 00:20:27 [78,531ms] [Warning] [carb.windowing-glfw.plugin] GLFW initialization failed.
2025-08-23 00:20:27 [78,531ms] [Warning] [carb] Failed to startup plugin carb.windowing-glfw.plugin (interfaces: [carb::windowing::IGLContext v1.0],[carb::windowing::IWindowing v1.5]) (impl: carb.windowing-glfw.plugin)
2025-08-23 00:20:27 [78,535ms] [Warning] [carb.windowing-glfw.plugin] GLFW initialization failed.
2025-08-23 00:20:27 [78,535ms] [Warning] [carb] Failed to startup plugin carb.windowing-glfw.plugin (interfaces: [carb::windowing::IGLContext v1.0],[carb::windowing::IWindowing v1.5]) (impl: carb.windowing-glfw.plugin)
2025-08-23 00:20:27 [78,537ms] [Warning] [carb.windowing-glfw.plugin] GLFW initialization failed.
2025-08-23 00:20:27 [78,537ms] [Warning] [carb] Failed to startup plugin carb.windowing-glfw.plugin (interfaces: [carb::windowing::IGLContext v1.0],[carb::windowing::IWindowing v1.5]) (impl: carb.windowing-glfw.plugin)
[83.187s] [ext: omni.ui-2.26.5] startup
[86.559s] [ext: omni.kit.mainwindow-1.0.3] startup
[86.695s] [ext: carb.audio-0.1.0] startup
[86.765s] [ext: omni.uiaudio-1.0.0] startup
[87.077s] [ext: omni.kit.uiapp-0.0.0] startup
[87.077s] [ext: omni.usd.schema.metrics.assembler-106.5.0] startup
[88.075s] [ext: omni.usd.schema.omniscripting-1.0.0] startup
[88.409s] [ext: omni.usd.schema.physx-106.5.7] startup
[89.252s] [ext: omni.usd.schema.audio-0.0.0] startup
[89.508s] [ext: omni.usd.schema.omnigraph-1.0.0] startup
[89.799s] [ext: omni.usd.schema.anim-0.0.0] startup
[90.757s] [ext: omni.usd.schema.semantics-0.0.0] startup
[91.070s] [ext: omni.usd.schema.geospatial-0.0.0] startup
[91.214s] [ext: omni.kit.window.popup_dialog-2.0.24] startup
[91.331s] [ext: omni.resourcemonitor-107.0.0] startup
[91.635s] [ext: omni.activity.core-1.0.1] startup
[91.761s] [ext: omni.timeline-1.0.11] startup
[91.996s] [ext: omni.usd_resolver-1.0.0] startup
[92.460s] [ext: omni.kit.widget.nucleus_connector-1.1.10] startup
[92.535s] [ext: usdrt.scenegraph-7.5.1] startup
[93.417s] [ext: omni.usd.core-1.4.2] startup
[93.458s] [ext: omni.kit.usd_undo-0.1.8] startup
[93.485s] [ext: omni.graph.exec-0.9.4] startup
[93.539s] [ext: omni.kit.actions.core-1.0.0] startup
[93.657s] [ext: omni.kit.audiodeviceenum-1.0.1] startup
[93.773s] [ext: omni.kit.exec.core-0.13.4] startup
[93.981s] [ext: omni.kit.commands-1.4.9] startup
[94.222s] [ext: omni.hydra.usdrt_delegate-7.5.1] startup
[94.887s] [ext: omni.hydra.scene_delegate-0.3.3] startup
[94.952s] [ext: omni.usd-1.12.4] startup
[95.817s] [ext: omni.kit.asset_converter-2.8.5] startup
[96.211s] [ext: isaacsim.robot.schema-3.1.2] startup
[96.571s] [ext: omni.pip.cloud-1.1.7] startup
[96.660s] [ext: omni.usd.schema.isaac-3.0.2] startup
[96.660s] [ext: omni.usd.schema.flow-107.0.0] startup
[96.701s] [ext: omni.inspect-1.0.1] startup
[96.783s] [ext: omni.kit.notification_manager-1.0.9] startup
[96.992s] [ext: omni.graph.core-2.181.8] startup
[97.072s] [ext: isaacsim.core.deprecation_manager-0.2.2] startup
[97.129s] [ext: omni.usd.schema.forcefield-106.5.7] startup
[97.239s] [ext: omni.kit.menu.core-1.1.2] startup
[97.270s] [ext: omni.kit.clipboard-1.0.5] startup
[97.357s] [ext: omni.kit.widget.context_menu-1.2.4] startup
[97.505s] [ext: omni.kit.widget.options_menu-1.1.6] startup
[97.789s] [ext: omni.kit.helper.file_utils-0.1.9] startup
[97.858s] [ext: omni.kit.widget.path_field-2.0.11] startup
[97.957s] [ext: omni.kit.property.adapter.core-1.0.2] startup
[98.254s] [ext: omni.kit.widget.options_button-1.0.3] startup
[98.380s] [ext: omni.kit.widget.filebrowser-2.10.52] startup
[98.738s] [ext: omni.kit.widget.browser_bar-2.0.10] startup
[98.830s] [ext: omni.kit.property.adapter.fabric-1.0.3] startup
[98.991s] [ext: omni.ui.scene-1.11.2] startup
[99.093s] [ext: omni.kit.numpy.common-0.1.2] startup
[99.158s] [ext: omni.kit.window.filepicker-2.11.7] startup
[100.148s] [ext: omni.kit.usd.layers-2.2.0] startup
[100.435s] [ext: omni.hydra.rtx.shadercache.vulkan-1.0.0] startup
[100.571s] [ext: omni.kit.window.file_importer-1.1.14] startup
[100.669s] [ext: omni.kit.menu.utils-1.7.7] startup
[101.041s] [ext: omni.kit.context_menu-1.8.3] startup
[101.187s] [ext: omni.ujitso.processor.texture-1.0.0] startup
[101.272s] [ext: omni.index.libs-380600.1777.0] startup
[101.272s] [ext: omni.volume-0.5.0] startup
[101.471s] [ext: omni.ujitso.client-0.0.0] startup
[101.538s] [ext: omni.index-1.0.1] startup
[101.598s] [ext: omni.kit.hotkeys.core-1.3.10] startup
[101.599s] [ext: omni.hydra.rtx-1.0.0] startup
2025-08-23 00:20:50 [101,308ms] [Warning] [omni.log] Source: omni.hydra was already registered.
[102.319s] [ext: omni.kit.material.library-1.5.15] startup
[102.541s] [ext: omni.convexdecomposition-106.5.7] startup
[102.698s] [ext: omni.kit.viewport.legacy_gizmos-1.0.16] startup
[102.781s] [ext: omni.kit.raycast.query-1.0.5] startup
[102.913s] [ext: omni.hydra.engine.stats-1.0.3] startup
[103.006s] [ext: omni.kvdb-106.5.7] startup
[103.182s] [ext: omni.usdphysics-106.5.7] startup
[103.245s] [ext: omni.physx.foundation-106.5.7] startup
[103.386s] [ext: omni.localcache-106.5.7] startup
[103.558s] [ext: isaacsim.core.version-2.0.2] startup
[103.636s] [ext: omni.physx.cooking-106.5.7] startup
[103.762s] [ext: omni.kit.viewport.scene_camera_model-1.0.5] startup
[103.918s] [ext: omni.kit.hydra_texture-1.4.0] startup
[104.016s] [ext: omni.physx-106.5.7] startup
[104.222s] [ext: omni.kit.window.drop_support-1.0.4] startup
[104.318s] [ext: omni.kit.widget.viewport-107.0.7] startup
[104.672s] [ext: omni.kit.viewport.registry-104.0.6] startup
[104.857s] [ext: omni.physx.stageupdate-106.5.7] startup
[105.093s] [ext: omni.kit.viewport.window-107.0.8] startup
[105.558s] [ext: isaacsim.storage.native-1.0.6] startup
[105.668s] [ext: omni.isaac.dynamic_control-1.3.16] startup
2025-08-23 00:20:55 [105,894ms] [Warning] [omni.isaac.dynamic_control] omni.isaac.dynamic_control is deprecated as of Isaac Sim 4.5. No action is needed from end-users.
[106.362s] [ext: omni.warp.core-1.5.0] startup
[107.155s] [ext: omni.kit.widget.searchfield-1.1.8] startup
[107.214s] [ext: omni.kit.window.file_exporter-1.0.31] startup
[107.340s] [ext: omni.kit.widget.filter-1.1.4] startup
[107.391s] [ext: isaacsim.core.utils-2.2.8] startup
[107.526s] [ext: omni.kit.stage_template.core-1.1.22] startup
[107.596s] [ext: omni.kit.widget.stage-2.11.6] startup
[108.292s] [ext: omni.kit.widget.stage_icons-1.0.6] startup
[108.376s] [ext: omni.kit.window.file-1.3.57] startup
[108.568s] [ext: omni.kit.window.content_browser_registry-0.0.6] startup
[108.626s] [ext: omni.kit.widget.searchable_combobox-1.0.6] startup
[108.700s] [ext: omni.kit.window.stage-2.5.11] startup
[108.870s] [ext: omni.kit.window.content_browser-2.10.3] startup
[109.258s] [ext: omni.kit.usd.collect-2.2.22] startup
[109.387s] [ext: omni.kit.widget.settings-1.2.2] startup
[109.519s] [ext: omni.kit.menu.stage-1.2.5] startup
[109.613s] [ext: omni.kit.widget.prompt-1.0.7] startup
[109.673s] [ext: omni.kit.window.preferences-1.7.0] startup
[110.574s] [ext: omni.kit.viewport.utility-1.0.18] startup
[110.692s] [ext: omni.kit.xr.configurations-106.5.13] startup
[110.692s] [ext: omni.kit.widget.zoombar-1.0.5] startup
[110.886s] [ext: omni.rtx.window.settings-0.6.17] startup
[111.164s] [ext: omni.kit.manipulator.camera-106.0.3] startup
[111.412s] [ext: omni.kit.xr.core-106.5.13] startup
[115.789s] [ext: omni.physics.tensors-106.5.7] startup
[116.025s] [ext: omni.kit.browser.core-2.3.11] startup
[116.492s] [ext: omni.kit.xr.ui.window.viewport-106.5.13] startup
[117.293s] [ext: omni.physx.tensors-106.5.7] startup
[117.446s] [ext: omni.kit.browser.folder.core-1.10.1] startup
[117.952s] [ext: omni.kit.xr.scene_view.core-106.5.13] startup
[118.067s] [ext: isaacsim.core.simulation_manager-0.3.3] startup
[118.771s] [ext: omni.kit.tool.collect-2.2.16] startup
[119.019s] [ext: omni.services.facilities.base-1.0.4] startup
[119.267s] [ext: isaacsim.core.prims-0.3.7] startup
[120.074s] [ext: isaacsim.asset.browser-1.3.4] startup
[121.111s] [ext: omni.graph.tools-1.79.1] startup
[DEBUG] [AutoNode] Defining data type 'any' as 'Any'
[DEBUG] [AutoNode] Defining data type 'bool' as 'Bool' and array 'BoolArray
[DEBUG] [AutoNode] Defining data type 'bundle' as 'Bundle'
[DEBUG] [AutoNode] Defining data type 'colord[3]' as 'Color3d' and array 'Color3dArray
[DEBUG] [AutoNode] Defining data type 'colorf[3]' as 'Color3f' and array 'Color3fArray
[DEBUG] [AutoNode] Defining data type 'colorh[3]' as 'Color3h' and array 'Color3hArray
[DEBUG] [AutoNode] Defining data type 'colord[4]' as 'Color4d' and array 'Color4dArray
[DEBUG] [AutoNode] Defining data type 'colorf[4]' as 'Color4f' and array 'Color4fArray
[DEBUG] [AutoNode] Defining data type 'colorh[4]' as 'Color4h' and array 'Color4hArray
[DEBUG] [AutoNode] Defining data type 'double' as 'Double' and array 'DoubleArray
[DEBUG] [AutoNode] Defining data type 'double[2]' as 'Double2' and array 'Double2Array
[DEBUG] [AutoNode] Defining data type 'double[3]' as 'Double3' and array 'Double3Array
[DEBUG] [AutoNode] Defining data type 'double[4]' as 'Double4' and array 'Double4Array
[DEBUG] [AutoNode] Defining data type 'execution' as 'Execution'
[DEBUG] [AutoNode] Defining data type 'float' as 'Float' and array 'FloatArray
[DEBUG] [AutoNode] Defining data type 'float[2]' as 'Float2' and array 'Float2Array
[DEBUG] [AutoNode] Defining data type 'float[3]' as 'Float3' and array 'Float3Array
[DEBUG] [AutoNode] Defining data type 'float[4]' as 'Float4' and array 'Float4Array
[DEBUG] [AutoNode] Defining data type 'frame[4]' as 'Frame' and array 'FrameArray
[DEBUG] [AutoNode] Defining data type 'half' as 'Half' and array 'HalfArray
[DEBUG] [AutoNode] Defining data type 'half[2]' as 'Half2' and array 'Half2Array
[DEBUG] [AutoNode] Defining data type 'half[3]' as 'Half3' and array 'Half3Array
[DEBUG] [AutoNode] Defining data type 'half[4]' as 'Half4' and array 'Half4Array
[DEBUG] [AutoNode] Defining data type 'int' as 'Int' and array 'IntArray
[DEBUG] [AutoNode] Defining data type 'int[2]' as 'Int2' and array 'Int2Array
[DEBUG] [AutoNode] Defining data type 'int[3]' as 'Int3' and array 'Int3Array
[DEBUG] [AutoNode] Defining data type 'int[4]' as 'Int4' and array 'Int4Array
[DEBUG] [AutoNode] Defining data type 'int64' as 'Int64' and array 'Int64Array
[DEBUG] [AutoNode] Defining data type 'matrixd[2]' as 'Matrix2d' and array 'Matrix2dArray
[DEBUG] [AutoNode] Defining data type 'matrixd[3]' as 'Matrix3d' and array 'Matrix3dArray
[DEBUG] [AutoNode] Defining data type 'matrixd[4]' as 'Matrix4d' and array 'Matrix4dArray
[DEBUG] [AutoNode] Defining data type 'normald[3]' as 'Normal3d' and array 'Normal3dArray
[DEBUG] [AutoNode] Defining data type 'normalf[3]' as 'Normal3f' and array 'Normal3fArray
[DEBUG] [AutoNode] Defining data type 'normalh[3]' as 'Normal3h' and array 'Normal3hArray
[DEBUG] [AutoNode] Defining data type 'objectId' as 'ObjectId' and array 'ObjectIdArray
[DEBUG] [AutoNode] Defining data type 'path' as 'Path'
[DEBUG] [AutoNode] Defining data type 'pointd[3]' as 'Point3d' and array 'Point3dArray
[DEBUG] [AutoNode] Defining data type 'pointf[3]' as 'Point3f' and array 'Point3fArray
[DEBUG] [AutoNode] Defining data type 'pointh[3]' as 'Point3h' and array 'Point3hArray
[DEBUG] [AutoNode] Defining data type 'quatd[4]' as 'Quatd' and array 'QuatdArray
[DEBUG] [AutoNode] Defining data type 'quatf[4]' as 'Quatf' and array 'QuatfArray
[DEBUG] [AutoNode] Defining data type 'quath[4]' as 'Quath' and array 'QuathArray
[DEBUG] [AutoNode] Defining data type 'string' as 'String'
[DEBUG] [AutoNode] Defining data type 'target' as 'Target'
[DEBUG] [AutoNode] Defining data type 'texcoordd[2]' as 'TexCoord2d' and array 'TexCoord2dArray
[DEBUG] [AutoNode] Defining data type 'texcoordf[2]' as 'TexCoord2f' and array 'TexCoord2fArray
[DEBUG] [AutoNode] Defining data type 'texcoordh[2]' as 'TexCoord2h' and array 'TexCoord2hArray
[DEBUG] [AutoNode] Defining data type 'texcoordd[3]' as 'TexCoord3d' and array 'TexCoord3dArray
[DEBUG] [AutoNode] Defining data type 'texcoordf[3]' as 'TexCoord3f' and array 'TexCoord3fArray
[DEBUG] [AutoNode] Defining data type 'texcoordh[3]' as 'TexCoord3h' and array 'TexCoord3hArray
[DEBUG] [AutoNode] Defining data type 'timecode' as 'Timecode' and array 'TimecodeArray
[DEBUG] [AutoNode] Defining data type 'token' as 'Token' and array 'TokenArray
[DEBUG] [AutoNode] Defining data type 'uchar' as 'UChar' and array 'UCharArray
[DEBUG] [AutoNode] Defining data type 'uint' as 'UInt' and array 'UIntArray
[DEBUG] [AutoNode] Defining data type 'uint64' as 'UInt64' and array 'UInt64Array
[DEBUG] [AutoNode] Defining data type 'vectord[3]' as 'Vector3d' and array 'Vector3dArray
[DEBUG] [AutoNode] Defining data type 'vectorf[3]' as 'Vector3f' and array 'Vector3fArray
[DEBUG] [AutoNode] Defining data type 'vectorh[3]' as 'Vector3h' and array 'Vector3hArray
[122.135s] [ext: omni.services.core-1.9.0] startup
[124.722s] [ext: omni.kit.primitive.mesh-1.0.17] startup
[124.870s] [ext: omni.kit.widget.highlight_label-1.0.3] startup
[124.898s] [ext: omni.services.transport.server.base-1.1.1] startup
[124.974s] [ext: omni.kit.stage_templates-1.2.6] startup
[125.068s] [ext: omni.kit.window.property-1.11.5] startup
[125.137s] [ext: omni.services.transport.server.zeroconf-1.0.9] startup
[125.324s] [ext: isaacsim.core.api-4.2.16] startup
[125.611s] [ext: omni.kit.property.adapter.usd-1.0.2] startup
[125.665s] [ext: omni.kit.xr.advertise-106.5.13] startup
[125.713s] [ext: omni.isaac.assets_check-0.3.9] startup
2025-08-23 00:21:14 [125,308ms] [Warning] [omni.isaac.assets_check] omni.isaac.assets_check has been deprecated in favor of isaacsim.asset.browser. Please update your code accordingly.
[125.749s] [ext: omni.graph-1.140.2] startup
[126.159s] [ext: omni.kit.property.usd-4.2.16] startup
[126.254s] [ext: omni.graph.action_core-1.1.7] startup
[126.309s] [ext: omni.kit.menu.create-1.0.17] startup
[126.353s] [ext: omni.kit.widget.text_editor-1.0.2] startup
[126.396s] [ext: omni.graph.action_nodes-1.40.1] startup
[126.467s] [ext: isaacsim.core.cloner-1.3.4] startup
[126.496s] [ext: omni.kit.scripting-106.5.2] startup
[126.666s] [ext: omni.graph.scriptnode-1.40.1] startup
[126.732s] [ext: omni.graph.action-1.120.0] startup
[126.764s] [ext: omni.isaac.cloner-1.0.2] startup
2025-08-23 00:21:15 [126,359ms] [Warning] [omni.isaac.cloner] omni.isaac.cloner has been deprecated in favor of isaacsim.core.cloner. Please update your code accordingly.
[126.804s] [ext: isaacsim.replicator.behavior-1.0.8] startup
[126.865s] [ext: omni.ui_query-1.1.7] startup
[126.926s] [ext: omni.kit.widget.graph-1.12.17] startup
[127.159s] [ext: omni.kit.manipulator.viewport-107.0.1] startup
[127.209s] [ext: omni.kit.ui_test-1.3.3] startup
[127.270s] [ext: omni.kit.graph.delegate.default-1.2.2] startup
[127.350s] [ext: omni.kit.window.extensions-1.4.25] startup
[127.665s] [ext: omni.graph.visualization.nodes-2.1.1] startup
[127.828s] [ext: omni.graph.image.core-0.6.0] startup
[127.855s] [ext: omni.kit.graph.editor.core-1.5.3] startup
[127.954s] [ext: isaacsim.gui.components-1.0.9] startup
[128.042s] [ext: omni.kit.widget.material_preview-1.0.16] startup
[128.081s] [ext: omni.kit.graph.usd.commands-1.3.1] startup
[128.104s] [ext: omni.graph.image.nodes-1.3.0] startup
[128.137s] [ext: isaacsim.robot_motion.lula-4.0.4] startup
[128.325s] [ext: omni.kit.viewport.menubar.core-107.1.2] startup
[128.610s] [ext: omni.kit.window.material_graph-1.8.19] startup
[129.080s] [ext: omni.isaac.core-4.0.3] startup
2025-08-23 00:21:18 [128,677ms] [Warning] [omni.isaac.core.physics_context.physics_context] omni.isaac.core.physics_context.physics_context has been deprecated in favor of isaacsim.core.api.physics_context.physics_context. Please update your code accordingly.
2025-08-23 00:21:18 [128,694ms] [Warning] [omni.isaac.core.simulation_context.simulation_context] omni.isaac.core.simulation_context.simulation_context has been deprecated in favor of isaacsim.core.api.simulation_context.simulation_context. Please update your code accordingly.
2025-08-23 00:21:18 [128,713ms] [Warning] [omni.isaac.core.world.world] omni.isaac.core.world.world has been deprecated in favor of isaacsim.core.api.world.world. Please update your code accordingly.
2025-08-23 00:21:18 [128,713ms] [Warning] [omni.isaac.core] omni.isaac.core has been deprecated in favor of isaacsim.core.api. Please update your code accordingly.
[129.156s] [ext: isaacsim.robot_motion.motion_generation-8.0.6] startup
[129.367s] [ext: omni.graph.nodes-1.162.1] startup
[129.743s] [ext: omni.syntheticdata-0.6.10] startup
[129.894s] [ext: omni.kit.xr.system.cloudxr-106.5.13] startup
[129.995s] [ext: isaacsim.robot_motion.lula_test_widget-1.0.5] startup
[130.070s] [ext: omni.kit.xr.telemetry-106.5.13] startup
[130.183s] [ext: omni.kit.data2ui.core-1.0.27] startup
[130.285s] [ext: omni.kit.xr.ui.window.profile-106.5.13] startup
[130.662s] [ext: omni.kit.data2ui.usd-1.0.27] startup
[131.106s] [ext: omni.warp-1.5.0] startup
[131.260s] [ext: omni.no_code_ui.bundle-1.0.27] startup
[131.260s] [ext: omni.replicator.core-1.11.35] startup
Warp 1.5.0 initialized:
   CUDA Toolkit 11.8, Driver 12.8
   Devices:
     "cpu"      : "x86_64"
     "cuda:0"   : "NVIDIA A100-SXM4-80GB" (79 GiB, sm_80, mempool enabled)
   Kernel cache:
     /home/cgokmen/.cache/warp/1.5.0
2025-08-23 00:21:22 [132,753ms] [Warning] [omni.replicator.core.scripts.extension] No material configuration file, adding configuration to material settings directly.
[133.202s] [ext: omni.isaac.lula-4.0.2] startup
2025-08-23 00:21:22 [132,798ms] [Warning] [omni.isaac.lula] omni.isaac.lula has been deprecated in favor of isaacsim.robot_motion.lula. Please update your code accordingly.
[133.240s] [ext: omni.isaac.lula_test_widget-1.0.2] startup
2025-08-23 00:21:22 [132,868ms] [Warning] [omni.isaac.lula_test_widget] omni.isaac.lula_test_widget has been deprecated in favor of isaacsim.robot_motion.lula_test_widget. Please update your code accordingly.
[133.310s] [ext: omni.kit.xr.profile.common-106.5.13] startup
[133.690s] [ext: omni.kit.xr.scene_view.utils-106.5.13] startup
[144.662s] [ext: isaacsim.core.nodes-2.1.4] startup
[144.836s] [ext: isaacsim.robot.surface_gripper-2.0.6] startup
[144.928s] [ext: omni.kit.xr.system.openxr-106.5.13] startup
[145.197s] [ext: omni.kit.xr.system.steamvr-106.5.13] startup
[145.321s] [ext: omni.kit.xr.ui.stage-106.5.13] startup
[146.090s] [ext: omni.kit.selection-0.1.5] startup
[146.151s] [ext: isaacsim.robot.manipulators-3.0.4] startup
[146.298s] [ext: omni.isaac.core_nodes-2.0.2] startup
2025-08-23 00:21:35 [145,889ms] [Warning] [omni.isaac.core_nodes] omni.isaac.core_nodes has been deprecated in favor of isaacsim.core.nodes. Please update your code accordingly.
[146.330s] [ext: omni.anim.curve.core-1.2.0] startup
[146.724s] [ext: omni.kit.xr.profile.vr-106.5.13] startup
[146.827s] [ext: isaacsim.gui.menu-2.0.9] startup
[147.060s] [ext: omni.isaac.manipulators-3.0.3] startup
2025-08-23 00:21:35 [146,649ms] [Warning] [omni.isaac.manipulators] omni.isaac.manipulators has been deprecated in favor of isaacsim.robot.manipulators. Please update your code accordingly.
2025-08-23 00:21:36 [146,668ms] [Warning] [omni.isaac.manipulators.controllers] omni.isaac.manipulators has been deprecated in favor of isaacsim.robot.manipulators. Please update your code accordingly.
2025-08-23 00:21:36 [146,687ms] [Warning] [omni.isaac.manipulators.controllers.pick_place_controller] omni.isaac.manipulators has been deprecated in favor of isaacsim.robot.manipulators. Please update your code accordingly.
2025-08-23 00:21:36 [146,745ms] [Warning] [omni.isaac.manipulators.controllers.stacking_controller] omni.isaac.manipulators has been deprecated in favor of isaacsim.robot.manipulators. Please update your code accordingly.
2025-08-23 00:21:36 [146,757ms] [Warning] [omni.isaac.manipulators.grippers] omni.isaac.manipulators has been deprecated in favor of isaacsim.robot.manipulators. Please update your code accordingly.
2025-08-23 00:21:36 [146,764ms] [Warning] [omni.isaac.manipulators.grippers.gripper] omni.isaac.manipulators has been deprecated in favor of isaacsim.robot.manipulators. Please update your code accordingly.
2025-08-23 00:21:36 [146,773ms] [Warning] [omni.isaac.manipulators.grippers.parallel_gripper] omni.isaac.manipulators has been deprecated in favor of isaacsim.robot.manipulators. Please update your code accordingly.
2025-08-23 00:21:36 [146,784ms] [Warning] [omni.isaac.manipulators.grippers.surface_gripper] omni.isaac.manipulators has been deprecated in favor of isaacsim.robot.manipulators. Please update your code accordingly.
2025-08-23 00:21:36 [146,797ms] [Warning] [omni.isaac.manipulators.manipulators] omni.isaac.manipulators has been deprecated in favor of isaacsim.robot.manipulators. Please update your code accordingly.
2025-08-23 00:21:36 [146,807ms] [Warning] [omni.isaac.manipulators.manipulators.single_manipulator] omni.isaac.manipulators has been deprecated in favor of isaacsim.robot.manipulators. Please update your code accordingly.
[147.248s] [ext: isaacsim.sensors.physics-0.3.5] startup
[147.388s] [ext: omni.isaac.menu-1.0.2] startup
2025-08-23 00:21:36 [146,970ms] [Warning] [omni.isaac.menu] omni.isaac.menu has been deprecated in favor of isaacsim.gui.menu. Please update your code accordingly.
[147.412s] [ext: omni.isaac.motion_generation-8.0.2] startup
2025-08-23 00:21:36 [147,022ms] [Warning] [omni.isaac.motion_generation] omni.isaac.motion_generation has been deprecated in favor of isaacsim.robot_motion.motion_generation. Please update your code accordingly.
2025-08-23 00:21:36 [147,054ms] [Warning] [omni.isaac.motion_generation.articulation_kinematics_solver] omni.isaac.motion_generation has been deprecated in favor of isaacsim.robot_motion.motion_generation. Please update your code accordingly.
2025-08-23 00:21:36 [147,079ms] [Warning] [omni.isaac.motion_generation.articulation_motion_policy] omni.isaac.motion_generation has been deprecated in favor of isaacsim.robot_motion.motion_generation. Please update your code accordingly.
2025-08-23 00:21:36 [147,102ms] [Warning] [omni.isaac.motion_generation.articulation_trajectory] omni.isaac.motion_generation has been deprecated in favor of isaacsim.robot_motion.motion_generation. Please update your code accordingly.
2025-08-23 00:21:36 [147,132ms] [Warning] [omni.isaac.motion_generation.kinematics_interface] omni.isaac.motion_generation has been deprecated in favor of isaacsim.robot_motion.motion_generation. Please update your code accordingly.
2025-08-23 00:21:36 [147,168ms] [Warning] [omni.isaac.motion_generation.lula] omni.isaac.motion_generation has been deprecated in favor of isaacsim.robot_motion.motion_generation. Please update your code accordingly.
2025-08-23 00:21:36 [147,186ms] [Warning] [omni.isaac.motion_generation.lula.kinematics] omni.isaac.motion_generation has been deprecated in favor of isaacsim.robot_motion.motion_generation. Please update your code accordingly.
2025-08-23 00:21:36 [147,202ms] [Warning] [omni.isaac.motion_generation.lula.motion_policies] omni.isaac.motion_generation has been deprecated in favor of isaacsim.robot_motion.motion_generation. Please update your code accordingly.
2025-08-23 00:21:36 [147,214ms] [Warning] [omni.isaac.motion_generation.lula.path_planners] omni.isaac.motion_generation has been deprecated in favor of isaacsim.robot_motion.motion_generation. Please update your code accordingly.
2025-08-23 00:21:36 [147,227ms] [Warning] [omni.isaac.motion_generation.lula.trajectory_generator] omni.isaac.motion_generation has been deprecated in favor of isaacsim.robot_motion.motion_generation. Please update your code accordingly.
2025-08-23 00:21:36 [147,245ms] [Warning] [omni.isaac.motion_generation.motion_policy_controller] omni.isaac.motion_generation has been deprecated in favor of isaacsim.robot_motion.motion_generation. Please update your code accordingly.
2025-08-23 00:21:36 [147,272ms] [Warning] [omni.isaac.motion_generation.motion_policy_interface] omni.isaac.motion_generation has been deprecated in favor of isaacsim.robot_motion.motion_generation. Please update your code accordingly.
2025-08-23 00:21:36 [147,302ms] [Warning] [omni.isaac.motion_generation.path_planner_visualizer] omni.isaac.motion_generation has been deprecated in favor of isaacsim.robot_motion.motion_generation. Please update your code accordingly.
2025-08-23 00:21:36 [147,320ms] [Warning] [omni.isaac.motion_generation.path_planning_interface] omni.isaac.motion_generation has been deprecated in favor of isaacsim.robot_motion.motion_generation. Please update your code accordingly.
2025-08-23 00:21:36 [147,331ms] [Warning] [omni.isaac.motion_generation.trajectory] omni.isaac.motion_generation has been deprecated in favor of isaacsim.robot_motion.motion_generation. Please update your code accordingly.
2025-08-23 00:21:36 [147,365ms] [Warning] [omni.isaac.motion_generation.world_interface] omni.isaac.motion_generation has been deprecated in favor of isaacsim.robot_motion.motion_generation. Please update your code accordingly.
[147.822s] [ext: isaacsim.robot.policy.examples-4.0.3] startup
[147.966s] [ext: omni.sensors.nv.common-2.5.0-coreapi] startup
[148.682s] [ext: omni.isaac.nucleus-1.0.3] startup
2025-08-23 00:21:37 [148,250ms] [Warning] [omni.isaac.nucleus] omni.isaac.nucleus has been deprecated in favor of isaacsim.storage.native. Please update your code accordingly.
2025-08-23 00:21:37 [148,263ms] [Warning] [omni.isaac.nucleus.nucleus] omni.isaac.nucleus.nucleus has been deprecated in favor of isaacsim.storage.native. Please update your code accordingly.
[148.705s] [ext: omni.isaac.quadruped-3.0.2] startup
2025-08-23 00:21:37 [148,296ms] [Warning] [omni.isaac.quadruped] omni.isaac.quadruped has been deprecated in favor of isaacsim.robot.policy.examples. Please update your code accordingly.
[148.738s] [ext: omni.sensors.nv.materials-1.4.0-coreapi] startup
[148.897s] [ext: isaacsim.sensors.camera-0.2.9] startup
[149.000s] [ext: omni.sensors.nv.wpm-2.4.0-coreapi] startup
[149.113s] [ext: omni.sensors.nv.lidar-2.6.3-coreapi] startup
[149.216s] [ext: isaacsim.util.debug_draw-2.0.2] startup
[149.363s] [ext: omni.sensors.tiled-0.0.6] startup
[149.432s] [ext: omni.sensors.nv.radar-2.6.1-coreapi] startup
[149.555s] [ext: omni.sensors.nv.ids-1.4.0-coreapi] startup
[149.603s] [ext: isaacsim.sensors.physx-2.2.4] startup
[149.749s] [ext: isaacsim.robot.manipulators.examples-1.0.3] startup
[149.786s] [ext: isaacsim.sensors.rtx-13.6.3] startup
[149.996s] [ext: omni.isaac.range_sensor-4.0.2] startup
[150.188s] [ext: isaacsim.cortex.framework-1.0.2] startup
[150.227s] [ext: omni.isaac.sensor-13.0.3] startup
2025-08-23 00:21:39 [149,811ms] [Warning] [omni.isaac.sensor] omni.isaac.sensor has been deprecated in favor of isaacsim.sensors.camera, isaacsim.sensors.physics, isaacsim.sensors.physx, and isaacsim.sensors.rtx. Please update your code accordingly.
2025-08-23 00:21:39 [149,824ms] [Warning] [omni.isaac.sensor.camera] omni.isaac.sensor.camera has been deprecated in favor of isaacsim.sensors.camera.camera. Please update your code accordingly.
2025-08-23 00:21:39 [149,835ms] [Warning] [omni.isaac.sensor.camera_view] omni.isaac.sensor.camera_view has been deprecated in favor of isaacsim.sensors.camera.camera_view. Please update your code accordingly.
2025-08-23 00:21:39 [149,847ms] [Warning] [omni.isaac.sensor.commands] omni.isaac.sensor.commands has been deprecated in favor of isaacsim.sensors.physics.commands, isaacsim.sensors.physx.commands, and isaacsim.sensors.rtx.commands. Please update your code accordingly.
2025-08-23 00:21:39 [149,854ms] [Warning] [omni.isaac.sensor.contact_sensor] omni.isaac.sensor.contact_sensor has been deprecated in favor of isaacsim.sensors.physics.contact_sensor. Please update your code accordingly.
2025-08-23 00:21:39 [149,859ms] [Warning] [omni.isaac.sensor.imu_sensor] omni.isaac.sensor.imu_sensor has been deprecated in favor of isaacsim.sensors.physics.imu_sensor. Please update your code accordingly.
2025-08-23 00:21:39 [149,867ms] [Warning] [omni.isaac.sensor.lidar_rtx] omni.isaac.sensor.lidar_rtx has been deprecated in favor of isaacsim.sensors.rtx.lidar_rtx. Please update your code accordingly.
2025-08-23 00:21:39 [149,873ms] [Warning] [omni.isaac.sensor.rotating_lidar_physX] omni.isaac.sensor.imu_sensor has been deprecated in favor of isaacsim.sensors.physix.rotating_lidar_physX. Please update your code accordingly.
2025-08-23 00:21:39 [149,902ms] [Warning] [omni.isaac.sensor.scripts.samples.contact_sensor] omni.isaac.sensor.scripts.samples.contact_sensor has been deprecated in favor of isaacsim.sensors.physics.scripts.samples.contact_sensor. Please update your code accordingly.
2025-08-23 00:21:39 [149,909ms] [Warning] [omni.isaac.sensor.scripts.samples.imu_sensor] omni.isaac.sensor.scripts.samples.imu_sensor has been deprecated in favor of isaacsim.sensors.physics.scripts.samples.imu_sensor. Please update your code accordingly.
2025-08-23 00:21:39 [149,914ms] [Warning] [omni.isaac.sensor.scripts.samples.lightbeam_sensor] omni.isaac.sensor.scripts.samples.lightbeam_sensor has been deprecated in favor of isaacsim.sensors.physx.scripts.samples.lightbeam_sensor. Please update your code accordingly.
[150.355s] [ext: omni.isaac.surface_gripper-2.0.2] startup
2025-08-23 00:21:39 [149,922ms] [Warning] [omni.isaac.surface_gripper] omni.isaac.surface_gripper has been deprecated in favor of isaacsim.robot.surface_gripper. Please update your code accordingly.
[150.364s] [ext: omni.kit.manipulator.transform-106.0.1] startup
[150.535s] [ext: omni.isaac.cortex-1.0.2] startup
2025-08-23 00:21:39 [150,104ms] [Warning] [omni.isaac.cortex] omni.isaac.cortex has been deprecated in favor of isaacsim.cortex.framework. Please update your code accordingly.
[150.545s] [ext: omni.kit.widget.toolbar-1.7.3] startup
[150.756s] [ext: omni.isaac.universal_robots-1.0.2] startup
2025-08-23 00:21:39 [150,319ms] [Warning] [omni.isaac.universal_robots] omni.isaac.universal_robots has been deprecated in favor of isaacsim.robot.manipulators.examples.universal_robots. Please update your code accordingly.
2025-08-23 00:21:39 [150,325ms] [Warning] [omni.isaac.universal_robots.kinematics_solver] omni.isaac.franka has been deprecated in favor of isaacsim.robot.manipulators.examples.universal_robots. Please update your code accordingly.
2025-08-23 00:21:39 [150,346ms] [Warning] [omni.isaac.universal_robots.ur10] omni.isaac.franka has been deprecated in favor of isaacsim.robot.manipulators.examples.universal_robots. Please update your code accordingly.
[150.788s] [ext: isaacsim.cortex.behaviors-2.0.3] startup
[150.814s] [ext: omni.kit.manipulator.tool.snap-1.5.12] startup
[150.986s] [ext: omni.kit.manipulator.selector-1.1.1] startup
[151.021s] [ext: omni.isaac.utils-2.0.2] startup
[151.070s] [ext: omni.isaac.cortex.sample_behaviors-2.0.2] startup
2025-08-23 00:21:39 [150,651ms] [Warning] [omni.isaac.cortex.sample_behaviors] omni.isaac.cortex.sample_behaviors has been deprecated in favor of isaacsim.cortex.behaviors. Please update your code accordingly.
[151.093s] [ext: omni.kit.viewport.manipulator.transform-107.0.4] startup
[151.260s] [ext: omni.graph.ui_nodes-1.40.1] startup
[151.393s] [ext: omni.fabric.commands-1.1.5] startup
[151.486s] [ext: omni.kit.manipulator.prim.core-107.0.7] startup
[151.659s] [ext: omni.kit.property.camera-1.0.9] startup
[151.719s] [ext: omni.kit.property.geometry-1.3.3] startup
[151.861s] [ext: omni.kit.property.light-1.0.11] startup
[151.951s] [ext: omni.kit.manipulator.prim.fabric-107.0.4] startup
[151.988s] [ext: omni.kit.manipulator.prim.usd-107.0.3] startup
[152.044s] [ext: omni.kit.property.material-1.10.17] startup
[152.349s] [ext: omni.kit.viewport.actions-107.0.0] startup
[152.388s] [ext: omni.debugdraw-0.1.3] startup
[152.467s] [ext: omni.kit.manipulator.prim-107.0.0] startup
[152.467s] [ext: omni.kit.manipulator.selection-106.0.1] startup
[152.519s] [ext: omni.kit.viewport.menubar.display-107.0.3] startup
[152.578s] [ext: omni.kit.widget.layers-1.8.2] startup
[152.766s] [ext: omni.hydra.scene_api-0.1.2] startup
[152.831s] [ext: omni.kit.property.render-1.1.3] startup
[152.861s] [ext: omni.physx.commands-106.5.7] startup
[152.890s] [ext: omni.usdphysics.ui-106.5.7] startup
[153.036s] [ext: omni.kit.property.transform-1.5.10] startup
[153.084s] [ext: omni.kit.property.audio-1.0.16] startup
[153.133s] [ext: isaacsim.gui.property-1.0.4] startup
[153.159s] [ext: omni.physx.ui-106.5.7] startup
[153.354s] [ext: omni.kit.property.bundle-1.3.2] startup
[153.382s] [ext: omni.kit.property.isaac-1.0.2] startup
2025-08-23 00:21:42 [152,951ms] [Warning] [omni.kit.property.isaac] omni.kit.property.isaac has been deprecated in favor of isaacsim.gui.property. Please update your code accordingly.
2025-08-23 00:21:42 [152,955ms] [Warning] [omni.kit.property.isaac.widgets] omni.kit.property.isaac.widgets has been deprecated in favor of isaacsim.gui.property.widgets. Please update your code accordingly.
[153.397s] [ext: omni.kit.property.physx-106.5.7] startup
[153.948s] [ext: omni.physx.demos-106.5.7] startup
[154.238s] [ext: omni.kit.viewport.menubar.camera-107.0.2] startup
[154.335s] [ext: omni.kit.viewport.menubar.lighting-106.0.2] startup
[154.374s] [ext: omni.kit.viewport.menubar.render-107.0.8] startup
[154.440s] [ext: omni.physx.vehicle-106.5.7] startup
[154.661s] [ext: omni.kit.viewport.menubar.settings-107.0.3] startup
[154.726s] [ext: omni.kit.window.console-0.2.14] startup
[154.787s] [ext: omni.kit.window.toolbar-1.6.2] startup
[154.807s] [ext: omni.physx.camera-106.5.7] startup
[154.930s] [ext: omni.physx.cct-106.5.7] startup
[155.045s] [ext: omni.physx.graph-106.5.7] startup
[155.244s] [ext: omni.physx.supportui-106.5.7] startup
[155.461s] [ext: isaacsim.replicator.writers-1.0.1] startup
[155.713s] [ext: omni.physx.telemetry-106.5.7] startup
[155.757s] [ext: omni.isaac.version-2.0.2] startup
2025-08-23 00:21:44 [155,325ms] [Warning] [omni.isaac.version] omni.isaac.version has been deprecated in favor of isaacsim.core.version. Please update your code accordingly.
[155.767s] [ext: isaacsim.robot.wheeled_robots-4.0.3] startup
[156.011s] [ext: isaacsim.replicator.domain_randomization-1.0.2] startup
[156.053s] [ext: isaacsim.replicator.examples-1.1.2] startup
[156.080s] [ext: omni.kit.window.status_bar-0.1.7] startup
[156.201s] [ext: omni.physx.bundle-106.5.7] startup
[156.203s] [ext: omni.usd.metrics.assembler-106.5.0] startup
[156.311s] [ext: omni.isaac.wheeled_robots-3.0.3] startup
2025-08-23 00:21:45 [155,882ms] [Warning] [omni.isaac.wheeled_robots] omni.isaac.wheeled_robots has been deprecated in favor of isaacsim.robot.wheeled_robots. Please update your code accordingly.
2025-08-23 00:21:45 [155,900ms] [Warning] [omni.isaac.wheeled_robots.controllers] omni.isaac.wheeled_robots has been deprecated in favor of isaacsim.robot.wheeled_robots. Please update your code accordingly.
2025-08-23 00:21:45 [155,904ms] [Warning] [omni.isaac.wheeled_robots.controllers.ackermann_controller] omni.isaac.wheeled_robots has been deprecated in favor of isaacsim.robot.wheeled_robots. Please update your code accordingly.
2025-08-23 00:21:45 [155,912ms] [Warning] [omni.isaac.wheeled_robots.controllers.differential_controller] omni.isaac.wheeled_robots has been deprecated in favor of isaacsim.robot.wheeled_robots. Please update your code accordingly.
2025-08-23 00:21:45 [155,918ms] [Warning] [omni.isaac.wheeled_robots.controllers.holonomic_controller] omni.isaac.wheeled_robots has been deprecated in favor of isaacsim.robot.wheeled_robots. Please update your code accordingly.
2025-08-23 00:21:45 [155,920ms] [Warning] [omni.isaac.wheeled_robots.controllers.quintic_path_planner] omni.isaac.wheeled_robots has been deprecated in favor of isaacsim.robot.wheeled_robots. Please update your code accordingly.
2025-08-23 00:21:45 [155,925ms] [Warning] [omni.isaac.wheeled_robots.controllers.stanley_control] omni.isaac.wheeled_robots has been deprecated in favor of isaacsim.robot.wheeled_robots. Please update your code accordingly.
2025-08-23 00:21:45 [155,933ms] [Warning] [omni.isaac.wheeled_robots.controllers.wheel_base_pose_controller] omni.isaac.wheeled_robots has been deprecated in favor of isaacsim.robot.wheeled_robots. Please update your code accordingly.
2025-08-23 00:21:45 [155,940ms] [Warning] [omni.isaac.wheeled_robots.impl] omni.isaac.wheeled_robots has been deprecated in favor of isaacsim.robot.wheeled_robots. Please update your code accordingly.
2025-08-23 00:21:45 [155,945ms] [Warning] [omni.isaac.wheeled_robots.robots] omni.isaac.wheeled_robots has been deprecated in favor of isaacsim.robot.wheeled_robots. Please update your code accordingly.
2025-08-23 00:21:45 [155,948ms] [Warning] [omni.isaac.wheeled_robots.robots.holonomic_robot_usd_setup] omni.isaac.wheeled_robots has been deprecated in favor of isaacsim.robot.wheeled_robots. Please update your code accordingly.
2025-08-23 00:21:45 [155,955ms] [Warning] [omni.isaac.wheeled_robots.robots.wheeled_robot] omni.isaac.wheeled_robots has been deprecated in favor of isaacsim.robot.wheeled_robots. Please update your code accordingly.
[156.397s] [ext: omni.isaac.franka-1.0.2] startup
2025-08-23 00:21:45 [155,963ms] [Warning] [omni.isaac.franka] omni.isaac.franka has been deprecated in favor of isaacsim.robot.manipulators.examples.franka. Please update your code accordingly.
2025-08-23 00:21:45 [155,968ms] [Warning] [omni.isaac.franka.franka] omni.isaac.franka has been deprecated in favor of isaacsim.robot.manipulators.examples.franka. Please update your code accordingly.
2025-08-23 00:21:45 [155,981ms] [Warning] [omni.isaac.franka.kinematics_solver] omni.isaac.franka has been deprecated in favor of isaacsim.robot.manipulators.examples.franka. Please update your code accordingly.
[156.422s] [ext: omni.replicator.isaac-2.0.3] startup
2025-08-23 00:21:45 [155,996ms] [Warning] [omni.replicator.isaac] omni.replicator.isaac has been deprecated in favor of isaacsim.replicator.domain_randomization, isaacsim.replicator.examples, isaacsim.replicator.writers. Please update your code accordingly.
[156.437s] [ext: omni.replicator.replicator_yaml-2.0.10] startup
[156.490s] [ext: omni.rtx.settings.core-0.6.3] startup
[156.552s] [ext: omni.usd.metrics.assembler.ui-106.5.0] startup
[156.583s] [ext: omni.kit.tool.asset_importer-2.12.3] startup
[156.653s] [ext: isaacsim.app.about-2.0.7] startup
[156.671s] [ext: semantics.schema.editor-0.3.10] startup
[156.713s] [ext: isaacsim.examples.browser-0.1.8] startup
[156.744s] [ext: isaacsim.simulation_app-2.4.2] startup
[156.746s] [ext: semantics.schema.property-1.0.5] startup
[156.759s] [ext: isaacsim.asset.importer.mjcf-2.3.7] startup
[156.880s] [ext: omni.isaac.window.about-2.0.2] startup
2025-08-23 00:21:45 [156,455ms] [Warning] [omni.isaac.window.about] omni.isaac.window.about has been deprecated in favor of isaacsim.app.about. Please update your code accordingly.
2025-08-23 00:21:45 [156,458ms] [Warning] [omni.isaac.window.about.about] omni.isaac.window.about.about has been deprecated in favor of isaacsim.app.about.about. Please update your code accordingly.
[156.900s] [ext: omni.kit.ui.actions-1.0.2] startup
[156.924s] [ext: isaacsim.asset.importer.urdf-2.3.14] startup
[157.101s] [ext: omni.isaac.kit-2.0.3] startup
2025-08-23 00:21:46 [156,666ms] [Warning] [omni.isaac.kit] omni.isaac.kit has been deprecated in favor of isaacsim.simulation_app. Please update your code accordingly.
[157.108s] [ext: omni.isaac.asset_browser-1.0.2] startup
2025-08-23 00:21:46 [156,673ms] [Warning] [omni.isaac.asset_browser] omni.isaac.asset_browser has been deprecated in favor of isaacsim.asset.browser. Please update your code accordingly.
[157.115s] [ext: isaacsim.core.throttling-2.0.2] startup
[157.141s] [ext: omni.flowusd-106.5.2] startup
2025-08-23 00:21:46 [156,782ms] [Warning] [omni.stageupdate.plugin] Deprecated: direct use of IStageUpdate callbacks is deprecated. Use IStageUpdate::getStageUpdate instead.
[157.252s] [ext: omni.kit.menu.common-1.1.9] startup
[157.272s] [ext: isaacsim.exp.base-4.5.0] startup
[157.274s] [ext: omnigibson_4_5_0-1.5.0] startup
[157.285s] Simulation App Starting
2025-08-23 00:21:46 [157,638ms] [Warning] [omni.kvdb.plugin] Disabling key-value database because another kit process is locking it
2025-08-23 00:21:47 [157,663ms] [Warning] [carb.audio.device] audio device is misconfigured or broken {deviceIndex = 0, name = 'default'} (The device is likely misconfigured, check your $HOME/.asoundrc)
2025-08-23 00:21:47 [157,664ms] [Warning] [carb.audio.output] failed to retrieve the capabilities for device 0 {result = eDeviceLost (2)}
2025-08-23 00:21:47 [157,664ms] [Warning] [carb.audio.context] failed to set the requested output during context creation.  Using a null streamer instead {result = eDeviceLost (2)}
[158.247s] app ready
2025-08-23 00:21:48 [158,875ms] [Warning] [rtx.neuraylib.plugin] [IRAY:RENDER]   1.1   IRAY   rend warn : CUDA device 0 (NVIDIA A100-SXM4-80GB): ECC is enabled, this will reduce rendering performance (it is strongly recommended to disable ECC with iray)
2025-08-23 00:21:48 [158,931ms] [Warning] [rtx.scenedb.plugin] SceneDbContext : TLAS limit buffer size 2705217792
2025-08-23 00:21:48 [158,931ms] [Warning] [rtx.scenedb.plugin] SceneDbContext : TLAS limit : valid true, within: false
2025-08-23 00:25:09 [359,995ms] [Warning] [omni.usd-abi.plugin] No setting was found for '/rtx-defaults-transient/meshlights/forceDisable'
2025-08-23 00:25:13 [363,668ms] [Warning] [omni.usd-abi.plugin] No setting was found for '/rtx-defaults/post/dlss/execMode'
2025-08-23 00:31:00 [711,494ms] [Warning] [rtx.postprocessing.plugin] DLSS-RR is not supported in the current build due to some known bugs with this GPU: NVIDIA A100-SXM4-80GB.Note that RTX Real-Time raytracing mode will not be able to denoise the output correctly.
[713.879s] Simulation App Startup Complete
2025-08-23 00:32:27 [798,136ms] [Warning] [carb] Failed to startup plugin carb.windowing-glfw.plugin (interfaces: [carb::windowing::IGLContext v1.0],[carb::windowing::IWindowing v1.5]) (impl: carb.windowing-glfw.plugin)
2025-08-23 00:33:10 [841,519ms] [Warning] [omni.syntheticdata.plugin] OgnSdPostRenderVarToHost : rendervar copy from texture directly to host buffer is counter-performant. Please use copy from texture to device buffer first.
2025-08-23 00:33:11 [841,671ms] [Warning] [omni.fabric.plugin] removePath called on non-existent path /Render/OmniverseKit/HydraTextures/Replicator/PostRender/SDGPipeline/Replicator_GpuInteropEntry 


                   ____________
                  /          / \
                 /          / /__
                /          / /  /\
               /__________/ /__/  \
               \   _____  \ \__\  /
                \  \  / \  \ \_/ /
                 \  \/___\  \   /
                  \__________\_/  
       ___                  _  ____ _ _                     
      / _ \ _ __ ___  _ __ (_)/ ___(_) |__  ___  ___  _ __  
     | | | | '_ ` _ \| '_ \| | |  _| | '_ \/ __|/ _ \| '_ \ 
     | |_| | | | | | | | | | | |_| | | |_) \__ \ (_) | | | |
      \___/|_| |_| |_|_| |_|_|\____|_|_.__/|___/\___/|_| |_|

[INFO] [omnigibson.simulator] ---------- Welcome to OmniGibson! ----------
2025-08-23 00:33:20 [851,194ms] [Warning] [omni.syntheticdata.plugin] SdRenderVarPtr missing valid input renderVar LdrColorSDhost
2025-08-23 00:33:20 [851,254ms] [Warning] [carb] Failed to startup plugin carb.windowing-glfw.plugin (interfaces: [carb::windowing::IGLContext v1.0],[carb::windowing::IWindowing v1.5]) (impl: carb.windowing-glfw.plugin)
[INFO] [omnigibson.simulator] Imported scene 0.
[WARNING] [omnigibson.objects.dataset_object] Category stages not found in average object specs! Defaulting to unit mass or density.
2025-08-23 00:33:23 [853,883ms] [Warning] [omnigibson.objects.dataset_object] Category stages not found in average object specs! Defaulting to unit mass or density.
[WARNING] [omnigibson.prims.material_prim] No compatible material prim class found for material at /World/scene_0/wardrobe_0/Looks/Material__3 with asset path gltf/pbr.mdl and sub-identifier gltf_material. Using MaterialPrim as a fallback.
2025-08-23 00:33:24 [855,542ms] [Warning] [omnigibson.prims.material_prim] No compatible material prim class found for material at /World/scene_0/wardrobe_0/Looks/Material__3 with asset path gltf/pbr.mdl and sub-identifier gltf_material. Using MaterialPrim as a fallback.
[WARNING] [omnigibson.objects.stateful_object] State ContainedParticles is incompatible with obj wardrobe_0. Reason: LinkBasedStateMixin ContainedParticles requires meta link with type ['fillable', 'openfillable'] for obj wardrobe_0 but none was found! To get valid compatible object models, please use omnigibson.utils.asset_utils.get_all_object_category_models_with_abilities(...)
2025-08-23 00:33:25 [856,074ms] [Warning] [omnigibson.objects.stateful_object] State ContainedParticles is incompatible with obj wardrobe_0. Reason: LinkBasedStateMixin ContainedParticles requires meta link with type ['fillable', 'openfillable'] for obj wardrobe_0 but none was found! To get valid compatible object models, please use omnigibson.utils.asset_utils.get_all_object_category_models_with_abilities(...)
[WARNING] [omnigibson.objects.stateful_object] State Filled is incompatible with obj wardrobe_0. Reason: Missing required dependency state ContainedParticles
2025-08-23 00:33:25 [856,074ms] [Warning] [omnigibson.objects.stateful_object] State Filled is incompatible with obj wardrobe_0. Reason: Missing required dependency state ContainedParticles
[WARNING] [omnigibson.objects.stateful_object] State Contains is incompatible with obj wardrobe_0. Reason: Missing required dependency state ContainedParticles
2025-08-23 00:33:25 [856,075ms] [Warning] [omnigibson.objects.stateful_object] State Contains is incompatible with obj wardrobe_0. Reason: Missing required dependency state ContainedParticles
[WARNING] [omnigibson.objects.stateful_object] State AttachedTo is incompatible with obj wardrobe_0. Reason: LinkBasedStateMixin AttachedTo requires meta link with type ['attachment'] for obj wardrobe_0 but none was found! To get valid compatible object models, please use omnigibson.utils.asset_utils.get_all_object_category_models_with_abilities(...)
2025-08-23 00:33:25 [856,075ms] [Warning] [omnigibson.objects.stateful_object] State AttachedTo is incompatible with obj wardrobe_0. Reason: LinkBasedStateMixin AttachedTo requires meta link with type ['attachment'] for obj wardrobe_0 but none was found! To get valid compatible object models, please use omnigibson.utils.asset_utils.get_all_object_category_models_with_abilities(...)
[WARNING] [omnigibson.objects.dataset_object] Category cabinet not found in average object specs! Defaulting to unit mass or density.
2025-08-23 00:33:30 [860,987ms] [Warning] [omnigibson.objects.dataset_object] Category cabinet not found in average object specs! Defaulting to unit mass or density.
[ERROR] [__main__] stairs hssd76298b7fdef47ffd2b099ccff1d5c66b50a789cb negative scale detected: tensor([-1.0962,  1.2115,  1.1405])
2025-08-23 00:33:30 [861,136ms] [Error] [__main__] stairs hssd76298b7fdef47ffd2b099ccff1d5c66b50a789cb negative scale detected: tensor([-1.0962,  1.2115,  1.1405])
[WARNING] [omnigibson.prims.material_prim] No compatible material prim class found for material at /World/scene_0/stairs_2/Looks/mig___tumba_wood with asset path gltf/pbr.mdl and sub-identifier gltf_material. Using MaterialPrim as a fallback.
2025-08-23 00:33:30 [861,169ms] [Warning] [omnigibson.prims.material_prim] No compatible material prim class found for material at /World/scene_0/stairs_2/Looks/mig___tumba_wood with asset path gltf/pbr.mdl and sub-identifier gltf_material. Using MaterialPrim as a fallback.
[WARNING] [omnigibson.prims.material_prim] No compatible material prim class found for material at /World/scene_0/rack_4/Looks/Shader1 with asset path gltf/pbr.mdl and sub-identifier gltf_material. Using MaterialPrim as a fallback.
2025-08-23 00:33:32 [863,134ms] [Warning] [omnigibson.prims.material_prim] No compatible material prim class found for material at /World/scene_0/rack_4/Looks/Shader1 with asset path gltf/pbr.mdl and sub-identifier gltf_material. Using MaterialPrim as a fallback.
[WARNING] [omnigibson.objects.dataset_object] Category rack not found in average object specs! Defaulting to unit mass or density.
2025-08-23 00:33:33 [864,281ms] [Warning] [omnigibson.objects.dataset_object] Category rack not found in average object specs! Defaulting to unit mass or density.
[WARNING] [omnigibson.prims.material_prim] No compatible material prim class found for material at /World/scene_0/rack_5/Looks/Shader1 with asset path gltf/pbr.mdl and sub-identifier gltf_material. Using MaterialPrim as a fallback.
2025-08-23 00:33:33 [864,574ms] [Warning] [omnigibson.prims.material_prim] No compatible material prim class found for material at /World/scene_0/rack_5/Looks/Shader1 with asset path gltf/pbr.mdl and sub-identifier gltf_material. Using MaterialPrim as a fallback.
[WARNING] [omnigibson.objects.dataset_object] Category rack not found in average object specs! Defaulting to unit mass or density.
2025-08-23 00:33:35 [865,696ms] [Warning] [omnigibson.objects.dataset_object] Category rack not found in average object specs! Defaulting to unit mass or density.
[ERROR] [__main__] couch hssd61caf268af6aea6f3b38858bc4ed01788a1ae7c6 negative scale detected: tensor([-0.9999,  1.0002,  1.0000])
2025-08-23 00:33:35 [865,948ms] [Error] [__main__] couch hssd61caf268af6aea6f3b38858bc4ed01788a1ae7c6 negative scale detected: tensor([-0.9999,  1.0002,  1.0000])
[WARNING] [omnigibson.objects.dataset_object] Category couch not found in average object specs! Defaulting to unit mass or density.
2025-08-23 00:33:36 [866,812ms] [Warning] [omnigibson.objects.dataset_object] Category couch not found in average object specs! Defaulting to unit mass or density.
[WARNING] [omnigibson.objects.dataset_object] Category counter not found in average object specs! Defaulting to unit mass or density.
2025-08-23 00:33:37 [867,994ms] [Warning] [omnigibson.objects.dataset_object] Category counter not found in average object specs! Defaulting to unit mass or density.
[WARNING] [omnigibson.prims.material_prim] No compatible material prim class found for material at /World/scene_0/tv_8/Looks/TV_Screen2 with asset path gltf/pbr.mdl and sub-identifier gltf_material. Using MaterialPrim as a fallback.
2025-08-23 00:33:37 [868,224ms] [Warning] [omnigibson.prims.material_prim] No compatible material prim class found for material at /World/scene_0/tv_8/Looks/TV_Screen2 with asset path gltf/pbr.mdl and sub-identifier gltf_material. Using MaterialPrim as a fallback.
[WARNING] [omnigibson.objects.dataset_object] Category tv not found in average object specs! Defaulting to unit mass or density.
2025-08-23 00:33:37 [868,510ms] [Warning] [omnigibson.objects.dataset_object] Category tv not found in average object specs! Defaulting to unit mass or density.
[WARNING] [omnigibson.objects.dataset_object] Category ventilation_hood not found in average object specs! Defaulting to unit mass or density.
2025-08-23 00:33:38 [869,261ms] [Warning] [omnigibson.objects.dataset_object] Category ventilation_hood not found in average object specs! Defaulting to unit mass or density.
[WARNING] [omnigibson.objects.dataset_object] Category ventilation_hood not found in average object specs! Defaulting to unit mass or density.
2025-08-23 00:33:39 [869,937ms] [Warning] [omnigibson.objects.dataset_object] Category ventilation_hood not found in average object specs! Defaulting to unit mass or density.
[WARNING] [omnigibson.objects.dataset_object] Category ventilation_hood not found in average object specs! Defaulting to unit mass or density.
2025-08-23 00:33:40 [870,688ms] [Warning] [omnigibson.objects.dataset_object] Category ventilation_hood not found in average object specs! Defaulting to unit mass or density.
[WARNING] [omnigibson.objects.dataset_object] Category ventilation_hood not found in average object specs! Defaulting to unit mass or density.
2025-08-23 00:33:40 [871,353ms] [Warning] [omnigibson.objects.dataset_object] Category ventilation_hood not found in average object specs! Defaulting to unit mass or density.
[WARNING] [omnigibson.objects.dataset_object] Category ventilation_hood not found in average object specs! Defaulting to unit mass or density.
2025-08-23 00:33:41 [872,094ms] [Warning] [omnigibson.objects.dataset_object] Category ventilation_hood not found in average object specs! Defaulting to unit mass or density.
[WARNING] [omnigibson.objects.dataset_object] Category ventilation_hood not found in average object specs! Defaulting to unit mass or density.
2025-08-23 00:33:42 [872,799ms] [Warning] [omnigibson.objects.dataset_object] Category ventilation_hood not found in average object specs! Defaulting to unit mass or density.
[WARNING] [omnigibson.prims.material_prim] No compatible material prim class found for material at /World/scene_0/statue_15/Looks/MAT_SELFILL_0 with asset path gltf/pbr.mdl and sub-identifier gltf_material. Using MaterialPrim as a fallback.
2025-08-23 00:33:42 [873,002ms] [Warning] [omnigibson.prims.material_prim] No compatible material prim class found for material at /World/scene_0/statue_15/Looks/MAT_SELFILL_0 with asset path gltf/pbr.mdl and sub-identifier gltf_material. Using MaterialPrim as a fallback.
[WARNING] [omnigibson.objects.dataset_object] Category cabinet not found in average object specs! Defaulting to unit mass or density.
2025-08-23 00:33:44 [874,820ms] [Warning] [omnigibson.objects.dataset_object] Category cabinet not found in average object specs! Defaulting to unit mass or density.
[WARNING] [omnigibson.objects.dataset_object] Category speaker not found in average object specs! Defaulting to unit mass or density.
2025-08-23 00:33:45 [875,659ms] [Warning] [omnigibson.objects.dataset_object] Category speaker not found in average object specs! Defaulting to unit mass or density.
[WARNING] [omnigibson.objects.dataset_object] Category speaker not found in average object specs! Defaulting to unit mass or density.
2025-08-23 00:33:45 [876,430ms] [Warning] [omnigibson.objects.dataset_object] Category speaker not found in average object specs! Defaulting to unit mass or density.
[WARNING] [omnigibson.objects.dataset_object] Category speaker not found in average object specs! Defaulting to unit mass or density.
2025-08-23 00:33:46 [877,280ms] [Warning] [omnigibson.objects.dataset_object] Category speaker not found in average object specs! Defaulting to unit mass or density.
[WARNING] [omnigibson.objects.dataset_object] Category speaker not found in average object specs! Defaulting to unit mass or density.
2025-08-23 00:33:47 [878,027ms] [Warning] [omnigibson.objects.dataset_object] Category speaker not found in average object specs! Defaulting to unit mass or density.
[WARNING] [omnigibson.objects.dataset_object] Category heater not found in average object specs! Defaulting to unit mass or density.
2025-08-23 00:33:47 [878,290ms] [Warning] [omnigibson.objects.dataset_object] Category heater not found in average object specs! Defaulting to unit mass or density.
[WARNING] [omnigibson.objects.dataset_object] Category heater not found in average object specs! Defaulting to unit mass or density.
2025-08-23 00:33:47 [878,394ms] [Warning] [omnigibson.objects.dataset_object] Category heater not found in average object specs! Defaulting to unit mass or density.
[WARNING] [omnigibson.objects.dataset_object] Category kitchen_counter not found in average object specs! Defaulting to unit mass or density.
2025-08-23 00:33:48 [879,232ms] [Warning] [omnigibson.objects.dataset_object] Category kitchen_counter not found in average object specs! Defaulting to unit mass or density.
[WARNING] [omnigibson.objects.dataset_object] Category seat not found in average object specs! Defaulting to unit mass or density.
2025-08-23 00:33:50 [880,695ms] [Warning] [omnigibson.objects.dataset_object] Category seat not found in average object specs! Defaulting to unit mass or density.
[WARNING] [omnigibson.objects.dataset_object] Category stool not found in average object specs! Defaulting to unit mass or density.
2025-08-23 00:33:50 [881,562ms] [Warning] [omnigibson.objects.dataset_object] Category stool not found in average object specs! Defaulting to unit mass or density.
[WARNING] [omnigibson.objects.dataset_object] Category stool not found in average object specs! Defaulting to unit mass or density.
2025-08-23 00:33:51 [882,337ms] [Warning] [omnigibson.objects.dataset_object] Category stool not found in average object specs! Defaulting to unit mass or density.
[WARNING] [omnigibson.objects.dataset_object] Category stool not found in average object specs! Defaulting to unit mass or density.
2025-08-23 00:33:52 [883,011ms] [Warning] [omnigibson.objects.dataset_object] Category stool not found in average object specs! Defaulting to unit mass or density.
[WARNING] [omnigibson.objects.dataset_object] Category stool not found in average object specs! Defaulting to unit mass or density.
2025-08-23 00:33:53 [883,748ms] [Warning] [omnigibson.objects.dataset_object] Category stool not found in average object specs! Defaulting to unit mass or density.
[WARNING] [omnigibson.objects.dataset_object] Category stool not found in average object specs! Defaulting to unit mass or density.
2025-08-23 00:33:53 [884,461ms] [Warning] [omnigibson.objects.dataset_object] Category stool not found in average object specs! Defaulting to unit mass or density.
[WARNING] [omnigibson.objects.dataset_object] Category bin not found in average object specs! Defaulting to unit mass or density.
2025-08-23 00:33:55 [885,852ms] [Warning] [omnigibson.objects.dataset_object] Category bin not found in average object specs! Defaulting to unit mass or density.
[WARNING] [omnigibson.objects.dataset_object] Category wall not found in average object specs! Defaulting to unit mass or density.
2025-08-23 00:33:55 [886,327ms] [Warning] [omnigibson.objects.dataset_object] Category wall not found in average object specs! Defaulting to unit mass or density.
[WARNING] [omnigibson.objects.stateful_object] State AttachedTo is incompatible with obj mirror_32. Reason: LinkBasedStateMixin AttachedTo requires meta link with type ['attachment'] for obj mirror_32 but none was found! To get valid compatible object models, please use omnigibson.utils.asset_utils.get_all_object_category_models_with_abilities(...)
2025-08-23 00:33:55 [886,538ms] [Warning] [omnigibson.objects.stateful_object] State AttachedTo is incompatible with obj mirror_32. Reason: LinkBasedStateMixin AttachedTo requires meta link with type ['attachment'] for obj mirror_32 but none was found! To get valid compatible object models, please use omnigibson.utils.asset_utils.get_all_object_category_models_with_abilities(...)
[WARNING] [omnigibson.objects.dataset_object] Category cabinet not found in average object specs! Defaulting to unit mass or density.
2025-08-23 00:33:56 [887,370ms] [Warning] [omnigibson.objects.dataset_object] Category cabinet not found in average object specs! Defaulting to unit mass or density.
[WARNING] [omnigibson.objects.dataset_object] Category clock not found in average object specs! Defaulting to unit mass or density.
2025-08-23 00:33:57 [888,159ms] [Warning] [omnigibson.objects.dataset_object] Category clock not found in average object specs! Defaulting to unit mass or density.
[WARNING] [omnigibson.prims.material_prim] No compatible material prim class found for material at /World/scene_0/window_shade_37/Looks/mig_323639 with asset path gltf/pbr.mdl and sub-identifier gltf_material. Using MaterialPrim as a fallback.
2025-08-23 00:33:57 [888,223ms] [Warning] [omnigibson.prims.material_prim] No compatible material prim class found for material at /World/scene_0/window_shade_37/Looks/mig_323639 with asset path gltf/pbr.mdl and sub-identifier gltf_material. Using MaterialPrim as a fallback.
[WARNING] [omnigibson.objects.dataset_object] Category window_shade not found in average object specs! Defaulting to unit mass or density.
2025-08-23 00:33:57 [888,375ms] [Warning] [omnigibson.objects.dataset_object] Category window_shade not found in average object specs! Defaulting to unit mass or density.
[WARNING] [omnigibson.prims.material_prim] No compatible material prim class found for material at /World/scene_0/window_shade_38/Looks/mig_323639 with asset path gltf/pbr.mdl and sub-identifier gltf_material. Using MaterialPrim as a fallback.
2025-08-23 00:33:57 [888,435ms] [Warning] [omnigibson.prims.material_prim] No compatible material prim class found for material at /World/scene_0/window_shade_38/Looks/mig_323639 with asset path gltf/pbr.mdl and sub-identifier gltf_material. Using MaterialPrim as a fallback.
[WARNING] [omnigibson.objects.dataset_object] Category window_shade not found in average object specs! Defaulting to unit mass or density.
2025-08-23 00:33:57 [888,558ms] [Warning] [omnigibson.objects.dataset_object] Category window_shade not found in average object specs! Defaulting to unit mass or density.
[WARNING] [omnigibson.prims.material_prim] No compatible material prim class found for material at /World/scene_0/window_shade_39/Looks/mig_323639 with asset path gltf/pbr.mdl and sub-identifier gltf_material. Using MaterialPrim as a fallback.
2025-08-23 00:33:57 [888,612ms] [Warning] [omnigibson.prims.material_prim] No compatible material prim class found for material at /World/scene_0/window_shade_39/Looks/mig_323639 with asset path gltf/pbr.mdl and sub-identifier gltf_material. Using MaterialPrim as a fallback.
[WARNING] [omnigibson.objects.dataset_object] Category window_shade not found in average object specs! Defaulting to unit mass or density.
2025-08-23 00:33:58 [888,713ms] [Warning] [omnigibson.objects.dataset_object] Category window_shade not found in average object specs! Defaulting to unit mass or density.
[WARNING] [omnigibson.objects.stateful_object] State Open is incompatible with obj laptop_40. Reason: No relevant joints for Open state found for object laptop_40
2025-08-23 00:33:58 [888,953ms] [Warning] [omnigibson.objects.stateful_object] State Open is incompatible with obj laptop_40. Reason: No relevant joints for Open state found for object laptop_40
[WARNING] [omnigibson.objects.stateful_object] State ToggledOn is incompatible with obj laptop_40. Reason: LinkBasedStateMixin ToggledOn requires meta link with type ['togglebutton'] for obj laptop_40 but none was found! To get valid compatible object models, please use omnigibson.utils.asset_utils.get_all_object_category_models_with_abilities(...)
2025-08-23 00:33:58 [888,953ms] [Warning] [omnigibson.objects.stateful_object] State ToggledOn is incompatible with obj laptop_40. Reason: LinkBasedStateMixin ToggledOn requires meta link with type ['togglebutton'] for obj laptop_40 but none was found! To get valid compatible object models, please use omnigibson.utils.asset_utils.get_all_object_category_models_with_abilities(...)
[WARNING] [omnigibson.objects.stateful_object] State ToggledOn is incompatible with obj ceiling_fan_41. Reason: LinkBasedStateMixin ToggledOn requires meta link with type ['togglebutton'] for obj ceiling_fan_41 but none was found! To get valid compatible object models, please use omnigibson.utils.asset_utils.get_all_object_category_models_with_abilities(...)
2025-08-23 00:33:58 [889,495ms] [Warning] [omnigibson.objects.stateful_object] State ToggledOn is incompatible with obj ceiling_fan_41. Reason: LinkBasedStateMixin ToggledOn requires meta link with type ['togglebutton'] for obj ceiling_fan_41 but none was found! To get valid compatible object models, please use omnigibson.utils.asset_utils.get_all_object_category_models_with_abilities(...)
[WARNING] [omnigibson.objects.stateful_object] State ToggledOn is incompatible with obj ceiling_fan_42. Reason: LinkBasedStateMixin ToggledOn requires meta link with type ['togglebutton'] for obj ceiling_fan_42 but none was found! To get valid compatible object models, please use omnigibson.utils.asset_utils.get_all_object_category_models_with_abilities(...)
2025-08-23 00:33:59 [890,098ms] [Warning] [omnigibson.objects.stateful_object] State ToggledOn is incompatible with obj ceiling_fan_42. Reason: LinkBasedStateMixin ToggledOn requires meta link with type ['togglebutton'] for obj ceiling_fan_42 but none was found! To get valid compatible object models, please use omnigibson.utils.asset_utils.get_all_object_category_models_with_abilities(...)
[WARNING] [omnigibson.objects.stateful_object] State ToggledOn is incompatible with obj ceiling_fan_43. Reason: LinkBasedStateMixin ToggledOn requires meta link with type ['togglebutton'] for obj ceiling_fan_43 but none was found! To get valid compatible object models, please use omnigibson.utils.asset_utils.get_all_object_category_models_with_abilities(...)
2025-08-23 00:34:00 [890,700ms] [Warning] [omnigibson.objects.stateful_object] State ToggledOn is incompatible with obj ceiling_fan_43. Reason: LinkBasedStateMixin ToggledOn requires meta link with type ['togglebutton'] for obj ceiling_fan_43 but none was found! To get valid compatible object models, please use omnigibson.utils.asset_utils.get_all_object_category_models_with_abilities(...)
[WARNING] [omnigibson.objects.dataset_object] Category cabinet not found in average object specs! Defaulting to unit mass or density.
2025-08-23 00:34:00 [890,917ms] [Warning] [omnigibson.objects.dataset_object] Category cabinet not found in average object specs! Defaulting to unit mass or density.
[ERROR] [__main__] fridge hssdd1bb1e76ecd549767fd650aa211e3ce29be75ad6 negative scale detected: tensor([-1.0040,  1.0000,  1.0062])
2025-08-23 00:34:00 [891,050ms] [Error] [__main__] fridge hssdd1bb1e76ecd549767fd650aa211e3ce29be75ad6 negative scale detected: tensor([-1.0040,  1.0000,  1.0062])
[WARNING] [omnigibson.objects.stateful_object] State Open is incompatible with obj fridge_46. Reason: No relevant joints for Open state found for object fridge_46
2025-08-23 00:34:00 [891,145ms] [Warning] [omnigibson.objects.stateful_object] State Open is incompatible with obj fridge_46. Reason: No relevant joints for Open state found for object fridge_46
[WARNING] [omnigibson.objects.stateful_object] State HeatSourceOrSink is incompatible with obj fridge_46. Reason: HeatSourceOrSink has requires_closed but obj has no Open state!
2025-08-23 00:34:00 [891,146ms] [Warning] [omnigibson.objects.stateful_object] State HeatSourceOrSink is incompatible with obj fridge_46. Reason: HeatSourceOrSink has requires_closed but obj has no Open state!
[WARNING] [omnigibson.objects.stateful_object] State ContainedParticles is incompatible with obj fridge_46. Reason: LinkBasedStateMixin ContainedParticles requires meta link with type ['fillable', 'openfillable'] for obj fridge_46 but none was found! To get valid compatible object models, please use omnigibson.utils.asset_utils.get_all_object_category_models_with_abilities(...)
2025-08-23 00:34:00 [891,147ms] [Warning] [omnigibson.objects.stateful_object] State ContainedParticles is incompatible with obj fridge_46. Reason: LinkBasedStateMixin ContainedParticles requires meta link with type ['fillable', 'openfillable'] for obj fridge_46 but none was found! To get valid compatible object models, please use omnigibson.utils.asset_utils.get_all_object_category_models_with_abilities(...)
[WARNING] [omnigibson.objects.stateful_object] State Filled is incompatible with obj fridge_46. Reason: Missing required dependency state ContainedParticles
2025-08-23 00:34:00 [891,147ms] [Warning] [omnigibson.objects.stateful_object] State Filled is incompatible with obj fridge_46. Reason: Missing required dependency state ContainedParticles
[WARNING] [omnigibson.objects.stateful_object] State Contains is incompatible with obj fridge_46. Reason: Missing required dependency state ContainedParticles
2025-08-23 00:34:00 [891,147ms] [Warning] [omnigibson.objects.stateful_object] State Contains is incompatible with obj fridge_46. Reason: Missing required dependency state ContainedParticles
[WARNING] [omnigibson.objects.dataset_object] Category dresser not found in average object specs! Defaulting to unit mass or density.
2025-08-23 00:34:00 [891,267ms] [Warning] [omnigibson.objects.dataset_object] Category dresser not found in average object specs! Defaulting to unit mass or density.
[WARNING] [omnigibson.prims.material_prim] No compatible material prim class found for material at /World/scene_0/picture_48/Looks/Shader1 with asset path gltf/pbr.mdl and sub-identifier gltf_material. Using MaterialPrim as a fallback.
2025-08-23 00:34:00 [891,328ms] [Warning] [omnigibson.prims.material_prim] No compatible material prim class found for material at /World/scene_0/picture_48/Looks/Shader1 with asset path gltf/pbr.mdl and sub-identifier gltf_material. Using MaterialPrim as a fallback.
[WARNING] [omnigibson.objects.dataset_object] Category boiler not found in average object specs! Defaulting to unit mass or density.
2025-08-23 00:34:00 [891,495ms] [Warning] [omnigibson.objects.dataset_object] Category boiler not found in average object specs! Defaulting to unit mass or density.
[WARNING] [omnigibson.objects.dataset_object] Category boiler not found in average object specs! Defaulting to unit mass or density.
2025-08-23 00:34:00 [891,582ms] [Warning] [omnigibson.objects.dataset_object] Category boiler not found in average object specs! Defaulting to unit mass or density.
[WARNING] [omnigibson.objects.dataset_object] Category boiler not found in average object specs! Defaulting to unit mass or density.
2025-08-23 00:34:01 [891,669ms] [Warning] [omnigibson.objects.dataset_object] Category boiler not found in average object specs! Defaulting to unit mass or density.
[WARNING] [omnigibson.objects.stateful_object] Ability 'particleSink' is incompatible with obj shower_52, because requirement ParticleRequirement was not met. Reason: Particle systems are not enabled when GPU dynamics is off.
2025-08-23 00:34:02 [892,903ms] [Warning] [omnigibson.objects.stateful_object] Ability 'particleSink' is incompatible with obj shower_52, because requirement ParticleRequirement was not met. Reason: Particle systems are not enabled when GPU dynamics is off.
[WARNING] [omnigibson.objects.dataset_object] Category cabinet not found in average object specs! Defaulting to unit mass or density.
2025-08-23 00:34:02 [893,240ms] [Warning] [omnigibson.objects.dataset_object] Category cabinet not found in average object specs! Defaulting to unit mass or density.
[WARNING] [omnigibson.prims.material_prim] No compatible material prim class found for material at /World/scene_0/cabinet_55/Looks/Wood__Oak with asset path gltf/pbr.mdl and sub-identifier gltf_material. Using MaterialPrim as a fallback.
2025-08-23 00:34:03 [893,846ms] [Warning] [omnigibson.prims.material_prim] No compatible material prim class found for material at /World/scene_0/cabinet_55/Looks/Wood__Oak with asset path gltf/pbr.mdl and sub-identifier gltf_material. Using MaterialPrim as a fallback.
[WARNING] [omnigibson.objects.dataset_object] Category cabinet not found in average object specs! Defaulting to unit mass or density.
2025-08-23 00:34:03 [893,912ms] [Warning] [omnigibson.objects.dataset_object] Category cabinet not found in average object specs! Defaulting to unit mass or density.
[WARNING] [omnigibson.objects.stateful_object] State Open is incompatible with obj microwave_56. Reason: No relevant joints for Open state found for object microwave_56
2025-08-23 00:34:03 [894,025ms] [Warning] [omnigibson.objects.stateful_object] State Open is incompatible with obj microwave_56. Reason: No relevant joints for Open state found for object microwave_56
[WARNING] [omnigibson.objects.stateful_object] State ToggledOn is incompatible with obj microwave_56. Reason: LinkBasedStateMixin ToggledOn requires meta link with type ['togglebutton'] for obj microwave_56 but none was found! To get valid compatible object models, please use omnigibson.utils.asset_utils.get_all_object_category_models_with_abilities(...)
2025-08-23 00:34:03 [894,025ms] [Warning] [omnigibson.objects.stateful_object] State ToggledOn is incompatible with obj microwave_56. Reason: LinkBasedStateMixin ToggledOn requires meta link with type ['togglebutton'] for obj microwave_56 but none was found! To get valid compatible object models, please use omnigibson.utils.asset_utils.get_all_object_category_models_with_abilities(...)
[WARNING] [omnigibson.objects.stateful_object] State HeatSourceOrSink is incompatible with obj microwave_56. Reason: HeatSourceOrSink has requires_toggled_on but obj has no ToggledOn state!
2025-08-23 00:34:03 [894,025ms] [Warning] [omnigibson.objects.stateful_object] State HeatSourceOrSink is incompatible with obj microwave_56. Reason: HeatSourceOrSink has requires_toggled_on but obj has no ToggledOn state!
[WARNING] [omnigibson.objects.stateful_object] State ContainedParticles is incompatible with obj microwave_56. Reason: LinkBasedStateMixin ContainedParticles requires meta link with type ['fillable', 'openfillable'] for obj microwave_56 but none was found! To get valid compatible object models, please use omnigibson.utils.asset_utils.get_all_object_category_models_with_abilities(...)
2025-08-23 00:34:03 [894,026ms] [Warning] [omnigibson.objects.stateful_object] State ContainedParticles is incompatible with obj microwave_56. Reason: LinkBasedStateMixin ContainedParticles requires meta link with type ['fillable', 'openfillable'] for obj microwave_56 but none was found! To get valid compatible object models, please use omnigibson.utils.asset_utils.get_all_object_category_models_with_abilities(...)
[WARNING] [omnigibson.objects.stateful_object] State Filled is incompatible with obj microwave_56. Reason: Missing required dependency state ContainedParticles
2025-08-23 00:34:03 [894,026ms] [Warning] [omnigibson.objects.stateful_object] State Filled is incompatible with obj microwave_56. Reason: Missing required dependency state ContainedParticles
[WARNING] [omnigibson.objects.stateful_object] State Contains is incompatible with obj microwave_56. Reason: Missing required dependency state ContainedParticles
2025-08-23 00:34:03 [894,027ms] [Warning] [omnigibson.objects.stateful_object] State Contains is incompatible with obj microwave_56. Reason: Missing required dependency state ContainedParticles
[ERROR] [__main__] toilet hssd42026ccb6057538e11416e8d630fc1b7eab2085f negative scale detected: tensor([-1.0001,  1.0001,  0.9996])
2025-08-23 00:34:03 [894,049ms] [Error] [__main__] toilet hssd42026ccb6057538e11416e8d630fc1b7eab2085f negative scale detected: tensor([-1.0001,  1.0001,  0.9996])
[ERROR] [__main__] openings hssd224132 negative scale detected: tensor([-1.0000,  1.0000,  1.0000])
2025-08-23 00:34:04 [894,848ms] [Error] [__main__] openings hssd224132 negative scale detected: tensor([-1.0000,  1.0000,  1.0000])
[WARNING] [omnigibson.objects.dataset_object] Category openings not found in average object specs! Defaulting to unit mass or density.
2025-08-23 00:34:04 [895,312ms] [Warning] [omnigibson.objects.dataset_object] Category openings not found in average object specs! Defaulting to unit mass or density.
[ERROR] [__main__] openings hssd224132 negative scale detected: tensor([-1.0000,  1.0000,  1.0000])
2025-08-23 00:34:04 [895,408ms] [Error] [__main__] openings hssd224132 negative scale detected: tensor([-1.0000,  1.0000,  1.0000])
[WARNING] [omnigibson.objects.dataset_object] Category openings not found in average object specs! Defaulting to unit mass or density.
2025-08-23 00:34:05 [895,882ms] [Warning] [omnigibson.objects.dataset_object] Category openings not found in average object specs! Defaulting to unit mass or density.
[ERROR] [__main__] openings hssd224132 negative scale detected: tensor([-1.0000,  1.0000,  1.0000])
2025-08-23 00:34:05 [895,968ms] [Error] [__main__] openings hssd224132 negative scale detected: tensor([-1.0000,  1.0000,  1.0000])
[WARNING] [omnigibson.objects.dataset_object] Category openings not found in average object specs! Defaulting to unit mass or density.
2025-08-23 00:34:05 [896,432ms] [Warning] [omnigibson.objects.dataset_object] Category openings not found in average object specs! Defaulting to unit mass or density.
100%|| 1/1 [15:35<00:00, 935.01s/it]100%|| 1/1 [15:35<00:00, 935.03s/it]
2025-08-23 00:34:42 [933,367ms] [Warning] [carb] Failed to startup plugin carb.windowing-glfw.plugin (interfaces: [carb::windowing::IGLContext v1.0],[carb::windowing::IWindowing v1.5]) (impl: carb.windowing-glfw.plugin)
2025-08-23 00:34:43 [934,594ms] [Warning] [carb] Plugin interface for a client: omni.hydratexture.plugin was already released.
[935.241s] Simulation App Shutting Down
