/home/cgokmen/miniconda3/envs/behavior/bin/python: No module named omnigibson.examples.scenes.import_hssd_scenes
/home/cgokmen/miniconda3/envs/behavior/bin/python: No module named omnigibson.examples.scenes.import_hssd_scenes
/home/cgokmen/miniconda3/envs/behavior/bin/python: No module named omnigibson.examples.scenes.import_hssd_scenes
/home/cgokmen/miniconda3/envs/behavior/bin/python: No module named omnigibson.examples.scenes.import_hssd_scenes
/home/cgokmen/miniconda3/envs/behavior/bin/python: No module named omnigibson.examples.scenes.import_hssd_scenes
/home/cgokmen/miniconda3/envs/behavior/bin/python: No module named omnigibson.examples.scenes.import_hssd_scenes
/home/cgokmen/miniconda3/envs/behavior/bin/python: No module named omnigibson.examples.scenes.import_hssd_scenes
/home/cgokmen/miniconda3/envs/behavior/bin/python: No module named omnigibson.examples.scenes.import_hssd_scenes
/home/cgokmen/miniconda3/envs/behavior/bin/python: No module named omnigibson.examples.scenes.import_hssd_scenes
/home/cgokmen/miniconda3/envs/behavior/bin/python: No module named omnigibson.examples.scenes.import_hssd_scenes
/home/cgokmen/miniconda3/envs/behavior/bin/python: No module named omnigibson.examples.scenes.import_hssd_scenes
/home/cgokmen/miniconda3/envs/behavior/bin/python: No module named omnigibson.examples.scenes.import_hssd_scenes
/home/cgokmen/miniconda3/envs/behavior/bin/python: No module named omnigibson.examples.scenes.import_hssd_scenes
/home/cgokmen/miniconda3/envs/behavior/bin/python: No module named omnigibson.examples.scenes.import_hssd_scenes
/home/cgokmen/miniconda3/envs/behavior/bin/python: No module named omnigibson.examples.scenes.import_hssd_scenes
/home/cgokmen/miniconda3/envs/behavior/bin/python: No module named omnigibson.examples.scenes.import_hssd_scenes
/home/cgokmen/miniconda3/envs/behavior/bin/python: No module named omnigibson.examples.scenes.import_hssd_scenes
/home/cgokmen/miniconda3/envs/behavior/bin/python: No module named omnigibson.examples.scenes.import_hssd_scenes
/home/cgokmen/miniconda3/envs/behavior/bin/python: No module named omnigibson.examples.scenes.import_hssd_scenes
/home/cgokmen/miniconda3/envs/behavior/bin/python: No module named omnigibson.examples.scenes.import_hssd_scenes
/home/cgokmen/miniconda3/envs/behavior/bin/python: No module named omnigibson.examples.scenes.import_hssd_scenes
/home/cgokmen/miniconda3/envs/behavior/bin/python: No module named omnigibson.examples.scenes.import_hssd_scenes
/home/cgokmen/miniconda3/envs/behavior/bin/python: No module named omnigibson.examples.scenes.import_hssd_scenes
/home/cgokmen/miniconda3/envs/behavior/bin/python: No module named omnigibson.examples.scenes.import_hssd_scenes
/home/cgokmen/miniconda3/envs/behavior/bin/python: No module named omnigibson.examples.scenes.import_hssd_scenes
/home/cgokmen/miniconda3/envs/behavior/bin/python: No module named omnigibson.examples.scenes.import_hssd_scenes
  0%|          | 0/1 [00:00<?, ?it/s][INFO] [omnigibson.simulator] ----- Starting OmniGibson. This will take 10-30 seconds... -----
Starting kit application with the following args:  ['/opt/hpcaas/.mounts/fs-0565f60d669b6a2d3/home/cgokmen/miniconda3/envs/behavior/lib/python3.10/site-packages/isaacsim/exts/isaacsim.simulation_app/isaacsim/simulation_app/simulation_app.py', '/opt/hpcaas/.mounts/fs-0565f60d669b6a2d3/home/cgokmen/miniconda3/envs/behavior/lib/python3.10/site-packages/isaacsim/apps/omnigibson_4_5_0.kit', '--/app/tokens/exe-path=/opt/hpcaas/.mounts/fs-0565f60d669b6a2d3/home/cgokmen/miniconda3/envs/behavior/lib/python3.10/site-packages/omni', '--/persistent/app/viewport/displayOptions=3094', '--/rtx/materialDb/syncLoads=True', '--/rtx/hydra/materialSyncLoads=True', '--/omni.kit.plugin/syncUsdLoads=True', '--/app/renderer/resolution/width=1280', '--/app/renderer/resolution/height=720', '--/app/window/width=1440', '--/app/window/height=900', '--/renderer/multiGpu/enabled=False', '--/app/fastShutdown=True', '--/app/installSignalHandlers=0', '--ext-folder', '/opt/hpcaas/.mounts/fs-0565f60d669b6a2d3/home/cgokmen/miniconda3/envs/behavior/lib/python3.10/site-packages/isaacsim/exts', '--ext-folder', '/opt/hpcaas/.mounts/fs-0565f60d669b6a2d3/home/cgokmen/miniconda3/envs/behavior/lib/python3.10/site-packages/isaacsim/apps', '--/physics/cudaDevice=0', '--portable', '--no-window', '--/app/window/hideUi=1']
Passing the following args to the base kit application:  ['141', '168']
[Info] [carb] Logging to file: /opt/hpcaas/.mounts/fs-0565f60d669b6a2d3/home/cgokmen/miniconda3/envs/behavior/lib/python3.10/site-packages/omni/logs/Kit/OmniGibson/3.7/kit_20250823_001900.log
2025-08-23 00:19:00 [0ms] [Warning] [omni.kit.app.plugin] No crash reporter present, dumps uploading isn't available.
[3.664s] [ext: omni.kit.async_engine-0.0.1] startup
[DEBUG] [asyncio] Using selector: EpollSelector
[34.181s] [ext: omni.metrics.core-0.0.1] startup
[34.196s] [ext: omni.client.lib-1.0.0] startup
[35.133s] [ext: omni.blobkey-1.1.2] startup
[35.146s] [ext: omni.stats-1.0.1] startup
[35.167s] [ext: omni.datastore-0.0.0] startup
[35.453s] [ext: omni.client-1.2.2] startup
[35.658s] [ext: omni.ujitso.default-1.0.0] startup
[35.687s] [ext: omni.hsscclient-1.1.1] startup
2025-08-23 00:19:36 [35,459ms] [Warning] [omni.datastore] OmniHub is inaccessible
[37.319s] [ext: omni.gpu_foundation.shadercache.vulkan-1.0.0] startup
[37.365s] [ext: omni.assets.plugins-0.0.0] startup
[37.400s] [ext: omni.gpu_foundation-0.0.0] startup
[37.681s] [ext: carb.windowing.plugins-1.0.0] startup
2025-08-23 00:19:38 [37,453ms] [Warning] [carb.windowing-glfw.plugin] GLFW initialization failed.
2025-08-23 00:19:38 [37,453ms] [Warning] [carb] Failed to startup plugin carb.windowing-glfw.plugin (interfaces: [carb::windowing::IGLContext v1.0],[carb::windowing::IWindowing v1.5]) (impl: carb.windowing-glfw.plugin)
[37.708s] [ext: omni.kit.renderer.init-0.0.0] startup
2025-08-23 00:19:38 [37,591ms] [Warning] [omni.platforminfo.plugin] failed to open the default display.  Can't verify X Server version.
2025-08-23 00:19:38 [37,693ms] [Warning] [gpu.foundation.plugin] [ShaderCache]: 95 percent of the driver's shadercache size limit has been reached. Max size: 4000.00 MB, Currently used: 3885.98 MB. To avoid a persistent long startup or USD load time on every app launch, recommended to free space by deleting driver caches using one of the following methods:
- By running the app with --/renderer/shadercache/driverDiskCache/flush=true (only once).
- Or by manually deleting the following folders: '%LOCALAPPDATA%/NVIDIA/DXCache/Omniverse' (Windows-DX) or '$omni_cache/shaders/nv_shadercache' (Windows-Vulkan, Linux-Vulkan).
Driver caches will be re-generated which may take a few minutes on the next launch.
2025-08-23 00:19:40 [39,447ms] [Warning] [carb.cudainterop.plugin] CUDA_VISIBLE_DEVICES environment variable is set.
2025-08-23 00:19:40 [39,447ms] [Warning] [carb.cudainterop.plugin] Note CUDA device enumeration and Omniverse device enumeration are different.
2025-08-23 00:19:40 [39,447ms] [Warning] [carb.cudainterop.plugin] Setting CUDA_VISIBLE_DEVICES can lead to undesired behavior or crashes.

|---------------------------------------------------------------------------------------------|
| Driver Version: 570.172.08    | Graphics API: Vulkan
|=============================================================================================|
| GPU | Name                             | Active | LDA | GPU Memory | Vendor-ID | LUID       |
|     |                                  |        |     |            | Device-ID | UUID       |
|     |                                  |        |     |            | Bus-ID    |            |
|---------------------------------------------------------------------------------------------|
| 0   | NVIDIA A100-SXM4-80GB            | Yes: 0 |     | 147446  MB | 10de      | 0          |
|     |                                  |        |     |            | 20b2      | 49f6af77.. |
|     |                                  |        |     |            | 10        |            |
|=============================================================================================|
| OS: 22.04.5 LTS (Jammy Jellyfish) ubuntu, Version: 22.04.5, Kernel: 6.8.0-1033-aws
| Processor: Intel(R) Xeon(R) Platinum 8275CL CPU @ 3.00GHz
| Cores: 48 | Logical Cores: 96
|---------------------------------------------------------------------------------------------|
| Total Memory (MB): 1148721 | Free Memory: 1066233
| Total Page/Swap (MB): 0 | Free Page/Swap: 0
|---------------------------------------------------------------------------------------------|
2025-08-23 00:19:42 [41,766ms] [Warning] [gpu.foundation.plugin] ECC is enabled on physical device 0
[43.204s] [ext: omni.kit.pipapi-0.0.0] startup
[43.210s] [ext: omni.kit.pip_archive-0.0.0] startup
[43.217s] [ext: omni.services.pip_archive-0.13.11] startup
[43.312s] [ext: omni.materialx.libs-1.0.6] startup
[43.504s] [ext: omni.kit.telemetry-0.5.1] startup
[43.602s] [ext: omni.kit.loop-isaac-1.2.1] startup
[43.617s] [ext: omni.kit.test-1.1.2] startup
[43.832s] [ext: omni.usd.config-1.0.5] startup
[44.287s] [ext: omni.gpucompute.plugins-0.0.0] startup
[44.302s] [ext: omni.usd.libs-1.0.1] startup
[45.320s] [ext: omni.mdl-55.0.1] startup
[45.478s] [ext: omni.iray.libs-0.0.0] startup
[46.073s] [ext: omni.mdl.neuraylib-0.2.10] startup
[46.104s] [ext: omni.kit.usd.mdl-1.0.7] startup
[46.829s] [ext: omni.pip.compute-1.4.5] startup
[46.835s] [ext: omni.appwindow-1.1.9] startup
2025-08-23 00:19:47 [46,591ms] [Warning] [carb.windowing-glfw.plugin] GLFW initialization failed.
2025-08-23 00:19:47 [46,591ms] [Warning] [carb] Failed to startup plugin carb.windowing-glfw.plugin (interfaces: [carb::windowing::IGLContext v1.0],[carb::windowing::IWindowing v1.5]) (impl: carb.windowing-glfw.plugin)
[46.856s] [ext: omni.kit.renderer.core-1.0.2] startup
2025-08-23 00:19:47 [46,794ms] [Warning] [carb.windowing-glfw.plugin] GLFW initialization failed.
2025-08-23 00:19:47 [46,794ms] [Warning] [carb] Failed to startup plugin carb.windowing-glfw.plugin (interfaces: [carb::windowing::IGLContext v1.0],[carb::windowing::IWindowing v1.5]) (impl: carb.windowing-glfw.plugin)
2025-08-23 00:19:47 [46,817ms] [Warning] [carb.windowing-glfw.plugin] GLFW initialization failed.
2025-08-23 00:19:47 [46,817ms] [Warning] [carb] Failed to startup plugin carb.windowing-glfw.plugin (interfaces: [carb::windowing::IGLContext v1.0],[carb::windowing::IWindowing v1.5]) (impl: carb.windowing-glfw.plugin)
[47.080s] [ext: omni.kit.renderer.capture-0.0.0] startup
[47.117s] [ext: omni.kit.renderer.imgui-1.0.2] startup
2025-08-23 00:19:47 [46,960ms] [Warning] [carb.windowing-glfw.plugin] GLFW initialization failed.
2025-08-23 00:19:47 [46,960ms] [Warning] [carb] Failed to startup plugin carb.windowing-glfw.plugin (interfaces: [carb::windowing::IGLContext v1.0],[carb::windowing::IWindowing v1.5]) (impl: carb.windowing-glfw.plugin)
2025-08-23 00:19:47 [46,965ms] [Warning] [carb.windowing-glfw.plugin] GLFW initialization failed.
2025-08-23 00:19:47 [46,965ms] [Warning] [carb] Failed to startup plugin carb.windowing-glfw.plugin (interfaces: [carb::windowing::IGLContext v1.0],[carb::windowing::IWindowing v1.5]) (impl: carb.windowing-glfw.plugin)
2025-08-23 00:19:47 [46,972ms] [Warning] [carb.windowing-glfw.plugin] GLFW initialization failed.
2025-08-23 00:19:47 [46,972ms] [Warning] [carb] Failed to startup plugin carb.windowing-glfw.plugin (interfaces: [carb::windowing::IGLContext v1.0],[carb::windowing::IWindowing v1.5]) (impl: carb.windowing-glfw.plugin)
[47.578s] [ext: omni.ui-2.26.5] startup
[47.672s] [ext: omni.kit.mainwindow-1.0.3] startup
[47.687s] [ext: carb.audio-0.1.0] startup
[47.719s] [ext: omni.uiaudio-1.0.0] startup
[47.738s] [ext: omni.kit.uiapp-0.0.0] startup
[47.738s] [ext: omni.usd.schema.metrics.assembler-106.5.0] startup
[47.830s] [ext: omni.usd.schema.omniscripting-1.0.0] startup
[47.881s] [ext: omni.usd.schema.physx-106.5.7] startup
[48.069s] [ext: omni.usd.schema.audio-0.0.0] startup
[48.109s] [ext: omni.usd.schema.omnigraph-1.0.0] startup
[48.180s] [ext: omni.usd.schema.anim-0.0.0] startup
[48.342s] [ext: omni.usd.schema.semantics-0.0.0] startup
[48.364s] [ext: omni.usd.schema.geospatial-0.0.0] startup
[48.388s] [ext: omni.kit.window.popup_dialog-2.0.24] startup
[48.424s] [ext: omni.resourcemonitor-107.0.0] startup
[48.459s] [ext: omni.activity.core-1.0.1] startup
[48.479s] [ext: omni.timeline-1.0.11] startup
[48.506s] [ext: omni.usd_resolver-1.0.0] startup
[48.559s] [ext: omni.kit.widget.nucleus_connector-1.1.10] startup
[48.577s] [ext: usdrt.scenegraph-7.5.1] startup
[48.921s] [ext: omni.usd.core-1.4.2] startup
[48.947s] [ext: omni.kit.usd_undo-0.1.8] startup
[48.957s] [ext: omni.graph.exec-0.9.4] startup
[48.969s] [ext: omni.kit.actions.core-1.0.0] startup
[49.000s] [ext: omni.kit.audiodeviceenum-1.0.1] startup
[49.025s] [ext: omni.kit.exec.core-0.13.4] startup
[49.061s] [ext: omni.kit.commands-1.4.9] startup
[49.105s] [ext: omni.hydra.usdrt_delegate-7.5.1] startup
[49.224s] [ext: omni.hydra.scene_delegate-0.3.3] startup
[49.261s] [ext: omni.usd-1.12.4] startup
[49.537s] [ext: omni.kit.asset_converter-2.8.5] startup
[49.760s] [ext: isaacsim.robot.schema-3.1.2] startup
[49.828s] [ext: omni.pip.cloud-1.1.7] startup
[49.838s] [ext: omni.usd.schema.isaac-3.0.2] startup
[49.838s] [ext: omni.usd.schema.flow-107.0.0] startup
[49.845s] [ext: omni.inspect-1.0.1] startup
[49.863s] [ext: omni.kit.notification_manager-1.0.9] startup
[49.887s] [ext: omni.graph.core-2.181.8] startup
[49.927s] [ext: isaacsim.core.deprecation_manager-0.2.2] startup
[49.939s] [ext: omni.usd.schema.forcefield-106.5.7] startup
[49.985s] [ext: omni.kit.menu.core-1.1.2] startup
[49.995s] [ext: omni.kit.clipboard-1.0.5] startup
[50.009s] [ext: omni.kit.widget.context_menu-1.2.4] startup
[50.023s] [ext: omni.kit.widget.options_menu-1.1.6] startup
[50.059s] [ext: omni.kit.helper.file_utils-0.1.9] startup
[50.074s] [ext: omni.kit.widget.path_field-2.0.11] startup
[50.091s] [ext: omni.kit.property.adapter.core-1.0.2] startup
[50.134s] [ext: omni.kit.widget.options_button-1.0.3] startup
[50.148s] [ext: omni.kit.widget.filebrowser-2.10.52] startup
[50.196s] [ext: omni.kit.widget.browser_bar-2.0.10] startup
[50.209s] [ext: omni.kit.property.adapter.fabric-1.0.3] startup
[50.229s] [ext: omni.ui.scene-1.11.2] startup
[50.267s] [ext: omni.kit.numpy.common-0.1.2] startup
[50.282s] [ext: omni.kit.window.filepicker-2.11.7] startup
[50.395s] [ext: omni.kit.usd.layers-2.2.0] startup
[50.519s] [ext: omni.hydra.rtx.shadercache.vulkan-1.0.0] startup
[50.542s] [ext: omni.kit.window.file_importer-1.1.14] startup
[50.578s] [ext: omni.kit.menu.utils-1.7.7] startup
[50.637s] [ext: omni.kit.context_menu-1.8.3] startup
[50.658s] [ext: omni.ujitso.processor.texture-1.0.0] startup
[50.677s] [ext: omni.index.libs-380600.1777.0] startup
[50.677s] [ext: omni.volume-0.5.0] startup
[50.799s] [ext: omni.ujitso.client-0.0.0] startup
[50.807s] [ext: omni.index-1.0.1] startup
[50.822s] [ext: omni.kit.hotkeys.core-1.3.10] startup
[50.824s] [ext: omni.hydra.rtx-1.0.0] startup
2025-08-23 00:19:51 [50,642ms] [Warning] [omni.log] Source: omni.hydra was already registered.
[51.149s] [ext: omni.kit.material.library-1.5.15] startup
[51.188s] [ext: omni.convexdecomposition-106.5.7] startup
[51.248s] [ext: omni.kit.viewport.legacy_gizmos-1.0.16] startup
[51.272s] [ext: omni.kit.raycast.query-1.0.5] startup
[51.312s] [ext: omni.hydra.engine.stats-1.0.3] startup
[51.332s] [ext: omni.kvdb-106.5.7] startup
[51.368s] [ext: omni.usdphysics-106.5.7] startup
[51.386s] [ext: omni.physx.foundation-106.5.7] startup
[51.423s] [ext: omni.localcache-106.5.7] startup
[51.449s] [ext: isaacsim.core.version-2.0.2] startup
[51.460s] [ext: omni.physx.cooking-106.5.7] startup
[51.510s] [ext: omni.kit.viewport.scene_camera_model-1.0.5] startup
[51.534s] [ext: omni.kit.hydra_texture-1.4.0] startup
[51.568s] [ext: omni.physx-106.5.7] startup
[51.694s] [ext: omni.kit.window.drop_support-1.0.4] startup
[51.706s] [ext: omni.kit.widget.viewport-107.0.7] startup
[51.751s] [ext: omni.kit.viewport.registry-104.0.6] startup
[51.759s] [ext: omni.physx.stageupdate-106.5.7] startup
[51.796s] [ext: omni.kit.viewport.window-107.0.8] startup
[51.891s] [ext: isaacsim.storage.native-1.0.6] startup
[51.903s] [ext: omni.isaac.dynamic_control-1.3.16] startup
2025-08-23 00:19:52 [51,708ms] [Warning] [omni.isaac.dynamic_control] omni.isaac.dynamic_control is deprecated as of Isaac Sim 4.5. No action is needed from end-users.
[51.968s] [ext: omni.warp.core-1.5.0] startup
[52.207s] [ext: omni.kit.widget.searchfield-1.1.8] startup
[52.220s] [ext: omni.kit.window.file_exporter-1.0.31] startup
[52.238s] [ext: omni.kit.widget.filter-1.1.4] startup
[52.248s] [ext: isaacsim.core.utils-2.2.8] startup
[52.279s] [ext: omni.kit.stage_template.core-1.1.22] startup
[52.290s] [ext: omni.kit.widget.stage-2.11.6] startup
[52.410s] [ext: omni.kit.widget.stage_icons-1.0.6] startup
[52.422s] [ext: omni.kit.window.file-1.3.57] startup
[52.461s] [ext: omni.kit.window.content_browser_registry-0.0.6] startup
[52.474s] [ext: omni.kit.widget.searchable_combobox-1.0.6] startup
[52.495s] [ext: omni.kit.window.stage-2.5.11] startup
[52.529s] [ext: omni.kit.window.content_browser-2.10.3] startup
[52.606s] [ext: omni.kit.usd.collect-2.2.22] startup
[52.626s] [ext: omni.kit.widget.settings-1.2.2] startup
[52.644s] [ext: omni.kit.menu.stage-1.2.5] startup
[52.656s] [ext: omni.kit.widget.prompt-1.0.7] startup
[52.665s] [ext: omni.kit.window.preferences-1.7.0] startup
[52.740s] [ext: omni.kit.viewport.utility-1.0.18] startup
[52.747s] [ext: omni.kit.xr.configurations-106.5.13] startup
[52.747s] [ext: omni.kit.widget.zoombar-1.0.5] startup
[52.761s] [ext: omni.rtx.window.settings-0.6.17] startup
[52.801s] [ext: omni.kit.manipulator.camera-106.0.3] startup
[52.832s] [ext: omni.kit.xr.core-106.5.13] startup
[55.029s] [ext: omni.physics.tensors-106.5.7] startup
[55.051s] [ext: omni.kit.browser.core-2.3.11] startup
[55.075s] [ext: omni.kit.xr.ui.window.viewport-106.5.13] startup
[55.138s] [ext: omni.physx.tensors-106.5.7] startup
[55.171s] [ext: omni.kit.browser.folder.core-1.10.1] startup
[55.223s] [ext: omni.kit.xr.scene_view.core-106.5.13] startup
[55.264s] [ext: isaacsim.core.simulation_manager-0.3.3] startup
[55.546s] [ext: omni.kit.tool.collect-2.2.16] startup
[55.569s] [ext: omni.services.facilities.base-1.0.4] startup
[55.590s] [ext: isaacsim.core.prims-0.3.7] startup
[55.695s] [ext: isaacsim.asset.browser-1.3.4] startup
[56.002s] [ext: omni.graph.tools-1.79.1] startup
[DEBUG] [AutoNode] Defining data type 'any' as 'Any'
[DEBUG] [AutoNode] Defining data type 'bool' as 'Bool' and array 'BoolArray
[DEBUG] [AutoNode] Defining data type 'bundle' as 'Bundle'
[DEBUG] [AutoNode] Defining data type 'colord[3]' as 'Color3d' and array 'Color3dArray
[DEBUG] [AutoNode] Defining data type 'colorf[3]' as 'Color3f' and array 'Color3fArray
[DEBUG] [AutoNode] Defining data type 'colorh[3]' as 'Color3h' and array 'Color3hArray
[DEBUG] [AutoNode] Defining data type 'colord[4]' as 'Color4d' and array 'Color4dArray
[DEBUG] [AutoNode] Defining data type 'colorf[4]' as 'Color4f' and array 'Color4fArray
[DEBUG] [AutoNode] Defining data type 'colorh[4]' as 'Color4h' and array 'Color4hArray
[DEBUG] [AutoNode] Defining data type 'double' as 'Double' and array 'DoubleArray
[DEBUG] [AutoNode] Defining data type 'double[2]' as 'Double2' and array 'Double2Array
[DEBUG] [AutoNode] Defining data type 'double[3]' as 'Double3' and array 'Double3Array
[DEBUG] [AutoNode] Defining data type 'double[4]' as 'Double4' and array 'Double4Array
[DEBUG] [AutoNode] Defining data type 'execution' as 'Execution'
[DEBUG] [AutoNode] Defining data type 'float' as 'Float' and array 'FloatArray
[DEBUG] [AutoNode] Defining data type 'float[2]' as 'Float2' and array 'Float2Array
[DEBUG] [AutoNode] Defining data type 'float[3]' as 'Float3' and array 'Float3Array
[DEBUG] [AutoNode] Defining data type 'float[4]' as 'Float4' and array 'Float4Array
[DEBUG] [AutoNode] Defining data type 'frame[4]' as 'Frame' and array 'FrameArray
[DEBUG] [AutoNode] Defining data type 'half' as 'Half' and array 'HalfArray
[DEBUG] [AutoNode] Defining data type 'half[2]' as 'Half2' and array 'Half2Array
[DEBUG] [AutoNode] Defining data type 'half[3]' as 'Half3' and array 'Half3Array
[DEBUG] [AutoNode] Defining data type 'half[4]' as 'Half4' and array 'Half4Array
[DEBUG] [AutoNode] Defining data type 'int' as 'Int' and array 'IntArray
[DEBUG] [AutoNode] Defining data type 'int[2]' as 'Int2' and array 'Int2Array
[DEBUG] [AutoNode] Defining data type 'int[3]' as 'Int3' and array 'Int3Array
[DEBUG] [AutoNode] Defining data type 'int[4]' as 'Int4' and array 'Int4Array
[DEBUG] [AutoNode] Defining data type 'int64' as 'Int64' and array 'Int64Array
[DEBUG] [AutoNode] Defining data type 'matrixd[2]' as 'Matrix2d' and array 'Matrix2dArray
[DEBUG] [AutoNode] Defining data type 'matrixd[3]' as 'Matrix3d' and array 'Matrix3dArray
[DEBUG] [AutoNode] Defining data type 'matrixd[4]' as 'Matrix4d' and array 'Matrix4dArray
[DEBUG] [AutoNode] Defining data type 'normald[3]' as 'Normal3d' and array 'Normal3dArray
[DEBUG] [AutoNode] Defining data type 'normalf[3]' as 'Normal3f' and array 'Normal3fArray
[DEBUG] [AutoNode] Defining data type 'normalh[3]' as 'Normal3h' and array 'Normal3hArray
[DEBUG] [AutoNode] Defining data type 'objectId' as 'ObjectId' and array 'ObjectIdArray
[DEBUG] [AutoNode] Defining data type 'path' as 'Path'
[DEBUG] [AutoNode] Defining data type 'pointd[3]' as 'Point3d' and array 'Point3dArray
[DEBUG] [AutoNode] Defining data type 'pointf[3]' as 'Point3f' and array 'Point3fArray
[DEBUG] [AutoNode] Defining data type 'pointh[3]' as 'Point3h' and array 'Point3hArray
[DEBUG] [AutoNode] Defining data type 'quatd[4]' as 'Quatd' and array 'QuatdArray
[DEBUG] [AutoNode] Defining data type 'quatf[4]' as 'Quatf' and array 'QuatfArray
[DEBUG] [AutoNode] Defining data type 'quath[4]' as 'Quath' and array 'QuathArray
[DEBUG] [AutoNode] Defining data type 'string' as 'String'
[DEBUG] [AutoNode] Defining data type 'target' as 'Target'
[DEBUG] [AutoNode] Defining data type 'texcoordd[2]' as 'TexCoord2d' and array 'TexCoord2dArray
[DEBUG] [AutoNode] Defining data type 'texcoordf[2]' as 'TexCoord2f' and array 'TexCoord2fArray
[DEBUG] [AutoNode] Defining data type 'texcoordh[2]' as 'TexCoord2h' and array 'TexCoord2hArray
[DEBUG] [AutoNode] Defining data type 'texcoordd[3]' as 'TexCoord3d' and array 'TexCoord3dArray
[DEBUG] [AutoNode] Defining data type 'texcoordf[3]' as 'TexCoord3f' and array 'TexCoord3fArray
[DEBUG] [AutoNode] Defining data type 'texcoordh[3]' as 'TexCoord3h' and array 'TexCoord3hArray
[DEBUG] [AutoNode] Defining data type 'timecode' as 'Timecode' and array 'TimecodeArray
[DEBUG] [AutoNode] Defining data type 'token' as 'Token' and array 'TokenArray
[DEBUG] [AutoNode] Defining data type 'uchar' as 'UChar' and array 'UCharArray
[DEBUG] [AutoNode] Defining data type 'uint' as 'UInt' and array 'UIntArray
[DEBUG] [AutoNode] Defining data type 'uint64' as 'UInt64' and array 'UInt64Array
[DEBUG] [AutoNode] Defining data type 'vectord[3]' as 'Vector3d' and array 'Vector3dArray
[DEBUG] [AutoNode] Defining data type 'vectorf[3]' as 'Vector3f' and array 'Vector3fArray
[DEBUG] [AutoNode] Defining data type 'vectorh[3]' as 'Vector3h' and array 'Vector3hArray
[56.230s] [ext: omni.services.core-1.9.0] startup
[57.603s] [ext: omni.kit.primitive.mesh-1.0.17] startup
[57.645s] [ext: omni.kit.widget.highlight_label-1.0.3] startup
[57.652s] [ext: omni.services.transport.server.base-1.1.1] startup
[57.672s] [ext: omni.kit.stage_templates-1.2.6] startup
[57.709s] [ext: omni.kit.window.property-1.11.5] startup
[57.741s] [ext: omni.services.transport.server.zeroconf-1.0.9] startup
[57.829s] [ext: isaacsim.core.api-4.2.16] startup
[57.962s] [ext: omni.kit.property.adapter.usd-1.0.2] startup
[57.979s] [ext: omni.kit.xr.advertise-106.5.13] startup
[57.993s] [ext: omni.isaac.assets_check-0.3.9] startup
2025-08-23 00:19:58 [57,747ms] [Warning] [omni.isaac.assets_check] omni.isaac.assets_check has been deprecated in favor of isaacsim.asset.browser. Please update your code accordingly.
[58.002s] [ext: omni.graph-1.140.2] startup
[58.261s] [ext: omni.kit.property.usd-4.2.16] startup
[58.348s] [ext: omni.graph.action_core-1.1.7] startup
[58.386s] [ext: omni.kit.menu.create-1.0.17] startup
[58.403s] [ext: omni.kit.widget.text_editor-1.0.2] startup
[58.423s] [ext: omni.graph.action_nodes-1.40.1] startup
[58.459s] [ext: isaacsim.core.cloner-1.3.4] startup
[58.474s] [ext: omni.kit.scripting-106.5.2] startup
[58.538s] [ext: omni.graph.scriptnode-1.40.1] startup
[58.559s] [ext: omni.graph.action-1.120.0] startup
[58.573s] [ext: omni.isaac.cloner-1.0.2] startup
2025-08-23 00:19:59 [58,331ms] [Warning] [omni.isaac.cloner] omni.isaac.cloner has been deprecated in favor of isaacsim.core.cloner. Please update your code accordingly.
[58.587s] [ext: isaacsim.replicator.behavior-1.0.8] startup
[58.601s] [ext: omni.ui_query-1.1.7] startup
[58.612s] [ext: omni.kit.widget.graph-1.12.17] startup
[58.665s] [ext: omni.kit.manipulator.viewport-107.0.1] startup
[58.678s] [ext: omni.kit.ui_test-1.3.3] startup
[58.695s] [ext: omni.kit.graph.delegate.default-1.2.2] startup
[58.715s] [ext: omni.kit.window.extensions-1.4.25] startup
[58.774s] [ext: omni.graph.visualization.nodes-2.1.1] startup
[58.821s] [ext: omni.graph.image.core-0.6.0] startup
[58.835s] [ext: omni.kit.graph.editor.core-1.5.3] startup
[58.861s] [ext: isaacsim.gui.components-1.0.9] startup
[58.892s] [ext: omni.kit.widget.material_preview-1.0.16] startup
[58.911s] [ext: omni.kit.graph.usd.commands-1.3.1] startup
[58.920s] [ext: omni.graph.image.nodes-1.3.0] startup
[58.937s] [ext: isaacsim.robot_motion.lula-4.0.4] startup
[59.092s] [ext: omni.kit.viewport.menubar.core-107.1.2] startup
[59.267s] [ext: omni.kit.window.material_graph-1.8.19] startup
[59.536s] [ext: omni.isaac.core-4.0.3] startup
2025-08-23 00:20:00 [59,294ms] [Warning] [omni.isaac.core.physics_context.physics_context] omni.isaac.core.physics_context.physics_context has been deprecated in favor of isaacsim.core.api.physics_context.physics_context. Please update your code accordingly.
2025-08-23 00:20:00 [59,299ms] [Warning] [omni.isaac.core.simulation_context.simulation_context] omni.isaac.core.simulation_context.simulation_context has been deprecated in favor of isaacsim.core.api.simulation_context.simulation_context. Please update your code accordingly.
2025-08-23 00:20:00 [59,305ms] [Warning] [omni.isaac.core.world.world] omni.isaac.core.world.world has been deprecated in favor of isaacsim.core.api.world.world. Please update your code accordingly.
2025-08-23 00:20:00 [59,305ms] [Warning] [omni.isaac.core] omni.isaac.core has been deprecated in favor of isaacsim.core.api. Please update your code accordingly.
[59.559s] [ext: isaacsim.robot_motion.motion_generation-8.0.6] startup
[59.630s] [ext: omni.graph.nodes-1.162.1] startup
[59.934s] [ext: omni.syntheticdata-0.6.10] startup
[60.036s] [ext: omni.kit.xr.system.cloudxr-106.5.13] startup
[60.072s] [ext: isaacsim.robot_motion.lula_test_widget-1.0.5] startup
[60.094s] [ext: omni.kit.xr.telemetry-106.5.13] startup
[60.117s] [ext: omni.kit.data2ui.core-1.0.27] startup
[60.146s] [ext: omni.kit.xr.ui.window.profile-106.5.13] startup
[60.268s] [ext: omni.kit.data2ui.usd-1.0.27] startup
[60.400s] [ext: omni.warp-1.5.0] startup
[60.442s] [ext: omni.no_code_ui.bundle-1.0.27] startup
[60.445s] [ext: omni.replicator.core-1.11.35] startup
Warp 1.5.0 initialized:
   CUDA Toolkit 11.8, Driver 12.8
   Devices:
     "cpu"      : "x86_64"
     "cuda:0"   : "NVIDIA A100-SXM4-80GB" (79 GiB, sm_80, mempool enabled)
   Kernel cache:
     /home/cgokmen/.cache/warp/1.5.0
2025-08-23 00:20:02 [61,712ms] [Warning] [omni.replicator.core.scripts.extension] No material configuration file, adding configuration to material settings directly.
[61.975s] [ext: omni.isaac.lula-4.0.2] startup
2025-08-23 00:20:02 [61,729ms] [Warning] [omni.isaac.lula] omni.isaac.lula has been deprecated in favor of isaacsim.robot_motion.lula. Please update your code accordingly.
[61.983s] [ext: omni.isaac.lula_test_widget-1.0.2] startup
2025-08-23 00:20:02 [61,741ms] [Warning] [omni.isaac.lula_test_widget] omni.isaac.lula_test_widget has been deprecated in favor of isaacsim.robot_motion.lula_test_widget. Please update your code accordingly.
[61.995s] [ext: omni.kit.xr.profile.common-106.5.13] startup
[62.046s] [ext: omni.kit.xr.scene_view.utils-106.5.13] startup
[78.949s] [ext: isaacsim.core.nodes-2.1.4] startup
[79.160s] [ext: isaacsim.robot.surface_gripper-2.0.6] startup
[79.215s] [ext: omni.kit.xr.system.openxr-106.5.13] startup
[79.440s] [ext: omni.kit.xr.system.steamvr-106.5.13] startup
[79.633s] [ext: omni.kit.xr.ui.stage-106.5.13] startup
[80.158s] [ext: omni.kit.selection-0.1.5] startup
[80.280s] [ext: isaacsim.robot.manipulators-3.0.4] startup
[80.733s] [ext: omni.isaac.core_nodes-2.0.2] startup
2025-08-23 00:20:21 [80,754ms] [Warning] [omni.isaac.core_nodes] omni.isaac.core_nodes has been deprecated in favor of isaacsim.core.nodes. Please update your code accordingly.
[81.009s] [ext: omni.anim.curve.core-1.2.0] startup
[81.329s] [ext: omni.kit.xr.profile.vr-106.5.13] startup
[81.412s] [ext: isaacsim.gui.menu-2.0.9] startup
[81.597s] [ext: omni.isaac.manipulators-3.0.3] startup
2025-08-23 00:20:22 [81,385ms] [Warning] [omni.isaac.manipulators] omni.isaac.manipulators has been deprecated in favor of isaacsim.robot.manipulators. Please update your code accordingly.
2025-08-23 00:20:22 [81,402ms] [Warning] [omni.isaac.manipulators.controllers] omni.isaac.manipulators has been deprecated in favor of isaacsim.robot.manipulators. Please update your code accordingly.
2025-08-23 00:20:22 [81,409ms] [Warning] [omni.isaac.manipulators.controllers.pick_place_controller] omni.isaac.manipulators has been deprecated in favor of isaacsim.robot.manipulators. Please update your code accordingly.
2025-08-23 00:20:22 [81,426ms] [Warning] [omni.isaac.manipulators.controllers.stacking_controller] omni.isaac.manipulators has been deprecated in favor of isaacsim.robot.manipulators. Please update your code accordingly.
2025-08-23 00:20:22 [81,434ms] [Warning] [omni.isaac.manipulators.grippers] omni.isaac.manipulators has been deprecated in favor of isaacsim.robot.manipulators. Please update your code accordingly.
2025-08-23 00:20:22 [81,439ms] [Warning] [omni.isaac.manipulators.grippers.gripper] omni.isaac.manipulators has been deprecated in favor of isaacsim.robot.manipulators. Please update your code accordingly.
2025-08-23 00:20:22 [81,443ms] [Warning] [omni.isaac.manipulators.grippers.parallel_gripper] omni.isaac.manipulators has been deprecated in favor of isaacsim.robot.manipulators. Please update your code accordingly.
2025-08-23 00:20:22 [81,452ms] [Warning] [omni.isaac.manipulators.grippers.surface_gripper] omni.isaac.manipulators has been deprecated in favor of isaacsim.robot.manipulators. Please update your code accordingly.
2025-08-23 00:20:22 [81,457ms] [Warning] [omni.isaac.manipulators.manipulators] omni.isaac.manipulators has been deprecated in favor of isaacsim.robot.manipulators. Please update your code accordingly.
2025-08-23 00:20:22 [81,460ms] [Warning] [omni.isaac.manipulators.manipulators.single_manipulator] omni.isaac.manipulators has been deprecated in favor of isaacsim.robot.manipulators. Please update your code accordingly.
[81.714s] [ext: isaacsim.sensors.physics-0.3.5] startup
[81.856s] [ext: omni.isaac.menu-1.0.2] startup
2025-08-23 00:20:22 [81,632ms] [Warning] [omni.isaac.menu] omni.isaac.menu has been deprecated in favor of isaacsim.gui.menu. Please update your code accordingly.
[81.886s] [ext: omni.isaac.motion_generation-8.0.2] startup
2025-08-23 00:20:22 [81,682ms] [Warning] [omni.isaac.motion_generation] omni.isaac.motion_generation has been deprecated in favor of isaacsim.robot_motion.motion_generation. Please update your code accordingly.
2025-08-23 00:20:22 [81,702ms] [Warning] [omni.isaac.motion_generation.articulation_kinematics_solver] omni.isaac.motion_generation has been deprecated in favor of isaacsim.robot_motion.motion_generation. Please update your code accordingly.
2025-08-23 00:20:22 [81,708ms] [Warning] [omni.isaac.motion_generation.articulation_motion_policy] omni.isaac.motion_generation has been deprecated in favor of isaacsim.robot_motion.motion_generation. Please update your code accordingly.
2025-08-23 00:20:22 [81,739ms] [Warning] [omni.isaac.motion_generation.articulation_trajectory] omni.isaac.motion_generation has been deprecated in favor of isaacsim.robot_motion.motion_generation. Please update your code accordingly.
2025-08-23 00:20:22 [81,766ms] [Warning] [omni.isaac.motion_generation.kinematics_interface] omni.isaac.motion_generation has been deprecated in favor of isaacsim.robot_motion.motion_generation. Please update your code accordingly.
2025-08-23 00:20:22 [81,795ms] [Warning] [omni.isaac.motion_generation.lula] omni.isaac.motion_generation has been deprecated in favor of isaacsim.robot_motion.motion_generation. Please update your code accordingly.
2025-08-23 00:20:22 [81,836ms] [Warning] [omni.isaac.motion_generation.lula.kinematics] omni.isaac.motion_generation has been deprecated in favor of isaacsim.robot_motion.motion_generation. Please update your code accordingly.
2025-08-23 00:20:22 [81,848ms] [Warning] [omni.isaac.motion_generation.lula.motion_policies] omni.isaac.motion_generation has been deprecated in favor of isaacsim.robot_motion.motion_generation. Please update your code accordingly.
2025-08-23 00:20:22 [81,872ms] [Warning] [omni.isaac.motion_generation.lula.path_planners] omni.isaac.motion_generation has been deprecated in favor of isaacsim.robot_motion.motion_generation. Please update your code accordingly.
2025-08-23 00:20:22 [81,890ms] [Warning] [omni.isaac.motion_generation.lula.trajectory_generator] omni.isaac.motion_generation has been deprecated in favor of isaacsim.robot_motion.motion_generation. Please update your code accordingly.
2025-08-23 00:20:22 [81,913ms] [Warning] [omni.isaac.motion_generation.motion_policy_controller] omni.isaac.motion_generation has been deprecated in favor of isaacsim.robot_motion.motion_generation. Please update your code accordingly.
2025-08-23 00:20:22 [81,952ms] [Warning] [omni.isaac.motion_generation.motion_policy_interface] omni.isaac.motion_generation has been deprecated in favor of isaacsim.robot_motion.motion_generation. Please update your code accordingly.
2025-08-23 00:20:22 [82,051ms] [Warning] [omni.isaac.motion_generation.path_planner_visualizer] omni.isaac.motion_generation has been deprecated in favor of isaacsim.robot_motion.motion_generation. Please update your code accordingly.
2025-08-23 00:20:23 [82,100ms] [Warning] [omni.isaac.motion_generation.path_planning_interface] omni.isaac.motion_generation has been deprecated in favor of isaacsim.robot_motion.motion_generation. Please update your code accordingly.
2025-08-23 00:20:23 [82,153ms] [Warning] [omni.isaac.motion_generation.trajectory] omni.isaac.motion_generation has been deprecated in favor of isaacsim.robot_motion.motion_generation. Please update your code accordingly.
2025-08-23 00:20:23 [82,213ms] [Warning] [omni.isaac.motion_generation.world_interface] omni.isaac.motion_generation has been deprecated in favor of isaacsim.robot_motion.motion_generation. Please update your code accordingly.
[82.468s] [ext: isaacsim.robot.policy.examples-4.0.3] startup
[82.808s] [ext: omni.sensors.nv.common-2.5.0-coreapi] startup
[83.817s] [ext: omni.isaac.nucleus-1.0.3] startup
2025-08-23 00:20:24 [83,586ms] [Warning] [omni.isaac.nucleus] omni.isaac.nucleus has been deprecated in favor of isaacsim.storage.native. Please update your code accordingly.
2025-08-23 00:20:24 [83,589ms] [Warning] [omni.isaac.nucleus.nucleus] omni.isaac.nucleus.nucleus has been deprecated in favor of isaacsim.storage.native. Please update your code accordingly.
[83.845s] [ext: omni.isaac.quadruped-3.0.2] startup
2025-08-23 00:20:24 [83,687ms] [Warning] [omni.isaac.quadruped] omni.isaac.quadruped has been deprecated in favor of isaacsim.robot.policy.examples. Please update your code accordingly.
[83.941s] [ext: omni.sensors.nv.materials-1.4.0-coreapi] startup
[84.164s] [ext: isaacsim.sensors.camera-0.2.9] startup
[84.262s] [ext: omni.sensors.nv.wpm-2.4.0-coreapi] startup
[84.336s] [ext: omni.sensors.nv.lidar-2.6.3-coreapi] startup
[84.456s] [ext: isaacsim.util.debug_draw-2.0.2] startup
[84.810s] [ext: omni.sensors.tiled-0.0.6] startup
[84.952s] [ext: omni.sensors.nv.radar-2.6.1-coreapi] startup
[85.293s] [ext: omni.sensors.nv.ids-1.4.0-coreapi] startup
[85.376s] [ext: isaacsim.sensors.physx-2.2.4] startup
[85.570s] [ext: isaacsim.robot.manipulators.examples-1.0.3] startup
[85.602s] [ext: isaacsim.sensors.rtx-13.6.3] startup
[85.880s] [ext: omni.isaac.range_sensor-4.0.2] startup
[86.167s] [ext: isaacsim.cortex.framework-1.0.2] startup
[86.185s] [ext: omni.isaac.sensor-13.0.3] startup
2025-08-23 00:20:26 [85,967ms] [Warning] [omni.isaac.sensor] omni.isaac.sensor has been deprecated in favor of isaacsim.sensors.camera, isaacsim.sensors.physics, isaacsim.sensors.physx, and isaacsim.sensors.rtx. Please update your code accordingly.
2025-08-23 00:20:26 [85,988ms] [Warning] [omni.isaac.sensor.camera] omni.isaac.sensor.camera has been deprecated in favor of isaacsim.sensors.camera.camera. Please update your code accordingly.
2025-08-23 00:20:26 [85,997ms] [Warning] [omni.isaac.sensor.camera_view] omni.isaac.sensor.camera_view has been deprecated in favor of isaacsim.sensors.camera.camera_view. Please update your code accordingly.
2025-08-23 00:20:26 [86,007ms] [Warning] [omni.isaac.sensor.commands] omni.isaac.sensor.commands has been deprecated in favor of isaacsim.sensors.physics.commands, isaacsim.sensors.physx.commands, and isaacsim.sensors.rtx.commands. Please update your code accordingly.
2025-08-23 00:20:26 [86,015ms] [Warning] [omni.isaac.sensor.contact_sensor] omni.isaac.sensor.contact_sensor has been deprecated in favor of isaacsim.sensors.physics.contact_sensor. Please update your code accordingly.
2025-08-23 00:20:26 [86,032ms] [Warning] [omni.isaac.sensor.imu_sensor] omni.isaac.sensor.imu_sensor has been deprecated in favor of isaacsim.sensors.physics.imu_sensor. Please update your code accordingly.
2025-08-23 00:20:26 [86,042ms] [Warning] [omni.isaac.sensor.lidar_rtx] omni.isaac.sensor.lidar_rtx has been deprecated in favor of isaacsim.sensors.rtx.lidar_rtx. Please update your code accordingly.
2025-08-23 00:20:26 [86,058ms] [Warning] [omni.isaac.sensor.rotating_lidar_physX] omni.isaac.sensor.imu_sensor has been deprecated in favor of isaacsim.sensors.physix.rotating_lidar_physX. Please update your code accordingly.
2025-08-23 00:20:27 [86,142ms] [Warning] [omni.isaac.sensor.scripts.samples.contact_sensor] omni.isaac.sensor.scripts.samples.contact_sensor has been deprecated in favor of isaacsim.sensors.physics.scripts.samples.contact_sensor. Please update your code accordingly.
2025-08-23 00:20:27 [86,151ms] [Warning] [omni.isaac.sensor.scripts.samples.imu_sensor] omni.isaac.sensor.scripts.samples.imu_sensor has been deprecated in favor of isaacsim.sensors.physics.scripts.samples.imu_sensor. Please update your code accordingly.
2025-08-23 00:20:27 [86,156ms] [Warning] [omni.isaac.sensor.scripts.samples.lightbeam_sensor] omni.isaac.sensor.scripts.samples.lightbeam_sensor has been deprecated in favor of isaacsim.sensors.physx.scripts.samples.lightbeam_sensor. Please update your code accordingly.
[86.410s] [ext: omni.isaac.surface_gripper-2.0.2] startup
2025-08-23 00:20:27 [86,166ms] [Warning] [omni.isaac.surface_gripper] omni.isaac.surface_gripper has been deprecated in favor of isaacsim.robot.surface_gripper. Please update your code accordingly.
[86.420s] [ext: omni.kit.manipulator.transform-106.0.1] startup
[86.620s] [ext: omni.isaac.cortex-1.0.2] startup
2025-08-23 00:20:27 [86,400ms] [Warning] [omni.isaac.cortex] omni.isaac.cortex has been deprecated in favor of isaacsim.cortex.framework. Please update your code accordingly.
[86.655s] [ext: omni.kit.widget.toolbar-1.7.3] startup
[87.051s] [ext: omni.isaac.universal_robots-1.0.2] startup
2025-08-23 00:20:27 [86,809ms] [Warning] [omni.isaac.universal_robots] omni.isaac.universal_robots has been deprecated in favor of isaacsim.robot.manipulators.examples.universal_robots. Please update your code accordingly.
2025-08-23 00:20:27 [86,818ms] [Warning] [omni.isaac.universal_robots.kinematics_solver] omni.isaac.franka has been deprecated in favor of isaacsim.robot.manipulators.examples.universal_robots. Please update your code accordingly.
2025-08-23 00:20:27 [86,844ms] [Warning] [omni.isaac.universal_robots.ur10] omni.isaac.franka has been deprecated in favor of isaacsim.robot.manipulators.examples.universal_robots. Please update your code accordingly.
[87.102s] [ext: isaacsim.cortex.behaviors-2.0.3] startup
[87.143s] [ext: omni.kit.manipulator.tool.snap-1.5.12] startup
[87.366s] [ext: omni.kit.manipulator.selector-1.1.1] startup
[87.434s] [ext: omni.isaac.utils-2.0.2] startup
[87.504s] [ext: omni.isaac.cortex.sample_behaviors-2.0.2] startup
2025-08-23 00:20:28 [87,264ms] [Warning] [omni.isaac.cortex.sample_behaviors] omni.isaac.cortex.sample_behaviors has been deprecated in favor of isaacsim.cortex.behaviors. Please update your code accordingly.
[87.519s] [ext: omni.kit.viewport.manipulator.transform-107.0.4] startup
[87.656s] [ext: omni.graph.ui_nodes-1.40.1] startup
[87.770s] [ext: omni.fabric.commands-1.1.5] startup
[87.863s] [ext: omni.kit.manipulator.prim.core-107.0.7] startup
[88.041s] [ext: omni.kit.property.camera-1.0.9] startup
[88.095s] [ext: omni.kit.property.geometry-1.3.3] startup
[88.225s] [ext: omni.kit.property.light-1.0.11] startup
[88.301s] [ext: omni.kit.manipulator.prim.fabric-107.0.4] startup
[88.363s] [ext: omni.kit.manipulator.prim.usd-107.0.3] startup
[88.435s] [ext: omni.kit.property.material-1.10.17] startup
[88.763s] [ext: omni.kit.viewport.actions-107.0.0] startup
[88.816s] [ext: omni.debugdraw-0.1.3] startup
[88.954s] [ext: omni.kit.manipulator.prim-107.0.0] startup
[88.956s] [ext: omni.kit.manipulator.selection-106.0.1] startup
[89.034s] [ext: omni.kit.viewport.menubar.display-107.0.3] startup
[89.122s] [ext: omni.kit.widget.layers-1.8.2] startup
[89.598s] [ext: omni.hydra.scene_api-0.1.2] startup
[89.676s] [ext: omni.kit.property.render-1.1.3] startup
[89.769s] [ext: omni.physx.commands-106.5.7] startup
[89.797s] [ext: omni.usdphysics.ui-106.5.7] startup
[94.581s] [ext: omni.kit.property.transform-1.5.10] startup
[94.876s] [ext: omni.kit.property.audio-1.0.16] startup
[95.106s] [ext: isaacsim.gui.property-1.0.4] startup
[95.213s] [ext: omni.physx.ui-106.5.7] startup
[95.588s] [ext: omni.kit.property.bundle-1.3.2] startup
[95.667s] [ext: omni.kit.property.isaac-1.0.2] startup
2025-08-23 00:20:36 [95,476ms] [Warning] [omni.kit.property.isaac] omni.kit.property.isaac has been deprecated in favor of isaacsim.gui.property. Please update your code accordingly.
2025-08-23 00:20:36 [95,532ms] [Warning] [omni.kit.property.isaac.widgets] omni.kit.property.isaac.widgets has been deprecated in favor of isaacsim.gui.property.widgets. Please update your code accordingly.
[95.788s] [ext: omni.kit.property.physx-106.5.7] startup
[97.624s] [ext: omni.physx.demos-106.5.7] startup
[99.493s] [ext: omni.kit.viewport.menubar.camera-107.0.2] startup
[99.860s] [ext: omni.kit.viewport.menubar.lighting-106.0.2] startup
[99.921s] [ext: omni.kit.viewport.menubar.render-107.0.8] startup
[100.167s] [ext: omni.physx.vehicle-106.5.7] startup
[100.974s] [ext: omni.kit.viewport.menubar.settings-107.0.3] startup
[101.183s] [ext: omni.kit.window.console-0.2.14] startup
[101.243s] [ext: omni.kit.window.toolbar-1.6.2] startup
[101.292s] [ext: omni.physx.camera-106.5.7] startup
[101.561s] [ext: omni.physx.cct-106.5.7] startup
[101.728s] [ext: omni.physx.graph-106.5.7] startup
[101.983s] [ext: omni.physx.supportui-106.5.7] startup
[102.304s] [ext: isaacsim.replicator.writers-1.0.1] startup
[102.988s] [ext: omni.physx.telemetry-106.5.7] startup
[103.078s] [ext: omni.isaac.version-2.0.2] startup
2025-08-23 00:20:43 [102,846ms] [Warning] [omni.isaac.version] omni.isaac.version has been deprecated in favor of isaacsim.core.version. Please update your code accordingly.
[103.100s] [ext: isaacsim.robot.wheeled_robots-4.0.3] startup
[103.707s] [ext: isaacsim.replicator.domain_randomization-1.0.2] startup
[103.966s] [ext: isaacsim.replicator.examples-1.1.2] startup
[104.036s] [ext: omni.kit.window.status_bar-0.1.7] startup
[104.306s] [ext: omni.physx.bundle-106.5.7] startup
[104.309s] [ext: omni.usd.metrics.assembler-106.5.0] startup
[104.534s] [ext: omni.isaac.wheeled_robots-3.0.3] startup
2025-08-23 00:20:45 [104,299ms] [Warning] [omni.isaac.wheeled_robots] omni.isaac.wheeled_robots has been deprecated in favor of isaacsim.robot.wheeled_robots. Please update your code accordingly.
2025-08-23 00:20:45 [104,316ms] [Warning] [omni.isaac.wheeled_robots.controllers] omni.isaac.wheeled_robots has been deprecated in favor of isaacsim.robot.wheeled_robots. Please update your code accordingly.
2025-08-23 00:20:45 [104,324ms] [Warning] [omni.isaac.wheeled_robots.controllers.ackermann_controller] omni.isaac.wheeled_robots has been deprecated in favor of isaacsim.robot.wheeled_robots. Please update your code accordingly.
2025-08-23 00:20:45 [104,346ms] [Warning] [omni.isaac.wheeled_robots.controllers.differential_controller] omni.isaac.wheeled_robots has been deprecated in favor of isaacsim.robot.wheeled_robots. Please update your code accordingly.
2025-08-23 00:20:45 [104,363ms] [Warning] [omni.isaac.wheeled_robots.controllers.holonomic_controller] omni.isaac.wheeled_robots has been deprecated in favor of isaacsim.robot.wheeled_robots. Please update your code accordingly.
2025-08-23 00:20:45 [104,398ms] [Warning] [omni.isaac.wheeled_robots.controllers.quintic_path_planner] omni.isaac.wheeled_robots has been deprecated in favor of isaacsim.robot.wheeled_robots. Please update your code accordingly.
2025-08-23 00:20:45 [104,417ms] [Warning] [omni.isaac.wheeled_robots.controllers.stanley_control] omni.isaac.wheeled_robots has been deprecated in favor of isaacsim.robot.wheeled_robots. Please update your code accordingly.
2025-08-23 00:20:45 [104,426ms] [Warning] [omni.isaac.wheeled_robots.controllers.wheel_base_pose_controller] omni.isaac.wheeled_robots has been deprecated in favor of isaacsim.robot.wheeled_robots. Please update your code accordingly.
2025-08-23 00:20:45 [104,465ms] [Warning] [omni.isaac.wheeled_robots.impl] omni.isaac.wheeled_robots has been deprecated in favor of isaacsim.robot.wheeled_robots. Please update your code accordingly.
2025-08-23 00:20:45 [104,516ms] [Warning] [omni.isaac.wheeled_robots.robots] omni.isaac.wheeled_robots has been deprecated in favor of isaacsim.robot.wheeled_robots. Please update your code accordingly.
2025-08-23 00:20:45 [104,525ms] [Warning] [omni.isaac.wheeled_robots.robots.holonomic_robot_usd_setup] omni.isaac.wheeled_robots has been deprecated in favor of isaacsim.robot.wheeled_robots. Please update your code accordingly.
2025-08-23 00:20:45 [104,592ms] [Warning] [omni.isaac.wheeled_robots.robots.wheeled_robot] omni.isaac.wheeled_robots has been deprecated in favor of isaacsim.robot.wheeled_robots. Please update your code accordingly.
[104.850s] [ext: omni.isaac.franka-1.0.2] startup
2025-08-23 00:20:45 [104,609ms] [Warning] [omni.isaac.franka] omni.isaac.franka has been deprecated in favor of isaacsim.robot.manipulators.examples.franka. Please update your code accordingly.
2025-08-23 00:20:45 [104,621ms] [Warning] [omni.isaac.franka.franka] omni.isaac.franka has been deprecated in favor of isaacsim.robot.manipulators.examples.franka. Please update your code accordingly.
2025-08-23 00:20:45 [104,683ms] [Warning] [omni.isaac.franka.kinematics_solver] omni.isaac.franka has been deprecated in favor of isaacsim.robot.manipulators.examples.franka. Please update your code accordingly.
[104.937s] [ext: omni.replicator.isaac-2.0.3] startup
2025-08-23 00:20:45 [104,709ms] [Warning] [omni.replicator.isaac] omni.replicator.isaac has been deprecated in favor of isaacsim.replicator.domain_randomization, isaacsim.replicator.examples, isaacsim.replicator.writers. Please update your code accordingly.
[104.964s] [ext: omni.replicator.replicator_yaml-2.0.10] startup
[105.160s] [ext: omni.rtx.settings.core-0.6.3] startup
[105.451s] [ext: omni.usd.metrics.assembler.ui-106.5.0] startup
[105.601s] [ext: omni.kit.tool.asset_importer-2.12.3] startup
[106.035s] [ext: isaacsim.app.about-2.0.7] startup
[106.076s] [ext: semantics.schema.editor-0.3.10] startup
[106.175s] [ext: isaacsim.examples.browser-0.1.8] startup
[106.284s] [ext: isaacsim.simulation_app-2.4.2] startup
[106.286s] [ext: semantics.schema.property-1.0.5] startup
[106.324s] [ext: isaacsim.asset.importer.mjcf-2.3.7] startup
[106.615s] [ext: omni.isaac.window.about-2.0.2] startup
2025-08-23 00:20:47 [106,414ms] [Warning] [omni.isaac.window.about] omni.isaac.window.about has been deprecated in favor of isaacsim.app.about. Please update your code accordingly.
2025-08-23 00:20:47 [106,422ms] [Warning] [omni.isaac.window.about.about] omni.isaac.window.about.about has been deprecated in favor of isaacsim.app.about.about. Please update your code accordingly.
[106.676s] [ext: omni.kit.ui.actions-1.0.2] startup
[106.726s] [ext: isaacsim.asset.importer.urdf-2.3.14] startup
[107.044s] [ext: omni.isaac.kit-2.0.3] startup
2025-08-23 00:20:47 [106,800ms] [Warning] [omni.isaac.kit] omni.isaac.kit has been deprecated in favor of isaacsim.simulation_app. Please update your code accordingly.
[107.055s] [ext: omni.isaac.asset_browser-1.0.2] startup
2025-08-23 00:20:47 [106,811ms] [Warning] [omni.isaac.asset_browser] omni.isaac.asset_browser has been deprecated in favor of isaacsim.asset.browser. Please update your code accordingly.
[107.065s] [ext: isaacsim.core.throttling-2.0.2] startup
[107.113s] [ext: omni.flowusd-106.5.2] startup
2025-08-23 00:20:47 [106,954ms] [Warning] [omni.stageupdate.plugin] Deprecated: direct use of IStageUpdate callbacks is deprecated. Use IStageUpdate::getStageUpdate instead.
[107.269s] [ext: omni.kit.menu.common-1.1.9] startup
[107.350s] [ext: isaacsim.exp.base-4.5.0] startup
[107.350s] [ext: omnigibson_4_5_0-1.5.0] startup
[107.380s] Simulation App Starting
2025-08-23 00:20:48 [107,875ms] [Warning] [omni.kvdb.plugin] Disabling key-value database because another kit process is locking it
2025-08-23 00:20:48 [107,909ms] [Warning] [carb.audio.device] audio device is misconfigured or broken {deviceIndex = 0, name = 'default'} (The device is likely misconfigured, check your $HOME/.asoundrc)
2025-08-23 00:20:48 [107,910ms] [Warning] [carb.audio.output] failed to retrieve the capabilities for device 0 {result = eDeviceLost (2)}
2025-08-23 00:20:48 [107,910ms] [Warning] [carb.audio.context] failed to set the requested output during context creation.  Using a null streamer instead {result = eDeviceLost (2)}
[108.317s] app ready
2025-08-23 00:20:50 [109,174ms] [Warning] [rtx.neuraylib.plugin] [IRAY:RENDER]   1.1   IRAY   rend warn : CUDA device 0 (NVIDIA A100-SXM4-80GB): ECC is enabled, this will reduce rendering performance (it is strongly recommended to disable ECC with iray)
2025-08-23 00:20:50 [109,257ms] [Warning] [rtx.scenedb.plugin] SceneDbContext : TLAS limit buffer size 2705217792
2025-08-23 00:20:50 [109,257ms] [Warning] [rtx.scenedb.plugin] SceneDbContext : TLAS limit : valid true, within: false
2025-08-23 00:25:58 [417,315ms] [Warning] [omni.usd-abi.plugin] No setting was found for '/rtx-defaults-transient/meshlights/forceDisable'
2025-08-23 00:26:03 [422,951ms] [Warning] [omni.usd-abi.plugin] No setting was found for '/rtx-defaults/post/dlss/execMode'
2025-08-23 00:32:01 [780,331ms] [Warning] [rtx.postprocessing.plugin] DLSS-RR is not supported in the current build due to some known bugs with this GPU: NVIDIA A100-SXM4-80GB.Note that RTX Real-Time raytracing mode will not be able to denoise the output correctly.
[782.943s] Simulation App Startup Complete
2025-08-23 00:33:23 [862,282ms] [Warning] [carb] Failed to startup plugin carb.windowing-glfw.plugin (interfaces: [carb::windowing::IGLContext v1.0],[carb::windowing::IWindowing v1.5]) (impl: carb.windowing-glfw.plugin)
2025-08-23 00:34:05 [904,169ms] [Warning] [omni.syntheticdata.plugin] OgnSdPostRenderVarToHost : rendervar copy from texture directly to host buffer is counter-performant. Please use copy from texture to device buffer first.
2025-08-23 00:34:05 [904,236ms] [Warning] [omni.fabric.plugin] removePath called on non-existent path /Render/OmniverseKit/HydraTextures/Replicator/PostRender/SDGPipeline/Replicator_GpuInteropEntry 


                   ____________
                  /          / \
                 /          / /__
                /          / /  /\
               /__________/ /__/  \
               \   _____  \ \__\  /
                \  \  / \  \ \_/ /
                 \  \/___\  \   /
                  \__________\_/  
       ___                  _  ____ _ _                     
      / _ \ _ __ ___  _ __ (_)/ ___(_) |__  ___  ___  _ __  
     | | | | '_ ` _ \| '_ \| | |  _| | '_ \/ __|/ _ \| '_ \ 
     | |_| | | | | | | | | | | |_| | | |_) \__ \ (_) | | | |
      \___/|_| |_| |_|_| |_|_|\____|_|_.__/|___/\___/|_| |_|

[INFO] [omnigibson.simulator] ---------- Welcome to OmniGibson! ----------
2025-08-23 00:34:12 [911,900ms] [Warning] [omni.syntheticdata.plugin] SdRenderVarPtr missing valid input renderVar LdrColorSDhost
2025-08-23 00:34:12 [911,976ms] [Warning] [carb] Failed to startup plugin carb.windowing-glfw.plugin (interfaces: [carb::windowing::IGLContext v1.0],[carb::windowing::IWindowing v1.5]) (impl: carb.windowing-glfw.plugin)
[INFO] [omnigibson.simulator] Imported scene 0.
[WARNING] [omnigibson.objects.dataset_object] Category stages not found in average object specs! Defaulting to unit mass or density.
2025-08-23 00:34:16 [915,622ms] [Warning] [omnigibson.objects.dataset_object] Category stages not found in average object specs! Defaulting to unit mass or density.
[WARNING] [omnigibson.objects.dataset_object] Category drinkware not found in average object specs! Defaulting to unit mass or density.
2025-08-23 00:34:20 [919,326ms] [Warning] [omnigibson.objects.dataset_object] Category drinkware not found in average object specs! Defaulting to unit mass or density.
[WARNING] [omnigibson.prims.material_prim] No compatible material prim class found for material at /World/scene_0/cup_1/Looks/Shader1 with asset path gltf/pbr.mdl and sub-identifier gltf_material. Using MaterialPrim as a fallback.
2025-08-23 00:34:23 [923,069ms] [Warning] [omnigibson.prims.material_prim] No compatible material prim class found for material at /World/scene_0/cup_1/Looks/Shader1 with asset path gltf/pbr.mdl and sub-identifier gltf_material. Using MaterialPrim as a fallback.
[WARNING] [omnigibson.objects.dataset_object] Category cup not found in average object specs! Defaulting to unit mass or density.
2025-08-23 00:34:25 [924,308ms] [Warning] [omnigibson.objects.dataset_object] Category cup not found in average object specs! Defaulting to unit mass or density.
[WARNING] [omnigibson.objects.dataset_object] Category plant not found in average object specs! Defaulting to unit mass or density.
2025-08-23 00:34:26 [925,792ms] [Warning] [omnigibson.objects.dataset_object] Category plant not found in average object specs! Defaulting to unit mass or density.
[WARNING] [omnigibson.objects.dataset_object] Category plant not found in average object specs! Defaulting to unit mass or density.
2025-08-23 00:34:28 [927,293ms] [Warning] [omnigibson.objects.dataset_object] Category plant not found in average object specs! Defaulting to unit mass or density.
[WARNING] [omnigibson.objects.dataset_object] Category cabinet not found in average object specs! Defaulting to unit mass or density.
2025-08-23 00:34:28 [927,684ms] [Warning] [omnigibson.objects.dataset_object] Category cabinet not found in average object specs! Defaulting to unit mass or density.
[WARNING] [omnigibson.prims.material_prim] No compatible material prim class found for material at /World/scene_0/tv_5/Looks/TV_Screen2 with asset path gltf/pbr.mdl and sub-identifier gltf_material. Using MaterialPrim as a fallback.
2025-08-23 00:34:28 [927,728ms] [Warning] [omnigibson.prims.material_prim] No compatible material prim class found for material at /World/scene_0/tv_5/Looks/TV_Screen2 with asset path gltf/pbr.mdl and sub-identifier gltf_material. Using MaterialPrim as a fallback.
[WARNING] [omnigibson.objects.dataset_object] Category tv not found in average object specs! Defaulting to unit mass or density.
2025-08-23 00:34:28 [927,973ms] [Warning] [omnigibson.objects.dataset_object] Category tv not found in average object specs! Defaulting to unit mass or density.
[WARNING] [omnigibson.objects.stateful_object] State AttachedTo is incompatible with obj hanger_6. Reason: LinkBasedStateMixin AttachedTo requires meta link with type ['attachment'] for obj hanger_6 but none was found! To get valid compatible object models, please use omnigibson.utils.asset_utils.get_all_object_category_models_with_abilities(...)
2025-08-23 00:34:29 [928,636ms] [Warning] [omnigibson.objects.stateful_object] State AttachedTo is incompatible with obj hanger_6. Reason: LinkBasedStateMixin AttachedTo requires meta link with type ['attachment'] for obj hanger_6 but none was found! To get valid compatible object models, please use omnigibson.utils.asset_utils.get_all_object_category_models_with_abilities(...)
[WARNING] [omnigibson.objects.stateful_object] State ContainedParticles is incompatible with obj tray_7. Reason: LinkBasedStateMixin ContainedParticles requires meta link with type ['fillable', 'openfillable'] for obj tray_7 but none was found! To get valid compatible object models, please use omnigibson.utils.asset_utils.get_all_object_category_models_with_abilities(...)
2025-08-23 00:34:30 [929,248ms] [Warning] [omnigibson.objects.stateful_object] State ContainedParticles is incompatible with obj tray_7. Reason: LinkBasedStateMixin ContainedParticles requires meta link with type ['fillable', 'openfillable'] for obj tray_7 but none was found! To get valid compatible object models, please use omnigibson.utils.asset_utils.get_all_object_category_models_with_abilities(...)
[WARNING] [omnigibson.objects.stateful_object] State Filled is incompatible with obj tray_7. Reason: Missing required dependency state ContainedParticles
2025-08-23 00:34:30 [929,249ms] [Warning] [omnigibson.objects.stateful_object] State Filled is incompatible with obj tray_7. Reason: Missing required dependency state ContainedParticles
[WARNING] [omnigibson.objects.stateful_object] State Contains is incompatible with obj tray_7. Reason: Missing required dependency state ContainedParticles
2025-08-23 00:34:30 [929,249ms] [Warning] [omnigibson.objects.stateful_object] State Contains is incompatible with obj tray_7. Reason: Missing required dependency state ContainedParticles
[WARNING] [omnigibson.objects.dataset_object] Category clock not found in average object specs! Defaulting to unit mass or density.
2025-08-23 00:34:31 [930,474ms] [Warning] [omnigibson.objects.dataset_object] Category clock not found in average object specs! Defaulting to unit mass or density.
[WARNING] [omnigibson.prims.material_prim] No compatible material prim class found for material at /World/scene_0/carpet_9/Looks/Rug with asset path gltf/pbr.mdl and sub-identifier gltf_material. Using MaterialPrim as a fallback.
2025-08-23 00:34:31 [930,771ms] [Warning] [omnigibson.prims.material_prim] No compatible material prim class found for material at /World/scene_0/carpet_9/Looks/Rug with asset path gltf/pbr.mdl and sub-identifier gltf_material. Using MaterialPrim as a fallback.
[WARNING] [omnigibson.objects.stateful_object] State ParticleRemover is incompatible with obj carpet_9. Reason: ParticleRemover requires gm.USE_GPU_DYNAMICS=True!
2025-08-23 00:34:31 [930,830ms] [Warning] [omnigibson.objects.stateful_object] State ParticleRemover is incompatible with obj carpet_9. Reason: ParticleRemover requires gm.USE_GPU_DYNAMICS=True!
[WARNING] [omnigibson.prims.material_prim] No compatible material prim class found for material at /World/scene_0/carpet_10/Looks/Rug with asset path gltf/pbr.mdl and sub-identifier gltf_material. Using MaterialPrim as a fallback.
2025-08-23 00:34:31 [930,875ms] [Warning] [omnigibson.prims.material_prim] No compatible material prim class found for material at /World/scene_0/carpet_10/Looks/Rug with asset path gltf/pbr.mdl and sub-identifier gltf_material. Using MaterialPrim as a fallback.
[WARNING] [omnigibson.objects.stateful_object] State ParticleRemover is incompatible with obj carpet_10. Reason: ParticleRemover requires gm.USE_GPU_DYNAMICS=True!
2025-08-23 00:34:31 [930,927ms] [Warning] [omnigibson.objects.stateful_object] State ParticleRemover is incompatible with obj carpet_10. Reason: ParticleRemover requires gm.USE_GPU_DYNAMICS=True!
[WARNING] [omnigibson.objects.dataset_object] Category hanging_clothes not found in average object specs! Defaulting to unit mass or density.
2025-08-23 00:34:33 [932,129ms] [Warning] [omnigibson.objects.dataset_object] Category hanging_clothes not found in average object specs! Defaulting to unit mass or density.
[WARNING] [omnigibson.objects.dataset_object] Category seat not found in average object specs! Defaulting to unit mass or density.
2025-08-23 00:34:34 [933,440ms] [Warning] [omnigibson.objects.dataset_object] Category seat not found in average object specs! Defaulting to unit mass or density.
[WARNING] [omnigibson.objects.dataset_object] Category seat not found in average object specs! Defaulting to unit mass or density.
2025-08-23 00:34:35 [934,608ms] [Warning] [omnigibson.objects.dataset_object] Category seat not found in average object specs! Defaulting to unit mass or density.
[WARNING] [omnigibson.objects.dataset_object] Category seat not found in average object specs! Defaulting to unit mass or density.
2025-08-23 00:34:36 [935,720ms] [Warning] [omnigibson.objects.dataset_object] Category seat not found in average object specs! Defaulting to unit mass or density.
[WARNING] [omnigibson.objects.dataset_object] Category seat not found in average object specs! Defaulting to unit mass or density.
2025-08-23 00:34:37 [937,063ms] [Warning] [omnigibson.objects.dataset_object] Category seat not found in average object specs! Defaulting to unit mass or density.
[WARNING] [omnigibson.prims.material_prim] No compatible material prim class found for material at /World/scene_0/carpet_16/Looks/NAVY with asset path gltf/pbr.mdl and sub-identifier gltf_material. Using MaterialPrim as a fallback.
2025-08-23 00:34:38 [937,354ms] [Warning] [omnigibson.prims.material_prim] No compatible material prim class found for material at /World/scene_0/carpet_16/Looks/NAVY with asset path gltf/pbr.mdl and sub-identifier gltf_material. Using MaterialPrim as a fallback.
[WARNING] [omnigibson.objects.stateful_object] State ParticleRemover is incompatible with obj carpet_16. Reason: ParticleRemover requires gm.USE_GPU_DYNAMICS=True!
2025-08-23 00:34:38 [937,397ms] [Warning] [omnigibson.objects.stateful_object] State ParticleRemover is incompatible with obj carpet_16. Reason: ParticleRemover requires gm.USE_GPU_DYNAMICS=True!
[WARNING] [omnigibson.objects.dataset_object] Category seat not found in average object specs! Defaulting to unit mass or density.
2025-08-23 00:34:39 [938,592ms] [Warning] [omnigibson.objects.dataset_object] Category seat not found in average object specs! Defaulting to unit mass or density.
[WARNING] [omnigibson.objects.dataset_object] Category seat not found in average object specs! Defaulting to unit mass or density.
2025-08-23 00:34:40 [940,081ms] [Warning] [omnigibson.objects.dataset_object] Category seat not found in average object specs! Defaulting to unit mass or density.
[WARNING] [omnigibson.prims.material_prim] No compatible material prim class found for material at /World/scene_0/wardrobe_19/Looks/Shader1 with asset path gltf/pbr.mdl and sub-identifier gltf_material. Using MaterialPrim as a fallback.
2025-08-23 00:34:41 [940,429ms] [Warning] [omnigibson.prims.material_prim] No compatible material prim class found for material at /World/scene_0/wardrobe_19/Looks/Shader1 with asset path gltf/pbr.mdl and sub-identifier gltf_material. Using MaterialPrim as a fallback.
[WARNING] [omnigibson.objects.stateful_object] State ContainedParticles is incompatible with obj wardrobe_19. Reason: LinkBasedStateMixin ContainedParticles requires meta link with type ['fillable', 'openfillable'] for obj wardrobe_19 but none was found! To get valid compatible object models, please use omnigibson.utils.asset_utils.get_all_object_category_models_with_abilities(...)
2025-08-23 00:34:41 [941,062ms] [Warning] [omnigibson.objects.stateful_object] State ContainedParticles is incompatible with obj wardrobe_19. Reason: LinkBasedStateMixin ContainedParticles requires meta link with type ['fillable', 'openfillable'] for obj wardrobe_19 but none was found! To get valid compatible object models, please use omnigibson.utils.asset_utils.get_all_object_category_models_with_abilities(...)
[WARNING] [omnigibson.objects.stateful_object] State Filled is incompatible with obj wardrobe_19. Reason: Missing required dependency state ContainedParticles
2025-08-23 00:34:41 [941,062ms] [Warning] [omnigibson.objects.stateful_object] State Filled is incompatible with obj wardrobe_19. Reason: Missing required dependency state ContainedParticles
[WARNING] [omnigibson.objects.stateful_object] State Contains is incompatible with obj wardrobe_19. Reason: Missing required dependency state ContainedParticles
2025-08-23 00:34:41 [941,063ms] [Warning] [omnigibson.objects.stateful_object] State Contains is incompatible with obj wardrobe_19. Reason: Missing required dependency state ContainedParticles
[WARNING] [omnigibson.objects.stateful_object] State AttachedTo is incompatible with obj wardrobe_19. Reason: LinkBasedStateMixin AttachedTo requires meta link with type ['attachment'] for obj wardrobe_19 but none was found! To get valid compatible object models, please use omnigibson.utils.asset_utils.get_all_object_category_models_with_abilities(...)
2025-08-23 00:34:41 [941,063ms] [Warning] [omnigibson.objects.stateful_object] State AttachedTo is incompatible with obj wardrobe_19. Reason: LinkBasedStateMixin AttachedTo requires meta link with type ['attachment'] for obj wardrobe_19 but none was found! To get valid compatible object models, please use omnigibson.utils.asset_utils.get_all_object_category_models_with_abilities(...)
[WARNING] [omnigibson.objects.stateful_object] State AttachedTo is incompatible with obj picture_frame_20. Reason: LinkBasedStateMixin AttachedTo requires meta link with type ['attachment'] for obj picture_frame_20 but none was found! To get valid compatible object models, please use omnigibson.utils.asset_utils.get_all_object_category_models_with_abilities(...)
2025-08-23 00:34:42 [941,687ms] [Warning] [omnigibson.objects.stateful_object] State AttachedTo is incompatible with obj picture_frame_20. Reason: LinkBasedStateMixin AttachedTo requires meta link with type ['attachment'] for obj picture_frame_20 but none was found! To get valid compatible object models, please use omnigibson.utils.asset_utils.get_all_object_category_models_with_abilities(...)
[WARNING] [omnigibson.prims.material_prim] No compatible material prim class found for material at /World/scene_0/cup_21/Looks/Shader1 with asset path gltf/pbr.mdl and sub-identifier gltf_material. Using MaterialPrim as a fallback.
2025-08-23 00:34:42 [941,854ms] [Warning] [omnigibson.prims.material_prim] No compatible material prim class found for material at /World/scene_0/cup_21/Looks/Shader1 with asset path gltf/pbr.mdl and sub-identifier gltf_material. Using MaterialPrim as a fallback.
[WARNING] [omnigibson.objects.dataset_object] Category cup not found in average object specs! Defaulting to unit mass or density.
2025-08-23 00:34:43 [943,043ms] [Warning] [omnigibson.objects.dataset_object] Category cup not found in average object specs! Defaulting to unit mass or density.
[WARNING] [omnigibson.prims.material_prim] No compatible material prim class found for material at /World/scene_0/picture_23/Looks/Shader1 with asset path gltf/pbr.mdl and sub-identifier gltf_material. Using MaterialPrim as a fallback.
2025-08-23 00:34:44 [943,594ms] [Warning] [omnigibson.prims.material_prim] No compatible material prim class found for material at /World/scene_0/picture_23/Looks/Shader1 with asset path gltf/pbr.mdl and sub-identifier gltf_material. Using MaterialPrim as a fallback.
[WARNING] [omnigibson.objects.dataset_object] Category balcony not found in average object specs! Defaulting to unit mass or density.
2025-08-23 00:34:45 [944,290ms] [Warning] [omnigibson.objects.dataset_object] Category balcony not found in average object specs! Defaulting to unit mass or density.
[WARNING] [omnigibson.objects.dataset_object] Category balcony not found in average object specs! Defaulting to unit mass or density.
2025-08-23 00:34:45 [944,937ms] [Warning] [omnigibson.objects.dataset_object] Category balcony not found in average object specs! Defaulting to unit mass or density.
[WARNING] [omnigibson.objects.dataset_object] Category plant not found in average object specs! Defaulting to unit mass or density.
2025-08-23 00:34:47 [946,295ms] [Warning] [omnigibson.objects.dataset_object] Category plant not found in average object specs! Defaulting to unit mass or density.
[WARNING] [omnigibson.objects.dataset_object] Category kitchen_wall not found in average object specs! Defaulting to unit mass or density.
2025-08-23 00:34:48 [947,574ms] [Warning] [omnigibson.objects.dataset_object] Category kitchen_wall not found in average object specs! Defaulting to unit mass or density.
[WARNING] [omnigibson.objects.dataset_object] Category seat not found in average object specs! Defaulting to unit mass or density.
2025-08-23 00:34:49 [948,402ms] [Warning] [omnigibson.objects.dataset_object] Category seat not found in average object specs! Defaulting to unit mass or density.
[WARNING] [omnigibson.objects.dataset_object] Category seat not found in average object specs! Defaulting to unit mass or density.
2025-08-23 00:34:50 [949,251ms] [Warning] [omnigibson.objects.dataset_object] Category seat not found in average object specs! Defaulting to unit mass or density.
[WARNING] [omnigibson.objects.dataset_object] Category seat not found in average object specs! Defaulting to unit mass or density.
2025-08-23 00:34:51 [950,184ms] [Warning] [omnigibson.objects.dataset_object] Category seat not found in average object specs! Defaulting to unit mass or density.
[WARNING] [omnigibson.objects.dataset_object] Category couch not found in average object specs! Defaulting to unit mass or density.
2025-08-23 00:34:51 [950,886ms] [Warning] [omnigibson.objects.dataset_object] Category couch not found in average object specs! Defaulting to unit mass or density.
[WARNING] [omnigibson.prims.material_prim] No compatible material prim class found for material at /World/scene_0/carpet_32/Looks/Rug with asset path gltf/pbr.mdl and sub-identifier gltf_material. Using MaterialPrim as a fallback.
2025-08-23 00:34:51 [951,050ms] [Warning] [omnigibson.prims.material_prim] No compatible material prim class found for material at /World/scene_0/carpet_32/Looks/Rug with asset path gltf/pbr.mdl and sub-identifier gltf_material. Using MaterialPrim as a fallback.
[WARNING] [omnigibson.objects.stateful_object] State ParticleRemover is incompatible with obj carpet_32. Reason: ParticleRemover requires gm.USE_GPU_DYNAMICS=True!
2025-08-23 00:34:52 [951,106ms] [Warning] [omnigibson.objects.stateful_object] State ParticleRemover is incompatible with obj carpet_32. Reason: ParticleRemover requires gm.USE_GPU_DYNAMICS=True!
[WARNING] [omnigibson.objects.dataset_object] Category plant not found in average object specs! Defaulting to unit mass or density.
2025-08-23 00:34:53 [952,549ms] [Warning] [omnigibson.objects.dataset_object] Category plant not found in average object specs! Defaulting to unit mass or density.
[WARNING] [omnigibson.objects.dataset_object] Category kitchen_utensil not found in average object specs! Defaulting to unit mass or density.
2025-08-23 00:34:55 [954,232ms] [Warning] [omnigibson.objects.dataset_object] Category kitchen_utensil not found in average object specs! Defaulting to unit mass or density.
[WARNING] [omnigibson.objects.stateful_object] State AttachedTo is incompatible with obj mirror_35. Reason: LinkBasedStateMixin AttachedTo requires meta link with type ['attachment'] for obj mirror_35 but none was found! To get valid compatible object models, please use omnigibson.utils.asset_utils.get_all_object_category_models_with_abilities(...)
2025-08-23 00:34:55 [954,646ms] [Warning] [omnigibson.objects.stateful_object] State AttachedTo is incompatible with obj mirror_35. Reason: LinkBasedStateMixin AttachedTo requires meta link with type ['attachment'] for obj mirror_35 but none was found! To get valid compatible object models, please use omnigibson.utils.asset_utils.get_all_object_category_models_with_abilities(...)
[WARNING] [omnigibson.prims.material_prim] No compatible material prim class found for material at /World/scene_0/drinkware_36/Looks/Shader1 with asset path gltf/pbr.mdl and sub-identifier gltf_material. Using MaterialPrim as a fallback.
2025-08-23 00:34:55 [954,707ms] [Warning] [omnigibson.prims.material_prim] No compatible material prim class found for material at /World/scene_0/drinkware_36/Looks/Shader1 with asset path gltf/pbr.mdl and sub-identifier gltf_material. Using MaterialPrim as a fallback.
[WARNING] [omnigibson.objects.dataset_object] Category drinkware not found in average object specs! Defaulting to unit mass or density.
2025-08-23 00:34:56 [955,853ms] [Warning] [omnigibson.objects.dataset_object] Category drinkware not found in average object specs! Defaulting to unit mass or density.
[WARNING] [omnigibson.objects.dataset_object] Category washer_dryer not found in average object specs! Defaulting to unit mass or density.
2025-08-23 00:34:57 [956,452ms] [Warning] [omnigibson.objects.dataset_object] Category washer_dryer not found in average object specs! Defaulting to unit mass or density.
[WARNING] [omnigibson.objects.dataset_object] Category plant not found in average object specs! Defaulting to unit mass or density.
2025-08-23 00:34:58 [957,921ms] [Warning] [omnigibson.objects.dataset_object] Category plant not found in average object specs! Defaulting to unit mass or density.
[WARNING] [omnigibson.objects.dataset_object] Category seat not found in average object specs! Defaulting to unit mass or density.
2025-08-23 00:35:02 [961,212ms] [Warning] [omnigibson.objects.dataset_object] Category seat not found in average object specs! Defaulting to unit mass or density.
[WARNING] [omnigibson.objects.dataset_object] Category seat not found in average object specs! Defaulting to unit mass or density.
2025-08-23 00:35:03 [962,662ms] [Warning] [omnigibson.objects.dataset_object] Category seat not found in average object specs! Defaulting to unit mass or density.
[WARNING] [omnigibson.objects.dataset_object] Category seat not found in average object specs! Defaulting to unit mass or density.
2025-08-23 00:35:05 [964,838ms] [Warning] [omnigibson.objects.dataset_object] Category seat not found in average object specs! Defaulting to unit mass or density.
[WARNING] [omnigibson.objects.dataset_object] Category lamp not found in average object specs! Defaulting to unit mass or density.
2025-08-23 00:35:06 [966,074ms] [Warning] [omnigibson.objects.dataset_object] Category lamp not found in average object specs! Defaulting to unit mass or density.
[WARNING] [omnigibson.objects.dataset_object] Category plant not found in average object specs! Defaulting to unit mass or density.
2025-08-23 00:35:08 [967,557ms] [Warning] [omnigibson.objects.dataset_object] Category plant not found in average object specs! Defaulting to unit mass or density.
[WARNING] [omnigibson.objects.dataset_object] Category cabinet not found in average object specs! Defaulting to unit mass or density.
2025-08-23 00:35:09 [968,476ms] [Warning] [omnigibson.objects.dataset_object] Category cabinet not found in average object specs! Defaulting to unit mass or density.
[WARNING] [omnigibson.prims.material_prim] No compatible material prim class found for material at /World/scene_0/laundry_basket_48/Looks/Wicker_NEW with asset path gltf/pbr.mdl and sub-identifier gltf_material. Using MaterialPrim as a fallback.
2025-08-23 00:35:09 [968,654ms] [Warning] [omnigibson.prims.material_prim] No compatible material prim class found for material at /World/scene_0/laundry_basket_48/Looks/Wicker_NEW with asset path gltf/pbr.mdl and sub-identifier gltf_material. Using MaterialPrim as a fallback.
[WARNING] [omnigibson.objects.dataset_object] Category laundry_basket not found in average object specs! Defaulting to unit mass or density.
2025-08-23 00:35:09 [968,713ms] [Warning] [omnigibson.objects.dataset_object] Category laundry_basket not found in average object specs! Defaulting to unit mass or density.
[WARNING] [omnigibson.objects.dataset_object] Category candle not found in average object specs! Defaulting to unit mass or density.
2025-08-23 00:35:10 [969,425ms] [Warning] [omnigibson.objects.dataset_object] Category candle not found in average object specs! Defaulting to unit mass or density.
[WARNING] [omnigibson.objects.dataset_object] Category book not found in average object specs! Defaulting to unit mass or density.
2025-08-23 00:35:10 [969,752ms] [Warning] [omnigibson.objects.dataset_object] Category book not found in average object specs! Defaulting to unit mass or density.
[WARNING] [omnigibson.objects.dataset_object] Category shoe not found in average object specs! Defaulting to unit mass or density.
2025-08-23 00:35:12 [971,207ms] [Warning] [omnigibson.objects.dataset_object] Category shoe not found in average object specs! Defaulting to unit mass or density.
[WARNING] [omnigibson.objects.dataset_object] Category stool not found in average object specs! Defaulting to unit mass or density.
2025-08-23 00:35:13 [972,156ms] [Warning] [omnigibson.objects.dataset_object] Category stool not found in average object specs! Defaulting to unit mass or density.
[WARNING] [omnigibson.objects.dataset_object] Category stool not found in average object specs! Defaulting to unit mass or density.
2025-08-23 00:35:14 [973,252ms] [Warning] [omnigibson.objects.dataset_object] Category stool not found in average object specs! Defaulting to unit mass or density.
[WARNING] [omnigibson.objects.dataset_object] Category stool not found in average object specs! Defaulting to unit mass or density.
2025-08-23 00:35:15 [974,627ms] [Warning] [omnigibson.objects.dataset_object] Category stool not found in average object specs! Defaulting to unit mass or density.
[WARNING] [omnigibson.objects.dataset_object] Category stool not found in average object specs! Defaulting to unit mass or density.
2025-08-23 00:35:16 [975,808ms] [Warning] [omnigibson.objects.dataset_object] Category stool not found in average object specs! Defaulting to unit mass or density.
[WARNING] [omnigibson.objects.dataset_object] Category shoe not found in average object specs! Defaulting to unit mass or density.
2025-08-23 00:35:18 [977,655ms] [Warning] [omnigibson.objects.dataset_object] Category shoe not found in average object specs! Defaulting to unit mass or density.
[WARNING] [omnigibson.prims.material_prim] No compatible material prim class found for material at /World/scene_0/kitchen_appliance_58/Looks/Shader1 with asset path gltf/pbr.mdl and sub-identifier gltf_material. Using MaterialPrim as a fallback.
2025-08-23 00:35:18 [978,034ms] [Warning] [omnigibson.prims.material_prim] No compatible material prim class found for material at /World/scene_0/kitchen_appliance_58/Looks/Shader1 with asset path gltf/pbr.mdl and sub-identifier gltf_material. Using MaterialPrim as a fallback.
[WARNING] [omnigibson.objects.dataset_object] Category kitchen_appliance not found in average object specs! Defaulting to unit mass or density.
2025-08-23 00:35:19 [978,934ms] [Warning] [omnigibson.objects.dataset_object] Category kitchen_appliance not found in average object specs! Defaulting to unit mass or density.
[WARNING] [omnigibson.objects.dataset_object] Category computer not found in average object specs! Defaulting to unit mass or density.
2025-08-23 00:35:20 [979,459ms] [Warning] [omnigibson.objects.dataset_object] Category computer not found in average object specs! Defaulting to unit mass or density.
[WARNING] [omnigibson.objects.stateful_object] Ability 'particleSink' is incompatible with obj shower_60, because requirement ParticleRequirement was not met. Reason: Particle systems are not enabled when GPU dynamics is off.
2025-08-23 00:35:21 [980,232ms] [Warning] [omnigibson.objects.stateful_object] Ability 'particleSink' is incompatible with obj shower_60, because requirement ParticleRequirement was not met. Reason: Particle systems are not enabled when GPU dynamics is off.
[WARNING] [omnigibson.objects.stateful_object] State ParticleRemover is incompatible with obj carpet_61. Reason: ParticleRemover requires gm.USE_GPU_DYNAMICS=True!
2025-08-23 00:35:21 [980,505ms] [Warning] [omnigibson.objects.stateful_object] State ParticleRemover is incompatible with obj carpet_61. Reason: ParticleRemover requires gm.USE_GPU_DYNAMICS=True!
[WARNING] [omnigibson.objects.dataset_object] Category cabinet not found in average object specs! Defaulting to unit mass or density.
2025-08-23 00:35:22 [981,140ms] [Warning] [omnigibson.objects.dataset_object] Category cabinet not found in average object specs! Defaulting to unit mass or density.
[WARNING] [omnigibson.objects.dataset_object] Category lamp not found in average object specs! Defaulting to unit mass or density.
2025-08-23 00:35:24 [983,333ms] [Warning] [omnigibson.objects.dataset_object] Category lamp not found in average object specs! Defaulting to unit mass or density.
[WARNING] [omnigibson.objects.dataset_object] Category lamp not found in average object specs! Defaulting to unit mass or density.
2025-08-23 00:35:25 [984,846ms] [Warning] [omnigibson.objects.dataset_object] Category lamp not found in average object specs! Defaulting to unit mass or density.
[WARNING] [omnigibson.objects.dataset_object] Category lamp not found in average object specs! Defaulting to unit mass or density.
2025-08-23 00:35:27 [986,346ms] [Warning] [omnigibson.objects.dataset_object] Category lamp not found in average object specs! Defaulting to unit mass or density.
[WARNING] [omnigibson.objects.dataset_object] Category lamp not found in average object specs! Defaulting to unit mass or density.
2025-08-23 00:35:28 [987,888ms] [Warning] [omnigibson.objects.dataset_object] Category lamp not found in average object specs! Defaulting to unit mass or density.
[WARNING] [omnigibson.objects.dataset_object] Category plant not found in average object specs! Defaulting to unit mass or density.
2025-08-23 00:35:30 [989,516ms] [Warning] [omnigibson.objects.dataset_object] Category plant not found in average object specs! Defaulting to unit mass or density.
[WARNING] [omnigibson.objects.stateful_object] State Open is incompatible with obj fridge_69. Reason: No relevant joints for Open state found for object fridge_69
2025-08-23 00:35:30 [990,016ms] [Warning] [omnigibson.objects.stateful_object] State Open is incompatible with obj fridge_69. Reason: No relevant joints for Open state found for object fridge_69
[WARNING] [omnigibson.objects.stateful_object] State HeatSourceOrSink is incompatible with obj fridge_69. Reason: HeatSourceOrSink has requires_closed but obj has no Open state!
2025-08-23 00:35:30 [990,017ms] [Warning] [omnigibson.objects.stateful_object] State HeatSourceOrSink is incompatible with obj fridge_69. Reason: HeatSourceOrSink has requires_closed but obj has no Open state!
[WARNING] [omnigibson.objects.stateful_object] State ContainedParticles is incompatible with obj fridge_69. Reason: LinkBasedStateMixin ContainedParticles requires meta link with type ['fillable', 'openfillable'] for obj fridge_69 but none was found! To get valid compatible object models, please use omnigibson.utils.asset_utils.get_all_object_category_models_with_abilities(...)
2025-08-23 00:35:30 [990,018ms] [Warning] [omnigibson.objects.stateful_object] State ContainedParticles is incompatible with obj fridge_69. Reason: LinkBasedStateMixin ContainedParticles requires meta link with type ['fillable', 'openfillable'] for obj fridge_69 but none was found! To get valid compatible object models, please use omnigibson.utils.asset_utils.get_all_object_category_models_with_abilities(...)
[WARNING] [omnigibson.objects.stateful_object] State Filled is incompatible with obj fridge_69. Reason: Missing required dependency state ContainedParticles
2025-08-23 00:35:30 [990,018ms] [Warning] [omnigibson.objects.stateful_object] State Filled is incompatible with obj fridge_69. Reason: Missing required dependency state ContainedParticles
[WARNING] [omnigibson.objects.stateful_object] State Contains is incompatible with obj fridge_69. Reason: Missing required dependency state ContainedParticles
2025-08-23 00:35:30 [990,018ms] [Warning] [omnigibson.objects.stateful_object] State Contains is incompatible with obj fridge_69. Reason: Missing required dependency state ContainedParticles
[WARNING] [omnigibson.objects.dataset_object] Category washer_dryer not found in average object specs! Defaulting to unit mass or density.
2025-08-23 00:35:31 [990,867ms] [Warning] [omnigibson.objects.dataset_object] Category washer_dryer not found in average object specs! Defaulting to unit mass or density.
[WARNING] [omnigibson.objects.stateful_object] State Open is incompatible with obj laptop_71. Reason: No relevant joints for Open state found for object laptop_71
2025-08-23 00:35:31 [991,069ms] [Warning] [omnigibson.objects.stateful_object] State Open is incompatible with obj laptop_71. Reason: No relevant joints for Open state found for object laptop_71
[WARNING] [omnigibson.objects.stateful_object] State ToggledOn is incompatible with obj laptop_71. Reason: LinkBasedStateMixin ToggledOn requires meta link with type ['togglebutton'] for obj laptop_71 but none was found! To get valid compatible object models, please use omnigibson.utils.asset_utils.get_all_object_category_models_with_abilities(...)
2025-08-23 00:35:31 [991,070ms] [Warning] [omnigibson.objects.stateful_object] State ToggledOn is incompatible with obj laptop_71. Reason: LinkBasedStateMixin ToggledOn requires meta link with type ['togglebutton'] for obj laptop_71 but none was found! To get valid compatible object models, please use omnigibson.utils.asset_utils.get_all_object_category_models_with_abilities(...)
[WARNING] [omnigibson.objects.dataset_object] Category machine not found in average object specs! Defaulting to unit mass or density.
2025-08-23 00:35:32 [991,351ms] [Warning] [omnigibson.objects.dataset_object] Category machine not found in average object specs! Defaulting to unit mass or density.
[WARNING] [omnigibson.objects.dataset_object] Category shoe not found in average object specs! Defaulting to unit mass or density.
2025-08-23 00:35:33 [992,653ms] [Warning] [omnigibson.objects.dataset_object] Category shoe not found in average object specs! Defaulting to unit mass or density.
[WARNING] [omnigibson.objects.dataset_object] Category shoe not found in average object specs! Defaulting to unit mass or density.
2025-08-23 00:35:35 [994,600ms] [Warning] [omnigibson.objects.dataset_object] Category shoe not found in average object specs! Defaulting to unit mass or density.
[WARNING] [omnigibson.objects.stateful_object] State AttachedTo is incompatible with obj picture_frame_75. Reason: LinkBasedStateMixin AttachedTo requires meta link with type ['attachment'] for obj picture_frame_75 but none was found! To get valid compatible object models, please use omnigibson.utils.asset_utils.get_all_object_category_models_with_abilities(...)
2025-08-23 00:35:36 [995,382ms] [Warning] [omnigibson.objects.stateful_object] State AttachedTo is incompatible with obj picture_frame_75. Reason: LinkBasedStateMixin AttachedTo requires meta link with type ['attachment'] for obj picture_frame_75 but none was found! To get valid compatible object models, please use omnigibson.utils.asset_utils.get_all_object_category_models_with_abilities(...)
[WARNING] [omnigibson.objects.dataset_object] Category shoe not found in average object specs! Defaulting to unit mass or density.
2025-08-23 00:35:37 [996,681ms] [Warning] [omnigibson.objects.dataset_object] Category shoe not found in average object specs! Defaulting to unit mass or density.
[WARNING] [omnigibson.objects.dataset_object] Category cabinet not found in average object specs! Defaulting to unit mass or density.
2025-08-23 00:35:40 [999,433ms] [Warning] [omnigibson.objects.dataset_object] Category cabinet not found in average object specs! Defaulting to unit mass or density.
[WARNING] [omnigibson.prims.material_prim] No compatible material prim class found for material at /World/scene_0/table_79/Looks/mig_01___Default with asset path gltf/pbr.mdl and sub-identifier gltf_material. Using MaterialPrim as a fallback.
2025-08-23 00:35:40 [999,769ms] [Warning] [omnigibson.prims.material_prim] No compatible material prim class found for material at /World/scene_0/table_79/Looks/mig_01___Default with asset path gltf/pbr.mdl and sub-identifier gltf_material. Using MaterialPrim as a fallback.
[WARNING] [omnigibson.objects.dataset_object] Category table not found in average object specs! Defaulting to unit mass or density.
2025-08-23 00:35:40 [999,919ms] [Warning] [omnigibson.objects.dataset_object] Category table not found in average object specs! Defaulting to unit mass or density.
[WARNING] [omnigibson.objects.stateful_object] State AttachedTo is incompatible with obj mirror_80. Reason: LinkBasedStateMixin AttachedTo requires meta link with type ['attachment'] for obj mirror_80 but none was found! To get valid compatible object models, please use omnigibson.utils.asset_utils.get_all_object_category_models_with_abilities(...)
2025-08-23 00:35:41 [1,000,461ms] [Warning] [omnigibson.objects.stateful_object] State AttachedTo is incompatible with obj mirror_80. Reason: LinkBasedStateMixin AttachedTo requires meta link with type ['attachment'] for obj mirror_80 but none was found! To get valid compatible object models, please use omnigibson.utils.asset_utils.get_all_object_category_models_with_abilities(...)
[WARNING] [omnigibson.objects.dataset_object] Category table not found in average object specs! Defaulting to unit mass or density.
2025-08-23 00:35:42 [1,001,194ms] [Warning] [omnigibson.objects.dataset_object] Category table not found in average object specs! Defaulting to unit mass or density.
[WARNING] [omnigibson.objects.dataset_object] Category table not found in average object specs! Defaulting to unit mass or density.
2025-08-23 00:35:43 [1,002,411ms] [Warning] [omnigibson.objects.dataset_object] Category table not found in average object specs! Defaulting to unit mass or density.
[WARNING] [omnigibson.objects.dataset_object] Category fruit_bowl not found in average object specs! Defaulting to unit mass or density.
2025-08-23 00:35:44 [1,004,078ms] [Warning] [omnigibson.objects.dataset_object] Category fruit_bowl not found in average object specs! Defaulting to unit mass or density.
[WARNING] [omnigibson.prims.material_prim] No compatible material prim class found for material at /World/scene_0/basket_84/Looks/Metal___Gold with asset path gltf/pbr.mdl and sub-identifier gltf_material. Using MaterialPrim as a fallback.
2025-08-23 00:35:45 [1,004,462ms] [Warning] [omnigibson.prims.material_prim] No compatible material prim class found for material at /World/scene_0/basket_84/Looks/Metal___Gold with asset path gltf/pbr.mdl and sub-identifier gltf_material. Using MaterialPrim as a fallback.
[WARNING] [omnigibson.objects.dataset_object] Category basket not found in average object specs! Defaulting to unit mass or density.
2025-08-23 00:35:46 [1,005,620ms] [Warning] [omnigibson.objects.dataset_object] Category basket not found in average object specs! Defaulting to unit mass or density.
[ERROR] [__main__] openings hssd2100 negative scale detected: tensor([-1.0000,  1.0000,  1.0000])
2025-08-23 00:35:46 [1,005,930ms] [Error] [__main__] openings hssd2100 negative scale detected: tensor([-1.0000,  1.0000,  1.0000])
[WARNING] [omnigibson.objects.dataset_object] Category openings not found in average object specs! Defaulting to unit mass or density.
2025-08-23 00:35:47 [1,006,416ms] [Warning] [omnigibson.objects.dataset_object] Category openings not found in average object specs! Defaulting to unit mass or density.
[ERROR] [__main__] openings hssd21823 negative scale detected: tensor([-1.0000,  1.0000,  1.0000])
2025-08-23 00:35:47 [1,006,565ms] [Error] [__main__] openings hssd21823 negative scale detected: tensor([-1.0000,  1.0000,  1.0000])
[WARNING] [omnigibson.objects.dataset_object] Category openings not found in average object specs! Defaulting to unit mass or density.
2025-08-23 00:35:48 [1,007,121ms] [Warning] [omnigibson.objects.dataset_object] Category openings not found in average object specs! Defaulting to unit mass or density.
[ERROR] [__main__] openings hssd37550 negative scale detected: tensor([-1.0000,  1.0000,  1.0000])
2025-08-23 00:35:48 [1,007,225ms] [Error] [__main__] openings hssd37550 negative scale detected: tensor([-1.0000,  1.0000,  1.0000])
[WARNING] [omnigibson.objects.dataset_object] Category openings not found in average object specs! Defaulting to unit mass or density.
2025-08-23 00:35:48 [1,007,590ms] [Warning] [omnigibson.objects.dataset_object] Category openings not found in average object specs! Defaulting to unit mass or density.
[ERROR] [__main__] openings hssd37550 negative scale detected: tensor([-1.0000,  1.0000,  1.0000])
2025-08-23 00:35:48 [1,007,671ms] [Error] [__main__] openings hssd37550 negative scale detected: tensor([-1.0000,  1.0000,  1.0000])
[WARNING] [omnigibson.objects.dataset_object] Category openings not found in average object specs! Defaulting to unit mass or density.
2025-08-23 00:35:48 [1,008,073ms] [Warning] [omnigibson.objects.dataset_object] Category openings not found in average object specs! Defaulting to unit mass or density.
[ERROR] [__main__] openings hssd37550 negative scale detected: tensor([-1.0000,  1.0000,  1.0000])
2025-08-23 00:35:49 [1,008,154ms] [Error] [__main__] openings hssd37550 negative scale detected: tensor([-1.0000,  1.0000,  1.0000])
[WARNING] [omnigibson.objects.dataset_object] Category openings not found in average object specs! Defaulting to unit mass or density.
2025-08-23 00:35:49 [1,008,547ms] [Warning] [omnigibson.objects.dataset_object] Category openings not found in average object specs! Defaulting to unit mass or density.
[ERROR] [__main__] openings hssd37550 negative scale detected: tensor([-1.0000,  1.0000,  1.0000])
2025-08-23 00:35:49 [1,008,620ms] [Error] [__main__] openings hssd37550 negative scale detected: tensor([-1.0000,  1.0000,  1.0000])
[WARNING] [omnigibson.objects.dataset_object] Category openings not found in average object specs! Defaulting to unit mass or density.
2025-08-23 00:35:49 [1,008,981ms] [Warning] [omnigibson.objects.dataset_object] Category openings not found in average object specs! Defaulting to unit mass or density.
[ERROR] [__main__] openings hssd40762 negative scale detected: tensor([-1.0000,  1.0000,  1.0000])
2025-08-23 00:35:49 [1,009,061ms] [Error] [__main__] openings hssd40762 negative scale detected: tensor([-1.0000,  1.0000,  1.0000])
[WARNING] [omnigibson.objects.dataset_object] Category openings not found in average object specs! Defaulting to unit mass or density.
2025-08-23 00:35:50 [1,009,383ms] [Warning] [omnigibson.objects.dataset_object] Category openings not found in average object specs! Defaulting to unit mass or density.
[ERROR] [__main__] openings hssd57750 negative scale detected: tensor([-1.0000,  1.0000,  1.0000])
2025-08-23 00:35:50 [1,009,457ms] [Error] [__main__] openings hssd57750 negative scale detected: tensor([-1.0000,  1.0000,  1.0000])
[WARNING] [omnigibson.objects.dataset_object] Category openings not found in average object specs! Defaulting to unit mass or density.
2025-08-23 00:35:50 [1,009,928ms] [Warning] [omnigibson.objects.dataset_object] Category openings not found in average object specs! Defaulting to unit mass or density.
[ERROR] [__main__] openings hssd21823 negative scale detected: tensor([-1.0000,  1.0000,  1.0000])
2025-08-23 00:35:50 [1,010,024ms] [Error] [__main__] openings hssd21823 negative scale detected: tensor([-1.0000,  1.0000,  1.0000])
[WARNING] [omnigibson.objects.dataset_object] Category openings not found in average object specs! Defaulting to unit mass or density.
2025-08-23 00:35:51 [1,010,496ms] [Warning] [omnigibson.objects.dataset_object] Category openings not found in average object specs! Defaulting to unit mass or density.
[ERROR] [__main__] openings hssd47180 negative scale detected: tensor([-1.0000,  1.0000,  1.0000])
2025-08-23 00:35:51 [1,010,615ms] [Error] [__main__] openings hssd47180 negative scale detected: tensor([-1.0000,  1.0000,  1.0000])
[WARNING] [omnigibson.objects.dataset_object] Category openings not found in average object specs! Defaulting to unit mass or density.
2025-08-23 00:35:52 [1,011,136ms] [Warning] [omnigibson.objects.dataset_object] Category openings not found in average object specs! Defaulting to unit mass or density.
100%|| 1/1 [17:33<00:00, 1053.46s/it]100%|| 1/1 [17:33<00:00, 1053.46s/it]
2025-08-23 00:36:33 [1,052,675ms] [Warning] [carb] Failed to startup plugin carb.windowing-glfw.plugin (interfaces: [carb::windowing::IGLContext v1.0],[carb::windowing::IWindowing v1.5]) (impl: carb.windowing-glfw.plugin)
2025-08-23 00:36:35 [1,054,381ms] [Warning] [carb] Plugin interface for a client: omni.hydratexture.plugin was already released.
[1054.892s] Simulation App Shutting Down
