/home/cgokmen/miniconda3/envs/behavior/bin/python: No module named omnigibson.examples.scenes.import_hssd_scenes
/home/cgokmen/miniconda3/envs/behavior/bin/python: No module named omnigibson.examples.scenes.import_hssd_scenes
/home/cgokmen/miniconda3/envs/behavior/bin/python: No module named omnigibson.examples.scenes.import_hssd_scenes
/home/cgokmen/miniconda3/envs/behavior/bin/python: No module named omnigibson.examples.scenes.import_hssd_scenes
/home/cgokmen/miniconda3/envs/behavior/bin/python: No module named omnigibson.examples.scenes.import_hssd_scenes
/home/cgokmen/miniconda3/envs/behavior/bin/python: No module named omnigibson.examples.scenes.import_hssd_scenes
/home/cgokmen/miniconda3/envs/behavior/bin/python: No module named omnigibson.examples.scenes.import_hssd_scenes
/home/cgokmen/miniconda3/envs/behavior/bin/python: No module named omnigibson.examples.scenes.import_hssd_scenes
/home/cgokmen/miniconda3/envs/behavior/bin/python: No module named omnigibson.examples.scenes.import_hssd_scenes
/home/cgokmen/miniconda3/envs/behavior/bin/python: No module named omnigibson.examples.scenes.import_hssd_scenes
/home/cgokmen/miniconda3/envs/behavior/bin/python: No module named omnigibson.examples.scenes.import_hssd_scenes
/home/cgokmen/miniconda3/envs/behavior/bin/python: No module named omnigibson.examples.scenes.import_hssd_scenes
/home/cgokmen/miniconda3/envs/behavior/bin/python: No module named omnigibson.examples.scenes.import_hssd_scenes
/home/cgokmen/miniconda3/envs/behavior/bin/python: No module named omnigibson.examples.scenes.import_hssd_scenes
/home/cgokmen/miniconda3/envs/behavior/bin/python: No module named omnigibson.examples.scenes.import_hssd_scenes
/home/cgokmen/miniconda3/envs/behavior/bin/python: No module named omnigibson.examples.scenes.import_hssd_scenes
/home/cgokmen/miniconda3/envs/behavior/bin/python: No module named omnigibson.examples.scenes.import_hssd_scenes
/home/cgokmen/miniconda3/envs/behavior/bin/python: No module named omnigibson.examples.scenes.import_hssd_scenes
/home/cgokmen/miniconda3/envs/behavior/bin/python: No module named omnigibson.examples.scenes.import_hssd_scenes
/home/cgokmen/miniconda3/envs/behavior/bin/python: No module named omnigibson.examples.scenes.import_hssd_scenes
/home/cgokmen/miniconda3/envs/behavior/bin/python: No module named omnigibson.examples.scenes.import_hssd_scenes
/home/cgokmen/miniconda3/envs/behavior/bin/python: No module named omnigibson.examples.scenes.import_hssd_scenes
/home/cgokmen/miniconda3/envs/behavior/bin/python: No module named omnigibson.examples.scenes.import_hssd_scenes
/home/cgokmen/miniconda3/envs/behavior/bin/python: No module named omnigibson.examples.scenes.import_hssd_scenes
/home/cgokmen/miniconda3/envs/behavior/bin/python: No module named omnigibson.examples.scenes.import_hssd_scenes
/home/cgokmen/miniconda3/envs/behavior/bin/python: No module named omnigibson.examples.scenes.import_hssd_scenes
/home/cgokmen/miniconda3/envs/behavior/bin/python: No module named omnigibson.examples.scenes.import_hssd_scenes
/home/cgokmen/miniconda3/envs/behavior/bin/python: No module named omnigibson.examples.scenes.import_hssd_scenes
/home/cgokmen/miniconda3/envs/behavior/bin/python: No module named omnigibson.examples.scenes.import_hssd_scenes
  0%|          | 0/1 [00:00<?, ?it/s][INFO] [omnigibson.simulator] ----- Starting OmniGibson. This will take 10-30 seconds... -----
Starting kit application with the following args:  ['/opt/hpcaas/.mounts/fs-0565f60d669b6a2d3/home/cgokmen/miniconda3/envs/behavior/lib/python3.10/site-packages/isaacsim/exts/isaacsim.simulation_app/isaacsim/simulation_app/simulation_app.py', '/opt/hpcaas/.mounts/fs-0565f60d669b6a2d3/home/cgokmen/miniconda3/envs/behavior/lib/python3.10/site-packages/isaacsim/apps/omnigibson_4_5_0.kit', '--/app/tokens/exe-path=/opt/hpcaas/.mounts/fs-0565f60d669b6a2d3/home/cgokmen/miniconda3/envs/behavior/lib/python3.10/site-packages/omni', '--/persistent/app/viewport/displayOptions=3094', '--/rtx/materialDb/syncLoads=True', '--/rtx/hydra/materialSyncLoads=True', '--/omni.kit.plugin/syncUsdLoads=True', '--/app/renderer/resolution/width=1280', '--/app/renderer/resolution/height=720', '--/app/window/width=1440', '--/app/window/height=900', '--/renderer/multiGpu/enabled=False', '--/app/fastShutdown=True', '--/app/installSignalHandlers=0', '--ext-folder', '/opt/hpcaas/.mounts/fs-0565f60d669b6a2d3/home/cgokmen/miniconda3/envs/behavior/lib/python3.10/site-packages/isaacsim/exts', '--ext-folder', '/opt/hpcaas/.mounts/fs-0565f60d669b6a2d3/home/cgokmen/miniconda3/envs/behavior/lib/python3.10/site-packages/isaacsim/apps', '--/physics/cudaDevice=0', '--portable', '--no-window', '--/app/window/hideUi=1']
Passing the following args to the base kit application:  ['144', '168']
[Info] [carb] Logging to file: /opt/hpcaas/.mounts/fs-0565f60d669b6a2d3/home/cgokmen/miniconda3/envs/behavior/lib/python3.10/site-packages/omni/logs/Kit/OmniGibson/3.7/kit_20250823_001908.log
2025-08-23 00:19:08 [0ms] [Warning] [omni.kit.app.plugin] No crash reporter present, dumps uploading isn't available.
[3.002s] [ext: omni.kit.async_engine-0.0.1] startup
[DEBUG] [asyncio] Using selector: EpollSelector
[23.796s] [ext: omni.metrics.core-0.0.1] startup
[23.807s] [ext: omni.client.lib-1.0.0] startup
[24.798s] [ext: omni.blobkey-1.1.2] startup
[24.809s] [ext: omni.stats-1.0.1] startup
[24.830s] [ext: omni.datastore-0.0.0] startup
[25.200s] [ext: omni.client-1.2.2] startup
[25.436s] [ext: omni.ujitso.default-1.0.0] startup
[25.544s] [ext: omni.hsscclient-1.1.1] startup
2025-08-23 00:19:33 [25,310ms] [Warning] [omni.datastore] OmniHub is inaccessible
[26.879s] [ext: omni.gpu_foundation.shadercache.vulkan-1.0.0] startup
[26.909s] [ext: omni.assets.plugins-0.0.0] startup
[26.945s] [ext: omni.gpu_foundation-0.0.0] startup
[27.226s] [ext: carb.windowing.plugins-1.0.0] startup
2025-08-23 00:19:35 [26,985ms] [Warning] [carb.windowing-glfw.plugin] GLFW initialization failed.
2025-08-23 00:19:35 [26,985ms] [Warning] [carb] Failed to startup plugin carb.windowing-glfw.plugin (interfaces: [carb::windowing::IGLContext v1.0],[carb::windowing::IWindowing v1.5]) (impl: carb.windowing-glfw.plugin)
[27.251s] [ext: omni.kit.renderer.init-0.0.0] startup
2025-08-23 00:19:35 [27,092ms] [Warning] [omni.platforminfo.plugin] failed to open the default display.  Can't verify X Server version.
2025-08-23 00:19:35 [27,153ms] [Warning] [gpu.foundation.plugin] [ShaderCache]: 95 percent of the driver's shadercache size limit has been reached. Max size: 4000.00 MB, Currently used: 4000.04 MB. To avoid a persistent long startup or USD load time on every app launch, recommended to free space by deleting driver caches using one of the following methods:
- By running the app with --/renderer/shadercache/driverDiskCache/flush=true (only once).
- Or by manually deleting the following folders: '%LOCALAPPDATA%/NVIDIA/DXCache/Omniverse' (Windows-DX) or '$omni_cache/shaders/nv_shadercache' (Windows-Vulkan, Linux-Vulkan).
Driver caches will be re-generated which may take a few minutes on the next launch.
2025-08-23 00:19:36 [28,713ms] [Warning] [carb.cudainterop.plugin] CUDA_VISIBLE_DEVICES environment variable is set.
2025-08-23 00:19:36 [28,713ms] [Warning] [carb.cudainterop.plugin] Note CUDA device enumeration and Omniverse device enumeration are different.
2025-08-23 00:19:36 [28,713ms] [Warning] [carb.cudainterop.plugin] Setting CUDA_VISIBLE_DEVICES can lead to undesired behavior or crashes.

|---------------------------------------------------------------------------------------------|
| Driver Version: 570.172.08    | Graphics API: Vulkan
|=============================================================================================|
| GPU | Name                             | Active | LDA | GPU Memory | Vendor-ID | LUID       |
|     |                                  |        |     |            | Device-ID | UUID       |
|     |                                  |        |     |            | Bus-ID    |            |
|---------------------------------------------------------------------------------------------|
| 0   | NVIDIA A100-SXM4-80GB            | Yes: 0 |     | 147446  MB | 10de      | 0          |
|     |                                  |        |     |            | 20b2      | 1c967e8d.. |
|     |                                  |        |     |            | 10        |            |
|=============================================================================================|
| OS: 22.04.5 LTS (Jammy Jellyfish) ubuntu, Version: 22.04.5, Kernel: 6.8.0-1033-aws
| Processor: Intel(R) Xeon(R) Platinum 8275CL CPU @ 3.00GHz
| Cores: 48 | Logical Cores: 96
|---------------------------------------------------------------------------------------------|
| Total Memory (MB): 1148721 | Free Memory: 1066660
| Total Page/Swap (MB): 0 | Free Page/Swap: 0
|---------------------------------------------------------------------------------------------|
2025-08-23 00:19:39 [31,158ms] [Warning] [gpu.foundation.plugin] ECC is enabled on physical device 0
[32.696s] [ext: omni.kit.pipapi-0.0.0] startup
[32.700s] [ext: omni.kit.pip_archive-0.0.0] startup
[32.701s] [ext: omni.services.pip_archive-0.13.11] startup
[32.703s] [ext: omni.materialx.libs-1.0.6] startup
[32.721s] [ext: omni.kit.telemetry-0.5.1] startup
[32.776s] [ext: omni.kit.loop-isaac-1.2.1] startup
[32.781s] [ext: omni.kit.test-1.1.2] startup
[32.874s] [ext: omni.usd.config-1.0.5] startup
[32.903s] [ext: omni.gpucompute.plugins-0.0.0] startup
[32.906s] [ext: omni.usd.libs-1.0.1] startup
[33.451s] [ext: omni.mdl-55.0.1] startup
[33.603s] [ext: omni.iray.libs-0.0.0] startup
[34.227s] [ext: omni.mdl.neuraylib-0.2.10] startup
[34.255s] [ext: omni.kit.usd.mdl-1.0.7] startup
[35.109s] [ext: omni.pip.compute-1.4.5] startup
[35.116s] [ext: omni.appwindow-1.1.9] startup
2025-08-23 00:19:43 [34,866ms] [Warning] [carb.windowing-glfw.plugin] GLFW initialization failed.
2025-08-23 00:19:43 [34,866ms] [Warning] [carb] Failed to startup plugin carb.windowing-glfw.plugin (interfaces: [carb::windowing::IGLContext v1.0],[carb::windowing::IWindowing v1.5]) (impl: carb.windowing-glfw.plugin)
[35.145s] [ext: omni.kit.renderer.core-1.0.2] startup
2025-08-23 00:19:43 [35,069ms] [Warning] [carb.windowing-glfw.plugin] GLFW initialization failed.
2025-08-23 00:19:43 [35,069ms] [Warning] [carb] Failed to startup plugin carb.windowing-glfw.plugin (interfaces: [carb::windowing::IGLContext v1.0],[carb::windowing::IWindowing v1.5]) (impl: carb.windowing-glfw.plugin)
2025-08-23 00:19:43 [35,091ms] [Warning] [carb.windowing-glfw.plugin] GLFW initialization failed.
2025-08-23 00:19:43 [35,091ms] [Warning] [carb] Failed to startup plugin carb.windowing-glfw.plugin (interfaces: [carb::windowing::IGLContext v1.0],[carb::windowing::IWindowing v1.5]) (impl: carb.windowing-glfw.plugin)
[35.359s] [ext: omni.kit.renderer.capture-0.0.0] startup
[35.365s] [ext: omni.kit.renderer.imgui-1.0.2] startup
2025-08-23 00:19:43 [35,124ms] [Warning] [carb.windowing-glfw.plugin] GLFW initialization failed.
2025-08-23 00:19:43 [35,124ms] [Warning] [carb] Failed to startup plugin carb.windowing-glfw.plugin (interfaces: [carb::windowing::IGLContext v1.0],[carb::windowing::IWindowing v1.5]) (impl: carb.windowing-glfw.plugin)
2025-08-23 00:19:43 [35,129ms] [Warning] [carb.windowing-glfw.plugin] GLFW initialization failed.
2025-08-23 00:19:43 [35,129ms] [Warning] [carb] Failed to startup plugin carb.windowing-glfw.plugin (interfaces: [carb::windowing::IGLContext v1.0],[carb::windowing::IWindowing v1.5]) (impl: carb.windowing-glfw.plugin)
2025-08-23 00:19:43 [35,136ms] [Warning] [carb.windowing-glfw.plugin] GLFW initialization failed.
2025-08-23 00:19:43 [35,136ms] [Warning] [carb] Failed to startup plugin carb.windowing-glfw.plugin (interfaces: [carb::windowing::IGLContext v1.0],[carb::windowing::IWindowing v1.5]) (impl: carb.windowing-glfw.plugin)
[35.723s] [ext: omni.ui-2.26.5] startup
[35.816s] [ext: omni.kit.mainwindow-1.0.3] startup
[35.831s] [ext: carb.audio-0.1.0] startup
[35.863s] [ext: omni.uiaudio-1.0.0] startup
[35.880s] [ext: omni.kit.uiapp-0.0.0] startup
[35.880s] [ext: omni.usd.schema.metrics.assembler-106.5.0] startup
[35.940s] [ext: omni.usd.schema.omniscripting-1.0.0] startup
[35.974s] [ext: omni.usd.schema.physx-106.5.7] startup
[36.204s] [ext: omni.usd.schema.audio-0.0.0] startup
[36.249s] [ext: omni.usd.schema.omnigraph-1.0.0] startup
[36.312s] [ext: omni.usd.schema.anim-0.0.0] startup
[36.512s] [ext: omni.usd.schema.semantics-0.0.0] startup
[36.544s] [ext: omni.usd.schema.geospatial-0.0.0] startup
[36.578s] [ext: omni.kit.window.popup_dialog-2.0.24] startup
[36.622s] [ext: omni.resourcemonitor-107.0.0] startup
[36.657s] [ext: omni.activity.core-1.0.1] startup
[36.681s] [ext: omni.timeline-1.0.11] startup
[36.706s] [ext: omni.usd_resolver-1.0.0] startup
[36.850s] [ext: omni.kit.widget.nucleus_connector-1.1.10] startup
[36.867s] [ext: usdrt.scenegraph-7.5.1] startup
[37.278s] [ext: omni.usd.core-1.4.2] startup
[37.306s] [ext: omni.kit.usd_undo-0.1.8] startup
[37.312s] [ext: omni.graph.exec-0.9.4] startup
[37.323s] [ext: omni.kit.actions.core-1.0.0] startup
[37.350s] [ext: omni.kit.audiodeviceenum-1.0.1] startup
[37.370s] [ext: omni.kit.exec.core-0.13.4] startup
[37.400s] [ext: omni.kit.commands-1.4.9] startup
[37.442s] [ext: omni.hydra.usdrt_delegate-7.5.1] startup
[37.559s] [ext: omni.hydra.scene_delegate-0.3.3] startup
[37.645s] [ext: omni.usd-1.12.4] startup
[37.935s] [ext: omni.kit.asset_converter-2.8.5] startup
[38.200s] [ext: isaacsim.robot.schema-3.1.2] startup
[38.269s] [ext: omni.pip.cloud-1.1.7] startup
[38.301s] [ext: omni.usd.schema.isaac-3.0.2] startup
[38.312s] [ext: omni.usd.schema.flow-107.0.0] startup
[38.317s] [ext: omni.inspect-1.0.1] startup
[38.338s] [ext: omni.kit.notification_manager-1.0.9] startup
[38.378s] [ext: omni.graph.core-2.181.8] startup
[38.421s] [ext: isaacsim.core.deprecation_manager-0.2.2] startup
[38.428s] [ext: omni.usd.schema.forcefield-106.5.7] startup
[38.480s] [ext: omni.kit.menu.core-1.1.2] startup
[38.492s] [ext: omni.kit.clipboard-1.0.5] startup
[38.522s] [ext: omni.kit.widget.context_menu-1.2.4] startup
[38.545s] [ext: omni.kit.widget.options_menu-1.1.6] startup
[38.578s] [ext: omni.kit.helper.file_utils-0.1.9] startup
[38.602s] [ext: omni.kit.widget.path_field-2.0.11] startup
[38.643s] [ext: omni.kit.property.adapter.core-1.0.2] startup
[38.679s] [ext: omni.kit.widget.options_button-1.0.3] startup
[38.690s] [ext: omni.kit.widget.filebrowser-2.10.52] startup
[38.739s] [ext: omni.kit.widget.browser_bar-2.0.10] startup
[38.757s] [ext: omni.kit.property.adapter.fabric-1.0.3] startup
[38.780s] [ext: omni.ui.scene-1.11.2] startup
[38.827s] [ext: omni.kit.numpy.common-0.1.2] startup
[38.839s] [ext: omni.kit.window.filepicker-2.11.7] startup
[38.958s] [ext: omni.kit.usd.layers-2.2.0] startup
[39.067s] [ext: omni.hydra.rtx.shadercache.vulkan-1.0.0] startup
[39.121s] [ext: omni.kit.window.file_importer-1.1.14] startup
[39.184s] [ext: omni.kit.menu.utils-1.7.7] startup
[39.268s] [ext: omni.kit.context_menu-1.8.3] startup
[39.287s] [ext: omni.ujitso.processor.texture-1.0.0] startup
[39.319s] [ext: omni.index.libs-380600.1777.0] startup
[39.319s] [ext: omni.volume-0.5.0] startup
[39.464s] [ext: omni.ujitso.client-0.0.0] startup
[39.474s] [ext: omni.index-1.0.1] startup
[39.487s] [ext: omni.kit.hotkeys.core-1.3.10] startup
[39.490s] [ext: omni.hydra.rtx-1.0.0] startup
2025-08-23 00:19:47 [39,305ms] [Warning] [omni.log] Source: omni.hydra was already registered.
[39.969s] [ext: omni.kit.material.library-1.5.15] startup
[40.059s] [ext: omni.convexdecomposition-106.5.7] startup
[40.107s] [ext: omni.kit.viewport.legacy_gizmos-1.0.16] startup
[40.153s] [ext: omni.kit.raycast.query-1.0.5] startup
[40.219s] [ext: omni.hydra.engine.stats-1.0.3] startup
[40.235s] [ext: omni.kvdb-106.5.7] startup
[40.269s] [ext: omni.usdphysics-106.5.7] startup
[40.310s] [ext: omni.physx.foundation-106.5.7] startup
[40.350s] [ext: omni.localcache-106.5.7] startup
[40.377s] [ext: isaacsim.core.version-2.0.2] startup
[40.417s] [ext: omni.physx.cooking-106.5.7] startup
[40.473s] [ext: omni.kit.viewport.scene_camera_model-1.0.5] startup
[40.499s] [ext: omni.kit.hydra_texture-1.4.0] startup
[40.571s] [ext: omni.physx-106.5.7] startup
[40.770s] [ext: omni.kit.window.drop_support-1.0.4] startup
[40.784s] [ext: omni.kit.widget.viewport-107.0.7] startup
[40.820s] [ext: omni.kit.viewport.registry-104.0.6] startup
[40.827s] [ext: omni.physx.stageupdate-106.5.7] startup
[40.866s] [ext: omni.kit.viewport.window-107.0.8] startup
[40.976s] [ext: isaacsim.storage.native-1.0.6] startup
[40.988s] [ext: omni.isaac.dynamic_control-1.3.16] startup
2025-08-23 00:19:48 [40,771ms] [Warning] [omni.isaac.dynamic_control] omni.isaac.dynamic_control is deprecated as of Isaac Sim 4.5. No action is needed from end-users.
[41.040s] [ext: omni.warp.core-1.5.0] startup
[41.323s] [ext: omni.kit.widget.searchfield-1.1.8] startup
[41.327s] [ext: omni.kit.window.file_exporter-1.0.31] startup
[41.334s] [ext: omni.kit.widget.filter-1.1.4] startup
[41.337s] [ext: isaacsim.core.utils-2.2.8] startup
[41.346s] [ext: omni.kit.stage_template.core-1.1.22] startup
[41.366s] [ext: omni.kit.widget.stage-2.11.6] startup
[41.454s] [ext: omni.kit.widget.stage_icons-1.0.6] startup
[41.464s] [ext: omni.kit.window.file-1.3.57] startup
[41.497s] [ext: omni.kit.window.content_browser_registry-0.0.6] startup
[41.504s] [ext: omni.kit.widget.searchable_combobox-1.0.6] startup
[41.516s] [ext: omni.kit.window.stage-2.5.11] startup
[41.551s] [ext: omni.kit.window.content_browser-2.10.3] startup
[41.645s] [ext: omni.kit.usd.collect-2.2.22] startup
[41.668s] [ext: omni.kit.widget.settings-1.2.2] startup
[41.685s] [ext: omni.kit.menu.stage-1.2.5] startup
[41.698s] [ext: omni.kit.widget.prompt-1.0.7] startup
[41.711s] [ext: omni.kit.window.preferences-1.7.0] startup
[41.788s] [ext: omni.kit.viewport.utility-1.0.18] startup
[41.801s] [ext: omni.kit.xr.configurations-106.5.13] startup
[41.801s] [ext: omni.kit.widget.zoombar-1.0.5] startup
[41.815s] [ext: omni.rtx.window.settings-0.6.17] startup
[41.883s] [ext: omni.kit.manipulator.camera-106.0.3] startup
[41.921s] [ext: omni.kit.xr.core-106.5.13] startup
[44.026s] [ext: omni.physics.tensors-106.5.7] startup
[44.047s] [ext: omni.kit.browser.core-2.3.11] startup
[44.064s] [ext: omni.kit.xr.ui.window.viewport-106.5.13] startup
[44.092s] [ext: omni.physx.tensors-106.5.7] startup
[44.115s] [ext: omni.kit.browser.folder.core-1.10.1] startup
[44.140s] [ext: omni.kit.xr.scene_view.core-106.5.13] startup
[44.162s] [ext: isaacsim.core.simulation_manager-0.3.3] startup
[44.396s] [ext: omni.kit.tool.collect-2.2.16] startup
[44.405s] [ext: omni.services.facilities.base-1.0.4] startup
[44.412s] [ext: isaacsim.core.prims-0.3.7] startup
[44.440s] [ext: isaacsim.asset.browser-1.3.4] startup
[44.583s] [ext: omni.graph.tools-1.79.1] startup
[DEBUG] [AutoNode] Defining data type 'any' as 'Any'
[DEBUG] [AutoNode] Defining data type 'bool' as 'Bool' and array 'BoolArray
[DEBUG] [AutoNode] Defining data type 'bundle' as 'Bundle'
[DEBUG] [AutoNode] Defining data type 'colord[3]' as 'Color3d' and array 'Color3dArray
[DEBUG] [AutoNode] Defining data type 'colorf[3]' as 'Color3f' and array 'Color3fArray
[DEBUG] [AutoNode] Defining data type 'colorh[3]' as 'Color3h' and array 'Color3hArray
[DEBUG] [AutoNode] Defining data type 'colord[4]' as 'Color4d' and array 'Color4dArray
[DEBUG] [AutoNode] Defining data type 'colorf[4]' as 'Color4f' and array 'Color4fArray
[DEBUG] [AutoNode] Defining data type 'colorh[4]' as 'Color4h' and array 'Color4hArray
[DEBUG] [AutoNode] Defining data type 'double' as 'Double' and array 'DoubleArray
[DEBUG] [AutoNode] Defining data type 'double[2]' as 'Double2' and array 'Double2Array
[DEBUG] [AutoNode] Defining data type 'double[3]' as 'Double3' and array 'Double3Array
[DEBUG] [AutoNode] Defining data type 'double[4]' as 'Double4' and array 'Double4Array
[DEBUG] [AutoNode] Defining data type 'execution' as 'Execution'
[DEBUG] [AutoNode] Defining data type 'float' as 'Float' and array 'FloatArray
[DEBUG] [AutoNode] Defining data type 'float[2]' as 'Float2' and array 'Float2Array
[DEBUG] [AutoNode] Defining data type 'float[3]' as 'Float3' and array 'Float3Array
[DEBUG] [AutoNode] Defining data type 'float[4]' as 'Float4' and array 'Float4Array
[DEBUG] [AutoNode] Defining data type 'frame[4]' as 'Frame' and array 'FrameArray
[DEBUG] [AutoNode] Defining data type 'half' as 'Half' and array 'HalfArray
[DEBUG] [AutoNode] Defining data type 'half[2]' as 'Half2' and array 'Half2Array
[DEBUG] [AutoNode] Defining data type 'half[3]' as 'Half3' and array 'Half3Array
[DEBUG] [AutoNode] Defining data type 'half[4]' as 'Half4' and array 'Half4Array
[DEBUG] [AutoNode] Defining data type 'int' as 'Int' and array 'IntArray
[DEBUG] [AutoNode] Defining data type 'int[2]' as 'Int2' and array 'Int2Array
[DEBUG] [AutoNode] Defining data type 'int[3]' as 'Int3' and array 'Int3Array
[DEBUG] [AutoNode] Defining data type 'int[4]' as 'Int4' and array 'Int4Array
[DEBUG] [AutoNode] Defining data type 'int64' as 'Int64' and array 'Int64Array
[DEBUG] [AutoNode] Defining data type 'matrixd[2]' as 'Matrix2d' and array 'Matrix2dArray
[DEBUG] [AutoNode] Defining data type 'matrixd[3]' as 'Matrix3d' and array 'Matrix3dArray
[DEBUG] [AutoNode] Defining data type 'matrixd[4]' as 'Matrix4d' and array 'Matrix4dArray
[DEBUG] [AutoNode] Defining data type 'normald[3]' as 'Normal3d' and array 'Normal3dArray
[DEBUG] [AutoNode] Defining data type 'normalf[3]' as 'Normal3f' and array 'Normal3fArray
[DEBUG] [AutoNode] Defining data type 'normalh[3]' as 'Normal3h' and array 'Normal3hArray
[DEBUG] [AutoNode] Defining data type 'objectId' as 'ObjectId' and array 'ObjectIdArray
[DEBUG] [AutoNode] Defining data type 'path' as 'Path'
[DEBUG] [AutoNode] Defining data type 'pointd[3]' as 'Point3d' and array 'Point3dArray
[DEBUG] [AutoNode] Defining data type 'pointf[3]' as 'Point3f' and array 'Point3fArray
[DEBUG] [AutoNode] Defining data type 'pointh[3]' as 'Point3h' and array 'Point3hArray
[DEBUG] [AutoNode] Defining data type 'quatd[4]' as 'Quatd' and array 'QuatdArray
[DEBUG] [AutoNode] Defining data type 'quatf[4]' as 'Quatf' and array 'QuatfArray
[DEBUG] [AutoNode] Defining data type 'quath[4]' as 'Quath' and array 'QuathArray
[DEBUG] [AutoNode] Defining data type 'string' as 'String'
[DEBUG] [AutoNode] Defining data type 'target' as 'Target'
[DEBUG] [AutoNode] Defining data type 'texcoordd[2]' as 'TexCoord2d' and array 'TexCoord2dArray
[DEBUG] [AutoNode] Defining data type 'texcoordf[2]' as 'TexCoord2f' and array 'TexCoord2fArray
[DEBUG] [AutoNode] Defining data type 'texcoordh[2]' as 'TexCoord2h' and array 'TexCoord2hArray
[DEBUG] [AutoNode] Defining data type 'texcoordd[3]' as 'TexCoord3d' and array 'TexCoord3dArray
[DEBUG] [AutoNode] Defining data type 'texcoordf[3]' as 'TexCoord3f' and array 'TexCoord3fArray
[DEBUG] [AutoNode] Defining data type 'texcoordh[3]' as 'TexCoord3h' and array 'TexCoord3hArray
[DEBUG] [AutoNode] Defining data type 'timecode' as 'Timecode' and array 'TimecodeArray
[DEBUG] [AutoNode] Defining data type 'token' as 'Token' and array 'TokenArray
[DEBUG] [AutoNode] Defining data type 'uchar' as 'UChar' and array 'UCharArray
[DEBUG] [AutoNode] Defining data type 'uint' as 'UInt' and array 'UIntArray
[DEBUG] [AutoNode] Defining data type 'uint64' as 'UInt64' and array 'UInt64Array
[DEBUG] [AutoNode] Defining data type 'vectord[3]' as 'Vector3d' and array 'Vector3dArray
[DEBUG] [AutoNode] Defining data type 'vectorf[3]' as 'Vector3f' and array 'Vector3fArray
[DEBUG] [AutoNode] Defining data type 'vectorh[3]' as 'Vector3h' and array 'Vector3hArray
[44.683s] [ext: omni.services.core-1.9.0] startup
[45.371s] [ext: omni.kit.primitive.mesh-1.0.17] startup
[45.407s] [ext: omni.kit.widget.highlight_label-1.0.3] startup
[45.414s] [ext: omni.services.transport.server.base-1.1.1] startup
[45.426s] [ext: omni.kit.stage_templates-1.2.6] startup
[45.451s] [ext: omni.kit.window.property-1.11.5] startup
[45.477s] [ext: omni.services.transport.server.zeroconf-1.0.9] startup
[45.557s] [ext: isaacsim.core.api-4.2.16] startup
[45.684s] [ext: omni.kit.property.adapter.usd-1.0.2] startup
[45.696s] [ext: omni.kit.xr.advertise-106.5.13] startup
[45.707s] [ext: omni.isaac.assets_check-0.3.9] startup
2025-08-23 00:19:53 [45,449ms] [Warning] [omni.isaac.assets_check] omni.isaac.assets_check has been deprecated in favor of isaacsim.asset.browser. Please update your code accordingly.
[45.714s] [ext: omni.graph-1.140.2] startup
[45.994s] [ext: omni.kit.property.usd-4.2.16] startup
[46.084s] [ext: omni.graph.action_core-1.1.7] startup
[46.119s] [ext: omni.kit.menu.create-1.0.17] startup
[46.135s] [ext: omni.kit.widget.text_editor-1.0.2] startup
[46.160s] [ext: omni.graph.action_nodes-1.40.1] startup
[46.205s] [ext: isaacsim.core.cloner-1.3.4] startup
[46.248s] [ext: omni.kit.scripting-106.5.2] startup
[46.365s] [ext: omni.graph.scriptnode-1.40.1] startup
[46.379s] [ext: omni.graph.action-1.120.0] startup
[46.392s] [ext: omni.isaac.cloner-1.0.2] startup
2025-08-23 00:19:54 [46,135ms] [Warning] [omni.isaac.cloner] omni.isaac.cloner has been deprecated in favor of isaacsim.core.cloner. Please update your code accordingly.
[46.403s] [ext: isaacsim.replicator.behavior-1.0.8] startup
[46.416s] [ext: omni.ui_query-1.1.7] startup
[46.429s] [ext: omni.kit.widget.graph-1.12.17] startup
[46.485s] [ext: omni.kit.manipulator.viewport-107.0.1] startup
[46.499s] [ext: omni.kit.ui_test-1.3.3] startup
[46.518s] [ext: omni.kit.graph.delegate.default-1.2.2] startup
[46.528s] [ext: omni.kit.window.extensions-1.4.25] startup
[46.603s] [ext: omni.graph.visualization.nodes-2.1.1] startup
[46.645s] [ext: omni.graph.image.core-0.6.0] startup
[46.663s] [ext: omni.kit.graph.editor.core-1.5.3] startup
[46.693s] [ext: isaacsim.gui.components-1.0.9] startup
[46.736s] [ext: omni.kit.widget.material_preview-1.0.16] startup
[46.760s] [ext: omni.kit.graph.usd.commands-1.3.1] startup
[46.771s] [ext: omni.graph.image.nodes-1.3.0] startup
[46.795s] [ext: isaacsim.robot_motion.lula-4.0.4] startup
[46.958s] [ext: omni.kit.viewport.menubar.core-107.1.2] startup
[47.133s] [ext: omni.kit.window.material_graph-1.8.19] startup
[47.480s] [ext: omni.isaac.core-4.0.3] startup
2025-08-23 00:19:55 [47,229ms] [Warning] [omni.isaac.core.physics_context.physics_context] omni.isaac.core.physics_context.physics_context has been deprecated in favor of isaacsim.core.api.physics_context.physics_context. Please update your code accordingly.
2025-08-23 00:19:55 [47,239ms] [Warning] [omni.isaac.core.simulation_context.simulation_context] omni.isaac.core.simulation_context.simulation_context has been deprecated in favor of isaacsim.core.api.simulation_context.simulation_context. Please update your code accordingly.
2025-08-23 00:19:55 [47,249ms] [Warning] [omni.isaac.core.world.world] omni.isaac.core.world.world has been deprecated in favor of isaacsim.core.api.world.world. Please update your code accordingly.
2025-08-23 00:19:55 [47,249ms] [Warning] [omni.isaac.core] omni.isaac.core has been deprecated in favor of isaacsim.core.api. Please update your code accordingly.
[47.514s] [ext: isaacsim.robot_motion.motion_generation-8.0.6] startup
[47.606s] [ext: omni.graph.nodes-1.162.1] startup
[47.927s] [ext: omni.syntheticdata-0.6.10] startup
[48.047s] [ext: omni.kit.xr.system.cloudxr-106.5.13] startup
[48.088s] [ext: isaacsim.robot_motion.lula_test_widget-1.0.5] startup
[48.123s] [ext: omni.kit.xr.telemetry-106.5.13] startup
[48.142s] [ext: omni.kit.data2ui.core-1.0.27] startup
[48.168s] [ext: omni.kit.xr.ui.window.profile-106.5.13] startup
[48.307s] [ext: omni.kit.data2ui.usd-1.0.27] startup
[48.432s] [ext: omni.warp-1.5.0] startup
[48.478s] [ext: omni.no_code_ui.bundle-1.0.27] startup
[48.481s] [ext: omni.replicator.core-1.11.35] startup
Warp 1.5.0 initialized:
   CUDA Toolkit 11.8, Driver 12.8
   Devices:
     "cpu"      : "x86_64"
     "cuda:0"   : "NVIDIA A100-SXM4-80GB" (79 GiB, sm_80, mempool enabled)
   Kernel cache:
     /home/cgokmen/.cache/warp/1.5.0
2025-08-23 00:19:57 [49,607ms] [Warning] [omni.replicator.core.scripts.extension] No material configuration file, adding configuration to material settings directly.
[49.879s] [ext: omni.isaac.lula-4.0.2] startup
2025-08-23 00:19:57 [49,622ms] [Warning] [omni.isaac.lula] omni.isaac.lula has been deprecated in favor of isaacsim.robot_motion.lula. Please update your code accordingly.
[49.888s] [ext: omni.isaac.lula_test_widget-1.0.2] startup
2025-08-23 00:19:57 [49,630ms] [Warning] [omni.isaac.lula_test_widget] omni.isaac.lula_test_widget has been deprecated in favor of isaacsim.robot_motion.lula_test_widget. Please update your code accordingly.
[49.896s] [ext: omni.kit.xr.profile.common-106.5.13] startup
[49.961s] [ext: omni.kit.xr.scene_view.utils-106.5.13] startup
[54.581s] [ext: isaacsim.core.nodes-2.1.4] startup
[54.633s] [ext: isaacsim.robot.surface_gripper-2.0.6] startup
[54.660s] [ext: omni.kit.xr.system.openxr-106.5.13] startup
[54.718s] [ext: omni.kit.xr.system.steamvr-106.5.13] startup
[54.743s] [ext: omni.kit.xr.ui.stage-106.5.13] startup
[54.843s] [ext: omni.kit.selection-0.1.5] startup
[54.858s] [ext: isaacsim.robot.manipulators-3.0.4] startup
[54.893s] [ext: omni.isaac.core_nodes-2.0.2] startup
2025-08-23 00:20:02 [54,646ms] [Warning] [omni.isaac.core_nodes] omni.isaac.core_nodes has been deprecated in favor of isaacsim.core.nodes. Please update your code accordingly.
[54.911s] [ext: omni.anim.curve.core-1.2.0] startup
[55.005s] [ext: omni.kit.xr.profile.vr-106.5.13] startup
[55.039s] [ext: isaacsim.gui.menu-2.0.9] startup
[55.124s] [ext: omni.isaac.manipulators-3.0.3] startup
2025-08-23 00:20:03 [54,868ms] [Warning] [omni.isaac.manipulators] omni.isaac.manipulators has been deprecated in favor of isaacsim.robot.manipulators. Please update your code accordingly.
2025-08-23 00:20:03 [54,874ms] [Warning] [omni.isaac.manipulators.controllers] omni.isaac.manipulators has been deprecated in favor of isaacsim.robot.manipulators. Please update your code accordingly.
2025-08-23 00:20:03 [54,878ms] [Warning] [omni.isaac.manipulators.controllers.pick_place_controller] omni.isaac.manipulators has been deprecated in favor of isaacsim.robot.manipulators. Please update your code accordingly.
2025-08-23 00:20:03 [54,890ms] [Warning] [omni.isaac.manipulators.controllers.stacking_controller] omni.isaac.manipulators has been deprecated in favor of isaacsim.robot.manipulators. Please update your code accordingly.
2025-08-23 00:20:03 [54,894ms] [Warning] [omni.isaac.manipulators.grippers] omni.isaac.manipulators has been deprecated in favor of isaacsim.robot.manipulators. Please update your code accordingly.
2025-08-23 00:20:03 [54,897ms] [Warning] [omni.isaac.manipulators.grippers.gripper] omni.isaac.manipulators has been deprecated in favor of isaacsim.robot.manipulators. Please update your code accordingly.
2025-08-23 00:20:03 [54,899ms] [Warning] [omni.isaac.manipulators.grippers.parallel_gripper] omni.isaac.manipulators has been deprecated in favor of isaacsim.robot.manipulators. Please update your code accordingly.
2025-08-23 00:20:03 [54,901ms] [Warning] [omni.isaac.manipulators.grippers.surface_gripper] omni.isaac.manipulators has been deprecated in favor of isaacsim.robot.manipulators. Please update your code accordingly.
2025-08-23 00:20:03 [54,904ms] [Warning] [omni.isaac.manipulators.manipulators] omni.isaac.manipulators has been deprecated in favor of isaacsim.robot.manipulators. Please update your code accordingly.
2025-08-23 00:20:03 [54,906ms] [Warning] [omni.isaac.manipulators.manipulators.single_manipulator] omni.isaac.manipulators has been deprecated in favor of isaacsim.robot.manipulators. Please update your code accordingly.
[55.172s] [ext: isaacsim.sensors.physics-0.3.5] startup
[55.253s] [ext: omni.isaac.menu-1.0.2] startup
2025-08-23 00:20:03 [54,998ms] [Warning] [omni.isaac.menu] omni.isaac.menu has been deprecated in favor of isaacsim.gui.menu. Please update your code accordingly.
[55.263s] [ext: omni.isaac.motion_generation-8.0.2] startup
2025-08-23 00:20:03 [55,016ms] [Warning] [omni.isaac.motion_generation] omni.isaac.motion_generation has been deprecated in favor of isaacsim.robot_motion.motion_generation. Please update your code accordingly.
2025-08-23 00:20:03 [55,022ms] [Warning] [omni.isaac.motion_generation.articulation_kinematics_solver] omni.isaac.motion_generation has been deprecated in favor of isaacsim.robot_motion.motion_generation. Please update your code accordingly.
2025-08-23 00:20:03 [55,028ms] [Warning] [omni.isaac.motion_generation.articulation_motion_policy] omni.isaac.motion_generation has been deprecated in favor of isaacsim.robot_motion.motion_generation. Please update your code accordingly.
2025-08-23 00:20:03 [55,041ms] [Warning] [omni.isaac.motion_generation.articulation_trajectory] omni.isaac.motion_generation has been deprecated in favor of isaacsim.robot_motion.motion_generation. Please update your code accordingly.
2025-08-23 00:20:03 [55,048ms] [Warning] [omni.isaac.motion_generation.kinematics_interface] omni.isaac.motion_generation has been deprecated in favor of isaacsim.robot_motion.motion_generation. Please update your code accordingly.
2025-08-23 00:20:03 [55,065ms] [Warning] [omni.isaac.motion_generation.lula] omni.isaac.motion_generation has been deprecated in favor of isaacsim.robot_motion.motion_generation. Please update your code accordingly.
2025-08-23 00:20:03 [55,074ms] [Warning] [omni.isaac.motion_generation.lula.kinematics] omni.isaac.motion_generation has been deprecated in favor of isaacsim.robot_motion.motion_generation. Please update your code accordingly.
2025-08-23 00:20:03 [55,081ms] [Warning] [omni.isaac.motion_generation.lula.motion_policies] omni.isaac.motion_generation has been deprecated in favor of isaacsim.robot_motion.motion_generation. Please update your code accordingly.
2025-08-23 00:20:03 [55,088ms] [Warning] [omni.isaac.motion_generation.lula.path_planners] omni.isaac.motion_generation has been deprecated in favor of isaacsim.robot_motion.motion_generation. Please update your code accordingly.
2025-08-23 00:20:03 [55,101ms] [Warning] [omni.isaac.motion_generation.lula.trajectory_generator] omni.isaac.motion_generation has been deprecated in favor of isaacsim.robot_motion.motion_generation. Please update your code accordingly.
2025-08-23 00:20:03 [55,108ms] [Warning] [omni.isaac.motion_generation.motion_policy_controller] omni.isaac.motion_generation has been deprecated in favor of isaacsim.robot_motion.motion_generation. Please update your code accordingly.
2025-08-23 00:20:03 [55,138ms] [Warning] [omni.isaac.motion_generation.motion_policy_interface] omni.isaac.motion_generation has been deprecated in favor of isaacsim.robot_motion.motion_generation. Please update your code accordingly.
2025-08-23 00:20:03 [55,149ms] [Warning] [omni.isaac.motion_generation.path_planner_visualizer] omni.isaac.motion_generation has been deprecated in favor of isaacsim.robot_motion.motion_generation. Please update your code accordingly.
2025-08-23 00:20:03 [55,156ms] [Warning] [omni.isaac.motion_generation.path_planning_interface] omni.isaac.motion_generation has been deprecated in favor of isaacsim.robot_motion.motion_generation. Please update your code accordingly.
2025-08-23 00:20:03 [55,170ms] [Warning] [omni.isaac.motion_generation.trajectory] omni.isaac.motion_generation has been deprecated in favor of isaacsim.robot_motion.motion_generation. Please update your code accordingly.
2025-08-23 00:20:03 [55,180ms] [Warning] [omni.isaac.motion_generation.world_interface] omni.isaac.motion_generation has been deprecated in favor of isaacsim.robot_motion.motion_generation. Please update your code accordingly.
[55.445s] [ext: isaacsim.robot.policy.examples-4.0.3] startup
[55.513s] [ext: omni.sensors.nv.common-2.5.0-coreapi] startup
[56.932s] [ext: omni.isaac.nucleus-1.0.3] startup
2025-08-23 00:20:04 [56,741ms] [Warning] [omni.isaac.nucleus] omni.isaac.nucleus has been deprecated in favor of isaacsim.storage.native. Please update your code accordingly.
2025-08-23 00:20:04 [56,781ms] [Warning] [omni.isaac.nucleus.nucleus] omni.isaac.nucleus.nucleus has been deprecated in favor of isaacsim.storage.native. Please update your code accordingly.
[57.046s] [ext: omni.isaac.quadruped-3.0.2] startup
2025-08-23 00:20:05 [56,965ms] [Warning] [omni.isaac.quadruped] omni.isaac.quadruped has been deprecated in favor of isaacsim.robot.policy.examples. Please update your code accordingly.
[57.230s] [ext: omni.sensors.nv.materials-1.4.0-coreapi] startup
[57.906s] [ext: isaacsim.sensors.camera-0.2.9] startup
[58.303s] [ext: omni.sensors.nv.wpm-2.4.0-coreapi] startup
[58.588s] [ext: omni.sensors.nv.lidar-2.6.3-coreapi] startup
[58.731s] [ext: isaacsim.util.debug_draw-2.0.2] startup
[58.991s] [ext: omni.sensors.tiled-0.0.6] startup
[59.119s] [ext: omni.sensors.nv.radar-2.6.1-coreapi] startup
[59.458s] [ext: omni.sensors.nv.ids-1.4.0-coreapi] startup
[59.603s] [ext: isaacsim.sensors.physx-2.2.4] startup
[59.941s] [ext: isaacsim.robot.manipulators.examples-1.0.3] startup
[60.536s] [ext: isaacsim.sensors.rtx-13.6.3] startup
[61.081s] [ext: omni.isaac.range_sensor-4.0.2] startup
[61.813s] [ext: isaacsim.cortex.framework-1.0.2] startup
[61.977s] [ext: omni.isaac.sensor-13.0.3] startup
2025-08-23 00:20:10 [61,815ms] [Warning] [omni.isaac.sensor] omni.isaac.sensor has been deprecated in favor of isaacsim.sensors.camera, isaacsim.sensors.physics, isaacsim.sensors.physx, and isaacsim.sensors.rtx. Please update your code accordingly.
2025-08-23 00:20:10 [61,859ms] [Warning] [omni.isaac.sensor.camera] omni.isaac.sensor.camera has been deprecated in favor of isaacsim.sensors.camera.camera. Please update your code accordingly.
2025-08-23 00:20:10 [61,914ms] [Warning] [omni.isaac.sensor.camera_view] omni.isaac.sensor.camera_view has been deprecated in favor of isaacsim.sensors.camera.camera_view. Please update your code accordingly.
2025-08-23 00:20:10 [61,945ms] [Warning] [omni.isaac.sensor.commands] omni.isaac.sensor.commands has been deprecated in favor of isaacsim.sensors.physics.commands, isaacsim.sensors.physx.commands, and isaacsim.sensors.rtx.commands. Please update your code accordingly.
2025-08-23 00:20:10 [61,973ms] [Warning] [omni.isaac.sensor.contact_sensor] omni.isaac.sensor.contact_sensor has been deprecated in favor of isaacsim.sensors.physics.contact_sensor. Please update your code accordingly.
2025-08-23 00:20:10 [62,002ms] [Warning] [omni.isaac.sensor.imu_sensor] omni.isaac.sensor.imu_sensor has been deprecated in favor of isaacsim.sensors.physics.imu_sensor. Please update your code accordingly.
2025-08-23 00:20:10 [62,023ms] [Warning] [omni.isaac.sensor.lidar_rtx] omni.isaac.sensor.lidar_rtx has been deprecated in favor of isaacsim.sensors.rtx.lidar_rtx. Please update your code accordingly.
2025-08-23 00:20:10 [62,077ms] [Warning] [omni.isaac.sensor.rotating_lidar_physX] omni.isaac.sensor.imu_sensor has been deprecated in favor of isaacsim.sensors.physix.rotating_lidar_physX. Please update your code accordingly.
2025-08-23 00:20:10 [62,221ms] [Warning] [omni.isaac.sensor.scripts.samples.contact_sensor] omni.isaac.sensor.scripts.samples.contact_sensor has been deprecated in favor of isaacsim.sensors.physics.scripts.samples.contact_sensor. Please update your code accordingly.
2025-08-23 00:20:10 [62,235ms] [Warning] [omni.isaac.sensor.scripts.samples.imu_sensor] omni.isaac.sensor.scripts.samples.imu_sensor has been deprecated in favor of isaacsim.sensors.physics.scripts.samples.imu_sensor. Please update your code accordingly.
2025-08-23 00:20:10 [62,249ms] [Warning] [omni.isaac.sensor.scripts.samples.lightbeam_sensor] omni.isaac.sensor.scripts.samples.lightbeam_sensor has been deprecated in favor of isaacsim.sensors.physx.scripts.samples.lightbeam_sensor. Please update your code accordingly.
[62.514s] [ext: omni.isaac.surface_gripper-2.0.2] startup
2025-08-23 00:20:10 [62,304ms] [Warning] [omni.isaac.surface_gripper] omni.isaac.surface_gripper has been deprecated in favor of isaacsim.robot.surface_gripper. Please update your code accordingly.
[62.569s] [ext: omni.kit.manipulator.transform-106.0.1] startup
[62.945s] [ext: omni.isaac.cortex-1.0.2] startup
2025-08-23 00:20:10 [62,686ms] [Warning] [omni.isaac.cortex] omni.isaac.cortex has been deprecated in favor of isaacsim.cortex.framework. Please update your code accordingly.
[62.951s] [ext: omni.kit.widget.toolbar-1.7.3] startup
[63.375s] [ext: omni.isaac.universal_robots-1.0.2] startup
2025-08-23 00:20:11 [63,120ms] [Warning] [omni.isaac.universal_robots] omni.isaac.universal_robots has been deprecated in favor of isaacsim.robot.manipulators.examples.universal_robots. Please update your code accordingly.
2025-08-23 00:20:11 [63,138ms] [Warning] [omni.isaac.universal_robots.kinematics_solver] omni.isaac.franka has been deprecated in favor of isaacsim.robot.manipulators.examples.universal_robots. Please update your code accordingly.
2025-08-23 00:20:11 [63,153ms] [Warning] [omni.isaac.universal_robots.ur10] omni.isaac.franka has been deprecated in favor of isaacsim.robot.manipulators.examples.universal_robots. Please update your code accordingly.
[63.419s] [ext: isaacsim.cortex.behaviors-2.0.3] startup
[63.438s] [ext: omni.kit.manipulator.tool.snap-1.5.12] startup
[63.623s] [ext: omni.kit.manipulator.selector-1.1.1] startup
[63.654s] [ext: omni.isaac.utils-2.0.2] startup
[63.693s] [ext: omni.isaac.cortex.sample_behaviors-2.0.2] startup
2025-08-23 00:20:11 [63,438ms] [Warning] [omni.isaac.cortex.sample_behaviors] omni.isaac.cortex.sample_behaviors has been deprecated in favor of isaacsim.cortex.behaviors. Please update your code accordingly.
[63.703s] [ext: omni.kit.viewport.manipulator.transform-107.0.4] startup
[63.935s] [ext: omni.graph.ui_nodes-1.40.1] startup
[64.085s] [ext: omni.fabric.commands-1.1.5] startup
[64.152s] [ext: omni.kit.manipulator.prim.core-107.0.7] startup
[64.335s] [ext: omni.kit.property.camera-1.0.9] startup
[64.362s] [ext: omni.kit.property.geometry-1.3.3] startup
[64.433s] [ext: omni.kit.property.light-1.0.11] startup
[64.473s] [ext: omni.kit.manipulator.prim.fabric-107.0.4] startup
[64.512s] [ext: omni.kit.manipulator.prim.usd-107.0.3] startup
[64.577s] [ext: omni.kit.property.material-1.10.17] startup
[64.800s] [ext: omni.kit.viewport.actions-107.0.0] startup
[64.821s] [ext: omni.debugdraw-0.1.3] startup
[64.915s] [ext: omni.kit.manipulator.prim-107.0.0] startup
[64.917s] [ext: omni.kit.manipulator.selection-106.0.1] startup
[64.956s] [ext: omni.kit.viewport.menubar.display-107.0.3] startup
[65.145s] [ext: omni.kit.widget.layers-1.8.2] startup
[65.315s] [ext: omni.hydra.scene_api-0.1.2] startup
[65.372s] [ext: omni.kit.property.render-1.1.3] startup
[65.403s] [ext: omni.physx.commands-106.5.7] startup
[65.424s] [ext: omni.usdphysics.ui-106.5.7] startup
[65.651s] [ext: omni.kit.property.transform-1.5.10] startup
[65.716s] [ext: omni.kit.property.audio-1.0.16] startup
[65.774s] [ext: isaacsim.gui.property-1.0.4] startup
[65.823s] [ext: omni.physx.ui-106.5.7] startup
[66.069s] [ext: omni.kit.property.bundle-1.3.2] startup
[66.105s] [ext: omni.kit.property.isaac-1.0.2] startup
2025-08-23 00:20:14 [65,867ms] [Warning] [omni.kit.property.isaac] omni.kit.property.isaac has been deprecated in favor of isaacsim.gui.property. Please update your code accordingly.
2025-08-23 00:20:14 [65,872ms] [Warning] [omni.kit.property.isaac.widgets] omni.kit.property.isaac.widgets has been deprecated in favor of isaacsim.gui.property.widgets. Please update your code accordingly.
[66.138s] [ext: omni.kit.property.physx-106.5.7] startup
[66.658s] [ext: omni.physx.demos-106.5.7] startup
[66.903s] [ext: omni.kit.viewport.menubar.camera-107.0.2] startup
[66.957s] [ext: omni.kit.viewport.menubar.lighting-106.0.2] startup
[66.986s] [ext: omni.kit.viewport.menubar.render-107.0.8] startup
[67.039s] [ext: omni.physx.vehicle-106.5.7] startup
[67.442s] [ext: omni.kit.viewport.menubar.settings-107.0.3] startup
[67.550s] [ext: omni.kit.window.console-0.2.14] startup
[67.641s] [ext: omni.kit.window.toolbar-1.6.2] startup
[67.675s] [ext: omni.physx.camera-106.5.7] startup
[67.820s] [ext: omni.physx.cct-106.5.7] startup
[67.953s] [ext: omni.physx.graph-106.5.7] startup
[68.225s] [ext: omni.physx.supportui-106.5.7] startup
[68.383s] [ext: isaacsim.replicator.writers-1.0.1] startup
[68.657s] [ext: omni.physx.telemetry-106.5.7] startup
[68.728s] [ext: omni.isaac.version-2.0.2] startup
2025-08-23 00:20:16 [68,474ms] [Warning] [omni.isaac.version] omni.isaac.version has been deprecated in favor of isaacsim.core.version. Please update your code accordingly.
[68.739s] [ext: isaacsim.robot.wheeled_robots-4.0.3] startup
[68.958s] [ext: isaacsim.replicator.domain_randomization-1.0.2] startup
[69.023s] [ext: isaacsim.replicator.examples-1.1.2] startup
[69.067s] [ext: omni.kit.window.status_bar-0.1.7] startup
[69.279s] [ext: omni.physx.bundle-106.5.7] startup
[69.279s] [ext: omni.usd.metrics.assembler-106.5.0] startup
[69.427s] [ext: omni.isaac.wheeled_robots-3.0.3] startup
2025-08-23 00:20:17 [69,178ms] [Warning] [omni.isaac.wheeled_robots] omni.isaac.wheeled_robots has been deprecated in favor of isaacsim.robot.wheeled_robots. Please update your code accordingly.
2025-08-23 00:20:17 [69,193ms] [Warning] [omni.isaac.wheeled_robots.controllers] omni.isaac.wheeled_robots has been deprecated in favor of isaacsim.robot.wheeled_robots. Please update your code accordingly.
2025-08-23 00:20:17 [69,198ms] [Warning] [omni.isaac.wheeled_robots.controllers.ackermann_controller] omni.isaac.wheeled_robots has been deprecated in favor of isaacsim.robot.wheeled_robots. Please update your code accordingly.
2025-08-23 00:20:17 [69,209ms] [Warning] [omni.isaac.wheeled_robots.controllers.differential_controller] omni.isaac.wheeled_robots has been deprecated in favor of isaacsim.robot.wheeled_robots. Please update your code accordingly.
2025-08-23 00:20:17 [69,214ms] [Warning] [omni.isaac.wheeled_robots.controllers.holonomic_controller] omni.isaac.wheeled_robots has been deprecated in favor of isaacsim.robot.wheeled_robots. Please update your code accordingly.
2025-08-23 00:20:17 [69,223ms] [Warning] [omni.isaac.wheeled_robots.controllers.quintic_path_planner] omni.isaac.wheeled_robots has been deprecated in favor of isaacsim.robot.wheeled_robots. Please update your code accordingly.
2025-08-23 00:20:17 [69,234ms] [Warning] [omni.isaac.wheeled_robots.controllers.stanley_control] omni.isaac.wheeled_robots has been deprecated in favor of isaacsim.robot.wheeled_robots. Please update your code accordingly.
2025-08-23 00:20:17 [69,256ms] [Warning] [omni.isaac.wheeled_robots.controllers.wheel_base_pose_controller] omni.isaac.wheeled_robots has been deprecated in favor of isaacsim.robot.wheeled_robots. Please update your code accordingly.
2025-08-23 00:20:17 [69,281ms] [Warning] [omni.isaac.wheeled_robots.impl] omni.isaac.wheeled_robots has been deprecated in favor of isaacsim.robot.wheeled_robots. Please update your code accordingly.
2025-08-23 00:20:17 [69,302ms] [Warning] [omni.isaac.wheeled_robots.robots] omni.isaac.wheeled_robots has been deprecated in favor of isaacsim.robot.wheeled_robots. Please update your code accordingly.
2025-08-23 00:20:17 [69,310ms] [Warning] [omni.isaac.wheeled_robots.robots.holonomic_robot_usd_setup] omni.isaac.wheeled_robots has been deprecated in favor of isaacsim.robot.wheeled_robots. Please update your code accordingly.
2025-08-23 00:20:17 [69,313ms] [Warning] [omni.isaac.wheeled_robots.robots.wheeled_robot] omni.isaac.wheeled_robots has been deprecated in favor of isaacsim.robot.wheeled_robots. Please update your code accordingly.
[69.578s] [ext: omni.isaac.franka-1.0.2] startup
2025-08-23 00:20:17 [69,323ms] [Warning] [omni.isaac.franka] omni.isaac.franka has been deprecated in favor of isaacsim.robot.manipulators.examples.franka. Please update your code accordingly.
2025-08-23 00:20:17 [69,332ms] [Warning] [omni.isaac.franka.franka] omni.isaac.franka has been deprecated in favor of isaacsim.robot.manipulators.examples.franka. Please update your code accordingly.
2025-08-23 00:20:17 [69,349ms] [Warning] [omni.isaac.franka.kinematics_solver] omni.isaac.franka has been deprecated in favor of isaacsim.robot.manipulators.examples.franka. Please update your code accordingly.
[69.614s] [ext: omni.replicator.isaac-2.0.3] startup
2025-08-23 00:20:17 [69,361ms] [Warning] [omni.replicator.isaac] omni.replicator.isaac has been deprecated in favor of isaacsim.replicator.domain_randomization, isaacsim.replicator.examples, isaacsim.replicator.writers. Please update your code accordingly.
[69.626s] [ext: omni.replicator.replicator_yaml-2.0.10] startup
[69.670s] [ext: omni.rtx.settings.core-0.6.3] startup
[69.775s] [ext: omni.usd.metrics.assembler.ui-106.5.0] startup
[69.830s] [ext: omni.kit.tool.asset_importer-2.12.3] startup
[69.911s] [ext: isaacsim.app.about-2.0.7] startup
[69.928s] [ext: semantics.schema.editor-0.3.10] startup
[69.973s] [ext: isaacsim.examples.browser-0.1.8] startup
[70.005s] [ext: isaacsim.simulation_app-2.4.2] startup
[70.008s] [ext: semantics.schema.property-1.0.5] startup
[70.023s] [ext: isaacsim.asset.importer.mjcf-2.3.7] startup
[70.141s] [ext: omni.isaac.window.about-2.0.2] startup
2025-08-23 00:20:18 [69,889ms] [Warning] [omni.isaac.window.about] omni.isaac.window.about has been deprecated in favor of isaacsim.app.about. Please update your code accordingly.
2025-08-23 00:20:18 [69,894ms] [Warning] [omni.isaac.window.about.about] omni.isaac.window.about.about has been deprecated in favor of isaacsim.app.about.about. Please update your code accordingly.
[70.159s] [ext: omni.kit.ui.actions-1.0.2] startup
[70.180s] [ext: isaacsim.asset.importer.urdf-2.3.14] startup
[70.352s] [ext: omni.isaac.kit-2.0.3] startup
2025-08-23 00:20:18 [70,093ms] [Warning] [omni.isaac.kit] omni.isaac.kit has been deprecated in favor of isaacsim.simulation_app. Please update your code accordingly.
[70.358s] [ext: omni.isaac.asset_browser-1.0.2] startup
2025-08-23 00:20:18 [70,099ms] [Warning] [omni.isaac.asset_browser] omni.isaac.asset_browser has been deprecated in favor of isaacsim.asset.browser. Please update your code accordingly.
[70.364s] [ext: isaacsim.core.throttling-2.0.2] startup
[70.381s] [ext: omni.flowusd-106.5.2] startup
2025-08-23 00:20:18 [70,190ms] [Warning] [omni.stageupdate.plugin] Deprecated: direct use of IStageUpdate callbacks is deprecated. Use IStageUpdate::getStageUpdate instead.
[70.482s] [ext: omni.kit.menu.common-1.1.9] startup
[70.497s] [ext: isaacsim.exp.base-4.5.0] startup
[70.497s] [ext: omnigibson_4_5_0-1.5.0] startup
[70.506s] Simulation App Starting
2025-08-23 00:20:19 [70,973ms] [Warning] [omni.kvdb.plugin] Disabling key-value database because another kit process is locking it
2025-08-23 00:20:19 [70,996ms] [Warning] [carb.audio.device] audio device is misconfigured or broken {deviceIndex = 0, name = 'default'} (The device is likely misconfigured, check your $HOME/.asoundrc)
2025-08-23 00:20:19 [70,997ms] [Warning] [carb.audio.output] failed to retrieve the capabilities for device 0 {result = eDeviceLost (2)}
2025-08-23 00:20:19 [70,997ms] [Warning] [carb.audio.context] failed to set the requested output during context creation.  Using a null streamer instead {result = eDeviceLost (2)}
[71.391s] app ready
2025-08-23 00:20:20 [72,285ms] [Warning] [rtx.neuraylib.plugin] [IRAY:RENDER]   1.1   IRAY   rend warn : CUDA device 0 (NVIDIA A100-SXM4-80GB): ECC is enabled, this will reduce rendering performance (it is strongly recommended to disable ECC with iray)
2025-08-23 00:20:20 [72,367ms] [Warning] [rtx.scenedb.plugin] SceneDbContext : TLAS limit buffer size 2705217792
2025-08-23 00:20:20 [72,367ms] [Warning] [rtx.scenedb.plugin] SceneDbContext : TLAS limit : valid true, within: false
2025-08-23 00:28:28 [560,302ms] [Warning] [omni.usd-abi.plugin] No setting was found for '/rtx-defaults-transient/meshlights/forceDisable'
2025-08-23 00:28:31 [562,939ms] [Warning] [omni.usd-abi.plugin] No setting was found for '/rtx-defaults/post/dlss/execMode'
2025-08-23 00:33:57 [889,630ms] [Warning] [rtx.postprocessing.plugin] DLSS-RR is not supported in the current build due to some known bugs with this GPU: NVIDIA A100-SXM4-80GB.Note that RTX Real-Time raytracing mode will not be able to denoise the output correctly.
[890.376s] Simulation App Startup Complete
2025-08-23 00:35:13 [965,779ms] [Warning] [carb] Failed to startup plugin carb.windowing-glfw.plugin (interfaces: [carb::windowing::IGLContext v1.0],[carb::windowing::IWindowing v1.5]) (impl: carb.windowing-glfw.plugin)
2025-08-23 00:36:08 [1,020,610ms] [Warning] [omni.syntheticdata.plugin] OgnSdPostRenderVarToHost : rendervar copy from texture directly to host buffer is counter-performant. Please use copy from texture to device buffer first.
2025-08-23 00:36:08 [1,020,661ms] [Warning] [omni.fabric.plugin] removePath called on non-existent path /Render/OmniverseKit/HydraTextures/Replicator/PostRender/SDGPipeline/Replicator_GpuInteropEntry 


                   ____________
                  /          / \
                 /          / /__
                /          / /  /\
               /__________/ /__/  \
               \   _____  \ \__\  /
                \  \  / \  \ \_/ /
                 \  \/___\  \   /
                  \__________\_/  
       ___                  _  ____ _ _                     
      / _ \ _ __ ___  _ __ (_)/ ___(_) |__  ___  ___  _ __  
     | | | | '_ ` _ \| '_ \| | |  _| | '_ \/ __|/ _ \| '_ \ 
     | |_| | | | | | | | | | | |_| | | |_) \__ \ (_) | | | |
      \___/|_| |_| |_|_| |_|_|\____|_|_.__/|___/\___/|_| |_|

[INFO] [omnigibson.simulator] ---------- Welcome to OmniGibson! ----------
2025-08-23 00:36:17 [1,029,073ms] [Warning] [omni.syntheticdata.plugin] SdRenderVarPtr missing valid input renderVar LdrColorSDhost
2025-08-23 00:36:17 [1,029,127ms] [Warning] [carb] Failed to startup plugin carb.windowing-glfw.plugin (interfaces: [carb::windowing::IGLContext v1.0],[carb::windowing::IWindowing v1.5]) (impl: carb.windowing-glfw.plugin)
[INFO] [omnigibson.simulator] Imported scene 0.
[WARNING] [omnigibson.objects.dataset_object] Category stages not found in average object specs! Defaulting to unit mass or density.
2025-08-23 00:36:19 [1,031,538ms] [Warning] [omnigibson.objects.dataset_object] Category stages not found in average object specs! Defaulting to unit mass or density.
[WARNING] [omnigibson.objects.dataset_object] Category seat not found in average object specs! Defaulting to unit mass or density.
2025-08-23 00:36:21 [1,033,513ms] [Warning] [omnigibson.objects.dataset_object] Category seat not found in average object specs! Defaulting to unit mass or density.
[WARNING] [omnigibson.objects.dataset_object] Category seat not found in average object specs! Defaulting to unit mass or density.
2025-08-23 00:36:27 [1,039,537ms] [Warning] [omnigibson.objects.dataset_object] Category seat not found in average object specs! Defaulting to unit mass or density.
[WARNING] [omnigibson.objects.dataset_object] Category computer not found in average object specs! Defaulting to unit mass or density.
2025-08-23 00:36:28 [1,040,681ms] [Warning] [omnigibson.objects.dataset_object] Category computer not found in average object specs! Defaulting to unit mass or density.
[WARNING] [omnigibson.objects.dataset_object] Category phone not found in average object specs! Defaulting to unit mass or density.
2025-08-23 00:36:30 [1,042,027ms] [Warning] [omnigibson.objects.dataset_object] Category phone not found in average object specs! Defaulting to unit mass or density.
[WARNING] [omnigibson.objects.dataset_object] Category phone not found in average object specs! Defaulting to unit mass or density.
2025-08-23 00:36:31 [1,043,459ms] [Warning] [omnigibson.objects.dataset_object] Category phone not found in average object specs! Defaulting to unit mass or density.
[WARNING] [omnigibson.objects.dataset_object] Category phone not found in average object specs! Defaulting to unit mass or density.
2025-08-23 00:36:33 [1,044,872ms] [Warning] [omnigibson.objects.dataset_object] Category phone not found in average object specs! Defaulting to unit mass or density.
[WARNING] [omnigibson.objects.dataset_object] Category cup not found in average object specs! Defaulting to unit mass or density.
2025-08-23 00:36:35 [1,047,280ms] [Warning] [omnigibson.objects.dataset_object] Category cup not found in average object specs! Defaulting to unit mass or density.
[WARNING] [omnigibson.objects.dataset_object] Category desk_clutter not found in average object specs! Defaulting to unit mass or density.
2025-08-23 00:36:36 [1,048,623ms] [Warning] [omnigibson.objects.dataset_object] Category desk_clutter not found in average object specs! Defaulting to unit mass or density.
[WARNING] [omnigibson.objects.dataset_object] Category toy not found in average object specs! Defaulting to unit mass or density.
2025-08-23 00:36:37 [1,049,234ms] [Warning] [omnigibson.objects.dataset_object] Category toy not found in average object specs! Defaulting to unit mass or density.
[WARNING] [omnigibson.objects.dataset_object] Category seat not found in average object specs! Defaulting to unit mass or density.
2025-08-23 00:36:38 [1,050,444ms] [Warning] [omnigibson.objects.dataset_object] Category seat not found in average object specs! Defaulting to unit mass or density.
[WARNING] [omnigibson.objects.dataset_object] Category table not found in average object specs! Defaulting to unit mass or density.
2025-08-23 00:36:40 [1,051,948ms] [Warning] [omnigibson.objects.dataset_object] Category table not found in average object specs! Defaulting to unit mass or density.
[WARNING] [omnigibson.objects.dataset_object] Category table not found in average object specs! Defaulting to unit mass or density.
2025-08-23 00:36:41 [1,053,302ms] [Warning] [omnigibson.objects.dataset_object] Category table not found in average object specs! Defaulting to unit mass or density.
[WARNING] [omnigibson.objects.stateful_object] State ToggledOn is incompatible with obj printer_14. Reason: LinkBasedStateMixin ToggledOn requires meta link with type ['togglebutton'] for obj printer_14 but none was found! To get valid compatible object models, please use omnigibson.utils.asset_utils.get_all_object_category_models_with_abilities(...)
2025-08-23 00:36:42 [1,054,243ms] [Warning] [omnigibson.objects.stateful_object] State ToggledOn is incompatible with obj printer_14. Reason: LinkBasedStateMixin ToggledOn requires meta link with type ['togglebutton'] for obj printer_14 but none was found! To get valid compatible object models, please use omnigibson.utils.asset_utils.get_all_object_category_models_with_abilities(...)
[WARNING] [omnigibson.objects.stateful_object] State ToggledOn is incompatible with obj printer_15. Reason: LinkBasedStateMixin ToggledOn requires meta link with type ['togglebutton'] for obj printer_15 but none was found! To get valid compatible object models, please use omnigibson.utils.asset_utils.get_all_object_category_models_with_abilities(...)
2025-08-23 00:36:42 [1,054,793ms] [Warning] [omnigibson.objects.stateful_object] State ToggledOn is incompatible with obj printer_15. Reason: LinkBasedStateMixin ToggledOn requires meta link with type ['togglebutton'] for obj printer_15 but none was found! To get valid compatible object models, please use omnigibson.utils.asset_utils.get_all_object_category_models_with_abilities(...)
[WARNING] [omnigibson.prims.material_prim] No compatible material prim class found for material at /World/scene_0/box_16/Looks/Shader1 with asset path gltf/pbr.mdl and sub-identifier gltf_material. Using MaterialPrim as a fallback.
2025-08-23 00:36:43 [1,054,940ms] [Warning] [omnigibson.prims.material_prim] No compatible material prim class found for material at /World/scene_0/box_16/Looks/Shader1 with asset path gltf/pbr.mdl and sub-identifier gltf_material. Using MaterialPrim as a fallback.
[WARNING] [omnigibson.objects.dataset_object] Category box not found in average object specs! Defaulting to unit mass or density.
2025-08-23 00:36:44 [1,056,231ms] [Warning] [omnigibson.objects.dataset_object] Category box not found in average object specs! Defaulting to unit mass or density.
[WARNING] [omnigibson.objects.dataset_object] Category unknown not found in average object specs! Defaulting to unit mass or density.
2025-08-23 00:36:44 [1,056,544ms] [Warning] [omnigibson.objects.dataset_object] Category unknown not found in average object specs! Defaulting to unit mass or density.
[WARNING] [omnigibson.objects.dataset_object] Category seat not found in average object specs! Defaulting to unit mass or density.
2025-08-23 00:36:46 [1,058,566ms] [Warning] [omnigibson.objects.dataset_object] Category seat not found in average object specs! Defaulting to unit mass or density.
[WARNING] [omnigibson.objects.dataset_object] Category tv not found in average object specs! Defaulting to unit mass or density.
2025-08-23 00:36:47 [1,059,610ms] [Warning] [omnigibson.objects.dataset_object] Category tv not found in average object specs! Defaulting to unit mass or density.
Skipping object {'template_name': '3d9e0a0732f49279f0412aa3c1e457b69e834014_part_5', 'translation': [2.4990532104013736, -0.001548614425556659, 1.0539480542952258], 'rotation': [0.7071068022599728, 1.2560739295130983e-15, 0.7071067601131205, 4.2146851023041985e-08], 'non_uniform_scale': [0.9999998807907176, 0.9999998211860799, 0.9999998807907176], 'motion_type': 'STATIC'}
Skipping object {'template_name': '3d9e0a0732f49279f0412aa3c1e457b69e834014_part_5', 'translation': [3.739255171489192, -0.0015484141025471998, -1.0669412015741861], 'rotation': [-0.707105913540021, 1.1588678182903538e-06, 0.707107648829105, -1.6627295717010614e-06], 'non_uniform_scale': [0.9999998807907174, 0.9999998211860797, 0.9999998807907176], 'motion_type': 'STATIC'}
Skipping object {'template_name': '3d9e0a0732f49279f0412aa3c1e457b69e834014_part_5', 'translation': [2.41660098905144, -0.0015485783592417424, 0.3662601360739436], 'rotation': [0.7372778696127885, 9.043788159742057e-07, 0.6755896261621014, 7.497575617715496e-07], 'non_uniform_scale': [0.9999998807907182, 0.9999998211860798, 0.9999998807907169], 'motion_type': 'STATIC'}
Skipping object {'template_name': '3d9e0a0732f49279f0412aa3c1e457b69e834014_part_5', 'translation': [3.821706346493147, -0.0015484501739257376, -0.37925559983117696], 'rotation': [-0.6755895897379647, 8.329123032402557e-07, 0.7372779029889187, -1.1214264799679664e-06], 'non_uniform_scale': [0.9999998807907181, 0.9999998211860794, 0.9999998807907167], 'motion_type': 'STATIC'}
Skipping object {'template_name': '3d9e0a0732f49279f0412aa3c1e457b69e834014_part_5', 'translation': [2.416608639150781, -0.001548534241578726, -0.37402053968624527], 'rotation': [0.7933541883391054, 2.005994708388291e-06, 0.608760323803854, 1.7326859439302642e-06], 'non_uniform_scale': [0.9999998807907192, 0.9999998211860798, 0.9999998807907157], 'motion_type': 'STATIC'}
Skipping object {'template_name': '3d9e0a0732f49279f0412aa3c1e457b69e834014_part_5', 'translation': [2.4990667538865674, -0.0015484878459459364, -1.0698534501811725], 'rotation': [0.819151848746368, 1.0627375184284665e-06, 0.5735767156129689, 9.579375905768019e-07], 'non_uniform_scale': [0.9999998807907197, 0.9999998211860799, 0.9999998807907152], 'motion_type': 'STATIC'}
Skipping object {'template_name': '3d9e0a0732f49279f0412aa3c1e457b69e834014_part_5', 'translation': [3.1215794325982413, -0.0015486110458584705, 1.619605387583682], 'rotation': [0.08715658883814116, 1.4578075009190497e-06, 0.9961946240669528, -2.7688995194777155e-07], 'non_uniform_scale': [0.9999998807907162, 0.9999998211860797, 0.9999998807907187], 'motion_type': 'STATIC'}
Skipping object {'template_name': '3d9e0a0732f49279f0412aa3c1e457b69e834014_part_5', 'translation': [3.7392411823520697, -0.0015485406850426974, 1.0568582487257787], 'rotation': [-0.573575530009902, 5.921812250078212e-07, 0.8191526789146343, -6.981053321171632e-07], 'non_uniform_scale': [0.9999998807907202, 0.9999998211860802, 0.9999998807907154], 'motion_type': 'STATIC'}
Skipping object {'template_name': '3d9e0a0732f49279f0412aa3c1e457b69e834014_part_5', 'translation': [3.116803019532192, -0.0015484175259679813, -1.631908260195345], 'rotation': [0.9961945904472456, 6.979229319917244e-08, -0.08715697310860099, 1.4785900674433735e-06], 'non_uniform_scale': [0.9999998807907163, 0.9999998211860799, 0.9999998807907188], 'motion_type': 'STATIC'}
Skipping object {'template_name': '3d9e0a0732f49279f0412aa3c1e457b69e834014_part_5', 'translation': [3.8216993414376113, -0.0015484942925845385, 0.3610231771021203], 'rotation': [-0.6087612801657978, 3.4586435980301215e-07, 0.7933534545022412, -3.737633009412449e-07], 'non_uniform_scale': [0.9999998807907193, 0.9999998211860797, 0.9999998807907158], 'motion_type': 'STATIC'}
Skipping object {'template_name': '3d9e0a0732f49279f0412aa3c1e457b69e834014_part_11', 'translation': [3.118937879787842, -1.0338888552757024e-05, -0.005749136346630499], 'rotation': [0.7071068022599728, 1.2560739295130983e-15, 0.7071067601131205, 4.2146851023041985e-08], 'non_uniform_scale': [0.9999998807907176, 0.9999998211860799, 0.9999998807907176], 'motion_type': 'STATIC'}
[WARNING] [omnigibson.objects.dataset_object] Category cabinet not found in average object specs! Defaulting to unit mass or density.
2025-08-23 00:36:48 [1,060,462ms] [Warning] [omnigibson.objects.dataset_object] Category cabinet not found in average object specs! Defaulting to unit mass or density.
[WARNING] [omnigibson.objects.dataset_object] Category cabinet not found in average object specs! Defaulting to unit mass or density.
2025-08-23 00:36:49 [1,060,977ms] [Warning] [omnigibson.objects.dataset_object] Category cabinet not found in average object specs! Defaulting to unit mass or density.
[WARNING] [omnigibson.objects.dataset_object] Category cabinet not found in average object specs! Defaulting to unit mass or density.
2025-08-23 00:36:49 [1,061,529ms] [Warning] [omnigibson.objects.dataset_object] Category cabinet not found in average object specs! Defaulting to unit mass or density.
[WARNING] [omnigibson.objects.dataset_object] Category flowerpot not found in average object specs! Defaulting to unit mass or density.
2025-08-23 00:36:51 [1,062,883ms] [Warning] [omnigibson.objects.dataset_object] Category flowerpot not found in average object specs! Defaulting to unit mass or density.
[WARNING] [omnigibson.objects.dataset_object] Category flowerpot not found in average object specs! Defaulting to unit mass or density.
2025-08-23 00:36:52 [1,064,482ms] [Warning] [omnigibson.objects.dataset_object] Category flowerpot not found in average object specs! Defaulting to unit mass or density.
[WARNING] [omnigibson.objects.dataset_object] Category cup not found in average object specs! Defaulting to unit mass or density.
2025-08-23 00:36:54 [1,065,982ms] [Warning] [omnigibson.objects.dataset_object] Category cup not found in average object specs! Defaulting to unit mass or density.
[WARNING] [omnigibson.objects.dataset_object] Category seat not found in average object specs! Defaulting to unit mass or density.
2025-08-23 00:36:56 [1,067,848ms] [Warning] [omnigibson.objects.dataset_object] Category seat not found in average object specs! Defaulting to unit mass or density.
[WARNING] [omnigibson.objects.dataset_object] Category seat not found in average object specs! Defaulting to unit mass or density.
2025-08-23 00:36:57 [1,068,839ms] [Warning] [omnigibson.objects.dataset_object] Category seat not found in average object specs! Defaulting to unit mass or density.
[WARNING] [omnigibson.objects.dataset_object] Category seat not found in average object specs! Defaulting to unit mass or density.
2025-08-23 00:36:58 [1,069,799ms] [Warning] [omnigibson.objects.dataset_object] Category seat not found in average object specs! Defaulting to unit mass or density.
[WARNING] [omnigibson.objects.dataset_object] Category seat not found in average object specs! Defaulting to unit mass or density.
2025-08-23 00:36:58 [1,070,754ms] [Warning] [omnigibson.objects.dataset_object] Category seat not found in average object specs! Defaulting to unit mass or density.
[WARNING] [omnigibson.objects.dataset_object] Category counter not found in average object specs! Defaulting to unit mass or density.
2025-08-23 00:37:00 [1,071,983ms] [Warning] [omnigibson.objects.dataset_object] Category counter not found in average object specs! Defaulting to unit mass or density.
[WARNING] [omnigibson.prims.material_prim] No compatible material prim class found for material at /World/scene_0/box_46/Looks/Shader1 with asset path gltf/pbr.mdl and sub-identifier gltf_material. Using MaterialPrim as a fallback.
2025-08-23 00:37:00 [1,072,507ms] [Warning] [omnigibson.prims.material_prim] No compatible material prim class found for material at /World/scene_0/box_46/Looks/Shader1 with asset path gltf/pbr.mdl and sub-identifier gltf_material. Using MaterialPrim as a fallback.
[WARNING] [omnigibson.objects.dataset_object] Category box not found in average object specs! Defaulting to unit mass or density.
2025-08-23 00:37:01 [1,073,552ms] [Warning] [omnigibson.objects.dataset_object] Category box not found in average object specs! Defaulting to unit mass or density.
[WARNING] [omnigibson.objects.stateful_object] State ContainedParticles is incompatible with obj wardrobe_47. Reason: LinkBasedStateMixin ContainedParticles requires meta link with type ['fillable', 'openfillable'] for obj wardrobe_47 but none was found! To get valid compatible object models, please use omnigibson.utils.asset_utils.get_all_object_category_models_with_abilities(...)
2025-08-23 00:37:02 [1,073,891ms] [Warning] [omnigibson.objects.stateful_object] State ContainedParticles is incompatible with obj wardrobe_47. Reason: LinkBasedStateMixin ContainedParticles requires meta link with type ['fillable', 'openfillable'] for obj wardrobe_47 but none was found! To get valid compatible object models, please use omnigibson.utils.asset_utils.get_all_object_category_models_with_abilities(...)
[WARNING] [omnigibson.objects.stateful_object] State Filled is incompatible with obj wardrobe_47. Reason: Missing required dependency state ContainedParticles
2025-08-23 00:37:02 [1,073,891ms] [Warning] [omnigibson.objects.stateful_object] State Filled is incompatible with obj wardrobe_47. Reason: Missing required dependency state ContainedParticles
[WARNING] [omnigibson.objects.stateful_object] State Contains is incompatible with obj wardrobe_47. Reason: Missing required dependency state ContainedParticles
2025-08-23 00:37:02 [1,073,891ms] [Warning] [omnigibson.objects.stateful_object] State Contains is incompatible with obj wardrobe_47. Reason: Missing required dependency state ContainedParticles
[WARNING] [omnigibson.objects.stateful_object] State AttachedTo is incompatible with obj wardrobe_47. Reason: LinkBasedStateMixin AttachedTo requires meta link with type ['attachment'] for obj wardrobe_47 but none was found! To get valid compatible object models, please use omnigibson.utils.asset_utils.get_all_object_category_models_with_abilities(...)
2025-08-23 00:37:02 [1,073,891ms] [Warning] [omnigibson.objects.stateful_object] State AttachedTo is incompatible with obj wardrobe_47. Reason: LinkBasedStateMixin AttachedTo requires meta link with type ['attachment'] for obj wardrobe_47 but none was found! To get valid compatible object models, please use omnigibson.utils.asset_utils.get_all_object_category_models_with_abilities(...)
[WARNING] [omnigibson.objects.stateful_object] State ContainedParticles is incompatible with obj wardrobe_48. Reason: LinkBasedStateMixin ContainedParticles requires meta link with type ['fillable', 'openfillable'] for obj wardrobe_48 but none was found! To get valid compatible object models, please use omnigibson.utils.asset_utils.get_all_object_category_models_with_abilities(...)
2025-08-23 00:37:02 [1,073,988ms] [Warning] [omnigibson.objects.stateful_object] State ContainedParticles is incompatible with obj wardrobe_48. Reason: LinkBasedStateMixin ContainedParticles requires meta link with type ['fillable', 'openfillable'] for obj wardrobe_48 but none was found! To get valid compatible object models, please use omnigibson.utils.asset_utils.get_all_object_category_models_with_abilities(...)
[WARNING] [omnigibson.objects.stateful_object] State Filled is incompatible with obj wardrobe_48. Reason: Missing required dependency state ContainedParticles
2025-08-23 00:37:02 [1,073,988ms] [Warning] [omnigibson.objects.stateful_object] State Filled is incompatible with obj wardrobe_48. Reason: Missing required dependency state ContainedParticles
[WARNING] [omnigibson.objects.stateful_object] State Contains is incompatible with obj wardrobe_48. Reason: Missing required dependency state ContainedParticles
2025-08-23 00:37:02 [1,073,988ms] [Warning] [omnigibson.objects.stateful_object] State Contains is incompatible with obj wardrobe_48. Reason: Missing required dependency state ContainedParticles
[WARNING] [omnigibson.objects.stateful_object] State AttachedTo is incompatible with obj wardrobe_48. Reason: LinkBasedStateMixin AttachedTo requires meta link with type ['attachment'] for obj wardrobe_48 but none was found! To get valid compatible object models, please use omnigibson.utils.asset_utils.get_all_object_category_models_with_abilities(...)
2025-08-23 00:37:02 [1,073,988ms] [Warning] [omnigibson.objects.stateful_object] State AttachedTo is incompatible with obj wardrobe_48. Reason: LinkBasedStateMixin AttachedTo requires meta link with type ['attachment'] for obj wardrobe_48 but none was found! To get valid compatible object models, please use omnigibson.utils.asset_utils.get_all_object_category_models_with_abilities(...)
[WARNING] [omnigibson.objects.dataset_object] Category table not found in average object specs! Defaulting to unit mass or density.
2025-08-23 00:37:02 [1,074,658ms] [Warning] [omnigibson.objects.dataset_object] Category table not found in average object specs! Defaulting to unit mass or density.
[WARNING] [omnigibson.objects.dataset_object] Category table not found in average object specs! Defaulting to unit mass or density.
2025-08-23 00:37:03 [1,075,318ms] [Warning] [omnigibson.objects.dataset_object] Category table not found in average object specs! Defaulting to unit mass or density.
[WARNING] [omnigibson.objects.dataset_object] Category seat not found in average object specs! Defaulting to unit mass or density.
2025-08-23 00:37:04 [1,076,628ms] [Warning] [omnigibson.objects.dataset_object] Category seat not found in average object specs! Defaulting to unit mass or density.
[WARNING] [omnigibson.objects.dataset_object] Category lamp not found in average object specs! Defaulting to unit mass or density.
2025-08-23 00:37:06 [1,078,094ms] [Warning] [omnigibson.objects.dataset_object] Category lamp not found in average object specs! Defaulting to unit mass or density.
[WARNING] [omnigibson.objects.dataset_object] Category computer not found in average object specs! Defaulting to unit mass or density.
2025-08-23 00:37:07 [1,078,871ms] [Warning] [omnigibson.objects.dataset_object] Category computer not found in average object specs! Defaulting to unit mass or density.
[WARNING] [omnigibson.objects.dataset_object] Category table not found in average object specs! Defaulting to unit mass or density.
2025-08-23 00:37:07 [1,079,497ms] [Warning] [omnigibson.objects.dataset_object] Category table not found in average object specs! Defaulting to unit mass or density.
Skipping object {'template_name': '2e70722a552add06c4c800c85ee90a174fa05ec3_part_1', 'translation': [4.705080321891353, -0.00043091091483412876, -5.658250346530142], 'rotation': [0.7071068022599728, 0.0, -0.7071067601131205, -4.214684976696791e-08], 'non_uniform_scale': [0.9999998807907176, 0.9999998807907176, 0.9999998807907176], 'motion_type': 'STATIC'}
Skipping object {'template_name': '2e70722a552add06c4c800c85ee90a174fa05ec3_part_1', 'translation': [6.558441989125066, -0.00043096090701351213, -6.8117647271271595], 'rotation': [0.7071057135923278, -1.838219584179152e-07, 0.7071078487791099, 1.757259281920527e-07], 'non_uniform_scale': [0.9999998807907172, 0.9999998807907173, 0.9999998807907176], 'motion_type': 'STATIC'}
Skipping object {'template_name': '2e70722a552add06c4c800c85ee90a174fa05ec3_part_1', 'translation': [6.558442027805143, -0.00043102938940425936, -5.66282090342529], 'rotation': [0.7071057135923278, -1.838219584179152e-07, 0.7071078487791099, 1.757259281920527e-07], 'non_uniform_scale': [0.9999998807907172, 0.9999998807907173, 0.9999998807907176], 'motion_type': 'STATIC'}
Skipping object {'template_name': '2e70722a552add06c4c800c85ee90a174fa05ec3_part_1', 'translation': [4.705085926658411, -0.00043084091188064997, -6.8026718568762945], 'rotation': [0.7071461184712702, 3.7973837830457086e-08, -0.7070674417133169, 6.9420823432109325e-09], 'non_uniform_scale': [0.9999998807907178, 0.9999998807907177, 0.9999998807907177], 'motion_type': 'STATIC'}
Skipping object {'template_name': '2e70722a552add06c4c800c85ee90a174fa05ec3_part_7', 'translation': [4.907420629255093, 0.6979818653148078, -6.83378978254385], 'rotation': [0.7071068022599728, 0.0, -0.7071067601131205, -4.214684976696791e-08], 'non_uniform_scale': [0.9999998807907176, 0.9999998807907176, 0.9999998807907176], 'motion_type': 'STATIC'}
Skipping object {'template_name': '2e70722a552add06c4c800c85ee90a174fa05ec3_part_8', 'translation': [4.911612916660475, 0.7008000242130586, -5.6463008415259806], 'rotation': [0.7071068022599728, 0.0, -0.7071067601131205, -4.214684976696791e-08], 'non_uniform_scale': [0.9999998807907176, 0.9999998807907176, 0.9999998807907176], 'motion_type': 'STATIC'}
Skipping object {'template_name': '2e70722a552add06c4c800c85ee90a174fa05ec3_part_5', 'translation': [6.386222022929676, 0.6940944506542428, -5.6205708637892355], 'rotation': [0.7071068022599728, 0.0, -0.7071067601131205, -4.214684976696791e-08], 'non_uniform_scale': [0.9999998807907176, 0.9999998807907176, 0.9999998807907176], 'motion_type': 'STATIC'}
Skipping object {'template_name': '2e70722a552add06c4c800c85ee90a174fa05ec3_part_6', 'translation': [6.382466893607641, 0.6970479876637904, -6.807590542605893], 'rotation': [0.7071068022599728, 0.0, -0.7071067601131205, -4.214684976696791e-08], 'non_uniform_scale': [0.9999998807907176, 0.9999998807907176, 0.9999998807907176], 'motion_type': 'STATIC'}
Skipping object {'template_name': '2e70722a552add06c4c800c85ee90a174fa05ec3_part_9', 'translation': [5.637676268110845, 3.3343820430726485e-07, -6.240079508175573], 'rotation': [0.7071068022599728, 0.0, -0.7071067601131205, -4.214684976696791e-08], 'non_uniform_scale': [0.9999998807907176, 0.9999998807907176, 0.9999998807907176], 'motion_type': 'STATIC'}
Skipping object {'template_name': '2e70722a552add06c4c800c85ee90a174fa05ec3_part_1', 'translation': [3.443368929978465, -0.0004308415553956184, -6.821908558698304], 'rotation': [0.7071068022599728, 0.0, 0.7071067601131205, 4.214684976696791e-08], 'non_uniform_scale': [0.9999998807907176, 0.9999998807907176, 0.9999998807907176], 'motion_type': 'STATIC'}
Skipping object {'template_name': '2e70722a552add06c4c800c85ee90a174fa05ec3_part_1', 'translation': [1.5900071252351184, -0.0004310290571998266, -5.668394399039234], 'rotation': [0.7071078066323303, -1.3357900257888893e-07, -0.7071057557392288, -2.2596875628146033e-07], 'non_uniform_scale': [0.9999998807907172, 0.9999998807907174, 0.9999998807907174], 'motion_type': 'STATIC'}
Skipping object {'template_name': '2e70722a552add06c4c800c85ee90a174fa05ec3_part_1', 'translation': [1.590007223519834, -0.00043096057480545284, -6.817338222741099], 'rotation': [0.7071078066323303, -1.3357900257888893e-07, -0.7071057557392288, -2.2596875628146033e-07], 'non_uniform_scale': [0.9999998807907172, 0.9999998807907174, 0.9999998807907174], 'motion_type': 'STATIC'}
Skipping object {'template_name': '2e70722a552add06c4c800c85ee90a174fa05ec3_part_1', 'translation': [3.4433631887857157, -0.00043090797812546616, -5.677487048352828], 'rotation': [0.7070674838625097, 4.908659081420276e-08, 0.7071460763267636, 4.175358291387303e-09], 'non_uniform_scale': [0.9999998807907178, 0.9999998807907178, 0.9999998807907177], 'motion_type': 'STATIC'}
Skipping object {'template_name': '2e70722a552add06c4c800c85ee90a174fa05ec3_part_7', 'translation': [3.2410284824794844, 0.6979817945390133, -5.646369063548161], 'rotation': [0.7071068022599728, 0.0, 0.7071067601131205, 4.214684976696791e-08], 'non_uniform_scale': [0.9999998807907176, 0.9999998807907176, 0.9999998807907176], 'motion_type': 'STATIC'}
Skipping object {'template_name': '2e70722a552add06c4c800c85ee90a174fa05ec3_part_8', 'translation': [3.2368363366338317, 0.7008000949969858, -6.833858004729823], 'rotation': [0.7071068022599728, 0.0, 0.7071067601131205, 4.214684976696791e-08], 'non_uniform_scale': [0.9999998807907176, 0.9999998807907176, 0.9999998807907176], 'motion_type': 'STATIC'}
Skipping object {'template_name': '2e70722a552add06c4c800c85ee90a174fa05ec3_part_5', 'translation': [1.7622272334318945, 0.694094524505433, -6.859588159053038], 'rotation': [0.7071068022599728, 0.0, 0.7071067601131205, 4.214684976696791e-08], 'non_uniform_scale': [0.9999998807907176, 0.9999998807907176, 0.9999998807907176], 'motion_type': 'STATIC'}
Skipping object {'template_name': '2e70722a552add06c4c800c85ee90a174fa05ec3_part_6', 'translation': [1.7659822212501397, 0.6970479200111995, -5.672568479436661], 'rotation': [0.7071068022599728, 0.0, 0.7071067601131205, 4.214684976696791e-08], 'non_uniform_scale': [0.9999998807907176, 0.9999998807907176, 0.9999998807907176], 'motion_type': 'STATIC'}
Skipping object {'template_name': '2e70722a552add06c4c800c85ee90a174fa05ec3_part_9', 'translation': [2.51077291439953, 3.3343820430726485e-07, -6.240079508175573], 'rotation': [0.7071068022599728, 0.0, 0.7071067601131205, 4.214684976696791e-08], 'non_uniform_scale': [0.9999998807907176, 0.9999998807907176, 0.9999998807907176], 'motion_type': 'STATIC'}
[WARNING] [omnigibson.objects.dataset_object] Category flowerpot not found in average object specs! Defaulting to unit mass or density.
2025-08-23 00:37:11 [1,082,804ms] [Warning] [omnigibson.objects.dataset_object] Category flowerpot not found in average object specs! Defaulting to unit mass or density.
[WARNING] [omnigibson.objects.dataset_object] Category cabinet not found in average object specs! Defaulting to unit mass or density.
2025-08-23 00:37:11 [1,083,209ms] [Warning] [omnigibson.objects.dataset_object] Category cabinet not found in average object specs! Defaulting to unit mass or density.
[WARNING] [omnigibson.objects.dataset_object] Category cabinet not found in average object specs! Defaulting to unit mass or density.
2025-08-23 00:37:11 [1,083,306ms] [Warning] [omnigibson.objects.dataset_object] Category cabinet not found in average object specs! Defaulting to unit mass or density.
[WARNING] [omnigibson.objects.stateful_object] State Open is incompatible with obj laptop_80. Reason: No relevant joints for Open state found for object laptop_80
2025-08-23 00:37:11 [1,083,544ms] [Warning] [omnigibson.objects.stateful_object] State Open is incompatible with obj laptop_80. Reason: No relevant joints for Open state found for object laptop_80
[WARNING] [omnigibson.objects.stateful_object] State ToggledOn is incompatible with obj laptop_80. Reason: LinkBasedStateMixin ToggledOn requires meta link with type ['togglebutton'] for obj laptop_80 but none was found! To get valid compatible object models, please use omnigibson.utils.asset_utils.get_all_object_category_models_with_abilities(...)
2025-08-23 00:37:11 [1,083,544ms] [Warning] [omnigibson.objects.stateful_object] State ToggledOn is incompatible with obj laptop_80. Reason: LinkBasedStateMixin ToggledOn requires meta link with type ['togglebutton'] for obj laptop_80 but none was found! To get valid compatible object models, please use omnigibson.utils.asset_utils.get_all_object_category_models_with_abilities(...)
[WARNING] [omnigibson.objects.dataset_object] Category cabinet not found in average object specs! Defaulting to unit mass or density.
2025-08-23 00:37:12 [1,084,000ms] [Warning] [omnigibson.objects.dataset_object] Category cabinet not found in average object specs! Defaulting to unit mass or density.
[WARNING] [omnigibson.prims.material_prim] No compatible material prim class found for material at /World/scene_0/basket_82/Looks/Shader1 with asset path gltf/pbr.mdl and sub-identifier gltf_material. Using MaterialPrim as a fallback.
2025-08-23 00:37:12 [1,084,126ms] [Warning] [omnigibson.prims.material_prim] No compatible material prim class found for material at /World/scene_0/basket_82/Looks/Shader1 with asset path gltf/pbr.mdl and sub-identifier gltf_material. Using MaterialPrim as a fallback.
[WARNING] [omnigibson.objects.dataset_object] Category basket not found in average object specs! Defaulting to unit mass or density.
2025-08-23 00:37:13 [1,085,031ms] [Warning] [omnigibson.objects.dataset_object] Category basket not found in average object specs! Defaulting to unit mass or density.
[WARNING] [omnigibson.objects.dataset_object] Category cabinet not found in average object specs! Defaulting to unit mass or density.
2025-08-23 00:37:13 [1,085,716ms] [Warning] [omnigibson.objects.dataset_object] Category cabinet not found in average object specs! Defaulting to unit mass or density.
[WARNING] [omnigibson.objects.dataset_object] Category cabinet not found in average object specs! Defaulting to unit mass or density.
2025-08-23 00:37:14 [1,086,214ms] [Warning] [omnigibson.objects.dataset_object] Category cabinet not found in average object specs! Defaulting to unit mass or density.
[WARNING] [omnigibson.objects.dataset_object] Category stool not found in average object specs! Defaulting to unit mass or density.
2025-08-23 00:37:15 [1,087,397ms] [Warning] [omnigibson.objects.dataset_object] Category stool not found in average object specs! Defaulting to unit mass or density.
[WARNING] [omnigibson.objects.stateful_object] State Open is incompatible with obj fridge_86. Reason: No relevant joints for Open state found for object fridge_86
2025-08-23 00:37:15 [1,087,746ms] [Warning] [omnigibson.objects.stateful_object] State Open is incompatible with obj fridge_86. Reason: No relevant joints for Open state found for object fridge_86
[WARNING] [omnigibson.objects.stateful_object] State HeatSourceOrSink is incompatible with obj fridge_86. Reason: HeatSourceOrSink has requires_closed but obj has no Open state!
2025-08-23 00:37:15 [1,087,746ms] [Warning] [omnigibson.objects.stateful_object] State HeatSourceOrSink is incompatible with obj fridge_86. Reason: HeatSourceOrSink has requires_closed but obj has no Open state!
[WARNING] [omnigibson.objects.stateful_object] State ContainedParticles is incompatible with obj fridge_86. Reason: LinkBasedStateMixin ContainedParticles requires meta link with type ['fillable', 'openfillable'] for obj fridge_86 but none was found! To get valid compatible object models, please use omnigibson.utils.asset_utils.get_all_object_category_models_with_abilities(...)
2025-08-23 00:37:15 [1,087,747ms] [Warning] [omnigibson.objects.stateful_object] State ContainedParticles is incompatible with obj fridge_86. Reason: LinkBasedStateMixin ContainedParticles requires meta link with type ['fillable', 'openfillable'] for obj fridge_86 but none was found! To get valid compatible object models, please use omnigibson.utils.asset_utils.get_all_object_category_models_with_abilities(...)
[WARNING] [omnigibson.objects.stateful_object] State Filled is incompatible with obj fridge_86. Reason: Missing required dependency state ContainedParticles
2025-08-23 00:37:15 [1,087,747ms] [Warning] [omnigibson.objects.stateful_object] State Filled is incompatible with obj fridge_86. Reason: Missing required dependency state ContainedParticles
[WARNING] [omnigibson.objects.stateful_object] State Contains is incompatible with obj fridge_86. Reason: Missing required dependency state ContainedParticles
2025-08-23 00:37:15 [1,087,748ms] [Warning] [omnigibson.objects.stateful_object] State Contains is incompatible with obj fridge_86. Reason: Missing required dependency state ContainedParticles
[WARNING] [omnigibson.objects.dataset_object] Category seat not found in average object specs! Defaulting to unit mass or density.
2025-08-23 00:37:16 [1,088,561ms] [Warning] [omnigibson.objects.dataset_object] Category seat not found in average object specs! Defaulting to unit mass or density.
[WARNING] [omnigibson.objects.dataset_object] Category seat not found in average object specs! Defaulting to unit mass or density.
2025-08-23 00:37:17 [1,089,433ms] [Warning] [omnigibson.objects.dataset_object] Category seat not found in average object specs! Defaulting to unit mass or density.
[WARNING] [omnigibson.objects.stateful_object] State ContainedParticles is incompatible with obj tray_91. Reason: LinkBasedStateMixin ContainedParticles requires meta link with type ['fillable', 'openfillable'] for obj tray_91 but none was found! To get valid compatible object models, please use omnigibson.utils.asset_utils.get_all_object_category_models_with_abilities(...)
2025-08-23 00:37:19 [1,091,107ms] [Warning] [omnigibson.objects.stateful_object] State ContainedParticles is incompatible with obj tray_91. Reason: LinkBasedStateMixin ContainedParticles requires meta link with type ['fillable', 'openfillable'] for obj tray_91 but none was found! To get valid compatible object models, please use omnigibson.utils.asset_utils.get_all_object_category_models_with_abilities(...)
[WARNING] [omnigibson.objects.stateful_object] State Filled is incompatible with obj tray_91. Reason: Missing required dependency state ContainedParticles
2025-08-23 00:37:19 [1,091,108ms] [Warning] [omnigibson.objects.stateful_object] State Filled is incompatible with obj tray_91. Reason: Missing required dependency state ContainedParticles
[WARNING] [omnigibson.objects.stateful_object] State Contains is incompatible with obj tray_91. Reason: Missing required dependency state ContainedParticles
2025-08-23 00:37:19 [1,091,108ms] [Warning] [omnigibson.objects.stateful_object] State Contains is incompatible with obj tray_91. Reason: Missing required dependency state ContainedParticles
[WARNING] [omnigibson.objects.stateful_object] State ContainedParticles is incompatible with obj tray_92. Reason: LinkBasedStateMixin ContainedParticles requires meta link with type ['fillable', 'openfillable'] for obj tray_92 but none was found! To get valid compatible object models, please use omnigibson.utils.asset_utils.get_all_object_category_models_with_abilities(...)
2025-08-23 00:37:20 [1,092,352ms] [Warning] [omnigibson.objects.stateful_object] State ContainedParticles is incompatible with obj tray_92. Reason: LinkBasedStateMixin ContainedParticles requires meta link with type ['fillable', 'openfillable'] for obj tray_92 but none was found! To get valid compatible object models, please use omnigibson.utils.asset_utils.get_all_object_category_models_with_abilities(...)
[WARNING] [omnigibson.objects.stateful_object] State Filled is incompatible with obj tray_92. Reason: Missing required dependency state ContainedParticles
2025-08-23 00:37:20 [1,092,352ms] [Warning] [omnigibson.objects.stateful_object] State Filled is incompatible with obj tray_92. Reason: Missing required dependency state ContainedParticles
[WARNING] [omnigibson.objects.stateful_object] State Contains is incompatible with obj tray_92. Reason: Missing required dependency state ContainedParticles
2025-08-23 00:37:20 [1,092,353ms] [Warning] [omnigibson.objects.stateful_object] State Contains is incompatible with obj tray_92. Reason: Missing required dependency state ContainedParticles
[ERROR] [__main__] openings hssd2130 negative scale detected: tensor([-1.0000,  1.0000,  1.0000])
2025-08-23 00:37:20 [1,092,607ms] [Error] [__main__] openings hssd2130 negative scale detected: tensor([-1.0000,  1.0000,  1.0000])
[WARNING] [omnigibson.objects.dataset_object] Category openings not found in average object specs! Defaulting to unit mass or density.
2025-08-23 00:37:21 [1,093,670ms] [Warning] [omnigibson.objects.dataset_object] Category openings not found in average object specs! Defaulting to unit mass or density.
[ERROR] [__main__] openings hssd37601 negative scale detected: tensor([-1.0000,  1.0000,  1.0000])
2025-08-23 00:37:22 [1,093,920ms] [Error] [__main__] openings hssd37601 negative scale detected: tensor([-1.0000,  1.0000,  1.0000])
[WARNING] [omnigibson.objects.dataset_object] Category openings not found in average object specs! Defaulting to unit mass or density.
2025-08-23 00:37:22 [1,094,387ms] [Warning] [omnigibson.objects.dataset_object] Category openings not found in average object specs! Defaulting to unit mass or density.
[ERROR] [__main__] openings hssd37601 negative scale detected: tensor([-1.0000,  1.0000,  1.0000])
2025-08-23 00:37:22 [1,094,477ms] [Error] [__main__] openings hssd37601 negative scale detected: tensor([-1.0000,  1.0000,  1.0000])
[WARNING] [omnigibson.objects.dataset_object] Category openings not found in average object specs! Defaulting to unit mass or density.
2025-08-23 00:37:23 [1,095,038ms] [Warning] [omnigibson.objects.dataset_object] Category openings not found in average object specs! Defaulting to unit mass or density.
[ERROR] [__main__] openings hssd37601 negative scale detected: tensor([-1.0000,  1.0000,  1.0000])
2025-08-23 00:37:23 [1,095,169ms] [Error] [__main__] openings hssd37601 negative scale detected: tensor([-1.0000,  1.0000,  1.0000])
[WARNING] [omnigibson.objects.dataset_object] Category openings not found in average object specs! Defaulting to unit mass or density.
2025-08-23 00:37:24 [1,095,802ms] [Warning] [omnigibson.objects.dataset_object] Category openings not found in average object specs! Defaulting to unit mass or density.
[ERROR] [__main__] openings hssd37590 negative scale detected: tensor([-1.0000,  1.0000,  1.0000])
2025-08-23 00:37:24 [1,095,898ms] [Error] [__main__] openings hssd37590 negative scale detected: tensor([-1.0000,  1.0000,  1.0000])
[WARNING] [omnigibson.objects.dataset_object] Category openings not found in average object specs! Defaulting to unit mass or density.
2025-08-23 00:37:24 [1,096,394ms] [Warning] [omnigibson.objects.dataset_object] Category openings not found in average object specs! Defaulting to unit mass or density.
[ERROR] [__main__] openings hssd37601 negative scale detected: tensor([-1.0000,  1.0000,  1.0000])
2025-08-23 00:37:24 [1,096,504ms] [Error] [__main__] openings hssd37601 negative scale detected: tensor([-1.0000,  1.0000,  1.0000])
[WARNING] [omnigibson.objects.dataset_object] Category openings not found in average object specs! Defaulting to unit mass or density.
2025-08-23 00:37:25 [1,097,195ms] [Warning] [omnigibson.objects.dataset_object] Category openings not found in average object specs! Defaulting to unit mass or density.
[ERROR] [__main__] openings hssd37601 negative scale detected: tensor([-1.0000,  1.0000,  1.0000])
2025-08-23 00:37:25 [1,097,286ms] [Error] [__main__] openings hssd37601 negative scale detected: tensor([-1.0000,  1.0000,  1.0000])
[WARNING] [omnigibson.objects.dataset_object] Category openings not found in average object specs! Defaulting to unit mass or density.
2025-08-23 00:37:25 [1,097,680ms] [Warning] [omnigibson.objects.dataset_object] Category openings not found in average object specs! Defaulting to unit mass or density.
[ERROR] [__main__] openings hssd37601 negative scale detected: tensor([-1.0000,  1.0000,  1.0000])
2025-08-23 00:37:25 [1,097,774ms] [Error] [__main__] openings hssd37601 negative scale detected: tensor([-1.0000,  1.0000,  1.0000])
[WARNING] [omnigibson.objects.dataset_object] Category openings not found in average object specs! Defaulting to unit mass or density.
2025-08-23 00:37:26 [1,098,247ms] [Warning] [omnigibson.objects.dataset_object] Category openings not found in average object specs! Defaulting to unit mass or density.
[ERROR] [__main__] openings hssd37601 negative scale detected: tensor([-1.0000,  1.0000,  1.0000])
2025-08-23 00:37:26 [1,098,342ms] [Error] [__main__] openings hssd37601 negative scale detected: tensor([-1.0000,  1.0000,  1.0000])
[WARNING] [omnigibson.objects.dataset_object] Category openings not found in average object specs! Defaulting to unit mass or density.
2025-08-23 00:37:27 [1,098,813ms] [Warning] [omnigibson.objects.dataset_object] Category openings not found in average object specs! Defaulting to unit mass or density.
[ERROR] [__main__] openings hssd37601 negative scale detected: tensor([-1.0000,  1.0000,  1.0000])
2025-08-23 00:37:27 [1,098,898ms] [Error] [__main__] openings hssd37601 negative scale detected: tensor([-1.0000,  1.0000,  1.0000])
[WARNING] [omnigibson.objects.dataset_object] Category openings not found in average object specs! Defaulting to unit mass or density.
2025-08-23 00:37:27 [1,099,304ms] [Warning] [omnigibson.objects.dataset_object] Category openings not found in average object specs! Defaulting to unit mass or density.
[ERROR] [__main__] openings hssd37601 negative scale detected: tensor([-1.0000,  1.0000,  1.0000])
2025-08-23 00:37:27 [1,099,401ms] [Error] [__main__] openings hssd37601 negative scale detected: tensor([-1.0000,  1.0000,  1.0000])
[WARNING] [omnigibson.objects.dataset_object] Category openings not found in average object specs! Defaulting to unit mass or density.
2025-08-23 00:37:28 [1,099,861ms] [Warning] [omnigibson.objects.dataset_object] Category openings not found in average object specs! Defaulting to unit mass or density.
[ERROR] [__main__] openings hssd37601 negative scale detected: tensor([-1.0000,  1.0000,  1.0000])
2025-08-23 00:37:28 [1,099,950ms] [Error] [__main__] openings hssd37601 negative scale detected: tensor([-1.0000,  1.0000,  1.0000])
[WARNING] [omnigibson.objects.dataset_object] Category openings not found in average object specs! Defaulting to unit mass or density.
2025-08-23 00:37:28 [1,100,371ms] [Warning] [omnigibson.objects.dataset_object] Category openings not found in average object specs! Defaulting to unit mass or density.
[ERROR] [__main__] openings hssd37601 negative scale detected: tensor([-1.0000,  1.0000,  1.0000])
2025-08-23 00:37:28 [1,100,460ms] [Error] [__main__] openings hssd37601 negative scale detected: tensor([-1.0000,  1.0000,  1.0000])
[WARNING] [omnigibson.objects.dataset_object] Category openings not found in average object specs! Defaulting to unit mass or density.
2025-08-23 00:37:29 [1,100,923ms] [Warning] [omnigibson.objects.dataset_object] Category openings not found in average object specs! Defaulting to unit mass or density.
100%|| 1/1 [18:57<00:00, 1137.99s/it]100%|| 1/1 [18:57<00:00, 1137.99s/it]
2025-08-23 00:38:05 [1,137,114ms] [Warning] [carb] Failed to startup plugin carb.windowing-glfw.plugin (interfaces: [carb::windowing::IGLContext v1.0],[carb::windowing::IWindowing v1.5]) (impl: carb.windowing-glfw.plugin)
2025-08-23 00:38:06 [1,138,471ms] [Warning] [carb] Plugin interface for a client: omni.hydratexture.plugin was already released.
[1138.940s] Simulation App Shutting Down
