/home/cgokmen/miniconda3/envs/behavior/bin/python: No module named omnigibson.examples.scenes.import_hssd_scenes
/home/cgokmen/miniconda3/envs/behavior/bin/python: No module named omnigibson.examples.scenes.import_hssd_scenes
/home/cgokmen/miniconda3/envs/behavior/bin/python: No module named omnigibson.examples.scenes.import_hssd_scenes
/home/cgokmen/miniconda3/envs/behavior/bin/python: No module named omnigibson.examples.scenes.import_hssd_scenes
/home/cgokmen/miniconda3/envs/behavior/bin/python: No module named omnigibson.examples.scenes.import_hssd_scenes
/home/cgokmen/miniconda3/envs/behavior/bin/python: No module named omnigibson.examples.scenes.import_hssd_scenes
/home/cgokmen/miniconda3/envs/behavior/bin/python: No module named omnigibson.examples.scenes.import_hssd_scenes
/home/cgokmen/miniconda3/envs/behavior/bin/python: No module named omnigibson.examples.scenes.import_hssd_scenes
/home/cgokmen/miniconda3/envs/behavior/bin/python: No module named omnigibson.examples.scenes.import_hssd_scenes
/home/cgokmen/miniconda3/envs/behavior/bin/python: No module named omnigibson.examples.scenes.import_hssd_scenes
/home/cgokmen/miniconda3/envs/behavior/bin/python: No module named omnigibson.examples.scenes.import_hssd_scenes
/home/cgokmen/miniconda3/envs/behavior/bin/python: No module named omnigibson.examples.scenes.import_hssd_scenes
/home/cgokmen/miniconda3/envs/behavior/bin/python: No module named omnigibson.examples.scenes.import_hssd_scenes
/home/cgokmen/miniconda3/envs/behavior/bin/python: No module named omnigibson.examples.scenes.import_hssd_scenes
/home/cgokmen/miniconda3/envs/behavior/bin/python: No module named omnigibson.examples.scenes.import_hssd_scenes
/home/cgokmen/miniconda3/envs/behavior/bin/python: No module named omnigibson.examples.scenes.import_hssd_scenes
/home/cgokmen/miniconda3/envs/behavior/bin/python: No module named omnigibson.examples.scenes.import_hssd_scenes
/home/cgokmen/miniconda3/envs/behavior/bin/python: No module named omnigibson.examples.scenes.import_hssd_scenes
/home/cgokmen/miniconda3/envs/behavior/bin/python: No module named omnigibson.examples.scenes.import_hssd_scenes
/home/cgokmen/miniconda3/envs/behavior/bin/python: No module named omnigibson.examples.scenes.import_hssd_scenes
/home/cgokmen/miniconda3/envs/behavior/bin/python: No module named omnigibson.examples.scenes.import_hssd_scenes
/home/cgokmen/miniconda3/envs/behavior/bin/python: No module named omnigibson.examples.scenes.import_hssd_scenes
/home/cgokmen/miniconda3/envs/behavior/bin/python: No module named omnigibson.examples.scenes.import_hssd_scenes
/home/cgokmen/miniconda3/envs/behavior/bin/python: No module named omnigibson.examples.scenes.import_hssd_scenes
/home/cgokmen/miniconda3/envs/behavior/bin/python: No module named omnigibson.examples.scenes.import_hssd_scenes
/home/cgokmen/miniconda3/envs/behavior/bin/python: No module named omnigibson.examples.scenes.import_hssd_scenes
/home/cgokmen/miniconda3/envs/behavior/bin/python: No module named omnigibson.examples.scenes.import_hssd_scenes
/home/cgokmen/miniconda3/envs/behavior/bin/python: No module named omnigibson.examples.scenes.import_hssd_scenes
  0%|          | 0/1 [00:00<?, ?it/s][INFO] [omnigibson.simulator] ----- Starting OmniGibson. This will take 10-30 seconds... -----
Starting kit application with the following args:  ['/opt/hpcaas/.mounts/fs-0565f60d669b6a2d3/home/cgokmen/miniconda3/envs/behavior/lib/python3.10/site-packages/isaacsim/exts/isaacsim.simulation_app/isaacsim/simulation_app/simulation_app.py', '/opt/hpcaas/.mounts/fs-0565f60d669b6a2d3/home/cgokmen/miniconda3/envs/behavior/lib/python3.10/site-packages/isaacsim/apps/omnigibson_4_5_0.kit', '--/app/tokens/exe-path=/opt/hpcaas/.mounts/fs-0565f60d669b6a2d3/home/cgokmen/miniconda3/envs/behavior/lib/python3.10/site-packages/omni', '--/persistent/app/viewport/displayOptions=3094', '--/rtx/materialDb/syncLoads=True', '--/rtx/hydra/materialSyncLoads=True', '--/omni.kit.plugin/syncUsdLoads=True', '--/app/renderer/resolution/width=1280', '--/app/renderer/resolution/height=720', '--/app/window/width=1440', '--/app/window/height=900', '--/renderer/multiGpu/enabled=False', '--/app/fastShutdown=True', '--/app/installSignalHandlers=0', '--ext-folder', '/opt/hpcaas/.mounts/fs-0565f60d669b6a2d3/home/cgokmen/miniconda3/envs/behavior/lib/python3.10/site-packages/isaacsim/exts', '--ext-folder', '/opt/hpcaas/.mounts/fs-0565f60d669b6a2d3/home/cgokmen/miniconda3/envs/behavior/lib/python3.10/site-packages/isaacsim/apps', '--/physics/cudaDevice=0', '--portable', '--no-window', '--/app/window/hideUi=1']
Passing the following args to the base kit application:  ['8', '168']
[Info] [carb] Logging to file: /opt/hpcaas/.mounts/fs-0565f60d669b6a2d3/home/cgokmen/miniconda3/envs/behavior/lib/python3.10/site-packages/omni/logs/Kit/OmniGibson/3.7/kit_20250823_001913.log
2025-08-23 00:19:13 [0ms] [Warning] [omni.kit.app.plugin] No crash reporter present, dumps uploading isn't available.
[6.428s] [ext: omni.kit.async_engine-0.0.1] startup
[DEBUG] [asyncio] Using selector: EpollSelector
[41.805s] [ext: omni.metrics.core-0.0.1] startup
[41.816s] [ext: omni.client.lib-1.0.0] startup
[42.751s] [ext: omni.blobkey-1.1.2] startup
[42.764s] [ext: omni.stats-1.0.1] startup
[42.786s] [ext: omni.datastore-0.0.0] startup
[43.106s] [ext: omni.client-1.2.2] startup
[43.324s] [ext: omni.ujitso.default-1.0.0] startup
[43.350s] [ext: omni.hsscclient-1.1.1] startup
2025-08-23 00:19:56 [43,022ms] [Warning] [omni.datastore] OmniHub is inaccessible
2025-08-23 00:19:57 [43,832ms] [Error] [omni.datastore] Failed to acquire exclusive lock to data store (64>=64)
2025-08-23 00:19:57 [43,832ms] [Error] [omni.datastore] Failed to create local file data store at '/opt/hpcaas/.mounts/fs-0565f60d669b6a2d3/home/cgokmen/miniconda3/envs/behavior/lib/python3.10/site-packages/omni/cache/DerivedDataCache'
[44.221s] [ext: omni.gpu_foundation.shadercache.vulkan-1.0.0] startup
[44.273s] [ext: omni.assets.plugins-0.0.0] startup
[44.309s] [ext: omni.gpu_foundation-0.0.0] startup
[44.788s] [ext: carb.windowing.plugins-1.0.0] startup
2025-08-23 00:19:58 [44,455ms] [Warning] [carb.windowing-glfw.plugin] GLFW initialization failed.
2025-08-23 00:19:58 [44,455ms] [Warning] [carb] Failed to startup plugin carb.windowing-glfw.plugin (interfaces: [carb::windowing::IGLContext v1.0],[carb::windowing::IWindowing v1.5]) (impl: carb.windowing-glfw.plugin)
[44.810s] [ext: omni.kit.renderer.init-0.0.0] startup
2025-08-23 00:19:58 [44,555ms] [Warning] [omni.platforminfo.plugin] failed to open the default display.  Can't verify X Server version.
2025-08-23 00:19:58 [44,782ms] [Warning] [gpu.foundation.plugin] [ShaderCache]: 95 percent of the driver's shadercache size limit has been reached. Max size: 4000.00 MB, Currently used: 3922.75 MB. To avoid a persistent long startup or USD load time on every app launch, recommended to free space by deleting driver caches using one of the following methods:
- By running the app with --/renderer/shadercache/driverDiskCache/flush=true (only once).
- Or by manually deleting the following folders: '%LOCALAPPDATA%/NVIDIA/DXCache/Omniverse' (Windows-DX) or '$omni_cache/shaders/nv_shadercache' (Windows-Vulkan, Linux-Vulkan).
Driver caches will be re-generated which may take a few minutes on the next launch.
2025-08-23 00:20:00 [46,334ms] [Warning] [carb.cudainterop.plugin] CUDA_VISIBLE_DEVICES environment variable is set.
2025-08-23 00:20:00 [46,334ms] [Warning] [carb.cudainterop.plugin] Note CUDA device enumeration and Omniverse device enumeration are different.
2025-08-23 00:20:00 [46,334ms] [Warning] [carb.cudainterop.plugin] Setting CUDA_VISIBLE_DEVICES can lead to undesired behavior or crashes.

|---------------------------------------------------------------------------------------------|
| Driver Version: 570.172.08    | Graphics API: Vulkan
|=============================================================================================|
| GPU | Name                             | Active | LDA | GPU Memory | Vendor-ID | LUID       |
|     |                                  |        |     |            | Device-ID | UUID       |
|     |                                  |        |     |            | Bus-ID    |            |
|---------------------------------------------------------------------------------------------|
| 0   | NVIDIA A100-SXM4-80GB            | Yes: 0 |     | 147446  MB | 10de      | 0          |
|     |                                  |        |     |            | 20b2      | 8639fafd.. |
|     |                                  |        |     |            | 10        |            |
|=============================================================================================|
| OS: 22.04.5 LTS (Jammy Jellyfish) ubuntu, Version: 22.04.5, Kernel: 6.8.0-1033-aws
| Processor: Intel(R) Xeon(R) Platinum 8275CL CPU @ 3.00GHz
| Cores: 48 | Logical Cores: 96
|---------------------------------------------------------------------------------------------|
| Total Memory (MB): 1148721 | Free Memory: 1068856
| Total Page/Swap (MB): 0 | Free Page/Swap: 0
|---------------------------------------------------------------------------------------------|
2025-08-23 00:20:05 [51,474ms] [Warning] [gpu.foundation.plugin] ECC is enabled on physical device 0
[53.087s] [ext: omni.kit.pipapi-0.0.0] startup
[53.198s] [ext: omni.kit.pip_archive-0.0.0] startup
[53.230s] [ext: omni.services.pip_archive-0.13.11] startup
[53.285s] [ext: omni.materialx.libs-1.0.6] startup
[53.679s] [ext: omni.kit.telemetry-0.5.1] startup
[54.095s] [ext: omni.kit.loop-isaac-1.2.1] startup
[54.302s] [ext: omni.kit.test-1.1.2] startup
[56.687s] [ext: omni.usd.config-1.0.5] startup
[58.034s] [ext: omni.gpucompute.plugins-0.0.0] startup
[58.068s] [ext: omni.usd.libs-1.0.1] startup
[59.951s] [ext: omni.mdl-55.0.1] startup
[60.109s] [ext: omni.iray.libs-0.0.0] startup
[60.705s] [ext: omni.mdl.neuraylib-0.2.10] startup
[60.783s] [ext: omni.kit.usd.mdl-1.0.7] startup
[62.084s] [ext: omni.pip.compute-1.4.5] startup
[62.096s] [ext: omni.appwindow-1.1.9] startup
2025-08-23 00:20:15 [61,765ms] [Warning] [carb.windowing-glfw.plugin] GLFW initialization failed.
2025-08-23 00:20:15 [61,765ms] [Warning] [carb] Failed to startup plugin carb.windowing-glfw.plugin (interfaces: [carb::windowing::IGLContext v1.0],[carb::windowing::IWindowing v1.5]) (impl: carb.windowing-glfw.plugin)
[62.138s] [ext: omni.kit.renderer.core-1.0.2] startup
2025-08-23 00:20:15 [61,987ms] [Warning] [carb.windowing-glfw.plugin] GLFW initialization failed.
2025-08-23 00:20:15 [61,987ms] [Warning] [carb] Failed to startup plugin carb.windowing-glfw.plugin (interfaces: [carb::windowing::IGLContext v1.0],[carb::windowing::IWindowing v1.5]) (impl: carb.windowing-glfw.plugin)
2025-08-23 00:20:15 [62,008ms] [Warning] [carb.windowing-glfw.plugin] GLFW initialization failed.
2025-08-23 00:20:15 [62,008ms] [Warning] [carb] Failed to startup plugin carb.windowing-glfw.plugin (interfaces: [carb::windowing::IGLContext v1.0],[carb::windowing::IWindowing v1.5]) (impl: carb.windowing-glfw.plugin)
[62.404s] [ext: omni.kit.renderer.capture-0.0.0] startup
[62.603s] [ext: omni.kit.renderer.imgui-1.0.2] startup
2025-08-23 00:20:16 [62,565ms] [Warning] [carb.windowing-glfw.plugin] GLFW initialization failed.
2025-08-23 00:20:16 [62,565ms] [Warning] [carb] Failed to startup plugin carb.windowing-glfw.plugin (interfaces: [carb::windowing::IGLContext v1.0],[carb::windowing::IWindowing v1.5]) (impl: carb.windowing-glfw.plugin)
2025-08-23 00:20:16 [62,569ms] [Warning] [carb.windowing-glfw.plugin] GLFW initialization failed.
2025-08-23 00:20:16 [62,569ms] [Warning] [carb] Failed to startup plugin carb.windowing-glfw.plugin (interfaces: [carb::windowing::IGLContext v1.0],[carb::windowing::IWindowing v1.5]) (impl: carb.windowing-glfw.plugin)
2025-08-23 00:20:16 [62,575ms] [Warning] [carb.windowing-glfw.plugin] GLFW initialization failed.
2025-08-23 00:20:16 [62,575ms] [Warning] [carb] Failed to startup plugin carb.windowing-glfw.plugin (interfaces: [carb::windowing::IGLContext v1.0],[carb::windowing::IWindowing v1.5]) (impl: carb.windowing-glfw.plugin)
[64.335s] [ext: omni.ui-2.26.5] startup
[64.647s] [ext: omni.kit.mainwindow-1.0.3] startup
[64.747s] [ext: carb.audio-0.1.0] startup
[64.802s] [ext: omni.uiaudio-1.0.0] startup
[64.970s] [ext: omni.kit.uiapp-0.0.0] startup
[64.970s] [ext: omni.usd.schema.metrics.assembler-106.5.0] startup
[65.256s] [ext: omni.usd.schema.omniscripting-1.0.0] startup
[65.407s] [ext: omni.usd.schema.physx-106.5.7] startup
[65.905s] [ext: omni.usd.schema.audio-0.0.0] startup
[66.006s] [ext: omni.usd.schema.omnigraph-1.0.0] startup
[66.127s] [ext: omni.usd.schema.anim-0.0.0] startup
[66.596s] [ext: omni.usd.schema.semantics-0.0.0] startup
[66.658s] [ext: omni.usd.schema.geospatial-0.0.0] startup
[66.760s] [ext: omni.kit.window.popup_dialog-2.0.24] startup
[66.885s] [ext: omni.resourcemonitor-107.0.0] startup
[67.054s] [ext: omni.activity.core-1.0.1] startup
[67.119s] [ext: omni.timeline-1.0.11] startup
[67.278s] [ext: omni.usd_resolver-1.0.0] startup
[67.898s] [ext: omni.kit.widget.nucleus_connector-1.1.10] startup
[68.035s] [ext: usdrt.scenegraph-7.5.1] startup
[69.077s] [ext: omni.usd.core-1.4.2] startup
[69.126s] [ext: omni.kit.usd_undo-0.1.8] startup
[69.172s] [ext: omni.graph.exec-0.9.4] startup
[69.211s] [ext: omni.kit.actions.core-1.0.0] startup
[69.319s] [ext: omni.kit.audiodeviceenum-1.0.1] startup
[69.443s] [ext: omni.kit.exec.core-0.13.4] startup
[69.570s] [ext: omni.kit.commands-1.4.9] startup
[69.777s] [ext: omni.hydra.usdrt_delegate-7.5.1] startup
[70.286s] [ext: omni.hydra.scene_delegate-0.3.3] startup
[70.358s] [ext: omni.usd-1.12.4] startup
[71.519s] [ext: omni.kit.asset_converter-2.8.5] startup
[71.931s] [ext: isaacsim.robot.schema-3.1.2] startup
[72.200s] [ext: omni.pip.cloud-1.1.7] startup
[72.252s] [ext: omni.usd.schema.isaac-3.0.2] startup
[72.252s] [ext: omni.usd.schema.flow-107.0.0] startup
[72.282s] [ext: omni.inspect-1.0.1] startup
[72.339s] [ext: omni.kit.notification_manager-1.0.9] startup
[72.471s] [ext: omni.graph.core-2.181.8] startup
[72.581s] [ext: isaacsim.core.deprecation_manager-0.2.2] startup
[72.629s] [ext: omni.usd.schema.forcefield-106.5.7] startup
[72.754s] [ext: omni.kit.menu.core-1.1.2] startup
[72.779s] [ext: omni.kit.clipboard-1.0.5] startup
[72.857s] [ext: omni.kit.widget.context_menu-1.2.4] startup
[72.941s] [ext: omni.kit.widget.options_menu-1.1.6] startup
[73.168s] [ext: omni.kit.helper.file_utils-0.1.9] startup
[73.257s] [ext: omni.kit.widget.path_field-2.0.11] startup
[73.317s] [ext: omni.kit.property.adapter.core-1.0.2] startup
[73.517s] [ext: omni.kit.widget.options_button-1.0.3] startup
[73.581s] [ext: omni.kit.widget.filebrowser-2.10.52] startup
[73.797s] [ext: omni.kit.widget.browser_bar-2.0.10] startup
[73.871s] [ext: omni.kit.property.adapter.fabric-1.0.3] startup
[73.950s] [ext: omni.ui.scene-1.11.2] startup
[74.067s] [ext: omni.kit.numpy.common-0.1.2] startup
[74.122s] [ext: omni.kit.window.filepicker-2.11.7] startup
[74.864s] [ext: omni.kit.usd.layers-2.2.0] startup
[75.335s] [ext: omni.hydra.rtx.shadercache.vulkan-1.0.0] startup
[75.660s] [ext: omni.kit.window.file_importer-1.1.14] startup
[75.772s] [ext: omni.kit.menu.utils-1.7.7] startup
[76.279s] [ext: omni.kit.context_menu-1.8.3] startup
[76.466s] [ext: omni.ujitso.processor.texture-1.0.0] startup
[76.580s] [ext: omni.index.libs-380600.1777.0] startup
[76.580s] [ext: omni.volume-0.5.0] startup
[76.864s] [ext: omni.ujitso.client-0.0.0] startup
[76.947s] [ext: omni.index-1.0.1] startup
[76.987s] [ext: omni.kit.hotkeys.core-1.3.10] startup
[76.989s] [ext: omni.hydra.rtx-1.0.0] startup
2025-08-23 00:20:31 [77,236ms] [Warning] [omni.log] Source: omni.hydra was already registered.
[82.137s] [ext: omni.kit.material.library-1.5.15] startup
[82.410s] [ext: omni.convexdecomposition-106.5.7] startup
[82.725s] [ext: omni.kit.viewport.legacy_gizmos-1.0.16] startup
[82.967s] [ext: omni.kit.raycast.query-1.0.5] startup
[83.399s] [ext: omni.hydra.engine.stats-1.0.3] startup
[83.549s] [ext: omni.kvdb-106.5.7] startup
[83.757s] [ext: omni.usdphysics-106.5.7] startup
[83.851s] [ext: omni.physx.foundation-106.5.7] startup
[84.516s] [ext: omni.localcache-106.5.7] startup
[84.655s] [ext: isaacsim.core.version-2.0.2] startup
[84.709s] [ext: omni.physx.cooking-106.5.7] startup
[84.836s] [ext: omni.kit.viewport.scene_camera_model-1.0.5] startup
[84.955s] [ext: omni.kit.hydra_texture-1.4.0] startup
[85.156s] [ext: omni.physx-106.5.7] startup
[85.489s] [ext: omni.kit.window.drop_support-1.0.4] startup
[85.607s] [ext: omni.kit.widget.viewport-107.0.7] startup
[86.127s] [ext: omni.kit.viewport.registry-104.0.6] startup
[86.180s] [ext: omni.physx.stageupdate-106.5.7] startup
[86.674s] [ext: omni.kit.viewport.window-107.0.8] startup
[87.486s] [ext: isaacsim.storage.native-1.0.6] startup
[87.707s] [ext: omni.isaac.dynamic_control-1.3.16] startup
2025-08-23 00:20:41 [87,607ms] [Warning] [omni.isaac.dynamic_control] omni.isaac.dynamic_control is deprecated as of Isaac Sim 4.5. No action is needed from end-users.
[87.976s] [ext: omni.warp.core-1.5.0] startup
[88.535s] [ext: omni.kit.widget.searchfield-1.1.8] startup
[88.611s] [ext: omni.kit.window.file_exporter-1.0.31] startup
[88.684s] [ext: omni.kit.widget.filter-1.1.4] startup
[88.739s] [ext: isaacsim.core.utils-2.2.8] startup
[88.837s] [ext: omni.kit.stage_template.core-1.1.22] startup
[88.874s] [ext: omni.kit.widget.stage-2.11.6] startup
[89.365s] [ext: omni.kit.widget.stage_icons-1.0.6] startup
[89.449s] [ext: omni.kit.window.file-1.3.57] startup
[89.621s] [ext: omni.kit.window.content_browser_registry-0.0.6] startup
[89.663s] [ext: omni.kit.widget.searchable_combobox-1.0.6] startup
[89.712s] [ext: omni.kit.window.stage-2.5.11] startup
[89.848s] [ext: omni.kit.window.content_browser-2.10.3] startup
[90.209s] [ext: omni.kit.usd.collect-2.2.22] startup
[90.314s] [ext: omni.kit.widget.settings-1.2.2] startup
[90.378s] [ext: omni.kit.menu.stage-1.2.5] startup
[90.431s] [ext: omni.kit.widget.prompt-1.0.7] startup
[90.494s] [ext: omni.kit.window.preferences-1.7.0] startup
[90.913s] [ext: omni.kit.viewport.utility-1.0.18] startup
[90.996s] [ext: omni.kit.xr.configurations-106.5.13] startup
[90.997s] [ext: omni.kit.widget.zoombar-1.0.5] startup
[91.052s] [ext: omni.rtx.window.settings-0.6.17] startup
[91.239s] [ext: omni.kit.manipulator.camera-106.0.3] startup
[91.361s] [ext: omni.kit.xr.core-106.5.13] startup
[94.476s] [ext: omni.physics.tensors-106.5.7] startup
[94.643s] [ext: omni.kit.browser.core-2.3.11] startup
[94.904s] [ext: omni.kit.xr.ui.window.viewport-106.5.13] startup
[95.428s] [ext: omni.physx.tensors-106.5.7] startup
[95.479s] [ext: omni.kit.browser.folder.core-1.10.1] startup
[95.737s] [ext: omni.kit.xr.scene_view.core-106.5.13] startup
[95.825s] [ext: isaacsim.core.simulation_manager-0.3.3] startup
[96.320s] [ext: omni.kit.tool.collect-2.2.16] startup
[96.448s] [ext: omni.services.facilities.base-1.0.4] startup
[96.608s] [ext: isaacsim.core.prims-0.3.7] startup
[96.973s] [ext: isaacsim.asset.browser-1.3.4] startup
[98.022s] [ext: omni.graph.tools-1.79.1] startup
[DEBUG] [AutoNode] Defining data type 'any' as 'Any'
[DEBUG] [AutoNode] Defining data type 'bool' as 'Bool' and array 'BoolArray
[DEBUG] [AutoNode] Defining data type 'bundle' as 'Bundle'
[DEBUG] [AutoNode] Defining data type 'colord[3]' as 'Color3d' and array 'Color3dArray
[DEBUG] [AutoNode] Defining data type 'colorf[3]' as 'Color3f' and array 'Color3fArray
[DEBUG] [AutoNode] Defining data type 'colorh[3]' as 'Color3h' and array 'Color3hArray
[DEBUG] [AutoNode] Defining data type 'colord[4]' as 'Color4d' and array 'Color4dArray
[DEBUG] [AutoNode] Defining data type 'colorf[4]' as 'Color4f' and array 'Color4fArray
[DEBUG] [AutoNode] Defining data type 'colorh[4]' as 'Color4h' and array 'Color4hArray
[DEBUG] [AutoNode] Defining data type 'double' as 'Double' and array 'DoubleArray
[DEBUG] [AutoNode] Defining data type 'double[2]' as 'Double2' and array 'Double2Array
[DEBUG] [AutoNode] Defining data type 'double[3]' as 'Double3' and array 'Double3Array
[DEBUG] [AutoNode] Defining data type 'double[4]' as 'Double4' and array 'Double4Array
[DEBUG] [AutoNode] Defining data type 'execution' as 'Execution'
[DEBUG] [AutoNode] Defining data type 'float' as 'Float' and array 'FloatArray
[DEBUG] [AutoNode] Defining data type 'float[2]' as 'Float2' and array 'Float2Array
[DEBUG] [AutoNode] Defining data type 'float[3]' as 'Float3' and array 'Float3Array
[DEBUG] [AutoNode] Defining data type 'float[4]' as 'Float4' and array 'Float4Array
[DEBUG] [AutoNode] Defining data type 'frame[4]' as 'Frame' and array 'FrameArray
[DEBUG] [AutoNode] Defining data type 'half' as 'Half' and array 'HalfArray
[DEBUG] [AutoNode] Defining data type 'half[2]' as 'Half2' and array 'Half2Array
[DEBUG] [AutoNode] Defining data type 'half[3]' as 'Half3' and array 'Half3Array
[DEBUG] [AutoNode] Defining data type 'half[4]' as 'Half4' and array 'Half4Array
[DEBUG] [AutoNode] Defining data type 'int' as 'Int' and array 'IntArray
[DEBUG] [AutoNode] Defining data type 'int[2]' as 'Int2' and array 'Int2Array
[DEBUG] [AutoNode] Defining data type 'int[3]' as 'Int3' and array 'Int3Array
[DEBUG] [AutoNode] Defining data type 'int[4]' as 'Int4' and array 'Int4Array
[DEBUG] [AutoNode] Defining data type 'int64' as 'Int64' and array 'Int64Array
[DEBUG] [AutoNode] Defining data type 'matrixd[2]' as 'Matrix2d' and array 'Matrix2dArray
[DEBUG] [AutoNode] Defining data type 'matrixd[3]' as 'Matrix3d' and array 'Matrix3dArray
[DEBUG] [AutoNode] Defining data type 'matrixd[4]' as 'Matrix4d' and array 'Matrix4dArray
[DEBUG] [AutoNode] Defining data type 'normald[3]' as 'Normal3d' and array 'Normal3dArray
[DEBUG] [AutoNode] Defining data type 'normalf[3]' as 'Normal3f' and array 'Normal3fArray
[DEBUG] [AutoNode] Defining data type 'normalh[3]' as 'Normal3h' and array 'Normal3hArray
[DEBUG] [AutoNode] Defining data type 'objectId' as 'ObjectId' and array 'ObjectIdArray
[DEBUG] [AutoNode] Defining data type 'path' as 'Path'
[DEBUG] [AutoNode] Defining data type 'pointd[3]' as 'Point3d' and array 'Point3dArray
[DEBUG] [AutoNode] Defining data type 'pointf[3]' as 'Point3f' and array 'Point3fArray
[DEBUG] [AutoNode] Defining data type 'pointh[3]' as 'Point3h' and array 'Point3hArray
[DEBUG] [AutoNode] Defining data type 'quatd[4]' as 'Quatd' and array 'QuatdArray
[DEBUG] [AutoNode] Defining data type 'quatf[4]' as 'Quatf' and array 'QuatfArray
[DEBUG] [AutoNode] Defining data type 'quath[4]' as 'Quath' and array 'QuathArray
[DEBUG] [AutoNode] Defining data type 'string' as 'String'
[DEBUG] [AutoNode] Defining data type 'target' as 'Target'
[DEBUG] [AutoNode] Defining data type 'texcoordd[2]' as 'TexCoord2d' and array 'TexCoord2dArray
[DEBUG] [AutoNode] Defining data type 'texcoordf[2]' as 'TexCoord2f' and array 'TexCoord2fArray
[DEBUG] [AutoNode] Defining data type 'texcoordh[2]' as 'TexCoord2h' and array 'TexCoord2hArray
[DEBUG] [AutoNode] Defining data type 'texcoordd[3]' as 'TexCoord3d' and array 'TexCoord3dArray
[DEBUG] [AutoNode] Defining data type 'texcoordf[3]' as 'TexCoord3f' and array 'TexCoord3fArray
[DEBUG] [AutoNode] Defining data type 'texcoordh[3]' as 'TexCoord3h' and array 'TexCoord3hArray
[DEBUG] [AutoNode] Defining data type 'timecode' as 'Timecode' and array 'TimecodeArray
[DEBUG] [AutoNode] Defining data type 'token' as 'Token' and array 'TokenArray
[DEBUG] [AutoNode] Defining data type 'uchar' as 'UChar' and array 'UCharArray
[DEBUG] [AutoNode] Defining data type 'uint' as 'UInt' and array 'UIntArray
[DEBUG] [AutoNode] Defining data type 'uint64' as 'UInt64' and array 'UInt64Array
[DEBUG] [AutoNode] Defining data type 'vectord[3]' as 'Vector3d' and array 'Vector3dArray
[DEBUG] [AutoNode] Defining data type 'vectorf[3]' as 'Vector3f' and array 'Vector3fArray
[DEBUG] [AutoNode] Defining data type 'vectorh[3]' as 'Vector3h' and array 'Vector3hArray
[98.811s] [ext: omni.services.core-1.9.0] startup
[103.406s] [ext: omni.kit.primitive.mesh-1.0.17] startup
[103.679s] [ext: omni.kit.widget.highlight_label-1.0.3] startup
[103.740s] [ext: omni.services.transport.server.base-1.1.1] startup
[103.840s] [ext: omni.kit.stage_templates-1.2.6] startup
[103.961s] [ext: omni.kit.window.property-1.11.5] startup
[104.122s] [ext: omni.services.transport.server.zeroconf-1.0.9] startup
[104.478s] [ext: isaacsim.core.api-4.2.16] startup
[105.018s] [ext: omni.kit.property.adapter.usd-1.0.2] startup
[105.088s] [ext: omni.kit.xr.advertise-106.5.13] startup
[105.137s] [ext: omni.isaac.assets_check-0.3.9] startup
2025-08-23 00:20:58 [104,833ms] [Warning] [omni.isaac.assets_check] omni.isaac.assets_check has been deprecated in favor of isaacsim.asset.browser. Please update your code accordingly.
[105.185s] [ext: omni.graph-1.140.2] startup
[106.298s] [ext: omni.kit.property.usd-4.2.16] startup
[106.739s] [ext: omni.graph.action_core-1.1.7] startup
[106.934s] [ext: omni.kit.menu.create-1.0.17] startup
[107.015s] [ext: omni.kit.widget.text_editor-1.0.2] startup
[107.071s] [ext: omni.graph.action_nodes-1.40.1] startup
[107.304s] [ext: isaacsim.core.cloner-1.3.4] startup
[107.367s] [ext: omni.kit.scripting-106.5.2] startup
[107.973s] [ext: omni.graph.scriptnode-1.40.1] startup
[108.207s] [ext: omni.graph.action-1.120.0] startup
[108.338s] [ext: omni.isaac.cloner-1.0.2] startup
2025-08-23 00:21:01 [108,083ms] [Warning] [omni.isaac.cloner] omni.isaac.cloner has been deprecated in favor of isaacsim.core.cloner. Please update your code accordingly.
[108.436s] [ext: isaacsim.replicator.behavior-1.0.8] startup
[108.538s] [ext: omni.ui_query-1.1.7] startup
[108.663s] [ext: omni.kit.widget.graph-1.12.17] startup
[108.986s] [ext: omni.kit.manipulator.viewport-107.0.1] startup
[109.058s] [ext: omni.kit.ui_test-1.3.3] startup
[109.168s] [ext: omni.kit.graph.delegate.default-1.2.2] startup
[109.260s] [ext: omni.kit.window.extensions-1.4.25] startup
[109.929s] [ext: omni.graph.visualization.nodes-2.1.1] startup
[110.330s] [ext: omni.graph.image.core-0.6.0] startup
[110.397s] [ext: omni.kit.graph.editor.core-1.5.3] startup
[110.686s] [ext: isaacsim.gui.components-1.0.9] startup
[110.821s] [ext: omni.kit.widget.material_preview-1.0.16] startup
[110.921s] [ext: omni.kit.graph.usd.commands-1.3.1] startup
[110.977s] [ext: omni.graph.image.nodes-1.3.0] startup
[111.015s] [ext: isaacsim.robot_motion.lula-4.0.4] startup
[111.312s] [ext: omni.kit.viewport.menubar.core-107.1.2] startup
[112.114s] [ext: omni.kit.window.material_graph-1.8.19] startup
[113.402s] [ext: omni.isaac.core-4.0.3] startup
2025-08-23 00:21:06 [113,076ms] [Warning] [omni.isaac.core.physics_context.physics_context] omni.isaac.core.physics_context.physics_context has been deprecated in favor of isaacsim.core.api.physics_context.physics_context. Please update your code accordingly.
2025-08-23 00:21:06 [113,097ms] [Warning] [omni.isaac.core.simulation_context.simulation_context] omni.isaac.core.simulation_context.simulation_context has been deprecated in favor of isaacsim.core.api.simulation_context.simulation_context. Please update your code accordingly.
2025-08-23 00:21:06 [113,120ms] [Warning] [omni.isaac.core.world.world] omni.isaac.core.world.world has been deprecated in favor of isaacsim.core.api.world.world. Please update your code accordingly.
2025-08-23 00:21:06 [113,120ms] [Warning] [omni.isaac.core] omni.isaac.core has been deprecated in favor of isaacsim.core.api. Please update your code accordingly.
[113.473s] [ext: isaacsim.robot_motion.motion_generation-8.0.6] startup
[113.713s] [ext: omni.graph.nodes-1.162.1] startup
[114.147s] [ext: omni.syntheticdata-0.6.10] startup
[114.428s] [ext: omni.kit.xr.system.cloudxr-106.5.13] startup
[114.727s] [ext: isaacsim.robot_motion.lula_test_widget-1.0.5] startup
[114.901s] [ext: omni.kit.xr.telemetry-106.5.13] startup
[115.148s] [ext: omni.kit.data2ui.core-1.0.27] startup
[115.397s] [ext: omni.kit.xr.ui.window.profile-106.5.13] startup
[116.171s] [ext: omni.kit.data2ui.usd-1.0.27] startup
[116.861s] [ext: omni.warp-1.5.0] startup
[117.198s] [ext: omni.no_code_ui.bundle-1.0.27] startup
[117.198s] [ext: omni.replicator.core-1.11.35] startup
Warp 1.5.0 initialized:
   CUDA Toolkit 11.8, Driver 12.8
   Devices:
     "cpu"      : "x86_64"
     "cuda:0"   : "NVIDIA A100-SXM4-80GB" (79 GiB, sm_80, mempool enabled)
   Kernel cache:
     /home/cgokmen/.cache/warp/1.5.0
2025-08-23 00:21:13 [119,646ms] [Warning] [omni.replicator.core.scripts.extension] No material configuration file, adding configuration to material settings directly.
[120.014s] [ext: omni.isaac.lula-4.0.2] startup
2025-08-23 00:21:13 [119,714ms] [Warning] [omni.isaac.lula] omni.isaac.lula has been deprecated in favor of isaacsim.robot_motion.lula. Please update your code accordingly.
[120.067s] [ext: omni.isaac.lula_test_widget-1.0.2] startup
2025-08-23 00:21:13 [119,787ms] [Warning] [omni.isaac.lula_test_widget] omni.isaac.lula_test_widget has been deprecated in favor of isaacsim.robot_motion.lula_test_widget. Please update your code accordingly.
[120.140s] [ext: omni.kit.xr.profile.common-106.5.13] startup
[120.472s] [ext: omni.kit.xr.scene_view.utils-106.5.13] startup
[130.081s] [ext: isaacsim.core.nodes-2.1.4] startup
[130.239s] [ext: isaacsim.robot.surface_gripper-2.0.6] startup
[130.307s] [ext: omni.kit.xr.system.openxr-106.5.13] startup
[130.518s] [ext: omni.kit.xr.system.steamvr-106.5.13] startup
[130.608s] [ext: omni.kit.xr.ui.stage-106.5.13] startup
[130.946s] [ext: omni.kit.selection-0.1.5] startup
[130.983s] [ext: isaacsim.robot.manipulators-3.0.4] startup
[131.099s] [ext: omni.isaac.core_nodes-2.0.2] startup
2025-08-23 00:21:24 [130,791ms] [Warning] [omni.isaac.core_nodes] omni.isaac.core_nodes has been deprecated in favor of isaacsim.core.nodes. Please update your code accordingly.
[131.144s] [ext: omni.anim.curve.core-1.2.0] startup
[131.351s] [ext: omni.kit.xr.profile.vr-106.5.13] startup
[131.425s] [ext: isaacsim.gui.menu-2.0.9] startup
[131.546s] [ext: omni.isaac.manipulators-3.0.3] startup
2025-08-23 00:21:25 [131,207ms] [Warning] [omni.isaac.manipulators] omni.isaac.manipulators has been deprecated in favor of isaacsim.robot.manipulators. Please update your code accordingly.
2025-08-23 00:21:25 [131,219ms] [Warning] [omni.isaac.manipulators.controllers] omni.isaac.manipulators has been deprecated in favor of isaacsim.robot.manipulators. Please update your code accordingly.
2025-08-23 00:21:25 [131,221ms] [Warning] [omni.isaac.manipulators.controllers.pick_place_controller] omni.isaac.manipulators has been deprecated in favor of isaacsim.robot.manipulators. Please update your code accordingly.
2025-08-23 00:21:25 [131,237ms] [Warning] [omni.isaac.manipulators.controllers.stacking_controller] omni.isaac.manipulators has been deprecated in favor of isaacsim.robot.manipulators. Please update your code accordingly.
2025-08-23 00:21:25 [131,242ms] [Warning] [omni.isaac.manipulators.grippers] omni.isaac.manipulators has been deprecated in favor of isaacsim.robot.manipulators. Please update your code accordingly.
2025-08-23 00:21:25 [131,246ms] [Warning] [omni.isaac.manipulators.grippers.gripper] omni.isaac.manipulators has been deprecated in favor of isaacsim.robot.manipulators. Please update your code accordingly.
2025-08-23 00:21:25 [131,248ms] [Warning] [omni.isaac.manipulators.grippers.parallel_gripper] omni.isaac.manipulators has been deprecated in favor of isaacsim.robot.manipulators. Please update your code accordingly.
2025-08-23 00:21:25 [131,251ms] [Warning] [omni.isaac.manipulators.grippers.surface_gripper] omni.isaac.manipulators has been deprecated in favor of isaacsim.robot.manipulators. Please update your code accordingly.
2025-08-23 00:21:25 [131,254ms] [Warning] [omni.isaac.manipulators.manipulators] omni.isaac.manipulators has been deprecated in favor of isaacsim.robot.manipulators. Please update your code accordingly.
2025-08-23 00:21:25 [131,257ms] [Warning] [omni.isaac.manipulators.manipulators.single_manipulator] omni.isaac.manipulators has been deprecated in favor of isaacsim.robot.manipulators. Please update your code accordingly.
[131.610s] [ext: isaacsim.sensors.physics-0.3.5] startup
[131.694s] [ext: omni.isaac.menu-1.0.2] startup
2025-08-23 00:21:25 [131,351ms] [Warning] [omni.isaac.menu] omni.isaac.menu has been deprecated in favor of isaacsim.gui.menu. Please update your code accordingly.
[131.704s] [ext: omni.isaac.motion_generation-8.0.2] startup
2025-08-23 00:21:25 [131,367ms] [Warning] [omni.isaac.motion_generation] omni.isaac.motion_generation has been deprecated in favor of isaacsim.robot_motion.motion_generation. Please update your code accordingly.
2025-08-23 00:21:25 [131,371ms] [Warning] [omni.isaac.motion_generation.articulation_kinematics_solver] omni.isaac.motion_generation has been deprecated in favor of isaacsim.robot_motion.motion_generation. Please update your code accordingly.
2025-08-23 00:21:25 [131,377ms] [Warning] [omni.isaac.motion_generation.articulation_motion_policy] omni.isaac.motion_generation has been deprecated in favor of isaacsim.robot_motion.motion_generation. Please update your code accordingly.
2025-08-23 00:21:25 [131,383ms] [Warning] [omni.isaac.motion_generation.articulation_trajectory] omni.isaac.motion_generation has been deprecated in favor of isaacsim.robot_motion.motion_generation. Please update your code accordingly.
2025-08-23 00:21:25 [131,391ms] [Warning] [omni.isaac.motion_generation.kinematics_interface] omni.isaac.motion_generation has been deprecated in favor of isaacsim.robot_motion.motion_generation. Please update your code accordingly.
2025-08-23 00:21:25 [131,400ms] [Warning] [omni.isaac.motion_generation.lula] omni.isaac.motion_generation has been deprecated in favor of isaacsim.robot_motion.motion_generation. Please update your code accordingly.
2025-08-23 00:21:25 [131,404ms] [Warning] [omni.isaac.motion_generation.lula.kinematics] omni.isaac.motion_generation has been deprecated in favor of isaacsim.robot_motion.motion_generation. Please update your code accordingly.
2025-08-23 00:21:25 [131,410ms] [Warning] [omni.isaac.motion_generation.lula.motion_policies] omni.isaac.motion_generation has been deprecated in favor of isaacsim.robot_motion.motion_generation. Please update your code accordingly.
2025-08-23 00:21:25 [131,418ms] [Warning] [omni.isaac.motion_generation.lula.path_planners] omni.isaac.motion_generation has been deprecated in favor of isaacsim.robot_motion.motion_generation. Please update your code accordingly.
2025-08-23 00:21:25 [131,424ms] [Warning] [omni.isaac.motion_generation.lula.trajectory_generator] omni.isaac.motion_generation has been deprecated in favor of isaacsim.robot_motion.motion_generation. Please update your code accordingly.
2025-08-23 00:21:25 [131,430ms] [Warning] [omni.isaac.motion_generation.motion_policy_controller] omni.isaac.motion_generation has been deprecated in favor of isaacsim.robot_motion.motion_generation. Please update your code accordingly.
2025-08-23 00:21:25 [131,436ms] [Warning] [omni.isaac.motion_generation.motion_policy_interface] omni.isaac.motion_generation has been deprecated in favor of isaacsim.robot_motion.motion_generation. Please update your code accordingly.
2025-08-23 00:21:25 [131,440ms] [Warning] [omni.isaac.motion_generation.path_planner_visualizer] omni.isaac.motion_generation has been deprecated in favor of isaacsim.robot_motion.motion_generation. Please update your code accordingly.
2025-08-23 00:21:25 [131,458ms] [Warning] [omni.isaac.motion_generation.path_planning_interface] omni.isaac.motion_generation has been deprecated in favor of isaacsim.robot_motion.motion_generation. Please update your code accordingly.
2025-08-23 00:21:25 [131,467ms] [Warning] [omni.isaac.motion_generation.trajectory] omni.isaac.motion_generation has been deprecated in favor of isaacsim.robot_motion.motion_generation. Please update your code accordingly.
2025-08-23 00:21:25 [131,475ms] [Warning] [omni.isaac.motion_generation.world_interface] omni.isaac.motion_generation has been deprecated in favor of isaacsim.robot_motion.motion_generation. Please update your code accordingly.
[131.827s] [ext: isaacsim.robot.policy.examples-4.0.3] startup
[131.881s] [ext: omni.sensors.nv.common-2.5.0-coreapi] startup
[132.444s] [ext: omni.isaac.nucleus-1.0.3] startup
2025-08-23 00:21:25 [132,098ms] [Warning] [omni.isaac.nucleus] omni.isaac.nucleus has been deprecated in favor of isaacsim.storage.native. Please update your code accordingly.
2025-08-23 00:21:25 [132,105ms] [Warning] [omni.isaac.nucleus.nucleus] omni.isaac.nucleus.nucleus has been deprecated in favor of isaacsim.storage.native. Please update your code accordingly.
[132.458s] [ext: omni.isaac.quadruped-3.0.2] startup
2025-08-23 00:21:25 [132,128ms] [Warning] [omni.isaac.quadruped] omni.isaac.quadruped has been deprecated in favor of isaacsim.robot.policy.examples. Please update your code accordingly.
[132.480s] [ext: omni.sensors.nv.materials-1.4.0-coreapi] startup
[132.604s] [ext: isaacsim.sensors.camera-0.2.9] startup
[132.656s] [ext: omni.sensors.nv.wpm-2.4.0-coreapi] startup
[132.739s] [ext: omni.sensors.nv.lidar-2.6.3-coreapi] startup
[132.809s] [ext: isaacsim.util.debug_draw-2.0.2] startup
[132.891s] [ext: omni.sensors.tiled-0.0.6] startup
[132.920s] [ext: omni.sensors.nv.radar-2.6.1-coreapi] startup
[133.032s] [ext: omni.sensors.nv.ids-1.4.0-coreapi] startup
[133.080s] [ext: isaacsim.sensors.physx-2.2.4] startup
[133.185s] [ext: isaacsim.robot.manipulators.examples-1.0.3] startup
[133.201s] [ext: isaacsim.sensors.rtx-13.6.3] startup
[133.370s] [ext: omni.isaac.range_sensor-4.0.2] startup
[133.560s] [ext: isaacsim.cortex.framework-1.0.2] startup
[133.594s] [ext: omni.isaac.sensor-13.0.3] startup
2025-08-23 00:21:27 [133,267ms] [Warning] [omni.isaac.sensor] omni.isaac.sensor has been deprecated in favor of isaacsim.sensors.camera, isaacsim.sensors.physics, isaacsim.sensors.physx, and isaacsim.sensors.rtx. Please update your code accordingly.
2025-08-23 00:21:27 [133,285ms] [Warning] [omni.isaac.sensor.camera] omni.isaac.sensor.camera has been deprecated in favor of isaacsim.sensors.camera.camera. Please update your code accordingly.
2025-08-23 00:21:27 [133,291ms] [Warning] [omni.isaac.sensor.camera_view] omni.isaac.sensor.camera_view has been deprecated in favor of isaacsim.sensors.camera.camera_view. Please update your code accordingly.
2025-08-23 00:21:27 [133,298ms] [Warning] [omni.isaac.sensor.commands] omni.isaac.sensor.commands has been deprecated in favor of isaacsim.sensors.physics.commands, isaacsim.sensors.physx.commands, and isaacsim.sensors.rtx.commands. Please update your code accordingly.
2025-08-23 00:21:27 [133,304ms] [Warning] [omni.isaac.sensor.contact_sensor] omni.isaac.sensor.contact_sensor has been deprecated in favor of isaacsim.sensors.physics.contact_sensor. Please update your code accordingly.
2025-08-23 00:21:27 [133,309ms] [Warning] [omni.isaac.sensor.imu_sensor] omni.isaac.sensor.imu_sensor has been deprecated in favor of isaacsim.sensors.physics.imu_sensor. Please update your code accordingly.
2025-08-23 00:21:27 [133,316ms] [Warning] [omni.isaac.sensor.lidar_rtx] omni.isaac.sensor.lidar_rtx has been deprecated in favor of isaacsim.sensors.rtx.lidar_rtx. Please update your code accordingly.
2025-08-23 00:21:27 [133,321ms] [Warning] [omni.isaac.sensor.rotating_lidar_physX] omni.isaac.sensor.imu_sensor has been deprecated in favor of isaacsim.sensors.physix.rotating_lidar_physX. Please update your code accordingly.
2025-08-23 00:21:27 [133,355ms] [Warning] [omni.isaac.sensor.scripts.samples.contact_sensor] omni.isaac.sensor.scripts.samples.contact_sensor has been deprecated in favor of isaacsim.sensors.physics.scripts.samples.contact_sensor. Please update your code accordingly.
2025-08-23 00:21:27 [133,359ms] [Warning] [omni.isaac.sensor.scripts.samples.imu_sensor] omni.isaac.sensor.scripts.samples.imu_sensor has been deprecated in favor of isaacsim.sensors.physics.scripts.samples.imu_sensor. Please update your code accordingly.
2025-08-23 00:21:27 [133,363ms] [Warning] [omni.isaac.sensor.scripts.samples.lightbeam_sensor] omni.isaac.sensor.scripts.samples.lightbeam_sensor has been deprecated in favor of isaacsim.sensors.physx.scripts.samples.lightbeam_sensor. Please update your code accordingly.
[133.716s] [ext: omni.isaac.surface_gripper-2.0.2] startup
2025-08-23 00:21:27 [133,373ms] [Warning] [omni.isaac.surface_gripper] omni.isaac.surface_gripper has been deprecated in favor of isaacsim.robot.surface_gripper. Please update your code accordingly.
[133.725s] [ext: omni.kit.manipulator.transform-106.0.1] startup
[133.829s] [ext: omni.isaac.cortex-1.0.2] startup
2025-08-23 00:21:27 [133,484ms] [Warning] [omni.isaac.cortex] omni.isaac.cortex has been deprecated in favor of isaacsim.cortex.framework. Please update your code accordingly.
[133.836s] [ext: omni.kit.widget.toolbar-1.7.3] startup
[133.959s] [ext: omni.isaac.universal_robots-1.0.2] startup
2025-08-23 00:21:27 [133,612ms] [Warning] [omni.isaac.universal_robots] omni.isaac.universal_robots has been deprecated in favor of isaacsim.robot.manipulators.examples.universal_robots. Please update your code accordingly.
2025-08-23 00:21:27 [133,617ms] [Warning] [omni.isaac.universal_robots.kinematics_solver] omni.isaac.franka has been deprecated in favor of isaacsim.robot.manipulators.examples.universal_robots. Please update your code accordingly.
2025-08-23 00:21:27 [133,632ms] [Warning] [omni.isaac.universal_robots.ur10] omni.isaac.franka has been deprecated in favor of isaacsim.robot.manipulators.examples.universal_robots. Please update your code accordingly.
[133.985s] [ext: isaacsim.cortex.behaviors-2.0.3] startup
[134.001s] [ext: omni.kit.manipulator.tool.snap-1.5.12] startup
[134.186s] [ext: omni.kit.manipulator.selector-1.1.1] startup
[134.213s] [ext: omni.isaac.utils-2.0.2] startup
[134.254s] [ext: omni.isaac.cortex.sample_behaviors-2.0.2] startup
2025-08-23 00:21:27 [133,917ms] [Warning] [omni.isaac.cortex.sample_behaviors] omni.isaac.cortex.sample_behaviors has been deprecated in favor of isaacsim.cortex.behaviors. Please update your code accordingly.
[134.270s] [ext: omni.kit.viewport.manipulator.transform-107.0.4] startup
[134.394s] [ext: omni.graph.ui_nodes-1.40.1] startup
[134.472s] [ext: omni.fabric.commands-1.1.5] startup
[134.572s] [ext: omni.kit.manipulator.prim.core-107.0.7] startup
[134.744s] [ext: omni.kit.property.camera-1.0.9] startup
[134.786s] [ext: omni.kit.property.geometry-1.3.3] startup
[134.982s] [ext: omni.kit.property.light-1.0.11] startup
[135.032s] [ext: omni.kit.manipulator.prim.fabric-107.0.4] startup
[135.064s] [ext: omni.kit.manipulator.prim.usd-107.0.3] startup
[135.083s] [ext: omni.kit.property.material-1.10.17] startup
[135.209s] [ext: omni.kit.viewport.actions-107.0.0] startup
[135.235s] [ext: omni.debugdraw-0.1.3] startup
[135.284s] [ext: omni.kit.manipulator.prim-107.0.0] startup
[135.284s] [ext: omni.kit.manipulator.selection-106.0.1] startup
[135.346s] [ext: omni.kit.viewport.menubar.display-107.0.3] startup
[135.370s] [ext: omni.kit.widget.layers-1.8.2] startup
[135.542s] [ext: omni.hydra.scene_api-0.1.2] startup
[135.595s] [ext: omni.kit.property.render-1.1.3] startup
[135.620s] [ext: omni.physx.commands-106.5.7] startup
[135.654s] [ext: omni.usdphysics.ui-106.5.7] startup
[135.789s] [ext: omni.kit.property.transform-1.5.10] startup
[135.839s] [ext: omni.kit.property.audio-1.0.16] startup
[135.891s] [ext: isaacsim.gui.property-1.0.4] startup
[135.937s] [ext: omni.physx.ui-106.5.7] startup
[136.134s] [ext: omni.kit.property.bundle-1.3.2] startup
[136.184s] [ext: omni.kit.property.isaac-1.0.2] startup
2025-08-23 00:21:29 [135,860ms] [Warning] [omni.kit.property.isaac] omni.kit.property.isaac has been deprecated in favor of isaacsim.gui.property. Please update your code accordingly.
2025-08-23 00:21:29 [135,869ms] [Warning] [omni.kit.property.isaac.widgets] omni.kit.property.isaac.widgets has been deprecated in favor of isaacsim.gui.property.widgets. Please update your code accordingly.
[136.222s] [ext: omni.kit.property.physx-106.5.7] startup
[136.889s] [ext: omni.physx.demos-106.5.7] startup
[137.258s] [ext: omni.kit.viewport.menubar.camera-107.0.2] startup
[137.370s] [ext: omni.kit.viewport.menubar.lighting-106.0.2] startup
[137.407s] [ext: omni.kit.viewport.menubar.render-107.0.8] startup
[137.477s] [ext: omni.physx.vehicle-106.5.7] startup
[137.737s] [ext: omni.kit.viewport.menubar.settings-107.0.3] startup
[137.858s] [ext: omni.kit.window.console-0.2.14] startup
[137.936s] [ext: omni.kit.window.toolbar-1.6.2] startup
[137.968s] [ext: omni.physx.camera-106.5.7] startup
[138.090s] [ext: omni.physx.cct-106.5.7] startup
[138.201s] [ext: omni.physx.graph-106.5.7] startup
[138.413s] [ext: omni.physx.supportui-106.5.7] startup
[138.608s] [ext: isaacsim.replicator.writers-1.0.1] startup
[138.899s] [ext: omni.physx.telemetry-106.5.7] startup
[138.974s] [ext: omni.isaac.version-2.0.2] startup
2025-08-23 00:21:32 [138,629ms] [Warning] [omni.isaac.version] omni.isaac.version has been deprecated in favor of isaacsim.core.version. Please update your code accordingly.
[138.981s] [ext: isaacsim.robot.wheeled_robots-4.0.3] startup
[139.245s] [ext: isaacsim.replicator.domain_randomization-1.0.2] startup
[139.349s] [ext: isaacsim.replicator.examples-1.1.2] startup
[139.427s] [ext: omni.kit.window.status_bar-0.1.7] startup
[139.664s] [ext: omni.physx.bundle-106.5.7] startup
[139.666s] [ext: omni.usd.metrics.assembler-106.5.0] startup
[139.804s] [ext: omni.isaac.wheeled_robots-3.0.3] startup
2025-08-23 00:21:33 [139,480ms] [Warning] [omni.isaac.wheeled_robots] omni.isaac.wheeled_robots has been deprecated in favor of isaacsim.robot.wheeled_robots. Please update your code accordingly.
2025-08-23 00:21:33 [139,500ms] [Warning] [omni.isaac.wheeled_robots.controllers] omni.isaac.wheeled_robots has been deprecated in favor of isaacsim.robot.wheeled_robots. Please update your code accordingly.
2025-08-23 00:21:33 [139,506ms] [Warning] [omni.isaac.wheeled_robots.controllers.ackermann_controller] omni.isaac.wheeled_robots has been deprecated in favor of isaacsim.robot.wheeled_robots. Please update your code accordingly.
2025-08-23 00:21:33 [139,521ms] [Warning] [omni.isaac.wheeled_robots.controllers.differential_controller] omni.isaac.wheeled_robots has been deprecated in favor of isaacsim.robot.wheeled_robots. Please update your code accordingly.
2025-08-23 00:21:33 [139,530ms] [Warning] [omni.isaac.wheeled_robots.controllers.holonomic_controller] omni.isaac.wheeled_robots has been deprecated in favor of isaacsim.robot.wheeled_robots. Please update your code accordingly.
2025-08-23 00:21:33 [139,537ms] [Warning] [omni.isaac.wheeled_robots.controllers.quintic_path_planner] omni.isaac.wheeled_robots has been deprecated in favor of isaacsim.robot.wheeled_robots. Please update your code accordingly.
2025-08-23 00:21:33 [139,543ms] [Warning] [omni.isaac.wheeled_robots.controllers.stanley_control] omni.isaac.wheeled_robots has been deprecated in favor of isaacsim.robot.wheeled_robots. Please update your code accordingly.
2025-08-23 00:21:33 [139,552ms] [Warning] [omni.isaac.wheeled_robots.controllers.wheel_base_pose_controller] omni.isaac.wheeled_robots has been deprecated in favor of isaacsim.robot.wheeled_robots. Please update your code accordingly.
2025-08-23 00:21:33 [139,569ms] [Warning] [omni.isaac.wheeled_robots.impl] omni.isaac.wheeled_robots has been deprecated in favor of isaacsim.robot.wheeled_robots. Please update your code accordingly.
2025-08-23 00:21:33 [139,580ms] [Warning] [omni.isaac.wheeled_robots.robots] omni.isaac.wheeled_robots has been deprecated in favor of isaacsim.robot.wheeled_robots. Please update your code accordingly.
2025-08-23 00:21:33 [139,589ms] [Warning] [omni.isaac.wheeled_robots.robots.holonomic_robot_usd_setup] omni.isaac.wheeled_robots has been deprecated in favor of isaacsim.robot.wheeled_robots. Please update your code accordingly.
2025-08-23 00:21:33 [139,590ms] [Warning] [omni.isaac.wheeled_robots.robots.wheeled_robot] omni.isaac.wheeled_robots has been deprecated in favor of isaacsim.robot.wheeled_robots. Please update your code accordingly.
[139.943s] [ext: omni.isaac.franka-1.0.2] startup
2025-08-23 00:21:33 [139,605ms] [Warning] [omni.isaac.franka] omni.isaac.franka has been deprecated in favor of isaacsim.robot.manipulators.examples.franka. Please update your code accordingly.
2025-08-23 00:21:33 [139,617ms] [Warning] [omni.isaac.franka.franka] omni.isaac.franka has been deprecated in favor of isaacsim.robot.manipulators.examples.franka. Please update your code accordingly.
2025-08-23 00:21:33 [139,636ms] [Warning] [omni.isaac.franka.kinematics_solver] omni.isaac.franka has been deprecated in favor of isaacsim.robot.manipulators.examples.franka. Please update your code accordingly.
[139.989s] [ext: omni.replicator.isaac-2.0.3] startup
2025-08-23 00:21:33 [139,670ms] [Warning] [omni.replicator.isaac] omni.replicator.isaac has been deprecated in favor of isaacsim.replicator.domain_randomization, isaacsim.replicator.examples, isaacsim.replicator.writers. Please update your code accordingly.
[140.023s] [ext: omni.replicator.replicator_yaml-2.0.10] startup
[140.121s] [ext: omni.rtx.settings.core-0.6.3] startup
[140.226s] [ext: omni.usd.metrics.assembler.ui-106.5.0] startup
[140.313s] [ext: omni.kit.tool.asset_importer-2.12.3] startup
[140.474s] [ext: isaacsim.app.about-2.0.7] startup
[140.508s] [ext: semantics.schema.editor-0.3.10] startup
[140.565s] [ext: isaacsim.examples.browser-0.1.8] startup
[140.611s] [ext: isaacsim.simulation_app-2.4.2] startup
[140.614s] [ext: semantics.schema.property-1.0.5] startup
[140.645s] [ext: isaacsim.asset.importer.mjcf-2.3.7] startup
[140.812s] [ext: omni.isaac.window.about-2.0.2] startup
2025-08-23 00:21:34 [140,480ms] [Warning] [omni.isaac.window.about] omni.isaac.window.about has been deprecated in favor of isaacsim.app.about. Please update your code accordingly.
2025-08-23 00:21:34 [140,486ms] [Warning] [omni.isaac.window.about.about] omni.isaac.window.about.about has been deprecated in favor of isaacsim.app.about.about. Please update your code accordingly.
[140.838s] [ext: omni.kit.ui.actions-1.0.2] startup
[140.893s] [ext: isaacsim.asset.importer.urdf-2.3.14] startup
[141.105s] [ext: omni.isaac.kit-2.0.3] startup
2025-08-23 00:21:34 [140,768ms] [Warning] [omni.isaac.kit] omni.isaac.kit has been deprecated in favor of isaacsim.simulation_app. Please update your code accordingly.
[141.121s] [ext: omni.isaac.asset_browser-1.0.2] startup
2025-08-23 00:21:34 [140,792ms] [Warning] [omni.isaac.asset_browser] omni.isaac.asset_browser has been deprecated in favor of isaacsim.asset.browser. Please update your code accordingly.
[141.145s] [ext: isaacsim.core.throttling-2.0.2] startup
[141.207s] [ext: omni.flowusd-106.5.2] startup
2025-08-23 00:21:34 [140,952ms] [Warning] [omni.stageupdate.plugin] Deprecated: direct use of IStageUpdate callbacks is deprecated. Use IStageUpdate::getStageUpdate instead.
[141.330s] [ext: omni.kit.menu.common-1.1.9] startup
[141.345s] [ext: isaacsim.exp.base-4.5.0] startup
[141.347s] [ext: omnigibson_4_5_0-1.5.0] startup
[141.357s] Simulation App Starting
2025-08-23 00:21:35 [141,609ms] [Warning] [omni.kvdb.plugin] Disabling key-value database because another kit process is locking it
2025-08-23 00:21:35 [141,631ms] [Warning] [carb.audio.device] audio device is misconfigured or broken {deviceIndex = 0, name = 'default'} (The device is likely misconfigured, check your $HOME/.asoundrc)
2025-08-23 00:21:35 [141,631ms] [Warning] [carb.audio.output] failed to retrieve the capabilities for device 0 {result = eDeviceLost (2)}
2025-08-23 00:21:35 [141,631ms] [Warning] [carb.audio.context] failed to set the requested output during context creation.  Using a null streamer instead {result = eDeviceLost (2)}
[142.111s] app ready
2025-08-23 00:21:36 [142,781ms] [Warning] [rtx.neuraylib.plugin] [IRAY:RENDER]   1.1   IRAY   rend warn : CUDA device 0 (NVIDIA A100-SXM4-80GB): ECC is enabled, this will reduce rendering performance (it is strongly recommended to disable ECC with iray)
2025-08-23 00:21:36 [142,843ms] [Warning] [rtx.scenedb.plugin] SceneDbContext : TLAS limit buffer size 2705217792
2025-08-23 00:21:36 [142,843ms] [Warning] [rtx.scenedb.plugin] SceneDbContext : TLAS limit : valid true, within: false
2025-08-23 00:25:52 [398,654ms] [Warning] [omni.usd-abi.plugin] No setting was found for '/rtx-defaults-transient/meshlights/forceDisable'
2025-08-23 00:25:55 [401,470ms] [Warning] [omni.usd-abi.plugin] No setting was found for '/rtx-defaults/post/dlss/execMode'
Fatal Python error: Segmentation fault

Thread 0x0000712dc38f4640 (most recent call first):
  File "/home/cgokmen/miniconda3/envs/behavior/lib/python3.10/concurrent/futures/thread.py", line 81 in _worker
  File "/home/cgokmen/miniconda3/envs/behavior/lib/python3.10/threading.py", line 953 in run
  File "/home/cgokmen/miniconda3/envs/behavior/lib/python3.10/threading.py", line 1016 in _bootstrap_inner
  File "/home/cgokmen/miniconda3/envs/behavior/lib/python3.10/threading.py", line 973 in _bootstrap

Thread 0x0000712e827fc640 (most recent call first):
  File "/home/cgokmen/miniconda3/envs/behavior/lib/python3.10/concurrent/futures/thread.py", line 81 in _worker
  File "/home/cgokmen/miniconda3/envs/behavior/lib/python3.10/threading.py", line 953 in run
  File "/home/cgokmen/miniconda3/envs/behavior/lib/python3.10/threading.py", line 1016 in _bootstrap_inner
  File "/home/cgokmen/miniconda3/envs/behavior/lib/python3.10/threading.py", line 973 in _bootstrap

Thread 0x0000712ed49fd640 (most recent call first):
  File "/home/cgokmen/miniconda3/envs/behavior/lib/python3.10/concurrent/futures/thread.py", line 81 in _worker
  File "/home/cgokmen/miniconda3/envs/behavior/lib/python3.10/threading.py", line 953 in run
  File "/home/cgokmen/miniconda3/envs/behavior/lib/python3.10/threading.py", line 1016 in _bootstrap_inner
  File "/home/cgokmen/miniconda3/envs/behavior/lib/python3.10/threading.py", line 973 in _bootstrap

Thread 0x0000712ed59ff640 (most recent call first):
  File "/home/cgokmen/miniconda3/envs/behavior/lib/python3.10/concurrent/futures/thread.py", line 81 in _worker
  File "/home/cgokmen/miniconda3/envs/behavior/lib/python3.10/threading.py", line 953 in run
  File "/home/cgokmen/miniconda3/envs/behavior/lib/python3.10/threading.py", line 1016 in _bootstrap_inner
  File "/home/cgokmen/miniconda3/envs/behavior/lib/python3.10/threading.py", line 973 in _bootstrap

Thread 0x0000712ed75ff640 (most recent call first):
  File "/home/cgokmen/miniconda3/envs/behavior/lib/python3.10/concurrent/futures/thread.py", line 81 in _worker
  File "/home/cgokmen/miniconda3/envs/behavior/lib/python3.10/threading.py", line 953 in run
  File "/home/cgokmen/miniconda3/envs/behavior/lib/python3.10/threading.py", line 1016 in _bootstrap_inner
  File "/home/cgokmen/miniconda3/envs/behavior/lib/python3.10/threading.py", line 973 in _bootstrap

Thread 0x000071333e136640 (most recent call first):
  File "/home/cgokmen/miniconda3/envs/behavior/lib/python3.10/threading.py", line 324 in wait
  File "/home/cgokmen/miniconda3/envs/behavior/lib/python3.10/threading.py", line 607 in wait
  File "/home/cgokmen/miniconda3/envs/behavior/lib/python3.10/site-packages/tqdm/_monitor.py", line 60 in run
  File "/home/cgokmen/miniconda3/envs/behavior/lib/python3.10/threading.py", line 1016 in _bootstrap_inner
  File "/home/cgokmen/miniconda3/envs/behavior/lib/python3.10/threading.py", line 973 in _bootstrap

Thread 0x00007133b2163640 (most recent call first):
  File "/home/cgokmen/miniconda3/envs/behavior/lib/python3.10/site-packages/torch/_inductor/compile_worker/subproc_pool.py", line 47 in _recv_msg
  File "/home/cgokmen/miniconda3/envs/behavior/lib/python3.10/site-packages/torch/_inductor/compile_worker/subproc_pool.py", line 153 in _read_thread
  File "/home/cgokmen/miniconda3/envs/behavior/lib/python3.10/threading.py", line 953 in run
  File "/home/cgokmen/miniconda3/envs/behavior/lib/python3.10/threading.py", line 1016 in _bootstrap_inner
  File "/home/cgokmen/miniconda3/envs/behavior/lib/python3.10/threading.py", line 973 in _bootstrap

Current thread 0x000071347e2b9740 (most recent call first):
  File "/opt/hpcaas/.mounts/fs-0565f60d669b6a2d3/home/cgokmen/miniconda3/envs/behavior/lib/python3.10/site-packages/isaacsim/exts/isaacsim.simulation_app/isaacsim/simulation_app/simulation_app.py", line 520 in _wait_for_viewport
  File "/opt/hpcaas/.mounts/fs-0565f60d669b6a2d3/home/cgokmen/miniconda3/envs/behavior/lib/python3.10/site-packages/isaacsim/exts/isaacsim.simulation_app/isaacsim/simulation_app/simulation_app.py", line 270 in __init__
  File "/opt/hpcaas/.mounts/fs-0565f60d669b6a2d3/home/cgokmen/projects/BEHAVIOR-1K/OmniGibson/omnigibson/simulator.py", line 147 in _launch_app
  File "/opt/hpcaas/.mounts/fs-0565f60d669b6a2d3/home/cgokmen/projects/BEHAVIOR-1K/OmniGibson/omnigibson/simulator.py", line 258 in _launch_simulator
  File "/opt/hpcaas/.mounts/fs-0565f60d669b6a2d3/home/cgokmen/projects/BEHAVIOR-1K/OmniGibson/omnigibson/examples/scenes/import_hssd_scenes.py", line 54 in main
  File "/opt/hpcaas/.mounts/fs-0565f60d669b6a2d3/home/cgokmen/projects/BEHAVIOR-1K/OmniGibson/omnigibson/examples/scenes/import_hssd_scenes.py", line 155 in <module>
  File "/home/cgokmen/miniconda3/envs/behavior/lib/python3.10/runpy.py", line 86 in _run_code
  File "/home/cgokmen/miniconda3/envs/behavior/lib/python3.10/runpy.py", line 196 in _run_module_as_main

Extension modules: mkl._mklinit, mkl._py_mkl_service, numpy.core._multiarray_umath, numpy.core._multiarray_tests, numpy.linalg._umath_linalg, numpy.fft._pocketfft_internal, numpy.random._common, numpy.random.bit_generator, numpy.random._bounded_integers, numpy.random._mt19937, numpy.random.mtrand, numpy.random._philox, numpy.random._pcg64, numpy.random._sfc64, numpy.random._generator, torch._C, torch._C._dynamo.autograd_compiler, torch._C._dynamo.eval_frame, torch._C._dynamo.guards, torch._C._dynamo.utils, torch._C._fft, torch._C._linalg, torch._C._nested, torch._C._nn, torch._C._sparse, torch._C._special, h5py._errors, h5py.defs, h5py._objects, h5py.h5, h5py.utils, h5py.h5t, h5py.h5s, h5py.h5ac, h5py.h5p, h5py.h5r, h5py._proxy, h5py._conv, h5py.h5z, h5py.h5a, h5py.h5d, h5py.h5ds, h5py.h5g, h5py.h5i, h5py.h5o, h5py.h5f, h5py.h5fd, h5py.h5pl, h5py.h5l, h5py._selector, gmpy2.gmpy2, markupsafe._speedups, cython.cimports.libc.math, scipy._lib._ccallback_c, yaml._yaml, numba.core.typeconv._typeconv, numba._helperlib, numba._dynfunc, numba._dispatcher, numba.core.typing.builtins.itertools, numba.cpython.builtins.math, numba.core.runtime._nrt_python, numba.np.ufunc._internal, numba.experimental.jitclass._box, scipy.sparse._sparsetools, _csparsetools, scipy.sparse._csparsetools, scipy.linalg._fblas, scipy.linalg._flapack, scipy.linalg.cython_lapack, scipy.linalg._cythonized_array_utils, scipy.linalg._solve_toeplitz, scipy.linalg._decomp_lu_cython, scipy.linalg._matfuncs_sqrtm_triu, scipy.linalg._matfuncs_expm, scipy.linalg._linalg_pythran, scipy.linalg.cython_blas, scipy.linalg._decomp_update, scipy.sparse.linalg._dsolve._superlu, scipy.sparse.linalg._eigen.arpack._arpack, scipy.sparse.linalg._propack._spropack, scipy.sparse.linalg._propack._dpropack, scipy.sparse.linalg._propack._cpropack, scipy.sparse.linalg._propack._zpropack, scipy.sparse.csgraph._tools, scipy.sparse.csgraph._shortest_path, scipy.sparse.csgraph._traversal, scipy.sparse.csgraph._min_spanning_tree, scipy.sparse.csgraph._flow, scipy.sparse.csgraph._matching, scipy.sparse.csgraph._reordering, scipy.spatial._ckdtree, scipy._lib.messagestream, scipy.spatial._qhull, scipy.spatial._voronoi, scipy.spatial._distance_wrap, scipy.spatial._hausdorff, scipy.special._ufuncs_cxx, scipy.special._ufuncs, scipy.special._specfun, scipy.special._comb, scipy.special._ellip_harm_2, scipy.spatial.transform._rotation, PIL._imaging, kiwisolver._cext, scipy.integrate._odepack, scipy.integrate._quadpack, scipy.integrate._vode, scipy.integrate._dop, scipy.integrate._lsoda, scipy.optimize._group_columns, scipy.optimize._trlib._trlib, scipy.optimize._lbfgsb, _moduleTNC, scipy.optimize._moduleTNC, scipy.optimize._cobyla, scipy.optimize._slsqp, scipy.optimize._minpack, scipy.optimize._lsq.givens_elimination, scipy.optimize._zeros, scipy.optimize._cython_nnls, scipy._lib._uarray._uarray, scipy.linalg._decomp_interpolative, scipy.optimize._bglu_dense, scipy.optimize._lsap, scipy.optimize._direct, scipy.interpolate._fitpack, scipy.interpolate._dfitpack, scipy.interpolate._dierckx, scipy.interpolate._ppoly, scipy.interpolate._interpnd, scipy.interpolate._rbfinterp_pythran, scipy.interpolate._rgi_cython, scipy.interpolate._bspl, psutil._psutil_linux, psutil._psutil_posix, fcl.fcl, lxml._elementpath, lxml.etree, scipy.ndimage._nd_image, scipy.ndimage._rank_filter_1d, _ni_label, scipy.ndimage._ni_label, _cffi_backend, scipy.special.cython_special, scipy.stats._stats, scipy.stats._sobol, scipy.stats._qmc_cy, scipy.stats._biasedurn, scipy.stats._stats_pythran, scipy.stats._levy_stable.levyst, scipy.stats._ansari_swilk_statistics, scipy.stats._mvn, scipy.stats._rcont.rcont, omni.mdl.pymdlsdk._pymdlsdk, charset_normalizer.md, requests.packages.charset_normalizer.md, requests.packages.chardet.md, PIL._imagingft, scipy.io.matlab._mio_utils, scipy.io.matlab._streams, scipy.io.matlab._mio5_utils, osqp._osqp (total: 163)
