brown_rice-ezqhrk-0: BrownRice_NormalMap
white_rice-nbienc-0: BrownRice_NormalMap
tomato_rice-yoknyp-0: BrownRice_NormalMap
coal-xuchxs-0: Coal_NormalMap
coal-xwagrq-0: Coal_NormalMap
coal-oiwren-0: Coal_NormalMap
coal-unopxo-0: Coal_NormalMap
coal-tprgzy-0: Coal_NormalMap
stain-miyeon-0: stain
stain-rukzoi-0: stain
stain-ahkjul-0: stain
stain-mfytbn-0: stain
stain-leshrc-0: stain
stain-rjooky-0: stain
stain-loruun-0: stain
stain-pjkxdl-0: stain
stain-qknfhb-0: stain
wax_remnant-bkufur-0: wax_renmant
wax_remnant-bqfzmw-0: wax_renmant
wax_remnant-ccpgac-0: wax_renmant
wax_remnant-ojlosh-0: wax_renmant
wax_remnant-soabis-0: wax_renmant
wax_remnant-rhdtbl-0: wax_renmant
wax_remnant-fvgder-0: wax_renmant
wax_remnant-xvaiap-0: wax_renmant
wax_remnant-xanpai-0: wax_renmant
debris-yubxhx-0: debris
debris-fnbqaz-0: debris
debris-psmecb-0: debris
debris-ozmmct-0: debris
debris-inwxjp-0: debris
debris-gkmgum-0: debris
debris-larkat-0: debris
debris-sjwmwi-0: debris
debris-fcszek-0: debris
adhesive_material-vtsuxx-0: adhesive_material
adhesive_material-hkltcp-0: adhesive_material
adhesive_material-ebvbik-0: adhesive_material
adhesive_material-ouzqke-0: adhesive_material
adhesive_material-giuazp-0: adhesive_material
adhesive_material-gqxfbc-0: adhesive_material
adhesive_material-irhlwn-0: adhesive_material
adhesive_material-mglikb-0: adhesive_material
adhesive_material-mygzce-0: adhesive_material
fecal_matter-rtchms-0: fecal_matter
fecal_matter-qdgsxc-0: fecal_matter
fecal_matter-ordbal-0: fecal_matter
fecal_matter-momwng-0: fecal_matter
fecal_matter-qbbfwh-0: fecal_matter
fecal_matter-nlaskp-0: fecal_matter
fecal_matter-kojzxl-0: fecal_matter
fecal_matter-ztctyz-0: fecal_matter
fecal_matter-kqeryi-0: fecal_matter
grease-jtmvjo-0: grease
grease-irjasz-0: grease
grease-hrslgc-0: grease
grease-rvvucw-0: grease
grease-tlwuae-0: grease
grease-eudyur-0: grease
grease-xthbse-0: grease
grease-qplnws-0: grease
grease-xsvjtp-0: grease
mud-fnngxv-0: mud
mud-mipvhl-0: mud
mud-dokrgg-0: mud
mud-qaeybn-0: mud
mud-kybwuy-0: mud
mud-yydteg-0: mud
mud-zepzag-0: mud
mud-nhcnir-0: mud
mud-epmhlu-0: mud
snow-keimen-0: snow
snow-tydlwm-0: snow
snow-soonua-0: snow
snow-rqggqk-0: snow
snow-pbgwow-0: snow
snow-imkrrk-0: snow
snow-fonzaa-0: snow
snow-lpukjc-0: snow
snow-eabkzy-0: snow
stucco-hnvamo-0: stucco
stucco-bvmdco-0: stucco
stucco-gpfnem-0: stucco
stucco-wddqxz-0: stucco
stucco-nndbto-0: stucco
stucco-fixeej-0: stucco
stucco-pbydli-0: stucco
stucco-jfewen-0: stucco
stucco-fppeio-0: stucco
wrinkle-weddqo-0: wrinkle
wrinkle-fzekwf-0: wrinkle
wrinkle-ixhcsr-0: wrinkle
wrinkle-mzftyu-0: wrinkle
wrinkle-wnmagk-0: wrinkle
wrinkle-grmkmb-0: wrinkle
wrinkle-fmjtho-0: wrinkle
wrinkle-grdupf-0: wrinkle
wrinkle-omuthb-0: wrinkle
incision-oxxilx-0: incision
incision-knisna-0: incision
incision-gsxuip-0: incision
incision-wiloyh-0: incision
incision-zmlyqt-0: incision
incision-ffmkol-0: incision
incision-wiloui-0: incision
incision-vejhdu-0: incision
incision-bcacie-0: incision
hay-vuealu-0: Map #4
spray_paint-igqvov-0: spray_paint
insectifuge-lfqkge-0-Tglass: spray_paint
insectifuge-jkfwip-0-Tglass: spray_paint
tarnish-lfgpet-0: tarnish
pellet_food-yobolt-0: pellet
jimmies-ravjew-0: jimmies_red
jimmies-msprgm-0: jimmies_green
jimmies-rrmwtp-0: jimmies_yellow
jimmies-yasliy-0: jimmies_purple
house_paint-bddoel-0: spray_paint
wood_chip-hhtouu-0: Material #50s,Material #54
wood_chip-zrerox-0: Material #50s,Material #54
wood_chip-dwnzxq-0: Material #50s,Material #54
wood_chip-zseasm-0: Material #50s,Material #54
wood_chip-knqyja-0: Material #50s,Material #54
wood_chip-xzizzj-0: Material #50s,Material #54
wood_chip-wrtgbv-0: Material #50s,Material #54
wood_chip-onpcoz-0: Material #50s,Material #54
wood_chip-lderti-0: Material #50s,Material #54
wood_chip-rlcnca-0: Material #50s,Material #54
pecan-vnvhzd-0: Material #31,Material #32,Material #33,Material #29,Material #34
cooked__brown_rice-cpezqh-0: BrownRice_NormalMap
cooked__jimmies-cpravj-0: jimmies_red
cooked__jimmies-cpmspr-0: jimmies_green
cooked__jimmies-cprrmw-0: jimmies_yellow
cooked__jimmies-cpyasl-0: jimmies_purple
cooked__pecan-cpvnvh-0: Material #31,Material #32,Material #33,Material #29,Material #34
cooked__tomato_rice-cpyokn-0: BrownRice_NormalMap
cooked__white_rice-cpnbie-0: BrownRice_NormalMap
